/tmp/tmp.MIU8JLA9xY ~/workspace/SolarCellResearch
Using TensorFlow backend.
Genetically searching for best layer structure...
  Training on:     datasets/N1dataset10k77.mat
  Evaluating with: datasets/N1dataset100k77.mat
Gen 0 Train time: 8.51204080581665 minutes:
 Average MSE:        1.6793181891236781
 Average Error:      4.008313537940137
 Structure           |Error               |MSE                 |weights&biases
 [10, 13, 14, 11, 8] |4.605895251565393   |0.9322419074781012  |639       
 [12, 6, 10, 2, 0]   |1.9754074541204356  |1.1714879382898986  |209       
 [11, 17, 8, 10, 5]  |4.223025111013784   |1.1168941157613106  |532       
 [18, 18, 15, 0, 0]  |3.2252090505945947  |0.5646765272302728  |697       
 [15, 6, 4, 20, 8]   |3.980501813140493   |1.3052673622162827  |446       
 [4, 0, 0, 0, 0]     |1.8523883614350238  |1.7753113440412966  |17        
 [17, 16, 19, 0, 0]  |3.5857278798422243  |0.6517863128944625  |682       
 [1, 18, 0, 0, 0]    |5.495674466557681   |4.753880929251875   |58        
 [17, 9, 5, 0, 0]    |1.3176549122683865  |0.6725717881604839  |269       
 [5, 1, 20, 7, 11]   |4.8310402229308345  |2.2368347567541647  |308       
 [18, 18, 0, 0, 0]   |1.7374492081077508  |0.6156467518570476  |415       
 [4, 3, 19, 11, 13]  |12.700381493138417  |3.7029582670982295  |493       
 [3, 13, 15, 0, 0]   |4.677171285423318   |2.282322354259126   |287       
 [12, 0, 0, 0, 0]    |0.8391585763021483  |0.7424085476384774  |49        
 [15, 10, 0, 0, 0]   |0.8375603363820298  |0.4880868222843987  |216       
 [20, 14, 14, 0, 0]  |2.5060946947740987  |0.5893268315096705  |579       
 [14, 0, 0, 0, 0]    |0.799545804894597   |0.6933561710911781  |57        
 [20, 20, 17, 2, 0]  |13.179904782841712  |1.4750520903816267  |876       
 [16, 14, 0, 0, 0]   |1.088420876337382   |0.512849888573127   |301       
 [4, 12, 16, 10, 0]  |9.767360956332274   |3.084983511181888   |461       
 [7, 17, 0, 0, 0]    |1.737703992899815   |1.1219460223836297  |175       
 [8, 5, 14, 0, 0]    |1.299165712879141   |0.8536127000600008  |168       
 [20, 2, 13, 1, 4]   |4.250056560112679   |2.7924861468561555  |168       
 [10, 17, 0, 0, 0]   |1.2788460921651326  |0.7106737472253932  |235       
 [1, 1, 20, 0, 0]    |8.416493552444066   |7.13629189361386    |66        
Gen 1 Train time: 8.359260217348735 minutes:
 Average MSE:        1.6797522907754001
 Average Error:      3.0045338978742677
 Structure           |Error               |MSE                 |weights&biases
 [14, 0, 0, 0, 0]    |0.9356911289679235  |0.8114197017026525  |57        
 [15, 10, 0, 0, 0]   |1.0116501499644568  |0.5895373569056718  |216       
 [12, 0, 0, 0, 0]    |0.7294194118563685  |0.6453216608497321  |49        
 [8, 6, 14, 7, 8]    |2.0297119745719487  |0.8376908995800492  |354       
 [12, 4, 1, 2, 20]   |2.936248477283513   |1.8816193047062058  |178       
 [11, 14, 16, 0, 0]  |2.1573711353418714  |0.6865270948164548  |458       
 [12, 9, 12, 0, 0]   |1.4852331713345968  |0.7265643515951342  |286       
 [16, 10, 3, 0, 0]   |1.1639274551865364  |0.6152663740846133  |255       
 [16, 14, 0, 0, 0]   |1.2029047297888893  |0.566793204768606   |301       
 [13, 3, 13, 0, 0]   |1.4061740861580783  |0.9737239857731268  |147       
 [8, 5, 15, 0, 0]    |1.3524320058386     |0.8731957316636103  |175       
 [12, 13, 3, 0, 0]   |1.4264832629571733  |0.7616349994961085  |251       
 [14, 5, 0, 0, 0]    |0.7840982555236232  |0.5765340137606378  |123       
 [15, 12, 13, 1, 0]  |7.9833033229826205  |2.7797257619509517  |422       
 [10, 9, 0, 0, 0]    |1.0690028862059096  |0.7551992418566806  |139       
 [16, 1, 7, 1, 2]    |8.345450986255718   |6.597670276739153   |94        
 [13, 12, 7, 6, 4]   |2.8252649405491606  |1.095380886640205   |379       
 [16, 10, 3, 2, 0]   |2.0005578214482775  |1.039173881097745   |262       
 [15, 5, 7, 0, 0]    |0.9512539443173434  |0.6141757074072128  |175       
 [8, 11, 7, 0, 0]    |1.2816387296051421  |0.7487422476003255  |215       
 [15, 9, 0, 0, 0]    |0.954865073285557   |0.5806046415618875  |199       
 [3, 11, 6, 18, 4]   |16.986170959533702  |7.406807724240264   |332       
 [11, 9, 0, 0, 0]    |0.9966867606097054  |0.6833017334478738  |151       
 [13, 16, 0, 0, 0]   |1.1136868797423685  |0.553040537505371   |280       
 [1, 17, 3, 5, 3]    |11.984119897547613  |8.594155949634724   |133       
Gen 2 Train time: 8.199052341779073 minutes:
 Average MSE:        0.9962515035887223
 Average Error:      1.7794553029559907
 Structure           |Error               |MSE                 |weights&biases
 [12, 0, 0, 0, 0]    |1.0527273776198054  |0.9313541272759103  |49        
 [14, 5, 0, 0, 0]    |0.8221568733772113  |0.6045178634309301  |123       
 [14, 0, 0, 0, 0]    |0.6717053052372555  |0.5824944808538282  |57        
 [19, 7, 2, 0, 0]    |1.4845853309032242  |0.8651395070839151  |216       
 [3, 5, 0, 0, 0]     |2.610043339152981   |2.391370963158633   |35        
 [14, 10, 8, 0, 0]   |1.3460691259944935  |0.6535662240981317  |289       
 [14, 11, 0, 0, 0]   |1.1668963744068497  |0.6749258491839119  |219       
 [11, 5, 8, 0, 0]    |0.9989463244432695  |0.6865650988775073  |150       
 [13, 9, 2, 0, 0]    |1.419313240634757   |0.8870739948003938  |188       
 [2, 7, 16, 0, 0]    |4.920627673835566   |3.2009130535772727  |172       
 [15, 8, 2, 0, 0]    |1.4237385874528155  |0.8765918572198416  |194       
 [13, 5, 6, 0, 0]    |1.139520774582737   |0.7792742827329058  |152       
 [14, 15, 7, 8, 0]   |2.4364921673443334  |0.7870679990645527  |452       
 [14, 6, 7, 1, 0]    |2.816175408402369   |1.7469645277339925  |191       
 [15, 8, 4, 0, 0]    |1.2807900716594927  |0.7501194120933146  |214       
 [13, 10, 0, 0, 0]   |0.9166976773141535  |0.5700805868178651  |190       
 [11, 6, 4, 0, 0]    |0.9822954480906191  |0.6956816294565492  |138       
 [16, 10, 4, 0, 0]   |1.515958683174591   |0.7776708105795148  |267       
 [15, 0, 0, 0, 0]    |0.735825448917228   |0.6317494835673428  |61        
 [15, 5, 14, 11, 8]  |5.1684703615134575  |1.5606100095066568  |479       
 [9, 14, 12, 5, 19]  |4.920109369167479   |1.2565008566332652  |546       
 [12, 7, 2, 0, 0]    |1.3296163532509706  |0.9230152193794154  |146       
 [15, 5, 0, 0, 0]    |1.0078915272289026  |0.7264108987531461  |131       
 [15, 7, 0, 0, 0]    |0.8438257098325762  |0.5586068791019791  |165       
 [14, 12, 2, 0, 0]   |1.4759040203626248  |0.7880219747372813  |251       
Gen 3 Train time: 8.379889786243439 minutes:
 Average MSE:        1.4176594098086595
 Average Error:      2.675355828152462
 Structure           |Error               |MSE                 |weights&biases
 [14, 0, 0, 0, 0]    |0.8252441555283151  |0.7156414609265769  |57        
 [15, 0, 0, 0, 0]    |0.7758674409457258  |0.6661278919551407  |61        
 [14, 5, 0, 0, 0]    |0.9722038822433188  |0.7148448583769718  |123       
 [3, 4, 1, 0, 0]     |2.0309074881992943  |1.874763900355792   |32        
 [14, 8, 7, 1, 0]    |2.428640937528256   |1.3496318019129778  |235       
 [11, 6, 6, 0, 0]    |0.9905042528569183  |0.6739892490198398  |154       
 [16, 8, 2, 0, 0]    |1.4138146980831088  |0.8468696526526405  |205       
 [13, 6, 2, 0, 0]    |1.067420138361617   |0.7521982582293327  |140       
 [1, 2, 13, 2, 1]    |9.581076077623774   |7.863956970356971   |79        
 [14, 3, 10, 0, 0]   |1.0854640685031978  |0.768747746271931   |138       
 [13, 6, 2, 16, 0]   |1.5117697099019216  |0.9123614486875293  |202       
 [14, 14, 13, 4, 0]  |3.318783626023672   |0.9320193880277596  |508       
 [15, 20, 18, 0, 0]  |3.833039482230927   |0.5704430650206073  |762       
 [15, 3, 0, 0, 0]    |0.7834359147612169  |0.614733760864301   |97        
 [6, 4, 2, 0, 0]     |3.190800943930211   |2.7532222826777684  |59        
 [12, 3, 4, 0, 0]    |1.1832662214996166  |0.930790176890546   |96        
 [2, 13, 7, 13, 5]   |9.964721110961431   |4.443982644604609   |323       
 [5, 15, 19, 7, 16]  |11.503744126975342  |2.0292627680412574  |694       
 [17, 3, 1, 19, 0]   |1.4819535135805426  |0.9761501707098059  |167       
 [13, 6, 15, 0, 0]   |1.4541655887718368  |0.7901221364374091  |244       
 [14, 11, 10, 0, 0]  |1.4961038673839298  |0.642662424882311   |338       
 [13, 3, 9, 0, 0]    |1.0230006794567292  |0.7447104090539807  |127       
 [12, 4, 1, 0, 0]    |1.8354110182006838  |1.4473994226254714  |95        
 [13, 15, 3, 0, 0]   |1.6884362732524805  |0.7955694101662468  |301       
 [14, 18, 0, 0, 0]   |1.444120487007483   |0.6312839464687021  |331       
Increasing Epochs
Gen 4 Train time: 9.558466160297394 minutes:
 Average MSE:        0.7985055677131525
 Average Error:      1.4084788483414927
 Structure           |Error               |MSE                 |weights&biases
 [15, 0, 0, 0, 0]    |0.5945085882394291  |0.510420635966422   |61        
 [15, 3, 0, 0, 0]    |0.7088031239598149  |0.5561721155418141  |97        
 [14, 0, 0, 0, 0]    |0.7066748391948919  |0.6128196254812909  |57        
 [8, 5, 2, 0, 0]     |1.1369694533671115  |0.9216095270487159  |84        
 [14, 7, 10, 0, 0]   |0.9885104757574817  |0.5452253743960258  |238       
 [15, 6, 5, 0, 0]    |1.042994049510347   |0.6617254552939332  |182       
 [14, 9, 4, 16, 0]   |2.115869016071435   |0.9650895446279767  |314       
 [15, 3, 5, 10, 0]   |1.1975827368752139  |0.7560143959307467  |184       
 [8, 4, 5, 0, 0]     |0.8782378334676005  |0.6995361257643242  |91        
 [13, 16, 5, 0, 0]   |1.5987296831999847  |0.6598183994985586  |354       
 [12, 6, 11, 0, 0]   |1.2135487573241992  |0.7305547692871628  |203       
 [14, 2, 5, 0, 0]    |1.0146959121820882  |0.8041969908631144  |93        
 [9, 6, 3, 0, 0]     |0.9854672405151537  |0.7448001181185921  |112       
 [8, 20, 8, 0, 0]    |2.451488788728631   |0.9457240152501104  |381       
 [15, 4, 1, 0, 0]    |1.9546717042353803  |1.4626096228560397  |116       
 [10, 9, 6, 0, 0]    |1.3058213925308688  |0.7999806511550591  |196       
 [14, 2, 2, 0, 0]    |1.0349113288419962  |0.8451980929529068  |81        
 [14, 2, 5, 6, 0]    |0.949035865850213   |0.6857043726641671  |130       
 [14, 4, 5, 0, 0]    |1.0568035434766114  |0.7578641183841256  |133       
 [13, 5, 8, 0, 0]    |1.2374605938402414  |0.8171450758978198  |166       
 [17, 6, 10, 16, 19] |5.427267897979005   |0.8364704020882353  |748       
 [18, 5, 6, 0, 0]    |0.9575442363196731  |0.5925124703543082  |192       
 [13, 5, 8, 6, 0]    |1.5027112765416017  |0.8713347864347794  |218       
 [12, 6, 10, 0, 0]   |0.9325996882802797  |0.572765309120513   |195       
 [14, 4, 4, 1, 0]    |2.2190631822480653  |1.6073471978520721  |129       
Gen 5 Train time: 9.423945383230846 minutes:
 Average MSE:        0.8979282849279593
 Average Error:      1.3072298058502139
 Structure           |Error               |MSE                 |weights&biases
 [15, 0, 0, 0, 0]    |0.790883935637204   |0.6790204370285583  |61        
 [14, 0, 0, 0, 0]    |0.6889837901588326  |0.5974781679348462  |57        
 [15, 3, 0, 0, 0]    |1.0156907706158333  |0.7969757264525403  |97        
 [9, 6, 3, 0, 0]     |1.117675190804316   |0.8447207374383279  |112       
 [8, 5, 4, 0, 0]     |1.1035306297034346  |0.8637384319577848  |98        
 [14, 3, 4, 6, 0]    |1.218305089881768   |0.8585250864833684  |140       
 [13, 8, 6, 0, 0]    |0.9488854414458435  |0.5585186864904634  |212       
 [13, 4, 7, 0, 0]    |0.9541321683654367  |0.675735821534768   |138       
 [15, 5, 3, 0, 0]    |1.0626309742246256  |0.735832979581494   |147       
 [13, 6, 9, 11, 0]   |1.7291578866041821  |0.8006226986711609  |308       
 [15, 0, 0, 0, 0]    |0.665488930535905   |0.5713614401411305  |61        
 [13, 3, 6, 0, 0]    |0.9343183292347659  |0.7061426025797137  |112       
 [11, 1, 7, 0, 0]    |1.3401375191783589  |1.1334569776725358  |67        
 [14, 3, 4, 0, 0]    |0.882084079998793   |0.673364898952067   |108       
 [10, 13, 9, 0, 0]   |1.5123778796558602  |0.6985022821603029  |309       
 [15, 2, 1, 0, 0]    |1.3750598731308148  |1.1201888355510383  |82        
 [14, 3, 5, 0, 0]    |0.86665037445941    |0.6533648070577371  |113       
 [10, 5, 8, 0, 0]    |0.8805298000375543  |0.6174041117400877  |142       
 [14, 5, 8, 5, 0]    |1.7941240648918293  |1.0455226633578318  |216       
 [15, 2, 0, 0, 0]    |0.902796114574734   |0.7391469427616479  |80        
 [11, 3, 5, 16, 0]   |1.3793517406533669  |0.8324464659593002  |202       
 [15, 18, 0, 0, 0]   |1.6690898499327067  |0.6923099478132618  |352       
 [14, 3, 6, 3, 9]    |1.501528532592415   |0.9622159348404044  |178       
 [14, 1, 3, 3, 0]    |4.295969258130257   |3.526046251820535   |79        
 [13, 8, 6, 7, 0]    |2.0513629218071077  |1.0655641872180774  |262       
Increasing Epochs
Gen 6 Train time: 10.809134312470754 minutes:
 Average MSE:        1.0906234645644057
 Average Error:      2.072671298723261
 Structure           |Error               |MSE                 |weights&biases
 [15, 0, 0, 0, 0]    |0.5642268505924691  |0.4844219807851703  |61        
 [14, 0, 0, 0, 0]    |0.5936105139969746  |0.5147716498352048  |57        
 [15, 0, 0, 0, 0]    |0.6582663323709247  |0.5651604142491136  |61        
 [14, 4, 3, 4, 0]    |0.997933909276577   |0.7067571059653608  |138       
 [15, 14, 17, 11, 5] |7.373056698645681   |1.0282233078884488  |788       
 [9, 5, 6, 0, 0]     |1.1022707212057758  |0.8165822343932166  |120       
 [15, 3, 3, 0, 0]    |0.724053592721732   |0.5513475721564447  |109       
 [12, 4, 6, 8, 0]    |1.1094425357919722  |0.7021260512868222  |183       
 [15, 4, 4, 0, 0]    |0.8617260067699204  |0.616425432643028   |134       
 [15, 11, 3, 0, 0]   |1.6341573940322527  |0.8509748674348113  |261       
 [14, 3, 5, 0, 0]    |1.0339926833801236  |0.7795236118107826  |113       
 [3, 4, 6, 0, 0]     |1.8525948364861076  |1.586590335694476   |62        
 [13, 2, 4, 0, 0]    |0.941944317130019   |0.7635252240467393  |84        
 [10, 3, 18, 16, 0]  |3.0103739309317894  |0.9627748458919063  |456       
 [14, 2, 3, 0, 0]    |0.8527937206723714  |0.6895351605438009  |85        
 [15, 11, 16, 19, 12]|10.020908190218318  |0.845500710168898   |989       
 [15, 4, 4, 3, 0]    |1.1852481562695758  |0.8186915918600242  |148       
 [2, 3, 3, 0, 0]     |3.718611445218052   |3.441303524635419   |31        
 [12, 4, 7, 0, 0]    |0.8143915140823124  |0.5869509324162752  |131       
 [14, 4, 16, 0, 0]   |0.8652658264273155  |0.5261239195606682  |199       
 [2, 3, 3, 8, 0]     |7.926016184863887   |6.68690099094316    |68        
 [13, 4, 7, 0, 0]    |0.8205432473696314  |0.5811254286877368  |138       
 [12, 8, 8, 0, 0]    |1.0367359761919201  |0.5966511309616183  |221       
 [13, 3, 15, 0, 0]   |0.9254346759358271  |0.6250074358747677  |157       
 [12, 3, 4, 0, 0]    |1.1931832074999944  |0.9385911543762502  |96        
Gen 7 Train time: 10.763909192879995 minutes:
 Average MSE:        0.8362861988414413
 Average Error:      1.3610024968482173
 Structure           |Error               |MSE                 |weights&biases
 [15, 0, 0, 0, 0]    |0.5802403711937627  |0.49817053132096484 |61        
 [14, 0, 0, 0, 0]    |0.6021853763429518  |0.5222076637414055  |57        
 [15, 0, 0, 0, 0]    |0.6383643288084266  |0.548073372082979   |61        
 [14, 3, 3, 2, 0]    |1.142221114982572   |0.8675993174997032  |110       
 [13, 3, 10, 0, 0]   |0.8805286635713976  |0.6330329542085736  |132       
 [13, 2, 2, 0, 0]    |0.9933831655576291  |0.8214872822634526  |76        
 [15, 8, 4, 2, 0]    |1.3759721189545295  |0.7899074256714782  |222       
 [14, 3, 11, 6, 0]   |1.576215397731094   |0.9324186739254016  |210       
 [13, 3, 4, 0, 0]    |0.9088658298013853  |0.7042951259461814  |102       
 [15, 1, 2, 0, 0]    |2.468520803680441   |2.082604151101417   |68        
 [15, 2, 2, 0, 0]    |0.9242177270487302  |0.7454198966112985  |86        
 [14, 8, 5, 4, 0]    |1.5395182182854734  |0.8533969537414926  |236       
 [13, 2, 4, 0, 0]    |0.86469992571424    |0.7009121372755541  |84        
 [14, 2, 8, 0, 0]    |0.9573929916306753  |0.7363561909248505  |105       
 [15, 2, 2, 18, 0]   |1.238203676982937   |0.8383343115302024  |156       
 [6, 2, 3, 12, 7]    |2.083479887709825   |1.3021796557400271  |188       
 [10, 16, 2, 16, 14] |4.970177467527066   |1.2852529499984826  |541       
 [15, 2, 8, 0, 0]    |0.7975191348303015  |0.605773302555592   |110       
 [14, 3, 20, 19, 0]  |3.185471241363687   |0.7360922963631185  |586       
 [14, 4, 9, 0, 0]    |1.0668090268121526  |0.72048691469408    |157       
 [14, 7, 4, 0, 0]    |0.9442304672350494  |0.59607725155485    |184       
 [9, 4, 11, 0, 0]    |1.313229395942503   |0.9394030030354383  |134       
 [14, 1, 2, 0, 0]    |1.2424723449285384  |1.0587650916931381  |64        
 [14, 2, 3, 0, 0]    |0.8318489501362636  |0.6726000502538454  |85        
 [12, 3, 3, 0, 0]    |0.8992947944338074  |0.7163084673025055  |91        
Result:  [15]
Fold 0
Fold 0 Train time: 17.557510908444723 minutes, MSE: 0.22662488986425378
Fold 1
Fold 1 Train time: 17.581562312444053 minutes, MSE: 0.08251053209201761
Fold 2
Fold 2 Train time: 17.56431237459183 minutes, MSE: 0.21020074738028133
Fold 3
Fold 3 Train time: 17.544194980462393 minutes, MSE: 0.19822312299174027
Fold 4
Fold 4 Train time: 17.488733359177907 minutes, MSE: 0.24520337186441157
Total Time: 161.74738715489704 minutes
CellsPerSensor: 1
 Resulting Network Architecture: [15]
 MSE after 5-Fold CV: 0.19255253283854093
 Weights and Biases: 61
 Objective Function Value: 0.22427411118091622
~/workspace/SolarCellResearch
