/tmp/tmp.VokWYoCL3S ~/workspace/SolarCellResearch
Using TensorFlow backend.
Genetically searching for best layer structure...
  Training on:     datasets/N1dataset10k61.mat
  Evaluating with: datasets/N1dataset100k61.mat
Gen 0 Train time: 8.440821997324626 minutes:
 Average MSE:        2.073122282797224
 Average Error:      4.732864127659732
 Structure           |Error               |MSE                 |weights&biases
 [1, 10, 18, 0, 0]   |14.092827563133595  |7.73430775211434    |240       
 [4, 4, 20, 11, 2]   |22.351356442223295  |8.430760741771234   |390       
 [14, 16, 15, 12, 3] |9.834740104422131   |1.427494808711518   |772       
 [14, 15, 5, 20, 0]  |3.314988576302012   |0.9786846307328432  |488       
 [10, 3, 12, 19, 20] |8.127532297519005   |1.1592315712653698  |779       
 [17, 20, 0, 0, 0]   |1.7496009410855187  |0.5941566512568168  |432       
 [17, 14, 0, 0, 0]   |1.6459151394268179  |0.7432643912401529  |318       
 [15, 2, 12, 14, 12] |3.476702610787492   |1.0264274921279473  |488       
 [11, 12, 10, 2, 0]  |2.516160377123645   |1.0971699367152912  |332       
 [20, 19, 15, 0, 0]  |4.593234672323854   |0.6617181940066391  |775       
 [9, 9, 13, 17, 10]  |9.590435318478272   |1.7696225598511635  |676       
 [15, 3, 0, 0, 0]    |0.8276572085571186  |0.6494326069769729  |97        
 [19, 0, 0, 0, 0]    |0.7711437331221708  |0.6361120839707946  |77        
 [11, 12, 6, 0, 0]   |1.3593168272525653  |0.7060863364573547  |262       
 [9, 7, 12, 0, 0]    |1.6247658701194847  |0.9707985735118101  |206       
 [3, 18, 1, 17, 2]   |12.992384532147904  |8.430561529009136   |173       
 [9, 3, 2, 0, 0]     |1.1087326926216865  |0.9353987637750898  |68        
 [12, 13, 13, 0, 0]  |1.7191344701916382  |0.6308551173332096  |401       
 [2, 14, 0, 0, 0]    |4.291595748326813   |3.666210741176328   |63        
 [8, 17, 13, 0, 0]   |1.9347009092407643  |0.6686147432358726  |425       
 [2, 0, 0, 0, 0]     |4.198639969685392   |4.1052254248892845  |9         
 [3, 17, 0, 0, 0]    |2.3189636210853966  |1.828727501886163   |95        
 [17, 1, 0, 0, 0]    |1.3536838067194195  |1.1335220251792004  |71        
 [12, 14, 0, 0, 0]   |1.3929440281012848  |0.7779597535157181  |233       
 [6, 0, 0, 0, 0]     |1.134445731496022   |1.065713139220352   |25        
Gen 1 Train time: 8.017572061220806 minutes:
 Average MSE:        1.032173784130631
 Average Error:      1.744759777964274
 Structure           |Error               |MSE                 |weights&biases
 [19, 0, 0, 0, 0]    |0.8267819563577004  |0.6820077381927266  |77        
 [15, 3, 0, 0, 0]    |0.9375080391597733  |0.7356285713922874  |97        
 [9, 3, 2, 0, 0]     |1.3212480075794935  |1.1146904579928907  |68        
 [12, 3, 1, 0, 0]    |1.5408712963728552  |1.2584087591711384  |81        
 [11, 9, 1, 0, 0]    |2.3082688802527938  |1.5745945980843017  |153       
 [13, 0, 0, 0, 0]    |0.7640579717986505  |0.6692406193256726  |53        
 [19, 8, 8, 13, 0]   |2.40137455544237    |0.8403316067043043  |420       
 [19, 5, 0, 0, 0]    |0.8294673652528466  |0.5518541366636699  |163       
 [18, 5, 6, 0, 0]    |1.2959174095889496  |0.8018921702060782  |192       
 [17, 2, 0, 0, 0]    |0.8467835928213604  |0.6761704326471927  |90        
 [10, 3, 10, 14, 14] |4.963230311215678   |1.4874404160129786  |482       
 [13, 11, 0, 0, 0]   |1.0343193845494654  |0.6195533962922547  |205       
 [17, 2, 20, 0, 0]   |1.397290873878256   |0.9180855250383096  |168       
 [14, 11, 1, 0, 0]   |1.787688751436604   |1.0288313899068933  |221       
 [12, 5, 6, 0, 0]    |1.4536348805581165  |1.0141666429164888  |144       
 [13, 16, 3, 0, 0]   |1.827558129046726   |0.8252909568077426  |318       
 [3, 10, 0, 0, 0]    |2.6870454610249426  |2.312761461320915   |60        
 [9, 6, 3, 0, 0]     |1.3279122215934842  |1.003614467160708   |112       
 [9, 7, 0, 0, 0]     |1.1310105457986601  |0.869890029152636   |105       
 [10, 10, 11, 1, 0]  |6.624839661788611   |3.331178580941642   |275       
 [18, 7, 0, 0, 0]    |1.2678143382043452  |0.7786406970262607  |195       
 [17, 11, 0, 0, 0]   |1.267180388054227   |0.6598744201007823  |261       
 [13, 4, 6, 0, 0]    |1.0827239861277178  |0.7783959703832359  |132       
 [18, 6, 0, 0, 0]    |1.0883486654184427  |0.7026907120671804  |175       
 [19, 17, 0, 0, 0]   |1.606117775784784   |0.5691108477574822  |415       
Gen 2 Train time: 8.215543123086293 minutes:
 Average MSE:        1.2304138400243887
 Average Error:      3.212597781890435
 Structure           |Error               |MSE                 |weights&biases
 [13, 0, 0, 0, 0]    |0.7685641494399145  |0.6731875935432594  |53        
 [19, 0, 0, 0, 0]    |0.7959223533408838  |0.6565518270021359  |77        
 [19, 5, 0, 0, 0]    |1.010879993295097   |0.6725500355283902  |163       
 [4, 5, 0, 0, 0]     |2.682517332496261   |2.409105837382245   |43        
 [6, 8, 3, 0, 0]     |1.5562685616998446  |1.1969671808413058  |105       
 [15, 1, 10, 6, 13]  |3.1375735173875547  |1.6710459304169831  |252       
 [18, 14, 0, 0, 0]   |1.4450004986875042  |0.62538342751683    |335       
 [19, 3, 16, 2, 0]   |1.9393992832211269  |1.124544738990958   |218       
 [11, 2, 1, 0, 0]    |1.5913418258070042  |1.3628492921856032  |62        
 [16, 0, 0, 0, 0]    |0.8827609072687929  |0.7503609750004445  |65        
 [16, 3, 0, 0, 0]    |0.9538163867947835  |0.7372825418690822  |103       
 [13, 9, 20, 19, 20] |16.7450960783418    |0.8655461742101741  |1185      
 [12, 5, 3, 0, 0]    |1.0218520281840202  |0.7513502894926825  |123       
 [13, 5, 6, 0, 0]    |1.1378132582946852  |0.7781065782379057  |152       
 [17, 10, 0, 0, 0]   |1.230061876436615   |0.6717053339064896  |242       
 [15, 6, 6, 20, 8]   |4.147931617995457   |1.188402305603748   |500       
 [18, 1, 0, 0, 0]    |1.5930499236486657  |1.3206847734198075  |75        
 [11, 5, 2, 0, 0]    |1.2555433588571512  |0.9584560544023664  |108       
 [17, 5, 0, 0, 0]    |0.8910872073277558  |0.6170452120628012  |147       
 [18, 4, 14, 0, 0]   |1.317548392381894   |0.7697209220090793  |215       
 [7, 16, 18, 19, 12] |21.105280262227804  |1.4579382185343357  |1069      
 [17, 2, 0, 0, 0]    |1.1453531589065258  |0.9145830735941468  |90        
 [11, 9, 2, 0, 0]    |1.8888461857219918  |1.2535332436234325  |164       
 [7, 10, 1, 0, 0]    |2.805933197347969   |2.110101761073634   |114       
 [3, 6, 7, 3, 5]     |7.26550319214976    |5.223342680161883   |132       
Increasing Epochs
Gen 3 Train time: 9.196911267439525 minutes:
 Average MSE:        1.2105592200653716
 Average Error:      1.9360720186115037
 Structure           |Error               |MSE                 |weights&biases
 [13, 0, 0, 0, 0]    |0.7511103951499717  |0.6578997989495299  |53        
 [19, 0, 0, 0, 0]    |0.6443482735455366  |0.5315192297920144  |77        
 [16, 0, 0, 0, 0]    |0.7727630040486448  |0.6568609873722626  |65        
 [1, 7, 4, 13, 8]    |11.084135010711478  |6.159618277034502   |235       
 [12, 3, 0, 0, 0]    |0.8041164060439171  |0.6600027768337869  |79        
 [16, 7, 0, 0, 0]    |0.8421925300829585  |0.5437603660166402  |175       
 [18, 10, 0, 0, 0]   |1.2133042733032393  |0.6413675676866066  |255       
 [15, 2, 0, 0, 0]    |1.1310017658652134  |0.9259859274993534  |80        
 [13, 3, 3, 8, 18]   |2.4613353046652002  |1.145342832765717   |306       
 [17, 7, 2, 0, 0]    |1.4386166071041824  |0.881334504624054   |196       
 [14, 1, 1, 0, 0]    |2.1055532726515818  |1.807741488934009   |61        
 [4, 18, 4, 13, 4]   |8.631539364348725   |4.036681174120352   |304       
 [15, 8, 3, 0, 0]    |1.1562474931794102  |0.6943215076670014  |204       
 [15, 8, 1, 0, 0]    |1.53259225120788    |0.9675004234181769  |184       
 [17, 5, 9, 0, 0]    |1.414677951688298   |0.8473867382946054  |205       
 [19, 2, 7, 0, 0]    |0.8947267416187105  |0.6529616215443399  |126       
 [16, 11, 0, 0, 0]   |1.0122828982315366  |0.5459150374056589  |247       
 [14, 4, 1, 0, 0]    |2.205787175623698   |1.6796483246528684  |109       
 [15, 10, 2, 0, 0]   |1.7423678944134655  |0.9804388974393806  |230       
 [17, 3, 0, 0, 0]    |0.7477810083182868  |0.5694153686762186  |109       
 [15, 2, 2, 0, 0]    |1.1163881017130568  |0.900413267352481   |86        
 [6, 2, 10, 0, 0]    |1.4540417836229622  |1.2114852857448124  |73        
 [13, 3, 3, 0, 0]    |0.951103527288448   |0.7462964580574953  |97        
 [15, 1, 0, 0, 0]    |1.2353635267752474  |1.0553424173016919  |63        
 [12, 5, 4, 0, 0]    |1.0584239040859478  |0.7647402224507303  |130       
Gen 4 Train time: 9.453365989526112 minutes:
 Average MSE:        1.0097005228297544
 Average Error:      2.988457157084513
 Structure           |Error               |MSE                 |weights&biases
 [19, 0, 0, 0, 0]    |0.6733481235928085  |0.5554410413247655  |77        
 [17, 3, 0, 0, 0]    |0.8009570362456799  |0.6099075010120071  |109       
 [13, 0, 0, 0, 0]    |0.6636966281759524  |0.5813338239757104  |53        
 [18, 4, 8, 0, 0]    |1.1625770073076875  |0.7431473763269105  |179       
 [16, 19, 14, 6, 2]  |20.849997971196334  |3.134136980751058   |758       
 [18, 2, 2, 0, 0]    |1.1580684806553176  |0.8996526940904677  |101       
 [16, 2, 2, 0, 0]    |1.1826942836766212  |0.942042514725344   |91        
 [16, 7, 10, 0, 0]   |1.1802937555397228  |0.6192559222140084  |258       
 [16, 2, 11, 0, 0]   |1.3824590432492703  |1.0063841210206017  |127       
 [18, 9, 18, 14, 20] |14.026093142336975  |1.174590282195878   |992       
 [13, 2, 0, 0, 0]    |0.9817901725599625  |0.8241706532776721  |70        
 [5, 13, 10, 7, 3]   |4.496976429573934   |1.9317093150237412  |338       
 [4, 17, 8, 17, 14]  |11.361402088526152  |2.1765081552574292  |661       
 [17, 5, 0, 0, 0]    |0.8284323778837205  |0.5736590404253563  |147       
 [17, 9, 0, 0, 0]    |0.9425863150973722  |0.5397615652063497  |223       
 [15, 2, 9, 0, 0]    |1.088749995004531   |0.818755515633564   |114       
 [16, 2, 16, 0, 0]   |1.2589109722707126  |0.8717496800144815  |147       
 [17, 1, 0, 0, 0]    |1.430506846838645   |1.1978506428254458  |71        
 [18, 2, 0, 0, 0]    |0.7352928727223831  |0.5798496733894157  |95        
 [17, 4, 1, 0, 0]    |1.9792681536838128  |1.4300753812291955  |130       
 [16, 7, 2, 2, 18]   |2.4172358098414772  |1.2556139548233305  |262       
 [13, 4, 4, 0, 0]    |1.0291324193265707  |0.7624000477313817  |120       
 [15, 8, 3, 0, 0]    |1.2947276533269811  |0.7774782315888323  |204       
 [19, 5, 8, 0, 0]    |1.0866879869312012  |0.6364397819148715  |214       
 [15, 0, 0, 0, 0]    |0.6995433615489909  |0.60059917476604    |61        
Increasing Epochs
Gen 5 Train time: 10.395219806830088 minutes:
 Average MSE:        0.956805227735724
 Average Error:      1.8887913534474017
 Structure           |Error               |MSE                 |weights&biases
 [13, 0, 0, 0, 0]    |0.8140205247437257  |0.7130029660457005  |53        
 [19, 0, 0, 0, 0]    |0.5760550957910731  |0.47518457549028864 |77        
 [15, 0, 0, 0, 0]    |0.6527014282410699  |0.5603826163144121  |61        
 [16, 2, 2, 0, 0]    |1.2333044677633276  |0.9823546611065211  |91        
 [15, 19, 14, 17, 12]|13.099023434199585  |0.8106147897010139  |1113      
 [17, 1, 5, 0, 0]    |1.3225234867362907  |1.0693400087780454  |85        
 [17, 1, 5, 5, 0]    |1.5803536924517527  |1.1854810931396018  |115       
 [17, 15, 8, 16, 9]  |4.665977144994005   |0.7048976072834097  |756       
 [17, 1, 1, 0, 0]    |2.4289332656591887  |2.023749898073928   |73        
 [17, 5, 1, 0, 0]    |1.6467394239068789  |1.134619356672704   |149       
 [16, 5, 6, 0, 0]    |0.954857927300447   |0.6149632821414464  |176       
 [19, 1, 0, 0, 0]    |1.566574393362691   |1.2858131508880222  |79        
 [16, 4, 12, 1, 9]   |3.2078772153331094  |1.8647172159255256  |217       
 [16, 3, 2, 0, 0]    |1.0647303872950438  |0.8087395209398395  |110       
 [5, 1, 6, 0, 0]     |2.3680947704561937  |2.1427407577640403  |40        
 [7, 6, 9, 0, 0]     |1.0094305785698177  |0.7077859144558204  |142       
 [16, 5, 0, 0, 0]    |0.8973657584298873  |0.633945847274224   |139       
 [18, 4, 0, 0, 0]    |0.93650780557997    |0.6682469939996409  |135       
 [13, 1, 0, 0, 0]    |1.3311656331363686  |1.16015657481406    |55        
 [17, 1, 0, 0, 0]    |1.3027604018649332  |1.0908807520006687  |71        
 [19, 2, 4, 0, 0]    |0.8337988117162739  |0.6270285916452011  |114       
 [19, 8, 0, 0, 0]    |0.7793253262544774  |0.44293745680186286 |226       
 [16, 2, 7, 0, 0]    |0.9846308432661147  |0.7460307300971563  |111       
 [15, 5, 0, 0, 0]    |1.1542571476165815  |0.8319000104085404  |131       
 [15, 3, 0, 0, 0]    |0.8087748715162335  |0.6346163216314276  |97        
Gen 6 Train time: 10.204472243785858 minutes:
 Average MSE:        0.9239320985584896
 Average Error:      1.329557718165826
 Structure           |Error               |MSE                 |weights&biases
 [19, 0, 0, 0, 0]    |0.7629820076115137  |0.6293795229703161  |77        
 [15, 0, 0, 0, 0]    |0.7677714069197308  |0.6591769699363491  |61        
 [19, 8, 0, 0, 0]    |1.3218675708970125  |0.7512968465890595  |226       
 [18, 1, 1, 0, 0]    |1.9086141486097232  |1.5744049668311686  |77        
 [14, 2, 0, 0, 0]    |1.0175193247812535  |0.8435531485549189  |75        
 [19, 1, 0, 0, 0]    |1.445535104983798   |1.1864665067509146  |79        
 [18, 14, 7, 13, 5]  |5.064699213449709   |1.1160489786062864  |605       
 [10, 1, 3, 0, 0]    |1.200495081066377   |1.0567879156041011  |51        
 [13, 0, 0, 0, 0]    |0.7477434203503596  |0.6549506558434879  |53        
 [4, 0, 0, 0, 0]     |1.9459784540234042  |1.865007196445223   |17        
 [7, 0, 0, 0, 0]     |0.8880499054211471  |0.8259447983571089  |29        
 [18, 1, 3, 3, 0]    |1.7924637442093416  |1.4135313358797865  |95        
 [18, 2, 3, 0, 0]    |1.0261303560687673  |0.7892239101313977  |105       
 [16, 5, 0, 0, 0]    |0.9382832598420389  |0.6628520985518042  |139       
 [18, 2, 6, 1, 17]   |1.6468344785307796  |1.0793456170701539  |169       
 [11, 2, 5, 0, 0]    |0.9262281491992271  |0.7621326224282049  |78        
 [16, 5, 3, 0, 0]    |0.8632101867145271  |0.5859053249349538  |155       
 [17, 2, 0, 0, 0]    |0.9840094884747942  |0.7857475359602414  |90        
 [14, 2, 10, 0, 0]   |1.161500192421793   |0.8756510947018947  |113       
 [16, 2, 0, 0, 0]    |1.0531292085098405  |0.8515184859600774  |85        
 [16, 4, 7, 0, 0]    |0.9563258029255431  |0.6426489720667685  |159       
 [17, 7, 0, 0, 0]    |1.0968028107473413  |0.6906648545071553  |185       
 [18, 2, 5, 3, 0]    |0.9619468056855623  |0.696772635844938   |129       
 [16, 1, 10, 0, 0]   |1.1792847628206742  |0.9276582505660047  |96        
 [19, 1, 14, 0, 0]   |1.5815380698813886  |1.1716322188699286  |120       
Result:  [13]
Fold 0
Fold 0 Train time: 17.503047895431518 minutes, MSE: 0.2638968674838493
Fold 1
Fold 1 Train time: 17.486267324288686 minutes, MSE: 0.8498343965659073
Fold 2
Fold 2 Train time: 17.483611834049224 minutes, MSE: 0.47623016932971085
Fold 3
Fold 3 Train time: 17.378554685910544 minutes, MSE: 0.41974691083735916
Fold 4
Fold 4 Train time: 17.407676724592843 minutes, MSE: 0.2754106762809869
Total Time: 151.18813459475834 minutes
CellsPerSensor: 1
 Resulting Network Architecture: [13]
 MSE after 5-Fold CV: 0.4570238040995626
 Weights and Biases: 53
 Objective Function Value: 0.521774486993725
~/workspace/SolarCellResearch
