/tmp/tmp.rtYpj8CqCy ~/workspace/SolarCellResearch
Using TensorFlow backend.
Genetically searching for best layer structure...
  Training on:     datasets/N4dataset10k5.mat
  Evaluating with: datasets/N4dataset100k5.mat
Gen 0 Train time: 8.427878816922506 minutes:
 Average MSE:        0.8888156630877826
 Average Error:      1.7437640725940151
 Structure           |Error               |MSE                 |weights&biases
 [7, 14, 16, 14, 0]  |1.8095002651239003  |0.37834481527128505 |626       
 [6, 1, 7, 6, 14]    |0.8247979515831851  |0.5002652457033779  |200       
 [13, 7, 0, 0, 0]    |0.4083292146081815  |0.2841703117232837  |145       
 [12, 8, 16, 0, 0]   |1.9413315713442052  |0.9147304151291891  |301       
 [13, 0, 0, 0, 0]    |0.44434316515389444 |0.38920148210833333 |53        
 [14, 16, 16, 18, 0] |2.3067430976887904  |0.2562342062049092  |879       
 [1, 3, 9, 0, 0]     |2.790299918983745   |2.4318422261886203  |55        
 [7, 0, 0, 0, 0]     |1.4751558964092077  |1.371991970234142   |29        
 [4, 1, 10, 0, 0]    |3.306068082662407   |2.932219347691597   |48        
 [4, 5, 2, 19, 0]    |1.531095216750875   |1.1173762546313584  |126       
 [17, 18, 13, 11, 15]|3.2489316853436008  |0.2860256548541601  |972       
 [7, 8, 4, 17, 10]   |1.0073089534545878  |0.3733579651321698  |397       
 [4, 17, 18, 7, 0]   |3.2959058771355294  |0.8087067234186451  |562       
 [20, 0, 0, 0, 0]    |0.3907334631812168  |0.31910673767884645 |81        
 [12, 4, 16, 6, 0]   |0.568781289128446   |0.284574756231135   |277       
 [20, 9, 9, 0, 0]    |0.5856728586545539  |0.24475589624504676 |349       
 [13, 12, 7, 8, 4]   |0.76164401871056    |0.27809958792387707 |403       
 [10, 12, 0, 0, 0]   |0.7443375940858444  |0.48058047078640787 |175       
 [19, 16, 3, 14, 0]  |1.0630237665524584  |0.3053237643624259  |499       
 [13, 0, 0, 0, 0]    |0.6065410581026536  |0.5312710924479953  |53        
 [19, 4, 13, 11, 0]  |0.6067815229492819  |0.24181399067354895 |368       
 [2, 11, 7, 15, 14]  |8.029180510532132   |2.406281161654163   |482       
 [9, 9, 14, 0, 0]    |0.5804574678711778  |0.29406961656904196 |272       
 [4, 15, 0, 0, 0]    |1.582537078568356   |1.2232720846931564  |103       
 [3, 0, 0, 0, 0]     |3.6846002902715904  |3.5667757996378464  |13        
Gen 1 Train time: 8.65913139184316 minutes:
 Average MSE:        0.6404011562512122
 Average Error:      2.4087471353924577
 Structure           |Error               |MSE                 |weights&biases
 [20, 0, 0, 0, 0]    |0.36230587727590136 |0.2958903125370787  |81        
 [13, 7, 0, 0, 0]    |0.39984918315484347 |0.2782687668538316  |145       
 [13, 0, 0, 0, 0]    |0.33554766405156833 |0.29390718347525124 |53        
 [13, 3, 8, 3, 0]    |0.4169076099634383  |0.290866569630346   |144       
 [13, 2, 8, 3, 0]    |0.4791646990325334  |0.3532034998402097  |122       
 [10, 12, 0, 0, 0]   |0.5043077164299837  |0.3256055339792342  |175       
 [14, 0, 0, 0, 0]    |0.435123942747498   |0.37733406772520595 |57        
 [12, 14, 0, 0, 0]   |0.5038892364514765  |0.28142232442990184 |233       
 [9, 3, 12, 6, 7]    |1.7316493109293851  |0.9503492914722493  |240       
 [13, 4, 8, 16, 0]   |0.6816521083291552  |0.32522570642809157 |296       
 [20, 15, 0, 0, 0]   |0.5957296128509264  |0.22414359473885623 |391       
 [10, 4, 14, 0, 0]   |0.4277123392805643  |0.2874218120415267  |159       
 [14, 9, 7, 9, 5]    |1.631604298813107   |0.638945423925266   |375       
 [12, 6, 19, 8, 0]   |0.8009938778699702  |0.2831150363534603  |416       
 [19, 2, 6, 2, 3]    |1.4205772196841515  |0.9960710204695971  |142       
 [13, 4, 15, 10, 0]  |0.6468381682370457  |0.27577798417362037 |341       
 [18, 10, 17, 4, 7]  |1.009126310163192   |0.25771135924683053 |546       
 [11, 7, 15, 3, 0]   |0.670073611155717   |0.32534546068522874 |289       
 [10, 1, 4, 3, 7]    |1.2632234010780474  |0.9837993739537068  |100       
 [1, 11, 17, 20, 16] |31.804136963209007  |3.018006078746322   |942       
 [20, 12, 7, 6, 0]   |0.8233384441526462  |0.2620059853657232  |458       
 [10, 7, 4, 15, 8]   |0.8910070377325803  |0.3704995855564264  |351       
 [17, 4, 0, 0, 0]    |0.4033076472151985  |0.29286145966977223 |128       
 [15, 17, 1, 20, 14] |2.4846381539054674  |0.44938604907285534 |684       
 [3, 12, 20, 3, 2]   |9.495973951098033   |3.572865425909712   |391       
Gen 2 Train time: 8.425045724709829 minutes:
 Average MSE:        0.485176372567232
 Average Error:      0.8001774908938444
 Structure           |Error               |MSE                 |weights&biases
 [13, 0, 0, 0, 0]    |0.38813727207112697 |0.33997057544307774 |53        
 [20, 0, 0, 0, 0]    |0.3408022611919671  |0.2783285999543503  |81        
 [13, 7, 0, 0, 0]    |0.33996378055960924 |0.2365924602993481  |145       
 [13, 2, 8, 3, 0]    |0.3795773518383389  |0.2797953384297145  |122       
 [13, 3, 18, 4, 0]   |0.5625706118523727  |0.31341138554621806 |234       
 [2, 4, 8, 5, 0]     |1.8109944345973406  |1.3790241423300489  |109       
 [13, 3, 8, 3, 0]    |0.43689915013362984 |0.3048141939287867  |144       
 [13, 6, 8, 5, 0]    |0.5325761464982601  |0.29968319064501747 |230       
 [14, 0, 0, 0, 0]    |0.36518418311501133 |0.3166831786217217  |57        
 [15, 3, 8, 5, 0]    |0.4501765838799905  |0.2899301159375037  |176       
 [13, 9, 4, 2, 0]    |0.4589577512809049  |0.2661228809803655  |218       
 [13, 1, 4, 2, 0]    |0.42649512154309643 |0.3544619225565005  |74        
 [12, 5, 6, 4, 6]    |0.5448645868325646  |0.32882881600620356 |202       
 [12, 7, 0, 0, 0]    |0.4403342468442819  |0.3142013713666379  |135       
 [12, 2, 7, 8, 0]    |0.40600002633144694 |0.274885108874142   |156       
 [12, 14, 7, 1, 0]   |3.6918493282748033  |1.6058087206625515  |333       
 [13, 6, 8, 5, 7]    |1.1723862800175198  |0.5909884690444072  |274       
 [12, 1, 2, 2, 4]    |1.223961181019659   |1.012165878236312   |76        
 [11, 9, 9, 0, 0]    |0.5206731664818848  |0.2850380058659966  |241       
 [12, 8, 4, 2, 0]    |1.4883509591294397  |0.9279000731680668  |189       
 [16, 11, 8, 2, 0]   |2.2541156330180447  |0.9349686455301957  |352       
 [13, 3, 7, 3, 0]    |0.4137230195743565  |0.2937404972292068  |137       
 [13, 3, 6, 3, 0]    |0.3802879399162763  |0.2747684388497025  |130       
 [15, 2, 6, 0, 0]    |0.3568422860309508  |0.27652297461553077 |102       
 [10, 10, 2, 8, 4]   |0.6187139703132328  |0.3507743300591941  |227       
Increasing Epochs
Gen 3 Train time: 9.942519183953603 minutes:
 Average MSE:        0.6147590508896801
 Average Error:      1.1329504320556678
 Structure           |Error               |MSE                 |weights&biases
 [13, 7, 0, 0, 0]    |0.4312059694116033  |0.3000910303765976  |145       
 [20, 0, 0, 0, 0]    |0.31335450494728057 |0.2559123884516669  |81        
 [15, 2, 6, 0, 0]    |0.41078396293988    |0.3183232699799463  |102       
 [14, 3, 4, 12, 4]   |2.764464305413997   |1.5949571568122294  |220       
 [11, 2, 14, 2, 0]   |1.0860939381751122  |0.7808187088906353  |132       
 [13, 1, 2, 1, 0]    |0.42035128080271145 |0.35999521675411844 |62        
 [13, 4, 2, 1, 0]    |0.3988120839984042  |0.30292654141044234 |110       
 [13, 1, 4, 4, 0]    |0.3479397203236252  |0.280627803124713   |86        
 [11, 6, 5, 8, 2]    |3.8284460597899144  |2.2704067315744445  |209       
 [6, 1, 19, 15, 17]  |2.7675401008904594  |0.5408890390612652  |653       
 [14, 1, 3, 0, 0]    |0.332075361580198   |0.2808615760022697  |67        
 [13, 5, 4, 4, 0]    |0.35339504200347643 |0.23807518576725722 |158       
 [13, 6, 5, 3, 0]    |0.5493072823008541  |0.3502537870858732  |180       
 [14, 20, 13, 5, 0]  |1.8225802309632901  |0.3239238590978001  |691       
 [12, 6, 9, 2, 3]    |3.505555631625514   |2.0737302389743713  |210       
 [13, 1, 1, 1, 2]    |2.7168852110809887  |2.3151768579568186  |64        
 [13, 5, 4, 2, 0]    |0.5175086376397986  |0.35925276304997367 |146       
 [14, 3, 8, 4, 0]    |0.4992905102488326  |0.3346844378151553  |160       
 [13, 6, 5, 14, 0]   |0.5413807042033432  |0.2847531703280277  |257       
 [13, 6, 5, 3, 14]   |0.5999778521904882  |0.32356264458615863 |247       
 [18, 1, 3, 0, 0]    |0.4025254207605152  |0.3270974870602824  |83        
 [14, 3, 4, 3, 0]    |0.37047465515898187 |0.27308552793736335 |122       
 [20, 8, 0, 0, 0]    |0.612426050025693   |0.33863681824333824 |237       
 [18, 9, 10, 18, 16] |2.3017893939037855  |0.2790642652748211  |844       
 [13, 5, 8, 4, 0]    |0.4295968910129428  |0.26186976662643324 |198       
Gen 4 Train time: 9.84501447280248 minutes:
 Average MSE:        0.5472883240958619
 Average Error:      0.9054552835698131
 Structure           |Error               |MSE                 |weights&biases
 [20, 0, 0, 0, 0]    |0.40977100029852587 |0.3346544369045125  |81        
 [14, 1, 3, 0, 0]    |0.30795631508202737 |0.26046225044281457 |67        
 [13, 1, 4, 4, 0]    |0.4882488486477107  |0.3937929295532463  |86        
 [13, 3, 5, 3, 0]    |0.4387710083672182  |0.32262080522908826 |123       
 [3, 15, 19, 3, 18]  |2.0815633305247667  |0.561647535210489   |524       
 [11, 4, 5, 4, 0]    |0.47186445652133197 |0.33669981474460703 |135       
 [12, 2, 9, 3, 0]    |0.413559805191222   |0.3040834394635115  |123       
 [14, 4, 2, 0, 0]    |0.6961488354848073  |0.5222066974121904  |115       
 [15, 3, 7, 2, 0]    |0.4383609344072632  |0.3089077294747645  |140       
 [14, 4, 4, 2, 0]    |0.3582745449561761  |0.25564750904055306 |135       
 [14, 1, 3, 1, 0]    |1.3059473330102604  |1.0990308028464137  |69        
 [5, 18, 14, 4, 12]  |4.108260650088221   |1.114047455112507   |522       
 [17, 2, 2, 2, 18]   |0.578952721791186   |0.3766140109399845  |172       
 [16, 2, 3, 2, 0]    |1.1994852686090263  |0.9295009237064132  |102       
 [16, 7, 7, 11, 8]   |0.7449809357929144  |0.26331699972603895 |416       
 [18, 6, 5, 1, 0]    |0.40633880460310656 |0.2397717204009422  |211       
 [13, 5, 3, 3, 0]    |0.5398726963926788  |0.377599218396456   |143       
 [20, 15, 0, 0, 0]   |0.5186992460215955  |0.19516087681998126 |391       
 [17, 3, 10, 1, 0]   |0.41169021260984195 |0.277347478589373   |158       
 [17, 1, 1, 1, 1]    |3.5583632420594515  |2.935273620479395   |77        
 [13, 3, 2, 1, 0]    |1.3705913109501229  |1.083549537191601   |94        
 [16, 3, 3, 1, 0]    |0.45285330064022944 |0.33800755029667184 |117       
 [13, 4, 6, 2, 0]    |0.37378592810551853 |0.2620887662326583  |142       
 [15, 2, 5, 0, 0]    |0.35256364197364976 |0.27595316259185687 |98        
 [20, 4, 20, 0, 0]   |0.6094777171164737  |0.3142228315904786  |265       
Gen 5 Train time: 10.036740700403849 minutes:
 Average MSE:        0.5776676502508963
 Average Error:      0.9751962071729054
 Structure           |Error               |MSE                 |weights&biases
 [14, 1, 3, 0, 0]    |0.37509429093026014 |0.317245980547353   |67        
 [15, 2, 5, 0, 0]    |0.3038802930930129  |0.23784848448617021 |98        
 [14, 4, 4, 2, 0]    |0.3432629317221941  |0.24493594277391492 |135       
 [15, 3, 5, 1, 0]    |0.4060100166424289  |0.3000286082162445  |121       
 [12, 4, 6, 3, 0]    |0.47902322737755726 |0.3350397185486677  |143       
 [2, 19, 3, 2, 12]   |2.836226262996999   |1.8084577096559058  |180       
 [15, 4, 5, 2, 0]    |0.3680127684480069  |0.25356434935721234 |149       
 [15, 3, 4, 3, 9]    |0.4258978561686421  |0.27843914991463575 |170       
 [18, 3, 13, 9, 0]   |0.6368396827679524  |0.30157476086367085 |299       
 [18, 2, 2, 1, 0]    |0.5027831006829734  |0.38864209884886053 |103       
 [17, 10, 3, 1, 0]   |0.5762080254303313  |0.29338001575345113 |270       
 [17, 3, 3, 2, 9]    |0.385996733067105   |0.2574508700228875  |162       
 [14, 3, 11, 2, 0]   |0.5372096390548524  |0.361907410723343   |158       
 [16, 3, 15, 2, 0]   |1.5201789030295987  |0.9359698891755299  |194       
 [13, 2, 19, 2, 0]   |1.533426769644616   |1.0100551665369264  |167       
 [18, 9, 3, 0, 0]    |0.40873374443153604 |0.2139118367743599  |259       
 [4, 1, 2, 12, 5]    |3.2955976515082583  |2.393095061225039   |128       
 [13, 18, 3, 18, 5]  |3.4911028689210517  |0.9490609039848943  |521       
 [16, 5, 6, 2, 0]    |0.5383022145682926  |0.3381265181716711  |186       
 [14, 3, 3, 10, 0]   |0.4152879033740289  |0.28542292360055127 |150       
 [13, 9, 5, 1, 0]    |0.46270516563576986 |0.2649629645926128  |223       
 [14, 3, 8, 3, 0]    |0.3959863872562623  |0.27215719850839915 |150       
 [16, 2, 7, 1, 0]    |1.2833729938979574  |0.9675305904809501  |113       
 [5, 7, 16, 4, 10]   |2.499117795518641   |1.1398968636191467  |314       
 [17, 1, 2, 2, 0]    |0.359647953154303   |0.29298623989001105 |82        
Gen 6 Train time: 10.212741871674856 minutes:
 Average MSE:        0.3537498378787342
 Average Error:      0.6364787683392861
 Structure           |Error               |MSE                 |weights&biases
 [15, 2, 5, 0, 0]    |0.33319002455340696 |0.2607893443148711  |98        
 [14, 4, 4, 2, 0]    |0.4137080256816006  |0.2952021786770346  |135       
 [17, 1, 2, 2, 0]    |0.40137611855258376 |0.32697997785049215 |82        
 [18, 1, 2, 2, 0]    |0.3590491182738358  |0.2895879929469789  |86        
 [18, 5, 3, 1, 0]    |0.9145882616789273  |0.5934624698580258  |173       
 [4, 2, 15, 1, 20]   |1.4609793889266993  |1.0192907325318796  |144       
 [19, 2, 20, 12, 0]  |0.6386948116602543  |0.22238869677985865 |422       
 [16, 3, 7, 2, 5]    |0.4143096383146292  |0.27495669510139165 |164       
 [17, 3, 9, 5, 0]    |0.43640506043009436 |0.26668571021181864 |197       
 [17, 6, 4, 2, 5]    |0.46510843293918336 |0.2696893032018574  |218       
 [18, 6, 3, 1, 5]    |0.47281676350922464 |0.2803974108313526  |209       
 [14, 6, 5, 1, 0]    |0.5579616589457247  |0.36024712290156924 |175       
 [17, 6, 3, 2, 0]    |0.42316283958844736 |0.2625015714612705  |191       
 [17, 16, 9, 5, 0]   |0.7601294519090405  |0.19315418389114278 |548       
 [16, 6, 3, 5, 14]   |0.4862782054908003  |0.23551648226671906 |290       
 [18, 2, 2, 2, 0]    |0.438556014519052   |0.33562267734791407 |107       
 [15, 5, 4, 2, 0]    |0.38092417951020047 |0.2540675944285945  |162       
 [17, 6, 4, 2, 2]    |1.6674049281924748  |0.9962754360643833  |206       
 [16, 6, 6, 2, 0]    |0.47683412870925634 |0.2827798534336249  |209       
 [17, 2, 3, 2, 20]   |0.42725641188497476 |0.2690465274708001  |185       
 [17, 2, 2, 2, 5]    |0.5303490906663475  |0.3928922696876106  |120       
 [14, 4, 6, 3, 0]    |0.4095431324290957  |0.27659164902243105 |157       
 [16, 6, 3, 1, 0]    |0.42711110828696264 |0.274388280705848   |177       
 [17, 20, 8, 2, 0]   |1.4755850318213406  |0.32924752446292166 |600       
 [16, 7, 6, 15, 14]  |1.1406473820079952  |0.28198426151796635 |559       
Increasing Epochs
Gen 7 Train time: 11.63638428846995 minutes:
 Average MSE:        0.6244915251223461
 Average Error:      1.3655434351823765
 Structure           |Error               |MSE                 |weights&biases
 [15, 2, 5, 0, 0]    |0.5059058694246706  |0.39597481992188766 |98        
 [18, 1, 2, 2, 0]    |0.33052012882246157 |0.26657818070806377 |86        
 [15, 5, 4, 2, 0]    |0.4806419643588227  |0.32057704455280006 |162       
 [19, 4, 12, 7, 3]   |3.523346167265471   |1.5990523199914706  |316       
 [15, 4, 6, 2, 3]    |1.4206991828984639  |0.9381448972325114  |166       
 [11, 3, 4, 2, 10]   |0.520087290854233   |0.3701826988760487  |136       
 [16, 12, 6, 2, 0]   |0.6203419490530938  |0.2605437665141842  |347       
 [17, 4, 3, 2, 10]   |0.49435018956991694 |0.3097433811180298  |187       
 [17, 11, 8, 4, 0]   |0.7318657710312646  |0.27882856322718835 |386       
 [16, 6, 5, 2, 10]   |1.699144391439492   |0.9371844403222983  |238       
 [15, 5, 15, 4, 0]   |2.0552980974669097  |1.0104753836721674  |284       
 [16, 3, 3, 2, 0]    |0.39806352910516724 |0.29342193179624076 |122       
 [17, 15, 3, 2, 10]  |0.7801292197962647  |0.2743650646601402  |418       
 [14, 5, 5, 2, 3]    |0.4578367867811877  |0.2978269937000625  |172       
 [18, 4, 3, 2, 0]    |0.46417096706589905 |0.3142701441944281  |156       
 [2, 3, 7, 1, 6]     |2.2510310936154903  |1.88964385550531    |70        
 [5, 8, 18, 15, 1]   |13.373843525023329  |3.5726257285011394  |528       
 [14, 5, 5, 2, 0]    |0.37435641685810167 |0.24968704904042224 |162       
 [15, 20, 5, 2, 0]   |0.9303859684654597  |0.2767458344780702  |485       
 [11, 2, 9, 2, 10]   |0.5539407294880951  |0.3855063613949438  |145       
 [17, 2, 5, 2, 9]    |0.4442784787873245  |0.3045854190972256  |151       
 [18, 4, 15, 2, 0]   |0.4863342455744112  |0.26690589300224665 |240       
 [17, 6, 5, 2, 0]    |0.45274644330177305 |0.26849498635097396 |209       
 [18, 4, 3, 2, 12]   |0.34410677191418865 |0.20767035539241382 |202       
 [17, 3, 3, 2, 0]    |0.44516070159793025 |0.3232530148083857  |128       
Result:  [18, 1, 2, 2]
Fold 0
Fold 0 Train time: 20.118775069713593 minutes, MSE: 0.023466904747287673
Fold 1
Fold 1 Train time: 20.016847296555838 minutes, MSE: 0.017040800333424755
Fold 2
Fold 2 Train time: 19.990615538756053 minutes, MSE: 0.01608294466669531
Fold 3
Fold 3 Train time: 19.965846967697143 minutes, MSE: 0.017419133051073187
Fold 4
Fold 4 Train time: 20.103482568264006 minutes, MSE: 0.014016073238902887
Total Time: 177.38738046884538 minutes
CellsPerSensor: 4
 Resulting Network Architecture: [18, 1, 2, 2]
 MSE after 5-Fold CV: 0.017605171207476764
 Weights and Biases: 86
 Objective Function Value: 0.021827980969714434
~/workspace/SolarCellResearch
