/tmp/tmp.0xHyWKjQUE ~/workspace/SolarCellResearch
Using TensorFlow backend.
Genetically searching for best layer structure...
  Training on:     datasets/N9dataset10k1.mat
  Evaluating with: datasets/N9dataset100k1.mat
Gen 0 Train time: 8.294136393070222 minutes:
 Average MSE:        0.6315670203770122
 Average Error:      1.326561909231302
 Structure           |Error               |MSE                 |weights&biases
 [10, 14, 13, 9, 0]  |1.3059261955799513  |0.36038315915313623 |515       
 [14, 12, 18, 3, 0]  |0.5876024763325385  |0.16134592436816705 |517       
 [19, 0, 0, 0, 0]    |0.2159321132572845  |0.17812117334363098 |77        
 [1, 0, 0, 0, 0]     |3.5328457994433     |3.488960084098262   |5         
 [8, 0, 0, 0, 0]     |1.2434414923382127  |1.1449751484507604  |33        
 [6, 3, 15, 0, 0]    |0.33895796779772025 |0.25426476624345085 |115       
 [19, 5, 12, 0, 0]   |0.23201575772575758 |0.1266978718714708  |242       
 [15, 0, 0, 0, 0]    |0.33501325045773767 |0.2876286057737319  |61        
 [9, 9, 14, 0, 0]    |1.617768050382662   |0.8195887840300078  |272       
 [13, 12, 15, 0, 0]  |0.4978549082727738  |0.17509149847675243 |418       
 [7, 7, 19, 12, 0]   |2.7963658937765827  |0.8380484860765502  |482       
 [19, 0, 0, 0, 0]    |0.2623939975267017  |0.21644731769050662 |77        
 [18, 11, 3, 12, 0]  |0.42758599037094064 |0.1738434906149604  |360       
 [17, 16, 9, 18, 0]  |0.8453795850906328  |0.15024777123820918 |691       
 [5, 12, 20, 0, 0]   |0.9984575256946313  |0.3979043357034411  |368       
 [1, 0, 0, 0, 0]     |3.0259143018389616  |2.9883257906931004  |5         
 [6, 14, 15, 15, 16] |8.925787205330966   |1.0554260518833731  |854       
 [5, 0, 0, 0, 0]     |1.1981561563100755  |1.1368756462144252  |21        
 [20, 6, 0, 0, 0]    |0.24281324698272747 |0.1498736516685614  |193       
 [20, 4, 14, 20, 11] |1.4024943937198797  |0.2113483330951223  |757       
 [18, 2, 2, 16, 13]  |0.45117302091159933 |0.17405144289088237 |381       
 [9, 20, 0, 0, 0]    |0.31064743806701267 |0.16711106136118561 |248       
 [9, 6, 15, 15, 11]  |1.01141433610467    |0.21467064353753665 |620       
 [2, 3, 3, 14, 0]    |0.8533315012367155  |0.6679064386427236  |98        
 [11, 19, 0, 0, 0]   |0.5047751262325122  |0.2500380323053569  |281       
Gen 1 Train time: 8.466367133458455 minutes:
 Average MSE:        0.33719072057327154
 Average Error:      0.9549412838305225
 Structure           |Error               |MSE                 |weights&biases
 [19, 0, 0, 0, 0]    |0.26433921690289447 |0.21805191810158758 |77        
 [19, 5, 12, 0, 0]   |0.27106535301159396 |0.1480218572276966  |242       
 [20, 6, 0, 0, 0]    |0.21791140232659253 |0.13450327777720744 |193       
 [12, 3, 9, 8, 8]    |0.35057747027810165 |0.17760850358342872 |272       
 [20, 5, 13, 10, 6]  |0.5654844623151618  |0.18085268758995357 |456       
 [19, 19, 0, 0, 0]   |0.5324383308614085  |0.16985872808225327 |457       
 [10, 8, 17, 2, 0]   |2.654990868726007   |1.2231643317398002  |310       
 [20, 3, 0, 0, 0]    |0.1995909698613574  |0.14529557584249803 |127       
 [12, 12, 12, 6, 0]  |2.4002012873278784  |0.8130624188379427  |433       
 [19, 5, 12, 8, 0]   |0.4672414241447641  |0.19870992386611158 |342       
 [16, 6, 8, 0, 0]    |0.28225421306281007 |0.1648948716994684  |215       
 [19, 3, 6, 0, 0]    |0.19512874519741583 |0.13478212320204394 |148       
 [20, 6, 6, 12, 0]   |0.3670128817511687  |0.16286097904218655 |325       
 [12, 7, 9, 6, 0]    |0.64948435878893    |0.33401261238466284 |266       
 [19, 3, 6, 14, 11]  |0.4253561478423751  |0.15034412195483854 |416       
 [14, 3, 3, 15, 7]   |1.2826430209117556  |0.6385360204833552  |279       
 [14, 10, 0, 0, 0]   |0.3207030605386231  |0.19306282420665027 |203       
 [15, 10, 0, 0, 0]   |0.2812479674342634  |0.16389676150605373 |216       
 [19, 1, 0, 0, 0]    |0.19217444197363756 |0.15773296550817678 |79        
 [8, 12, 12, 0, 0]   |0.5215491465716222  |0.24574723576117372 |301       
 [14, 8, 16, 19, 0]  |0.9102530889957557  |0.17968811985585717 |649       
 [17, 0, 0, 0, 0]    |0.264123940930913   |0.222275691764041   |69        
 [13, 14, 11, 15, 3] |8.879981829772532   |1.8290551294449777  |632       
 [17, 12, 0, 0, 0]   |0.5003170252288098  |0.2484500819652628  |280       
 [17, 18, 1, 8, 19]  |0.8774614410066868  |0.1952992529045575  |601       
Gen 2 Train time: 8.526830836137135 minutes:
 Average MSE:        0.3962283166674945
 Average Error:      0.8115757337822112
 Structure           |Error               |MSE                 |weights&biases
 [19, 1, 0, 0, 0]    |0.3074697713258941  |0.25236508214764175 |79        
 [19, 3, 6, 0, 0]    |0.20640279119948884 |0.1425694938208606  |148       
 [20, 3, 0, 0, 0]    |0.19304740241485902 |0.14053207676804774 |127       
 [19, 5, 5, 4, 0]    |0.23237433500525562 |0.13541573762088072 |216       
 [2, 8, 14, 5, 13]   |5.1414815456854654  |2.2929547653317686  |323       
 [19, 2, 10, 1, 9]   |0.25795277053150045 |0.17033660490139904 |166       
 [20, 5, 0, 0, 0]    |0.23238952287453066 |0.1515498996985188  |171       
 [9, 10, 16, 2, 19]  |0.6634173828578483  |0.23566335595529644 |414       
 [11, 0, 0, 0, 0]    |0.5273935192423743  |0.4712774496772096  |45        
 [17, 8, 9, 20, 7]   |3.6435515630792152  |0.7523594404557312  |631       
 [19, 10, 0, 0, 0]   |0.29369336489390563 |0.1502854140552045  |268       
 [14, 7, 6, 0, 0]    |0.27556595085441027 |0.16630558773849044 |202       
 [20, 3, 7, 5, 3]    |1.4208006345801831  |0.8342021998807201  |213       
 [17, 5, 15, 0, 0]   |0.26817335524228614 |0.14462347187140573 |247       
 [18, 2, 3, 7, 3]    |2.1786898263889163  |1.4714137878838291  |157       
 [20, 5, 3, 6, 9]    |0.3366076799688995  |0.16715442701587752 |280       
 [20, 5, 6, 6, 0]    |0.3177453013471658  |0.17007680390428098 |250       
 [19, 11, 3, 0, 0]   |0.316122517379538   |0.14311233075840835 |317       
 [20, 5, 3, 6, 0]    |0.235267523115285   |0.13778896325705284 |214       
 [20, 4, 3, 6, 0]    |0.20304004327134234 |0.12626756877445885 |190       
 [17, 5, 0, 0, 0]    |0.25837236385393514 |0.1789133866297092  |147       
 [17, 3, 4, 0, 0]    |0.2511862376302733  |0.18331292159207693 |126       
 [18, 9, 6, 0, 0]    |0.3542588369005307  |0.17072051832126453 |292       
 [20, 13, 4, 0, 0]   |0.4910030044896088  |0.18335978242017736 |394       
 [14, 5, 9, 4, 4]    |1.6833861004225643  |0.9331468462070502  |236       
Increasing Epochs
Gen 3 Train time: 9.99264978170395 minutes:
 Average MSE:        0.3642097111369236
 Average Error:      0.5587417758376102
 Structure           |Error               |MSE                 |weights&biases
 [20, 3, 0, 0, 0]    |0.20530372965047808 |0.14945427462424515 |127       
 [20, 4, 3, 6, 0]    |0.23038497080356907 |0.14327297057686955 |190       
 [19, 3, 6, 0, 0]    |0.21694020439334175 |0.1498480468699658  |148       
 [19, 5, 1, 3, 0]    |0.24431012855071715 |0.15852914188389153 |173       
 [19, 5, 3, 3, 0]    |0.4133205275439054  |0.256396067535129   |191       
 [19, 7, 5, 11, 0]   |0.30545025047196095 |0.13897400748100597 |315       
 [15, 1, 5, 1, 5]    |1.9130618829069816  |1.5161967157828036  |93        
 [18, 4, 3, 0, 0]    |0.2211816317578036  |0.15239627902844777 |149       
 [20, 4, 8, 4, 5]    |0.2913593938410147  |0.1555640486950109  |251       
 [20, 5, 13, 6, 9]   |0.4285824111652622  |0.15766665791538598 |400       
 [20, 3, 2, 3, 12]   |0.2370565753577882  |0.1434230747831791  |201       
 [5, 5, 2, 3, 0]     |1.236913968561582   |1.0383361149965227  |70        
 [18, 5, 10, 16, 0]  |0.468504427050691   |0.17149353190383462 |402       
 [20, 5, 4, 5, 5]    |0.31549746078743934 |0.1688736215551989  |250       
 [19, 10, 3, 18, 0]  |0.35091554045464995 |0.1353745754246525  |381       
 [20, 3, 7, 4, 5]    |0.23015719711831956 |0.1347960022580016  |214       
 [20, 8, 3, 3, 5]    |0.40405193040119924 |0.19423007506087817 |293       
 [16, 5, 6, 5, 0]    |0.3161749997302041  |0.18703501716907853 |210       
 [18, 4, 5, 2, 0]    |1.2840129613729825  |0.8394488778607536  |170       
 [20, 16, 0, 0, 0]   |0.391154972399367   |0.13929637121562982 |413       
 [14, 13, 0, 0, 0]   |0.31203194782439797 |0.16660164096936908 |251       
 [20, 4, 2, 3, 0]    |0.23495411941067681 |0.15476227943046025 |167       
 [19, 2, 10, 1, 9]   |0.29069983193216314 |0.19196080861897596 |166       
 [3, 4, 8, 4, 5]     |3.1917835861630945  |2.294648972071114   |132       
 [18, 3, 5, 0, 0]    |0.23473974629066968 |0.16666360471268543 |137       
Increasing Epochs
Gen 4 Train time: 11.632208371162415 minutes:
 Average MSE:        0.4951640712055921
 Average Error:      1.4679729274866131
 Structure           |Error               |MSE                 |weights&biases
 [20, 3, 0, 0, 0]    |0.21270236881205265 |0.15484023741694342 |127       
 [19, 3, 6, 0, 0]    |0.19451579477165185 |0.13435873729998998 |148       
 [18, 4, 3, 0, 0]    |0.2693280139314549  |0.18556960103368783 |149       
 [19, 3, 6, 7, 0]    |0.24828247233217823 |0.1513457719252967  |198       
 [19, 6, 3, 7, 0]    |0.26548273299659053 |0.14790198676231683 |234       
 [4, 14, 11, 1, 14]  |4.4091840227803685  |2.0723632930070672  |302       
 [19, 5, 4, 3, 3]    |0.619059020951928   |0.3643812162565218  |212       
 [19, 4, 5, 2, 3]    |1.1107537907149647  |0.6959613690550879  |187       
 [18, 3, 4, 2, 3]    |0.24712183073434035 |0.1698441848189095  |150       
 [12, 3, 1, 2, 6]    |1.9553039109996055  |1.4926389108537503  |108       
 [20, 4, 8, 4, 5]    |0.30263189090586085 |0.161582716084424   |251       
 [20, 7, 2, 9, 0]    |0.3113220975253999  |0.16252438622551618 |260       
 [20, 4, 3, 4, 9]    |0.2739510770050999  |0.15415360484567894 |230       
 [20, 6, 5, 4, 5]    |0.299659165856773   |0.15030186647005334 |276       
 [19, 6, 8, 14, 0]   |0.3759041725382852  |0.1475746649328519  |374       
 [20, 8, 8, 12, 15]  |0.7564377266009673  |0.16095425787869386 |619       
 [11, 5, 17, 1, 15]  |0.5999898005419546  |0.3140061764616781  |259       
 [7, 15, 4, 2, 11]   |1.157228690031114   |0.6041263503774259  |260       
 [20, 16, 6, 5, 5]   |0.6604511985816093  |0.15924170985369426 |569       
 [19, 4, 3, 3, 19]   |0.34904688657625044 |0.18221845302871292 |260       
 [8, 6, 0, 0, 0]     |0.29656205370398087 |0.23978830795183032 |85        
 [19, 4, 9, 10, 3]   |2.7088559047248273  |1.2202141429767266  |319       
 [20, 5, 5, 4, 3]    |0.2680282628894978  |0.14783435640442866 |238       
 [16, 9, 2, 0, 0]    |0.3237645211627553  |0.18493722904083726 |224       
 [14, 13, 18, 13, 1] |18.483755779495816  |2.8204382491776796  |752       
Result:  [19, 3, 6]
Fold 0
Fold 0 Train time: 19.249153983592986 minutes, MSE: 0.8228397451222758
Fold 1
Fold 1 Train time: 19.23053284883499 minutes, MSE: 0.0069459661391738136
Fold 2
Fold 2 Train time: 19.231062058607737 minutes, MSE: 0.009956546557147597
Fold 3
Fold 3 Train time: 18.82316714922587 minutes, MSE: 0.006415416509046814
Fold 4
Fold 4 Train time: 18.73841422398885 minutes, MSE: 0.0053978678486860015
Total Time: 142.19063754081725 minutes
CellsPerSensor: 9
 Resulting Network Architecture: [19, 3, 6]
 MSE after 5-Fold CV: 0.17031110843526603
 Weights and Biases: 148
 Objective Function Value: 0.24656528694341356
~/workspace/SolarCellResearch
