/tmp/tmp.LTD9ccynK1 ~/workspace/SolarCellResearch
Using TensorFlow backend.
Genetically searching for best layer structure...
  Training on:     datasets/N7dataset10k0.mat
  Evaluating with: datasets/N7dataset100k0.mat
Gen 0 Train time: 8.495783146222433 minutes:
 Average MSE:        1.159321092359981
 Average Error:      2.5204767086379176
 Structure           |Error               |MSE                 |weights&biases
 [12, 9, 0, 0, 0]    |0.28396857632110567 |0.18892754566362663 |163       
 [18, 4, 0, 0, 0]    |0.22738631470894022 |0.16225195388179853 |135       
 [18, 2, 0, 0, 0]    |0.2719396297212727  |0.21445074653274085 |95        
 [6, 5, 17, 18, 11]  |6.2484336825838325  |1.0858149614111794  |700       
 [19, 19, 19, 0, 0]  |1.3434387657825044  |0.16575119668964702 |837       
 [16, 17, 3, 4, 19]  |0.7564852652770968  |0.20513802710983345 |522       
 [11, 1, 19, 12, 2]  |8.622467224162058   |3.576452061116941   |352       
 [2, 12, 17, 12, 2]  |12.737071535330939  |3.576972455974225   |508       
 [19, 11, 20, 0, 0]  |0.5446387426004263  |0.14190001888633952 |538       
 [12, 19, 17, 0, 0]  |0.9095219630215188  |0.18317081744398828 |641       
 [13, 17, 14, 11, 0] |1.9538634432878055  |0.334475604086841   |706       
 [1, 0, 0, 0, 0]     |3.627656797868871   |3.5825933213860166  |5         
 [14, 2, 2, 0, 0]    |0.21068959234871015 |0.17206734209529795 |81        
 [12, 3, 0, 0, 0]    |1.1288323607895343  |0.9265231838339606  |79        
 [15, 5, 12, 7, 11]  |2.3611000381552243  |0.8950529757299333  |388       
 [2, 0, 0, 0, 0]     |3.078161210672477   |3.009675932015552   |9         
 [6, 7, 2, 0, 0]     |0.4811847826645382  |0.3880954676016707  |86        
 [3, 7, 6, 6, 5]     |1.7834532600334176  |1.1718122927937527  |168       
 [2, 7, 14, 8, 19]   |3.8116503471669287  |1.237461689915054   |450       
 [16, 16, 0, 0, 0]   |0.45452388897987633 |0.1957328018428708  |337       
 [6, 0, 0, 0, 0]     |1.320897846468371   |1.2408686916145768  |25        
 [5, 7, 11, 10, 0]   |0.8376002824520142  |0.42012025712089907 |276       
 [1, 20, 4, 0, 0]    |2.812974874210558   |2.0223143986176573  |132       
 [16, 1, 12, 8, 9]   |1.9549520013046975  |0.9611408077561556  |284       
 [2, 1, 17, 10, 0]   |5.249025290035224   |2.9242627578789695  |234       
Gen 1 Train time: 8.70113403002421 minutes:
 Average MSE:        0.3772865957939618
 Average Error:      0.9194836905792814
 Structure           |Error               |MSE                 |weights&biases
 [14, 2, 2, 0, 0]    |0.2957201664924928  |0.24151066260608167 |81        
 [18, 4, 0, 0, 0]    |0.25628682555276466 |0.18287397046443615 |135       
 [18, 2, 0, 0, 0]    |0.2164597471848453  |0.17069948365251886 |95        
 [12, 9, 0, 0, 0]    |0.27265143350479726 |0.1813981209508297  |163       
 [14, 2, 2, 18, 0]   |0.289224828636643   |0.19828479174609193 |151       
 [13, 6, 1, 0, 0]    |1.2612481875297286  |0.9067412557631226  |132       
 [18, 20, 9, 10, 19] |2.006781888651283   |0.18572882273197364 |952       
 [9, 19, 8, 10, 11]  |1.333147730204826   |0.2974654665421186  |600       
 [18, 2, 10, 0, 0]   |0.26424765181726445 |0.18949956679814883 |133       
 [13, 6, 4, 5, 0]    |0.38797630845558917 |0.24615078051170353 |182       
 [13, 19, 7, 0, 0]   |0.7328242568020358  |0.23613552869938248 |453       
 [13, 11, 10, 0, 0]  |0.4323622913075532  |0.19233985281879803 |324       
 [19, 7, 0, 0, 0]    |0.28647546820721925 |0.17159772110382251 |205       
 [9, 8, 1, 0, 0]     |0.4922531632792896  |0.36649802909144497 |118       
 [16, 3, 1, 0, 0]    |0.3569454159013594  |0.2745361300102399  |105       
 [14, 7, 6, 4, 6]    |0.46734125837647006 |0.243973530241615   |260       
 [14, 6, 2, 0, 0]    |0.29737982841279387 |0.20489757195504152 |149       
 [7, 18, 14, 2, 14]  |3.6736006584664738  |1.0061913747605593  |518       
 [18, 2, 20, 0, 0]   |0.33859718455797866 |0.21971058437364338 |173       
 [16, 18, 17, 8, 7]  |2.3436601183451886  |0.25201009329752955 |892       
 [19, 8, 10, 0, 0]   |0.3799524639246186  |0.17157940287096093 |318       
 [7, 13, 2, 5, 2]    |4.053276884074769   |2.5651723289625155  |183       
 [17, 10, 2, 9, 10]  |0.5946965361207092  |0.22375489905048207 |391       
 [11, 17, 3, 3, 3]   |0.6690493917550022  |0.30137576854696546 |319       
 [16, 15, 17, 6, 7]  |1.2849325769203408  |0.20203915729902172 |740       
Increasing Epochs
Gen 2 Train time: 9.84721899429957 minutes:
 Average MSE:        0.3239407181400592
 Average Error:      0.6929829012766001
 Structure           |Error               |MSE                 |weights&biases
 [18, 2, 0, 0, 0]    |0.24256682492796675 |0.19128744399334568 |95        
 [18, 4, 0, 0, 0]    |0.24295552963930095 |0.1733613979399874  |135       
 [18, 2, 10, 0, 0]   |0.24666470660098644 |0.17689033270049098 |133       
 [13, 11, 10, 0, 0]  |0.3894134792540988  |0.17323372734212578 |324       
 [15, 8, 9, 12, 12]  |0.6729170470383163  |0.17314373082165557 |543       
 [14, 17, 5, 0, 0]   |0.6367912833410642  |0.23839809543587318 |393       
 [18, 3, 10, 0, 0]   |0.2658474280037245  |0.17731406970485203 |162       
 [16, 8, 9, 0, 0]    |0.3930287002285612  |0.19762724152379532 |275       
 [4, 14, 1, 15, 17]  |3.314544707371284   |1.1686161500363412  |417       
 [16, 7, 2, 3, 0]    |0.3392436015056986  |0.20782958434057108 |196       
 [13, 6, 1, 9, 0]    |0.4545298125476283  |0.30620766195686666 |158       
 [14, 6, 1, 14, 0]   |0.389898249274733   |0.24737015195892606 |182       
 [16, 5, 3, 2, 7]    |0.3368079902934678  |0.21050575790915524 |188       
 [16, 2, 1, 9, 0]    |0.2716537078220699  |0.204798818102857   |113       
 [19, 5, 10, 0, 0]   |0.3497051963907228  |0.19776718460437126 |228       
 [18, 2, 18, 14, 0]  |0.5194576449314897  |0.17862439991317355 |427       
 [18, 2, 15, 0, 0]   |0.22444495419356808 |0.15310599881317405 |153       
 [14, 2, 2, 0, 0]    |1.1209801327913962  |0.9154893217117687  |81        
 [18, 2, 10, 17, 0]  |0.542403739675941   |0.23948975307620984 |327       
 [18, 3, 0, 0, 0]    |0.24591221990657602 |0.18446774836774962 |115       
 [15, 8, 6, 13, 17]  |3.6424615689480366  |0.8673260623995697  |574       
 [16, 3, 1, 0, 0]    |0.2660985493076715  |0.2046634097927602  |105       
 [12, 9, 7, 5, 0]    |0.5106187867088496  |0.2606356089500592  |269       
 [13, 8, 3, 2, 3]    |1.425629935985315   |0.8668526906472309  |199       
 [14, 6, 3, 3, 0]    |0.27999673522653695 |0.1835116114585687  |169       
Increasing Epochs
Gen 3 Train time: 11.043174469470978 minutes:
 Average MSE:        0.2363680030329684
 Average Error:      0.4629383068059309
 Structure           |Error               |MSE                 |weights&biases
 [18, 2, 15, 0, 0]   |0.21583728110567663 |0.1472342411240156  |153       
 [18, 2, 0, 0, 0]    |1.0905521356780061  |0.8600060236484488  |95        
 [18, 4, 0, 0, 0]    |0.2328723680262418  |0.16616653805970424 |135       
 [18, 2, 17, 7, 0]   |0.39324982620303217 |0.19675220610921335 |277       
 [15, 11, 3, 8, 8]   |0.604033794770233   |0.2395183778094935  |370       
 [18, 17, 19, 0, 0]  |1.540670014292722   |0.24285697140428378 |739       
 [18, 2, 14, 16, 0]  |0.5660498372772376  |0.21297656284280403 |391       
 [5, 4, 0, 0, 0]     |0.7272030569514287  |0.6514533217090751  |44        
 [17, 6, 6, 7, 0]    |0.37298865214689253 |0.19569317441230033 |258       
 [16, 4, 10, 14, 0]  |0.42800843568922275 |0.18523826307365793 |335       
 [18, 16, 5, 0, 0]   |0.571939937920154   |0.1861464970458243  |449       
 [15, 7, 2, 9, 0]    |0.29002607606143793 |0.17156648110040154 |210       
 [7, 6, 3, 3, 0]     |0.48942928977646893 |0.3754930632089642  |106       
 [18, 4, 6, 0, 0]    |0.23563062364390713 |0.15520788701308824 |167       
 [16, 20, 6, 7, 0]   |0.8636119713967971  |0.20718737161949755 |571       
 [16, 10, 3, 0, 0]   |0.32352917865977265 |0.17102150462862792 |255       
 [18, 18, 5, 0, 0]   |0.6106121196338139  |0.17626030865992465 |497       
 [18, 2, 3, 7, 0]    |0.27143953965772005 |0.1927202054861627  |137       
 [13, 3, 10, 3, 17]  |0.3028868509073252  |0.1662278281978166  |240       
 [18, 3, 0, 0, 0]    |0.23100900907178226 |0.17328830495827333 |115       
 [19, 3, 5, 6, 0]    |0.2769046858271206  |0.17656222299935473 |180       
 [16, 3, 1, 0, 0]    |0.2240255927985462  |0.17230398971465966 |105       
 [18, 3, 8, 0, 0]    |0.22089564715855606 |0.15106200855472549 |152       
 [17, 6, 1, 2, 0]    |0.25903068685322783 |0.16808108919607334 |173       
 [18, 3, 3, 0, 0]    |0.23102105864094918 |0.16817563324781937 |127       
Result:  [18, 2, 15]
Fold 0
Fold 0 Train time: 19.34477473894755 minutes, MSE: 0.007326103432076103
Fold 1
Fold 1 Train time: 19.362457342942555 minutes, MSE: 0.01335766946439024
Fold 2
Fold 2 Train time: 19.006206846237184 minutes, MSE: 0.009070584979348893
Fold 3
Fold 3 Train time: 18.901528386274972 minutes, MSE: 0.025243626760440965
Fold 4
Fold 4 Train time: 18.943104569117228 minutes, MSE: 0.008991177847336154
Total Time: 133.6504881978035 minutes
CellsPerSensor: 7
 Resulting Network Architecture: [18, 2, 15]
 MSE after 5-Fold CV: 0.01279783249671847
 Weights and Biases: 153
 Objective Function Value: 0.018760916951451136
~/workspace/SolarCellResearch
