/tmp/tmp.3D4IUD7lXL ~/workspace/SolarCellResearch
Using TensorFlow backend.
Genetically searching for best layer structure...
  Training on:     datasets/N2dataset10k6.mat
  Evaluating with: datasets/N2dataset100k6.mat
Gen 0 Train time: 8.218937798341114 minutes:
 Average MSE:        0.7271555361812613
 Average Error:      1.5295880718203876
 Structure           |Error               |MSE                 |weights&biases
 [6, 4, 4, 3, 0]     |0.961673935394643   |0.7775713814007885  |85        
 [3, 12, 20, 0, 0]   |3.357899876752971   |1.4424106001941728  |338       
 [14, 13, 4, 0, 0]   |1.0486565635366107  |0.4978332395679471  |298       
 [14, 16, 3, 0, 0]   |1.0642882358252093  |0.45831720491966765 |337       
 [5, 11, 17, 0, 0]   |1.2761151947645881  |0.5982900907159394  |303       
 [18, 10, 0, 0, 0]   |0.7400149790153211  |0.3911810232486425  |255       
 [9, 0, 0, 0, 0]     |0.7097604386646614  |0.6470525438824288  |37        
 [19, 2, 12, 11, 14] |1.9331991257507408  |0.6136541450345672  |459       
 [7, 0, 0, 0, 0]     |0.5866865207157932  |0.5456570369450551  |29        
 [4, 10, 7, 0, 0]    |0.9937146512398148  |0.688110953296013   |147       
 [5, 8, 15, 15, 0]   |2.15868032048432    |0.6938476078928739  |454       
 [12, 15, 0, 0, 0]   |1.1651149525303344  |0.6283359859221955  |247       
 [17, 3, 20, 0, 0]   |0.7979016991475409  |0.47674673968755776 |206       
 [14, 6, 4, 8, 0]    |0.8809132392774176  |0.5224133544402738  |209       
 [9, 10, 16, 0, 0]   |1.033000166808623   |0.4641568948850357  |320       
 [9, 3, 0, 0, 0]     |1.5160032718311358  |1.3015780922976155  |61        
 [9, 12, 19, 15, 0]  |2.6731848966131952  |0.4530605974278886  |710       
 [17, 0, 0, 0, 0]    |0.42409434670036966 |0.35690011270391    |69        
 [15, 0, 0, 0, 0]    |0.6696216478680993  |0.5749096213628937  |61        
 [15, 2, 9, 5, 0]    |0.9663322289051514  |0.647751864165423   |160       
 [6, 0, 0, 0, 0]     |1.0352784782557582  |0.9725541261231163  |25        
 [1, 19, 18, 0, 0]   |8.126479959189668   |2.8437621051157462  |420       
 [20, 2, 0, 0, 0]    |0.6487867508683048  |0.49899899494583677 |105       
 [15, 2, 10, 3, 7]   |0.8506150506429003  |0.5478270729355086  |176       
 [10, 14, 10, 12, 12]|2.621685264726524   |0.535967015420433   |635       
Gen 1 Train time: 8.138443879286449 minutes:
 Average MSE:        0.5530295571296838
 Average Error:      0.8727943531808894
 Structure           |Error               |MSE                 |weights&biases
 [17, 0, 0, 0, 0]    |0.5030186659727228  |0.4233195277763855  |69        
 [7, 0, 0, 0, 0]     |0.6813648610870102  |0.633714118274967   |29        
 [20, 2, 0, 0, 0]    |0.674039229179386   |0.5184213417805348  |105       
 [13, 3, 2, 2, 0]    |0.6825906787547027  |0.534266822022903   |98        
 [12, 8, 0, 0, 0]    |0.6849812091483468  |0.47195866423899835 |149       
 [12, 1, 0, 0, 0]    |0.7268859438447501  |0.6398729104289769  |51        
 [9, 5, 8, 19, 0]    |1.110134882043563   |0.503828938276863   |316       
 [4, 1, 5, 3, 0]     |0.7772222738287223  |0.6876131351098718  |49        
 [11, 1, 5, 2, 4]    |1.4203265539058436  |1.1512943287292026  |84        
 [12, 16, 0, 0, 0]   |0.8513286436045442  |0.44332282941684403 |261       
 [12, 8, 0, 0, 0]    |0.5885054046003074  |0.4054859037635875  |149       
 [18, 2, 5, 2, 15]   |0.8177589131195132  |0.5214261042446254  |180       
 [9, 8, 6, 4, 0]     |0.8575433965774153  |0.5279870653764382  |194       
 [13, 6, 6, 9, 11]   |1.4323024003213956  |0.5970724713883524  |350       
 [12, 8, 2, 0, 0]    |0.8140102918055213  |0.5442850014639765  |161       
 [17, 1, 10, 15, 17] |1.9063036143951235  |0.48927336678002414 |544       
 [8, 2, 2, 2, 0]     |0.7813349798838372  |0.6775639702884529  |57        
 [19, 6, 0, 0, 0]    |0.6855924946056311  |0.43280332932683024 |184       
 [11, 12, 2, 2, 0]   |0.7936712175420373  |0.46715882293591415 |212       
 [13, 0, 0, 0, 0]    |0.6348273920863959  |0.5560471753794632  |53        
 [7, 10, 13, 0, 0]   |1.143988993949795   |0.6002081737076631  |258       
 [12, 4, 12, 2, 0]   |0.9596909161123914  |0.6165326430802578  |177       
 [17, 2, 10, 0, 0]   |0.7764676747860355  |0.5638312543647275  |128       
 [17, 5, 0, 0, 0]    |0.643292278132003   |0.4454563110255979  |147       
 [13, 20, 0, 0, 0]   |0.8726759202352379  |0.37299471906063664 |340       
Increasing Epochs
Gen 2 Train time: 9.451835258801777 minutes:
 Average MSE:        0.7560915505191143
 Average Error:      1.2362259114783525
 Structure           |Error               |MSE                 |weights&biases
 [17, 0, 0, 0, 0]    |0.4405156969657289  |0.3707196361332044  |69        
 [12, 8, 0, 0, 0]    |0.5371974478053299  |0.37013422633013326 |149       
 [13, 0, 0, 0, 0]    |0.5136510298795063  |0.4499084441781326  |53        
 [20, 4, 0, 0, 0]    |0.7206187441890719  |0.4965132698397901  |149       
 [15, 10, 0, 0, 0]   |0.684521739469058   |0.39890384738759704 |216       
 [18, 20, 17, 1, 9]  |3.668185522889308   |0.4525745092255097  |837       
 [16, 4, 0, 0, 0]    |0.5906599489740431  |0.4364790895684537  |121       
 [8, 4, 5, 2, 0]     |1.5378509228082153  |1.1976795029301208  |100       
 [6, 6, 9, 2, 0]     |0.8263785911370516  |0.5736692503246038  |146       
 [11, 8, 3, 2, 0]    |0.804062960789113   |0.5296294311819295  |167       
 [15, 4, 0, 0, 0]    |0.6643670664583102  |0.4996135040770019  |114       
 [15, 7, 0, 0, 0]    |0.6969047212578813  |0.4613461842144394  |165       
 [11, 3, 4, 10, 0]   |0.692194011320066   |0.4805187644161836  |146       
 [15, 7, 2, 0, 0]    |0.7703963553260718  |0.4961633114996994  |176       
 [15, 3, 0, 0, 0]    |0.5550311892455779  |0.4355128529765103  |97        
 [12, 1, 5, 0, 0]    |0.5988076193512349  |0.5089961113981152  |65        
 [15, 9, 1, 1, 0]    |4.272083886969454   |2.5717889286145947  |203       
 [15, 5, 3, 18, 8]   |1.4850114531159138  |0.5800868094132813  |376       
 [11, 8, 3, 2, 20]   |1.0758771079988014  |0.5831191400316276  |245       
 [16, 11, 3, 1, 8]   |0.9843276695436958  |0.46496346802995225 |300       
 [17, 15, 0, 0, 0]   |0.9772097539939039  |0.42081837231195063 |337       
 [2, 7, 0, 0, 0]     |1.8595685017459629  |1.703771754427199   |35        
 [11, 14, 3, 2, 0]   |0.9027275548798898  |0.47481288342697797 |257       
 [13, 2, 4, 2, 1]    |4.159175740564027   |3.288123098972928   |94        
 [13, 4, 3, 2, 0]    |0.8883225502815999  |0.6564423720679239  |121       
Increasing Epochs
Gen 3 Train time: 10.65817577044169 minutes:
 Average MSE:        0.6754608436896044
 Average Error:      1.134466766216227
 Structure           |Error               |MSE                 |weights&biases
 [17, 0, 0, 0, 0]    |0.6790057097927016  |0.5714228832265694  |69        
 [13, 0, 0, 0, 0]    |0.4343614845311027  |0.380458498763519   |53        
 [12, 8, 0, 0, 0]    |0.6501809922112448  |0.44798097889302707 |149       
 [12, 5, 4, 1, 0]    |0.7002011789232536  |0.5033912457049416  |132       
 [15, 5, 1, 0, 0]    |1.009775099554207   |0.724138672995307   |133       
 [11, 5, 5, 1, 0]    |3.59457156327775    |2.590691447811006   |131       
 [16, 8, 2, 1, 4]    |0.9015938345565917  |0.5227817768775045  |218       
 [11, 6, 3, 1, 0]    |1.7645218662293625  |1.268556647791883   |132       
 [18, 11, 20, 10, 9] |4.427232946270241   |0.5670968218500265  |822       
 [14, 2, 0, 0, 0]    |0.7357944574245849  |0.6099950302007298  |75        
 [13, 5, 2, 5, 0]    |0.7797960333204368  |0.5467722696836773  |142       
 [11, 8, 5, 1, 0]    |0.9320364409323867  |0.5913286260032515  |182       
 [14, 4, 2, 1, 0]    |0.6870691401873651  |0.5128251392467409  |117       
 [13, 10, 0, 0, 0]   |0.7029989062891231  |0.43718451453245866 |190       
 [12, 6, 2, 5, 0]    |0.7364105382602872  |0.5073939683702721  |149       
 [16, 11, 1, 0, 0]   |1.027647859338544   |0.5514371322287022  |249       
 [14, 4, 3, 3, 0]    |0.727925333937956   |0.5220161257592987  |133       
 [14, 4, 1, 0, 0]    |0.5808196991859232  |0.44227876807161615 |109       
 [16, 2, 0, 0, 0]    |0.6170771357049982  |0.49894408404036916 |85        
 [18, 4, 0, 0, 0]    |0.5829967253944008  |0.41599846465259926 |135       
 [14, 6, 3, 0, 0]    |0.595845015709784   |0.4024136712523152  |157       
 [15, 0, 0, 0, 0]    |0.49025410489828974 |0.4209120220590579  |61        
 [11, 7, 5, 1, 0]    |0.9693602506517851  |0.6417098910740032  |165       
 [12, 5, 4, 1, 10]   |0.7009459956109084  |0.46868497375018575 |161       
 [1, 17, 5, 10, 6]   |3.333246843212444   |1.7401074374010448  |260       
Result:  [13]
Fold 0
Fold 0 Train time: 17.457194232940672 minutes, MSE: 0.05560312618938934
Fold 1
Fold 1 Train time: 17.441417463620503 minutes, MSE: 0.05228453676553092
Fold 2
Fold 2 Train time: 17.36175939242045 minutes, MSE: 0.07353263459757875
Fold 3
Fold 3 Train time: 17.33649508158366 minutes, MSE: 0.08125462897105411
Fold 4
Fold 4 Train time: 17.389544081687927 minutes, MSE: 0.14283256781035572
Total Time: 123.45909831523895 minutes
CellsPerSensor: 2
 Resulting Network Architecture: [13]
 MSE after 5-Fold CV: 0.08110149886678178
 Weights and Biases: 53
 Objective Function Value: 0.09259187942958555
~/workspace/SolarCellResearch
