/tmp/tmp.Jd3i2tp5bF ~/workspace/SolarCellResearch
Using TensorFlow backend.
Genetically searching for best layer structure...
  Training on:     datasets/N7dataset10k7.mat
  Evaluating with: datasets/N7dataset100k7.mat
Gen 0 Train time: 7.9755195617675785 minutes:
 Average MSE:        0.9998594790805229
 Average Error:      1.473627215831292
 Structure           |Error               |MSE                 |weights&biases
 [1, 2, 11, 5, 0]    |4.554984424454205   |3.494611152488615   |106       
 [3, 14, 6, 8, 0]    |3.0952040783693366  |1.7857774061040979  |220       
 [15, 10, 19, 0, 0]  |0.5605823610358657  |0.1894217809350938  |434       
 [18, 0, 0, 0, 0]    |0.337848370103673   |0.28149007394659564 |73        
 [7, 1, 4, 20, 3]    |5.816858081532514   |3.4929975605386736  |204       
 [5, 0, 0, 0, 0]     |2.4224734615831705  |2.2985744116661957  |21        
 [1, 0, 0, 0, 0]     |3.538219880751419   |3.49426740749621    |5         
 [18, 20, 11, 2, 19] |1.3437453071171273  |0.1979898960796925  |766       
 [19, 0, 0, 0, 0]    |0.2714063355719885  |0.22388154413779385 |77        
 [4, 19, 2, 19, 0]   |0.9545013986868217  |0.5452198503862838  |224       
 [17, 9, 0, 0, 0]    |0.31450033052829673 |0.18009511483978155 |223       
 [19, 4, 2, 0, 0]    |0.2948078539368899  |0.20261827731419935 |150       
 [16, 1, 16, 12, 0]  |0.40708015540216097 |0.18567727908488532 |314       
 [3, 12, 11, 20, 0]  |3.9280006875417346  |1.2406439576824766  |461       
 [18, 0, 0, 0, 0]    |0.2453745277212926  |0.20444228850854743 |73        
 [12, 14, 1, 0, 0]   |1.5484115506333265  |0.8604752719481864  |235       
 [14, 13, 3, 4, 6]   |0.40095899203227214 |0.17483788231987454 |332       
 [6, 0, 0, 0, 0]     |0.9033652049029179  |0.8486330739769734  |25        
 [7, 0, 0, 0, 0]     |1.260519059181112   |1.1723655999567926  |29        
 [16, 1, 0, 0, 0]    |0.4097815678870107  |0.34658366831479476 |67        
 [6, 0, 0, 0, 0]     |1.2864312864505547  |1.2084903549035955  |25        
 [13, 6, 2, 0, 0]    |0.3093058792695288  |0.21796416920121123 |140       
 [10, 20, 0, 0, 0]   |0.4071480600258534  |0.20678444105721186 |271       
 [11, 0, 0, 0, 0]    |1.7993915939678122  |1.6079315547790003  |45        
 [6, 3, 12, 0, 0]    |0.4297799470954143  |0.33471295934629564 |100       
Gen 1 Train time: 8.486005719502767 minutes:
 Average MSE:        0.2766432145279347
 Average Error:      0.5833482328700148
 Structure           |Error               |MSE                 |weights&biases
 [18, 0, 0, 0, 0]    |0.251344664412605   |0.20941651472190204 |73        
 [19, 0, 0, 0, 0]    |0.3099853168870643  |0.2557051266266829  |77        
 [19, 4, 2, 0, 0]    |0.326433639254232   |0.22435434049615352 |150       
 [13, 0, 0, 0, 0]    |0.3806079439737419  |0.3333756148707299  |53        
 [18, 1, 8, 18, 0]   |0.3499260070102001  |0.1781670732068056  |270       
 [18, 3, 9, 6, 9]    |0.43346869763812806 |0.21525418490069645 |280       
 [12, 13, 1, 9, 0]   |0.49098011507016787 |0.26478114798957997 |247       
 [15, 7, 10, 8, 3]   |1.6914679279176035  |0.6946110351954535  |356       
 [18, 7, 1, 0, 0]    |0.24853064507591482 |0.15187626725994113 |197       
 [11, 5, 10, 0, 0]   |0.4489874171633886  |0.2979706117085428  |164       
 [18, 16, 19, 0, 0]  |0.9988189027278302  |0.1731353197215285  |701       
 [7, 11, 1, 13, 8]   |1.354421510945165   |0.6930691050892503  |268       
 [16, 5, 19, 0, 0]   |0.34525125070358703 |0.17711024909069237 |267       
 [14, 1, 8, 6, 0]    |0.2713724233872605  |0.1941230300346996  |134       
 [14, 19, 0, 0, 0]   |0.3836561951925306  |0.1611356934583311  |347       
 [17, 1, 8, 6, 0]    |0.36665441985342845 |0.2545302702918583  |146       
 [14, 10, 13, 2, 3]  |2.1668517918207666  |0.8464326249816787  |376       
 [12, 12, 12, 4, 10] |0.7506425364148763  |0.23708756725431962 |461       
 [18, 20, 11, 0, 0]  |0.8679825587886958  |0.15975982934278193 |677       
 [19, 2, 1, 0, 0]    |0.21758145947580476 |0.1686074625982515  |102       
 [16, 3, 1, 0, 0]    |0.25965495051888876 |0.199707468082894   |105       
 [19, 4, 0, 0, 0]    |0.24517136262731656 |0.17190764850953305 |142       
 [15, 4, 9, 6, 4]    |0.5212634918070191  |0.2811126999430404  |247       
 [19, 20, 0, 0, 0]   |0.571490230186747   |0.17299235245399136 |478       
 [16, 7, 2, 2, 3]    |0.3311603628974083  |0.19985712536902794 |202       
Gen 2 Train time: 8.506724214553833 minutes:
 Average MSE:        0.6527904158952101
 Average Error:      1.3969974703101298
 Structure           |Error               |MSE                 |weights&biases
 [19, 2, 1, 0, 0]    |0.22820516292682788 |0.17683994567189537 |102       
 [19, 4, 0, 0, 0]    |0.2198031295287957  |0.1541201171597255  |142       
 [18, 7, 1, 0, 0]    |1.3833653112534323  |0.8453700334052641  |197       
 [19, 2, 8, 0, 0]    |0.22943736411101207 |0.1657747715177421  |130       
 [2, 9, 13, 11, 15]  |4.710935514408891   |1.3065453433182443  |513       
 [17, 6, 5, 3, 2]    |2.5774368271533046  |1.4759405199947548  |223       
 [16, 1, 1, 0, 0]    |0.2261746075764897  |0.19033911572474496 |69        
 [19, 10, 0, 0, 0]   |0.29814124273731657 |0.1525614313006246  |268       
 [19, 4, 14, 0, 0]   |0.28021592254136113 |0.16086418827656454 |222       
 [17, 5, 6, 4, 6]    |0.38022306642971987 |0.20763009299580143 |242       
 [18, 6, 2, 1, 2]    |3.5020229302482306  |2.1669936269618804  |192       
 [13, 7, 5, 8, 0]    |0.31946585242701653 |0.17797629903591383 |234       
 [4, 14, 15, 10, 4]  |12.656155613098315  |3.4838698665233374  |516       
 [5, 0, 0, 0, 0]     |2.208361637233353   |2.095413481942731   |21        
 [17, 5, 1, 0, 0]    |0.29858328461682093 |0.20572676489484337 |149       
 [18, 5, 2, 2, 2]    |1.3486376627045094  |0.868571773626145   |176       
 [16, 1, 15, 3, 0]   |1.26651962452123    |0.8770183926644048  |147       
 [15, 3, 10, 0, 0]   |0.29773966158863496 |0.20772591322279094 |144       
 [19, 3, 1, 0, 0]    |0.22832341998078104 |0.1678822989717895  |123       
 [16, 10, 6, 0, 0]   |0.33880164777520627 |0.1636802494691237  |291       
 [16, 4, 5, 3, 0]    |0.26740834460371177 |0.1779098338642396  |163       
 [15, 9, 17, 2, 11]  |0.5419260039735122  |0.18039149622683276 |440       
 [19, 5, 1, 0, 0]    |0.4963938569464048  |0.32860935617764303 |165       
 [17, 3, 5, 3, 0]    |0.24840988033239864 |0.17201473214710974 |147       
 [16, 10, 0, 0, 0]   |0.3722491890359727  |0.20999075228610634 |229       
Increasing Epochs
Gen 3 Train time: 9.766065915425619 minutes:
 Average MSE:        0.2680992123049012
 Average Error:      0.5324085260248465
 Structure           |Error               |MSE                 |weights&biases
 [19, 4, 0, 0, 0]    |0.2371413412171413  |0.1662772107483219  |142       
 [16, 1, 1, 0, 0]    |0.2311807654885537  |0.1945520894107431  |69        
 [19, 2, 1, 0, 0]    |0.21194448501905339 |0.16423927809312963 |102       
 [10, 19, 13, 11, 11]|1.8686201136103222  |0.2547940394321315  |797       
 [18, 9, 1, 0, 0]    |0.2918797398226246  |0.1613929165800186  |237       
 [18, 6, 17, 0, 0]   |0.5134223625688692  |0.23951087556505418 |305       
 [18, 3, 8, 0, 0]    |0.291652880064566   |0.19945014956179635 |152       
 [16, 10, 12, 0, 0]  |0.4129972076459959  |0.1666575039246075  |363       
 [14, 5, 8, 4, 0]    |0.37150614844908453 |0.2219751446026592  |206       
 [18, 6, 4, 5, 8]    |0.4584242943212917  |0.22878785163137416 |278       
 [9, 10, 5, 9, 3]    |4.294159882412404   |2.1863990752456335  |270       
 [18, 3, 7, 2, 0]    |0.24643583786671974 |0.16601890492637933 |158       
 [20, 14, 5, 7, 13]  |0.7135030426632212  |0.1636429141705917  |589       
 [11, 6, 19, 0, 0]   |0.3265571513913692  |0.17133230519208326 |258       
 [19, 3, 1, 0, 0]    |0.18550948098332568 |0.1364019431347239  |123       
 [18, 3, 3, 2, 0]    |0.23772662482337417 |0.17005490887620545 |134       
 [18, 2, 1, 0, 0]    |0.27002998052683047 |0.21188273647879224 |97        
 [15, 2, 1, 9, 0]    |0.24076833266074435 |0.18379760803888628 |108       
 [17, 5, 3, 2, 0]    |0.28488047384387327 |0.1862462461725981  |170       
 [19, 7, 12, 0, 0]   |0.3266234491875662  |0.15198897355883909 |306       
 [19, 2, 5, 0, 0]    |0.25767747593077833 |0.19184902020895106 |118       
 [18, 4, 1, 0, 0]    |0.23448576083905096 |0.1664832767896121  |137       
 [7, 7, 1, 0, 0]     |0.285507889710601   |0.22969897869458417 |87        
 [12, 1, 4, 0, 0]    |0.24564126424662622 |0.2103709069170736  |62        
 [19, 4, 5, 0, 0]    |0.2719371653271693  |0.1786754496677379  |168       
Gen 4 Train time: 9.869004885355631 minutes:
 Average MSE:        0.5014401090920573
 Average Error:      0.7935636389878011
 Structure           |Error               |MSE                 |weights&biases
 [19, 3, 1, 0, 0]    |0.19921344105786865 |0.14647823019509443 |123       
 [19, 2, 1, 0, 0]    |0.20318218342937008 |0.15744922603117345 |102       
 [16, 1, 1, 0, 0]    |0.21711826315358915 |0.18271767400931874 |69        
 [1, 7, 5, 2, 0]     |2.8881605028198116  |2.4123944337799896  |72        
 [17, 4, 5, 2, 0]    |0.2529654646841893  |0.1683008204626147  |163       
 [18, 4, 4, 1, 0]    |1.9967804268478504  |1.3485583013485871  |157       
 [14, 11, 11, 6, 6]  |2.65447825638659    |0.8405054194891919  |460       
 [19, 4, 2, 1, 0]    |0.30520379377309825 |0.20871709650662823 |152       
 [15, 2, 6, 1, 15]   |0.2806436110986463  |0.19385017685987352 |148       
 [17, 7, 1, 5, 0]    |0.29325685572845783 |0.1774251563633784  |201       
 [17, 3, 1, 5, 0]    |0.24364868339241114 |0.17825718474216007 |125       
 [19, 4, 7, 0, 0]    |0.2633224177088004  |0.16790178648423887 |180       
 [17, 2, 1, 5, 0]    |0.20374484667827275 |0.1563142586484893  |106       
 [17, 6, 10, 2, 0]   |0.3694117675134077  |0.19576440540747378 |254       
 [7, 3, 1, 5, 0]     |0.32659693786641764 |0.2776126522047996  |65        
 [16, 4, 5, 0, 0]    |0.38552374956136576 |0.2669610581850056  |147       
 [18, 19, 4, 1, 0]   |0.7150378755234827  |0.20384002887746808 |502       
 [13, 5, 1, 0, 0]    |0.25092298876066804 |0.1872877256811546  |117       
 [19, 3, 18, 0, 0]   |0.24853563628518005 |0.14775954267438615 |208       
 [17, 6, 6, 5, 19]   |0.44656135868042407 |0.17707560926160545 |370       
 [19, 3, 6, 1, 0]    |1.0103761647578748  |0.6944207055840284  |150       
 [13, 5, 1, 11, 2]   |4.271381072002657   |2.834703116862103   |164       
 [13, 5, 1, 18, 0]   |0.3259792382842355  |0.2131153765698759  |170       
 [19, 4, 1, 0, 0]    |1.1830139054877782  |0.8253607952716552  |144       
 [18, 6, 7, 0, 0]    |0.30403153321258125 |0.173231945801138   |225       
Increasing Epochs
Gen 5 Train time: 11.17286335627238 minutes:
 Average MSE:        0.17932563238946994
 Average Error:      0.3544488545488943
 Structure           |Error               |MSE                 |weights&biases
 [19, 3, 1, 0, 0]    |0.2473909747516425  |0.18190234532083327 |123       
 [19, 2, 1, 0, 0]    |0.24105198642643025 |0.18679516114813136 |102       
 [17, 2, 1, 5, 0]    |0.20758659185226944 |0.15926166840427058 |106       
 [16, 16, 10, 14, 14]|1.5929055551477151  |0.1814200427335882  |869       
 [16, 4, 4, 9, 0]    |0.29619268092223616 |0.18373788273335032 |191       
 [19, 4, 5, 1, 0]    |0.26045644723997796 |0.17027855554776378 |170       
 [18, 5, 6, 1, 0]    |0.27963942989515067 |0.1721732130912071  |194       
 [19, 3, 4, 0, 0]    |0.20440055072177563 |0.1447606302811889  |138       
 [16, 14, 1, 0, 0]   |0.3648083955155481  |0.17103569406772673 |303       
 [18, 4, 6, 1, 14]   |0.3254529293680889  |0.19252342621658713 |210       
 [15, 2, 16, 17, 10] |0.9127490940153989  |0.2011319233715861  |605       
 [19, 2, 4, 0, 0]    |0.19617307070204051 |0.14752494548153852 |114       
 [19, 3, 1, 16, 0]   |0.2794111596404173  |0.18267057380099708 |170       
 [18, 3, 1, 3, 0]    |0.26820065557248596 |0.19621979131056597 |125       
 [16, 5, 2, 1, 0]    |0.2907306502280266  |0.1998160589176508  |150       
 [18, 2, 10, 0, 0]   |0.2476958482948729  |0.17762979397083795 |133       
 [18, 4, 4, 3, 0]    |0.29647350454784627 |0.19431058912285545 |169       
 [19, 4, 7, 0, 0]    |0.22463800667067155 |0.14323551697741987 |180       
 [14, 5, 10, 3, 0]   |0.3332479985276466  |0.19517311873986004 |214       
 [17, 3, 1, 5, 0]    |0.3174984581474073  |0.2322868341471044  |125       
 [17, 4, 3, 4, 0]    |0.28026280400979314 |0.18833602769522542 |159       
 [18, 14, 3, 0, 0]   |0.44142068343351226 |0.17547531038323844 |369       
 [18, 3, 3, 0, 0]    |0.20662962439344013 |0.15041948181933534 |127       
 [18, 2, 18, 0, 0]   |0.2580366782043405  |0.1708185254679754  |165       
 [17, 4, 4, 1, 10]   |0.28816758549362215 |0.18420369898591052 |179       
Result:  [19, 2, 4]
Fold 0
Fold 0 Train time: 19.24562867482503 minutes, MSE: 0.00618869665534492
Fold 1
Fold 1 Train time: 19.243620653947193 minutes, MSE: 0.007549809597943302
Fold 2
Fold 2 Train time: 19.153583367665608 minutes, MSE: 0.13472233092449357
Fold 3
Fold 3 Train time: 18.42170869509379 minutes, MSE: 0.017975212458315022
Fold 4
Fold 4 Train time: 18.03986930847168 minutes, MSE: 0.026497636602074392
Total Time: 149.8860165635745 minutes
CellsPerSensor: 7
 Resulting Network Architecture: [19, 2, 4]
 MSE after 5-Fold CV: 0.03858673724763424
 Weights and Biases: 114
 Objective Function Value: 0.05131117798100452
~/workspace/SolarCellResearch
