/tmp/tmp.QvFaLMllZ4 ~/workspace/SolarCellResearch
Using TensorFlow backend.
Genetically searching for best layer structure...
  Training on:     datasets/N1dataset10k36.mat
  Evaluating with: datasets/N1dataset100k36.mat
Gen 0 Train time: 8.94899423122406 minutes:
 Average MSE:        1.2972711421592777
 Average Error:      4.966814320780105
 Structure           |Error               |MSE                 |weights&biases
 [16, 0, 0, 0, 0]    |0.7785900632179633  |0.6618140814248787  |65        
 [4, 11, 9, 15, 9]   |9.782151424080714   |2.953702422404887   |479       
 [19, 15, 19, 0, 0]  |3.61463003523579    |0.6586845814244593  |681       
 [17, 0, 0, 0, 0]    |0.6908889233600739  |0.5814233001019121  |69        
 [19, 4, 10, 7, 5]   |3.1207846619368587  |1.43775729343789    |310       
 [2, 0, 0, 0, 0]     |4.41016152320675    |4.312040885537849   |9         
 [14, 16, 0, 0, 0]   |1.3714692996249556  |0.6494578419934413  |299       
 [10, 0, 0, 0, 0]    |0.9448970749291518  |0.8528434535965053  |41        
 [17, 10, 17, 0, 0]  |1.7881250219449951  |0.6011971251876218  |436       
 [8, 12, 4, 17, 19]  |5.84550646747443    |1.2070426063444197  |631       
 [17, 0, 0, 0, 0]    |0.7400822330063972  |0.6228223375888596  |69        
 [11, 0, 0, 0, 0]    |0.9539182234496254  |0.8524187938330534  |45        
 [2, 1, 9, 8, 19]    |11.369648309608024  |5.397562030824774   |298       
 [10, 0, 0, 0, 0]    |0.94776591919684    |0.8554328097475645  |41        
 [13, 18, 18, 19, 17]|41.608797609658474  |1.4166736531759523  |1352      
 [11, 10, 11, 0, 0]  |1.2463003988553052  |0.6096803240486371  |286       
 [13, 0, 0, 0, 0]    |0.7849250938804563  |0.6875181927834786  |53        
 [18, 13, 8, 11, 0]  |2.5336948721023287  |0.6836416932522422  |524       
 [18, 19, 0, 0, 0]   |1.7632967364925178  |0.5943334239226733  |435       
 [9, 14, 0, 0, 0]    |1.0316776639522613  |0.6545457974720872  |182       
 [6, 13, 14, 0, 0]   |2.133962132131239   |0.9588509942959071  |320       
 [18, 0, 0, 0, 0]    |0.8253906151604682  |0.6877027857942604  |73        
 [4, 3, 19, 17, 13]  |13.519383767055038  |2.4027754104048697  |691       
 [12, 10, 16, 15, 18]|8.657654517061042   |0.9034304456946005  |904       
 [6, 16, 18, 0, 0]   |3.7066554328809027  |1.1884262696891155  |455       
Gen 1 Train time: 8.449998676776886 minutes:
 Average MSE:        0.9718238634069054
 Average Error:      1.4505571602319318
 Structure           |Error               |MSE                 |weights&biases
 [17, 0, 0, 0, 0]    |0.7651871778707554  |0.6439496120296229  |69        
 [17, 0, 0, 0, 0]    |0.743814111905346   |0.6259629312091117  |69        
 [16, 0, 0, 0, 0]    |0.8089924099098688  |0.6876565652936093  |65        
 [13, 0, 0, 0, 0]    |0.8367240164530239  |0.7328890210483305  |53        
 [14, 0, 0, 0, 0]    |0.723273548456211   |0.6272138195700223  |57        
 [11, 5, 6, 0, 0]    |1.0780321894901437  |0.7673113194618824  |136       
 [18, 0, 0, 0, 0]    |0.7670038092702456  |0.6390557957185027  |73        
 [11, 0, 0, 0, 0]    |0.8367345080060319  |0.7477037365883391  |45        
 [13, 7, 6, 0, 0]    |0.9935481393958896  |0.614791087618069   |192       
 [18, 2, 15, 0, 0]   |1.119093820113867   |0.7633942037583762  |153       
 [16, 13, 9, 0, 0]   |1.5417181366671437  |0.5601209523055173  |405       
 [10, 7, 0, 0, 0]    |0.9241233107853891  |0.6932186876255848  |115       
 [13, 4, 16, 8, 19]  |3.4238402509076105  |0.976054163712513   |502       
 [18, 2, 5, 4, 3]    |4.4922889742461445  |3.087502049230269   |150       
 [15, 8, 10, 0, 0]   |1.0885702068339624  |0.5487376054712474  |274       
 [1, 0, 0, 0, 0]     |5.67158685721327    |5.601133273756687   |5         
 [14, 7, 0, 0, 0]    |0.8215559221363077  |0.5576324247789466  |155       
 [14, 7, 5, 0, 0]    |1.1162321512509001  |0.6889813084610117  |193       
 [18, 14, 0, 0, 0]   |1.150222018419009   |0.4978059100585601  |335       
 [11, 18, 0, 0, 0]   |1.4723459350017365  |0.7534120444095357  |268       
 [17, 6, 14, 0, 0]   |1.2150023836916393  |0.6155408533428803  |272       
 [14, 3, 4, 0, 0]    |0.9525857252435537  |0.7271844092489286  |108       
 [15, 5, 9, 0, 0]    |1.1195454350821312  |0.697971325080014   |189       
 [16, 11, 6, 0, 0]   |1.7816748160561453  |0.8126569857785126  |314       
 [14, 4, 0, 0, 0]    |0.820233151391965   |0.6277164996165591  |107       
Increasing Epochs
Gen 2 Train time: 10.022840472062429 minutes:
 Average MSE:        0.9496642912192153
 Average Error:      1.588205963998405
 Structure           |Error               |MSE                 |weights&biases
 [14, 0, 0, 0, 0]    |0.7203736819851139  |0.6246990914571775  |57        
 [17, 0, 0, 0, 0]    |0.7874694667429385  |0.6627014569237069  |69        
 [17, 0, 0, 0, 0]    |0.6747895175773122  |0.5678747117204848  |69        
 [16, 7, 6, 0, 0]    |1.4451062210495749  |0.8295953959869662  |222       
 [8, 4, 3, 0, 0]     |1.0473008877616397  |0.8596037699365395  |79        
 [3, 9, 18, 0, 0]    |3.2108913601412032  |1.7446406110365256  |244       
 [13, 4, 18, 0, 0]   |1.1235017419560605  |0.6746578288324936  |204       
 [14, 5, 8, 0, 0]    |1.045515550689298   |0.6767252748418164  |174       
 [16, 2, 0, 0, 0]    |0.7167351957722184  |0.5795236366123031  |85        
 [17, 4, 5, 15, 0]   |1.3653897633756482  |0.7235684909982835  |254       
 [19, 14, 0, 0, 0]   |1.4075502498337378  |0.583827790964175   |352       
 [14, 4, 1, 0, 0]    |3.408322230772982   |2.595346816800788   |109       
 [14, 6, 8, 4, 10]   |2.0025811006495706  |0.9820990588136125  |285       
 [17, 4, 5, 0, 0]    |1.083209201702097   |0.7370703904408553  |154       
 [14, 2, 12, 0, 0]   |1.4326185823376982  |1.0586599880417606  |121       
 [16, 4, 3, 0, 0]    |0.9016827384013503  |0.6433974985450502  |135       
 [11, 5, 16, 13, 20] |5.0042710043003185  |0.846023407492552   |711       
 [16, 4, 2, 0, 0]    |1.3012114382250137  |0.9425141995845323  |129       
 [15, 2, 0, 0, 0]    |0.99749766458674    |0.8166820141206298  |80        
 [14, 2, 0, 0, 0]    |1.0973213585564974  |0.909711358244612   |75        
 [12, 0, 0, 0, 0]    |0.7750339261333354  |0.6856770909816935  |49        
 [16, 4, 5, 0, 0]    |1.0675142589203828  |0.7392144751476717  |147       
 [13, 3, 5, 0, 0]    |0.9284464207037713  |0.7105310682659682  |107       
 [2, 3, 17, 5, 9]    |4.787824948973283   |2.6473952356506816  |237       
 [14, 4, 2, 14, 0]   |1.372990588812339   |0.8998666190394984  |169       
Gen 3 Train time: 10.003227690855661 minutes:
 Average MSE:        0.78093959519189
 Average Error:      1.6941822412950431
 Structure           |Error               |MSE                 |weights&biases
 [17, 0, 0, 0, 0]    |0.6547443967845832  |0.5510055741671305  |69        
 [16, 2, 0, 0, 0]    |0.7666001777508242  |0.6198424822142881  |85        
 [14, 0, 0, 0, 0]    |0.6984773758458254  |0.6057108872882134  |57        
 [17, 1, 0, 0, 0]    |0.9744936399781274  |0.8160029682184211  |71        
 [13, 4, 4, 0, 0]    |0.9883475976485411  |0.7321859087050425  |120       
 [13, 0, 0, 0, 0]    |0.7419931123608258  |0.649913944203441   |53        
 [13, 5, 7, 17, 9]   |2.502566918804758   |0.7943881944155883  |459       
 [16, 2, 1, 7, 0]    |1.104124487622336   |0.8449757941812555  |107       
 [16, 4, 3, 0, 0]    |0.9587370224912122  |0.6841086956228369  |135       
 [17, 2, 3, 0, 0]    |1.16373239249447    |0.9063156985602528  |100       
 [15, 16, 0, 0, 0]   |1.1220850588539966  |0.5067125565654773  |318       
 [16, 6, 14, 13, 0]  |1.9149656993244082  |0.6109132629165537  |457       
 [16, 3, 3, 1, 0]    |1.8062249981125666  |1.3481577500561641  |117       
 [4, 8, 14, 20, 14]  |16.04779616234933   |2.2435771394903603  |787       
 [17, 4, 5, 3, 0]    |1.0447291877840068  |0.68301237661643    |170       
 [17, 7, 0, 0, 0]    |0.754384933753945   |0.47504178090001437 |185       
 [11, 4, 11, 0, 0]   |0.9610439825726043  |0.6638260720153453  |148       
 [10, 2, 8, 0, 0]    |1.1601146365699484  |0.9380226575141443  |85        
 [13, 2, 9, 0, 0]    |0.8688151272034129  |0.6699012816003187  |104       
 [14, 1, 0, 0, 0]    |1.2505540682995022  |1.0790561326256245  |59        
 [14, 3, 3, 0, 0]    |0.844711429623007   |0.6529464146355795  |103       
 [19, 6, 9, 0, 0]    |0.99334690971326    |0.531700285908044   |250       
 [18, 7, 0, 0, 0]    |1.1214591466381025  |0.6887552106892357  |195       
 [14, 3, 4, 0, 0]    |0.9319470260827603  |0.7114292495197917  |108       
 [17, 8, 6, 0, 0]    |0.9785605437137262  |0.5159875611676943  |256       
Gen 4 Train time: 9.821599173545838 minutes:
 Average MSE:        0.8348118355340571
 Average Error:      1.1908254669369907
 Structure           |Error               |MSE                 |weights&biases
 [17, 0, 0, 0, 0]    |0.7451579204952375  |0.6270938244665114  |69        
 [14, 0, 0, 0, 0]    |0.8108677368355917  |0.7031744095609526  |57        
 [13, 0, 0, 0, 0]    |0.7500573271378242  |0.6569774135878765  |53        
 [18, 3, 5, 0, 0]    |0.9204994172453508  |0.6535482526426086  |137       
 [16, 4, 0, 0, 0]    |0.6671748988258106  |0.49302122638962337 |121       
 [15, 4, 3, 0, 0]    |1.0003717709528837  |0.7264189981931393  |128       
 [15, 7, 5, 0, 0]    |1.087507895092096   |0.6546783345967598  |203       
 [17, 3, 3, 2, 0]    |1.1076273999311592  |0.8043025698964472  |128       
 [14, 5, 4, 0, 0]    |0.9720846752683125  |0.6748179259410702  |146       
 [17, 4, 0, 0, 0]    |0.8007066238202082  |0.5814323438655702  |128       
 [16, 7, 0, 0, 0]    |0.7305956113759521  |0.47170797989956836 |175       
 [17, 2, 3, 0, 0]    |0.8555623907015333  |0.6663126598447974  |100       
 [14, 12, 8, 2, 0]   |1.9687379451320528  |0.8268704063735639  |347       
 [15, 1, 1, 2, 0]    |3.9544918742711435  |3.3196259674316932  |70        
 [7, 16, 2, 0, 0]    |1.6715737235180397  |1.0499741366542434  |186       
 [15, 0, 0, 0, 0]    |0.7054180575186871  |0.6056429472401125  |61        
 [18, 7, 5, 0, 0]    |1.1244751751076099  |0.6280198000875102  |233       
 [17, 1, 0, 0, 0]    |1.6090988904113752  |1.3473966549049217  |71        
 [16, 4, 12, 0, 0]   |1.023711491790041   |0.6382244472033549  |189       
 [17, 5, 0, 0, 0]    |0.8072622285810952  |0.5589994884102247  |147       
 [15, 5, 5, 0, 0]    |0.8257494049110196  |0.5521343164642081  |161       
 [14, 11, 0, 0, 0]   |0.9786035384762641  |0.5660184046387217  |219       
 [13, 2, 2, 0, 0]    |1.0729615923396638  |0.8872953891556993  |76        
 [16, 2, 2, 0, 0]    |0.9690867426084923  |0.7718993188636329  |91        
 [6, 3, 9, 6, 14]    |2.6112523410773214  |1.4047086720386168  |248       
Increasing Epochs
Gen 5 Train time: 11.474462795257569 minutes:
 Average MSE:        0.8141234562920756
 Average Error:      2.536328500063526
 Structure           |Error               |MSE                 |weights&biases
 [16, 4, 0, 0, 0]    |0.6401249989314606  |0.4730322027571397  |121       
 [15, 0, 0, 0, 0]    |0.7350749427492197  |0.6311051298218302  |61        
 [16, 7, 0, 0, 0]    |0.6463399786864032  |0.4173084548103114  |175       
 [14, 8, 2, 0, 0]    |0.938776564703743   |0.5941177313393003  |183       
 [16, 17, 2, 0, 0]   |1.909015402382725   |0.7457145542988399  |376       
 [17, 7, 3, 0, 0]    |1.2485557112219852  |0.7478801450526988  |205       
 [15, 5, 1, 0, 0]    |1.4284012277712024  |1.0243474710752452  |133       
 [14, 4, 5, 0, 0]    |0.9107233366973412  |0.6531058141491317  |133       
 [15, 2, 0, 0, 0]    |0.748487746966416   |0.6128099367434556  |80        
 [16, 4, 3, 1, 0]    |1.585978770503374   |1.1260340145489518  |137       
 [16, 5, 9, 13, 0]   |1.639509237401953   |0.716696335915657   |331       
 [15, 5, 4, 0, 0]    |0.855807648013789   |0.5823348585597344  |154       
 [4, 18, 17, 15, 14] |16.450203030009792  |1.5925520929934858  |934       
 [15, 10, 0, 0, 0]   |0.7377875697589203  |0.4299444169002638  |216       
 [16, 5, 2, 11, 0]   |1.1858342180247914  |0.7374525796345003  |190       
 [16, 0, 0, 0, 0]    |0.7039546459676702  |0.5983727758614433  |65        
 [13, 9, 0, 0, 0]    |0.8284119661054823  |0.5348629651912374  |175       
 [16, 4, 0, 0, 0]    |0.6191042770370268  |0.4574985516766983  |121       
 [16, 2, 6, 0, 0]    |0.9728467372271866  |0.7445102011779309  |107       
 [15, 7, 1, 0, 0]    |1.4230123044419034  |0.9373260977309487  |167       
 [14, 4, 4, 0, 0]    |1.0389085827092712  |0.7562908325828126  |127       
 [4, 13, 12, 16, 16] |20.593580220261163  |3.221926225672602   |742       
 [15, 3, 3, 0, 0]    |0.9531235674133753  |0.7257782713059678  |109       
 [13, 14, 9, 10, 11] |3.688110345918654   |0.8167797743534353  |603       
 [15, 13, 0, 0, 0]   |0.9265394706832857  |0.47530497314826975 |267       
Gen 6 Train time: 11.161102747917175 minutes:
 Average MSE:        0.7287212134974627
 Average Error:      1.0773595090205468
 Structure           |Error               |MSE                 |weights&biases
 [16, 4, 0, 0, 0]    |0.6423435697938673  |0.4746716567134278  |121       
 [16, 4, 0, 0, 0]    |0.6307049500553588  |0.46607108347984144 |121       
 [16, 7, 0, 0, 0]    |0.8027431768768037  |0.518289949250553   |175       
 [16, 4, 11, 0, 0]   |0.9412371360735993  |0.595674937958022   |183       
 [14, 7, 2, 0, 0]    |0.9121471304075005  |0.6023274921375334  |166       
 [13, 2, 18, 2, 8]   |1.421824625916942   |0.8798014645783827  |192       
 [15, 5, 0, 0, 0]    |0.5825541586174658  |0.41986035054503346 |131       
 [15, 12, 6, 0, 0]   |1.2279468013650732  |0.5490001893475045  |322       
 [15, 4, 2, 0, 0]    |1.4450437808622119  |1.0651755478927893  |122       
 [15, 4, 3, 0, 0]    |0.8585110786334383  |0.623406993066767   |128       
 [16, 8, 1, 0, 0]    |1.5602934776221746  |0.9582696490891403  |195       
 [6, 9, 0, 0, 0]     |1.538448191661395   |1.225408478970572   |91        
 [16, 3, 2, 0, 0]    |0.8296008622399724  |0.6301416883608805  |110       
 [16, 6, 1, 0, 0]    |2.3238156035149986  |1.5615993046544443  |159       
 [16, 6, 0, 0, 0]    |0.7535258429342548  |0.5089059954247592  |157       
 [15, 8, 0, 0, 0]    |0.8258653542088448  |0.5239685957766452  |182       
 [16, 14, 0, 0, 0]   |1.3259013765120742  |0.6247476394346504  |301       
 [16, 3, 1, 6, 0]    |1.180912424196596   |0.8704781509847921  |122       
 [8, 4, 5, 0, 0]     |1.2692268384204228  |1.010967634768241   |91        
 [15, 3, 20, 0, 0]   |0.9801517398235591  |0.6034766786130022  |194       
 [16, 2, 3, 0, 0]    |0.8523647026661598  |0.6721721545045434  |95        
 [16, 4, 8, 3, 0]    |1.3879284272029244  |0.8696297743218752  |187       
 [17, 4, 0, 0, 0]    |0.7743388597444004  |0.5622854173721361  |128       
 [16, 5, 2, 0, 0]    |0.9883761603785715  |0.6827053455570112  |148       
 [15, 2, 0, 0, 0]    |0.8781814557850562  |0.7189941646340176  |80        
Gen 7 Train time: 11.34320650100708 minutes:
 Average MSE:        0.8929037261470253
 Average Error:      1.852444257347122
 Structure           |Error               |MSE                 |weights&biases
 [15, 5, 0, 0, 0]    |0.7624861176639793  |0.5495415042746925  |131       
 [16, 4, 0, 0, 0]    |0.7410541544012706  |0.5476156681959172  |121       
 [16, 4, 0, 0, 0]    |0.6834433265481062  |0.5050430818299181  |121       
 [16, 4, 1, 0, 0]    |1.1659924548062064  |0.8573342757090069  |123       
 [16, 5, 0, 0, 0]    |0.6497595470052688  |0.45902394055183293 |139       
 [16, 17, 0, 0, 0]   |1.4289776798975489  |0.5882867849017194  |355       
 [16, 6, 1, 18, 0]   |1.2878668971384124  |0.7580448559399127  |212       
 [16, 6, 0, 0, 0]    |0.8687328373774028  |0.5867129223360906  |157       
 [16, 3, 2, 0, 0]    |0.8846728833910104  |0.6719728603968648  |110       
 [15, 7, 1, 0, 0]    |1.5506178791348073  |1.0213788040935434  |167       
 [16, 6, 2, 0, 0]    |1.1686648278152227  |0.769789578903937   |167       
 [20, 4, 2, 8, 0]    |1.3514565699386278  |0.8467777220256565  |187       
 [16, 6, 1, 0, 0]    |1.341630743049605   |0.9015730991220906  |159       
 [16, 3, 11, 0, 0]   |0.7360263167987858  |0.4995790653792252  |155       
 [14, 3, 2, 3, 0]    |1.11253439563353    |0.8492859443710807  |108       
 [1, 12, 11, 13, 13] |20.843171387925295  |5.652095623653617   |522       
 [15, 4, 9, 1, 4]    |2.18700404295103    |1.4049933790035987  |177       
 [16, 5, 1, 16, 0]   |1.3207911319279013  |0.8254974533826143  |188       
 [16, 7, 0, 0, 0]    |0.827879317236305   |0.5345190612337497  |175       
 [16, 4, 5, 5, 0]    |1.089769105463605   |0.7000985584612948  |177       
 [16, 6, 10, 0, 0]   |1.0650253516774137  |0.5977985846517739  |231       
 [16, 6, 16, 0, 0]   |0.9802320318365758  |0.48798726578991214 |279       
 [9, 6, 0, 0, 0]     |0.7250712436990097  |0.5732201891724901  |94        
 [16, 4, 2, 0, 0]    |0.8543674016850826  |0.6188490080050179  |129       
 [12, 4, 4, 0, 0]    |0.6838787886760487  |0.5155739222900811  |113       
Result:  [16, 5]
Fold 0
Fold 0 Train time: 19.39034278790156 minutes, MSE: 0.9137717955937374
Fold 1
Fold 1 Train time: 19.428160750865935 minutes, MSE: 0.4042811526404791
Fold 2
Fold 2 Train time: 19.392875719070435 minutes, MSE: 0.37753218768092256
Fold 3
Fold 3 Train time: 19.55205557346344 minutes, MSE: 1.0397274938059013
Fold 4
Fold 4 Train time: 19.4259823123614 minutes, MSE: 0.34649024082103846
Total Time: 178.42129563887914 minutes
CellsPerSensor: 1
 Resulting Network Architecture: [16, 5]
 MSE after 5-Fold CV: 0.6163605741084157
 Weights and Biases: 139
 Objective Function Value: 0.8724733767548857
~/workspace/SolarCellResearch
