/tmp/tmp.uaSrFVvamn ~/workspace/SolarCellResearch
Using TensorFlow backend.
Genetically searching for best layer structure...
  Training on:     datasets/N9dataset10k4.mat
  Evaluating with: datasets/N9dataset100k4.mat
Gen 0 Train time: 8.581462224324545 minutes:
 Average MSE:        1.046023272537597
 Average Error:      4.1295483280025405
 Structure           |Error               |MSE                 |weights&biases
 [16, 10, 1, 2, 12]  |0.45049308187360704 |0.2225924943968233  |282       
 [3, 0, 0, 0, 0]     |2.3689060529803556  |2.2931542408262535  |13        
 [7, 9, 12, 0, 0]    |0.9983420462436066  |0.5674178319172395  |226       
 [19, 6, 10, 1, 1]   |5.489811243574357   |2.8516388755758313  |262       
 [2, 11, 17, 0, 0]   |3.0312734872280203  |1.5785123044895708  |261       
 [7, 10, 3, 9, 0]    |0.3435028181672935  |0.21902706702488142 |180       
 [1, 12, 12, 1, 0]   |5.775872653197935   |3.5208039336378065  |198       
 [12, 19, 8, 17, 13] |1.3709634015880903  |0.16621281486313166 |844       
 [8, 16, 19, 19, 0]  |1.8672549257193856  |0.2012855762730464  |891       
 [10, 8, 6, 6, 0]    |0.40803137957615615 |0.23482582806297359 |221       
 [1, 0, 0, 0, 0]     |2.989712740349393   |2.952573932222788   |5         
 [8, 2, 0, 0, 0]     |0.23842906943536343 |0.21305958392099283 |45        
 [4, 17, 0, 0, 0]    |0.6884812427955368  |0.5164549557568627  |115       
 [19, 16, 0, 0, 0]   |0.4559405050044502  |0.17026606971797265 |394       
 [16, 20, 8, 0, 0]   |0.6340652653183899  |0.15441625202515927 |565       
 [18, 4, 13, 1, 0]   |2.3918429116563265  |1.4113746542538597  |211       
 [17, 18, 20, 20, 2] |60.10360255289405   |2.846441968937693   |1220      
 [1, 4, 15, 0, 0]    |2.4422171385413294  |1.8925143522589791  |102       
 [10, 20, 4, 6, 12]  |2.832571648399748   |0.8946568954113763  |461       
 [5, 14, 18, 2, 9]   |1.5267041028201604  |0.5031390179946407  |444       
 [7, 14, 17, 11, 8]  |1.9450340328957123  |0.34568734989468164 |691       
 [10, 17, 0, 0, 0]   |0.4977893282554359  |0.2766289152443385  |235       
 [12, 6, 9, 12, 4]   |3.653133612473775   |1.5077000187500222  |354       
 [14, 0, 0, 0, 0]    |0.24083030394336175 |0.2088450422761043  |57        
 [4, 2, 15, 0, 0]    |0.4939026551316883  |0.4013518377069015  |83        
Gen 1 Train time: 8.53929107983907 minutes:
 Average MSE:        0.44474225611271445
 Average Error:      1.1232244590374096
 Structure           |Error               |MSE                 |weights&biases
 [8, 2, 0, 0, 0]     |0.3720503354838219  |0.33246319277917646 |45        
 [14, 0, 0, 0, 0]    |0.2934673850559262  |0.2544912639111921  |57        
 [7, 10, 3, 9, 0]    |1.352124813498608   |0.8621528455930523  |180       
 [11, 19, 6, 11, 1]  |11.464057390630737  |3.522661094243989   |472       
 [7, 10, 3, 9, 0]    |0.30636464418720094 |0.19534672179534718 |180       
 [9, 5, 3, 3, 0]     |0.2552644756363273  |0.1934076557008365  |111       
 [11, 5, 2, 5, 0]    |0.335949339166182   |0.24517209004152152 |126       
 [11, 1, 0, 0, 0]    |0.23056172674299263 |0.20500177170540917 |47        
 [11, 16, 2, 5, 0]   |0.3942132405425325  |0.19576050181340948 |280       
 [11, 1, 19, 0, 0]   |0.5915759962184169  |0.457277375644931   |103       
 [12, 10, 3, 3, 0]   |0.3673185456287045  |0.21459004560829048 |215       
 [14, 9, 0, 0, 0]    |0.2590765356496095  |0.16232873742856388 |187       
 [12, 4, 3, 3, 0]    |0.24711664868874933 |0.183526759838536   |119       
 [9, 1, 8, 0, 0]     |1.020635517906354   |0.87408774821385    |62        
 [14, 9, 16, 0, 0]   |0.4417478263587208  |0.18231558895345662 |354       
 [8, 14, 2, 5, 20]   |0.7853842369624626  |0.33905864003201314 |336       
 [15, 3, 2, 8, 13]   |0.3574707076662454  |0.1884915959697185  |256       
 [18, 18, 4, 0, 0]   |0.4915681872987805  |0.14917209851720054 |477       
 [16, 9, 0, 0, 0]    |0.30981502486797646 |0.18281513032262212 |211       
 [12, 3, 18, 5, 20]  |0.5644532271527981  |0.21666611390955043 |383       
 [11, 5, 2, 5, 11]   |0.4001473123019871  |0.2439181602121019  |198       
 [13, 14, 1, 1, 6]   |1.7131792228085485  |0.8700982340350567  |271       
 [8, 2, 13, 0, 0]    |0.2613698337254082  |0.20611543827209783 |95        
 [9, 10, 0, 0, 0]    |0.43478152741642495 |0.30792112702813046 |138       
 [10, 18, 16, 17, 13]|4.830917774339723   |0.3337164712478099  |1069      
Gen 2 Train time: 8.775736570358276 minutes:
 Average MSE:        0.4391915702823226
 Average Error:      0.7133835387216655
 Structure           |Error               |MSE                 |weights&biases
 [11, 1, 0, 0, 0]    |0.2113993291672611  |0.18796370771863433 |47        
 [12, 4, 3, 3, 0]    |0.25841518367642    |0.1919178720044398  |119       
 [9, 5, 3, 3, 0]     |0.32569136417051603 |0.24676838823420866 |111       
 [14, 8, 3, 3, 18]   |0.4532105396273453  |0.21840623345004967 |292       
 [13, 7, 1, 3, 6]    |1.566659742793629   |0.9939640902817117  |182       
 [12, 4, 12, 6, 7]   |0.6279410139759639  |0.3094963303242924  |283       
 [9, 8, 3, 10, 6]    |1.4367280170322911  |0.7748144619751776  |247       
 [8, 6, 8, 5, 0]     |0.31217116638017633 |0.19657649588113632 |185       
 [10, 9, 8, 3, 0]    |1.5797027001871518  |0.8669592234318622  |240       
 [10, 6, 0, 0, 0]    |0.2644487161722728  |0.20441399870335614 |103       
 [11, 4, 3, 9, 13]   |0.4227631764491294  |0.21204789218923353 |276       
 [10, 3, 2, 2, 0]    |1.0486482228843215  |0.8585605492359678  |80        
 [9, 13, 3, 7, 0]    |0.6529594287546568  |0.36285924229833305 |235       
 [14, 6, 9, 3, 10]   |0.3201934583491792  |0.1606013761794471  |276       
 [10, 9, 8, 3, 13]   |1.9055590647683882  |0.8956329874371391  |302       
 [10, 2, 0, 0, 0]    |1.047914526493507   |0.9132935057000982  |55        
 [11, 3, 1, 3, 6]    |1.200217590147061   |0.9116518232799582  |110       
 [16, 14, 2, 3, 0]   |0.3467799582373403  |0.15235151547183085 |329       
 [10, 2, 7, 0, 0]    |0.32002501144678425 |0.2613601009418944  |81        
 [12, 10, 10, 5, 0]  |0.40641364984878214 |0.17501496471533423 |337       
 [13, 2, 4, 4, 7]    |0.22449448983406653 |0.15740957441830428 |142       
 [11, 10, 2, 2, 0]   |0.28721065709017063 |0.18131139063632254 |184       
 [11, 4, 3, 3, 0]    |0.3662705202661374  |0.27682130419167644 |112       
 [13, 3, 1, 3, 0]    |1.3255382827793474  |1.0453153686761885  |95        
 [9, 14, 10, 13, 7]  |0.9232326575097397  |0.22427685968146624 |566       
Gen 3 Train time: 8.657671511173248 minutes:
 Average MSE:        0.5619361573999675
 Average Error:      0.8797263818124774
 Structure           |Error               |MSE                 |weights&biases
 [11, 1, 0, 0, 0]    |0.2113976812240404  |0.18796224246555576 |47        
 [13, 2, 4, 4, 7]    |0.28119569392550314 |0.19716695292516886 |142       
 [12, 4, 3, 3, 0]    |0.2714658531575505  |0.2016102464207516  |119       
 [12, 3, 2, 2, 0]    |0.38448226520298767 |0.3054840792703721  |92        
 [11, 3, 5, 2, 0]    |0.37522687014231887 |0.2893192732593438  |104       
 [6, 6, 5, 1, 0]     |2.2704452495451473  |1.7550124614491303  |103       
 [15, 19, 2, 1, 6]   |0.593929619126189   |0.21256776380469797 |411       
 [10, 4, 4, 3, 0]    |0.28145298935219776 |0.21218646354203438 |113       
 [11, 8, 7, 1, 0]    |0.358249028421963   |0.216205286043975   |202       
 [12, 2, 2, 2, 4]    |0.259333244949937   |0.20656474424232601 |91        
 [11, 4, 0, 0, 0]    |0.36243765219203566 |0.2923209859734536  |86        
 [8, 7, 10, 8, 5]    |0.48039457130754437 |0.22354389428525973 |306       
 [2, 6, 5, 2, 0]     |2.235989221179151   |1.8583402203691708  |74        
 [1, 18, 5, 5, 3]    |5.6092211797721605  |3.5233487357881472  |186       
 [12, 3, 4, 4, 4]    |1.1675615183622439  |0.8310356387698971  |136       
 [12, 4, 8, 2, 5]    |0.6668484350373652  |0.4392473905112901  |167       
 [13, 3, 4, 4, 4]    |1.1262496138144276  |0.7896963196305871  |142       
 [12, 6, 5, 2, 5]    |0.32737627764057864 |0.20770321410352008 |182       
 [20, 15, 19, 3, 19] |1.4263334363420515  |0.1768606969748625  |835       
 [13, 15, 1, 2, 0]   |0.3698294688160177  |0.18736189317973448 |272       
 [11, 4, 2, 6, 10]   |1.4259568727988763  |0.8867812703572125  |190       
 [10, 5, 3, 6, 11]   |0.3022478732094289  |0.1761344198965499  |216       
 [7, 2, 4, 4, 19]    |0.5043235234936032  |0.31837119242593964 |184       
 [10, 4, 4, 0, 0]    |0.2426739051401353  |0.18946770502321028 |99        
 [11, 10, 7, 20, 0]  |0.45853750115847935 |0.16411084428699468 |411       
Gen 4 Train time: 8.55313796599706 minutes:
 Average MSE:        0.8548803703696863
 Average Error:      1.2859548934504246
 Structure           |Error               |MSE                 |weights&biases
 [11, 1, 0, 0, 0]    |0.3039430121277297  |0.2702480453450064  |47        
 [10, 4, 4, 0, 0]    |0.30594158006748107 |0.23886395619292938 |99        
 [12, 2, 2, 2, 4]    |1.9447204468780117  |1.5490134394829584  |91        
 [20, 10, 3, 3, 0]   |0.4618219470642235  |0.20802940103307516 |319       
 [12, 4, 3, 1, 3]    |2.076375444401637   |1.5497967586106476  |117       
 [9, 3, 5, 19, 10]   |0.7624244652631411  |0.27908138495289314 |402       
 [11, 7, 4, 10, 0]   |0.5334616935303038  |0.3155721264920571  |210       
 [11, 4, 4, 2, 0]    |0.25248277143355036 |0.18987064308809248 |114       
 [12, 2, 1, 1, 2]    |2.0389545750786557  |1.6945838819277614  |74        
 [11, 3, 2, 0, 0]    |1.061942895757339   |0.8694453067692189  |80        
 [12, 3, 4, 4, 4]    |1.8293293762620482  |1.3020623605811616  |136       
 [11, 5, 14, 1, 3]   |0.374718750344812   |0.2261448550501473  |202       
 [11, 4, 4, 4, 6]    |0.35331924334058995 |0.23802412172106885 |158       
 [12, 3, 4, 2, 2]    |1.97148430900245    |1.497484522493701   |110       
 [11, 5, 3, 5, 6]    |0.32432407451792766 |0.20992351411823815 |174       
 [12, 10, 3, 1, 0]   |1.4288250858582066  |0.8558608181133713  |205       
 [11, 3, 0, 0, 0]    |0.3646356263649978  |0.30380880451650444 |73        
 [13, 2, 3, 13, 6]   |2.0160956096272606  |1.166097582619799   |219       
 [9, 3, 2, 2, 10]    |0.2781469670132031  |0.2102189554038009  |112       
 [6, 3, 2, 20, 2]    |5.1519707462651105  |3.523233974761691   |152       
 [9, 3, 4, 8, 10]    |0.41725766398118463 |0.2443749998713353  |214       
 [12, 2, 11, 1, 9]   |1.0407125417349343  |0.7426024892567858  |135       
 [11, 7, 5, 4, 6]    |0.37782140751275445 |0.21907663871616637 |218       
 [12, 3, 17, 3, 2]   |5.517754491488542   |3.280418423844769   |208       
 [11, 16, 18, 6, 0]  |0.9604076113445251  |0.18817225427897505 |652       
Increasing Epochs
Gen 5 Train time: 9.964240912596384 minutes:
 Average MSE:        0.9193854594940762
 Average Error:      1.539753320531665
 Structure           |Error               |MSE                 |weights&biases
 [11, 4, 4, 2, 0]    |0.27895015126231015 |0.20977448999380516 |114       
 [9, 3, 2, 2, 10]    |0.5693829882508213  |0.43033040518144716 |112       
 [11, 1, 0, 0, 0]    |0.2882383628527585  |0.25628440545186004 |47        
 [10, 2, 1, 1, 5]    |0.4397703625700776  |0.3664099129481829  |73        
 [9, 3, 3, 5, 10]    |1.5101453022180067  |1.0122806685032786  |160       
 [11, 4, 2, 1, 0]    |0.22992808458611402 |0.18086783737710443 |96        
 [10, 2, 1, 4, 5]    |1.8035481662198665  |1.425832606114788   |94        
 [9, 3, 4, 5, 10]    |0.35366016116687    |0.231791081535005   |169       
 [11, 4, 2, 2, 3]    |1.1099814977198839  |0.8431110029635228  |110       
 [10, 3, 1, 1, 5]    |1.0620355660864353  |0.8587198132594809  |85        
 [11, 19, 2, 2, 9]   |0.5075572030672678  |0.21477896294531756 |344       
 [12, 2, 6, 1, 19]   |0.47423613861933583 |0.33003720165165684 |145       
 [2, 4, 20, 2, 5]    |3.843641198939543   |2.4446944510090622  |181       
 [10, 4, 4, 1, 8]    |0.2800499466811067  |0.20540178098403222 |124       
 [10, 4, 4, 5, 5]    |0.2706162068111835  |0.18368119262800953 |155       
 [10, 2, 4, 5, 5]    |0.7647198327353267  |0.5594809813946268  |125       
 [10, 3, 1, 20, 5]   |3.8100093421332684  |2.209202611484029   |218       
 [10, 5, 5, 15, 5]   |0.4802717188953082  |0.2320266010450664  |291       
 [10, 5, 4, 17, 8]   |0.5422308393132677  |0.22773708179895266 |347       
 [2, 6, 5, 2, 3]     |2.865997657175059   |2.323132549893568   |84        
 [10, 4, 3, 2, 5]    |1.1638715445474295  |0.8665391286682975  |118       
 [11, 5, 4, 3, 3]    |1.22654270747906    |0.8472151560486771  |148       
 [16, 16, 1, 10, 1]  |8.880492757027275   |3.5213943950292212  |370       
 [10, 4, 3, 18, 5]   |5.4495428002304305  |2.8307217523080928  |262       
 [18, 2, 11, 4, 5]   |0.2884124767036189  |0.1731904171348188  |204       
Increasing Epochs
Gen 6 Train time: 11.42777445713679 minutes:
 Average MSE:        0.6380903936811775
 Average Error:      1.0993355413229273
 Structure           |Error               |MSE                 |weights&biases
 [11, 4, 2, 1, 0]    |1.0911044696568886  |0.8582931751663543  |96        
 [10, 4, 4, 5, 5]    |0.2815720390054595  |0.19111748163445866 |155       
 [11, 4, 4, 2, 0]    |0.30911899701024265 |0.23246189203261308 |114       
 [10, 11, 3, 4, 10]  |1.700968595118402   |0.8791478883154168  |264       
 [11, 3, 5, 3, 12]   |0.3037908070521782  |0.19960478366268322 |168       
 [11, 2, 1, 1, 3]    |2.597697785663189   |2.169779578613485   |72        
 [6, 4, 7, 4, 8]     |1.317823623606226   |0.878957797746839   |162       
 [11, 3, 4, 9, 7]    |1.2504639819449872  |0.743426531762925   |208       
 [14, 3, 8, 3, 7]    |0.3708028466152249  |0.23525511254444798 |182       
 [11, 3, 3, 2, 3]    |1.1312073065003392  |0.87659120442123    |102       
 [11, 3, 5, 4, 12]   |0.33357088394075646 |0.20952758227232854 |186       
 [6, 15, 13, 3, 15]  |3.5149622920868606  |1.1439976027893235  |449       
 [10, 4, 4, 3, 19]   |0.36364426461388205 |0.2178215380560291  |205       
 [6, 3, 2, 8, 17]    |4.0467694496301245  |2.2098373069498627  |242       
 [11, 4, 4, 4, 3]    |1.9979369717446143  |1.4079223879971032  |140       
 [11, 4, 4, 2, 4]    |0.2693783811489613  |0.19560885207978793 |128       
 [14, 3, 8, 5, 5]    |0.40101903206078904 |0.24323033807315206 |200       
 [8, 5, 3, 4, 18]    |0.36129054645558906 |0.2126574111415684  |212       
 [15, 15, 15, 12, 8] |1.2036609392999866  |0.1511273674516124  |830       
 [15, 11, 7, 18, 7]  |0.8450235136613884  |0.19332340377873355 |590       
 [11, 3, 2, 1, 3]    |1.1365140909011362  |0.9075249344331262  |90        
 [10, 5, 4, 9, 8]    |0.5419310471124168  |0.2951957731413063  |243       
 [14, 3, 7, 3, 8]    |0.3609906068591021  |0.2301777734043915  |180       
 [10, 17, 3, 1, 7]   |0.40160512980194674 |0.19113296577014333 |297       
 [11, 3, 16, 1, 7]   |1.350540931582495   |0.8785391587905134  |172       
Result:  [11, 4, 4, 2, 4]
Fold 0
Fold 0 Train time: 19.825986552238465 minutes, MSE: 0.00938910801136312
Fold 1
Fold 1 Train time: 20.72031578620275 minutes, MSE: 0.010145422243667566
Fold 2
Fold 2 Train time: 20.712226633230845 minutes, MSE: 0.014811771886150444
Fold 3
Fold 3 Train time: 20.59264047940572 minutes, MSE: 0.011737241051797288
Fold 4
Fold 4 Train time: 20.669219676653544 minutes, MSE: 0.00680575322938597
Total Time: 167.03359271685284 minutes
CellsPerSensor: 9
 Resulting Network Architecture: [11, 4, 4, 2, 4]
 MSE after 5-Fold CV: 0.010577859284472876
 Weights and Biases: 128
 Objective Function Value: 0.01456706370788648
~/workspace/SolarCellResearch
