/tmp/tmp.zbUYYNj6XR ~/workspace/SolarCellResearch
Using TensorFlow backend.
Genetically searching for best layer structure...
  Training on:     datasets/N3dataset10k1.mat
  Evaluating with: datasets/N3dataset100k1.mat
Gen 0 Train time: 8.224807620048523 minutes:
 Average MSE:        0.6448012755137265
 Average Error:      1.5174952498332215
 Structure           |Error               |MSE                 |weights&biases
 [2, 20, 2, 0, 0]    |1.7123100988673507  |1.2973755209346949  |111       
 [18, 20, 15, 0, 0]  |2.2428422105459394  |0.33129167626982314 |765       
 [9, 11, 14, 19, 0]  |2.0699443499285817  |0.4504634770836753  |610       
 [16, 7, 20, 0, 0]   |0.7914067873586106  |0.3315610996489867  |348       
 [16, 3, 6, 0, 0]    |0.4282605637360375  |0.30942997178546117 |130       
 [20, 2, 7, 10, 0]   |0.7473541917347167  |0.4377023989600077  |214       
 [13, 19, 17, 0, 0]  |1.7985635448149881  |0.34283305022341054 |663       
 [7, 2, 2, 4, 17]    |0.6142649738187264  |0.41381805167140423 |158       
 [5, 8, 14, 0, 0]    |0.8363842368345568  |0.5022450364074225  |204       
 [11, 4, 0, 0, 0]    |0.40866360296397586 |0.3296041308826204  |86        
 [8, 6, 17, 0, 0]    |0.8401010608302952  |0.4907928747528459  |215       
 [4, 11, 19, 0, 0]   |1.4989651439240015  |0.6820004004042681  |315       
 [3, 16, 18, 15, 17] |12.505163573302006  |1.151587752937379   |954       
 [2, 12, 2, 0, 0]    |1.5227080831842148  |1.2750563622317643  |71        
 [19, 3, 0, 0, 0]    |0.3507485597025925  |0.2591921329224268  |121       
 [17, 12, 0, 0, 0]   |0.5790951749288609  |0.2875701533661878  |280       
 [7, 10, 0, 0, 0]    |1.4046803898754128  |1.0616346006095267  |112       
 [16, 16, 0, 0, 0]   |0.6384138182617846  |0.27492179930088745 |337       
 [8, 1, 5, 3, 0]     |0.46608312846097877 |0.3961781585744232  |65        
 [1, 0, 0, 0, 0]     |2.6037800086159817  |2.571435333878911   |5         
 [13, 0, 0, 0, 0]    |0.41875428703327755 |0.36678810868199896 |53        
 [6, 3, 19, 0, 0]    |0.5274566719603033  |0.37636774984939436 |135       
 [13, 10, 6, 8, 4]   |1.060785678872561   |0.4511343185652992  |342       
 [18, 0, 0, 0, 0]    |0.39705875054603385 |0.330823253692325   |73        
 [5, 0, 0, 0, 0]     |1.4735923557287454  |1.3982244742080174  |21        
Gen 1 Train time: 8.312288530667622 minutes:
 Average MSE:        0.6094227339307432
 Average Error:      1.0657476224915972
 Structure           |Error               |MSE                 |weights&biases
 [19, 3, 0, 0, 0]    |0.43509472630508683 |0.3215212921471091  |121       
 [18, 0, 0, 0, 0]    |0.3564438490718536  |0.29698354146937594 |73        
 [11, 4, 0, 0, 0]    |0.45855661036929396 |0.3698449089300837  |86        
 [15, 4, 0, 0, 0]    |0.44178993067796923 |0.3322323252846048  |114       
 [18, 2, 10, 0, 0]   |0.37512356808743846 |0.26901186504205343 |133       
 [5, 7, 2, 2, 9]     |1.6542507606252945  |1.237815575815038   |116       
 [12, 6, 7, 13, 0]   |0.6654075114293889  |0.3296065439689894  |281       
 [17, 14, 0, 0, 0]   |0.744923972774466   |0.3363936875489368  |318       
 [16, 0, 0, 0, 0]    |0.3728561992051913  |0.3169337686646989  |65        
 [13, 3, 1, 2, 9]    |0.8150906549596888  |0.5948440915102594  |126       
 [5, 7, 4, 2, 0]     |0.7025866630560001  |0.5444459964495176  |102       
 [11, 6, 10, 0, 0]   |0.5358464376006883  |0.33658395844780264 |186       
 [15, 2, 3, 0, 0]    |0.7892834127682908  |0.6302556062932322  |90        
 [17, 8, 0, 0, 0]    |0.5730197420177848  |0.34409582165382496 |204       
 [14, 2, 3, 2, 0]    |0.47165185515191216 |0.37474324760122946 |92        
 [20, 3, 0, 0, 0]    |0.535285885292057   |0.3896702891813977  |127       
 [7, 10, 11, 3, 9]   |0.8549876249780893  |0.3998490077111913  |304       
 [7, 3, 2, 2, 9]     |1.3728131254077842  |1.0798930524836154  |96        
 [8, 7, 8, 12, 9]    |2.8338572469411707  |1.0796520015441564  |386       
 [19, 2, 0, 0, 0]    |0.44620889646789363 |0.347507837982623   |100       
 [7, 17, 10, 9, 5]   |6.678062623517119   |1.9519481381420214  |492       
 [18, 6, 0, 0, 0]    |0.47388689039811266 |0.3059643724790374  |175       
 [14, 3, 3, 2, 0]    |1.3406068931513686  |1.0182876242410135  |110       
 [17, 8, 8, 0, 0]    |0.5634413722863473  |0.28260870866057003 |276       
 [10, 1, 1, 2, 9]    |2.152614109749637   |1.7448750850161954  |84        
Increasing Epochs
Gen 2 Train time: 9.605495131015777 minutes:
 Average MSE:        0.5233307041692556
 Average Error:      1.0451712882818776
 Structure           |Error               |MSE                 |weights&biases
 [18, 0, 0, 0, 0]    |0.32994120886111294 |0.27490194862222933 |73        
 [16, 0, 0, 0, 0]    |0.44160260082456565 |0.37536931618626446 |65        
 [18, 2, 10, 0, 0]   |0.6778138808741258  |0.486079766128794   |133       
 [17, 0, 0, 0, 0]    |0.3764774350480331  |0.3168277060152682  |69        
 [15, 2, 0, 0, 0]    |0.4117165212687444  |0.33708497751300603 |80        
 [11, 3, 3, 1, 5]    |1.4268552079276888  |1.1084613331007553  |101       
 [17, 11, 0, 0, 0]   |0.5692750874860402  |0.29644561403723174 |261       
 [17, 4, 0, 0, 0]    |0.37470282698197027 |0.2720900970017475  |128       
 [5, 10, 13, 6, 12]  |1.4314265144411797  |0.5279105141495319  |399       
 [15, 3, 5, 0, 0]    |0.4205992367607368  |0.3123675216657858  |119       
 [13, 5, 6, 2, 5]    |0.657403368648006   |0.4191788948209553  |180       
 [19, 6, 0, 0, 0]    |0.3961710949987927  |0.25009633309530854 |184       
 [16, 9, 0, 0, 0]    |0.5541852307500308  |0.3270126916072345  |211       
 [18, 18, 10, 0, 0]  |1.2760900080005135  |0.28687770231426946 |597       
 [16, 8, 2, 1, 0]    |0.5334511639475032  |0.3179415394140877  |207       
 [11, 4, 2, 1, 0]    |0.6102523858275518  |0.48004152897428815 |96        
 [15, 3, 4, 7, 0]    |0.5001383467298296  |0.3420253145957991  |152       
 [12, 9, 10, 2, 5]   |0.7468666471062302  |0.35634047037292016 |296       
 [17, 1, 5, 0, 0]    |0.46038352415472467 |0.3722478479197292  |85        
 [19, 13, 12, 17, 9] |3.0038807344281175  |0.33450783751823565 |878       
 [16, 6, 0, 0, 0]    |0.47639131400576057 |0.3217386611741774  |157       
 [13, 3, 8, 1, 0]    |2.3677802375303703  |1.7366412082246747  |124       
 [5, 15, 8, 6, 2]    |5.063076247184702   |2.3678307781996097  |304       
 [14, 6, 4, 0, 0]    |0.5332764034904954  |0.35302535106646404 |165       
 [16, 1, 16, 17, 13] |2.4895249797701116  |0.5102226505130238  |634       
Gen 3 Train time: 9.567956272761027 minutes:
 Average MSE:        0.4456274855344703
 Average Error:      0.8130226732102126
 Structure           |Error               |MSE                 |weights&biases
 [18, 0, 0, 0, 0]    |0.3692836423715755  |0.3076814600779181  |73        
 [17, 4, 0, 0, 0]    |0.4129017113652339  |0.29982818011394363 |128       
 [17, 0, 0, 0, 0]    |0.36868640867010394 |0.31027110318857076 |69        
 [18, 6, 0, 0, 0]    |0.3897679207439992  |0.2516530836772265  |175       
 [15, 8, 2, 0, 0]    |0.5716092612622496  |0.351938219803671   |194       
 [3, 13, 7, 8, 15]   |2.1462162979093438  |0.8425741829325908  |374       
 [16, 3, 0, 0, 0]    |0.5780592906874733  |0.44682921062122166 |103       
 [16, 7, 1, 1, 0]    |0.6358679583465865  |0.40646219731279415 |179       
 [16, 4, 3, 0, 0]    |0.4110681253468358  |0.29331847258013477 |135       
 [16, 7, 3, 1, 0]    |0.5285781549814412  |0.3230123879057511  |197       
 [17, 7, 0, 0, 0]    |0.4283314448392828  |0.26972348368544696 |185       
 [16, 2, 12, 4, 0]   |0.753507628633662   |0.4865010900794992  |175       
 [16, 6, 3, 0, 0]    |0.4464155087748786  |0.2882275154150581  |175       
 [17, 4, 5, 0, 0]    |0.503392728245392   |0.3425339021953401  |154       
 [17, 3, 3, 0, 0]    |0.46155707978465765 |0.3410761374936814  |121       
 [16, 18, 12, 9, 6]  |2.519753489279342   |0.37126509677579417 |766       
 [16, 2, 2, 4, 0]    |0.4651192663075682  |0.3577354902929169  |105       
 [13, 7, 7, 1, 3]    |2.9254324341808786  |1.7262342648898532  |211       
 [17, 16, 4, 1, 0]   |1.0470656081730412  |0.3719453265822928  |414       
 [16, 7, 3, 0, 0]    |0.5026010498059489  |0.30867739853874226 |195       
 [15, 3, 3, 0, 0]    |0.42919001367356274 |0.32681679147976106 |109       
 [14, 6, 8, 1, 3]    |1.774007530525884   |1.0573239376099475  |207       
 [16, 5, 0, 0, 0]    |0.45508505348477213 |0.32149575254356033 |139       
 [17, 3, 11, 0, 0]   |0.4913241889767905  |0.32852212018519544 |161       
 [16, 2, 2, 4, 20]   |0.7107450338848095  |0.40904033238084736 |221       
Increasing Epochs
Gen 4 Train time: 10.906329345703124 minutes:
 Average MSE:        0.4907078752408322
 Average Error:      1.2634947073452896
 Structure           |Error               |MSE                 |weights&biases
 [17, 0, 0, 0, 0]    |0.4855105843130301  |0.40858545653447775 |69        
 [18, 0, 0, 0, 0]    |0.40484098579389627 |0.3373072925962818  |73        
 [18, 6, 0, 0, 0]    |0.46472298747800783 |0.3000477120623435  |175       
 [10, 3, 4, 20, 13]  |1.329981691548857   |0.4148514296826019  |466       
 [2, 7, 2, 4, 0]     |1.8451493960518695  |1.5881348028777222  |60        
 [17, 1, 1, 17, 0]   |0.45674940373284617 |0.3358400113274353  |123       
 [17, 5, 2, 1, 0]    |0.474211431068462   |0.3194667754944631  |158       
 [17, 7, 2, 0, 0]    |0.5697791247195166  |0.3490617306584702  |196       
 [14, 19, 15, 7, 1]  |15.421795639874375  |2.3709288782555284  |749       
 [18, 2, 3, 0, 0]    |0.40546129005818143 |0.3118509679146395  |105       
 [17, 5, 2, 0, 0]    |0.6025163649186456  |0.4079378468658138  |156       
 [17, 6, 14, 0, 0]   |0.8046727073475269  |0.40766086683508035 |272       
 [16, 3, 3, 0, 0]    |0.37996355211530747 |0.28502455448188374 |115       
 [17, 3, 1, 2, 10]   |0.521615222699525   |0.35493341013988944 |154       
 [16, 5, 3, 1, 0]    |0.581629575614707   |0.392813041413509   |157       
 [17, 1, 1, 2, 0]    |0.5038922382857942  |0.41461999758697327 |78        
 [16, 4, 2, 0, 0]    |0.45057756316933356 |0.3263695190695487  |129       
 [17, 7, 18, 0, 0]   |0.8814738072742396  |0.3767550673507042  |340       
 [14, 2, 0, 0, 0]    |0.48113975496159295 |0.3988788667773433  |75        
 [18, 10, 20, 5, 11] |1.6393573584900931  |0.32523876997857754 |647       
 [17, 6, 0, 0, 0]    |0.6337008581220246  |0.4184582025352862  |166       
 [10, 10, 4, 4, 8]   |0.6882367231318317  |0.365634007314541   |253       
 [17, 3, 9, 2, 0]    |0.5579587044086949  |0.37028943374656703 |164       
 [16, 6, 2, 1, 0]    |0.4863329399559679  |0.31874565053230114 |169       
 [18, 4, 0, 0, 0]    |0.5160977784979106  |0.36826258898882325 |135       
Result:  [16, 3, 3]
Fold 0
Fold 0 Train time: 19.151733672618867 minutes, MSE: 0.03759316674211828
Fold 1
Fold 1 Train time: 18.856934185822805 minutes, MSE: 0.018916294067672167
Fold 2
Fold 2 Train time: 18.683179247379304 minutes, MSE: 0.023269497973934617
Fold 3
Fold 3 Train time: 18.87725098133087 minutes, MSE: 0.020223686021666788
Fold 4
Fold 4 Train time: 18.865388453006744 minutes, MSE: 0.027778707064849528
Total Time: 141.0567283511162 minutes
CellsPerSensor: 3
 Resulting Network Architecture: [16, 3, 3]
 MSE after 5-Fold CV: 0.025556270374048274
 Weights and Biases: 115
 Objective Function Value: 0.03406882360642293
~/workspace/SolarCellResearch
