/tmp/tmp.eS7ZCUyeNy ~/workspace/SolarCellResearch
Using TensorFlow backend.
Genetically searching for best layer structure...
  Training on:     datasets/N5dataset10k1.mat
  Evaluating with: datasets/N5dataset100k1.mat
Gen 0 Train time: 8.419195008277892 minutes:
 Average MSE:        1.3808754924125657
 Average Error:      3.1321738070156355
 Structure           |Error               |MSE                 |weights&biases
 [20, 2, 8, 9, 0]    |0.42086897411003726 |0.24464827329446467 |217       
 [18, 10, 3, 7, 0]   |0.6953410477560003  |0.3179526401676839  |313       
 [2, 0, 0, 0, 0]     |3.030676984609367   |2.9632481712351786  |9         
 [1, 20, 0, 0, 0]    |2.8109287726634298  |2.395315494851557   |64        
 [4, 5, 15, 14, 0]   |1.2955146578828336  |0.518875159826434   |366       
 [2, 20, 1, 5, 0]    |3.7717976430378126  |2.9155302762407316  |103       
 [1, 2, 1, 18, 14]   |7.9857621999591295  |3.5259864147252555  |327       
 [5, 13, 0, 0, 0]    |0.6196126086647218  |0.47418353814309644 |107       
 [16, 18, 0, 0, 0]   |0.5887158245994263  |0.2317000381883274  |373       
 [16, 5, 1, 5, 0]    |0.3402674519453876  |0.23095708909049645 |155       
 [12, 13, 15, 20, 1] |23.43914789804052   |3.523333686939785   |758       
 [19, 0, 0, 0, 0]    |0.29756035591835495 |0.24545584691969297 |77        
 [16, 13, 1, 2, 13]  |0.7488945686366482  |0.320088721090604   |340       
 [15, 9, 19, 0, 0]   |0.5826211058402314  |0.21487083300155274 |399       
 [8, 10, 5, 7, 12]   |0.734124114672125   |0.3298632279790983  |320       
 [2, 15, 11, 14, 0]  |3.8037218558879333  |1.364761957279957   |410       
 [13, 5, 0, 0, 0]    |0.321854646126337   |0.2414349392444997  |115       
 [15, 11, 14, 12, 12]|1.8570613638847249  |0.2934627179396506  |738       
 [1, 17, 11, 11, 0]  |8.67749612358126    |3.364344087254988   |379       
 [2, 18, 0, 0, 0]    |2.9989011937870638  |2.461438543565198   |79        
 [1, 3, 0, 0, 0]     |1.9569946933136864  |1.89441479732838    |13        
 [12, 0, 0, 0, 0]    |0.33224758134101207 |0.29394139711558376 |49        
 [13, 3, 8, 5, 2]    |3.5396043666350665  |2.296795659598065   |173       
 [4, 16, 3, 16, 3]   |6.776530541419333   |3.520015001618984   |262       
 [9, 10, 2, 5, 16]   |0.6780986010784477  |0.3392687976748742  |277       
Gen 1 Train time: 8.520543611049652 minutes:
 Average MSE:        0.6739986022955555
 Average Error:      1.16891112911732
 Structure           |Error               |MSE                 |weights&biases
 [19, 0, 0, 0, 0]    |0.26899626432959944 |0.2218934900634812  |77        
 [13, 5, 0, 0, 0]    |0.3072431953647021  |0.2304743557346237  |115       
 [12, 0, 0, 0, 0]    |0.34552721868357567 |0.30568997068805775 |49        
 [3, 8, 0, 0, 0]     |0.7184585986745857  |0.6340374879655908  |50        
 [18, 3, 1, 3, 0]    |0.3292341291161182  |0.24087283444398871 |125       
 [12, 8, 2, 6, 6]    |0.49301707449845666 |0.28091266134830656 |225       
 [12, 3, 8, 7, 0]    |0.42707266679316785 |0.2736785325109235  |178       
 [1, 7, 3, 17, 6]    |6.169737076409054   |3.5242097396089394  |224       
 [11, 9, 1, 3, 0]    |0.4065066067414333  |0.2718091543469554  |161       
 [13, 2, 4, 3, 1]    |4.516309636090111   |3.5173054811799105  |100       
 [17, 8, 2, 6, 0]    |0.38285099599198924 |0.2111662776943958  |238       
 [10, 12, 2, 4, 3]   |0.5442582107472609  |0.31479567776584505 |219       
 [12, 4, 12, 12, 0]  |0.5296007437794342  |0.2397564002777594  |317       
 [16, 14, 1, 3, 0]   |0.48943910206178504 |0.22492343283468438 |311       
 [18, 10, 4, 5, 0]   |0.6453150212848898  |0.2906845337449348  |319       
 [17, 4, 4, 5, 0]    |0.3276724212747437  |0.2120907806670505  |174       
 [16, 3, 0, 0, 0]    |0.2834577585690866  |0.21910763920990725 |103       
 [16, 8, 4, 3, 1]    |5.227023324564777   |2.8614885516686837  |241       
 [15, 5, 1, 3, 0]    |0.400280636229477   |0.2813686951477106  |141       
 [18, 4, 5, 7, 0]    |0.37400017772988053 |0.2240246908138391  |205       
 [15, 11, 16, 5, 3]  |3.981315172512907   |1.0850349625984617  |520       
 [16, 9, 10, 4, 7]   |0.5469543737640814  |0.2073411257104299  |388       
 [16, 1, 4, 5, 0]    |0.4349718794491077  |0.33538575742919213 |104       
 [11, 9, 1, 4, 19]   |0.7041576116047928  |0.35495897209072086 |274       
 [14, 3, 1, 3, 0]    |0.36937833166798545 |0.286953851844495   |101       
Gen 2 Train time: 8.679084797700247 minutes:
 Average MSE:        0.5120795823250591
 Average Error:      0.8992460647128513
 Structure           |Error               |MSE                 |weights&biases
 [19, 0, 0, 0, 0]    |0.29326492038883717 |0.24191256655718388 |77        
 [16, 3, 0, 0, 0]    |0.2979489238594569  |0.2303090437232352  |103       
 [13, 5, 0, 0, 0]    |0.30748788788604153 |0.23065790854249574 |115       
 [14, 1, 2, 3, 4]    |2.096888114847988   |1.6702183988480304  |91        
 [12, 5, 16, 1, 16]  |0.5669445723519981  |0.293759540419963   |263       
 [17, 9, 3, 4, 0]    |0.49704191446258733 |0.25689677678829725 |264       
 [15, 7, 3, 5, 0]    |0.4001693170648477  |0.23850439795160433 |207       
 [18, 11, 5, 9, 14]  |0.9439075688585681  |0.2496420887318891  |532       
 [17, 9, 15, 5, 0]   |0.6595072039515649  |0.2146465872596722  |449       
 [19, 2, 3, 4, 0]    |0.32876922373309997 |0.23933304054173182 |127       
 [16, 4, 1, 2, 0]    |0.33419146395127985 |0.24267280974646893 |128       
 [15, 8, 2, 6, 3]    |1.6255287240677831  |0.9055915807222258  |234       
 [14, 9, 2, 5, 0]    |0.3904319669057989  |0.2263887679635423  |218       
 [4, 3, 19, 8, 13]   |2.8535925649621046  |1.0656434014516516  |394       
 [14, 7, 4, 4, 0]    |0.3554631063588905  |0.213454023799388   |204       
 [17, 2, 1, 2, 0]    |1.1273098797929468  |0.8845591949608529  |97        
 [12, 5, 1, 2, 0]    |0.37211923356201554 |0.2798389679450393  |114       
 [12, 13, 19, 0, 0]  |0.9321592244169179  |0.27314523272764984 |491       
 [14, 4, 6, 6, 0]    |0.4038847199133991  |0.25688525086369973 |181       
 [17, 2, 3, 4, 0]    |0.28426810581212475 |0.2121763624935268  |117       
 [16, 4, 3, 5, 0]    |0.3314561448397962  |0.22385432551656623 |157       
 [1, 5, 5, 7, 12]    |5.545569424839937   |3.4143915493356785  |194       
 [13, 7, 11, 3, 0]   |0.49196693558907484 |0.2536388767108075  |265       
 [17, 10, 7, 5, 4]   |0.578548354396789   |0.2254328042526755  |377       
 [17, 9, 1, 3, 0]    |0.4627321210074292  |0.2584360602726023  |233       
Increasing Epochs
Gen 3 Train time: 10.11100678841273 minutes:
 Average MSE:        0.43917824800448346
 Average Error:      0.8470551218890365
 Structure           |Error               |MSE                 |weights&biases
 [17, 2, 3, 4, 0]    |0.35574029059172196 |0.2655228613653441  |117       
 [19, 0, 0, 0, 0]    |0.2567932899117449  |0.21182732580100905 |77        
 [16, 3, 0, 0, 0]    |0.33701061892811707 |0.2605030163039695  |103       
 [17, 5, 2, 4, 0]    |0.3235114797731577  |0.21150203061833625 |170       
 [17, 4, 2, 3, 15]   |0.447648346655059   |0.25956521563360313 |218       
 [18, 1, 2, 2, 0]    |0.3077231838011527  |0.248191499838934   |86        
 [15, 6, 5, 6, 0]    |0.40657580670501037 |0.23516100282469293 |219       
 [13, 9, 2, 4, 0]    |0.4285227791508612  |0.2586158864150351  |202       
 [15, 4, 3, 12, 0]   |0.37072151532507763 |0.23344608432413025 |185       
 [16, 6, 3, 5, 15]   |0.5168982104985861  |0.24600355085752118 |297       
 [17, 8, 4, 7, 7]    |0.5391381486995896  |0.23626920253293132 |330       
 [15, 5, 2, 2, 0]    |0.330761256909752   |0.22961335678694056 |146       
 [2, 20, 5, 13, 1]   |6.835834979841268   |3.5242886873917953  |265       
 [14, 5, 9, 2, 8]    |0.4982370395058871  |0.28459751291096275 |224       
 [17, 6, 2, 4, 0]    |0.3304154755869231  |0.2054804466922901  |190       
 [12, 12, 8, 13, 18] |1.4844561011379804  |0.2684873293376436  |684       
 [18, 3, 2, 2, 0]    |0.31354748728846654 |0.2276822059713953  |128       
 [10, 6, 2, 4, 0]    |0.5945841535652726  |0.43283745271191504 |127       
 [15, 9, 9, 4, 2]    |3.725973259168292   |1.6247079805134597  |332       
 [18, 7, 2, 2, 0]    |0.3864036871584124  |0.22743913056348197 |212       
 [16, 4, 2, 2, 4]    |0.4073491373363328  |0.28066748717851003 |149       
 [15, 9, 2, 11, 10]  |0.5804293194157315  |0.2284387302919136  |373       
 [13, 6, 14, 2, 8]   |0.5294241426298042  |0.26028830771968964 |284       
 [14, 8, 3, 5, 0]    |0.46584979274428995 |0.27215268453300184 |215       
 [16, 6, 3, 5, 0]    |0.40282854489742004 |0.24616721099358196 |197       
Gen 4 Train time: 10.18381164073944 minutes:
 Average MSE:        0.6062766598315616
 Average Error:      1.2046623577731983
 Structure           |Error               |MSE                 |weights&biases
 [19, 0, 0, 0, 0]    |0.2562820169990224  |0.2114055796802529  |77        
 [18, 1, 2, 2, 0]    |0.292209624946208   |0.23567917173779115 |86        
 [18, 3, 2, 2, 0]    |0.2804242776050106  |0.20362981915496384 |128       
 [17, 4, 1, 2, 8]    |1.330497090831055   |0.880780022347105   |165       
 [18, 4, 2, 3, 0]    |0.29693204806254986 |0.20255335194147528 |153       
 [1, 7, 4, 6, 0]     |3.739957061409468   |3.016430354510556   |86        
 [18, 4, 2, 9, 0]    |0.3189889285789816  |0.2049275281741929  |177       
 [18, 11, 2, 3, 16]  |0.5987040945228609  |0.23328653848919587 |377       
 [4, 12, 1, 10, 8]   |3.675144470739382   |2.2179701785910773  |202       
 [16, 7, 3, 5, 0]    |0.3760883908786764  |0.21861762471116672 |217       
 [19, 16, 10, 5, 20] |1.493417551369714   |0.23306617617465725 |743       
 [16, 6, 4, 5, 0]    |0.3579858418928522  |0.21229852858015122 |209       
 [17, 4, 2, 2, 0]    |0.2951950966141352  |0.20698296231122035 |142       
 [16, 4, 8, 2, 4]    |0.42326205460606264 |0.26256311773991325 |191       
 [16, 7, 3, 20, 10]  |0.9292271573343543  |0.27160620106831596 |492       
 [18, 2, 2, 2, 0]    |0.36152434952199214 |0.27667108897388737 |107       
 [20, 1, 18, 14, 14] |1.081027269908348   |0.23643351404845597 |608       
 [10, 15, 4, 13, 2]  |8.555032895487122   |3.5219673950228496  |355       
 [17, 6, 3, 5, 0]    |0.30698997410668394 |0.183426692070581   |206       
 [18, 3, 1, 2, 0]    |0.2777456124008913  |0.20473278303541412 |122       
 [16, 4, 1, 1, 13]   |1.060220200358234   |0.7053766403018451  |163       
 [8, 4, 3, 7, 0]     |0.4763544740503694  |0.36092214507726655 |111       
 [11, 13, 8, 18, 16] |2.0399281907279514  |0.2873410637382635  |784       
 [19, 7, 11, 10, 6]  |0.8339004290056548  |0.252424957254197   |478       
 [13, 6, 2, 3, 0]    |0.45951984237236837 |0.3158230610542463  |150       
Gen 5 Train time: 9.836419975757599 minutes:
 Average MSE:        0.30225014312618126
 Average Error:      0.4269039951168538
 Structure           |Error               |MSE                 |weights&biases
 [19, 0, 0, 0, 0]    |0.32660868624364836 |0.2694176495583289  |77        
 [18, 3, 1, 2, 0]    |0.35432026868654015 |0.26117775206957067 |122       
 [18, 3, 2, 2, 0]    |0.3180249478877501  |0.23093350967410045 |128       
 [17, 5, 3, 4, 0]    |0.5241927106802927  |0.334240029204682   |180       
 [16, 4, 2, 3, 0]    |0.3471988687556944  |0.24527934006652646 |139       
 [18, 5, 3, 4, 0]    |0.323536637816326   |0.2022111325077624  |188       
 [18, 3, 2, 3, 0]    |0.31319949187804996 |0.22516654800994992 |132       
 [13, 4, 2, 5, 4]    |0.34271808958299543 |0.23613607148616228 |149       
 [6, 3, 2, 2, 0]     |1.0910101386591506  |0.9484786489469256  |56        
 [18, 5, 3, 14, 0]   |0.49403351131472384 |0.2724903911254426  |238       
 [18, 7, 2, 3, 8]    |0.39441664603700133 |0.2095385700806986  |253       
 [18, 3, 2, 3, 0]    |0.39154107929163046 |0.2814881745163048  |132       
 [19, 2, 1, 1, 20]   |0.36666059745215146 |0.2439434942613591  |163       
 [18, 4, 2, 3, 0]    |0.35938320883447583 |0.2451546542580406  |153       
 [18, 2, 2, 2, 0]    |0.27113493010351863 |0.20749694030231852 |107       
 [18, 4, 2, 2, 0]    |0.39146892593135907 |0.2697258682517036  |149       
 [17, 4, 5, 2, 2]    |0.41305013065288837 |0.27071563898042167 |169       
 [8, 2, 1, 1, 0]     |1.09602004809359    |0.9696554084848399  |49        
 [18, 16, 2, 4, 0]   |0.5793251800100162  |0.20838012657913035 |409       
 [15, 6, 3, 4, 0]    |0.3584969946245966  |0.2268797807128232  |183       
 [18, 3, 2, 6, 0]    |0.314546337923981   |0.2194515334219001  |144       
 [18, 3, 3, 2, 0]    |0.31995189978657657 |0.22887377971819572 |134       
 [10, 3, 2, 3, 0]    |0.3621945020157454  |0.2935891573109804  |84        
 [13, 4, 3, 5, 0]    |0.296277163165316   |0.21088129205336736 |136       
 [12, 4, 2, 3, 0]    |0.32328888249332627 |0.2449480865729956  |111       
Increasing Epochs
Gen 6 Train time: 11.397834904988606 minutes:
 Average MSE:        0.7364432261426116
 Average Error:      1.358791150610762
 Structure           |Error               |MSE                 |weights&biases
 [18, 2, 2, 2, 0]    |0.33272666858688915 |0.25463250220989175 |107       
 [13, 4, 3, 5, 0]    |0.4065865582131879  |0.28939624577033934 |136       
 [18, 3, 2, 3, 0]    |0.29000840261806693 |0.20849392353680987 |132       
 [16, 3, 2, 3, 10]   |0.3216129122685751  |0.21184368897977915 |167       
 [3, 6, 2, 3, 4]     |2.1853290449350755  |1.802665512572251   |77        
 [14, 5, 3, 5, 2]    |4.354508960171049   |2.8468463872370218  |170       
 [19, 1, 1, 3, 10]   |0.4275702545493725  |0.30433181808429804 |136       
 [18, 15, 2, 2, 0]   |0.5337643250627019  |0.20642856135825038 |380       
 [14, 8, 1, 19, 20]  |1.604840645574974   |0.33221413448371645 |630       
 [14, 3, 9, 16, 0]   |0.41140452788132775 |0.19433373861734746 |300       
 [18, 3, 2, 2, 0]    |0.32924858751899805 |0.23908354478479327 |128       
 [17, 1, 3, 3, 0]    |1.216991602384439   |0.9693610980733661  |91        
 [16, 4, 2, 4, 0]    |0.3677818754609096  |0.2572349919570881  |143       
 [18, 4, 3, 3, 0]    |0.3378691854386353  |0.22591499387950717 |161       
 [19, 8, 1, 2, 0]    |0.4232676641380636  |0.2363951465536406  |233       
 [16, 4, 3, 4, 0]    |0.33412560032986105 |0.2284956038955032  |152       
 [18, 13, 12, 3, 4]  |0.9718356629458508  |0.2589633948596586  |529       
 [16, 4, 3, 15, 0]   |0.4796861590913718  |0.2858971282929854  |207       
 [16, 10, 7, 5, 0]   |0.5138603946398996  |0.21908321236931066 |341       
 [18, 3, 2, 20, 0]   |0.38022149859986115 |0.23061599638269992 |200       
 [1, 5, 12, 15, 15]  |9.186444790823666   |2.4054307781294755  |536       
 [13, 5, 3, 4, 0]    |0.34393659060779125 |0.23756881069516655 |148       
 [18, 3, 2, 2, 1]    |4.855610168816955   |3.5083111655928496  |130       
 [17, 4, 2, 3, 0]    |0.32648729007285543 |0.2266463833228034  |146       
 [12, 4, 4, 2, 1]    |3.034059394538668   |2.2308918919267358  |123       
Result:  [18, 3, 2, 3]
Fold 0
Fold 0 Train time: 19.587469490369163 minutes, MSE: 0.012719827108499806
Fold 1
Fold 1 Train time: 19.652846729755403 minutes, MSE: 0.01830751062038349
Fold 2
Fold 2 Train time: 19.667601720492044 minutes, MSE: 0.011727241235032338
Fold 3
Fold 3 Train time: 19.48454288641612 minutes, MSE: 0.010952498977442309
Fold 4
Fold 4 Train time: 18.526749114195507 minutes, MSE: 0.01243774296919613
Total Time: 164.0729484875997 minutes
CellsPerSensor: 5
 Resulting Network Architecture: [18, 3, 2, 3]
 MSE after 5-Fold CV: 0.013228964182110814
 Weights and Biases: 132
 Objective Function Value: 0.018401067549905063
~/workspace/SolarCellResearch
