/tmp/tmp.QBuvUKH7pk ~/workspace/SolarCellResearch
Using TensorFlow backend.
Genetically searching for best layer structure...
  Training on:     datasets/N7dataset10k5.mat
  Evaluating with: datasets/N7dataset100k5.mat
Gen 0 Train time: 8.203520341714222 minutes:
 Average MSE:        0.6789957479897747
 Average Error:      1.1235088405569507
 Structure           |Error               |MSE                 |weights&biases
 [19, 11, 0, 0, 0]   |0.44109173288307363 |0.21416631046218013 |289       
 [15, 19, 4, 10, 0]  |0.5406659999622407  |0.15882480079203112 |490       
 [6, 3, 0, 0, 0]     |0.48895882337014207 |0.43912243971389336 |43        
 [18, 20, 2, 6, 0]   |0.7144853148354146  |0.2041923504771379  |501       
 [6, 7, 10, 5, 0]    |0.5894043609528475  |0.3504130036497091  |208       
 [11, 17, 0, 0, 0]   |0.39792998344842645 |0.21035068548720287 |255       
 [19, 13, 0, 0, 0]   |0.35921047047556587 |0.15702554285106501 |331       
 [9, 0, 0, 0, 0]     |0.6686130316499433  |0.6095405427442275  |37        
 [19, 15, 7, 3, 9]   |0.7384925382044876  |0.19192621435514098 |539       
 [16, 9, 17, 0, 0]   |0.4650514122643084  |0.17585291993697633 |389       
 [11, 20, 9, 0, 0]   |0.8361470075671071  |0.2569301977703312  |472       
 [1, 2, 4, 7, 0]     |4.11562434381793    |3.5246831528667135  |62        
 [18, 0, 0, 0, 0]    |0.2634709637322386  |0.2195199611026993  |73        
 [18, 0, 0, 0, 0]    |0.30411659073988034 |0.253385273368305   |73        
 [17, 20, 6, 1, 18]  |0.8558473170918923  |0.19144335956196318 |599       
 [5, 9, 20, 0, 0]    |2.0404600195926754  |0.9882449194598731  |290       
 [20, 11, 0, 0, 0]   |0.34151398063233607 |0.16011440917837733 |303       
 [8, 3, 1, 16, 20]   |2.7491659758703966  |0.8969973099916408  |448       
 [3, 12, 1, 13, 0]   |1.3321729904635005  |1.0118814668693168  |110       
 [20, 6, 4, 6, 2]    |5.313962205055043   |2.767204860140334   |261       
 [17, 5, 5, 0, 0]    |0.3208625540097251  |0.2061311982512611  |177       
 [7, 16, 0, 0, 0]    |0.6706999558945445  |0.4428901971442231  |166       
 [7, 0, 0, 0, 0]     |0.5953330214795721  |0.5536988511339178  |29        
 [4, 0, 0, 0, 0]     |2.5159939167200087  |2.4113045810931597  |17        
 [12, 0, 0, 0, 0]    |0.4284465032104668  |0.3790491513426872  |49        
Gen 1 Train time: 8.259956713517507 minutes:
 Average MSE:        0.6151307150384612
 Average Error:      1.8482075106433107
 Structure           |Error               |MSE                 |weights&biases
 [18, 0, 0, 0, 0]    |0.5544910111802801  |0.4619933957117016  |73        
 [18, 0, 0, 0, 0]    |1.046349959448461   |0.8718027183874891  |73        
 [17, 5, 5, 0, 0]    |0.2816515482245558  |0.18094093685700352 |177       
 [13, 8, 0, 0, 0]    |0.32804345398909446 |0.2198941031796599  |160       
 [12, 4, 5, 3, 13]   |0.35933945483914087 |0.2195911697872135  |197       
 [15, 9, 0, 0, 0]    |0.30074765356864686 |0.18286927492276525 |199       
 [13, 8, 8, 0, 0]    |0.3497787204401117  |0.19584053423375494 |232       
 [19, 6, 0, 0, 0]    |0.2629474879703648  |0.16599444878282046 |184       
 [8, 16, 13, 7, 12]  |1.5897670011235716  |0.35829001073218925 |596       
 [10, 6, 0, 0, 0]    |0.6168238093958484  |0.47679347133568084 |103       
 [20, 14, 7, 11, 1]  |13.938192271633111  |3.4285338393184874  |561       
 [11, 5, 8, 4, 7]    |0.38512497727513306 |0.22219778261167727 |220       
 [17, 5, 9, 0, 0]    |0.3352193851310382  |0.20079514283820682 |205       
 [14, 6, 11, 0, 0]   |0.36017307784029273 |0.20728293333148096 |221       
 [18, 3, 3, 0, 0]    |0.28300467056596895 |0.20601797067553593 |127       
 [18, 12, 12, 2, 5]  |0.7200123085263788  |0.2141696176762708  |485       
 [19, 17, 1, 3, 0]   |0.5977621376893076  |0.20658106702606888 |425       
 [19, 6, 12, 0, 0]   |0.407854242338212   |0.2055953386533358  |274       
 [5, 18, 16, 19, 4]  |17.88125602839093   |2.2172174635950825  |835       
 [10, 8, 0, 0, 0]    |0.36957301913837515 |0.2690368440459041  |127       
 [12, 2, 0, 0, 0]    |0.3586170788379363  |0.304830287241876   |65        
 [14, 2, 0, 0, 0]    |0.2843064997481124  |0.23569836677913386 |75        
 [9, 17, 0, 0, 0]    |0.6748917941094225  |0.3942764736550902  |215       
 [12, 9, 0, 0, 0]    |0.3201794542161437  |0.21301905739237115 |163       
 [2, 0, 0, 0, 0]     |3.599080720462333   |3.5190056271907304  |9         
Gen 2 Train time: 8.421304214000703 minutes:
 Average MSE:        0.4344027224396918
 Average Error:      0.9204798615318726
 Structure           |Error               |MSE                 |weights&biases
 [19, 6, 0, 0, 0]    |0.281327509793647   |0.1775974559639189  |184       
 [17, 5, 5, 0, 0]    |0.2559159840916004  |0.16440768108719034 |177       
 [18, 3, 3, 0, 0]    |0.22218606487641882 |0.16174405216239246 |127       
 [12, 8, 0, 0, 0]    |0.2684240164244791  |0.18494673802639724 |149       
 [19, 12, 7, 2, 0]   |0.505105554707019   |0.1825944232063196  |407       
 [15, 6, 0, 0, 0]    |0.28608242406779455 |0.1976069516955799  |148       
 [3, 7, 0, 0, 0]     |1.3108385404826597  |1.1713618422629033  |45        
 [14, 9, 0, 0, 0]    |0.3604917367900743  |0.22587212824902977 |187       
 [5, 4, 6, 0, 0]     |1.2573946885390301  |1.03981402265922    |76        
 [11, 13, 15, 0, 0]  |0.6185510425466153  |0.21917702021134292 |415       
 [16, 3, 2, 0, 0]    |0.22938461277776903 |0.17423415736274728 |110       
 [18, 11, 5, 0, 0]   |0.38201896292902243 |0.167833136139258   |329       
 [13, 19, 14, 3, 10] |1.170606110386414   |0.21331649112534742 |681       
 [17, 16, 4, 14, 14] |1.2627028541536853  |0.21833046834559305 |702       
 [14, 5, 7, 2, 4]    |1.4334616707136862  |0.8870022746283122  |192       
 [16, 6, 10, 0, 0]   |0.4315950023359518  |0.24225421595162078 |231       
 [16, 6, 8, 0, 0]    |0.3813660433992359  |0.2227966913743003  |215       
 [17, 8, 0, 0, 0]    |0.32686702597446143 |0.19628220395717816 |204       
 [11, 3, 2, 0, 0]    |0.23573206846154396 |0.19300109393615025 |80        
 [14, 7, 3, 2, 7]    |0.34124804353885935 |0.2028789738384794  |208       
 [13, 5, 0, 0, 0]    |0.31485402692258174 |0.2361835187897237  |115       
 [11, 13, 0, 0, 0]   |0.536345477346123   |0.32287927789961296 |203       
 [16, 7, 6, 0, 0]    |0.29243730611109703 |0.1678801455773918  |222       
 [1, 6, 20, 8, 9]    |9.926009529166805   |3.5259804420725063  |414       
 [18, 6, 5, 19, 0]   |0.3810502417602362  |0.16409265446977744 |337       
Gen 3 Train time: 8.53094036579132 minutes:
 Average MSE:        0.520298969419768
 Average Error:      1.0265351844699337
 Structure           |Error               |MSE                 |weights&biases
 [18, 3, 3, 0, 0]    |0.23482011550612264 |0.17094122006403256 |127       
 [16, 3, 2, 0, 0]    |0.27018478568060467 |0.20522483132249997 |110       
 [11, 3, 2, 0, 0]    |1.0368970008498135  |0.8489394623700687  |80        
 [16, 5, 1, 19, 0]   |0.3072777015168229  |0.1877764019979685  |197       
 [12, 4, 1, 0, 0]    |0.35729045462477815 |0.28175814169431546 |95        
 [15, 4, 1, 0, 0]    |0.2613140484050666  |0.19553178211797304 |116       
 [12, 1, 12, 20, 1]  |8.582205385758794   |3.524332012964011   |356       
 [18, 5, 4, 10, 0]   |0.38708749460971087 |0.2156487122812582  |234       
 [17, 5, 5, 0, 0]    |0.2602181693852482  |0.16717152684792597 |177       
 [13, 10, 0, 0, 0]   |0.37026600112667507 |0.2302628930177395  |190       
 [15, 10, 10, 10, 0] |0.5429285887138714  |0.18254154643052295 |436       
 [1, 8, 6, 14, 4]    |6.347628085062495   |3.5186634408971913  |236       
 [15, 7, 3, 15, 0]   |0.3412175676373425  |0.17947219655589547 |257       
 [14, 7, 0, 0, 0]    |0.329372324334971   |0.22356200341954846 |155       
 [15, 5, 3, 1, 4]    |0.3489510462679604  |0.23390888139852373 |160       
 [16, 7, 0, 0, 0]    |0.32643999714145594 |0.21076550312150633 |175       
 [14, 4, 4, 8, 0]    |0.28775818112817786 |0.1876578726440644  |171       
 [15, 8, 0, 0, 0]    |0.3071983692805322  |0.19490138114704303 |182       
 [15, 3, 3, 11, 0]   |0.2827614469637655  |0.1890674063017852  |161       
 [18, 17, 9, 4, 12]  |0.919958289971356   |0.18024703596860753 |652       
 [14, 10, 3, 0, 0]   |0.30617583739090715 |0.17271788984161368 |229       
 [16, 4, 0, 0, 0]    |0.27370823312883197 |0.20226175925923964 |121       
 [18, 7, 3, 10, 0]   |0.31637061969784325 |0.1643362072377903  |262       
 [16, 17, 4, 0, 0]   |0.564562885304623   |0.20054763055130972 |414       
 [7, 14, 6, 6, 7]    |2.100786982260577   |0.939236496041769   |322       
Increasing Epochs
Gen 4 Train time: 10.03952511548996 minutes:
 Average MSE:        0.4797907866693618
 Average Error:      1.0501704998411334
 Structure           |Error               |MSE                 |weights&biases
 [18, 3, 3, 0, 0]    |0.22429213690029964 |0.16327720242308863 |127       
 [17, 5, 5, 0, 0]    |0.22839907805294435 |0.14673004079220092 |177       
 [15, 4, 1, 0, 0]    |0.3240580233808418  |0.2424808126774068  |116       
 [4, 1, 19, 12, 8]   |6.069183486351609   |2.1885168561603936  |408       
 [16, 6, 4, 8, 0]    |0.3663013558026967  |0.20767126466599092 |227       
 [16, 17, 7, 12, 6]  |1.0699373683700102  |0.21386722777332032 |644       
 [12, 5, 18, 9, 10]  |1.079669306942518   |0.3163692600887834  |491       
 [17, 5, 3, 0, 0]    |0.28715613885038443 |0.19104826751640305 |163       
 [16, 4, 7, 4, 0]    |0.31720906546580363 |0.198256385435963   |188       
 [17, 5, 3, 12, 0]   |0.3572061337252116  |0.2060900111195076  |220       
 [14, 7, 18, 12, 12] |1.2168827789611942  |0.21790251168841412 |688       
 [17, 15, 2, 0, 0]   |0.4648908870510194  |0.190910117169642   |356       
 [15, 7, 2, 0, 0]    |0.36914762675694474 |0.23774451638787797 |176       
 [15, 13, 2, 4, 1]   |7.445723587839252   |3.5171107838500872  |300       
 [17, 4, 2, 10, 0]   |0.30134044308761554 |0.1950470215722529  |174       
 [16, 4, 1, 0, 0]    |1.1270250587783759  |0.8286822170167929  |123       
 [15, 5, 2, 1, 15]   |0.3211628284172888  |0.2017336470108963  |186       
 [16, 4, 2, 0, 0]    |0.2912060115874855  |0.2109309777509968  |129       
 [10, 4, 1, 0, 0]    |0.3093471188294266  |0.2526396103786643  |81        
 [15, 7, 3, 5, 0]    |0.300246372712131   |0.1789494529118417  |207       
 [16, 8, 17, 18, 0]  |1.1271297356994843  |0.20590803218220918 |680       
 [17, 3, 3, 0, 0]    |0.208506696518603   |0.15407987831821854 |121       
 [16, 6, 2, 1, 2]    |1.304097329355034   |0.8440961237223401  |174       
 [16, 6, 1, 0, 0]    |0.6678704966875794  |0.4488075997290767  |159       
 [16, 8, 4, 10, 0]   |0.4762734299045803  |0.2359198483916784  |281       
Gen 5 Train time: 9.941947265466053 minutes:
 Average MSE:        0.500647241768719
 Average Error:      1.1638708035465206
 Structure           |Error               |MSE                 |weights&biases
 [17, 3, 3, 0, 0]    |0.2213604102014593  |0.16357836768695216 |121       
 [18, 3, 3, 0, 0]    |0.2191217566513704  |0.15951333787493455 |127       
 [17, 5, 5, 0, 0]    |0.340272413229382   |0.21860064190817008 |177       
 [16, 5, 2, 6, 8]    |0.3908410135403273  |0.2210305356441653  |228       
 [17, 4, 2, 5, 0]    |0.26273931145849905 |0.17878113163789097 |154       
 [17, 5, 4, 0, 0]    |0.3010312675225021  |0.19680514708555177 |170       
 [17, 5, 5, 2, 0]    |0.2771336365302767  |0.174077365933533   |186       
 [17, 3, 3, 5, 0]    |0.24851150573804018 |0.1738145880616216  |143       
 [16, 5, 2, 0, 0]    |0.24657408610684275 |0.17031718631952747 |148       
 [16, 5, 3, 17, 0]   |0.3089421108235418  |0.17082743855568508 |237       
 [13, 16, 2, 0, 0]   |1.798344650741573   |0.8494778633110409  |300       
 [16, 16, 12, 6, 1]  |13.150719735603456  |2.8547277794886314  |611       
 [16, 8, 3, 0, 0]    |0.2546693514062012  |0.14877960392593864 |215       
 [18, 4, 4, 8, 0]    |0.35763664726987826 |0.21746056401774522 |199       
 [17, 4, 3, 0, 0]    |0.2997859211432314  |0.2102019265534531  |142       
 [17, 4, 5, 0, 0]    |0.3509357205512928  |0.23879443431604255 |154       
 [13, 4, 1, 0, 0]    |0.2717246308188095  |0.21056389932387948 |102       
 [18, 1, 2, 17, 2]   |5.344187855399506   |3.5201710711892553  |167       
 [17, 7, 4, 11, 0]   |0.3548047428153135  |0.17796156818729775 |276       
 [16, 10, 10, 9, 19] |0.8901918282661996  |0.18107964767503956 |637       
 [17, 4, 2, 0, 0]    |0.35394224742906644 |0.2519255876919101  |136       
 [10, 2, 7, 5, 9]    |0.36198267607472984 |0.23254793004988866 |177       
 [17, 5, 4, 6, 0]    |0.30218099815957894 |0.18236791717741416 |202       
 [2, 9, 7, 3, 5]     |1.6900894193469256  |1.152901073505638   |153       
 [16, 4, 5, 17, 0]   |0.49904615183501266 |0.2598744370967678  |261       
Increasing Epochs
Gen 6 Train time: 11.276601155598959 minutes:
 Average MSE:        0.39473414732334755
 Average Error:      0.5994538187729261
 Structure           |Error               |MSE                 |weights&biases
 [18, 3, 3, 0, 0]    |0.21281164683094417 |0.15491978817363747 |127       
 [17, 3, 3, 0, 0]    |0.24727622525681742 |0.18272933836040853 |121       
 [16, 5, 2, 0, 0]    |0.24711692081403522 |0.17069214088764678 |148       
 [7, 17, 2, 3, 12]   |0.4895877954696025  |0.25367750712512205 |263       
 [16, 4, 3, 4, 0]    |0.31294892021150533 |0.21401368958732517 |152       
 [17, 6, 3, 16, 0]   |0.31384154570075334 |0.16343056594398261 |261       
 [8, 3, 19, 8, 14]   |0.7939964197349691  |0.2723475347690529  |428       
 [18, 4, 3, 0, 0]    |0.261131115649134   |0.17992185900433053 |149       
 [17, 6, 4, 14, 0]   |0.33679862451907555 |0.17062790618672158 |272       
 [12, 3, 5, 3, 5]    |0.3446780473020676  |0.24349850067385495 |139       
 [18, 4, 4, 1, 0]    |0.32476980700684716 |0.2193385979638484  |157       
 [17, 3, 9, 0, 0]    |0.30372747193339983 |0.2082274153424845  |151       
 [17, 4, 3, 3, 0]    |0.2564341074704264  |0.17449075157280725 |154       
 [17, 5, 4, 6, 0]    |0.2968441921403652  |0.1791471249898461  |202       
 [15, 6, 2, 0, 0]    |0.2979746708302754  |0.20073958794010832 |158       
 [17, 5, 4, 0, 0]    |0.38786317257015646 |0.25357322299097207 |170       
 [5, 5, 4, 6, 0]     |2.1387963397314     |1.6408972776285116  |106       
 [17, 5, 5, 0, 0]    |0.30899872357331665 |0.1985095373464722  |177       
 [11, 3, 5, 3, 5]    |0.3192804910336454  |0.22896519352919786 |133       
 [17, 6, 4, 4, 0]    |0.36025161333256106 |0.21204588994219065 |212       
 [17, 4, 3, 9, 0]    |0.25450513342456443 |0.16066492842848562 |184       
 [17, 4, 4, 3, 0]    |0.3075187764712931  |0.20510789280992311 |162       
 [16, 5, 2, 7, 0]    |0.3235396702894772  |0.20941579697645557 |174       
 [17, 5, 4, 3, 4]    |1.4429505905799738  |0.8730085219059284  |201       
 [7, 12, 1, 2, 1]    |4.102703447446546   |2.8983631130043745  |139       
Result:  [18, 3, 3]
Fold 0
Fold 0 Train time: 18.99389991760254 minutes, MSE: 0.01153385281881491
Fold 1
Fold 1 Train time: 18.928599421183268 minutes, MSE: 0.006735677694204537
Fold 2
Fold 2 Train time: 18.91362461646398 minutes, MSE: 0.007374247285074769
Fold 3
Fold 3 Train time: 18.942354921499888 minutes, MSE: 0.008403344871376233
Fold 4
Fold 4 Train time: 18.93789796034495 minutes, MSE: 0.008866026700861831
Total Time: 159.39548151493074 minutes
CellsPerSensor: 7
 Resulting Network Architecture: [18, 3, 3]
 MSE after 5-Fold CV: 0.008582629874066456
 Weights and Biases: 127
 Objective Function Value: 0.011789866350665151
~/workspace/SolarCellResearch
