/tmp/tmp.geZMyxM358 ~/workspace/SolarCellResearch
Using TensorFlow backend.
Genetically searching for best layer structure...
  Training on:     datasets/N1dataset10k68.mat
  Evaluating with: datasets/N1dataset100k68.mat
Gen 0 Train time: 8.515739409128825 minutes:
 Average MSE:        1.96844177491998
 Average Error:      5.296583935864863
 Structure           |Error               |MSE                 |weights&biases
 [17, 0, 0, 0, 0]    |0.7585330040203447  |0.6383497368706151  |69        
 [13, 4, 2, 14, 17]  |2.7282754792294623  |0.9547265801567167  |420       
 [15, 0, 0, 0, 0]    |0.7593637555089388  |0.6519585060403286  |61        
 [4, 5, 0, 0, 0]     |2.5945030784538643  |2.3300623021857483  |43        
 [2, 12, 17, 1, 0]   |14.918567138154492  |7.352986475147064   |283       
 [3, 14, 10, 0, 0]   |3.561432548790425   |2.0241763260976073  |226       
 [19, 13, 15, 9, 0]  |4.0137898481083925  |0.731422430582044   |681       
 [14, 0, 0, 0, 0]    |0.7309948384270687  |0.6339096261358318  |57        
 [16, 20, 18, 7, 8]  |11.0403649272399    |0.9719587587477168  |972       
 [11, 9, 6, 0, 0]    |1.1348879853927878  |0.6747142269605101  |208       
 [15, 6, 0, 0, 0]    |0.8016413151913435  |0.5537211772599413  |148       
 [4, 14, 13, 9, 2]   |25.837347107483726  |8.906853241238906   |426       
 [4, 0, 0, 0, 0]     |1.4864079701130881  |1.4245592264307283  |17        
 [15, 10, 13, 8, 0]  |2.048676816714244   |0.6342539387020611  |469       
 [12, 4, 0, 0, 0]    |0.7685275009247469  |0.6090962782240139  |93        
 [16, 10, 17, 18, 4] |8.980180269598423   |1.185328506303821   |810       
 [15, 0, 0, 0, 0]    |0.7535200578274847  |0.6469413474223238  |61        
 [7, 9, 5, 13, 15]   |2.9624471740822735  |0.9690061452820462  |447       
 [4, 9, 2, 3, 13]    |2.5815770888031464  |1.7654409459392508  |152       
 [9, 5, 5, 20, 3]    |15.81611006790037   |7.583911117306011   |294       
 [7, 0, 0, 0, 0]     |0.9877977028625422  |0.9187168080621582  |29        
 [13, 14, 11, 4, 0]  |2.5598337805523887  |0.8248467453726324  |453       
 [15, 2, 3, 7, 0]    |1.336670222965259   |0.985290865200961   |122       
 [2, 14, 19, 9, 0]   |15.735656918125565  |4.2564236056666385  |523       
 [14, 20, 11, 10, 10]|7.517491800151311   |0.9823894556638251  |814       
Gen 1 Train time: 8.166287354628246 minutes:
 Average MSE:        0.9853553049232263
 Average Error:      2.486780116163553
 Structure           |Error               |MSE                 |weights&biases
 [14, 0, 0, 0, 0]    |0.6714925835844106  |0.5823100112839525  |57        
 [15, 0, 0, 0, 0]    |0.7515578334272208  |0.645256662211539   |61        
 [17, 0, 0, 0, 0]    |0.704864354442854   |0.5931844399693433  |69        
 [16, 3, 0, 0, 0]    |0.9268604158240881  |0.716446071589295   |103       
 [14, 2, 0, 0, 0]    |0.9682380215081224  |0.8026975131596142  |75        
 [16, 3, 15, 0, 0]   |1.1524295304597179  |0.7440644281533043  |175       
 [19, 4, 17, 20, 20] |13.919460263272095  |1.0787337288497432  |1023      
 [15, 1, 2, 4, 0]    |2.458217006569155   |2.0025798875584626  |82        
 [11, 9, 6, 0, 0]    |1.5158201705012981  |0.9011862383907051  |208       
 [15, 2, 0, 0, 0]    |1.0104669189252018  |0.8273003414920185  |80        
 [14, 17, 0, 0, 0]   |1.47999224450845    |0.6733680949429397  |315       
 [17, 10, 8, 5, 0]   |1.769925996190891   |0.7018312669272945  |370       
 [16, 0, 0, 0, 0]    |0.75002901186395    |0.6375367282202136  |65        
 [10, 3, 0, 0, 0]    |0.9431095998463314  |0.7976600470906655  |67        
 [15, 13, 0, 0, 0]   |1.431294115666877   |0.7342387806885622  |267       
 [6, 16, 7, 20, 13]  |6.325547402000861   |1.110262614120995   |696       
 [15, 2, 0, 0, 0]    |1.0619374573638865  |0.869440854189252   |80        
 [9, 5, 1, 2, 7]     |4.47686712127973    |3.349876563743952   |116       
 [12, 17, 19, 1, 16] |7.08201586995014    |1.3331687063251503  |668       
 [12, 7, 3, 0, 0]    |1.0403761046186266  |0.7061569812460133  |155       
 [15, 3, 0, 0, 0]    |0.9872342023003844  |0.7746468889149103  |97        
 [18, 7, 8, 3, 0]    |1.671472915126596   |0.8258890990009593  |282       
 [9, 14, 19, 3, 3]   |6.383293687039877   |1.7052030866241037  |528       
 [10, 0, 0, 0, 0]    |0.7750672697764232  |0.6995587822888556  |41        
 [13, 10, 10, 4, 0]  |1.9119328080416575  |0.8212848060988147  |338       
Gen 2 Train time: 8.148605628808339 minutes:
 Average MSE:        1.193884073512943
 Average Error:      2.1296496393389526
 Structure           |Error               |MSE                 |weights&biases
 [14, 0, 0, 0, 0]    |0.6984827496175269  |0.6057155473561526  |57        
 [17, 0, 0, 0, 0]    |0.6905611691522426  |0.5811474758316187  |69        
 [16, 0, 0, 0, 0]    |0.8212236414822089  |0.6980533089333714  |65        
 [17, 4, 4, 2, 0]    |1.7626816657119566  |1.193435739322156   |156       
 [11, 5, 2, 0, 0]    |1.1509010338470702  |0.8785742492499381  |108       
 [15, 17, 2, 11, 11] |4.561826647888889   |1.2125470218595855  |530       
 [14, 1, 7, 13, 0]   |1.9026497178398065  |1.1861912014552058  |189       
 [15, 7, 2, 0, 0]    |1.4172344409965651  |0.9127505972151944  |176       
 [17, 2, 8, 9, 0]    |1.2500402623399933  |0.7544062678304664  |202       
 [13, 2, 8, 0, 0]    |0.9625341818310619  |0.749622374543025   |100       
 [16, 6, 4, 3, 19]   |1.8062939772221809  |0.8770223694359712  |289       
 [15, 2, 0, 0, 0]    |1.053468267542228   |0.8625068680286052  |80        
 [8, 10, 12, 1, 1]   |17.182364674149863  |8.902957707252988   |263       
 [12, 16, 0, 0, 0]   |1.2101072078704345  |0.6301540014199688  |261       
 [10, 2, 1, 0, 0]    |1.362062273328359   |1.1811634516013685  |57        
 [9, 19, 8, 13, 5]   |5.178369026322432   |1.2454415764464872  |570       
 [13, 0, 0, 0, 0]    |0.7259862719588223  |0.6358935057295564  |53        
 [17, 5, 13, 2, 0]   |1.5368932049192057  |0.8226396523461833  |250       
 [14, 10, 2, 0, 0]   |1.52452874584194    |0.8861981951667731  |217       
 [13, 5, 3, 0, 0]    |1.0406748572737181  |0.750038608282018   |131       
 [14, 2, 0, 0, 0]    |0.99540611889011    |0.8252206569748427  |75        
 [13, 2, 7, 0, 0]    |0.9120994266009688  |0.7174828210271499  |96        
 [15, 3, 0, 0, 0]    |1.010301273070531   |0.7927467831110772  |97        
 [17, 2, 8, 0, 0]    |1.105952100420447   |0.8193094671926839  |120       
 [14, 2, 2, 0, 0]    |1.3785980473552573  |1.125882390211189   |81        
Increasing Epochs
Gen 3 Train time: 9.439603356520335 minutes:
 Average MSE:        0.9968817013221364
 Average Error:      2.1733234060254896
 Structure           |Error               |MSE                 |weights&biases
 [17, 0, 0, 0, 0]    |0.7651035658312191  |0.6438792476247066  |69        
 [14, 0, 0, 0, 0]    |0.7180872615757731  |0.6227163361343174  |57        
 [13, 0, 0, 0, 0]    |0.6924476048415382  |0.606516888795516   |53        
 [9, 0, 0, 0, 0]     |0.8304900891483081  |0.7571156344858606  |37        
 [12, 6, 2, 2, 0]    |1.2542367558553698  |0.8904994667377679  |137       
 [12, 1, 1, 0, 0]    |1.7789013430990346  |1.5581449059059098  |53        
 [16, 4, 14, 13, 6]  |7.9339160131840325  |2.437923704698506   |472       
 [15, 10, 7, 0, 0]   |1.3907974811152417  |0.6735973905453434  |290       
 [6, 8, 16, 10, 12]  |3.9981420201605626  |1.0547774093285518  |533       
 [12, 3, 1, 0, 0]    |1.3339608929071136  |1.0894278295517459  |81        
 [12, 4, 5, 0, 0]    |0.9517994631575152  |0.7068753660113456  |119       
 [14, 1, 4, 5, 0]    |2.033911766157544   |1.5999316622106048  |96        
 [15, 5, 0, 0, 0]    |1.109486577295128   |0.7996328176141794  |131       
 [14, 1, 4, 0, 0]    |1.2638177509205513  |1.060920683983006   |70        
 [14, 1, 17, 7, 0]   |1.8875273861020205  |1.0754806858101849  |225       
 [16, 2, 0, 0, 0]    |0.9086379470328323  |0.734688585874542   |85        
 [13, 6, 2, 0, 0]    |1.0915733450734166  |0.7692187353276518  |140       
 [13, 1, 4, 0, 0]    |1.6938179458589175  |1.4361775721649024  |66        
 [14, 1, 4, 18, 0]   |2.2786356540088257  |1.4748803479841623  |174       
 [20, 8, 7, 3, 18]   |2.2675267211829695  |0.821757193466808   |406       
 [14, 1, 6, 0, 0]    |1.0818561686343322  |0.8946508402651314  |76        
 [14, 1, 19, 0, 0]   |1.3829106946022465  |1.037371880599803   |115       
 [15, 2, 15, 0, 0]   |1.0017077391690736  |0.709429809105752   |138       
 [14, 3, 4, 0, 0]    |0.8774155959254679  |0.6698010739408524  |108       
 [14, 15, 13, 19, 19]|13.806377367798207  |0.7966264648862633  |1141      
Increasing Epochs
Gen 4 Train time: 10.467998091379801 minutes:
 Average MSE:        1.167062430904283
 Average Error:      2.4567042740485845
 Structure           |Error               |MSE                 |weights&biases
 [13, 0, 0, 0, 0]    |0.7608806260540982  |0.6664575728653493  |53        
 [14, 0, 0, 0, 0]    |0.7295804430328743  |0.6326830800531381  |57        
 [17, 0, 0, 0, 0]    |0.6615453379820019  |0.5567289626035397  |69        
 [14, 5, 3, 17, 0]   |1.1289998611338228  |0.6497498490168198  |221       
 [13, 3, 1, 1, 0]    |1.8558483990561603  |1.4856344936978434  |89        
 [11, 0, 0, 0, 0]    |0.6486895041047859  |0.5796672199651752  |45        
 [14, 3, 2, 0, 0]    |1.3166588551670257  |1.0305548612555737  |98        
 [14, 3, 0, 0, 0]    |0.709848434299613   |0.5654101937845311  |91        
 [15, 2, 10, 3, 0]   |1.1358090622276882  |0.7924270936531966  |144       
 [14, 1, 13, 0, 0]   |1.4648608424056226  |1.1494231982833203  |97        
 [1, 1, 4, 16, 8]    |12.337537317245912  |6.804923739190256   |238       
 [3, 7, 11, 18, 18]  |20.230270378222244  |3.497960261914206   |702       
 [12, 0, 0, 0, 0]    |0.5965844287933156  |0.5278017669507815  |49        
 [16, 14, 17, 6, 10] |4.632694788598821   |0.7468721397901961  |730       
 [14, 6, 4, 0, 0]    |0.7816066792197413  |0.5174183041315837  |165       
 [15, 1, 0, 0, 0]    |1.100212815457963   |0.9398862982806426  |63        
 [13, 3, 12, 0, 0]   |0.8768129186263148  |0.6147979332029709  |142       
 [14, 1, 3, 17, 0]   |1.7481403431596338  |1.2044855687146936  |149       
 [15, 1, 2, 0, 0]    |1.2362661818645377  |1.0429942815870568  |68        
 [16, 4, 0, 0, 0]    |0.7986087152272524  |0.5901466750019004  |121       
 [14, 2, 5, 0, 0]    |0.8888688974813387  |0.7044728219009819  |93        
 [14, 1, 12, 4, 14]  |2.780811122544056   |1.6124304804272256  |218       
 [15, 1, 8, 0, 0]    |1.3753946918401518  |1.1093128155690068  |86        
 [13, 2, 3, 0, 0]    |0.8648901335552652  |0.7081121503754186  |80        
 [16, 9, 0, 0, 0]    |0.7561860739143763  |0.4462090103916644  |211       
Gen 5 Train time: 10.696872584025066 minutes:
 Average MSE:        1.18027921162084
 Average Error:      2.008375629575592
 Structure           |Error               |MSE                 |weights&biases
 [12, 0, 0, 0, 0]    |0.6266381447843083  |0.5543904669535072  |49        
 [11, 0, 0, 0, 0]    |0.5851211662604666  |0.5228627219073937  |45        
 [17, 0, 0, 0, 0]    |0.6427981995790802  |0.5409521528890594  |69        
 [13, 3, 2, 9, 0]    |1.1787825838412416  |0.8602624148694696  |126       
 [15, 4, 6, 0, 0]    |0.9663083558870877  |0.6708080243722223  |146       
 [15, 8, 2, 0, 0]    |1.1601666799672457  |0.7143113726351606  |194       
 [14, 5, 2, 0, 0]    |0.820923502046228   |0.5901813889530857  |132       
 [15, 2, 0, 0, 0]    |0.817379771548085   |0.6692139559102724  |80        
 [14, 3, 2, 0, 0]    |1.0948320842472479  |0.8569300409531243  |98        
 [14, 2, 8, 9, 1]    |14.290476745775809  |8.909279317942588   |189       
 [16, 15, 2, 9, 0]   |1.8027958928993255  |0.7112998085861124  |372       
 [14, 2, 3, 0, 0]    |0.9404324307815908  |0.7603963437117155  |85        
 [15, 5, 18, 19, 0]  |2.842033028391654   |0.6123321904593589  |614       
 [14, 2, 7, 2, 0]    |1.1722712467753025  |0.8859835488888063  |112       
 [16, 3, 2, 20, 0]   |1.4998869037357554  |0.9374327170023641  |188       
 [17, 3, 18, 11, 12] |2.504846508033256   |0.6445051012532589  |543       
 [13, 1, 4, 8, 0]    |2.1401530594708738  |1.625600603408704   |110       
 [15, 8, 15, 3, 5]   |2.410633284707632   |0.9276409640191348  |382       
 [15, 6, 3, 0, 0]    |0.906254096663522   |0.5984360845808308  |166       
 [18, 8, 4, 12, 2]   |6.505266700134534   |2.8437173159991875  |331       
 [14, 1, 0, 0, 0]    |1.5939048681274048  |1.375320640964723   |59        
 [14, 2, 8, 0, 0]    |1.1351901558941089  |0.8731046774698268  |105       
 [15, 6, 2, 0, 0]    |1.0037507311579208  |0.6762068319625476  |158       
 [12, 11, 0, 0, 0]   |0.8924389900073323  |0.5536087184263934  |191       
 [13, 0, 0, 0, 0]    |0.6761056086727875  |0.5922028864021549  |53        
Gen 6 Train time: 10.675810098648071 minutes:
 Average MSE:        0.9163919856871816
 Average Error:      1.8967585953858705
 Structure           |Error               |MSE                 |weights&biases
 [11, 0, 0, 0, 0]    |0.6911800153142513  |0.6176366280592381  |45        
 [12, 0, 0, 0, 0]    |0.7591292508434907  |0.6716061308365592  |49        
 [17, 0, 0, 0, 0]    |0.6126588929278949  |0.5155881695577146  |69        
 [13, 3, 4, 4, 12]   |1.2963390997264104  |0.8061739142311719  |190       
 [16, 20, 0, 0, 0]   |1.442601149468566   |0.5188958127527986  |409       
 [16, 13, 5, 16, 2]  |15.75930677113382   |4.842499905862267   |472       
 [14, 10, 1, 0, 0]   |1.8608235921696084  |1.1146262882152325  |205       
 [12, 6, 0, 0, 0]    |0.7302358515267366  |0.5396212832751954  |121       
 [13, 2, 3, 0, 0]    |0.9064599599480749  |0.7421466456433247  |80        
 [13, 3, 1, 5, 0]    |1.0488296621311708  |0.814789839236758   |101       
 [13, 19, 18, 2, 8]  |6.583264679503091   |1.045537151779283   |736       
 [15, 5, 2, 0, 0]    |1.157987624159888   |0.816020086787143   |140       
 [12, 6, 13, 0, 0]   |0.8155195070329689  |0.4716915810883856  |219       
 [13, 5, 14, 0, 0]   |0.9574814828232553  |0.5692424158393959  |208       
 [14, 4, 3, 0, 0]    |1.1145074856777335  |0.8235859118445517  |121       
 [14, 0, 0, 0, 0]    |0.7796712383017813  |0.6761211942949357  |57        
 [14, 2, 3, 0, 0]    |1.1577351583594944  |0.9360987058596196  |85        
 [15, 4, 1, 13, 0]   |0.9971711854178409  |0.6785257675224526  |154       
 [13, 2, 3, 10, 0]   |0.8837380630816749  |0.6433318644554861  |127       
 [12, 6, 6, 0, 0]    |1.0558052328460275  |0.7024393118584238  |163       
 [16, 2, 19, 4, 12]  |1.9235717590828607  |0.9269865237856557  |292       
 [14, 5, 12, 0, 0]   |0.8650240219452497  |0.5220468201222809  |202       
 [16, 4, 1, 0, 0]    |1.3971586107299705  |1.0273067897166341  |123       
 [15, 3, 3, 10, 0]   |1.0566182277622016  |0.7153906348264661  |156       
 [15, 4, 1, 0, 0]    |1.5661463627327046  |1.1718902647285672  |116       
Result:  [17]
Fold 0
Fold 0 Train time: 17.24333947102229 minutes, MSE: 0.3041201399449697
Fold 1
Fold 1 Train time: 17.002411313851674 minutes, MSE: 0.17077817380562088
Fold 2
Fold 2 Train time: 16.99620237747828 minutes, MSE: 0.16056799310680178
Fold 3
Fold 3 Train time: 17.02095563809077 minutes, MSE: 0.16639595904394952
Fold 4
Fold 4 Train time: 16.9702671845754 minutes, MSE: 0.3818672745409582
Total Time: 151.34937788645428 minutes
CellsPerSensor: 1
 Resulting Network Architecture: [17]
 MSE after 5-Fold CV: 0.23674590808846002
 Weights and Biases: 69
 Objective Function Value: 0.28131849122742314
~/workspace/SolarCellResearch
