/tmp/tmp.RhNruKYaCO ~/workspace/SolarCellResearch
Using TensorFlow backend.
Genetically searching for best layer structure...
  Training on:     datasets/N2dataset10k7.mat
  Evaluating with: datasets/N2dataset100k7.mat
Gen 0 Train time: 8.231973445415496 minutes:
 Average MSE:        0.850187088002352
 Average Error:      1.798534653318722
 Structure           |Error               |MSE                 |weights&biases
 [19, 16, 14, 17, 0] |3.506968244681792   |0.38088869573231654 |888       
 [19, 16, 14, 20, 0] |4.528447241344714   |0.4362146276101278  |936       
 [1, 8, 0, 0, 0]     |2.9653333943698668  |2.7648585308711917  |28        
 [17, 17, 4, 0, 0]   |1.4428104434898221  |0.4875282255627538  |434       
 [17, 13, 2, 15, 0]  |1.2193845273655457  |0.47871313009154415 |374       
 [12, 6, 19, 0, 0]   |0.7948285858807422  |0.4077386788400082  |267       
 [9, 1, 0, 0, 0]     |0.6665671972607441  |0.6046446654395089  |39        
 [12, 2, 9, 20, 7]   |3.810738488006257   |1.2558630170365788  |444       
 [20, 7, 2, 19, 2]   |8.820372542409325   |3.9336356794066014  |323       
 [8, 6, 19, 6, 0]    |1.204596240513158   |0.5174431787854203  |338       
 [11, 0, 0, 0, 0]    |0.566819278840326   |0.5065082038616773  |45        
 [18, 3, 0, 0, 0]    |0.7413951244363003  |0.5561475932653911  |115       
 [9, 13, 0, 0, 0]    |0.6937029771578955  |0.4523896572807371  |171       
 [19, 0, 0, 0, 0]    |0.4637242794585147  |0.38252352333838874 |77        
 [14, 20, 0, 0, 0]   |1.1882160981928458  |0.47948297320594707 |363       
 [2, 12, 1, 0, 0]    |3.3874116827072323  |2.9375212525078966  |57        
 [10, 12, 6, 0, 0]   |0.7843555183064899  |0.42299585705110215 |247       
 [18, 3, 15, 6, 0]   |0.8645166070642744  |0.43579437492627926 |274       
 [9, 16, 19, 0, 0]   |1.9477713580299272  |0.5177233905930118  |530       
 [16, 0, 0, 0, 0]    |0.5559439898014535  |0.47256133659534016 |65        
 [9, 12, 0, 0, 0]    |0.77263377304215    |0.5179119063143036  |160       
 [14, 8, 19, 0, 0]   |0.9514050269848715  |0.3936412130940042  |353       
 [6, 0, 0, 0, 0]     |0.7913234402343855  |0.7433795766666806  |25        
 [8, 13, 2, 3, 0]    |1.2214527710717615  |0.7749482285512115  |182       
 [17, 9, 17, 0, 0]   |1.0726475023176554  |0.3936196834307826  |401       
Gen 1 Train time: 8.035679944356282 minutes:
 Average MSE:        0.6710110871652539
 Average Error:      1.3095713330650331
 Structure           |Error               |MSE                 |weights&biases
 [19, 0, 0, 0, 0]    |0.4622542930759821  |0.38131093992360093 |77        
 [16, 0, 0, 0, 0]    |0.5175229957117878  |0.43990287341666934 |65        
 [11, 0, 0, 0, 0]    |0.735772439011251   |0.657484299576016   |45        
 [17, 13, 11, 0, 0]  |1.39887995814022    |0.45301587340977206 |451       
 [14, 7, 1, 8, 0]    |0.7440220902333478  |0.4744094301612577  |180       
 [14, 7, 1, 2, 0]    |1.7675443014872994  |1.1789110612570686  |162       
 [13, 6, 3, 11, 0]   |0.775297995640671   |0.4702420047698186  |200       
 [15, 6, 3, 0, 0]    |0.6801791202640998  |0.44914967120486393 |166       
 [18, 5, 9, 0, 0]    |0.6693436296856309  |0.3929952695473601  |213       
 [19, 12, 0, 0, 0]   |0.9720223063732866  |0.44781435176150824 |310       
 [14, 8, 8, 3, 0]    |1.2088019493981301  |0.6232109242139581  |265       
 [14, 8, 11, 3, 0]   |0.9698355004107804  |0.4569739878507777  |301       
 [16, 6, 10, 0, 0]   |0.7054356941922865  |0.39596095894506184 |231       
 [14, 1, 5, 10, 4]   |5.010216120331424   |3.226761658991312   |176       
 [17, 16, 0, 0, 0]   |1.01473032270635    |0.4167048445116066  |356       
 [16, 7, 0, 0, 0]    |0.6866233449550235  |0.4433173508812011  |175       
 [17, 10, 0, 0, 0]   |0.6155803994890253  |0.33615271370161276 |242       
 [15, 15, 0, 0, 0]   |0.841520085390565   |0.3965134181153129  |301       
 [15, 0, 0, 0, 0]    |0.454645086050779   |0.39033958222246673 |61        
 [13, 6, 3, 0, 0]    |0.5882933458955795  |0.4063544104955928  |148       
 [18, 0, 0, 0, 0]    |0.4969070284134393  |0.41401530553413624 |73        
 [8, 1, 0, 0, 0]     |0.6003741077294973  |0.5500740875523225  |35        
 [14, 1, 1, 3, 0]    |1.4810105311250215  |1.2463566882857884  |69        
 [11, 12, 0, 0, 0]   |0.6768986792158505  |0.4209531733452466  |190       
 [17, 10, 20, 8, 3]  |8.665572001698504   |1.7063522994570133  |650       
Gen 2 Train time: 8.171265983581543 minutes:
 Average MSE:        0.7531404594281317
 Average Error:      1.4295870156753199
 Structure           |Error               |MSE                 |weights&biases
 [15, 0, 0, 0, 0]    |0.5680915949982263  |0.4877400914676012  |61        
 [19, 0, 0, 0, 0]    |0.521119035452085   |0.4298681314521671  |77        
 [18, 0, 0, 0, 0]    |0.4941817537462306  |0.411744648530931   |73        
 [16, 7, 11, 2, 0]   |1.3211225522503864  |0.6527779807100735  |282       
 [14, 8, 5, 6, 0]    |0.9603850637580921  |0.5140570811554579  |250       
 [17, 1, 1, 2, 0]    |0.6488983463555678  |0.5339360489365994  |78        
 [3, 5, 8, 12, 7]    |4.239213565036963   |2.0841847510482348  |284       
 [9, 10, 12, 14, 4]  |11.504156833107986  |3.2469251272665893  |506       
 [14, 3, 2, 0, 0]    |0.5751107133179537  |0.4501417653054804  |98        
 [14, 1, 0, 0, 0]    |0.6885765656385953  |0.594146854397877   |59        
 [9, 0, 0, 0, 0]     |0.6039412185237533  |0.5505825353360952  |37        
 [15, 7, 11, 0, 0]   |0.7009107393587886  |0.3686621144783395  |257       
 [13, 4, 6, 2, 0]    |0.796770746732038   |0.5586744879339685  |142       
 [18, 6, 0, 0, 0]    |0.5941795011919904  |0.3836311193782685  |175       
 [15, 6, 7, 13, 0]   |1.2582930897268552  |0.5826061443092466  |308       
 [16, 0, 0, 0, 0]    |0.4575058667978775  |0.38888734815071363 |65        
 [15, 7, 6, 4, 0]    |0.8631924020890166  |0.4761046161338334  |238       
 [12, 8, 0, 0, 0]    |0.5226510068963657  |0.3601115881480405  |149       
 [16, 3, 5, 0, 0]    |0.6686643192284041  |0.48920526646646695 |125       
 [16, 12, 13, 4, 0]  |1.4208444917501097  |0.4258157267299726  |482       
 [16, 3, 2, 6, 0]    |0.6046825407584318  |0.4347206297431546  |132       
 [14, 3, 2, 6, 0]    |0.6835889320489945  |0.5064151363182519  |120       
 [16, 3, 6, 2, 0]    |1.5974120470255448  |1.1256772439120908  |140       
 [15, 8, 2, 0, 0]    |1.0295686364420817  |0.6339025233338171  |194       
 [2, 6, 3, 0, 0]     |2.416613829650655   |2.1379925250600205  |49        
Increasing Epochs
Gen 3 Train time: 9.495271615187328 minutes:
 Average MSE:        0.5659496614538176
 Average Error:      0.8040540392412248
 Structure           |Error               |MSE                 |weights&biases
 [16, 0, 0, 0, 0]    |0.39455190165853454 |0.33537546483878333 |65        
 [18, 0, 0, 0, 0]    |0.4609744116223584  |0.38407680100764635 |73        
 [19, 0, 0, 0, 0]    |0.4929775818027965  |0.40665440623087895 |77        
 [18, 1, 1, 6, 0]    |0.5574789996234191  |0.440726646382464   |94        
 [15, 4, 4, 4, 0]    |0.6470276506243338  |0.4402703765092875  |154       
 [16, 5, 7, 4, 0]    |0.7362302918402257  |0.43334880860490266 |212       
 [14, 6, 1, 3, 0]    |0.7907740726949724  |0.5448509682885693  |149       
 [19, 6, 1, 3, 0]    |0.6777550944244988  |0.4172919117298773  |194       
 [13, 2, 1, 3, 8]    |2.450887371599213   |1.8293306802801426  |117       
 [16, 2, 1, 3, 0]    |0.8983268248128853  |0.7084177411323436  |95        
 [9, 3, 2, 6, 0]     |0.9858643818236648  |0.7872286983833835  |90        
 [15, 5, 7, 0, 0]    |0.8369681285764243  |0.5403872388824789  |175       
 [16, 6, 2, 3, 0]    |0.6690844689585199  |0.4298388253605568  |177       
 [15, 3, 2, 6, 0]    |0.5328730415289248  |0.38888481710572237 |126       
 [12, 0, 0, 0, 0]    |0.7366214903930027  |0.6516933822589591  |49        
 [15, 3, 4, 18, 0]   |0.9476418321696142  |0.5494823299326684  |218       
 [17, 1, 11, 2, 0]   |1.5738835890552874  |1.171806047045876   |118       
 [12, 8, 0, 0, 0]    |0.5689079545486208  |0.3919830715320519  |149       
 [17, 7, 1, 0, 0]    |0.7266108971905214  |0.4552702129006995  |187       
 [15, 6, 1, 17, 0]   |0.7297366603238304  |0.44260765800270674 |200       
 [12, 1, 17, 0, 0]   |0.5803050310806005  |0.45081356873687534 |101       
 [15, 5, 12, 3, 0]   |0.8391263989818202  |0.46052233191490155 |240       
 [17, 7, 3, 2, 0]    |0.9242385138826684  |0.5440113824394761  |212       
 [15, 4, 4, 9, 0]    |0.7662583986042621  |0.48372639527119776 |184       
 [15, 2, 1, 3, 0]    |0.5762459932096228  |0.46014177157298963 |90        
Gen 4 Train time: 9.691687262058258 minutes:
 Average MSE:        0.7880546548808723
 Average Error:      1.4377758274098205
 Structure           |Error               |MSE                 |weights&biases
 [16, 0, 0, 0, 0]    |0.5436664522481947  |0.4621252321267235  |65        
 [18, 0, 0, 0, 0]    |0.49119593493391933 |0.409256910146961   |73        
 [19, 0, 0, 0, 0]    |0.43746527460448076 |0.3608626194326153  |77        
 [16, 2, 6, 3, 0]    |0.5517391382126153  |0.4036609766179007  |125       
 [16, 3, 1, 9, 0]    |0.7027668738556035  |0.5065004543246334  |131       
 [17, 1, 1, 2, 0]    |0.608553012376659   |0.5007385098479082  |78        
 [18, 1, 1, 3, 0]    |0.6969312377935561  |0.5635109420846591  |85        
 [18, 9, 2, 3, 0]    |0.8811594504381072  |0.4623113572681056  |258       
 [14, 3, 12, 2, 0]   |0.8466525601533432  |0.5618811833243214  |164       
 [11, 7, 12, 13, 4]  |3.6783565054060703  |1.2152697281510527  |443       
 [19, 1, 1, 3, 0]    |0.5483368709777532  |0.4389518939721554  |89        
 [13, 5, 3, 10, 0]   |0.7007680194328526  |0.4490691587196597  |178       
 [1, 1, 6, 17, 17]   |10.646793340827125  |3.3711662476859177  |460       
 [17, 3, 16, 10, 6]  |1.5408181431662746  |0.5500828020815891  |412       
 [16, 19, 2, 3, 0]   |1.375490169536574   |0.4765465612878218  |424       
 [16, 2, 8, 9, 6]    |0.9526322918900484  |0.5048336587898372  |254       
 [17, 2, 1, 3, 0]    |0.612313446407141   |0.4768701915470322  |100       
 [16, 7, 2, 10, 0]   |0.712527896156356   |0.40700239252963766 |224       
 [18, 7, 0, 0, 0]    |0.6208735178436043  |0.38131560286942473 |195       
 [1, 4, 1, 1, 3]     |4.213311106910877   |3.928465237424791   |28        
 [15, 7, 6, 2, 0]    |0.8359283226429536  |0.4798832623777843  |222       
 [4, 2, 1, 3, 0]     |1.4171107309796527  |1.2983835949425278  |35        
 [16, 1, 9, 0, 0]    |0.615562671699402   |0.48786404116259413 |93        
 [14, 3, 3, 2, 0]    |0.6356147597736982  |0.48279525263443623 |110       
 [16, 5, 19, 2, 0]   |1.0778279569786489  |0.5220185606717231  |290       
Increasing Epochs
Gen 5 Train time: 10.860438887278239 minutes:
 Average MSE:        0.8790378086824046
 Average Error:      1.3297327955924965
 Structure           |Error               |MSE                 |weights&biases
 [19, 0, 0, 0, 0]    |0.5262216412821978  |0.43407724200945974 |77        
 [18, 0, 0, 0, 0]    |0.5456067078311772  |0.45459113058922795 |73        
 [16, 0, 0, 0, 0]    |0.38558517742119386 |0.32775360496042966 |65        
 [15, 3, 5, 3, 0]    |0.5425477001605857  |0.3871359828220574  |135       
 [16, 3, 2, 5, 0]    |0.6879746203389875  |0.49957210809029384 |128       
 [16, 5, 7, 6, 3]    |2.228013569474516   |1.1985475065842717  |248       
 [18, 20, 1, 1, 0]   |5.99739923758352    |1.9037505513773998  |459       
 [16, 3, 5, 9, 3]    |0.9858615492163108  |0.5875820689704923  |207       
 [11, 3, 1, 3, 0]    |0.6056077485984038  |0.4921248758314561  |83        
 [18, 1, 1, 3, 0]    |0.6905215680730287  |0.5583283375079134  |85        
 [16, 2, 5, 5, 0]    |0.9248428333035581  |0.6632313099553776  |133       
 [17, 9, 5, 6, 3]    |1.0717475422784777  |0.47677553913719334 |324       
 [18, 2, 11, 6, 0]   |0.8025879193767251  |0.48195049719385874 |204       
 [18, 1, 14, 2, 0]   |2.670994294690101   |1.9106639474222225  |134       
 [7, 1, 4, 5, 3]     |3.3809157984689007  |2.740517083190607   |84        
 [19, 1, 1, 2, 0]    |0.749059708604922   |0.6041476961570227  |86        
 [18, 4, 0, 0, 0]    |0.5533181443443896  |0.3948212545378768  |135       
 [18, 1, 1, 2, 19]   |0.7166284513791354  |0.4851982194672174  |156       
 [18, 1, 1, 1, 0]    |1.404777451379333   |1.1530134340937856  |79        
 [12, 2, 1, 3, 0]    |0.6976164463134986  |0.5783443473154244  |75        
 [17, 2, 1, 5, 0]    |0.5260740086391736  |0.40360710955562373 |106       
 [18, 1, 4, 5, 3]    |1.7369702978832424  |1.2612993092335185  |128       
 [18, 1, 1, 2, 0]    |0.9843990750355814  |0.8019380647556151  |82        
 [12, 1, 1, 1, 0]    |2.179267424766416   |1.8993064185137787  |55        
 [18, 1, 1, 1, 8]    |1.6487809733690313  |1.277667577787992   |102       
Gen 6 Train time: 10.818389320373536 minutes:
 Average MSE:        0.677799848231345
 Average Error:      0.9865619448192682
 Structure           |Error               |MSE                 |weights&biases
 [16, 0, 0, 0, 0]    |0.4489673808141656  |0.3816294976783945  |65        
 [17, 2, 1, 5, 0]    |0.5867576541828978  |0.4501639634829947  |106       
 [19, 0, 0, 0, 0]    |0.5759473650530257  |0.4750957090165775  |77        
 [18, 2, 1, 4, 0]    |0.5797255408177391  |0.44255059020360443 |108       
 [19, 1, 1, 1, 0]    |0.6625054992407714  |0.5383607414305478  |83        
 [17, 0, 0, 0, 0]    |0.49487607815717327 |0.4164670655078321  |69        
 [17, 2, 3, 2, 0]    |0.6403495701232942  |0.4900533342338401  |107       
 [18, 2, 1, 3, 0]    |0.7402330764920785  |0.5693327749077143  |105       
 [15, 1, 1, 2, 0]    |0.5650057374907843  |0.47429803311152263 |70        
 [17, 4, 2, 3, 0]    |0.5738689809346944  |0.3983779246076235  |146       
 [17, 2, 20, 5, 0]   |0.8308214868347354  |0.4359009133194915  |258       
 [18, 1, 1, 3, 0]    |0.7298292294560924  |0.59011095262966    |85        
 [19, 1, 9, 2, 0]    |1.5629783372311443  |1.1636867425935313  |118       
 [18, 6, 1, 3, 0]    |0.7451583776951283  |0.46923175020395635 |185       
 [17, 4, 1, 3, 0]    |0.6707831151811453  |0.4750622549338227  |138       
 [15, 2, 1, 3, 0]    |0.5550329999454852  |0.4432028524031423  |90        
 [14, 1, 1, 2, 0]    |1.4409987744369874  |1.2218137884435243  |66        
 [17, 1, 1, 2, 0]    |0.7489195527373134  |0.6162369640880735  |78        
 [18, 1, 1, 1, 10]   |0.7204555408643973  |0.5499809864772477  |108       
 [18, 2, 11, 6, 0]   |0.7506418307677394  |0.45075710064757263 |204       
 [18, 2, 3, 4, 0]    |1.6054762287556452  |1.183434055245906   |122       
 [19, 1, 1, 1, 10]   |1.542356543068927   |1.1656879987793525  |112       
 [1, 4, 6, 5, 0]     |2.653452708390856   |2.1616281281152103  |82        
 [15, 2, 1, 15, 0]   |0.659780805940615   |0.48150069163173237 |126       
 [3, 10, 12, 20, 5]  |3.5791262058688713  |0.9004313920907467  |552       
Result:  [16]
Fold 0
Fold 0 Train time: 17.270528757572173 minutes, MSE: 0.0982510708595171
Fold 1
Fold 1 Train time: 17.373520040512084 minutes, MSE: 0.05125857378388181
Fold 2
Fold 2 Train time: 17.306386709213257 minutes, MSE: 0.08166003730284756
Fold 3
Fold 3 Train time: 17.295467261473338 minutes, MSE: 0.06470543396452431
Fold 4
Fold 4 Train time: 17.294777580102284 minutes, MSE: 0.14188266284238285
Total Time: 151.8505672653516 minutes
CellsPerSensor: 2
 Resulting Network Architecture: [16]
 MSE after 5-Fold CV: 0.08755155575063074
 Weights and Biases: 65
 Objective Function Value: 0.10299988054039631
~/workspace/SolarCellResearch
