/tmp/tmp.mj27xdmSZw ~/workspace/SolarCellResearch
Using TensorFlow backend.
Genetically searching for best layer structure...
  Training on:     datasets/N7dataset10k6.mat
  Evaluating with: datasets/N7dataset100k6.mat
Gen 0 Train time: 8.903330187002817 minutes:
 Average MSE:        1.2507410403862655
 Average Error:      3.5423711029275013
 Structure           |Error               |MSE                 |weights&biases
 [6, 4, 18, 19, 0]   |1.2908210434043665  |0.3544381156149095  |517       
 [2, 5, 11, 3, 0]    |3.2368332586864157  |2.356306763545849   |127       
 [15, 5, 0, 0, 0]    |0.2694248116507287  |0.19418073700420585 |131       
 [10, 20, 0, 0, 0]   |0.43154184575188786 |0.21917368183194902 |271       
 [17, 12, 1, 14, 13] |0.8345137032578294  |0.22914366476195322 |517       
 [19, 14, 14, 12, 5] |1.5617057915916246  |0.21241331144790862 |798       
 [9, 10, 16, 11, 0]  |0.782175782941095   |0.22297942478255872 |502       
 [9, 20, 3, 0, 0]    |0.4600645533797085  |0.2206034648264168  |294       
 [2, 8, 14, 12, 6]   |9.87154187691046    |3.445799867889197   |421       
 [15, 0, 0, 0, 0]    |0.2759778807830836  |0.23694326408155403 |61        
 [7, 14, 6, 20, 4]   |10.144886886862025  |3.2771358470984517  |452       
 [17, 8, 3, 14, 1]   |7.227902545467316   |3.4571650023349774  |295       
 [7, 4, 20, 12, 7]   |7.586738906001235   |2.1520090386897133  |504       
 [19, 4, 11, 0, 0]   |0.271941944412528   |0.16329993531333403 |204       
 [2, 1, 9, 14, 20]   |8.022794819687167   |2.368571053813359   |488       
 [1, 14, 0, 0, 0]    |3.2656799367180653  |2.910916532426287   |46        
 [6, 15, 5, 16, 18]  |10.569610121508559  |2.221056345057646   |624       
 [3, 8, 15, 15, 0]   |1.5029231676462653  |0.5103859831207904  |432       
 [10, 17, 16, 0, 0]  |0.906063390231563   |0.24569950644110355 |522       
 [11, 19, 15, 3, 0]  |4.4090470461836695  |0.952332135514758   |613       
 [13, 18, 0, 0, 0]   |0.4682497052833845  |0.21572440967570664 |310       
 [19, 6, 8, 0, 0]    |0.31322525533586393 |0.17104430171660848 |242       
 [6, 9, 4, 0, 0]     |0.6015874480694627  |0.43903182650100786 |126       
 [16, 13, 1, 20, 9]  |3.812841163577085   |1.0339378040534128  |522       
 [1, 9, 20, 10, 0]   |10.441184687846125  |3.458233992112978   |442       
Gen 1 Train time: 8.775445799032846 minutes:
 Average MSE:        0.4249183415765785
 Average Error:      1.4912463268896665
 Structure           |Error               |MSE                 |weights&biases
 [15, 5, 0, 0, 0]    |0.24294337715763614 |0.17509495037864659 |131       
 [19, 4, 11, 0, 0]   |0.3211912659746991  |0.19287393517092138 |204       
 [15, 0, 0, 0, 0]    |0.2523197014642994  |0.2166313238125966  |61        
 [20, 11, 16, 20, 4] |8.337637666391167   |0.8528086545884053  |912       
 [13, 10, 0, 0, 0]   |0.3070357022127113  |0.19094091500732904 |190       
 [18, 9, 5, 7, 7]    |0.4642279560103635  |0.1790877154193143  |381       
 [2, 5, 1, 20, 3]    |4.834300875166568   |3.4581595368941587  |134       
 [4, 13, 19, 15, 12] |13.339029682124663  |1.6011054555080821  |848       
 [12, 13, 2, 0, 0]   |0.3958339008844597  |0.21942153148315052 |236       
 [13, 13, 0, 0, 0]   |0.5187013475295745  |0.28825003461957194 |235       
 [18, 18, 4, 0, 0]   |0.6581447816815978  |0.1997217085000576  |477       
 [14, 12, 0, 0, 0]   |0.6339189214347305  |0.3522781498830486  |235       
 [14, 9, 6, 0, 0]    |0.3799004898457583  |0.20641926131952096 |244       
 [15, 13, 4, 14, 0]  |0.5502833101097295  |0.20549737392352424 |394       
 [17, 5, 6, 20, 0]   |0.5037231684992818  |0.21637799353009451 |338       
 [15, 3, 0, 0, 0]    |0.2644312872235804  |0.20748964480992016 |97        
 [14, 7, 14, 6, 0]   |0.5137078146336757  |0.21095706931315447 |356       
 [19, 4, 11, 12, 0]  |0.45272691898184186 |0.18919705971045647 |349       
 [13, 10, 14, 0, 0]  |0.5013992907661319  |0.2100620096581384  |348       
 [13, 7, 7, 0, 0]    |0.3973503192821484  |0.24040339092687119 |201       
 [19, 4, 11, 17, 0]  |0.6017382727398501  |0.2137533088894084  |414       
 [17, 3, 4, 17, 0]   |0.29362593923152336 |0.16772179787016744 |224       
 [19, 4, 11, 19, 0]  |0.5307760789479813  |0.17668000860043193 |440       
 [6, 2, 6, 10, 19]   |0.6164975572161331  |0.25763770664728136 |349       
 [17, 10, 13, 12, 17]|1.3697125467315459  |0.1943880029502097  |781       
Gen 2 Train time: 8.56401940981547 minutes:
 Average MSE:        0.43244119673623793
 Average Error:      0.7638586484618998
 Structure           |Error               |MSE                 |weights&biases
 [15, 5, 0, 0, 0]    |0.22931927300707436 |0.16527574119457294 |131       
 [15, 0, 0, 0, 0]    |1.0532983843829256  |0.9043186959018621  |61        
 [15, 3, 0, 0, 0]    |0.24144057715505368 |0.1894496680880541  |97        
 [14, 6, 4, 1, 0]    |1.2874407932382652  |0.8480262967641314  |167       
 [15, 8, 20, 0, 0]   |0.46297062318462995 |0.1817557228186044  |374       
 [19, 18, 11, 8, 15] |1.5868905740399615  |0.17893663820958874 |873       
 [15, 11, 4, 4, 4]   |1.8358201463830752  |0.8373537377003168  |314       
 [9, 8, 4, 8, 10]    |0.5773225712473972  |0.2838372922170274  |284       
 [16, 2, 2, 9, 0]    |0.2575961754901076  |0.1884613879454446  |125       
 [15, 3, 0, 0, 0]    |0.2327553791565946  |0.18263470807812    |97        
 [15, 5, 6, 9, 0]    |0.3259729414736294  |0.18160143648711563 |234       
 [1, 4, 7, 3, 0]     |4.160473440325565   |3.4577872991075687  |74        
 [14, 9, 0, 0, 0]    |0.312675465947991   |0.1959120438481971  |187       
 [13, 10, 14, 0, 0]  |0.5167881260542976  |0.21650918604323213 |348       
 [13, 2, 17, 0, 0]   |0.26878739746493924 |0.19131489264814167 |136       
 [15, 3, 2, 0, 0]    |0.27129788738729516 |0.20918466629513127 |104       
 [16, 8, 4, 16, 0]   |0.5091077280162826  |0.2304789743150517  |317       
 [17, 2, 6, 0, 0]    |0.20236782716495985 |0.15294631356499896 |112       
 [17, 5, 6, 10, 0]   |0.3728373815203801  |0.19561380838084824 |258       
 [17, 7, 9, 10, 0]   |0.37317852253007505 |0.1517230649275521  |360       
 [16, 13, 20, 0, 0]  |0.8294410315247269  |0.19948758781395415 |570       
 [13, 19, 7, 0, 0]   |0.6128134569552622  |0.19746484687026142 |453       
 [16, 1, 16, 6, 15]  |0.49944314167419435 |0.22441426948391646 |320       
 [10, 6, 10, 5, 10]  |1.7691956974893732  |0.8525913118490352  |292       
 [17, 5, 6, 0, 0]    |0.3072316687334353  |0.19395032785321928 |184       
Gen 3 Train time: 8.755553193887074 minutes:
 Average MSE:        0.5275982408554195
 Average Error:      1.1170163821281156
 Structure           |Error               |MSE                 |weights&biases
 [17, 2, 6, 0, 0]    |0.22356949435238052 |0.16897018891700685 |112       
 [15, 5, 0, 0, 0]    |0.2472128576134047  |0.17817206438476468 |131       
 [15, 3, 0, 0, 0]    |0.24491225701184674 |0.1921737694148789  |97        
 [15, 4, 12, 2, 0]   |0.3636016367834852  |0.2216409796285322  |198       
 [8, 6, 2, 7, 2]     |2.9720293742818744  |2.1366624536280767  |132       
 [16, 5, 3, 5, 0]    |0.2938410393724382  |0.18877181143238317 |177       
 [17, 13, 15, 3, 4]  |5.978830859110406   |1.4596913953622996  |564       
 [16, 4, 3, 0, 0]    |0.2881027010352122  |0.20557625124195278 |135       
 [16, 4, 3, 19, 0]   |0.35326254057591705 |0.20027902544820866 |227       
 [16, 5, 3, 0, 0]    |0.2920876197844903  |0.19825494927332857 |155       
 [16, 5, 11, 0, 0]   |0.33277963829892393 |0.19636605090491582 |211       
 [17, 4, 11, 3, 18]  |0.5154275966410162  |0.24044631469538302 |305       
 [17, 5, 6, 5, 0]    |0.31006968199526497 |0.17979135736775348 |218       
 [15, 3, 14, 6, 0]   |0.43137379653528907 |0.23321831557181763 |246       
 [17, 2, 11, 3, 8]   |0.33492007400003204 |0.20466856573768094 |197       
 [16, 5, 3, 8, 0]    |0.32810590775388926 |0.20302648647158436 |192       
 [16, 8, 12, 8, 0]   |0.526670822134189   |0.19134454958352864 |405       
 [14, 5, 19, 0, 0]   |0.33625318417765165 |0.17953396328730667 |251       
 [16, 3, 11, 8, 8]   |1.8837903952538178  |0.8464415869133692  |320       
 [15, 5, 3, 5, 10]   |0.4149319336448327  |0.2311610124865963  |234       
 [12, 6, 15, 7, 1]   |8.107775220715263   |3.456731554038849   |341       
 [20, 15, 9, 9, 5]   |1.014154100473268   |0.19234875285654665 |665       
 [16, 3, 3, 0, 0]    |0.26727150636824726 |0.20049013018278558 |115       
 [16, 11, 3, 0, 0]   |0.3816758070287918  |0.19191864832161973 |275       
 [2, 2, 4, 5, 0]     |1.4827595082609593  |1.2922758442343205  |55        
Increasing Epochs
Gen 4 Train time: 10.02676292260488 minutes:
 Average MSE:        0.6812547632685821
 Average Error:      1.4523018800292289
 Structure           |Error               |MSE                 |weights&biases
 [17, 2, 6, 0, 0]    |0.2283193552235995  |0.17256005653765089 |112       
 [15, 3, 0, 0, 0]    |0.24554607525150318 |0.1926711036100915  |97        
 [15, 5, 0, 0, 0]    |0.23581576207500832 |0.16995791217734987 |131       
 [16, 3, 9, 1, 0]    |2.1677915237623204  |1.5011161303720348  |147       
 [17, 3, 5, 0, 0]    |0.25334754035237655 |0.18259347311932775 |131       
 [16, 4, 2, 3, 0]    |0.2805935013753961  |0.1982258441421963  |139       
 [15, 11, 11, 1, 0]  |3.7139248835193004  |1.4837745867729588  |367       
 [16, 4, 3, 0, 0]    |0.2176862588090161  |0.15533045983964422 |135       
 [15, 5, 15, 0, 0]   |0.31218713060559966 |0.17523059383383857 |231       
 [17, 4, 6, 15, 0]   |0.2992463133427426  |0.15084714279236328 |274       
 [16, 4, 6, 7, 0]    |0.3149408134419575  |0.1895939589691611  |203       
 [18, 10, 10, 5, 3]  |4.104366888438478   |1.3973135518302384  |431       
 [16, 4, 6, 2, 4]    |1.3357982997330426  |0.8581546855655325  |177       
 [17, 12, 5, 11, 0]  |0.4560735585782295  |0.16363758078298296 |410       
 [16, 8, 3, 10, 16]  |0.5395115523295682  |0.17780086667379497 |444       
 [17, 4, 7, 2, 9]    |0.40620361544690914 |0.2396919482103618  |211       
 [16, 5, 2, 19, 1]   |6.053056107166137   |3.4575605123987208  |224       
 [16, 1, 5, 9, 17]   |0.42643457912386806 |0.19305188077167923 |317       
 [16, 5, 2, 0, 0]    |0.2875443440657763  |0.19861675002683118 |148       
 [16, 5, 3, 4, 0]    |0.31404937939187666 |0.20429197748662906 |172       
 [15, 4, 6, 1, 0]    |2.163755121374844   |1.494579945426001   |148       
 [16, 5, 2, 3, 0]    |0.41833360799593755 |0.2818230014538236  |158       
 [5, 14, 9, 19, 2]   |10.938948209799989  |3.4035862347750987  |467       
 [16, 3, 9, 3, 0]    |0.28005671516219105 |0.18355092268353052 |169       
 [16, 4, 3, 3, 5]    |0.31401586436506324 |0.2058079614627113  |169       
Increasing Epochs
Gen 5 Train time: 11.362312523523967 minutes:
 Average MSE:        0.46795499399208323
 Average Error:      0.930638992228588
 Structure           |Error               |MSE                 |weights&biases
 [16, 4, 3, 0, 0]    |0.22987578384286905 |0.16402831949828434 |135       
 [17, 2, 6, 0, 0]    |0.252443785963606   |0.1907929090628225  |112       
 [15, 5, 0, 0, 0]    |0.21674304216469445 |0.15621175871001192 |131       
 [17, 4, 4, 0, 0]    |0.22828840244677884 |0.15768663685634682 |148       
 [16, 4, 6, 3, 0]    |0.262308272725631   |0.17106103549738777 |171       
 [2, 4, 6, 5, 19]    |4.993839342615279   |2.9028848583202214  |217       
 [16, 4, 12, 2, 0]   |1.4587461880886607  |0.8737834450935864  |205       
 [16, 4, 6, 7, 0]    |0.27740734735017963 |0.16699886133032676 |203       
 [8, 18, 15, 16, 20] |3.6523247366234024  |0.24059599511054347 |1088      
 [17, 5, 5, 3, 5]    |0.555927920793694   |0.32477695258716704 |215       
 [16, 7, 2, 2, 0]    |0.33574437878780194 |0.2077530454861618  |192       
 [17, 3, 5, 2, 3]    |0.33337510251572106 |0.22912513377489638 |150       
 [16, 3, 4, 17, 9]   |0.5700992748727737  |0.22493478418121216 |372       
 [16, 4, 4, 5, 0]    |0.3189543516330201  |0.21009251770857698 |167       
 [16, 4, 8, 1, 11]   |0.32223063211988706 |0.19593197604189436 |199       
 [17, 4, 5, 8, 0]    |0.31901625223220803 |0.1910895275630781  |205       
 [17, 8, 4, 6, 0]    |0.3905060793060411  |0.19982531045869303 |268       
 [17, 3, 6, 4, 0]    |0.30086143834843637 |0.20066760265993358 |162       
 [16, 5, 9, 2, 0]    |0.3360920041496124  |0.19881702797549708 |210       
 [16, 4, 3, 2, 0]    |0.29418288816332666 |0.20627322862652214 |142       
 [16, 5, 9, 2, 3]    |2.532027246498857   |1.4608526397457413  |220       
 [15, 1, 0, 0, 0]    |0.321890389150197   |0.2749834959744238  |63        
 [10, 16, 6, 7, 12]  |0.7385478671118041  |0.23036981674804738 |466       
 [16, 4, 5, 12, 2]   |2.7621287783199135  |1.5083278889260878  |242       
 [16, 4, 10, 0, 0]   |1.2624132998903044  |0.8110100818646165  |177       
Result:  [15, 5]
Fold 0
Fold 0 Train time: 18.420106037457785 minutes, MSE: 0.012026100629323407
Fold 1
Fold 1 Train time: 18.372276771068574 minutes, MSE: 0.007372005199989586
Fold 2
Fold 2 Train time: 18.349974636236826 minutes, MSE: 0.030979522109078284
Fold 3
Fold 3 Train time: 18.402717769145966 minutes, MSE: 0.008741135088860309
Fold 4
Fold 4 Train time: 18.35915190776189 minutes, MSE: 0.011801482807059059
Total Time: 148.29702918132145 minutes
CellsPerSensor: 7
 Resulting Network Architecture: [15, 5]
 MSE after 5-Fold CV: 0.014184049166862129
 Weights and Biases: 131
 Objective Function Value: 0.01968029802638833
~/workspace/SolarCellResearch
