/tmp/tmp.svIj4HBa8a ~/workspace/SolarCellResearch
Using TensorFlow backend.
Genetically searching for best layer structure...
  Training on:     datasets/N2dataset10k0.mat
  Evaluating with: datasets/N2dataset100k0.mat
Gen 0 Train time: 9.173957494894664 minutes:
 Average MSE:        0.959657662746176
 Average Error:      2.8180129478530387
 Structure           |Error               |MSE                 |weights&biases
 [16, 12, 7, 20, 0]  |1.5823757281885766  |0.42695670820160164 |524       
 [4, 7, 15, 0, 0]    |2.6092321965701415  |1.651288678742122   |183       
 [16, 5, 6, 0, 0]    |0.766300202107567   |0.4935252396406454  |176       
 [5, 3, 9, 0, 0]     |0.7424855839996836  |0.6094174220493186  |79        
 [10, 12, 0, 0, 0]   |0.7109124687245943  |0.4589995878512492  |175       
 [4, 5, 5, 0, 0]     |1.8558046849611847  |1.5462279656399123  |73        
 [10, 17, 0, 0, 0]   |0.8391790478028951  |0.46634424748127723 |235       
 [17, 1, 7, 10, 13]  |1.1169400420948274  |0.5018735120955147  |320       
 [17, 2, 0, 0, 0]    |0.5000779335150731  |0.3993203405554593  |90        
 [11, 19, 16, 12, 12]|13.366912114339668  |1.2309452967354715  |954       
 [1, 10, 0, 0, 0]    |2.36052809686155    |2.168174054642127   |34        
 [3, 3, 12, 13, 18]  |5.248593747094549   |1.4702907686408948  |509       
 [18, 4, 13, 5, 0]   |0.8546468672721447  |0.4340624261821254  |271       
 [2, 6, 3, 3, 0]     |2.5066373166914557  |2.1520957621684413  |61        
 [14, 4, 15, 8, 6]   |1.081986739164255   |0.4333536782450742  |366       
 [4, 14, 1, 6, 16]   |2.35947787507584    |1.301399670885205   |238       
 [7, 0, 0, 0, 0]     |0.9966950634393821  |0.9269919383703625  |29        
 [15, 19, 4, 3, 0]   |1.2433383237828424  |0.4056761729308199  |448       
 [19, 10, 20, 0, 0]  |1.6794906112763461  |0.4835940518080135  |498       
 [6, 6, 1, 11, 0]    |0.5982009001302493  |0.46471608579225376 |101       
 [14, 0, 0, 0, 0]    |0.48604221382370844 |0.42148975868857497 |57        
 [4, 15, 4, 11, 5]   |5.105447205612483   |2.5865063079887003  |272       
 [9, 16, 10, 17, 16] |4.4423134563878435  |0.5318867381511685  |849       
 [6, 17, 20, 14, 4]  |16.290453414639664  |1.9166507392530363  |856       
 [20, 9, 3, 6, 0]    |1.10625186276944    |0.50965441591503    |310       
Gen 1 Train time: 9.063919750849406 minutes:
 Average MSE:        0.8357648053428547
 Average Error:      2.3153483011283957
 Structure           |Error               |MSE                 |weights&biases
 [14, 0, 0, 0, 0]    |0.5052163615615657  |0.43811734097100574 |57        
 [17, 2, 0, 0, 0]    |0.46826233885999385 |0.37391507221390435 |90        
 [6, 6, 1, 11, 0]    |1.6151473004294234  |1.2547372149892426  |101       
 [17, 15, 10, 3, 0]  |1.6183510901813174  |0.44326290733912954 |518       
 [15, 11, 2, 9, 4]   |2.888892157438878   |1.3078349919135672  |317       
 [8, 9, 1, 6, 0]     |0.7135909338205519  |0.5104587730377299  |134       
 [17, 5, 2, 3, 0]    |0.6642537156124197  |0.4386334850268331  |166       
 [16, 1, 15, 11, 0]  |0.9628706502921931  |0.474574723118509   |283       
 [17, 8, 10, 15, 1]  |12.69186132265989   |3.939134177679663   |468       
 [12, 4, 1, 6, 0]    |0.7973964427717617  |0.6026592669415284  |112       
 [9, 6, 17, 0, 0]    |0.8492229469205503  |0.4850838445094193  |224       
 [18, 8, 13, 4, 0]   |1.1664700456277153  |0.4466330821739165  |384       
 [14, 6, 0, 0, 0]    |0.6881837723441114  |0.4861688119261417  |139       
 [12, 19, 5, 7, 2]   |9.70234781471915    |3.197495665808974   |444       
 [15, 6, 4, 10, 0]   |0.7865506174868231  |0.44259586202295276 |230       
 [15, 5, 11, 4, 3]   |2.621031268264042   |1.3751569281482794  |258       
 [20, 3, 1, 6, 0]    |0.6373127466412475  |0.4424203742801998  |146       
 [19, 6, 2, 3, 0]    |0.8822949494246825  |0.5298142163379136  |204       
 [14, 11, 0, 0, 0]   |0.7148763805858864  |0.4134802016791822  |219       
 [9, 6, 5, 2, 0]     |0.6957332721987338  |0.49396583618869583 |137       
 [14, 14, 0, 0, 0]   |0.8617345985470258  |0.44206075745621    |267       
 [6, 3, 3, 0, 0]     |1.2120655927546717  |1.0563567985353626  |55        
 [13, 16, 19, 20, 15]|12.69379317663648   |0.4717119041797927  |1317      
 [9, 6, 19, 0, 0]    |0.8045478076184067  |0.44154519861491986 |240       
 [14, 10, 0, 0, 0]   |0.6417002248123623  |0.3863026984782918  |203       
Gen 2 Train time: 8.743020860354106 minutes:
 Average MSE:        0.7170416933102733
 Average Error:      1.0617141843614224
 Structure           |Error               |MSE                 |weights&biases
 [17, 2, 0, 0, 0]    |0.6124045477660578  |0.48901496383319876 |90        
 [14, 0, 0, 0, 0]    |0.4686953623828233  |0.40644678501288267 |57        
 [20, 3, 1, 6, 0]    |0.6424232999355906  |0.44596810326126624 |146       
 [17, 4, 17, 6, 0]   |1.0458472345058885  |0.4664181673824553  |323       
 [17, 2, 1, 3, 0]    |0.7051684625372618  |0.5491857508212782  |100       
 [13, 2, 1, 3, 0]    |0.6062482358578403  |0.49635407469608755 |80        
 [16, 6, 0, 0, 0]    |0.6353871405427555  |0.42911909162777695 |157       
 [17, 8, 1, 2, 0]    |0.7516554046092709  |0.4435355606459185  |211       
 [14, 8, 0, 0, 0]    |0.6338398485768317  |0.41335067213252136 |171       
 [13, 6, 1, 3, 0]    |0.7980343318818092  |0.5623652888637418  |140       
 [16, 7, 16, 0, 0]   |1.0370621020143287  |0.4753955016601993  |312       
 [16, 3, 1, 2, 0]    |0.7539676455958356  |0.5726928054081595  |110       
 [12, 9, 7, 2, 0]    |1.025409606634795   |0.5599499630139457  |242       
 [1, 2, 0, 0, 0]     |3.5120647550819357  |3.4253515673167705  |10        
 [8, 11, 11, 0, 0]   |1.0493843320585818  |0.5383230909779707  |267       
 [8, 5, 11, 19, 0]   |1.7234080766937834  |0.6615324577752721  |383       
 [12, 9, 3, 1, 0]    |2.6831645459715485  |1.6727967037997764  |189       
 [11, 5, 1, 3, 0]    |0.76990358727178    |0.5862611247341343  |109       
 [12, 3, 2, 0, 0]    |0.49882865592623427 |0.40232598255246527 |86        
 [12, 3, 10, 1, 0]   |2.985233562660986   |2.1677244769663386  |128       
 [19, 3, 1, 3, 0]    |0.7560930419419017  |0.544933865698903   |131       
 [14, 11, 11, 0, 0]  |0.9477809863211414  |0.3941073950704709  |351       
 [18, 2, 8, 9, 0]    |0.6691135779537372  |0.39879751961402593 |207       
 [16, 4, 2, 5, 0]    |0.5936471789828867  |0.4110789005090559  |147       
 [13, 7, 2, 5, 0]    |0.6380890853299509  |0.4130125193822183  |174       
Increasing Epochs
Gen 3 Train time: 10.470780309041341 minutes:
 Average MSE:        0.6119402223442362
 Average Error:      1.1042025823292805
 Structure           |Error               |MSE                 |weights&biases
 [14, 0, 0, 0, 0]    |0.4400632319308137  |0.3816173578320277  |57        
 [12, 3, 2, 0, 0]    |1.4981381671725311  |1.2083105149359543  |86        
 [16, 4, 2, 5, 0]    |0.5760526837070064  |0.3988953577768008  |147       
 [13, 5, 2, 4, 0]    |0.670846097741065   |0.4751068604646713  |138       
 [14, 4, 1, 3, 0]    |0.5751006821847446  |0.4292524145995852  |117       
 [16, 5, 0, 0, 0]    |0.5831437800201343  |0.41196309780572216 |139       
 [15, 6, 1, 1, 12]   |0.7876057253444255  |0.49348754284557134 |187       
 [15, 4, 5, 6, 0]    |0.6477048741345394  |0.41610396772721636 |177       
 [20, 9, 2, 19, 9]   |1.5624411392739586  |0.4300943959395873  |516       
 [5, 1, 7, 15, 4]    |5.73905388948886    |3.2781995995928312  |224       
 [13, 9, 4, 1, 9]    |0.8271168870376595  |0.4562067124871034  |238       
 [13, 3, 1, 2, 0]    |0.6223362246041341  |0.4944670425030466  |92        
 [14, 4, 2, 3, 0]    |0.6563816899331075  |0.48021910290947006 |125       
 [14, 3, 1, 2, 0]    |0.6011877897966263  |0.4705524114094177  |98        
 [15, 3, 5, 7, 0]    |0.9200220619534738  |0.6121012133564725  |163       
 [16, 19, 11, 5, 9]  |3.1002708626302264  |0.5189174225284041  |715       
 [15, 7, 15, 0, 0]   |1.0108942659883877  |0.48594265832754724 |293       
 [12, 4, 2, 2, 17]   |0.8465389278043919  |0.5493062878409505  |173       
 [17, 4, 1, 2, 0]    |0.6301665486833044  |0.4496565852069532  |135       
 [14, 4, 0, 0, 0]    |0.522043940902032   |0.39951518013255893 |107       
 [14, 3, 1, 6, 0]    |0.609417553792849   |0.4628965852650008  |110       
 [14, 8, 4, 2, 0]    |0.8834961362248643  |0.5213319184642828  |211       
 [11, 5, 1, 3, 0]    |0.7324945951905182  |0.5577751712520277  |109       
 [15, 18, 7, 9, 0]   |1.747696313042767   |0.44410179632893654 |548       
 [14, 6, 9, 2, 0]    |0.8148504896495894  |0.4724843610737649  |218       
Gen 4 Train time: 10.459442353248596 minutes:
 Average MSE:        0.6899936974395137
 Average Error:      1.179420057805133
 Structure           |Error               |MSE                 |weights&biases
 [14, 0, 0, 0, 0]    |0.40235799769359915 |0.348919847969841   |57        
 [14, 4, 0, 0, 0]    |0.48356866195580056 |0.370070421186992   |107       
 [14, 4, 1, 3, 0]    |0.6313580701745943  |0.4712426614933477  |117       
 [14, 3, 1, 2, 0]    |0.531724253023943   |0.41618298593510755 |98        
 [15, 2, 3, 3, 0]    |0.7839656288355179  |0.6075078996190761  |102       
 [16, 2, 1, 1, 0]    |0.7956461215243411  |0.6369266603428513  |89        
 [14, 2, 19, 0, 0]   |0.5695936631878997  |0.39245553140267175 |149       
 [15, 4, 2, 4, 0]    |0.7098120373938462  |0.5052231429566035  |136       
 [5, 4, 1, 18, 0]    |1.002379735570386   |0.7826081998829764  |99        
 [15, 4, 2, 6, 13]   |1.1461037619332304  |0.6258579546673028  |242       
 [15, 7, 3, 3, 5]    |0.924373905247728   |0.5346523107331624  |219       
 [14, 4, 14, 0, 0]   |0.5840301311819073  |0.3659338487651282  |187       
 [15, 5, 2, 5, 0]    |0.6812176839217733  |0.4589227560414429  |158       
 [13, 6, 5, 3, 0]    |0.8791857326324495  |0.5605935736306633  |180       
 [13, 4, 2, 4, 13]   |0.7581318395546088  |0.4644515751827383  |196       
 [18, 2, 17, 10, 1]  |8.979839769849393   |3.8766913273509482  |336       
 [15, 11, 6, 4, 5]   |1.2601443634216802  |0.5226863481991774  |352       
 [14, 2, 1, 14, 0]   |0.6942462453044407  |0.5168882591087623  |118       
 [14, 2, 0, 0, 0]    |0.5725805899088269  |0.4746859815393282  |75        
 [14, 2, 1, 2, 0]    |0.5480389016729239  |0.44645842053690654 |82        
 [15, 7, 8, 10, 6]   |1.3231983497770439  |0.506643234863638   |384       
 [15, 6, 5, 1, 0]    |1.851424518071314   |1.1687740191489626  |184       
 [6, 2, 4, 12, 5]    |2.0547305162968557  |1.3266337300534867  |175       
 [14, 4, 1, 16, 0]   |0.6712776950193288  |0.4544931781101189  |156       
 [16, 5, 5, 2, 0]    |0.6465712719748916  |0.4143385672666054  |178       
Gen 5 Train time: 10.288580747445424 minutes:
 Average MSE:        0.6157975911146655
 Average Error:      0.9936276168617979
 Structure           |Error               |MSE                 |weights&biases
 [14, 0, 0, 0, 0]    |0.4756665025670019  |0.412492071019829   |57        
 [14, 4, 0, 0, 0]    |0.5126078876719411  |0.3922938598363281  |107       
 [14, 3, 1, 2, 0]    |1.2878835567533704  |1.0080323045979416  |98        
 [14, 4, 3, 9, 0]    |0.6540014606216004  |0.43511466098258744 |163       
 [14, 4, 1, 3, 0]    |0.5993241686310734  |0.4473327097013161  |117       
 [10, 4, 1, 9, 0]    |0.6794562715593785  |0.5199813147054292  |107       
 [14, 2, 0, 0, 0]    |0.4600072314422094  |0.3813593894391422  |75        
 [10, 4, 1, 10, 0]   |0.6121467940848743  |0.4649696401084055  |110       
 [14, 1, 0, 0, 0]    |0.4397858661575876  |0.3794747048120141  |59        
 [14, 3, 7, 0, 0]    |0.5128405344744713  |0.377082858783136   |123       
 [14, 4, 1, 8, 15]   |2.224642234367069   |1.1214204146439486  |274       
 [10, 10, 7, 17, 6]  |3.5680958396286715  |1.1074189918876534  |468       
 [15, 3, 2, 9, 0]    |0.5666204849433348  |0.40129216012866487 |138       
 [15, 2, 11, 2, 0]   |0.708672070722459   |0.5031522941136566  |137       
 [14, 20, 0, 0, 0]   |1.2736811170312632  |0.5139708255419586  |363       
 [14, 2, 7, 0, 0]    |0.4646847201731022  |0.3609932118779723  |101       
 [16, 4, 4, 3, 0]    |0.679147830257817   |0.46097269968579546 |155       
 [15, 3, 18, 9, 0]   |0.8882469222647487  |0.37399774573601186 |346       
 [14, 4, 2, 3, 7]    |0.7472346505010522  |0.5046571357769462  |157       
 [16, 4, 2, 3, 0]    |0.5408641739361778  |0.3820945849395625  |139       
 [15, 8, 1, 3, 0]    |0.8665546419804091  |0.5362096205499935  |192       
 [19, 3, 1, 3, 2]    |3.6293601916897997  |2.570386757820512   |138       
 [15, 6, 2, 2, 3]    |0.7767355886441218  |0.5027535021913988  |174       
 [15, 2, 1, 3, 7]    |0.8255866603370431  |0.6085592249203557  |122       
 [14, 3, 1, 9, 0]    |0.8468430211043738  |0.6289270940660767  |119       
Increasing Epochs
Gen 6 Train time: 11.85685749053955 minutes:
 Average MSE:        0.6488144116504272
 Average Error:      1.0891268049919596
 Structure           |Error               |MSE                 |weights&biases
 [14, 1, 0, 0, 0]    |0.6392620213259566  |0.551595186447566   |59        
 [14, 2, 0, 0, 0]    |0.5122615295790933  |0.42467972414469884 |75        
 [14, 2, 7, 0, 0]    |0.53498121826376    |0.41560348316054674 |101       
 [15, 4, 10, 6, 4]   |1.133168628842119   |0.5945311334437483  |258       
 [14, 2, 4, 13, 0]   |0.6529548700790864  |0.43441835230972803 |163       
 [15, 3, 9, 7, 0]    |1.0018710402558153  |0.5971238650529487  |207       
 [14, 3, 0, 0, 0]    |0.5382107277776489  |0.42869691216538036 |91        
 [15, 3, 2, 6, 4]    |1.7707367027436363  |1.2109384968823036  |152       
 [15, 3, 5, 2, 16]   |0.6464382241623591  |0.402010271534356   |190       
 [20, 8, 4, 10, 20]  |1.3265139422295609  |0.33122890228641577 |555       
 [15, 2, 2, 7, 0]    |0.5671685931400258  |0.4286568013595488  |112       
 [7, 13, 6, 7, 3]    |1.4024359320089732  |0.6860605952385261  |286       
 [14, 17, 10, 5, 4]  |2.202178348001257   |0.5416945640578501  |561       
 [13, 4, 2, 7, 0]    |0.7467953741914124  |0.5342111738710289  |134       
 [14, 3, 14, 0, 0]   |0.5498906377730253  |0.3704503464375165  |158       
 [13, 5, 2, 6, 2]    |3.783998013604405   |2.561981868198262   |156       
 [15, 4, 1, 18, 0]   |0.5709069880048147  |0.374176010577254   |169       
 [10, 16, 9, 8, 14]  |2.3219302470261485  |0.5446558469786265  |580       
 [12, 4, 1, 7, 0]    |0.6533486771753739  |0.4901007336006975  |115       
 [14, 1, 9, 9, 0]    |0.6392805486276969  |0.41275054419548685 |175       
 [14, 2, 3, 0, 0]    |0.7224451160250909  |0.5841404515381359  |85        
 [15, 3, 9, 1, 0]    |1.62449691349072    |1.1419052920619577  |141       
 [4, 3, 0, 0, 0]     |1.3302970456530379  |1.2310928365223277  |31        
 [15, 2, 9, 1, 0]    |0.5662863288227018  |0.42373142867584335 |116       
 [15, 6, 2, 6, 0]    |0.7903124559952708  |0.5039254705199285  |180       
Result:  [14, 2]
Fold 0
Fold 0 Train time: 19.57354143063227 minutes, MSE: 0.3660397970430557
Fold 1
Fold 1 Train time: 19.5917950630188 minutes, MSE: 0.14171123026089988
Fold 2
Fold 2 Train time: 19.488179488976797 minutes, MSE: 0.09811877870867527
Fold 3
Fold 3 Train time: 19.43260962963104 minutes, MSE: 0.0789638333444438
Fold 4
Fold 4 Train time: 19.515392152468362 minutes, MSE: 1.1611450964127272
Total Time: 167.66406052509944 minutes
CellsPerSensor: 2
 Resulting Network Architecture: [14, 2]
 MSE after 5-Fold CV: 0.36919574715396036
 Weights and Biases: 75
 Objective Function Value: 0.4453350781746869
~/workspace/SolarCellResearch
