/tmp/tmp.1RP3mYpPpl ~/workspace/SolarCellResearch
Using TensorFlow backend.
Genetically searching for best layer structure...
  Training on:     datasets/N3dataset10k4.mat
  Evaluating with: datasets/N3dataset100k4.mat
Gen 0 Train time: 8.559805671374003 minutes:
 Average MSE:        0.7483067700838307
 Average Error:      1.5575957850898348
 Structure           |Error               |MSE                 |weights&biases
 [17, 0, 0, 0, 0]    |0.44363559230120675 |0.373345209913001   |69        
 [13, 0, 0, 0, 0]    |0.3608527366141774  |0.3160719707806109  |53        
 [6, 1, 0, 0, 0]     |0.3835993745432209  |0.3585609689965187  |27        
 [8, 9, 17, 5, 6]    |2.7094290087059036  |0.9770063912975082  |408       
 [4, 12, 7, 11, 0]   |2.3947973991575635  |1.2408524883781245  |263       
 [18, 10, 13, 11, 5] |4.111044307513349   |0.9013849056225218  |607       
 [17, 5, 0, 0, 0]    |0.35872699127999114 |0.24840528579779786 |147       
 [9, 12, 0, 0, 0]    |0.6475986546351944  |0.43409835998768154 |160       
 [5, 12, 13, 0, 0]   |2.1151073603879067  |1.076920492815788   |270       
 [5, 16, 7, 19, 10]  |3.7571732526639052  |0.8531387190147637  |593       
 [3, 2, 1, 0, 0]     |0.7769742132715018  |0.7353945532043191  |22        
 [5, 18, 3, 3, 0]    |1.5761246843411354  |0.9655755821529608  |196       
 [1, 0, 0, 0, 0]     |3.6961563541450912  |3.650241962508093   |5         
 [4, 0, 0, 0, 0]     |2.125709512329312   |2.0372597290835945  |17        
 [16, 5, 11, 15, 0]  |0.753255725960438   |0.28059287621383894 |395       
 [15, 15, 6, 11, 10] |1.5765801217541557  |0.3615908414129251  |589       
 [13, 13, 2, 11, 0]  |0.6419582903515659  |0.30782250465776595 |294       
 [7, 3, 4, 18, 9]    |2.5213882051560246  |1.099449527397822   |332       
 [12, 10, 17, 14, 20]|3.4266414786222863  |0.3384363027869448  |926       
 [7, 7, 8, 2, 0]     |0.5455331457936311  |0.3638579577990272  |162       
 [15, 12, 4, 3, 0]   |0.7016644265682761  |0.32487979907021586 |308       
 [9, 20, 0, 0, 0]    |0.5998032162488812  |0.3226608038324813  |248       
 [15, 7, 6, 7, 0]    |0.5991415593093848  |0.3112193273492871  |262       
 [15, 12, 8, 4, 6]   |1.0518883823764416  |0.37365850320858496 |414       
 [19, 12, 3, 0, 0]   |1.065110633215316   |0.4552441888135895  |340       
Gen 1 Train time: 8.1723730524381 minutes:
 Average MSE:        0.6212913860741461
 Average Error:      1.0714506714813798
 Structure           |Error               |MSE                 |weights&biases
 [17, 5, 0, 0, 0]    |0.45316620615867476 |0.31380097871388746 |147       
 [13, 0, 0, 0, 0]    |0.3364927160291979  |0.2947349572753398  |53        
 [6, 1, 0, 0, 0]     |0.5857106500152213  |0.5474799808292596  |27        
 [15, 10, 5, 5, 0]   |0.8275168391257167  |0.39481979927486066 |296       
 [12, 3, 0, 0, 0]    |0.4506614626281518  |0.3698939786714306  |79        
 [14, 7, 8, 2, 0]    |0.5865198075534642  |0.3283914822074386  |232       
 [15, 0, 0, 0, 0]    |0.3802815887688777  |0.32649414024538814 |61        
 [12, 6, 4, 1, 0]    |1.5365856392249155  |1.0587223358712028  |149       
 [12, 1, 0, 0, 0]    |0.5969116822681281  |0.5254574237351617  |51        
 [10, 4, 1, 0, 0]    |0.4288205965827558  |0.35021198468879433 |81        
 [13, 13, 0, 0, 0]   |0.5815710944163983  |0.3231876857418633  |235       
 [15, 3, 5, 0, 0]    |0.3705169602085527  |0.2751727879651976  |119       
 [9, 16, 0, 0, 0]    |0.6185582259815373  |0.37144147993987164 |204       
 [7, 5, 9, 3, 3]     |4.451250505176683   |2.9763123539296066  |161       
 [7, 7, 8, 2, 0]     |1.6253035611062714  |1.0840397858635824  |162       
 [6, 11, 1, 0, 0]    |3.1612136224252314  |2.4071801774235135  |109       
 [12, 10, 3, 4, 14]  |0.9177954474557847  |0.4335358716360861  |300       
 [10, 1, 0, 0, 0]    |0.4770227850356758  |0.42840296391463645 |43        
 [15, 1, 0, 0, 0]    |0.5278584307270299  |0.4509372182378593  |63        
 [13, 14, 16, 14, 15]|4.036650693445071   |0.37173104327735423 |954       
 [11, 7, 7, 5, 0]    |0.8102511466979667  |0.46864439313674283 |219       
 [8, 4, 3, 4, 0]     |0.4501757528190784  |0.3541207895440971  |96        
 [13, 7, 1, 6, 0]    |0.5500768277069015  |0.3650586243018782  |164       
 [15, 3, 0, 0, 0]    |0.5374470832115595  |0.4217152424380358  |97        
 [20, 9, 18, 7, 10]  |1.4879074622656507  |0.2907971729905595  |653       
Gen 2 Train time: 8.313025931517283 minutes:
 Average MSE:        0.4887484682746868
 Average Error:      0.8306045419895596
 Structure           |Error               |MSE                 |weights&biases
 [13, 0, 0, 0, 0]    |0.39895978449572683 |0.34945004583018563 |53        
 [15, 3, 5, 0, 0]    |0.4151555931871609  |0.30832467683086495 |119       
 [15, 0, 0, 0, 0]    |0.4314760223743193  |0.3704475765384002  |61        
 [14, 5, 3, 3, 0]    |0.5245928104552958  |0.3596467725919395  |151       
 [13, 9, 2, 5, 7]    |0.8236980371285113  |0.44089378802169527 |250       
 [10, 10, 15, 0, 0]  |0.88211230382745    |0.39536894878366935 |321       
 [18, 3, 3, 0, 0]    |0.4080261612553713  |0.29702945027815664 |127       
 [13, 4, 1, 0, 0]    |0.3840366222659844  |0.2975963144151591  |102       
 [10, 6, 15, 0, 0]   |0.6799787609611186  |0.39526703078510395 |217       
 [19, 4, 0, 0, 0]    |0.41667210101103114 |0.29215941175485477 |142       
 [14, 5, 1, 3, 0]    |0.5411501681526717  |0.38807429974284746 |133       
 [1, 17, 3, 8, 13]   |3.784635262963367   |2.005612536182381   |254       
 [14, 6, 4, 3, 0]    |0.5180780708144803  |0.33116804877286904 |179       
 [7, 4, 18, 5, 19]   |1.4896927145199776  |0.5877637878273995  |372       
 [11, 7, 2, 2, 0]    |0.4519089588511532  |0.3168665606944641  |142       
 [14, 1, 0, 0, 0]    |0.5170110861834244  |0.44610944646341233 |59        
 [12, 4, 4, 2, 0]    |0.5414014636225979  |0.4000786211143709  |121       
 [11, 1, 0, 0, 0]    |0.48838969695010426 |0.43424706507790833 |47        
 [9, 7, 2, 2, 7]     |0.5173775592961651  |0.3573704421072249  |148       
 [11, 4, 1, 0, 0]    |0.46325728876441485 |0.371772682526575   |88        
 [11, 19, 2, 2, 0]   |0.8737011707532273  |0.40251743282923486 |310       
 [13, 14, 14, 0, 0]  |1.072605042254926   |0.3396261953992826  |460       
 [9, 18, 2, 2, 0]    |3.175206225299723   |1.6826544615131922  |254       
 [13, 4, 1, 3, 0]    |0.43618854127980883 |0.3313166564263062  |110       
 [13, 11, 0, 0, 0]   |0.5298021030709776  |0.31734945435967077 |205       
Increasing Epochs
Gen 3 Train time: 9.677124031384785 minutes:
 Average MSE:        0.6447710872490596
 Average Error:      1.3496512218386743
 Structure           |Error               |MSE                 |weights&biases
 [13, 4, 1, 0, 0]    |0.5081010045604555  |0.39373585106449543 |102       
 [13, 0, 0, 0, 0]    |0.49176902123324356 |0.43074192860073374 |53        
 [18, 3, 3, 0, 0]    |0.4248012102479834  |0.30924112701313494 |127       
 [11, 15, 18, 13, 5] |12.95647242642862   |1.6513538465811084  |824       
 [19, 4, 0, 0, 0]    |0.574992158113731   |0.40316923132253263 |142       
 [3, 4, 1, 0, 0]     |2.5610317782656575  |2.3641302981326624  |32        
 [17, 16, 1, 2, 0]   |0.9417292433220554  |0.3800176905781671  |363       
 [13, 4, 1, 1, 0]    |1.2816984153957214  |0.988255595712789   |104       
 [12, 4, 1, 0, 0]    |1.279328617314975   |1.0088745701577086  |95        
 [14, 4, 2, 2, 0]    |0.45177760758059693 |0.33384941570307625 |121       
 [16, 15, 1, 3, 19]  |1.0925677416071484  |0.3813760632972351  |421       
 [17, 3, 14, 0, 0]   |0.4147144792356483  |0.2670912289782857  |176       
 [17, 5, 19, 2, 9]   |0.7657668039138398  |0.3339120683353531  |332       
 [13, 7, 2, 3, 4]    |0.6270945518422038  |0.39686545924087857 |183       
 [12, 6, 2, 1, 0]    |1.3646844987206161  |0.9786543779868311  |133       
 [13, 4, 1, 2, 0]    |0.623995957818667   |0.4775380728663544  |107       
 [14, 0, 0, 0, 0]    |0.3871718680917891  |0.33575062538128214 |57        
 [13, 3, 1, 2, 16]   |0.5396018658551768  |0.36717243291833757 |154       
 [10, 16, 4, 13, 8]  |1.2473513537979264  |0.3949573029471638  |460       
 [5, 0, 0, 0, 0]     |2.0603207209129737  |1.9549442187990784  |21        
 [12, 5, 4, 1, 4]    |0.565863119141499   |0.3957775100220983  |143       
 [12, 3, 1, 2, 0]    |0.5395208859749338  |0.43514595237997045 |86        
 [13, 12, 8, 3, 4]   |0.9946350859494388  |0.4054006843493311  |359       
 [12, 5, 12, 0, 0]   |0.4983186542981152  |0.3130114403355069  |186       
 [12, 4, 1, 1, 4]    |0.547971476343838   |0.418310188522378   |108       
Increasing Epochs
Gen 4 Train time: 10.981325507164001 minutes:
 Average MSE:        0.8024611509205283
 Average Error:      1.3265503192996864
 Structure           |Error               |MSE                 |weights&biases
 [14, 0, 0, 0, 0]    |0.38232327228787377 |0.3315459834443331  |57        
 [17, 3, 14, 0, 0]   |0.4864891336215693  |0.31331672051347365 |176       
 [18, 3, 3, 0, 0]    |0.4514564095957239  |0.3286452240076872  |127       
 [16, 4, 1, 1, 0]    |0.5482272961246129  |0.40109165805992547 |125       
 [18, 3, 11, 0, 0]   |0.41090267593846647 |0.27065809661825846 |167       
 [12, 4, 1, 12, 2]   |5.262399468542478   |3.653140086644244   |146       
 [13, 8, 1, 1, 2]    |3.5404864286648663  |2.3204569487062527  |169       
 [13, 0, 0, 0, 0]    |0.35887896538924935 |0.314343138773442   |53        
 [13, 4, 2, 10, 2]   |3.4837504608848113  |2.3352277693169863  |160       
 [13, 6, 7, 2, 2]    |2.7277789446143483  |1.6669368233915125  |197       
 [14, 2, 1, 1, 8]    |0.45967240027636036 |0.3562077266315214  |102       
 [16, 4, 2, 0, 0]    |0.5523413732708827  |0.4000807032836763  |129       
 [13, 3, 2, 1, 2]    |1.4306701653093832  |1.1169960474729046  |99        
 [16, 2, 2, 0, 0]    |0.3776385615112965  |0.30079758146580743 |91        
 [18, 3, 9, 0, 0]    |0.42657917860423994 |0.28809722128403215 |157       
 [15, 3, 2, 1, 0]    |0.4553716181706598  |0.34936381491066365 |106       
 [16, 2, 7, 0, 0]    |0.3498466461527575  |0.26507025514824756 |111       
 [10, 20, 19, 9, 15] |4.253201350457015   |0.35351546665471195 |995       
 [15, 3, 8, 10, 9]   |0.9034252985545124  |0.4018960312918436  |324       
 [6, 8, 1, 1, 0]     |2.2823110070460486  |1.836182208180918   |87        
 [14, 2, 1, 20, 0]   |0.46754849683452226 |0.3327871444990809  |136       
 [16, 4, 3, 1, 3]    |1.4570159553695858  |1.0139873989189636  |145       
 [13, 4, 2, 0, 0]    |0.5186492762837408  |0.39592622226765695 |108       
 [13, 2, 1, 1, 0]    |0.39962725443382885 |0.33213192310401857 |74        
 [6, 2, 15, 11, 15]  |1.1771663445533207  |0.38312657842304704 |449       
Result:  [16, 2, 7]
Fold 0
Fold 0 Train time: 19.260506268342336 minutes, MSE: 0.02921813207195893
Fold 1
Fold 1 Train time: 19.108184134960176 minutes, MSE: 0.027798626529370027
Fold 2
Fold 2 Train time: 19.215185511112214 minutes, MSE: 0.021958765419929756
Fold 3
Fold 3 Train time: 19.096398890018463 minutes, MSE: 0.024431477082277858
Fold 4
Fold 4 Train time: 19.14878315925598 minutes, MSE: 0.9033144664745177
Total Time: 141.5385555545489 minutes
CellsPerSensor: 3
 Resulting Network Architecture: [16, 2, 7]
 MSE after 5-Fold CV: 0.20134429351561084
 Weights and Biases: 111
 Objective Function Value: 0.26573945752245054
~/workspace/SolarCellResearch
