/tmp/tmp.zH8Xeiia2T ~/workspace/SolarCellResearch
Using TensorFlow backend.
Genetically searching for best layer structure...
  Training on:     datasets/N8dataset10k7.mat
  Evaluating with: datasets/N8dataset100k7.mat
Gen 0 Train time: 8.696886885166169 minutes:
 Average MSE:        0.9662006601280331
 Average Error:      1.7593198627989128
 Structure           |Error               |MSE                 |weights&biases
 [13, 2, 2, 15, 5]   |3.553965296166349   |2.134140447600118   |204       
 [1, 0, 0, 0, 0]     |3.5756556461982036  |3.53123813839595    |5         
 [3, 17, 13, 10, 0]  |5.333791360782715   |1.6804511684849075  |462       
 [7, 0, 0, 0, 0]     |0.9563205676921328  |0.8894410028371649  |29        
 [2, 0, 0, 0, 0]     |1.8364607753612063  |1.7956017951664531  |9         
 [4, 10, 7, 4, 0]    |0.7285652444997331  |0.469222552593172   |176       
 [8, 15, 19, 3, 12]  |1.0388119424223572  |0.24124981565295295 |584       
 [20, 18, 9, 14, 0]  |0.9654248702475783  |0.14296048801513556 |764       
 [11, 12, 20, 3, 0]  |3.1157880167016008  |0.8838058166571428  |504       
 [7, 14, 9, 14, 9]   |3.420053468780845   |0.8582637593537941  |553       
 [20, 2, 18, 19, 0]  |0.6723757933877658  |0.17561909215915839 |537       
 [9, 8, 8, 0, 0]     |0.26608923063774703 |0.1663063727141906  |188       
 [6, 0, 0, 0, 0]     |1.2402589272424223  |1.1651154375225599  |25        
 [12, 9, 4, 18, 0]   |0.42023059798009643 |0.1975128416852067  |302       
 [11, 12, 2, 0, 0]   |0.47741915396226997 |0.2852582283745922  |206       
 [12, 10, 1, 18, 2]  |6.663587073952059   |3.531271269981422   |254       
 [19, 0, 0, 0, 0]    |0.3140305857092462  |0.2590420458937069  |77        
 [2, 2, 19, 0, 0]    |2.375921644384384   |1.9019609311923797  |89        
 [15, 12, 9, 8, 12]  |0.703875194426879   |0.175756771621105   |555       
 [14, 16, 6, 9, 15]  |1.0241077694717307  |0.22120216202783533 |613       
 [13, 0, 0, 0, 0]    |0.3044351201019909  |0.26665561494230816 |53        
 [3, 18, 4, 17, 18]  |1.6759094794279672  |0.3882351721097918  |585       
 [10, 6, 6, 3, 0]    |0.3515790932537014  |0.23390959681382287 |163       
 [2, 6, 0, 0, 0]     |2.5667050273281515  |2.37529819594418    |31        
 [10, 18, 4, 0, 0]   |0.40163468985367484 |0.18549778546177526 |309       
Gen 1 Train time: 8.290866343180339 minutes:
 Average MSE:        0.8829540767803091
 Average Error:      1.3967875638956329
 Structure           |Error               |MSE                 |weights&biases
 [9, 8, 8, 0, 0]     |0.2715288779505264  |0.16970616462333563 |188       
 [13, 0, 0, 0, 0]    |0.47241012672893884 |0.4137854161033608  |53        
 [19, 0, 0, 0, 0]    |0.3091502804671823  |0.2550163098284291  |77        
 [11, 8, 10, 2, 6]   |0.440731724870928   |0.22665665892160086 |266       
 [8, 7, 7, 2, 0]     |0.7464367391626759  |0.49785599579432044 |162       
 [16, 16, 0, 0, 0]   |0.7887354430024369  |0.33965519066145283 |337       
 [15, 9, 2, 0, 0]    |0.3290949148272751  |0.19370690236320914 |212       
 [13, 2, 3, 12, 3]   |4.40151405457003    |2.89923985899483    |167       
 [12, 11, 12, 11, 7] |5.966592113965083   |1.4787186403687287  |558       
 [14, 8, 3, 5, 8]    |0.36797240947394927 |0.18923846911887715 |266       
 [10, 0, 0, 0, 0]    |1.1494827428762753  |1.0374980072381865  |41        
 [8, 0, 0, 0, 0]     |2.1644469870539296  |1.9930475423139573  |33        
 [11, 9, 4, 2, 1]    |4.688558592212342   |2.872334744269409   |196       
 [9, 18, 8, 0, 0]    |0.5917208232667522  |0.23581201507800537 |368       
 [12, 9, 2, 0, 0]    |0.4372893728012411  |0.2816302826366029  |176       
 [3, 0, 0, 0, 0]     |3.0511503793114234  |2.953582064984763   |13        
 [11, 4, 4, 0, 0]    |0.4265314262965374  |0.32723744810639166 |106       
 [11, 12, 2, 0, 0]   |0.5383843702302593  |0.32168498134574525 |206       
 [10, 10, 5, 0, 0]   |1.3761048604831316  |0.8325657704988195  |201       
 [16, 0, 0, 0, 0]    |0.28465407381320157 |0.2419605428894295  |65        
 [13, 13, 17, 0, 0]  |0.5926246888018196  |0.17983887229858103 |477       
 [17, 6, 5, 4, 6]    |0.4052200071587213  |0.21420428171885558 |255       
 [13, 3, 0, 0, 0]    |0.2659984151547721  |0.21507576269854756 |85        
 [13, 1, 1, 8, 3]    |4.541700832872038   |3.5194389041961243  |102       
 [20, 1, 9, 10, 0]   |0.31165484003935506 |0.18436109245616214 |210       
Gen 2 Train time: 8.599511587619782 minutes:
 Average MSE:        0.4803730046363644
 Average Error:      0.9901210663502935
 Structure           |Error               |MSE                 |weights&biases
 [13, 3, 0, 0, 0]    |0.2620618376099391  |0.21189280231367347 |85        
 [9, 8, 8, 0, 0]     |1.368173316356617   |0.8551114261267507  |188       
 [16, 0, 0, 0, 0]    |0.294042043086687   |0.24994046782643378 |65        
 [11, 9, 5, 0, 0]    |0.3941094038787973  |0.24083897233224114 |197       
 [12, 2, 2, 0, 0]    |0.23231706356531123 |0.19453324850979686 |71        
 [11, 5, 4, 1, 0]    |1.192820345727579   |0.8748704518962972  |124       
 [18, 4, 5, 5, 0]    |0.2590480947490707  |0.16069589669502637 |191       
 [10, 14, 7, 0, 0]   |0.6453650284187695  |0.30714381548573116 |297       
 [11, 6, 4, 0, 0]    |0.27757077567080635 |0.19658127285790988 |138       
 [9, 10, 8, 3, 0]    |1.6505487351918697  |0.8923541459457924  |246       
 [15, 4, 2, 3, 4]    |1.2389528726352117  |0.8536504870710229  |149       
 [16, 8, 13, 2, 3]   |2.082395546831228   |0.8856078232519018  |342       
 [14, 4, 4, 0, 0]    |0.2187942705554105  |0.15927493890865888 |127       
 [19, 11, 19, 11, 3] |5.8701060659158735  |0.8670771707946209  |765       
 [14, 6, 2, 3, 4]    |0.2913558202179181  |0.18764375971489117 |176       
 [14, 2, 2, 0, 0]    |0.22946508301783483 |0.18740103152891904 |81        
 [11, 4, 4, 0, 0]    |0.21791556043162716 |0.1671861145554675  |106       
 [9, 13, 8, 0, 0]    |0.5721766464473547  |0.28555874397569986 |278       
 [10, 10, 5, 2, 0]   |0.37768945362453715 |0.22342422235636636 |210       
 [14, 6, 2, 3, 19]   |0.31628578194119367 |0.16887286912152125 |251       
 [11, 8, 5, 12, 4]   |2.069296429375539   |0.9701628454299916  |303       
 [18, 0, 0, 0, 0]    |0.38540622952554937 |0.3211145521150053  |73        
 [17, 4, 2, 3, 4]    |0.2563990008864304  |0.1705851914167554  |163       
 [13, 6, 1, 0, 0]    |0.24823397023174174 |0.1784612926436334  |132       
 [10, 8, 9, 1, 3]    |3.8024972828644414  |2.199341573035001   |219       
Gen 3 Train time: 8.614834288756052 minutes:
 Average MSE:        0.5036037623904708
 Average Error:      0.8679469375951229
 Structure           |Error               |MSE                 |weights&biases
 [11, 4, 4, 0, 0]    |0.33559819428902105 |0.2574729314596902  |106       
 [14, 4, 4, 0, 0]    |0.27192698950521915 |0.19795378796306545 |127       
 [14, 2, 2, 0, 0]    |0.22933674296897594 |0.18729621794584    |81        
 [16, 3, 1, 0, 0]    |0.2225167874296998  |0.17114352772677904 |105       
 [10, 16, 10, 8, 6]  |1.8654956607001714  |0.5020913456475876  |525       
 [15, 5, 2, 2, 5]    |0.250795533860849   |0.1664405187798242  |164       
 [13, 6, 3, 2, 2]    |3.2236599658889498  |2.155488434134474   |161       
 [11, 7, 5, 0, 0]    |0.25880705743044513 |0.17218729901110236 |163       
 [13, 4, 4, 0, 0]    |0.22954465416645153 |0.17005086226659089 |120       
 [9, 9, 8, 2, 0]     |2.7455437622442167  |1.5919809913372776  |218       
 [13, 5, 4, 17, 0]   |0.47828895144291955 |0.2651286157718681  |236       
 [13, 4, 3, 0, 0]    |0.2776950268709217  |0.20883061856053708 |114       
 [14, 5, 3, 2, 10]   |0.2945401882400699  |0.1859384037804875  |184       
 [16, 4, 5, 3, 0]    |0.28532443158114645 |0.18982961169457    |163       
 [8, 4, 4, 0, 0]     |0.26922481030521916 |0.21768449778197105 |85        
 [11, 8, 5, 1, 0]    |0.3077401374810169  |0.19524510488093955 |182       
 [15, 2, 0, 0, 0]    |0.20181646769857106 |0.16523334858238928 |80        
 [12, 8, 8, 0, 0]    |0.3152705739583663  |0.18144112756858313 |221       
 [16, 9, 1, 0, 0]    |0.29308301825476707 |0.17207938441556916 |213       
 [14, 14, 2, 0, 0]   |1.7051481034890512  |0.8362329730522381  |285       
 [14, 4, 2, 2, 10]   |0.3653519620976983  |0.24551576687191315 |159       
 [16, 3, 4, 3, 0]    |1.3116539672979526  |0.9382760389236606  |134       
 [11, 8, 5, 19, 0]   |0.4546468563451931  |0.21050743595444196 |308       
 [12, 10, 5, 2, 2]   |5.170583030077767   |2.8235231635427276  |242       
 [10, 11, 7, 0, 0]   |0.33508056625341115 |0.18252205210764363 |243       
Gen 4 Train time: 8.787847669919332 minutes:
 Average MSE:        0.3564865282101573
 Average Error:      0.5787863576760092
 Structure           |Error               |MSE                 |weights&biases
 [15, 2, 0, 0, 0]    |0.2013001497057147  |0.16481062316327028 |80        
 [16, 3, 1, 0, 0]    |0.22971161372344628 |0.17667725831635167 |105       
 [14, 2, 2, 0, 0]    |0.24807807545694313 |0.20260201085463964 |81        
 [13, 4, 3, 1, 5]    |0.5646677412584858  |0.4079878887785401  |130       
 [16, 6, 1, 0, 0]    |0.22539539423342556 |0.1514652412071042  |159       
 [15, 3, 1, 0, 0]    |0.19960152029319045 |0.15583893104310492 |99        
 [14, 6, 3, 1, 0]    |0.29661824194914804 |0.19932684834157222 |159       
 [13, 5, 3, 10, 0]   |0.25630392977537214 |0.16424578024254113 |178       
 [14, 5, 4, 1, 5]    |1.308060713134325   |0.8724461628555936  |162       
 [13, 5, 3, 1, 3]    |2.166480997579224   |1.522881389150462   |141       
 [7, 18, 15, 5, 15]  |1.0516042892473383  |0.21444904798708614 |636       
 [13, 9, 5, 4, 3]    |1.5976456761916484  |0.8382248418563167  |258       
 [11, 14, 1, 0, 0]   |0.3413069412718942  |0.19790402549336333 |218       
 [19, 6, 7, 2, 17]   |0.3675242478009261  |0.16889703972800724 |311       
 [14, 3, 3, 12, 0]   |0.25969032160514405 |0.17407562833337012 |160       
 [16, 3, 1, 15, 0]   |0.3218663672312019  |0.22176903353417132 |149       
 [14, 5, 3, 7, 5]    |1.4606901940514843  |0.8662420202679456  |209       
 [16, 7, 2, 1, 3]    |1.3623828700481506  |0.8346317051762144  |196       
 [13, 6, 4, 1, 3]    |0.4918727833741824  |0.32480341184444883 |166       
 [14, 5, 4, 1, 9]    |0.29186030189142903 |0.1889108611370505  |174       
 [15, 3, 2, 0, 0]    |0.202615062210225   |0.15622666502488222 |104       
 [11, 7, 5, 0, 0]    |0.2865651600153973  |0.19065508252995222 |163       
 [15, 2, 13, 0, 0]   |0.20425027593169237 |0.1475764113495887  |130       
 [11, 4, 4, 0, 0]    |0.2438192237754803  |0.1870595591990431  |106       
 [15, 7, 3, 0, 0]    |0.2897468501447631  |0.18245573783931374 |185       
Gen 5 Train time: 8.832910486062367 minutes:
 Average MSE:        0.763667294956212
 Average Error:      1.3646407790012083
 Structure           |Error               |MSE                 |weights&biases
 [15, 3, 1, 0, 0]    |0.220342387109882   |0.17203236739004685 |99        
 [15, 2, 0, 0, 0]    |0.4706061882220916  |0.3852997588862315  |80        
 [15, 3, 2, 0, 0]    |0.198191030752346   |0.15281550855363976 |104       
 [15, 2, 7, 0, 0]    |0.2345860315857989  |0.17997579921384893 |106       
 [7, 3, 2, 0, 0]     |1.1114437081422077  |0.966242740855615   |56        
 [12, 4, 3, 1, 5]    |0.29424087911609964 |0.21635027734627155 |123       
 [13, 7, 4, 1, 0]    |1.3502986008982276  |0.8696414783160676  |176       
 [15, 3, 2, 8, 0]    |0.26430426855649286 |0.18906690968401468 |134       
 [11, 14, 13, 11, 13]|1.1838675170608675  |0.1956919843718115  |720       
 [15, 17, 4, 1, 9]   |1.8435183726684963  |0.641899136963015   |422       
 [16, 3, 1, 0, 0]    |0.2754411504896049  |0.2118490506735661  |105       
 [15, 5, 3, 13, 2]   |6.180350954855731   |3.5126651757149085  |226       
 [6, 10, 16, 17, 15] |2.959298691259115   |0.36329224413286676 |839       
 [16, 5, 2, 0, 0]    |0.3062465754679448  |0.211535023315833   |148       
 [17, 4, 5, 1, 9]    |0.2880593582271384  |0.18275867447567867 |182       
 [15, 4, 2, 1, 5]    |1.5696809346671343  |1.1116799863816245  |138       
 [6, 5, 13, 7, 3]    |5.3813851736525535  |2.8304785838437456  |257       
 [14, 4, 3, 8, 0]    |0.2621425147813255  |0.17660017964668023 |158       
 [14, 4, 3, 11, 3]   |3.639996407704715   |2.202256892494102   |201       
 [14, 5, 4, 6, 5]    |1.4911278115261912  |0.8776852402899259  |212       
 [16, 3, 7, 0, 0]    |0.2557465917021096  |0.18248848553349795 |135       
 [15, 6, 2, 1, 0]    |2.3182692299458205  |1.5539823369402883  |160       
 [15, 3, 8, 6, 0]    |0.2644527461258255  |0.1661120535054348  |186       
 [13, 4, 3, 0, 0]    |0.23638469728312025 |0.1777646618598787  |114       
 [2, 5, 3, 0, 0]     |1.5160376532293713  |1.3615178235167096  |43        
Gen 6 Train time: 8.716287843386333 minutes:
 Average MSE:        0.6037044253312428
 Average Error:      1.1326366613331968
 Structure           |Error               |MSE                 |weights&biases
 [15, 3, 2, 0, 0]    |0.2611775482830136  |0.20138136277990512 |104       
 [15, 3, 1, 0, 0]    |1.0737906287985108  |0.8383622705391403  |99        
 [15, 2, 7, 0, 0]    |0.23233610313487568 |0.17824964071928068 |106       
 [16, 3, 7, 0, 0]    |0.2156985851298925  |0.15391215136083344 |135       
 [16, 3, 4, 0, 0]    |0.22512728239264732 |0.1667783927690316  |120       
 [15, 3, 8, 3, 0]    |0.2912026717931007  |0.19716077080975164 |156       
 [15, 4, 2, 2, 0]    |0.347446613143303   |0.25229802356852465 |128       
 [14, 4, 3, 5, 3]    |2.086061501328075   |1.401829037128807   |159       
 [13, 4, 3, 1, 3]    |1.937990071172216   |1.4214129188941556  |124       
 [3, 10, 9, 14, 11]  |7.220730538075818   |2.2579473093213944  |465       
 [16, 3, 1, 0, 0]    |0.23678994496416755 |0.1821213894893241  |105       
 [14, 3, 5, 1, 3]    |2.9719157506391842  |2.185198735240454   |123       
 [16, 4, 5, 0, 0]    |0.23277513301129643 |0.1611882430033268  |147       
 [16, 4, 2, 4, 0]    |0.20754709084002643 |0.14516314643304307 |143       
 [15, 4, 5, 0, 0]    |0.28287738308939603 |0.19934032271389518 |140       
 [15, 4, 17, 0, 0]   |0.26737868317812646 |0.15738042170469968 |212       
 [17, 5, 1, 1, 5]    |0.683774776821677   |0.4526542503247435  |165       
 [4, 13, 16, 7, 13]  |4.8800606644326745  |1.2714495798502474  |538       
 [14, 4, 5, 1, 3]    |3.1221985949465476  |2.183736567912711   |143       
 [15, 4, 2, 0, 0]    |0.22511569171590623 |0.16593803830613418 |122       
 [16, 3, 5, 3, 0]    |0.25747084134980064 |0.18098361027797769 |141       
 [15, 5, 3, 4, 0]    |0.2507207044187477  |0.16639085820185612 |164       
 [15, 4, 4, 1, 5]    |0.299354471983016   |0.2057431191520594  |150       
 [15, 3, 2, 0, 0]    |0.18823077691983056 |0.14513563904107268 |104       
 [15, 3, 1, 16, 0]   |0.3181444817680695  |0.22085483373870402 |146       
Gen 7 Train time: 8.664530261357624 minutes:
 Average MSE:        0.3260431514762139
 Average Error:      0.5478252176877466
 Structure           |Error               |MSE                 |weights&biases
 [15, 3, 2, 0, 0]    |0.24689880040490075 |0.19037171158519692 |104       
 [16, 4, 2, 4, 0]    |0.23949868918716277 |0.1675108195845312  |143       
 [16, 3, 7, 0, 0]    |0.2198511306601203  |0.15687520842398614 |135       
 [16, 3, 4, 10, 0]   |0.304621651885593   |0.19618743846483186 |176       
 [16, 4, 2, 2, 0]    |0.23775087435637288 |0.16964760588518743 |135       
 [16, 3, 8, 2, 0]    |1.2163036978384407  |0.8317831608339956  |152       
 [16, 4, 5, 0, 0]    |0.25460552358493316 |0.17630498788547933 |147       
 [20, 4, 5, 0, 0]    |0.21521550259594463 |0.13895357211550982 |175       
 [10, 3, 5, 0, 0]    |1.2329637553006252  |0.9870059888972673  |89        
 [15, 4, 2, 5, 0]    |0.24692719188267098 |0.1740066511474056  |140       
 [15, 4, 18, 8, 19]  |0.9785746724568399  |0.25242068917932337 |542       
 [16, 4, 5, 1, 0]    |0.2660936525503091  |0.18334109482545227 |149       
 [16, 4, 3, 16, 0]   |0.28078333889469625 |0.16527046867630002 |212       
 [4, 16, 17, 4, 18]  |1.1990974864408541  |0.29421902064809513 |562       
 [16, 3, 3, 0, 0]    |0.2836188927156656  |0.2127529024531168  |115       
 [16, 14, 3, 3, 3]   |2.059218880539606   |0.839311577872748   |359       
 [16, 4, 7, 2, 0]    |0.25696288629995295 |0.16799457096266562 |170       
 [16, 4, 3, 2, 0]    |0.30518646864692184 |0.2139886470418272  |142       
 [15, 3, 6, 0, 0]    |0.2452790554016917  |0.1798991766099396  |124       
 [15, 3, 5, 1, 0]    |2.044685250067449   |1.5109579682077041  |121       
 [16, 4, 5, 7, 0]    |0.33118766510025005 |0.20544640125289976 |191       
 [11, 5, 3, 4, 0]    |0.2767217075318705  |0.19894180310046988 |132       
 [16, 3, 2, 0, 0]    |0.21320944305543896 |0.16194794935323278 |110       
 [16, 4, 3, 0, 0]    |0.27607235331188135 |0.19699197286756417 |135       
 [15, 4, 2, 9, 0]    |0.26430187148347384 |0.17894739903061638 |156       
Increasing Epochs
Gen 8 Train time: 10.013718370596568 minutes:
 Average MSE:        0.20556035353686286
 Average Error:      0.4173628185309034
 Structure           |Error               |MSE                 |weights&biases
 [16, 3, 2, 0, 0]    |0.23537697975903976 |0.17878579227385427 |110       
 [20, 4, 5, 0, 0]    |0.2199811797419226  |0.14203052454224158 |175       
 [16, 3, 7, 0, 0]    |0.2349488950256348  |0.16764824800065248 |135       
 [7, 12, 4, 2, 0]    |0.3529531102809701  |0.22393038359876835 |182       
 [16, 11, 14, 16, 13]|1.8498014684555009  |0.20599123059687957 |878       
 [14, 4, 4, 1, 0]    |0.25506382832928665 |0.18475189576313303 |129       
 [16, 9, 5, 0, 0]    |0.29385094747157536 |0.15455849875469038 |257       
 [16, 4, 2, 2, 0]    |0.3135768597973552  |0.2237533875306669  |135       
 [16, 4, 6, 1, 0]    |1.2839871089292847  |0.8715083485435009  |155       
 [11, 15, 2, 14, 19] |1.0430320796599764  |0.2374334115239578  |592       
 [14, 5, 3, 2, 0]    |0.2839832779217423  |0.19714024043862377 |146       
 [16, 4, 5, 5, 0]    |0.2363234210046327  |0.15182086328791647 |177       
 [16, 12, 6, 2, 0]   |0.404360631092304   |0.1698315614729199  |347       
 [16, 4, 2, 6, 0]    |0.22290288432116803 |0.15281624404643654 |151       
 [16, 4, 4, 3, 0]    |0.27146198452870235 |0.1842552656359889  |155       
 [16, 4, 18, 5, 0]   |0.40822323917820025 |0.18948581742136517 |307       
 [18, 4, 6, 0, 0]    |0.32312420395884106 |0.212839163957858   |167       
 [16, 4, 3, 10, 0]   |0.25705321549655863 |0.16308689022634962 |182       
 [16, 4, 4, 5, 0]    |0.21319410722977877 |0.1404291445443931  |167       
 [16, 4, 6, 0, 0]    |0.21740989408130368 |0.14830700518433965 |153       
 [16, 4, 3, 7, 0]    |0.25605067299261886 |0.16865839978220168 |167       
 [20, 14, 5, 0, 0]   |0.5090510901481321  |0.1715797863728381  |435       
 [16, 4, 17, 0, 0]   |0.2550913574749966  |0.1475433079058149  |219       
 [16, 4, 3, 2, 0]    |0.23971175790029348 |0.16807951866452847 |142       
 [16, 4, 2, 1, 0]    |0.2535562684927653  |0.18274390835165052 |131       
Increasing Epochs
Gen 9 Train time: 11.416144605477651 minutes:
 Average MSE:        0.3956188437125487
 Average Error:      0.6877609215831529
 Structure           |Error               |MSE                 |weights&biases
 [16, 4, 4, 5, 0]    |0.20589980197795457 |0.13562444773607404 |167       
 [16, 4, 6, 0, 0]    |0.23196904770453614 |0.15823858847775157 |153       
 [20, 4, 5, 0, 0]    |0.21294818834549514 |0.13748968401075815 |175       
 [12, 8, 5, 1, 0]    |0.38846055437139204 |0.2397727576081372  |193       
 [16, 5, 5, 1, 0]    |0.2842167984462182  |0.1853484045423771  |171       
 [18, 4, 5, 2, 0]    |0.4209778083792862  |0.27522257132856    |170       
 [16, 4, 3, 9, 0]    |0.26348951029951695 |0.16927312896422075 |177       
 [13, 15, 14, 20, 5] |1.9149215301141485  |0.2100681337098375  |884       
 [16, 4, 3, 4, 0]    |0.21026860921860974 |0.14379458741336062 |152       
 [16, 7, 5, 3, 0]    |0.3189345448964511  |0.1799152475960416  |229       
 [5, 13, 17, 11, 11] |1.7535169226616578  |0.3259939165569886  |673       
 [4, 5, 12, 1, 1]    |4.83790761364379    |3.530651151178801   |126       
 [16, 4, 4, 4, 0]    |0.25147125196997056 |0.1681453319748986  |161       
 [20, 4, 5, 11, 0]   |0.35491619663472046 |0.19140310391512788 |247       
 [3, 4, 4, 0, 0]     |1.2871664365386033  |1.1359203933561686  |50        
 [13, 2, 4, 1, 0]    |0.29057468396985325 |0.23436052408811708 |86        
 [16, 4, 3, 3, 0]    |0.21202631553057927 |0.14682044782328404 |147       
 [18, 4, 4, 1, 0]    |1.2583651314077193  |0.8498574611763214  |157       
 [16, 4, 3, 1, 0]    |0.24993582062227604 |0.17745271292979733 |137       
 [3, 6, 19, 2, 12]   |0.8594414196750217  |0.45431130923605323 |255       
 [18, 4, 4, 4, 0]    |0.2526380976369655  |0.1631154154588527  |175       
 [16, 4, 11, 4, 0]   |0.24558013378364885 |0.14027759831842476 |224       
 [16, 4, 6, 2, 0]    |0.24918408835891512 |0.16578502749136437 |163       
 [16, 4, 10, 4, 0]   |0.32899966846042505 |0.19220389141853866 |215       
 [16, 4, 17, 0, 0]   |0.3102128649310672  |0.1794252565038612  |219       
Result:  [16, 4, 4, 5]
Fold 0
Fold 0 Train time: 20.421388761202493 minutes, MSE: 0.009480387016801286
Fold 1
Fold 1 Train time: 20.452555712064107 minutes, MSE: 0.014119589311502177
Fold 2
Fold 2 Train time: 20.345238522688547 minutes, MSE: 0.005450120591434807
Fold 3
Fold 3 Train time: 20.277606582641603 minutes, MSE: 0.014557527056653478
Fold 4
Fold 4 Train time: 20.254247999191286 minutes, MSE: 0.006289347490531115
Total Time: 192.39055097500483 minutes
CellsPerSensor: 8
 Resulting Network Architecture: [16, 4, 4, 5]
 MSE after 5-Fold CV: 0.009979394293384573
 Weights and Biases: 167
 Objective Function Value: 0.01515033125050123
~/workspace/SolarCellResearch
