/tmp/tmp.PcrwRF7vCu ~/workspace/SolarCellResearch
Using TensorFlow backend.
Genetically searching for best layer structure...
  Training on:     datasets/N6dataset10k4.mat
  Evaluating with: datasets/N6dataset100k4.mat
Gen 0 Train time: 8.228340681393941 minutes:
 Average MSE:        0.7590087960134734
 Average Error:      1.6646313871230913
 Structure           |Error               |MSE                 |weights&biases
 [7, 2, 19, 2, 5]    |3.59207011132187    |2.4381234584053795  |155       
 [14, 0, 0, 0, 0]    |0.3114227524154981  |0.27006193501815823 |57        
 [11, 10, 2, 16, 0]  |0.5067540854237894  |0.2781125387187619  |240       
 [19, 20, 6, 16, 20] |2.9580081974815964  |0.21108722033048383 |1056      
 [7, 14, 15, 11, 19] |6.781061510516917   |0.9599574241670613  |782       
 [8, 0, 0, 0, 0]     |1.2407130053306197  |1.1424627264061251  |33        
 [18, 8, 13, 8, 2]   |6.8733385328471766  |2.198224406187493   |456       
 [20, 0, 0, 0, 0]    |0.2851998173509492  |0.23291883566997038 |81        
 [6, 16, 7, 0, 0]    |0.6169147686711357  |0.3244822632897283  |257       
 [18, 18, 11, 0, 0]  |0.9965960121328279  |0.21311788948630755 |617       
 [9, 0, 0, 0, 0]     |1.1836152758060234  |1.079041932274045   |37        
 [7, 3, 14, 0, 0]    |0.40877521609615586 |0.30587160153380855 |116       
 [3, 8, 20, 0, 0]    |0.6547039011650913  |0.35751705744750817 |242       
 [10, 16, 5, 7, 5]   |0.758386501162317   |0.2940333368868656  |379       
 [16, 0, 0, 0, 0]    |0.36090338286756385 |0.30677368245420655 |65        
 [11, 0, 0, 0, 0]    |0.4342205974667124  |0.3880183739561288  |45        
 [4, 14, 16, 0, 0]   |3.989235057798493   |1.7093266100845632  |339       
 [7, 0, 0, 0, 0]     |1.8192097555616733  |1.6919846796381304  |29        
 [13, 3, 5, 19, 19]  |1.462874607369248   |0.3143976821081235  |615       
 [4, 0, 0, 0, 0]     |1.5627507554777837  |1.4977254240355649  |17        
 [16, 0, 0, 0, 0]    |0.3148232288258562  |0.2676048100786902  |65        
 [11, 20, 9, 5, 0]   |0.8868406389274004  |0.24290375700454964 |518       
 [4, 8, 17, 4, 19]   |1.070755433556918   |0.4018663983693537  |392       
 [9, 4, 0, 0, 0]     |1.997873698084386   |1.668764386171965   |72        
 [15, 10, 11, 9, 0]  |0.5487378344192726  |0.18084147061386457 |444       
Gen 1 Train time: 7.970084285736084 minutes:
 Average MSE:        0.4069206540217547
 Average Error:      0.7508848623680461
 Structure           |Error               |MSE                 |weights&biases
 [20, 0, 0, 0, 0]    |0.271080903247147   |0.2213881093724313  |81        
 [14, 0, 0, 0, 0]    |0.28602450115995637 |0.2480368876285648  |57        
 [16, 0, 0, 0, 0]    |0.3659748656869989  |0.311084524452028   |65        
 [14, 5, 1, 8, 0]    |0.32188711386637925 |0.2223384801372834  |148       
 [18, 0, 0, 0, 0]    |0.34929449808816354 |0.29102681201571146 |73        
 [17, 14, 11, 5, 0]  |0.8552743674664952  |0.22507244205679192 |534       
 [11, 5, 1, 8, 0]    |0.5366559335283863  |0.3936086609860994  |124       
 [11, 2, 7, 0, 0]    |0.3694432014781049  |0.29797125178387307 |86        
 [8, 0, 0, 0, 0]     |0.5669413002489088  |0.5220460338626041  |33        
 [16, 9, 0, 0, 0]    |0.3147695026084347  |0.18573866023918567 |211       
 [17, 18, 0, 0, 0]   |0.5153522066889287  |0.1924527296660158  |394       
 [10, 8, 4, 0, 0]    |0.4583831053842721  |0.3080325037626438  |159       
 [11, 10, 2, 16, 0]  |0.3948035303054212  |0.21667277140261576 |240       
 [18, 19, 14, 0, 0]  |1.0923979542035365  |0.1851433735045795  |710       
 [17, 13, 17, 0, 0]  |0.8933188388317419  |0.23100597119502414 |541       
 [14, 2, 7, 0, 0]    |0.2764208955056574  |0.2147392900321766  |101       
 [18, 11, 0, 0, 0]   |0.4013475394023284  |0.2018102165524272  |275       
 [4, 0, 0, 0, 0]     |1.9084680818616206  |1.8290576134072274  |17        
 [18, 15, 18, 0, 0]  |0.9847042630330675  |0.19584849106058    |646       
 [20, 7, 8, 8, 0]    |0.4987087663090682  |0.20685587417080464 |352       
 [9, 10, 10, 4, 3]   |5.701862670202643   |2.6933692137262994  |300       
 [14, 16, 0, 0, 0]   |0.3848633123561095  |0.18225161611244164 |299       
 [14, 9, 0, 0, 0]    |0.32793764154594485 |0.20547481528566758 |187       
 [19, 8, 4, 0, 0]    |0.39768928023211747 |0.20865266873512395 |258       
 [18, 7, 0, 0, 0]    |0.29851728595972005 |0.18333733939566782 |195       
Gen 2 Train time: 7.999258418877919 minutes:
 Average MSE:        0.3324376829199636
 Average Error:      0.5277883472747931
 Structure           |Error               |MSE                 |weights&biases
 [20, 0, 0, 0, 0]    |0.4806397337116723  |0.3925319735218783  |81        
 [14, 2, 7, 0, 0]    |0.28533828979491066 |0.22166682318812078 |101       
 [14, 0, 0, 0, 0]    |0.45260484318334504 |0.39249328702099456 |57        
 [12, 16, 2, 0, 0]   |0.569753869896973   |0.282224953496977   |281       
 [17, 7, 6, 3, 0]    |0.3542650400656663  |0.18962441141988587 |250       
 [18, 7, 0, 0, 0]    |0.32263994285526926 |0.198152507368826   |195       
 [16, 8, 9, 3, 0]    |0.4011309295971329  |0.18995512911898108 |299       
 [16, 6, 0, 0, 0]    |0.2903622722121661  |0.1961009069025652  |157       
 [17, 8, 4, 4, 0]    |0.4078746358158173  |0.2150692054249979  |256       
 [14, 9, 4, 14, 0]   |0.48631755137229005 |0.22857441127474    |302       
 [14, 9, 0, 0, 0]    |0.30125057943383954 |0.18875359007909512 |187       
 [11, 3, 14, 1, 4]   |3.7384490121391085  |2.5501975398477668  |153       
 [15, 5, 4, 0, 0]    |0.3238002789367186  |0.22033010580571308 |154       
 [17, 12, 9, 0, 0]   |0.47261029379502284 |0.1764912227571215  |394       
 [17, 1, 4, 0, 0]    |0.2720166761735574  |0.2215976552639413  |82        
 [16, 5, 1, 8, 0]    |0.3305911140884842  |0.21939687555766701 |164       
 [14, 1, 4, 0, 0]    |0.254473315083939   |0.21361941094562725 |70        
 [17, 0, 0, 0, 0]    |0.3013179612982256  |0.2535766278983868  |69        
 [18, 11, 0, 0, 0]   |0.3107360312306224  |0.15624788891612143 |275       
 [18, 15, 0, 0, 0]   |0.5144882909262981  |0.21180643112656047 |355       
 [9, 8, 0, 0, 0]     |0.47665467433850606 |0.3566633271235297  |116       
 [17, 14, 0, 0, 0]   |0.4685919648410428  |0.211607338157722   |318       
 [18, 11, 11, 0, 0]  |0.5642749713376862  |0.20398402266815455 |407       
 [13, 1, 4, 0, 0]    |0.4897243807851701  |0.4152342192060988  |66        
 [19, 6, 0, 0, 0]    |0.32480202895636345 |0.20504220890761923 |184       
Gen 3 Train time: 8.235960892836253 minutes:
 Average MSE:        0.310087035163781
 Average Error:      0.5803728276693976
 Structure           |Error               |MSE                 |weights&biases
 [14, 1, 4, 0, 0]    |0.2944150341970093  |0.24714876747668577 |70        
 [17, 1, 4, 0, 0]    |0.314780662857637   |0.25643522225518023 |82        
 [14, 2, 7, 0, 0]    |0.2824257748035242  |0.21940421782207462 |101       
 [19, 0, 0, 0, 0]    |0.2412842749144946  |0.19903402744884283 |77        
 [14, 17, 6, 7, 0]   |0.7567036221291654  |0.23840517935390607 |462       
 [3, 16, 13, 2, 17]  |2.836744055556562   |1.0673265123143034  |391       
 [17, 6, 2, 0, 0]    |0.34348992098044695 |0.2212200193863781  |176       
 [16, 3, 2, 0, 0]    |0.23365386759135534 |0.17747696430609144 |110       
 [15, 12, 17, 2, 0]  |0.9052382833161141  |0.261307586432719   |497       
 [18, 10, 2, 2, 0]   |0.4439656986110757  |0.22323997279757837 |275       
 [13, 13, 3, 7, 0]   |0.5500147444861493  |0.2604589028104619  |299       
 [18, 7, 3, 2, 0]    |1.5000844586468118  |0.8611568771610069  |222       
 [16, 6, 2, 0, 0]    |0.29036880876801097 |0.19126346383353815 |167       
 [17, 10, 10, 2, 0]  |0.6583361140471337  |0.2636745592318985  |366       
 [15, 8, 0, 0, 0]    |0.2851070901440061  |0.18088561398949698 |182       
 [15, 7, 2, 0, 0]    |0.45420006903417426 |0.2925213869164853  |176       
 [18, 11, 0, 0, 0]   |0.3747483448739633  |0.18843530159497335 |275       
 [16, 7, 7, 0, 0]    |0.6652458036277378  |0.37340237885214966 |231       
 [4, 5, 11, 0, 0]    |1.043018522720688   |0.7824063337122382  |115       
 [16, 5, 4, 2, 0]    |0.36312548156049074 |0.23740046805497433 |170       
 [18, 6, 0, 0, 0]    |0.2810361659992444  |0.1814505864503566  |175       
 [16, 5, 9, 4, 0]    |0.3908390127254739  |0.2188301248150272  |232       
 [15, 4, 2, 0, 0]    |0.31129687402945894 |0.22946420222216024 |122       
 [16, 14, 2, 0, 0]   |0.4237138563173856  |0.19086347086675437 |319       
 [17, 4, 2, 0, 0]    |0.2654841497968245  |0.18896373898924282 |136       
Gen 4 Train time: 7.856469810009003 minutes:
 Average MSE:        0.3531179786609625
 Average Error:      0.5301151766599838
 Structure           |Error               |MSE                 |weights&biases
 [16, 3, 2, 0, 0]    |0.2583372418768915  |0.19622576732051272 |110       
 [19, 0, 0, 0, 0]    |0.2966571506642122  |0.24471079803737897 |77        
 [17, 4, 2, 0, 0]    |0.3052704713165203  |0.21728246189885364 |136       
 [15, 8, 3, 4, 0]    |0.34911784869696333 |0.20092054683879282 |221       
 [19, 6, 0, 0, 0]    |0.3407066951383915  |0.21508256455558064 |184       
 [15, 4, 5, 0, 0]    |0.2844576889017793  |0.2004539453979949  |140       
 [16, 8, 3, 0, 0]    |0.3779595743129757  |0.22080660847409544 |215       
 [18, 3, 2, 1, 0]    |1.3289576914310106  |0.974719973730933   |124       
 [16, 5, 2, 0, 0]    |0.30591942054051274 |0.21130904617601845 |148       
 [16, 9, 5, 4, 0]    |0.5314359605351576  |0.26390328790803075 |280       
 [17, 6, 2, 8, 0]    |0.37563295176103656 |0.22444091203542307 |206       
 [6, 8, 6, 3, 0]     |0.41876294333083197 |0.2856607711898786  |153       
 [17, 2, 3, 0, 0]    |0.2902204924883881  |0.22602394681332544 |100       
 [17, 7, 1, 0, 0]    |1.381659581494691   |0.8657019241736539  |187       
 [15, 4, 3, 0, 0]    |0.30759705349880745 |0.2233613042048636  |128       
 [15, 5, 6, 12, 0]   |0.43978237681948273 |0.23073733979578934 |258       
 [7, 7, 4, 7, 0]     |1.5306403884667714  |1.0467458930542342  |152       
 [8, 3, 2, 0, 0]     |0.4468671903921974  |0.3827038441713375  |62        
 [16, 6, 2, 0, 0]    |0.4428760397059103  |0.29171867929763595 |167       
 [16, 6, 7, 1, 0]    |0.44151114712007405 |0.26183205008811805 |209       
 [15, 6, 2, 0, 0]    |0.3789754431830869  |0.255308191437939   |158       
 [15, 3, 5, 0, 0]    |0.3537574694067669  |0.2627259736379704  |119       
 [17, 9, 2, 0, 0]    |0.3313131635307067  |0.18365592633677635 |236       
 [15, 8, 5, 0, 0]    |0.43211852482015567 |0.24683001803425197 |224       
 [15, 6, 1, 0, 0]    |1.3023449070662707  |0.895087691914673   |150       
Increasing Epochs
Gen 5 Train time: 9.23108940521876 minutes:
 Average MSE:        0.4974479314862127
 Average Error:      1.0005896460030959
 Structure           |Error               |MSE                 |weights&biases
 [16, 3, 2, 0, 0]    |0.3238204431327697  |0.24596498153400806 |110       
 [15, 4, 5, 0, 0]    |0.300218889481139   |0.2115606757259374  |140       
 [17, 2, 3, 0, 0]    |0.23133287977859476 |0.18016222792173278 |100       
 [16, 5, 6, 1, 0]    |0.34099511065176047 |0.21851794491397483 |178       
 [17, 9, 2, 4, 0]    |0.441399967047106   |0.23626437690986918 |250       
 [16, 6, 4, 0, 0]    |0.380894021581283   |0.2410540489514545  |183       
 [4, 9, 20, 4, 12]   |6.329262399449558   |2.2483209760808416  |414       
 [6, 8, 9, 10, 6]    |1.1156840893126512  |0.4913825893619899  |328       
 [17, 3, 3, 0, 0]    |0.3107512963849495  |0.22963541571409327 |121       
 [16, 7, 4, 0, 0]    |0.3549101541190875  |0.21312197842409195 |204       
 [3, 2, 7, 16, 1]    |5.5993711625654905  |3.5259654984743847  |185       
 [17, 4, 3, 4, 0]    |0.3596123915427104  |0.24165878726728057 |159       
 [16, 6, 3, 7, 0]    |0.3006100173935947  |0.1791661883088905  |207       
 [17, 4, 2, 0, 0]    |0.27009339487727957 |0.1922444628478503  |136       
 [8, 6, 11, 20, 5]   |3.3651290442538553  |0.94977165287224    |506       
 [14, 1, 18, 3, 20]  |1.6542202192236004  |0.8832294416290288  |251       
 [17, 7, 2, 2, 0]    |0.3294359785151229  |0.1988164497801394  |202       
 [17, 13, 3, 0, 0]   |0.4932497989656847  |0.2156195985635497  |331       
 [16, 12, 4, 11, 0]  |0.5682296841507142  |0.22475832425075337 |371       
 [10, 7, 2, 2, 0]    |0.3439929022685452  |0.2473046615729862  |132       
 [16, 6, 2, 0, 0]    |0.27996227236410776 |0.18440876684468024 |167       
 [16, 6, 3, 0, 0]    |0.2679680074877908  |0.1730131491643105  |175       
 [17, 6, 3, 0, 0]    |0.41453537936842677 |0.261689405479297   |184       
 [16, 5, 2, 0, 0]    |0.3083972116341633  |0.21302054154855038 |148       
 [11, 6, 4, 2, 0]    |0.330664434527406   |0.22954614301338597 |146       
Gen 6 Train time: 9.159917612870535 minutes:
 Average MSE:        0.36028962646012713
 Average Error:      0.6599461652632184
 Structure           |Error               |MSE                 |weights&biases
 [17, 2, 3, 0, 0]    |0.3719798107816863  |0.2896981679235303  |100       
 [16, 6, 3, 0, 0]    |0.36609793506371513 |0.23637059230218177 |175       
 [17, 4, 2, 0, 0]    |0.3374383498194005  |0.24017860316343712 |136       
 [20, 7, 3, 5, 0]    |0.313233145966696   |0.16475306687756855 |257       
 [17, 6, 3, 3, 0]    |0.3544247222484244  |0.21712993960086546 |196       
 [17, 4, 3, 0, 0]    |0.2522271777153347  |0.17685499866944174 |142       
 [17, 9, 3, 0, 0]    |0.4350396203710499  |0.23461294371633637 |247       
 [17, 7, 3, 1, 0]    |0.3531803381845111  |0.21049855732290063 |207       
 [16, 5, 4, 0, 0]    |0.31886859825001945 |0.21267796074371006 |162       
 [14, 8, 2, 3, 0]    |0.3201660874235303  |0.19761879246239697 |193       
 [16, 5, 3, 4, 0]    |0.3302756289278473  |0.21484730038302796 |172       
 [17, 3, 3, 0, 0]    |0.29795669403556196 |0.22018060775809203 |121       
 [17, 10, 3, 0, 0]   |0.4273125168148808  |0.21865948024973067 |268       
 [17, 7, 4, 6, 0]    |0.4556365017339739  |0.2463357262330606  |246       
 [3, 6, 3, 2, 0]     |1.2451948584133066  |1.058435665117247   |65        
 [17, 7, 4, 3, 0]    |0.5155996670689811  |0.29158472791252077 |228       
 [16, 5, 2, 0, 0]    |0.3365545885009332  |0.23246980841112244 |148       
 [16, 5, 4, 3, 0]    |0.2808100827014281  |0.18085192066708872 |176       
 [16, 6, 4, 1, 0]    |1.3937386289263627  |0.8776475387700057  |185       
 [17, 5, 5, 3, 0]    |0.3924643820334958  |0.24224407364969477 |193       
 [16, 7, 3, 0, 0]    |0.3337421263791215  |0.20497102302764833 |195       
 [17, 5, 3, 0, 0]    |0.2906312263025696  |0.19336028299295144 |163       
 [17, 5, 2, 1, 0]    |2.25193094124317    |1.517080924882438   |158       
 [11, 18, 11, 8, 5]  |4.181610008753126   |0.9214528607751233  |605       
 [17, 6, 5, 1, 0]    |0.34254049392133346 |0.20672509789105703 |202       
Increasing Epochs
Gen 7 Train time: 10.609640232721965 minutes:
 Average MSE:        0.37990373592252447
 Average Error:      0.567418484493285
 Structure           |Error               |MSE                 |weights&biases
 [17, 4, 3, 0, 0]    |0.36308033775969445 |0.2545822905882964  |142       
 [16, 5, 4, 3, 0]    |0.31851737421298015 |0.2051367897409274  |176       
 [17, 5, 3, 0, 0]    |0.40877817040575604 |0.2719647978524841  |163       
 [17, 6, 3, 7, 0]    |0.3215941385291969  |0.1874084222016082  |216       
 [3, 4, 4, 2, 1]     |4.097106501507488   |3.5264122461104583  |60        
 [17, 4, 4, 0, 0]    |0.27753142059587377 |0.191700480036125   |148       
 [17, 5, 4, 2, 0]    |0.42022323981937204 |0.26928925342920457 |178       
 [17, 6, 3, 2, 0]    |0.32945936656547625 |0.204374281872631   |191       
 [17, 4, 4, 1, 0]    |1.287902664522027   |0.8851616934523154  |150       
 [12, 8, 4, 6, 20]   |0.5132046864036262  |0.2050337837681065  |367       
 [15, 7, 3, 2, 0]    |0.35815411168701067 |0.22161981601900385 |192       
 [17, 6, 4, 3, 0]    |0.3191585627827857  |0.19069743104021653 |206       
 [6, 2, 5, 9, 12]    |0.5707852166478753  |0.31798779003026295 |234       
 [17, 6, 5, 2, 0]    |0.34154450648486634 |0.20254822310283888 |209       
 [18, 6, 4, 3, 0]    |0.36277678677742264 |0.21193671854207805 |215       
 [17, 3, 3, 0, 0]    |0.30302602551472874 |0.22392668397773535 |121       
 [17, 4, 3, 7, 0]    |0.2945501867794098  |0.1906519285835476  |174       
 [17, 5, 3, 2, 0]    |0.31546509581194904 |0.2062415479049446  |170       
 [17, 12, 4, 2, 0]   |0.5778594524919693  |0.25197520185327654 |332       
 [17, 3, 17, 0, 0]   |0.30461776449877165 |0.18896423408472138 |191       
 [17, 7, 3, 2, 0]    |0.36086573003626177 |0.21240736208595137 |212       
 [17, 14, 3, 2, 0]   |0.6056827265432594  |0.24686862077142538 |359       
 [17, 6, 4, 2, 0]    |0.3342207151360686  |0.20271511084110783 |200       
 [17, 5, 12, 2, 0]   |0.4014518629550351  |0.219222595886614   |242       
 [17, 6, 4, 2, 15]   |0.39790546786322195 |0.20876609428723122 |258       
Result:  [17, 4, 4]
Fold 0
Fold 0 Train time: 17.977100185553233 minutes, MSE: 0.012131027801072156
Fold 1
Fold 1 Train time: 18.788038829962414 minutes, MSE: 0.0077654889333904865
Fold 2
Fold 2 Train time: 18.834371574719746 minutes, MSE: 0.49001240562691656
Fold 3
Fold 3 Train time: 18.81819565296173 minutes, MSE: 0.010701923562806102
Fold 4
Fold 4 Train time: 18.870067199071247 minutes, MSE: 0.012516622579178724
Total Time: 162.58390853007634 minutes
CellsPerSensor: 6
 Resulting Network Architecture: [17, 4, 4]
 MSE after 5-Fold CV: 0.1066254937006728
 Weights and Biases: 148
 Objective Function Value: 0.15436541803603027
~/workspace/SolarCellResearch
