/tmp/tmp.UNE2zWdjsn ~/workspace/SolarCellResearch
Using TensorFlow backend.
Genetically searching for best layer structure...
  Training on:     datasets/N4dataset10k2.mat
  Evaluating with: datasets/N4dataset100k2.mat
Gen 0 Train time: 8.44632867972056 minutes:
 Average MSE:        0.6274631083157428
 Average Error:      1.27382965420512
 Structure           |Error               |MSE                 |weights&biases
 [11, 15, 8, 8, 0]   |0.95341098012927    |0.3319704833915914  |422       
 [9, 7, 12, 13, 6]   |0.9839367315381442  |0.31705066822217204 |453       
 [18, 0, 0, 0, 0]    |0.34860173600549815 |0.29044961328653884 |73        
 [9, 5, 0, 0, 0]     |0.3758340303563726  |0.30540770977654075 |83        
 [17, 16, 8, 0, 0]   |1.1599683663768834  |0.3458994110783175  |484       
 [14, 7, 11, 18, 0]  |0.9851050607468328  |0.3042191397453417  |470       
 [2, 14, 17, 0, 0]   |2.6396351379563003  |1.183103064244712   |321       
 [17, 5, 9, 0, 0]    |0.4307190374092767  |0.2579990730724684  |205       
 [18, 0, 0, 0, 0]    |0.3620568176541903  |0.301660180699031   |73        
 [9, 0, 0, 0, 0]     |0.7667433300912971  |0.6990009518899949  |37        
 [20, 9, 0, 0, 0]    |0.4321849392296934  |0.2261850787617668  |259       
 [9, 13, 0, 0, 0]    |0.39603149523030673 |0.25826695040813863 |171       
 [1, 10, 3, 0, 0]    |2.7989689123624637  |2.4090948686361413  |60        
 [16, 15, 7, 0, 0]   |0.6594039403025507  |0.22902617680360926 |423       
 [13, 19, 0, 0, 0]   |0.556134944599338   |0.2467833857080466  |325       
 [20, 13, 0, 0, 0]   |0.4766340215909581  |0.20018640271493643 |347       
 [11, 17, 8, 0, 0]   |0.9401970842425409  |0.3546351510186617  |390       
 [18, 11, 0, 0, 0]   |0.457837483940468   |0.23021514450403086 |275       
 [20, 7, 10, 2, 6]   |0.609206194613673   |0.2643190217737731  |334       
 [1, 3, 0, 0, 0]     |2.1437349827249226  |2.075183589766452   |13        
 [13, 4, 15, 12, 18] |1.3185652002543333  |0.28338303268104886 |615       
 [9, 18, 9, 0, 0]    |0.9031222978619443  |0.3423583444524285  |388       
 [11, 7, 16, 1, 5]   |3.2083862732194652  |1.6012236082300924  |278       
 [20, 15, 15, 20, 0] |2.8033448848593934  |0.2568696055992864  |956       
 [2, 7, 9, 19, 0]    |5.135977471831884   |2.372087051428445   |309       
Gen 1 Train time: 8.486610984802246 minutes:
 Average MSE:        0.6083586151034716
 Average Error:      1.330646228391218
 Structure           |Error               |MSE                 |weights&biases
 [18, 0, 0, 0, 0]    |0.32507968154621414 |0.2708513987174175  |73        
 [18, 0, 0, 0, 0]    |0.3607477225196936  |0.3005694627355271  |73        
 [9, 5, 0, 0, 0]     |0.30122722430953086 |0.24478123125647994 |83        
 [18, 8, 5, 0, 0]    |0.6915039360655575  |0.36371436322011663 |257       
 [12, 11, 17, 5, 3]  |3.217836573615302   |0.9335220105108611  |495       
 [19, 12, 9, 1, 3]   |2.322883983343354   |0.7849066463979442  |434       
 [11, 12, 16, 6, 0]  |1.013154614817903   |0.294660581642457   |494       
 [14, 6, 13, 15, 9]  |1.3919974459663675  |0.3208568283708787  |587       
 [14, 7, 10, 15, 0]  |0.8799826175917178  |0.31731727934383436 |408       
 [1, 6, 5, 1, 3]     |3.522461261096077   |2.986672726176944   |66        
 [17, 13, 4, 13, 0]  |0.7345238702661379  |0.2570376298293466  |420       
 [15, 12, 5, 0, 0]   |0.7529310825970602  |0.34861693078015954 |308       
 [10, 11, 4, 0, 0]   |0.537845013622908   |0.3229735527667792  |204       
 [10, 18, 11, 2, 2]  |9.57230930811545    |2.9561107937903484  |470       
 [18, 6, 0, 0, 0]    |0.42452099534352167 |0.27409135508124677 |175       
 [14, 10, 13, 4, 0]  |0.7341493838033759  |0.2727927987495323  |396       
 [18, 14, 0, 0, 0]   |0.7266602385782744  |0.31449212028303675 |335       
 [5, 3, 6, 0, 0]     |2.0446856753798253  |1.7423661986631012  |64        
 [15, 17, 7, 0, 0]   |0.8761452669948946  |0.28373250403073197 |451       
 [18, 14, 3, 0, 0]   |0.6181194885064514  |0.24571732401826915 |369       
 [15, 7, 9, 0, 0]    |0.4770187882421506  |0.2624487640635692  |239       
 [19, 5, 0, 0, 0]    |0.4015462578419497  |0.2671533236082745  |163       
 [15, 7, 0, 0, 0]    |0.41999402636900784 |0.2780331881070739  |165       
 [15, 11, 0, 0, 0]   |0.48325353681751426 |0.2698972785723562  |233       
 [14, 7, 0, 0, 0]    |0.4355777164302093  |0.29564908687050373 |155       
Gen 2 Train time: 8.498412402470906 minutes:
 Average MSE:        0.42830523652356917
 Average Error:      0.9934143307320175
 Structure           |Error               |MSE                 |weights&biases
 [9, 5, 0, 0, 0]     |0.348287028319883   |0.2830226511505388  |83        
 [18, 0, 0, 0, 0]    |0.3243476358797832  |0.27024146950949296 |73        
 [18, 0, 0, 0, 0]    |0.33427444974997156 |0.27851233838926864 |73        
 [16, 4, 0, 0, 0]    |0.4684728028198571  |0.3461866388902203  |121       
 [10, 1, 14, 19, 3]  |10.064060791287433  |3.5394478500193456  |418       
 [15, 12, 4, 0, 0]   |0.6260526822719701  |0.3001956787552846  |294       
 [16, 8, 3, 0, 0]    |0.39999117551982327 |0.2336776229220837  |215       
 [15, 7, 5, 0, 0]    |0.3709194449977586  |0.22329302216249441 |203       
 [10, 8, 2, 0, 0]    |0.44481051840201985 |0.31423728654216004 |139       
 [19, 3, 0, 0, 0]    |0.47878045600581454 |0.35380366978254474 |121       
 [17, 11, 17, 0, 0]  |0.7454807546167378  |0.22964377833674227 |471       
 [20, 9, 6, 17, 13]  |1.6006783536838936  |0.2953564078876338  |676       
 [14, 6, 8, 0, 0]    |0.5046903195708987  |0.3084146095353419  |197       
 [14, 0, 0, 0, 0]    |0.36554140735347546 |0.3169929590354093  |57        
 [17, 13, 0, 0, 0]   |0.5151477192963699  |0.24394765976427957 |299       
 [15, 9, 5, 0, 0]    |0.439365133802132   |0.23813334913234865 |245       
 [9, 3, 13, 6, 16]   |0.836054257162845   |0.37378976432605937 |322       
 [12, 8, 7, 2, 12]   |0.6479341110698558  |0.3315534424749435  |268       
 [17, 4, 5, 7, 0]    |0.411879555165637   |0.2510697941391176  |198       
 [9, 2, 4, 19, 14]   |1.769775544862458   |0.5760001993067723  |449       
 [19, 9, 11, 2, 16]  |0.7178418774963402  |0.2413502790876779  |436       
 [15, 11, 2, 13, 13] |0.9768822950622971  |0.29423129299227185 |480       
 [19, 3, 5, 0, 0]    |0.4596545090645513  |0.3214927973111236  |143       
 [14, 3, 10, 0, 0]   |0.3527536657913371  |0.24982732587380294 |138       
 [16, 12, 2, 7, 0]   |0.6316817790472963  |0.2932090257622722  |307       
Increasing Epochs
Gen 3 Train time: 9.63234611749649 minutes:
 Average MSE:        0.35659375266105053
 Average Error:      1.0720409015014853
 Structure           |Error               |MSE                 |weights&biases
 [18, 0, 0, 0, 0]    |0.31003494740615883 |0.2583163572599391  |73        
 [18, 0, 0, 0, 0]    |0.3308951623752876  |0.2756967680412611  |73        
 [9, 5, 0, 0, 0]     |0.5695997686865457  |0.4628643145455805  |83        
 [19, 11, 19, 20, 4] |11.20589742238148   |0.9337376165254583  |994       
 [17, 2, 3, 0, 0]    |0.30922039427406633 |0.24082108520229145 |100       
 [13, 4, 19, 4, 0]   |0.5822507378952756  |0.29277405731062617 |275       
 [16, 0, 0, 0, 0]    |0.40504091438871215 |0.34429129443001333 |65        
 [13, 6, 8, 3, 8]    |0.5211103979503169  |0.2810301378068488  |247       
 [14, 7, 12, 1, 13]  |0.6025946521753525  |0.28750629397141825 |296       
 [18, 7, 0, 0, 0]    |0.4167634031037231  |0.25595936006476633 |195       
 [12, 3, 0, 0, 0]    |0.35303143949628063 |0.2897611945557653  |79        
 [16, 4, 8, 17, 0]   |0.5627016629558815  |0.24845197858958312 |327       
 [15, 10, 5, 0, 0]   |0.49218355791616225 |0.25311697460874616 |266       
 [15, 4, 5, 1, 0]    |0.4746543300173829  |0.3328150109121464  |142       
 [15, 7, 6, 0, 0]    |0.3980335356944432  |0.23428451720839627 |212       
 [18, 8, 4, 4, 0]    |0.49857449889668576 |0.2557634578003911  |267       
 [18, 19, 0, 0, 0]   |0.5696166322309713  |0.19199389209473075 |435       
 [19, 11, 6, 18, 14] |1.7575609431550963  |0.2655179108225983  |756       
 [14, 0, 0, 0, 0]    |0.40279144242592924 |0.3492957258471912  |57        
 [15, 5, 4, 0, 0]    |0.3987898048554924  |0.2713567764258232  |154       
 [16, 2, 12, 0, 0]   |0.4334509996540248  |0.31239823107732206 |131       
 [10, 10, 3, 0, 0]   |0.44132333712177735 |0.28351861929765726 |177       
 [2, 13, 9, 10, 13]  |3.803999534642361   |1.3048042406391263  |428       
 [9, 0, 0, 0, 0]     |0.45251496597814994 |0.41253491168359063 |37        
 [17, 6, 1, 7, 7]    |0.5083880518595773  |0.27623308980499317 |244       
Increasing Epochs
Gen 4 Train time: 10.642025808493296 minutes:
 Average MSE:        0.30148992633303995
 Average Error:      0.48045170727664027
 Structure           |Error               |MSE                 |weights&biases
 [17, 2, 3, 0, 0]    |0.35375340666312205 |0.2755034301234166  |100       
 [18, 0, 0, 0, 0]    |0.4695829823282556  |0.39124932992597117 |73        
 [18, 0, 0, 0, 0]    |0.3457143675719187  |0.28804390224631704 |73        
 [6, 2, 0, 0, 0]     |0.3211098183926168  |0.2942068754837016  |35        
 [9, 5, 3, 0, 0]     |0.36151845670380905 |0.282255614898724   |99        
 [12, 4, 3, 0, 0]    |0.35330834093725305 |0.2703834570476724  |107       
 [14, 5, 3, 17, 0]   |0.4680159623818132  |0.2693475095644851  |221       
 [14, 0, 0, 0, 0]    |0.3460681385770771  |0.30010598271112865 |57        
 [2, 5, 2, 17, 0]    |0.6743205239080045  |0.5225420988900722  |102       
 [15, 8, 5, 0, 0]    |0.5053041072678058  |0.2886342860714045  |224       
 [5, 4, 3, 12, 0]    |0.5426127246041025  |0.40703364632076966 |115       
 [14, 4, 2, 0, 0]    |0.36322056963178656 |0.2724650310841887  |115       
 [16, 10, 17, 0, 0]  |0.7071213794853783  |0.24559954252824762 |423       
 [13, 8, 4, 0, 0]    |0.4160673583385147  |0.25745557121252716 |192       
 [14, 6, 3, 10, 0]   |0.510661437178832   |0.30664993529580625 |204       
 [16, 0, 0, 0, 0]    |0.33836834192095083 |0.2876185350556973  |65        
 [12, 5, 2, 0, 0]    |0.37829110799252386 |0.2830614540497342  |116       
 [15, 3, 2, 0, 0]    |0.36145994297298806 |0.2787042622337891  |104       
 [14, 4, 6, 1, 7]    |0.4699800551877807  |0.3142504432696239  |161       
 [13, 5, 4, 2, 4]    |0.4741945541014165  |0.31786211533511094 |160       
 [17, 0, 0, 0, 0]    |0.3051153280705143  |0.25677233338126476 |69        
 [12, 17, 19, 2, 6]  |1.4064788787158042  |0.2674264595333532  |664       
 [17, 6, 5, 3, 0]    |0.543212114015567   |0.3165559101109521  |216       
 [17, 11, 6, 0, 0]   |0.6285514074934616  |0.2768339363444198  |328       
 [15, 4, 3, 0, 0]    |0.36726137747471427 |0.2666864956076211  |128       
Result:  [17]
Fold 0
Fold 0 Train time: 17.43441330989202 minutes, MSE: 0.014282759540599812
Fold 1
Fold 1 Train time: 17.408126537005106 minutes, MSE: 0.02783026477973636
Fold 2
Fold 2 Train time: 17.411325029532115 minutes, MSE: 0.02636771610662329
Fold 3
Fold 3 Train time: 17.42596278190613 minutes, MSE: 0.016183059804395092
Fold 4
Fold 4 Train time: 17.406057929992677 minutes, MSE: 0.0382998292990959
Total Time: 132.79672098557154 minutes
CellsPerSensor: 4
 Resulting Network Architecture: [17]
 MSE after 5-Fold CV: 0.02459272590609009
 Weights and Biases: 69
 Objective Function Value: 0.029222843186315066
~/workspace/SolarCellResearch
