/tmp/tmp.3XbEDKKe3P ~/workspace/SolarCellResearch
Using TensorFlow backend.
Genetically searching for best layer structure...
  Training on:     datasets/N1dataset10k44.mat
  Evaluating with: datasets/N1dataset100k44.mat
Gen 0 Train time: 10.006429493427277 minutes:
 Average MSE:        1.6466183406184178
 Average Error:      6.288249289256938
 Structure           |Error               |MSE                 |weights&biases
 [10, 18, 18, 15, 5] |30.797291388078627  |2.929778269324415   |941       
 [5, 13, 10, 14, 16] |6.583709069126869   |1.3160018975926604  |644       
 [18, 18, 3, 1, 0]   |5.509486616155884   |1.7488727643116326  |459       
 [4, 0, 0, 0, 0]     |1.4301061017945815  |1.3706000526432558  |17        
 [15, 20, 11, 0, 0]  |2.485638143368712   |0.5436386086165708  |608       
 [16, 19, 16, 7, 1]  |44.813604651442     |5.769075074225361   |820       
 [15, 11, 9, 0, 0]   |1.2842958311167645  |0.5503012501248918  |339       
 [9, 9, 11, 15, 2]   |21.09300417991434   |6.986232523563221   |442       
 [5, 11, 18, 0, 0]   |2.6566110110518286  |1.2056890804556692  |316       
 [19, 3, 0, 0, 0]    |0.9449085206291068  |0.6982576210322865  |121       
 [17, 17, 1, 10, 0]  |3.1617606568821084  |1.1458297446028467  |406       
 [17, 12, 0, 0, 0]   |1.1646433946875883  |0.5783447939595945  |280       
 [3, 15, 2, 11, 16]  |9.79283962811331    |4.154331265526621   |343       
 [9, 10, 0, 0, 0]    |0.9895957974562127  |0.7008518854646884  |138       
 [4, 19, 7, 14, 13]  |8.833783422458927   |2.135249275440998   |568       
 [6, 11, 0, 0, 0]    |1.2929312270087268  |0.9894677661900841  |107       
 [15, 14, 0, 0, 0]   |1.0581101308784193  |0.5202137061210372  |284       
 [13, 0, 0, 0, 0]    |0.7393124419919973  |0.6475659371620125  |53        
 [12, 12, 0, 0, 0]   |1.0143474896580318  |0.6075903068488818  |205       
 [14, 14, 13, 4, 0]  |2.683239876221269   |0.7535386060596378  |508       
 [11, 15, 6, 2, 0]   |2.3671246900454492  |1.0477824805821643  |326       
 [14, 4, 1, 9, 0]    |1.1619588127705727  |0.8291180053800653  |135       
 [17, 0, 0, 0, 0]    |0.7662452246292217  |0.6448400200491606  |69        
 [4, 12, 6, 0, 0]    |2.4702034552109664  |1.6682922822933608  |157       
 [3, 19, 0, 0, 0]    |2.1114804707319843  |1.6239952978893288  |105       
Gen 1 Train time: 9.256603507200877 minutes:
 Average MSE:        0.7891801287442837
 Average Error:      1.3502492317485788
 Structure           |Error               |MSE                 |weights&biases
 [13, 0, 0, 0, 0]    |0.7564034472887216  |0.662535998848238   |53        
 [17, 0, 0, 0, 0]    |0.6714044775510147  |0.5650260032283946  |69        
 [19, 3, 0, 0, 0]    |0.8072800330748449  |0.5965545056429487  |121       
 [18, 8, 0, 0, 0]    |0.8863430808350283  |0.5178077840187278  |215       
 [13, 14, 1, 5, 0]   |2.0394322806559324  |1.0488260334917083  |266       
 [13, 7, 0, 0, 0]    |0.9356046393141976  |0.6511193725356795  |145       
 [13, 15, 3, 1, 0]   |3.1094150918676813  |1.4578090167872437  |303       
 [17, 6, 0, 0, 0]    |0.7488086680831456  |0.4944685260763487  |166       
 [15, 1, 0, 0, 0]    |1.281933596133727   |1.0951261477627796  |63        
 [15, 9, 3, 1, 0]    |2.179951641966574   |1.2420990043365283  |225       
 [14, 6, 5, 0, 0]    |1.3890769491991297  |0.9013509921735319  |173       
 [12, 12, 7, 2, 0]   |2.6430960288346967  |1.2422831893044395  |302       
 [14, 12, 5, 0, 0]   |1.3981122559626837  |0.6720805618959116  |293       
 [19, 14, 0, 0, 0]   |1.3421871300267687  |0.5567162858140484  |352       
 [13, 0, 0, 0, 0]    |0.7092535086353969  |0.6212372292388635  |53        
 [11, 11, 0, 0, 0]   |0.9337535862043065  |0.599869767258264   |177       
 [16, 8, 0, 0, 0]    |0.9371282228824279  |0.578431492475573   |193       
 [12, 2, 0, 0, 0]    |1.0029485289959719  |0.8525223873144704  |65        
 [16, 8, 1, 5, 0]    |1.5931173055690269  |0.9447760784045481  |209       
 [17, 11, 0, 0, 0]   |1.0995073420889407  |0.572559973778922   |261       
 [11, 7, 13, 0, 0]   |1.3348468912865503  |0.7417942221621814  |235       
 [17, 7, 5, 0, 0]    |1.1573679338115177  |0.6627538692933495  |223       
 [9, 13, 5, 7, 8]    |2.3271355609884337  |0.9896916374581991  |342       
 [18, 2, 0, 0, 0]    |1.0494457850421883  |0.8275896833374649  |95        
 [16, 12, 5, 0, 0]   |1.4226768074155602  |0.6344734559687282  |323       
Gen 2 Train time: 9.767749293645222 minutes:
 Average MSE:        1.6466615781803795
 Average Error:      8.853988729354406
 Structure           |Error               |MSE                 |weights&biases
 [17, 0, 0, 0, 0]    |0.7063364060429479  |0.594423257194961   |69        
 [13, 0, 0, 0, 0]    |0.745113905857424   |0.6526474563838509  |53        
 [17, 6, 0, 0, 0]    |1.1118440568259484  |0.7341954165846136  |166       
 [16, 7, 13, 16, 0]  |2.0804111122921953  |0.5784318894945488  |512       
 [17, 7, 3, 0, 0]    |1.1489865816502993  |0.6882386133232399  |205       
 [18, 11, 20, 0, 0]  |2.2935155637183184  |0.6188364987216335  |524       
 [8, 7, 0, 0, 0]     |0.9763863164635087  |0.7699752135595885  |95        
 [19, 9, 0, 0, 0]    |0.9494532406376464  |0.5120315697154757  |247       
 [16, 9, 1, 3, 0]    |1.9766260414806087  |1.1375665456016448  |221       
 [13, 4, 17, 0, 0]   |1.2887587109143401  |0.7855898166980764  |198       
 [20, 3, 19, 12, 3]  |12.629738831329819  |3.7850316836913245  |482       
 [19, 3, 0, 0, 0]    |0.7975168082451269  |0.5893397901499998  |121       
 [16, 2, 0, 0, 0]    |0.8182708377742263  |0.6616213274273482  |85        
 [13, 10, 3, 4, 4]   |2.3250153309540758  |1.2351922586404112  |253       
 [7, 14, 13, 8, 2]   |22.438431819611324  |7.087092664001789   |461       
 [14, 12, 3, 0, 0]   |1.3695377878379535  |0.7060800248786816  |265       
 [19, 20, 11, 6, 1]  |46.84212939399964   |6.850235277142659   |769       
 [16, 4, 0, 0, 0]    |0.8140827272350984  |0.6015814822626392  |121       
 [16, 4, 3, 0, 0]    |1.1216229313322819  |0.8003362575282456  |135       
 [3, 10, 13, 13, 20] |19.85266716799131   |3.6723741646288106  |675       
 [18, 6, 1, 3, 0]    |1.4050425093210512  |0.8847656759881662  |185       
 [2, 20, 20, 20, 13] |94.72892877849627   |4.7995368883656635  |1193      
 [15, 0, 0, 0, 0]    |0.742953906791238   |0.6378696844752676  |61        
 [13, 1, 0, 0, 0]    |1.447740760710123   |1.2617558028498879  |55        
 [16, 5, 0, 0, 0]    |0.7386067063473409  |0.5217901952009606  |139       
Increasing Epochs
Gen 3 Train time: 10.577721881866456 minutes:
 Average MSE:        0.7608893779636393
 Average Error:      1.129173643269798
 Structure           |Error               |MSE                 |weights&biases
 [17, 0, 0, 0, 0]    |0.656315367044789   |0.5523276372110835  |69        
 [16, 5, 0, 0, 0]    |0.8677994735019807  |0.613058685742489   |139       
 [15, 0, 0, 0, 0]    |0.7537218413915554  |0.6471145904959109  |61        
 [17, 2, 2, 0, 0]    |0.9074663658408169  |0.7138383263512001  |96        
 [16, 6, 2, 0, 0]    |1.197223967754111   |0.78860124139618    |167       
 [18, 6, 0, 0, 0]    |0.8132887624805192  |0.5250986910559111  |175       
 [17, 5, 1, 2, 0]    |1.515357639734842   |1.0311260700350555  |154       
 [15, 3, 0, 0, 0]    |0.6507057907833335  |0.5105852443672265  |97        
 [18, 6, 1, 2, 0]    |1.6418796036940797  |1.041687178179351   |182       
 [18, 3, 0, 0, 0]    |0.6945307827680915  |0.5209929369024188  |115       
 [19, 5, 1, 2, 0]    |1.7596236096495044  |1.1503887491899627  |170       
 [15, 4, 10, 0, 0]   |1.0483123892435668  |0.6853549654647235  |170       
 [15, 3, 9, 0, 0]    |1.1068235347008861  |0.7819177151540789  |139       
 [19, 9, 0, 0, 0]    |0.9875084294104421  |0.5325543898072446  |247       
 [15, 1, 0, 0, 0]    |1.2707511349390757  |1.0855732304451124  |63        
 [15, 2, 9, 0, 0]    |0.8028600130802357  |0.6037621740593833  |114       
 [6, 14, 0, 0, 0]    |1.0550862719074243  |0.7604252504687592  |131       
 [16, 2, 0, 0, 0]    |0.8306696386130151  |0.6716465057555661  |85        
 [14, 1, 0, 0, 0]    |1.0574176923497616  |0.9124060083450773  |59        
 [10, 6, 14, 1, 13]  |2.530238947842972   |1.3577293978405942  |249       
 [16, 5, 2, 0, 0]    |0.9208628969692733  |0.6360716167468462  |148       
 [15, 9, 2, 0, 0]    |1.0326781461373413  |0.6078394888946699  |212       
 [9, 2, 0, 0, 0]     |0.7659917747694227  |0.6759853686392926  |50        
 [15, 2, 7, 14, 10]  |1.9552848871933222  |0.773395982181446   |371       
 [17, 7, 3, 0, 0]    |1.4069421199445964  |0.8427530043614031  |205       
Gen 4 Train time: 10.49439602692922 minutes:
 Average MSE:        0.9771557049978954
 Average Error:      2.0765333034037883
 Structure           |Error               |MSE                 |weights&biases
 [15, 3, 0, 0, 0]    |0.7644178623401906  |0.59981098457997    |97        
 [17, 0, 0, 0, 0]    |0.6536994830263911  |0.5501262183328305  |69        
 [18, 3, 0, 0, 0]    |0.7675599192707768  |0.5757747626327925  |115       
 [1, 3, 19, 11, 20]  |27.274232605341965  |6.625609686996389   |566       
 [16, 4, 6, 0, 0]    |0.9040021877192475  |0.6166686098039098  |153       
 [16, 4, 0, 0, 0]    |0.8507637894899109  |0.6286876313848102  |121       
 [18, 5, 2, 5, 0]    |1.5436694324400695  |0.9793779345953968  |182       
 [17, 7, 0, 0, 0]    |0.9561931488078678  |0.6021219088161656  |185       
 [16, 6, 1, 0, 0]    |1.5845381622927255  |1.0648063851073029  |159       
 [16, 3, 15, 0, 0]   |0.9072536740797986  |0.585766997765913   |175       
 [17, 3, 0, 0, 0]    |0.796236912215154   |0.6063132519803502  |109       
 [14, 3, 0, 0, 0]    |0.85041344748805    |0.6773733784672118  |91        
 [12, 9, 0, 0, 0]    |0.7905897798582763  |0.5259884338979576  |163       
 [17, 4, 2, 0, 0]    |1.0601793535062     |0.754604200631363   |136       
 [17, 6, 1, 0, 0]    |1.3301019752018097  |0.8739392728360746  |168       
 [15, 2, 5, 0, 0]    |1.0133596815201962  |0.7931612215971917  |98        
 [12, 10, 0, 0, 0]   |0.9801693360162796  |0.6296885604047612  |177       
 [13, 3, 6, 0, 0]    |0.855240791589798   |0.646377085313294   |112       
 [6, 4, 2, 0, 0]     |1.4828751872865926  |1.2795172998283757  |59        
 [15, 2, 0, 0, 0]    |0.912743382264936   |0.7472910767287153  |80        
 [10, 4, 7, 1, 7]    |1.4248213349726984  |1.0065679015812719  |139       
 [17, 4, 0, 0, 0]    |0.7734328030360352  |0.5616274851658226  |128       
 [18, 3, 1, 3, 0]    |1.2696667778704342  |0.9289080582443339  |125       
 [18, 3, 1, 0, 0]    |1.4460056285014     |1.0792917254085665  |117       
 [18, 5, 0, 0, 0]    |0.7211659289578991  |0.48949255284661347 |155       
Increasing Epochs
Gen 5 Train time: 12.273048055171966 minutes:
 Average MSE:        1.323239103452525
 Average Error:      3.759115278422888
 Structure           |Error               |MSE                 |weights&biases
 [17, 0, 0, 0, 0]    |0.6867788224555365  |0.5779644106178459  |69        
 [18, 5, 0, 0, 0]    |0.8854895872592411  |0.6010275044648203  |155       
 [15, 3, 0, 0, 0]    |0.8388835871331097  |0.6582415392621477  |97        
 [16, 5, 3, 0, 0]    |0.9704336478119949  |0.6586834243849531  |155       
 [15, 7, 0, 0, 0]    |0.7808789427248533  |0.5169365475229842  |165       
 [17, 2, 0, 0, 0]    |0.8897830417683228  |0.7105061900290579  |90        
 [2, 8, 5, 15, 9]    |6.916512752035735   |3.1155687038916917  |319       
 [20, 7, 11, 0, 0]   |1.27784037836584    |0.5931377868543649  |307       
 [15, 4, 3, 0, 0]    |0.8456370944601546  |0.614058561856035   |128       
 [17, 4, 4, 2, 0]    |1.2883144980902834  |0.872262187447679   |156       
 [15, 3, 3, 0, 0]    |0.717640716345139   |0.5464643371910838  |109       
 [16, 3, 6, 9, 0]    |1.1463991697482596  |0.7023143896588846  |196       
 [17, 4, 3, 0, 0]    |0.8890261658718435  |0.6233615378268759  |142       
 [14, 6, 0, 0, 0]    |0.8287916867188048  |0.5855015562105794  |139       
 [13, 3, 4, 0, 0]    |0.8659925593409573  |0.6710719213448483  |102       
 [18, 5, 8, 0, 0]    |1.0123401009656308  |0.604873812282851   |206       
 [13, 4, 7, 9, 4]    |1.904161070347681   |1.026896891927428   |247       
 [3, 18, 20, 14, 2]  |49.73330005507273   |6.9356496748802625  |788       
 [15, 6, 5, 0, 0]    |0.9093634652254254  |0.5769438026386304  |182       
 [12, 4, 0, 0, 0]    |0.7204944510688672  |0.5710276966003752  |93        
 [12, 7, 1, 0, 0]    |1.3226590549287145  |0.9390788282923831  |137       
 [18, 2, 0, 0, 0]    |0.7008256787949023  |0.5526689514173626  |95        
 [15, 6, 0, 0, 0]    |1.400810237845122   |0.9675877219879038  |148       
 [5, 12, 11, 2, 1]   |15.457683316270165  |8.089817578087416   |259       
 [17, 2, 3, 0, 0]    |0.9878418799228617  |0.7693320296346534  |100       
Result:  [17]
Fold 0
Fold 0 Train time: 18.68240881760915 minutes, MSE: 0.2876754049585163
Fold 1
Fold 1 Train time: 18.553337605794272 minutes, MSE: 0.10995081635333642
Fold 2
Fold 2 Train time: 18.582638053099313 minutes, MSE: 0.5314763555918602
Fold 3
Fold 3 Train time: 18.65612067778905 minutes, MSE: 0.7237926368913955
Fold 4
Fold 4 Train time: 18.56207849184672 minutes, MSE: 0.33346502173610754
Total Time: 155.41859335501988 minutes
CellsPerSensor: 1
 Resulting Network Architecture: [17]
 MSE after 5-Fold CV: 0.39727204710624314
 Weights and Biases: 69
 Objective Function Value: 0.47206717869437903
~/workspace/SolarCellResearch
