/tmp/tmp.tf8C7fZnqj ~/workspace/SolarCellResearch
Using TensorFlow backend.
Genetically searching for best layer structure...
  Training on:     datasets/N4dataset10k4.mat
  Evaluating with: datasets/N4dataset100k4.mat
Gen 0 Train time: 8.511684989929199 minutes:
 Average MSE:        0.9090334451797599
 Average Error:      2.2287270876350607
 Structure           |Error               |MSE                 |weights&biases
 [12, 20, 6, 0, 0]   |0.7912055554250634  |0.2707126163166561  |429       
 [17, 5, 15, 13, 14] |1.6433058145837791  |0.3235861008224846  |650       
 [1, 20, 0, 0, 0]    |2.2961911929004097  |1.9566850633089998  |64        
 [12, 1, 0, 0, 0]    |0.3530527305019605  |0.3107899941031695  |51        
 [9, 0, 0, 0, 0]     |0.5569697354195547  |0.507761019826322   |37        
 [12, 8, 0, 0, 0]    |0.48076583086207797 |0.33125229760321545 |149       
 [5, 0, 0, 0, 0]     |2.127363039140688   |2.0185576121430433  |21        
 [17, 0, 0, 0, 0]    |0.3604493975703616  |0.303339178222548   |69        
 [11, 0, 0, 0, 0]    |0.72190686902028    |0.6450940630159369  |45        
 [9, 17, 14, 20, 16] |5.599324516894245   |0.3561675433269622  |1102      
 [3, 4, 10, 14, 1]   |6.77661781541921    |3.6637167228973064  |246       
 [7, 14, 18, 0, 0]   |1.0396395542864165  |0.36199461993052073 |422       
 [4, 4, 12, 20, 0]   |1.32556346962555    |0.5217001033431895  |373       
 [3, 18, 13, 5, 0]   |5.722163810885968   |2.0841206641419867  |404       
 [13, 12, 19, 14, 9] |9.128873550887187   |1.0140399553813462  |879       
 [13, 20, 4, 14, 0]  |1.007023161634343   |0.29730361610565564 |488       
 [19, 10, 3, 0, 0]   |0.6169919742467029  |0.29585101979499134 |294       
 [16, 4, 0, 0, 0]    |0.33806096021097093 |0.2498163967064683  |121       
 [3, 14, 9, 3, 15]   |5.327195103768756   |2.4789246387038304  |306       
 [4, 19, 4, 3, 0]    |3.823977151324751   |2.2848286217230926  |206       
 [4, 15, 4, 0, 0]    |1.7235530322305457  |1.1669434290338476  |156       
 [11, 13, 18, 0, 0]  |0.8726496612736518  |0.2763129695454142  |460       
 [12, 18, 3, 0, 0]   |0.7718860652733066  |0.3374228714943826  |331       
 [9, 11, 12, 18, 0]  |1.2058156193900504  |0.31732023833506684 |534       
 [20, 13, 7, 3, 0]   |1.107631578100682   |0.35159477366756303 |459       
Gen 1 Train time: 8.426121898492177 minutes:
 Average MSE:        0.5600231915940146
 Average Error:      1.5470509634674523
 Structure           |Error               |MSE                 |weights&biases
 [16, 4, 0, 0, 0]    |0.32654124105858845 |0.2413036872592646  |121       
 [12, 1, 0, 0, 0]    |0.4383281130905696  |0.38585735192866627 |51        
 [17, 0, 0, 0, 0]    |0.30528266948131727 |0.2569131609325875  |69        
 [13, 2, 0, 0, 0]    |0.35907252126719214 |0.301425948943045   |70        
 [20, 17, 4, 18, 20] |3.144197155222139   |0.2713240491852363  |980       
 [17, 2, 13, 0, 0]   |0.3297046851836312  |0.23233896477336285 |140       
 [9, 15, 0, 0, 0]    |0.6440791841196658  |0.3975503828034091  |193       
 [3, 10, 3, 0, 0]    |2.9258757022908544  |2.3598400027055138  |86        
 [8, 6, 6, 10, 0]    |0.5233718607861636  |0.3166484684748881  |201       
 [14, 6, 0, 0, 0]    |0.47951309361332684 |0.33875299068873    |139       
 [12, 11, 3, 0, 0]   |0.46817518511597567 |0.2707897130470167  |219       
 [1, 12, 11, 20, 11] |15.839007400297303  |3.0955813394265133  |653       
 [14, 17, 2, 11, 6]  |0.8927345576044429  |0.2934740702731529  |445       
 [10, 2, 15, 9, 0]   |0.6243365626868316  |0.33334886567236455 |251       
 [17, 5, 8, 7, 7]    |0.6190281889352599  |0.2809427216813305  |316       
 [12, 1, 18, 0, 0]   |0.43603029671394755 |0.3362018517396888  |104       
 [4, 11, 11, 10, 19] |4.822740321352836   |1.2254918797716643  |548       
 [17, 2, 0, 0, 0]    |0.3331644014014578  |0.26603717803232335 |90        
 [4, 1, 0, 0, 0]     |0.7826775878803095  |0.7463695448888447  |19        
 [12, 13, 2, 0, 0]   |0.5383353354884629  |0.29841396479795956 |236       
 [12, 12, 18, 0, 0]  |1.0392636576443819  |0.3416434740851611  |445       
 [15, 9, 10, 0, 0]   |0.5163613911064211  |0.24391185028549495 |300       
 [13, 6, 6, 9, 0]    |0.7227828725512172  |0.39865997574966994 |238       
 [7, 11, 6, 10, 0]   |0.8595627228589997  |0.446493033684818   |262       
 [18, 10, 2, 12, 0]  |0.7061073789350188  |0.3212653190196575  |315       
Gen 2 Train time: 8.359878480434418 minutes:
 Average MSE:        0.6836349943847897
 Average Error:      1.6037336338703534
 Structure           |Error               |MSE                 |weights&biases
 [17, 0, 0, 0, 0]    |0.42555708828799577 |0.3581310950113664  |69        
 [16, 4, 0, 0, 0]    |0.3211547049422243  |0.2373232068084028  |121       
 [17, 2, 13, 0, 0]   |0.3306615855477764  |0.2330132810630235  |140       
 [13, 10, 17, 0, 0]  |0.6673491096967558  |0.25552322656471244 |384       
 [4, 8, 20, 9, 2]    |10.949451887499798  |3.608489988387201   |444       
 [12, 8, 7, 9, 4]    |3.696778082013606   |1.6610694661624226  |320       
 [15, 4, 4, 4, 4]    |0.540375006798261   |0.3497656488725671  |174       
 [13, 11, 2, 0, 0]   |0.5478081906947216  |0.31605783174619717 |220       
 [14, 1, 1, 5, 0]    |0.5083484683548802  |0.4214356824486035  |75        
 [15, 1, 9, 0, 0]    |0.3174417622481174  |0.2541168944488562  |89        
 [17, 2, 0, 0, 0]    |0.3720240615954707  |0.2970672469527208  |90        
 [15, 2, 7, 16, 0]   |0.5399592697249641  |0.2941217244160062  |243       
 [17, 3, 7, 0, 0]    |0.3961633003981055  |0.2784745021603342  |141       
 [15, 1, 2, 0, 0]    |0.4262497981836266  |0.3596119578088349  |68        
 [18, 2, 0, 0, 0]    |0.36542486816128467 |0.28817291491915886 |95        
 [17, 10, 0, 0, 0]   |0.5106980665735112  |0.2788791538901383  |242       
 [13, 4, 3, 5, 0]    |0.4150337981371459  |0.2954087404574682  |136       
 [12, 11, 0, 0, 0]   |0.4989078988017425  |0.30948867716567174 |191       
 [11, 14, 1, 0, 0]   |1.787872850117427   |1.0366833817969827  |218       
 [17, 3, 11, 4, 14]  |0.6313959252316371  |0.3119781404073417  |282       
 [14, 8, 2, 0, 0]    |0.5367192326683207  |0.3396701886989504  |183       
 [13, 2, 19, 0, 0]   |0.37276529402597475 |0.26006952082282975 |144       
 [1, 5, 19, 8, 20]   |10.786951012869675  |3.1846333481306783  |488       
 [15, 9, 8, 4, 4]    |3.670815794937395   |1.6086799322346057  |330       
 [15, 8, 8, 0, 0]    |0.47743378924841995 |0.2530091082446685  |254       
Increasing Epochs
Gen 3 Train time: 9.746922787030538 minutes:
 Average MSE:        0.47433264584902657
 Average Error:      1.0359899780821076
 Structure           |Error               |MSE                 |weights&biases
 [15, 1, 9, 0, 0]    |0.3111773057951817  |0.24910210304914787 |89        
 [16, 4, 0, 0, 0]    |0.3427526381492284  |0.25328339885990026 |121       
 [17, 2, 13, 0, 0]   |0.4119361696081738  |0.2902865124472279  |140       
 [17, 6, 7, 15, 0]   |0.5518282963705593  |0.2335128109740217  |344       
 [11, 13, 20, 12, 11]|2.4572593068814506  |0.2750084721358431  |876       
 [16, 3, 7, 8, 0]    |0.45507135189569936 |0.27601472728161847 |200       
 [16, 5, 9, 0, 0]    |0.38567962693847896 |0.2356875631161326  |197       
 [14, 7, 1, 0, 0]    |0.482068966182852   |0.3255731563808804  |157       
 [15, 4, 19, 2, 7]   |0.64794812007537    |0.32744189894497866 |273       
 [17, 10, 6, 0, 0]   |0.5010381633039785  |0.23431872762797906 |304       
 [16, 6, 5, 0, 0]    |0.3537344621483096  |0.21943290739859572 |191       
 [14, 5, 11, 0, 0]   |0.5489520233407572  |0.3371443067077299  |195       
 [17, 7, 4, 0, 0]    |0.46228427023310154 |0.2707457003925246  |214       
 [16, 1, 1, 2, 0]    |0.7929792709429124  |0.65904846908659    |74        
 [15, 2, 8, 8, 0]    |0.4931146130158012  |0.31285556419345195 |182       
 [8, 1, 5, 8, 0]     |0.5157018644801667  |0.4016290158885374  |100       
 [15, 5, 12, 9, 13]  |1.121530315136853   |0.3568977708035727  |458       
 [17, 1, 0, 0, 0]    |0.43359075138458053 |0.3630719848821327  |71        
 [16, 3, 8, 8, 0]    |0.49177767232186054 |0.28946278190550084 |212       
 [16, 6, 5, 19, 0]   |0.5281625808674104  |0.23791278444948158 |319       
 [14, 4, 4, 5, 2]    |2.6177333277912096  |1.7459674266481222  |162       
 [2, 8, 9, 20, 7]    |9.930384460439958   |3.09751195590806    |466       
 [16, 1, 1, 0, 0]    |0.36610945156711794 |0.30810244357864053 |69        
 [17, 2, 4, 0, 0]    |0.3359108692118525  |0.2590046083944532  |104       
 [18, 1, 0, 0, 0]    |0.3610235739698231  |0.299299055170539   |75        
Increasing Epochs
Gen 4 Train time: 10.704472577571869 minutes:
 Average MSE:        0.3451933835948791
 Average Error:      0.5465324491143378
 Structure           |Error               |MSE                 |weights&biases
 [15, 1, 9, 0, 0]    |0.3588511980540981  |0.287265769232604   |89        
 [17, 2, 4, 0, 0]    |0.3527258587456737  |0.27196983273977643 |104       
 [16, 4, 0, 0, 0]    |0.37228327992652754 |0.27510561257138744 |121       
 [17, 3, 5, 0, 0]    |0.35828948739226957 |0.25822757858278295 |131       
 [16, 4, 8, 8, 0]    |0.46340779782415786 |0.25623818940709897 |237       
 [16, 4, 3, 0, 0]    |0.3465812807588604  |0.2473037572817936  |135       
 [17, 1, 1, 0, 0]    |0.2998729338540241  |0.24984952361690885 |73        
 [17, 7, 5, 10, 0]   |0.6144959458306424  |0.29910728791132174 |288       
 [17, 1, 5, 0, 0]    |0.2944916620620614  |0.23811427143093064 |85        
 [16, 5, 6, 4, 0]    |0.5191889668293368  |0.31333343618170956 |202       
 [16, 4, 8, 4, 0]    |0.40123483792936004 |0.2451933018591926  |197       
 [15, 3, 10, 0, 0]   |0.37801402404756745 |0.2637314355008333  |144       
 [17, 2, 3, 0, 0]    |0.30674385959988754 |0.2388923580587375  |100       
 [8, 4, 2, 16, 5]    |3.8829596785329255  |2.302735275590396   |209       
 [16, 5, 3, 18, 0]   |0.4574134555232794  |0.249781790462163   |242       
 [16, 3, 9, 0, 0]    |0.40767683569047597 |0.2837162988489319  |145       
 [14, 1, 5, 0, 0]    |0.3439422846591416  |0.2865674299756234  |73        
 [16, 3, 12, 0, 0]   |0.29789260691151526 |0.19968338597860352 |160       
 [17, 1, 1, 1, 0]    |0.36392002456869127 |0.30170029705637175 |75        
 [17, 2, 13, 0, 0]   |0.3450287708407116  |0.24313766542173676 |140       
 [16, 6, 5, 10, 0]   |0.4742580718475205  |0.25007268832646135 |256       
 [17, 20, 4, 0, 0]   |0.9566867164461511  |0.2740953333542468  |500       
 [18, 2, 2, 0, 0]    |0.3692591427942987  |0.28686125922747013 |101       
 [18, 2, 7, 0, 0]    |0.3775726012114165  |0.27901425432519766 |121       
 [17, 4, 2, 0, 0]    |0.32051990597785435 |0.2281365569296987  |136       
Gen 5 Train time: 11.21390319665273 minutes:
 Average MSE:        0.28519994385114683
 Average Error:      0.7581467989121383
 Structure           |Error               |MSE                 |weights&biases
 [17, 1, 5, 0, 0]    |0.4370996434150747  |0.35342142594368686 |85        
 [16, 3, 12, 0, 0]   |0.37943776478921915 |0.25434473996116946 |160       
 [17, 1, 1, 0, 0]    |0.346521307412807   |0.28871623213031916 |73        
 [17, 2, 9, 0, 0]    |0.35632001361238114 |0.26134182942579826 |124       
 [16, 4, 8, 4, 0]    |0.5539947682925302  |0.338544397468992   |197       
 [17, 4, 3, 5, 0]    |0.3457164497201631  |0.22943480833302649 |164       
 [16, 6, 4, 14, 0]   |0.4484901311293592  |0.232382954575057   |263       
 [16, 4, 10, 10, 0]  |0.5806585792734655  |0.2833443495641042  |287       
 [14, 11, 5, 0, 0]   |0.4705536301089935  |0.237795233020229   |273       
 [15, 13, 4, 7, 5]   |0.8256161933287413  |0.3114161151015223  |390       
 [16, 13, 18, 3, 19] |1.4540134941313014  |0.2696387064754956  |674       
 [17, 5, 4, 2, 0]    |0.41167476935152647 |0.2638111860304638  |178       
 [12, 2, 9, 12, 0]   |0.45709472629013276 |0.2624054031023425  |222       
 [17, 12, 8, 0, 0]   |0.6241050561255492  |0.2413670281491238  |380       
 [17, 3, 10, 0, 0]   |0.28940500945107217 |0.1959436511630547  |156       
 [13, 8, 2, 19, 18]  |1.6589298638406074  |0.3655591185360252  |605       
 [17, 4, 7, 0, 0]    |0.368577134621622   |0.24338632853748013 |166       
 [15, 1, 9, 0, 0]    |0.3033485767437446  |0.242835087959691   |89        
 [17, 3, 5, 2, 0]    |0.39506327569433963 |0.2783963850670616  |140       
 [16, 1, 3, 0, 0]    |0.373914774255296   |0.30998623557549154 |75        
 [17, 5, 4, 2, 7]    |0.513669105944369   |0.308456027092043   |204       
 [6, 20, 20, 10, 19] |6.066522001041875   |0.4772501314940817  |1017      
 [17, 2, 3, 1, 0]    |0.3937789153864524  |0.3051457780821825  |102       
 [17, 1, 9, 0, 0]    |0.3760478831705398  |0.29507114127764134 |97        
 [16, 4, 9, 4, 8]    |0.5231169056722946  |0.2800043022125863  |250       
Gen 6 Train time: 11.39179939031601 minutes:
 Average MSE:        0.4959061649909073
 Average Error:      1.41241000687455
 Structure           |Error               |MSE                 |weights&biases
 [17, 3, 10, 0, 0]   |0.32783596295584094 |0.22196359242697775 |156       
 [15, 1, 9, 0, 0]    |0.3000024889311815  |0.24015649445183018 |89        
 [17, 4, 3, 5, 0]    |0.36700850790532596 |0.2435652880735269  |164       
 [15, 20, 8, 6, 3]   |1.2746481096689732  |0.27600677902025805 |612       
 [17, 2, 6, 0, 0]    |0.30346991401968965 |0.22935762703704837 |112       
 [15, 6, 7, 0, 0]    |0.5383792604971521  |0.3281803342907651  |198       
 [16, 4, 4, 7, 0]    |0.4908295548726662  |0.3137501375259783  |179       
 [17, 7, 6, 1, 0]    |0.6533992319754374  |0.36401254223708857 |234       
 [12, 5, 6, 16, 9]   |2.6123428201644248  |0.9326245701915361  |412       
 [17, 3, 9, 2, 0]    |0.36493563644256655 |0.24218962640876618 |164       
 [17, 2, 6, 20, 0]   |0.6321252591325094  |0.3250852869665445  |266       
 [17, 8, 9, 0, 0]    |0.4704755224902142  |0.23015291439547036 |286       
 [20, 4, 5, 7, 0]    |0.3374110456550016  |0.19515652075660167 |219       
 [16, 4, 11, 2, 4]   |0.501873490696245   |0.29540523077363356 |212       
 [17, 5, 4, 2, 4]    |0.43529086573511566 |0.2693507583218063  |192       
 [16, 11, 12, 19, 1] |18.507792706729802  |3.6626680995710394  |648       
 [16, 4, 10, 7, 12]  |0.7096300930404703  |0.2943424362081978  |352       
 [17, 6, 4, 8, 4]    |0.5153175860865775  |0.26369242908475676 |268       
 [17, 2, 7, 0, 0]    |0.31860108480214644 |0.2383975843484551  |116       
 [17, 5, 5, 8, 0]    |0.5361272792945609  |0.3031936148218458  |228       
 [16, 3, 12, 0, 0]   |0.3648219479769408  |0.24454746496271454 |160       
 [16, 1, 9, 1, 0]    |2.1207064681720134  |1.6723825274839093  |95        
 [17, 4, 5, 2, 4]    |0.4869404082409617  |0.31282431861657956 |177       
 [17, 9, 19, 4, 12]  |1.8443773983796716  |0.45938886235718035 |556       
 [17, 1, 5, 0, 0]    |0.2959075279982611  |0.23925908444017302 |85        
Result:  [17, 1, 5]
Fold 0
Fold 0 Train time: 18.935531504948933 minutes, MSE: 0.01713247609421365
Fold 1
Fold 1 Train time: 18.974137421449026 minutes, MSE: 0.027382364872491922
Fold 2
Fold 2 Train time: 18.97388073603312 minutes, MSE: 0.03170244821347778
Fold 3
Fold 3 Train time: 18.933948187033334 minutes, MSE: 0.016458699550044826
Fold 4
Fold 4 Train time: 19.049748833974203 minutes, MSE: 0.020761275206672584
Total Time: 163.2274923324585 minutes
CellsPerSensor: 4
 Resulting Network Architecture: [17, 1, 5]
 MSE after 5-Fold CV: 0.02268745278738015
 Weights and Biases: 85
 Objective Function Value: 0.028059072810544036
~/workspace/SolarCellResearch
