/tmp/tmp.iHTAbyB1ST ~/workspace/SolarCellResearch
Using TensorFlow backend.
Genetically searching for best layer structure...
  Training on:     datasets/N1dataset10k58.mat
  Evaluating with: datasets/N1dataset100k58.mat
Gen 0 Train time: 8.92978414297104 minutes:
 Average MSE:        1.7939212803847104
 Average Error:      4.608194379768059
 Structure           |Error               |MSE                 |weights&biases
 [10, 9, 4, 13, 0]   |1.967830046524939   |1.0585832276597604  |248       
 [4, 1, 2, 12, 0]    |3.046901696714776   |2.557743020900829   |70        
 [20, 20, 18, 0, 0]  |7.968769049608644   |0.889611910383277   |877       
 [17, 0, 0, 0, 0]    |0.7376483527767417  |0.6207740855076179  |69        
 [15, 2, 18, 18, 2]  |25.528297429216646  |7.062418382923392   |514       
 [3, 8, 10, 15, 13]  |13.05442722100998   |3.5755797359049217  |518       
 [20, 8, 7, 20, 0]   |2.4170538481999877  |0.7427092576059025  |472       
 [15, 9, 12, 0, 0]   |1.6341116031158638  |0.7305915684036576  |322       
 [14, 20, 1, 9, 0]   |3.2219942016041934  |1.212277091815534   |391       
 [20, 5, 15, 9, 3]   |8.561383152673406   |2.9001479715314207  |433       
 [4, 19, 0, 0, 0]    |2.36485602378734    |1.7215363901456064  |127       
 [7, 20, 14, 13, 14] |12.548988218548981  |1.3869957016370578  |881       
 [16, 16, 0, 0, 0]   |1.2389646904788127  |0.5335385798886799  |337       
 [18, 0, 0, 0, 0]    |0.7633335604923218  |0.6359978007973399  |73        
 [2, 11, 12, 0, 0]   |7.406893619517459   |4.537658530232539   |196       
 [5, 1, 6, 0, 0]     |1.6070038851136734  |1.454077246180012   |40        
 [4, 17, 1, 20, 0]   |4.510065042942215   |2.9046461491086886  |176       
 [6, 0, 0, 0, 0]     |1.609131015898489   |1.5116386961133597  |25        
 [4, 14, 0, 0, 0]    |1.4878701036402044  |1.167477731432665   |97        
 [8, 14, 2, 4, 0]    |1.793584602465283   |1.096053705385611   |197       
 [5, 2, 20, 3, 0]    |3.3235166685734385  |2.261489031567348   |154       
 [14, 19, 0, 0, 0]   |1.4959973935943565  |0.6283192620093411  |347       
 [6, 19, 4, 9, 13]   |3.3211187583967283  |1.162184822844186   |420       
 [8, 16, 8, 0, 0]    |1.7929515043224544  |0.8198475644889405  |313       
 [7, 0, 0, 0, 0]     |1.8021678049845489  |1.6761345451500695  |29        
Gen 1 Train time: 8.496602475643158 minutes:
 Average MSE:        1.0528788772144746
 Average Error:      1.8371552043049044
 Structure           |Error               |MSE                 |weights&biases
 [17, 0, 0, 0, 0]    |0.9196618818048805  |0.7739490795371304  |69        
 [18, 0, 0, 0, 0]    |0.6993295812874287  |0.5826706681735148  |73        
 [16, 16, 0, 0, 0]   |1.5112388531531027  |0.6507887091377057  |337       
 [17, 8, 0, 0, 0]    |1.0312073983348915  |0.6192354835386016  |204       
 [7, 7, 1, 2, 0]     |4.188699828328337   |3.3280627644068104  |92        
 [8, 8, 1, 0, 0]     |1.8891358015777409  |1.445737362180846   |107       
 [5, 10, 0, 0, 0]    |3.4295850276052815  |2.7661024473753613  |86        
 [17, 5, 6, 0, 0]    |1.1876174352851405  |0.7497234640143893  |184       
 [13, 7, 1, 2, 0]    |2.412450362292853   |1.6497817044124488  |152       
 [16, 10, 0, 0, 0]   |1.1506241714234409  |0.6490825029908578  |229       
 [18, 9, 15, 0, 0]   |1.6244232209092002  |0.6111901309881193  |391       
 [17, 5, 6, 4, 0]    |1.3292400456537905  |0.78631907953769    |210       
 [16, 10, 13, 0, 0]  |1.623210603598217   |0.6356584056505049  |375       
 [10, 15, 0, 0, 0]   |1.622924021259679   |0.9576522848649279  |211       
 [12, 15, 1, 2, 0]   |3.0722468492026365  |1.6280926342643103  |254       
 [16, 10, 8, 0, 0]   |1.4563982883929876  |0.6626332972839744  |315       
 [6, 11, 16, 7, 9]   |3.778664165547101   |1.1155756523442615  |488       
 [12, 0, 0, 0, 0]    |0.6860977965286117  |0.6069947719575755  |49        
 [16, 5, 6, 0, 0]    |1.1620227384002741  |0.748384965656544   |176       
 [11, 7, 0, 0, 0]    |0.8741370547849168  |0.639532331122032   |125       
 [18, 2, 0, 0, 0]    |1.1731313556521037  |0.9251277397796646  |95        
 [9, 17, 17, 5, 0]   |4.302227218449058   |0.9623595422340667  |599       
 [7, 0, 0, 0, 0]     |1.317212392042343   |1.2250941269150333  |29        
 [16, 13, 6, 7, 0]   |2.3361597093136943  |0.8382058463255488  |410       
 [11, 10, 0, 0, 0]   |1.1512343067948965  |0.7640169356699452  |164       
Gen 2 Train time: 8.590921270847321 minutes:
 Average MSE:        1.0351901855851862
 Average Error:      1.689739349664281
 Structure           |Error               |MSE                 |weights&biases
 [12, 0, 0, 0, 0]    |0.6666826713127081  |0.5898180960338484  |49        
 [18, 0, 0, 0, 0]    |0.8083050517375722  |0.6734673567174398  |73        
 [11, 7, 0, 0, 0]    |0.8313790357725672  |0.6082498961497994  |125       
 [14, 16, 2, 7, 3]   |7.688276219247901   |3.086990288698555   |365       
 [12, 7, 0, 0, 0]    |0.9174671523595685  |0.6546604982945218  |135       
 [7, 0, 0, 0, 0]     |1.2262309968842717  |1.1404754476951477  |29        
 [14, 8, 0, 0, 0]    |0.7446061034832685  |0.4855854898360471  |171       
 [6, 5, 4, 1, 20]    |2.3156154857895648  |1.6195940327845162  |143       
 [15, 4, 8, 0, 0]    |1.0101167452192625  |0.6804954885652512  |158       
 [18, 3, 3, 2, 0]    |1.3145875381453092  |0.9403745338797883  |134       
 [17, 6, 1, 18, 0]   |1.85401707226599    |1.0670039512402063  |221       
 [19, 3, 3, 2, 0]    |1.416161269352932   |0.997951979633946   |140       
 [17, 11, 3, 2, 0]   |1.7258314570776039  |0.8234182040156677  |296       
 [15, 3, 3, 2, 0]    |1.3301480244351855  |0.9953013061714525  |116       
 [12, 9, 0, 0, 0]    |1.0295620874356632  |0.6849794466962049  |163       
 [14, 4, 0, 0, 0]    |0.7484889677214426  |0.5728113695750803  |107       
 [15, 1, 0, 0, 0]    |1.4232176238267733  |1.2158218167541675  |63        
 [13, 3, 3, 2, 0]    |1.4483786627755844  |1.116774664777163   |104       
 [9, 12, 1, 0, 0]    |4.831291964203149   |3.2223597066103906  |162       
 [17, 11, 11, 4, 0]  |3.143603108554097   |1.0622291045246008  |434       
 [17, 5, 7, 0, 0]    |1.4716688761496255  |0.9129237175826562  |191       
 [15, 0, 0, 0, 0]    |0.702942754278325   |0.6035177536278604  |61        
 [14, 7, 3, 4, 0]    |1.247440711518827   |0.7718955945506855  |192       
 [16, 8, 7, 6, 0]    |1.573226884948848   |0.7394333353054173  |302       
 [12, 4, 0, 0, 0]    |0.774237277110983   |0.6136215599092415  |93        
Gen 3 Train time: 8.451212855180104 minutes:
 Average MSE:        1.0332075236021152
 Average Error:      1.509332587147148
 Structure           |Error               |MSE                 |weights&biases
 [12, 0, 0, 0, 0]    |0.7719627521609548  |0.6829600052332196  |49        
 [15, 0, 0, 0, 0]    |0.6865608193240113  |0.5894528976726192  |61        
 [14, 8, 0, 0, 0]    |1.0956153190811984  |0.7144917277727838  |171       
 [11, 0, 0, 0, 0]    |0.820511725229716   |0.7332071009367055  |45        
 [12, 2, 0, 0, 0]    |0.8990467224748729  |0.7642041799680501  |65        
 [12, 8, 0, 0, 0]    |0.9434858306020015  |0.6500708433928829  |149       
 [17, 8, 9, 2, 0]    |2.031285350660922   |0.9619130378448087  |299       
 [13, 6, 2, 1, 0]    |4.45281316713041    |3.1221943403612977  |142       
 [17, 2, 2, 1, 0]    |1.5937660523312918  |1.2474479220555288  |98        
 [11, 5, 6, 16, 5]   |3.977751382898551   |1.7344956516774144  |332       
 [10, 0, 0, 0, 0]    |0.8872003035505347  |0.8007676084388755  |41        
 [11, 5, 6, 1, 10]   |2.012796428973616   |1.3258118825870302  |167       
 [16, 5, 1, 9, 0]    |1.4056280726966512  |0.9258752521880365  |167       
 [13, 4, 0, 0, 0]    |0.8724251392862712  |0.6794453816473275  |100       
 [14, 8, 2, 2, 0]    |1.9407222224459326  |1.209927188987595   |189       
 [12, 7, 0, 0, 0]    |0.8414269604987967  |0.6004018692352067  |135       
 [13, 6, 5, 0, 0]    |1.076389400190249   |0.7143460946803414  |164       
 [14, 0, 0, 0, 0]    |0.844411768658399   |0.7322633764784744  |57        
 [14, 2, 2, 1, 0]    |1.9857673284852488  |1.6136608262075018  |83        
 [13, 2, 0, 0, 0]    |1.1962755302518697  |1.0042218926443385  |70        
 [17, 2, 19, 1, 9]   |2.7475486002100387  |1.7001374419901822  |192       
 [13, 0, 0, 0, 0]    |0.8342589131072785  |0.7307298297949172  |53        
 [14, 6, 4, 3, 0]    |1.320728597053989   |0.8442417023312337  |179       
 [13, 2, 20, 0, 0]   |1.4176170622021336  |0.9791967725602838  |148       
 [12, 2, 18, 0, 0]   |1.077319229173763   |0.7687232633662258  |135       
Increasing Epochs
Gen 4 Train time: 9.514241329828899 minutes:
 Average MSE:        0.8914998592389629
 Average Error:      1.2275427945179533
 Structure           |Error               |MSE                 |weights&biases
 [15, 0, 0, 0, 0]    |0.6306074512904623  |0.5414136359006003  |61        
 [12, 0, 0, 0, 0]    |0.9223268940098867  |0.8159880494187293  |49        
 [11, 0, 0, 0, 0]    |0.708444433887163   |0.6330640666953631  |45        
 [14, 1, 1, 1, 0]    |2.488439406536133   |2.125816087073463   |63        
 [14, 6, 0, 0, 0]    |0.8447384360851017  |0.5967671694160298  |139       
 [13, 0, 0, 0, 0]    |0.6708306161698631  |0.5875825049914551  |53        
 [13, 7, 3, 0, 0]    |1.078818576054874   |0.7141705578120197  |165       
 [6, 1, 1, 1, 0]     |2.288691489300261   |2.1180169547050474  |31        
 [13, 9, 1, 1, 0]    |2.3390104570311867  |1.4951521261970862  |179       
 [14, 0, 0, 0, 0]    |0.6382595297007347  |0.553490720564905   |57        
 [12, 7, 1, 0, 0]    |1.5745502277047407  |1.1179198277973188  |137       
 [15, 6, 2, 5, 0]    |1.2359615240731754  |0.7960042365605527  |176       
 [14, 2, 0, 0, 0]    |0.8103372901365754  |0.6717932090706203  |75        
 [13, 3, 9, 0, 0]    |1.2106825894744047  |0.8813365861309309  |127       
 [14, 7, 3, 3, 0]    |1.4227677972906403  |0.8914589644681961  |187       
 [13, 5, 3, 0, 0]    |1.1128399495864363  |0.8020496711288434  |131       
 [13, 8, 20, 0, 0]   |1.4621602075794053  |0.6064790682447312  |352       
 [12, 8, 0, 0, 0]    |0.7872096558219196  |0.5423950506608601  |149       
 [12, 17, 0, 0, 0]   |1.1090840319512405  |0.5576824738884157  |275       
 [13, 8, 0, 0, 0]    |1.1687944204188372  |0.7834663297013532  |160       
 [12, 1, 0, 0, 0]    |1.423760027079966   |1.2533265775664464  |51        
 [12, 4, 6, 0, 0]    |0.8586677213488209  |0.6282147250107973  |125       
 [14, 5, 0, 0, 0]    |0.8451958525301635  |0.6214580300878867  |123       
 [12, 4, 0, 0, 0]    |0.9334544926530989  |0.7398091241788374  |93        
 [13, 8, 7, 1, 0]    |2.122936785233749   |1.2126407337035823  |224       
Gen 5 Train time: 9.684840329488118 minutes:
 Average MSE:        0.9308226403986118
 Average Error:      1.4404777062230736
 Structure           |Error               |MSE                 |weights&biases
 [15, 0, 0, 0, 0]    |0.802262938506198   |0.6887899811460885  |61        
 [14, 0, 0, 0, 0]    |0.7759624742054217  |0.6729050002287666  |57        
 [13, 0, 0, 0, 0]    |0.6618286417339968  |0.579697649170331   |53        
 [14, 5, 5, 0, 0]    |0.7971380919038213  |0.5437708510377365  |153       
 [12, 2, 14, 19, 7]  |4.236624875269857   |1.10657198211285    |537       
 [14, 3, 1, 0, 0]    |1.7729155459049515  |1.4051237715199756  |93        
 [12, 14, 0, 0, 0]   |1.0612056691272087  |0.5926837576589661  |233       
 [12, 4, 0, 0, 0]    |0.8763384638596186  |0.6945418298748812  |93        
 [14, 3, 0, 0, 0]    |0.8771072369483545  |0.6986355802870777  |91        
 [18, 19, 0, 0, 0]   |2.0883325635056242  |0.7038893778175934  |435       
 [18, 1, 8, 4, 9]    |2.4627321037774585  |1.570307319271222   |180       
 [13, 4, 2, 0, 0]    |1.037736235309197   |0.7921865625653646  |108       
 [12, 4, 3, 0, 0]    |1.0211893837622188  |0.781506361127908   |107       
 [12, 2, 0, 0, 0]    |0.9616923321834361  |0.8174539562023092  |65        
 [10, 8, 4, 1, 0]    |2.028224629495266   |1.3561649730318757  |161       
 [16, 0, 0, 0, 0]    |0.7027054347999979  |0.5973109262688326  |65        
 [13, 5, 5, 0, 0]    |1.2801746655518944  |0.8909174772596428  |145       
 [14, 14, 0, 0, 0]   |1.2831182452831684  |0.6582261224884622  |267       
 [15, 3, 0, 0, 0]    |0.8526915415108186  |0.6690761404905567  |97        
 [14, 5, 1, 1, 0]    |4.334481475278959   |3.1553580924365647  |127       
 [14, 5, 12, 2, 0]   |1.4701652340447962  |0.8524632311127771  |218       
 [13, 4, 0, 0, 0]    |0.7233427287309984  |0.5633398835647083  |100       
 [14, 5, 6, 2, 0]    |1.4438821401116742  |0.9439665164936333  |170       
 [13, 3, 0, 0, 0]    |0.8713141688104018  |0.7045100599487019  |85        
 [13, 4, 1, 0, 0]    |1.5887758359614974  |1.2311686068484724  |102       
Increasing Epochs
Gen 6 Train time: 10.773630567391713 minutes:
 Average MSE:        0.9127924039072447
 Average Error:      1.25459607745095
 Structure           |Error               |MSE                 |weights&biases
 [13, 0, 0, 0, 0]    |0.6172144330863227  |0.5406199329130068  |53        
 [16, 0, 0, 0, 0]    |0.5912563866698404  |0.5025774421178939  |65        
 [13, 4, 0, 0, 0]    |0.9555975209889714  |0.7442200976473042  |100       
 [14, 2, 0, 0, 0]    |0.7329760672127811  |0.6076585026487498  |75        
 [13, 3, 3, 0, 0]    |1.1252278061359398  |0.8829254672424106  |97        
 [12, 3, 10, 12, 0]  |1.4689325782887408  |0.7668500488423077  |260       
 [14, 4, 3, 0, 0]    |1.0609721286108782  |0.7840249699644548  |121       
 [14, 3, 0, 0, 0]    |1.0729169596903128  |0.8546024147982548  |91        
 [13, 9, 0, 0, 0]    |0.8185032316351729  |0.5284654053817169  |175       
 [14, 2, 14, 0, 0]   |0.8982013648885624  |0.6505995225868004  |129       
 [15, 2, 0, 0, 0]    |0.812066096515662   |0.664863486749365   |80        
 [14, 0, 0, 0, 0]    |0.6582498622058512  |0.570826088119506   |57        
 [15, 3, 0, 0, 0]    |0.7321911347448229  |0.5745238397327901  |97        
 [12, 20, 0, 0, 0]   |1.5052344014643626  |0.6814370748309315  |317       
 [13, 17, 0, 0, 0]   |1.4614505450240838  |0.6990237686684215  |295       
 [1, 4, 0, 0, 0]     |6.482064175883201   |6.227898804096187   |16        
 [14, 19, 0, 0, 0]   |1.1821989651278275  |0.49652384723254067 |347       
 [14, 3, 3, 0, 0]    |1.0495874882595972  |0.8113118436331875  |103       
 [13, 4, 1, 0, 0]    |1.3154150338651782  |1.0193368114081607  |102       
 [14, 4, 0, 0, 0]    |0.8153810675564943  |0.6240032467739021  |107       
 [14, 2, 2, 0, 0]    |1.137748427987112   |0.9291837617343246  |81        
 [14, 15, 3, 12, 0]  |2.037354660303365   |0.7958474408118985  |376       
 [15, 3, 3, 0, 0]    |0.827832820300359   |0.6303726964578958  |109       
 [15, 5, 3, 0, 0]    |1.0063693647512162  |0.6968738783139282  |147       
 [13, 14, 0, 0, 0]   |0.9999594150770942  |0.5352397049751794  |250       
Gen 7 Train time: 10.89869590997696 minutes:
 Average MSE:        0.8480956511131208
 Average Error:      1.409352221839539
 Structure           |Error               |MSE                 |weights&biases
 [16, 0, 0, 0, 0]    |0.5684318999407345  |0.4831762611470179  |65        
 [13, 0, 0, 0, 0]    |0.7268563912813844  |0.636655645797211   |53        
 [14, 0, 0, 0, 0]    |0.5732522012510658  |0.49711717439556324 |57        
 [14, 2, 20, 10, 0]  |1.5882779919181211  |0.6571456506284571  |353       
 [15, 1, 1, 0, 0]    |1.801699824638864   |1.5314738406993127  |65        
 [3, 10, 2, 3, 16]   |3.419826206445098   |2.286654272703251   |161       
 [14, 6, 0, 0, 0]    |0.8504207230752929  |0.6007814325039762  |139       
 [14, 12, 0, 0, 0]   |0.8834125224832157  |0.4909254456383138  |235       
 [14, 1, 0, 0, 0]    |1.0216329883878124  |0.8815287314298613  |59        
 [14, 1, 10, 0, 0]   |1.333218267558906   |1.0699327215029912  |88        
 [14, 3, 2, 6, 16]   |1.5205842278126287  |0.8303521603601665  |242       
 [14, 1, 1, 0, 0]    |1.6868443009938545  |1.4482551773379315  |61        
 [16, 1, 0, 0, 0]    |1.451447609438919   |1.2276004492832284  |67        
 [14, 3, 8, 0, 0]    |1.2291184873499714  |0.8925232060386532  |128       
 [10, 8, 11, 17, 18] |7.2726413281156645  |1.076935539437505   |764       
 [15, 4, 2, 0, 0]    |0.906090027173813   |0.6679001383329627  |122       
 [14, 3, 0, 0, 0]    |0.8436072338033072  |0.671952076661811   |91        
 [15, 0, 0, 0, 0]    |0.6080296902282933  |0.5220292983350528  |61        
 [14, 8, 16, 0, 0]   |1.5473817260503941  |0.690088308400515   |323       
 [14, 3, 3, 0, 0]    |1.0248263755518052  |0.7921719584629869  |103       
 [15, 1, 0, 0, 0]    |1.105780116863863   |0.944642314786073   |63        
 [14, 4, 0, 0, 0]    |0.7684960474871623  |0.5881225942637851  |107       
 [14, 4, 3, 19, 0]   |1.004187913369413   |0.5895941668648789  |213       
 [14, 2, 0, 0, 0]    |0.8372325248329765  |0.6940901417742327  |75        
 [14, 8, 0, 0, 0]    |0.6605089199359107  |0.4307425710422807  |171       
Gen 8 Train time: 11.20102223555247 minutes:
 Average MSE:        1.0496095597675785
 Average Error:      1.9652561543425653
 Structure           |Error               |MSE                 |weights&biases
 [16, 0, 0, 0, 0]    |0.7101940371456411  |0.6036763587559291  |65        
 [14, 0, 0, 0, 0]    |0.642800928234776   |0.5574289648527067  |57        
 [15, 0, 0, 0, 0]    |0.6857107958014286  |0.5887231024172337  |61        
 [15, 2, 2, 0, 0]    |1.0557048208128277  |0.8514696865805249  |86        
 [14, 2, 12, 15, 0]  |1.6455609715968966  |0.7412490148223769  |319       
 [14, 7, 1, 3, 8]    |1.8968713433483921  |1.1447724315785348  |202       
 [15, 6, 1, 0, 0]    |2.0437788627917914  |1.4046673006164039  |150       
 [14, 8, 4, 0, 0]    |0.9849659204754765  |0.5929481996053384  |203       
 [14, 3, 0, 0, 0]    |1.1066208433174205  |0.8814483137987883  |91        
 [14, 6, 4, 0, 0]    |1.1390612651555194  |0.7540508081470079  |165       
 [16, 1, 0, 0, 0]    |3.073512392400786   |2.5995049144400793  |67        
 [2, 6, 1, 7, 17]    |8.07101267978588    |4.907570247453317   |199       
 [15, 4, 0, 0, 0]    |0.8046128793491961  |0.6050803544795571  |114       
 [14, 4, 2, 0, 0]    |1.1940069127350021  |0.8956682462198537  |115       
 [14, 15, 0, 0, 0]   |0.9718191572859225  |0.4789852171216074  |283       
 [14, 1, 1, 0, 0]    |1.7393562850737123  |1.49333980830899    |61        
 [15, 18, 0, 0, 0]   |1.5198674865581792  |0.6304150614447683  |352       
 [15, 2, 2, 10, 0]   |1.170627447534698   |0.8585931382669332  |124       
 [14, 2, 0, 0, 0]    |0.9175307316973126  |0.7606596934024406  |75        
 [14, 4, 8, 0, 0]    |0.8888738272105485  |0.6093880755252197  |151       
 [14, 6, 2, 10, 19]  |4.379483710028524   |1.5911083407052682  |405       
 [19, 11, 18, 17, 7] |9.045707825623413   |0.8413818929492634  |950       
 [14, 2, 2, 0, 0]    |0.8416970393653257  |0.6874025944925115  |81        
 [14, 17, 7, 0, 0]   |1.7559562511352294  |0.5978075383669629  |431       
 [10, 11, 0, 0, 0]   |0.8460694441002333  |0.5628996898378493  |163       
Result:  [14]
Fold 0
Fold 0 Train time: 18.749637337525687 minutes, MSE: 0.3038273594590113
Fold 1
Fold 1 Train time: 18.609386114279427 minutes, MSE: 0.1592633144898816
Fold 2
Fold 2 Train time: 18.595179200172424 minutes, MSE: 0.3251399393078535
Fold 3
Fold 3 Train time: 18.530682150522868 minutes, MSE: 0.1539085120538006
Fold 4
Fold 4 Train time: 18.54201717376709 minutes, MSE: 0.44623664619657993
Total Time: 179.57333210309346 minutes
CellsPerSensor: 1
 Resulting Network Architecture: [14]
 MSE after 5-Fold CV: 0.2776751543014254
 Weights and Biases: 57
 Objective Function Value: 0.3202019596880017
~/workspace/SolarCellResearch
