/tmp/tmp.Vtyr1NCvOk ~/workspace/SolarCellResearch
Using TensorFlow backend.
Genetically searching for best layer structure...
  Training on:     datasets/N7dataset10k6.mat
  Evaluating with: datasets/N7dataset100k6.mat
Gen 0 Train time: 8.267649531364441 minutes:
 Average MSE:        0.8970322414420334
 Average Error:      1.3498981098569127
 Structure           |Error               |MSE                 |weights&biases
 [8, 18, 6, 8, 0]    |0.5655546151691814  |0.22708101985007753 |365       
 [14, 4, 2, 17, 0]   |0.34898049040651685 |0.22196418038255405 |181       
 [3, 5, 9, 0, 0]     |0.805044361622572   |0.6380377070170064  |93        
 [10, 7, 15, 2, 0]   |1.6877492773500897  |0.8766879657565305  |262       
 [18, 6, 8, 7, 7]    |0.5460652055394588  |0.22706547060953305 |351       
 [2, 0, 0, 0, 0]     |3.5367700105491062  |3.4580812534826775  |9         
 [1, 0, 0, 0, 0]     |2.3644183749678342  |2.335047098198051   |5         
 [4, 1, 18, 0, 0]    |1.257935130766113   |1.0507157426166773  |72        
 [11, 0, 0, 0, 0]    |0.47140215542080194 |0.42124371550526474 |45        
 [10, 11, 16, 2, 0]  |2.8012696501157195  |1.0833658914577857  |380       
 [20, 17, 4, 13, 12] |1.2014425762703742  |0.19128763940099164 |735       
 [14, 13, 17, 0, 0]  |0.736796966042439   |0.21482255616130633 |493       
 [6, 0, 0, 0, 0]     |2.45498481842316    |2.3062448074354855  |25        
 [19, 8, 19, 12, 19] |1.6524471292085152  |0.1763573927653666  |895       
 [14, 7, 16, 14, 0]  |0.8116342980869522  |0.21681617330529898 |528       
 [11, 8, 10, 19, 0]  |0.8285819200748837  |0.27034953871039674 |448       
 [1, 15, 0, 0, 0]    |3.9113644639565717  |3.4604072376484822  |49        
 [3, 4, 0, 0, 0]     |3.727686245188043   |3.458336633049748   |30        
 [19, 12, 19, 16, 0] |1.4547481144995045  |0.16078821229531234 |881       
 [18, 3, 12, 0, 0]   |0.2630914455808907  |0.1711433780942739  |172       
 [15, 8, 9, 0, 0]    |0.34115869831805606 |0.1763283284991383  |264       
 [8, 9, 20, 8, 0]    |0.8979929087505828  |0.2691212903721783  |482       
 [12, 0, 0, 0, 0]    |0.334311724519241   |0.29576755677401173 |49        
 [20, 0, 0, 0, 0]    |0.38762701317125803 |0.31656974194684634 |81        
 [11, 15, 0, 0, 0]   |0.3583951524249529  |0.20217550471583917 |229       
Gen 1 Train time: 8.559230200449626 minutes:
 Average MSE:        0.4473700913178187
 Average Error:      0.9042577236563113
 Structure           |Error               |MSE                 |weights&biases
 [18, 3, 12, 0, 0]   |0.33707003014218867 |0.21926712016615615 |172       
 [12, 0, 0, 0, 0]    |0.4458332941890127  |0.3944313479894248  |49        
 [15, 8, 9, 0, 0]    |0.3754626195216226  |0.19405835595149973 |264       
 [15, 9, 6, 0, 0]    |0.4383146434228884  |0.23111999082401927 |256       
 [17, 2, 1, 9, 0]    |0.2700054630873112  |0.2010275960568638  |118       
 [17, 2, 1, 9, 10]   |0.5503857810544693  |0.3183398276010255  |219       
 [19, 2, 6, 0, 0]    |0.2511920248552581  |0.18515951298157346 |122       
 [20, 7, 0, 0, 0]    |0.2585212393913338  |0.1510299036405715  |215       
 [15, 2, 6, 0, 0]    |0.3365175081991173  |0.26077296895624935 |102       
 [14, 4, 5, 0, 0]    |0.3574384207766706  |0.256329338892419   |133       
 [15, 11, 13, 0, 0]  |0.5311997502520479  |0.19986419841726272 |391       
 [13, 12, 5, 0, 0]   |0.4283935455647119  |0.21380027227310378 |278       
 [2, 5, 7, 4, 4]     |3.918667270181265   |2.9030201145393693  |120       
 [16, 4, 5, 9, 0]    |0.27259662067197815 |0.1632843439637175  |205       
 [3, 16, 11, 8, 8]   |5.9866962796343275  |2.007800251788624   |437       
 [9, 2, 18, 15, 0]   |0.6489107846058147  |0.2375303111714225  |402       
 [18, 4, 5, 0, 0]    |0.2810124068620427  |0.1878979170411332  |161       
 [16, 8, 7, 8, 13]   |0.695808731956987   |0.23045942398314773 |442       
 [16, 5, 5, 12, 4]   |1.2360611054986186  |0.5956689590406186  |292       
 [15, 19, 6, 0, 0]   |0.7077330806473697  |0.21530745241636545 |476       
 [16, 15, 7, 9, 0]   |0.7893671923681387  |0.22786004486164707 |497       
 [13, 11, 9, 4, 0]   |0.5303113688750126  |0.2232884252407441  |346       
 [12, 13, 8, 4, 3]   |2.211462723538858   |0.8725408229207428  |372       
 [14, 0, 0, 0, 0]    |0.363610720913482   |0.31531869178340616 |57        
 [16, 7, 7, 9, 0]    |0.38387048519725886 |0.17907509044436076 |305       
Gen 2 Train time: 8.678085068861643 minutes:
 Average MSE:        0.26473138724291007
 Average Error:      0.5251309168115559
 Structure           |Error               |MSE                 |weights&biases
 [19, 2, 6, 0, 0]    |0.23049418255073414 |0.169902649619437   |122       
 [20, 7, 0, 0, 0]    |0.27518175451655064 |0.16076309229419256 |215       
 [17, 2, 1, 9, 0]    |0.32461744927474995 |0.24168794482766387 |118       
 [17, 3, 6, 0, 0]    |0.23748785656577143 |0.1690368083200195  |136       
 [18, 3, 7, 5, 0]    |0.27810608403198206 |0.17512546118898537 |185       
 [18, 3, 6, 5, 9]    |0.3470493781437638  |0.19334324290216057 |234       
 [16, 3, 3, 5, 8]    |0.3502050152751201  |0.21887892891092794 |188       
 [17, 4, 0, 0, 0]    |0.24373462893097572 |0.17698766609974137 |128       
 [15, 2, 6, 0, 0]    |0.22601311155368228 |0.1751412888984666  |102       
 [15, 6, 7, 15, 0]   |0.5099866282052666  |0.22574013807206264 |326       
 [16, 3, 3, 5, 0]    |0.3254929184389689  |0.2310977325003903  |137       
 [16, 3, 12, 0, 0]   |0.2662662319335017  |0.17848359284740106 |160       
 [16, 6, 4, 5, 5]    |0.32512173703149283 |0.17887722697161526 |239       
 [15, 6, 7, 0, 0]    |0.35157797113696937 |0.21431170285135806 |198       
 [17, 3, 3, 9, 0]    |0.29503428504427764 |0.19628968839498798 |163       
 [17, 10, 3, 0, 0]   |0.45921320310314145 |0.23498333506071117 |268       
 [17, 9, 4, 9, 0]    |0.49151992351231705 |0.22758014792153802 |308       
 [17, 3, 3, 9, 15]   |0.4718210086068646  |0.21253351522000705 |319       
 [16, 2, 4, 5, 0]    |0.2550597618286863  |0.18660570806927498 |125       
 [17, 4, 5, 0, 0]    |0.30799661975906095 |0.20957649586391547 |154       
 [15, 8, 5, 5, 17]   |0.49923768180689904 |0.1989557222269412  |368       
 [19, 3, 9, 15, 0]   |0.4077822031176624  |0.18368699886564308 |319       
 [2, 10, 16, 7, 7]   |4.813899045332268   |1.7932101043248856  |395       
 [15, 7, 6, 0, 0]    |0.3672710899726877  |0.21617758877711032 |212       
 [14, 7, 6, 7, 0]    |0.4681031506155025  |0.24930790004331332 |252       
Gen 3 Train time: 8.684509901205699 minutes:
 Average MSE:        0.5777713078540091
 Average Error:      1.888774000718862
 Structure           |Error               |MSE                 |weights&biases
 [15, 2, 6, 0, 0]    |0.23669487415118495 |0.18341876296257503 |102       
 [19, 2, 6, 0, 0]    |0.28954394000926587 |0.21342960609427708 |122       
 [17, 3, 6, 0, 0]    |0.29195855411205573 |0.20780743429364276 |136       
 [17, 2, 6, 0, 0]    |0.2251368131804871  |0.17015474300496722 |112       
 [16, 8, 5, 5, 0]    |0.32759151405905657 |0.1688933496037513  |265       
 [4, 10, 6, 19, 13]  |4.517841603288797   |1.1859383981775686  |535       
 [17, 3, 2, 7, 0]    |0.2572988342974224  |0.1804111095778756  |142       
 [19, 6, 0, 0, 0]    |0.24031343746812292 |0.15170594286917732 |184       
 [18, 3, 7, 5, 0]    |0.3144053704219141  |0.19798339071611096 |185       
 [17, 4, 2, 5, 8]    |0.3196825715768109  |0.1914886503283773  |205       
 [4, 19, 19, 13, 7]  |24.18808701682011   |2.8672696626995444  |853       
 [17, 3, 5, 3, 4]    |1.2807559529475745  |0.8499740085372378  |164       
 [15, 7, 7, 8, 0]    |0.4045235577761574  |0.19788973349988379 |286       
 [18, 3, 3, 0, 0]    |1.1564538331342469  |0.8418598583754673  |127       
 [16, 5, 7, 0, 0]    |0.31048903597890964 |0.19649728018053997 |183       
 [16, 3, 7, 0, 0]    |0.3033923209073726  |0.21648618969424463 |135       
 [17, 5, 5, 5, 7]    |0.3436239296964089  |0.18346938819220665 |251       
 [2, 20, 13, 3, 13]  |3.728326291429416   |1.2195225351591     |447       
 [17, 4, 3, 0, 0]    |0.29102974676645266 |0.20406232961635248 |142       
 [17, 3, 8, 8, 0]    |0.3130238805491098  |0.18150432512555487 |218       
 [17, 3, 5, 3, 2]    |4.085706630866421   |2.780121676318359   |154       
 [4, 6, 0, 0, 0]     |0.6413856898730114  |0.567437707176903   |49        
 [16, 3, 6, 0, 0]    |0.2855180630836642  |0.20629461053685008 |130       
 [10, 13, 2, 8, 16]  |2.40606068745805    |0.9166686994747975  |386       
 [16, 14, 4, 11, 0]  |0.46050586811952504 |0.16399330413486274 |413       
Gen 4 Train time: 8.698627444108327 minutes:
 Average MSE:        0.37651420893375154
 Average Error:      0.6904334948039766
 Structure           |Error               |MSE                 |weights&biases
 [17, 2, 6, 0, 0]    |0.21022857028703562 |0.15888733541242375 |112       
 [15, 2, 6, 0, 0]    |0.2549610610060035  |0.1975735325112138  |102       
 [19, 6, 0, 0, 0]    |0.3343574428079227  |0.21107438539815893 |184       
 [18, 3, 6, 0, 0]    |0.26661965352753    |0.18694662049097477 |142       
 [17, 3, 14, 15, 4]  |4.6323818278787625  |1.4852322680564873  |455       
 [17, 3, 4, 3, 4]    |0.33538340752266743 |0.22650666656586385 |157       
 [17, 5, 4, 3, 4]    |0.36362644193230803 |0.21999989789646363 |201       
 [18, 1, 4, 0, 0]    |0.2164282635148077  |0.17455836335031102 |86        
 [18, 4, 6, 5, 4]    |1.5108279799308868  |0.8629986360529178  |224       
 [17, 6, 7, 7, 0]    |0.3845791970800922  |0.19483435615108963 |272       
 [12, 4, 3, 0, 0]    |0.25733103984450423 |0.19693295656211615 |107       
 [1, 4, 3, 3, 4]     |2.1153398006447595  |1.8252472582625896  |59        
 [19, 6, 19, 0, 0]   |0.35365601203220587 |0.1549844397681177  |330       
 [17, 16, 3, 0, 0]   |0.4281176075671677  |0.15987590840785587 |394       
 [18, 3, 5, 6, 0]    |0.3295069977117979  |0.21327823717380961 |174       
 [16, 3, 8, 0, 0]    |0.28188031462723706 |0.19863770044397758 |140       
 [13, 4, 7, 3, 0]    |0.31575871709071524 |0.21272034492284514 |158       
 [10, 1, 15, 14, 18] |1.1389141864397108  |0.2644971878956324  |584       
 [17, 13, 4, 3, 4]   |0.43386533594993254 |0.16905670651020918 |377       
 [17, 3, 7, 0, 0]    |0.26700015258685494 |0.18768203539712144 |141       
 [18, 7, 3, 3, 0]    |0.40301002672266156 |0.2284829160382643  |227       
 [15, 2, 6, 2, 0]    |0.33286853281513945 |0.25157662514390405 |112       
 [7, 6, 5, 4, 0]     |1.3622699721851113  |0.9769228517864876  |133       
 [16, 5, 7, 4, 0]    |0.4251267430961112  |0.25023171372954445 |212       
 [18, 3, 4, 3, 4]    |0.30679808529749364 |0.2041162794154116  |163       
Gen 5 Train time: 8.791336572170257 minutes:
 Average MSE:        0.6594268378034096
 Average Error:      1.0154792635705945
 Structure           |Error               |MSE                 |weights&biases
 [17, 2, 6, 0, 0]    |0.250935055684417   |0.18965263524756948 |112       
 [18, 1, 4, 0, 0]    |0.23297680978175664 |0.18790545168929715 |86        
 [15, 2, 6, 0, 0]    |0.2064934167381792  |0.16001515535076788 |102       
 [16, 3, 5, 2, 2]    |2.1534860247948107  |1.517535953048601   |140       
 [15, 4, 2, 3, 2]    |2.1493953215346364  |1.5184446536289253  |139       
 [17, 4, 7, 4, 0]    |0.2609114959741817  |0.1602413720728537  |195       
 [15, 6, 3, 2, 0]    |0.33436875528712146 |0.2169668206672338  |173       
 [15, 10, 3, 20, 0]  |0.6869892343862946  |0.29436444886407864 |339       
 [15, 3, 5, 6, 0]    |0.2802412736940387  |0.18973928087267056 |156       
 [15, 4, 6, 3, 2]    |4.282677060428226   |2.7928938917761257  |171       
 [17, 3, 6, 0, 0]    |0.2530369640767845  |0.1801042015918038  |136       
 [17, 3, 5, 2, 2]    |3.5090905396321355  |2.435998900240228   |146       
 [15, 5, 5, 3, 0]    |0.3167370468272876  |0.20348085551639575 |177       
 [17, 3, 6, 20, 0]   |0.4359684787438013  |0.21115024554571668 |290       
 [16, 4, 4, 10, 16]  |0.6387504749230374  |0.2476493625504196  |379       
 [17, 3, 3, 3, 0]    |0.2828936450472877  |0.20287114310284227 |133       
 [13, 4, 5, 2, 0]    |0.297252684177483   |0.21210523978165133 |135       
 [15, 4, 4, 3, 0]    |0.3336714307528289  |0.23047831237386368 |148       
 [15, 9, 6, 3, 2]    |3.1018071596360275  |1.5364658805093605  |281       
 [17, 8, 4, 3, 4]    |0.3890821426240911  |0.1995950342148235  |267       
 [10, 3, 4, 2, 2]    |3.5718330793586857  |2.7956899610564703  |98        
 [17, 6, 6, 7, 15]   |0.500050847188337   |0.190510971794179   |386       
 [15, 3, 7, 2, 0]    |0.30630886017938336 |0.21585220554372614 |140       
 [19, 5, 5, 0, 0]    |0.3241935066554108  |0.2001046701259211  |193       
 [18, 1, 4, 12, 0]   |0.2878302811386139  |0.19585429791971518 |154       
Gen 6 Train time: 8.657740704218547 minutes:
 Average MSE:        0.375647281354846
 Average Error:      0.6119927770667526
 Structure           |Error               |MSE                 |weights&biases
 [15, 2, 6, 0, 0]    |0.25388867542973537 |0.1967425232359881  |102       
 [18, 1, 4, 0, 0]    |0.24576914762024182 |0.19822300227278392 |86        
 [17, 2, 6, 0, 0]    |0.25438987839814653 |0.1922637340842182  |112       
 [17, 5, 5, 2, 0]    |0.3737316537531666  |0.2347539716429437  |186       
 [15, 4, 6, 1, 0]    |3.0901986851875507  |2.1345063203494563  |148       
 [14, 5, 4, 8, 0]    |0.3583848160550862  |0.2228741615686231  |190       
 [17, 2, 6, 7, 0]    |0.3761819965897811  |0.25090466838782566 |162       
 [13, 4, 5, 2, 0]    |0.31592026129905687 |0.2254255262997363  |135       
 [16, 4, 7, 3, 0]    |0.32743467016005656 |0.2093041704062474  |179       
 [15, 4, 4, 3, 0]    |0.35014153700194856 |0.24185478018937548 |148       
 [18, 4, 20, 13, 8]  |1.158592034804889   |0.24346197831839905 |624       
 [18, 8, 4, 0, 0]    |0.37473613383760135 |0.2020918172959339  |247       
 [16, 5, 5, 1, 0]    |2.2761627597819207  |1.4843708686845443  |171       
 [15, 4, 6, 3, 5]    |1.5367950391836185  |0.9653149135925204  |186       
 [17, 4, 6, 12, 0]   |0.39404381385575393 |0.21091645470350193 |250       
 [15, 3, 6, 3, 0]    |0.3489357053433384  |0.24466444997400044 |142       
 [17, 4, 5, 3, 0]    |0.27134669660814553 |0.17739827153720117 |170       
 [7, 2, 5, 0, 0]     |0.3428329585751271  |0.2965581519805962  |58        
 [16, 6, 5, 5, 8]    |0.38635878535417323 |0.19573592581015364 |272       
 [17, 2, 5, 0, 0]    |0.24294030385767656 |0.1854556463129146  |108       
 [16, 3, 6, 10, 0]   |0.4150293101108027  |0.24922326579904186 |204       
 [16, 13, 6, 0, 0]   |0.483589619714468   |0.19661286714139697 |360       
 [17, 11, 3, 3, 0]   |0.442546342986309   |0.20852213295716115 |301       
 [14, 3, 6, 1, 9]    |0.2987385390120385  |0.20738329327033753 |146       
 [16, 3, 16, 2, 7]   |0.3811300621481803  |0.21661913805625027 |226       
Increasing Epochs
Gen 7 Train time: 9.96806610027949 minutes:
 Average MSE:        0.46478631507217666
 Average Error:      0.8938078752408686
 Structure           |Error               |MSE                 |weights&biases
 [17, 2, 5, 0, 0]    |0.24197939614603953 |0.18472210906990075 |108       
 [18, 1, 4, 0, 0]    |0.20253493804991282 |0.16335282062100237 |86        
 [15, 2, 6, 0, 0]    |0.20031463367190147 |0.15522711441538672 |102       
 [16, 3, 6, 2, 0]    |1.2855093957924546  |0.9058831604364423  |140       
 [15, 3, 6, 1, 0]    |0.27328004588554494 |0.199436737047008   |126       
 [20, 4, 5, 1, 0]    |1.2896378632145484  |0.8284999129145921  |177       
 [17, 4, 6, 7, 0]    |0.3012570567661263  |0.17821022798336011 |210       
 [18, 5, 5, 0, 0]    |0.28383686845631795 |0.17873417859184185 |185       
 [15, 4, 5, 3, 0]    |0.41486871751900467 |0.2808897172104793  |156       
 [17, 9, 6, 2, 0]    |0.3549253739766136  |0.17189907876254423 |290       
 [15, 6, 5, 7, 4]    |1.4802510338468529  |0.7824789098939096  |255       
 [13, 4, 5, 2, 0]    |0.31819528257099755 |0.22704887222082887 |135       
 [15, 12, 6, 0, 0]   |0.4061527053585601  |0.18158597090523185 |322       
 [16, 4, 6, 3, 0]    |0.2880592844062073  |0.18785423335353102 |171       
 [12, 2, 6, 0, 0]    |0.2456148283967075  |0.1976039096227976  |87        
 [5, 3, 4, 12, 15]   |3.6275133268719784  |1.629946805484802   |320       
 [17, 3, 6, 2, 0]    |0.2906038185773089  |0.20173619758871958 |146       
 [1, 13, 18, 2, 17]  |7.662233974068086   |2.904622933548809   |388       
 [17, 12, 5, 2, 0]   |0.4978493602933182  |0.2090968500284293  |347       
 [15, 4, 4, 3, 0]    |0.2871295967701965  |0.19833026983123522 |148       
 [15, 4, 5, 6, 0]    |0.27803466947434285 |0.17861735144202137 |177       
 [15, 3, 5, 6, 0]    |0.2912285893587581  |0.19717831847575024 |156       
 [17, 4, 6, 6, 4]    |0.36452382176166925 |0.20614749421819986 |228       
 [15, 3, 5, 5, 0]    |0.32987890575293793 |0.2272897499091268  |149       
 [17, 2, 5, 2, 0]    |1.1297833940353257  |0.8432649532284671  |117       
Gen 8 Train time: 9.933761608600616 minutes:
 Average MSE:        0.500115961825258
 Average Error:      1.2782931659979597
 Structure           |Error               |MSE                 |weights&biases
 [15, 2, 6, 0, 0]    |0.24184962128123727 |0.18741326155647012 |102       
 [18, 1, 4, 0, 0]    |0.22485909095891213 |0.18135817505896554 |86        
 [17, 2, 5, 0, 0]    |0.3829785216040483  |0.29235795016397403 |108       
 [16, 3, 5, 3, 0]    |0.268712906126631   |0.1888859787932745  |141       
 [15, 4, 6, 0, 0]    |0.3275588214957827  |0.22739023684791002 |146       
 [17, 5, 5, 2, 0]    |0.3059879350858287  |0.19220176379189802 |186       
 [15, 13, 6, 0, 0]   |0.4012287951021242  |0.1697848124212563  |344       
 [18, 2, 5, 1, 0]    |0.2686755155518529  |0.20154332881149042 |115       
 [16, 3, 6, 1, 0]    |0.27312224328985585 |0.19635406282924603 |132       
 [17, 7, 5, 0, 0]    |0.336605403739054   |0.19275333905132946 |223       
 [7, 3, 6, 4, 0]     |2.0691809795697846  |1.6034424783358965  |102       
 [14, 4, 5, 3, 0]    |0.3359404424902742  |0.23146620722442418 |149       
 [17, 5, 20, 2, 0]   |0.4424758264506061  |0.2058990156833686  |306       
 [14, 3, 6, 3, 0]    |0.2637348603759721  |0.18771864669355748 |136       
 [12, 1, 4, 0, 0]    |0.371826572282917   |0.318437919894798   |62        
 [1, 5, 12, 20, 16]  |16.63705742956625   |2.9055787112267963  |698       
 [15, 3, 6, 3, 0]    |0.3045729795673332  |0.2135584847915212  |142       
 [17, 3, 6, 1, 16]   |0.30636860828940154 |0.19292258206885898 |185       
 [17, 4, 6, 14, 2]   |4.375166234547679   |2.1510250921425063  |284       
 [17, 7, 6, 15, 0]   |0.4504122890462555  |0.18964679362535164 |346       
 [17, 3, 5, 2, 0]    |0.25780433372154654 |0.18167164345144232 |140       
 [15, 2, 6, 1, 0]    |1.1038210548393796  |0.8511029747772689  |104       
 [17, 4, 5, 3, 0]    |0.3029142437634819  |0.19803618005802176 |170       
 [15, 4, 8, 4, 16]   |0.4112919730388948  |0.20322289040124378 |282       
 [17, 3, 13, 1, 0]   |1.2931824681638917  |0.8391265159305767  |173       
Increasing Epochs
Gen 9 Train time: 11.441053676605225 minutes:
 Average MSE:        0.34041647867451913
 Average Error:      0.7640155675875873
 Structure           |Error               |MSE                 |weights&biases
 [18, 1, 4, 0, 0]    |0.2565373985209663  |0.20690804286244502 |86        
 [15, 2, 6, 0, 0]    |0.2754011079619428  |0.2134128621164703  |102       
 [17, 3, 5, 2, 0]    |0.2306206370817367  |0.1625156161948417  |140       
 [17, 1, 5, 2, 0]    |0.26026769216799467 |0.20576005052816176 |94        
 [16, 5, 13, 3, 0]   |0.3811380952385139  |0.20046942957019115 |257       
 [16, 5, 5, 3, 0]    |0.2832077129920827  |0.1783379947355365  |185       
 [18, 1, 9, 1, 0]    |1.9272067893241887  |1.4896954382541978  |103       
 [18, 3, 6, 1, 8]    |1.2747320972753422  |0.8396551868608706  |167       
 [15, 10, 6, 17, 15] |1.0755221569292353  |0.1984548364404956  |676       
 [15, 20, 13, 5, 7]  |1.4749157222625502  |0.22170687570426556 |758       
 [16, 3, 6, 1, 0]    |0.2880804038428276  |0.20710783945926264 |132       
 [18, 4, 5, 8, 0]    |0.3007371840392914  |0.17701540109260105 |212       
 [16, 4, 6, 2, 0]    |1.2549264473198454  |0.8349169360641377  |163       
 [17, 4, 6, 2, 0]    |0.3030707743746702  |0.1981385150420646  |170       
 [18, 13, 5, 0, 0]   |0.46409224276282385 |0.18083469587778592 |377       
 [17, 5, 6, 8, 8]    |0.3847565462516159  |0.17549504113635955 |314       
 [18, 3, 5, 3, 5]    |0.2700501120709106  |0.17435745692027052 |175       
 [17, 4, 5, 3, 0]    |0.27356976586835663 |0.17885164704977813 |170       
 [16, 4, 6, 4, 0]    |0.25677293428738074 |0.16413547767414838 |179       
 [3, 9, 20, 8, 20]   |5.2992984532365695  |1.1417640109568299  |614       
 [16, 2, 5, 13, 0]   |0.2713556192977945  |0.1691744124304298  |189       
 [16, 4, 6, 1, 0]    |0.3118150136840386  |0.21164495012216836 |155       
 [19, 3, 6, 1, 8]    |0.28340997576029076 |0.18390044049805526 |173       
 [5, 6, 1, 18, 20]   |1.4725288816898747  |0.4271932681236229  |495       
 [17, 2, 5, 2, 0]    |0.2263754254488369  |0.1689655411479866  |117       
Result:  [17, 2, 5, 2]
Fold 0
Fold 0 Train time: 20.030982744693755 minutes, MSE: 0.0076573784362168485
Fold 1
Fold 1 Train time: 20.048794706662495 minutes, MSE: 0.00962142122769079
Fold 2
Fold 2 Train time: 20.025113185246784 minutes, MSE: 0.014729796721862934
Fold 3
Fold 3 Train time: 20.081095627943675 minutes, MSE: 0.008031572481827596
Fold 4
Fold 4 Train time: 20.078748273849488 minutes, MSE: 0.010769775643865196
Total Time: 191.95017595688503 minutes
CellsPerSensor: 7
 Resulting Network Architecture: [17, 2, 5, 2]
 MSE after 5-Fold CV: 0.010161988902292671
 Weights and Biases: 117
 Objective Function Value: 0.013614755680556555
~/workspace/SolarCellResearch
