/tmp/tmp.WEm8i4NaTd ~/workspace/SolarCellResearch
Using TensorFlow backend.
Genetically searching for best layer structure...
  Training on:     datasets/N9dataset10k0.mat
  Evaluating with: datasets/N9dataset100k0.mat
Gen 0 Train time: 8.402952961126964 minutes:
 Average MSE:        0.9828125250005312
 Average Error:      2.481135293686366
 Structure           |Error               |MSE                 |weights&biases
 [19, 0, 0, 0, 0]    |0.21647847435656078 |0.17857186351011145 |77        
 [3, 14, 0, 0, 0]    |2.946286992711504   |2.412215768326552   |80        
 [14, 0, 0, 0, 0]    |0.2653935942656333  |0.23014602193604555 |57        
 [10, 4, 0, 0, 0]    |0.2224961109730959  |0.1826203892536195  |79        
 [7, 19, 3, 4, 0]    |0.626421614855666   |0.3319630443612172  |254       
 [4, 20, 7, 11, 1]   |8.798536798522763   |3.568286236606312   |361       
 [3, 16, 14, 15, 0]  |4.7983367003810455  |1.2071586041753897  |552       
 [10, 9, 15, 9, 13]  |1.0559075941050349  |0.25586653345984894 |567       
 [11, 5, 3, 6, 0]    |0.23298995271052464 |0.163366367375041   |142       
 [7, 14, 14, 19, 3]  |19.695126209718477  |3.4916388293722163  |692       
 [6, 4, 18, 12, 0]   |1.7250330971315007  |0.672163433807514   |377       
 [8, 7, 19, 13, 0]   |0.7891071036259538  |0.2188533908962249  |513       
 [3, 20, 8, 15, 7]   |6.200528072423627   |1.7239780866409127  |512       
 [16, 6, 0, 0, 0]    |0.21609330382456204 |0.14594214507525347 |157       
 [8, 6, 0, 0, 0]     |0.42206772407144333 |0.3412672124842817  |85        
 [3, 19, 3, 14, 0]   |2.7228001832020388  |1.5867070483245669  |216       
 [8, 10, 0, 0, 0]    |0.3163126690030579  |0.23141929227646313 |125       
 [18, 7, 17, 8, 11]  |3.2498663324493036  |0.7661432372059169  |578       
 [16, 0, 0, 0, 0]    |0.253933248266964   |0.21584734687012008 |65        
 [1, 2, 0, 0, 0]     |3.067086804094737   |2.991360161084898   |10        
 [2, 3, 0, 0, 0]     |2.8445475974035994  |2.712590380208322   |19        
 [20, 0, 0, 0, 0]    |0.20317719125099132 |0.16593206566693577 |81        
 [11, 2, 1, 18, 0]   |0.3824925511401961  |0.28692164912778084 |115       
 [6, 8, 5, 0, 0]     |0.4099719411778405  |0.29994187959530144 |125       
 [16, 12, 0, 0, 0]   |0.3673904804930185  |0.18941213737243362 |265       
Gen 1 Train time: 8.203687206904094 minutes:
 Average MSE:        0.2863967211323193
 Average Error:      0.45968717838082607
 Structure           |Error               |MSE                 |weights&biases
 [20, 0, 0, 0, 0]    |0.19532477314313404 |0.1595191019425401  |81        
 [16, 6, 0, 0, 0]    |0.2646411006251561  |0.1787296932239384  |157       
 [19, 0, 0, 0, 0]    |0.2564787997791116  |0.21156790467746878 |77        
 [14, 9, 2, 3, 0]    |0.2825464205883925  |0.1671418507817059  |210       
 [16, 3, 2, 3, 0]    |0.22668710906253106 |0.16793394078718676 |120       
 [12, 7, 10, 7, 0]   |0.34384000639533796 |0.16569959023458608 |292       
 [14, 6, 2, 3, 0]    |0.24772727192463603 |0.16647221707105522 |159       
 [14, 8, 16, 3, 0]   |0.4597349372807649  |0.18644757494921732 |361       
 [14, 3, 0, 0, 0]    |0.3144416853998823  |0.2504598526744668  |91        
 [15, 2, 15, 0, 0]   |0.23751399108721222 |0.16821224272133334 |138       
 [20, 0, 0, 0, 0]    |0.19749736487035746 |0.16129342823836795 |81        
 [20, 2, 19, 8, 20]  |0.6116294047848457  |0.1666884583583399  |520       
 [13, 5, 0, 0, 0]    |0.3682609372027884  |0.2762459951091638  |115       
 [7, 20, 8, 1, 6]    |1.4880701065479731  |0.5798302155633079  |377       
 [15, 3, 2, 3, 0]    |0.25420452627263695 |0.191165427269529   |114       
 [12, 6, 0, 0, 0]    |0.23401037083922024 |0.1729262899759735  |121       
 [9, 7, 15, 0, 0]    |0.4250186496469575  |0.2373730726062513  |233       
 [16, 3, 0, 0, 0]    |0.19298544644809384 |0.14917420425028122 |103       
 [14, 3, 2, 3, 0]    |0.26311390966247333 |0.20085576331113136 |108       
 [7, 1, 1, 9, 0]     |0.49093688922344764 |0.42361100129725504 |59        
 [6, 4, 0, 0, 0]     |1.5032459343862035  |1.3232974984197363  |51        
 [12, 3, 9, 0, 0]    |0.20669121758256592 |0.15273829659338925 |121       
 [10, 13, 2, 3, 15]  |1.9880263568638699  |0.9725268118210041  |286       
 [18, 0, 0, 0, 0]    |0.2171553087551151  |0.18093046860227724 |73        
 [13, 8, 0, 0, 0]    |0.22239694114794578 |0.14907712782847637 |160       
Gen 2 Train time: 8.348592901229859 minutes:
 Average MSE:        0.5229930337710386
 Average Error:      0.8819055837272264
 Structure           |Error               |MSE                 |weights&biases
 [16, 3, 0, 0, 0]    |0.2196877613226421  |0.16981460302834422 |103       
 [20, 0, 0, 0, 0]    |0.23107033235429691 |0.18871201696320722 |81        
 [20, 0, 0, 0, 0]    |0.24639144164940752 |0.2012245598229323  |81        
 [16, 3, 1, 2, 0]    |0.27623332850228066 |0.20981913583597755 |110       
 [14, 9, 1, 2, 0]    |0.23720700979740542 |0.14604769098510084 |194       
 [17, 2, 1, 1, 0]    |1.9192247844287045  |1.5172831684543278  |94        
 [18, 1, 3, 0, 0]    |0.19645339496965855 |0.159640630143625   |83        
 [14, 4, 5, 0, 0]    |0.2900941577013977  |0.20803483715762247 |133       
 [15, 6, 9, 3, 0]    |0.40450360654127676 |0.22310904712669766 |238       
 [4, 10, 16, 7, 13]  |3.5975042689204697  |1.0971768123852201  |475       
 [17, 2, 1, 2, 0]    |1.0195612091156516  |0.8000127192305808  |97        
 [12, 5, 5, 0, 0]    |1.1784285349694892  |0.8366761515159327  |137       
 [14, 1, 1, 6, 0]    |0.2219370778458072  |0.18261751955920671 |78        
 [13, 8, 0, 0, 0]    |0.26969188760071716 |0.18077987851195118 |160       
 [2, 3, 0, 0, 0]     |1.9127880654161984  |1.824054732063982   |19        
 [1, 2, 1, 2, 0]     |2.7753772302614257  |2.6598950757064843  |17        
 [17, 18, 1, 2, 0]   |0.4426381198728152  |0.16243087896282377 |401       
 [13, 13, 2, 18, 18] |4.569168969550804   |0.8687771277819054  |664       
 [13, 5, 6, 2, 0]    |0.3221192818312514  |0.21484609131183013 |162       
 [9, 2, 1, 2, 6]     |0.3151577540636557  |0.2586752257002852  |79        
 [12, 5, 5, 8, 0]    |0.4398085263090371  |0.27488132655322006 |188       
 [16, 2, 5, 0, 0]    |0.18635682752459765 |0.1440504036145848  |103       
 [14, 3, 5, 0, 0]    |0.20931097364730303 |0.15779884015793766 |113       
 [14, 6, 9, 3, 0]    |0.3213267310252232  |0.18126471182480233 |229       
 [6, 3, 1, 8, 0]     |0.2455983179591422  |0.20720265987738004 |68        
Gen 3 Train time: 8.542548942565919 minutes:
 Average MSE:        0.3602547787181381
 Average Error:      0.5685264119573624
 Structure           |Error               |MSE                 |weights&biases
 [16, 2, 5, 0, 0]    |0.18796087049779106 |0.14529029936068055 |103       
 [18, 1, 3, 0, 0]    |0.2011043819319621  |0.1634200837365069  |83        
 [14, 3, 5, 0, 0]    |0.3627746815213522  |0.27349461418680954 |113       
 [13, 16, 5, 4, 0]   |0.5417362239947783  |0.2110888661462525  |377       
 [17, 2, 2, 10, 0]   |0.2101232913375094  |0.1503091931234754  |134       
 [16, 2, 4, 0, 0]    |0.22723081090259545 |0.17741050578724712 |99        
 [16, 3, 4, 0, 0]    |0.2066508989986596  |0.1530907512984644  |120       
 [10, 3, 3, 4, 0]    |0.22857369727262447 |0.17980243858163847 |96        
 [15, 5, 7, 2, 0]    |1.2655971494586764  |0.7949659986029353  |186       
 [16, 2, 5, 5, 0]    |0.3005908037433126  |0.2155622829611973  |133       
 [10, 6, 1, 14, 0]   |0.26697874623797097 |0.18533575149400122 |146       
 [13, 3, 1, 1, 3]    |1.6791376707399441  |1.3175584574234116  |97        
 [16, 5, 2, 0, 0]    |0.26504109978016843 |0.18307298664804295 |148       
 [17, 1, 1, 3, 0]    |0.22396341749299606 |0.18290789566300716 |81        
 [14, 4, 5, 0, 0]    |0.25635448720923787 |0.1838391521696704  |133       
 [15, 4, 6, 1, 0]    |1.212681391398818   |0.8376406691642384  |148       
 [18, 2, 0, 0, 0]    |0.19989198415881546 |0.15763419723968047 |95        
 [18, 1, 6, 15, 0]   |0.28307050230990066 |0.1691347934490488  |206       
 [15, 2, 1, 3, 0]    |0.19016280642941416 |0.15184808513868714 |90        
 [17, 5, 1, 1, 0]    |2.212096895694256   |1.5165543509957875  |151       
 [8, 3, 13, 15, 5]   |2.383564146584032   |0.8790591493429215  |399       
 [16, 12, 2, 3, 0]   |0.3652077604189088  |0.1764374457030061  |291       
 [13, 2, 1, 4, 0]    |0.2582125196537629  |0.209826912662244   |83        
 [14, 8, 5, 3, 5]    |0.3159967827568511  |0.16871856524755585 |251       
 [14, 7, 5, 2, 0]    |0.3684572784097232  |0.22236602182694126 |202       
Increasing Epochs
Gen 4 Train time: 10.007573783397675 minutes:
 Average MSE:        0.655466598761888
 Average Error:      1.1882149574795426
 Structure           |Error               |MSE                 |weights&biases
 [16, 2, 5, 0, 0]    |0.21893107955383617 |0.16922970192409087 |103       
 [15, 2, 1, 3, 0]    |0.20720496250257409 |0.16545652316573395 |90        
 [18, 2, 0, 0, 0]    |0.21250763615776536 |0.16758286118375157 |95        
 [16, 2, 2, 2, 0]    |0.25987414816495125 |0.20391382299793884 |97        
 [15, 16, 3, 19, 4]  |3.1356035631601142  |0.8696379352696347  |513       
 [20, 6, 13, 9, 18]  |0.7253202388652924  |0.16103363659441533 |602       
 [1, 4, 1, 17, 17]   |7.69244626657674    |3.019945675618726   |374       
 [9, 1, 18, 7, 14]   |0.6158702733963063  |0.26787925721734773 |333       
 [18, 2, 1, 2, 0]    |0.6358327560380964  |0.492717292597984   |102       
 [10, 6, 12, 13, 6]  |2.5152196434406315  |0.8372438884507802  |440       
 [1, 2, 0, 0, 0]     |3.1396533328094476  |3.062135015821844   |10        
 [16, 5, 16, 3, 3]   |3.189676725690783   |1.521839151840642   |296       
 [17, 2, 2, 2, 18]   |0.2615584928521102  |0.17014617840242124 |172       
 [15, 3, 5, 0, 0]    |0.20931534449739728 |0.15545276760562998 |119       
 [13, 3, 4, 5, 0]    |0.2042687129846021  |0.14832952923805096 |128       
 [14, 4, 5, 0, 0]    |0.2042839142262555  |0.14649785147939923 |133       
 [14, 3, 2, 2, 0]    |0.21209776425146012 |0.1635383174714793  |104       
 [14, 14, 3, 16, 0]  |0.42675168450306744 |0.16586966161425254 |378       
 [16, 3, 3, 13, 0]   |0.29747126604663937 |0.19110397193202844 |177       
 [16, 3, 5, 0, 0]    |0.206934615120942   |0.15139659859253923 |125       
 [2, 5, 5, 2, 3]     |2.790689839392891   |2.307786452688886   |76        
 [15, 2, 2, 7, 0]    |0.28623457517694206 |0.2163314381612194  |112       
 [17, 2, 4, 0, 0]    |0.20600766266750525 |0.15884253498746606 |104       
 [2, 3, 5, 8, 0]     |1.6536229171100767  |1.3138589735135413  |92        
 [14, 2, 1, 4, 0]    |0.19799652180213478 |0.15889593067740088 |88        
Increasing Epochs
Gen 5 Train time: 11.280832207202911 minutes:
 Average MSE:        0.25194039245758854
 Average Error:      0.4417800493400567
 Structure           |Error               |MSE                 |weights&biases
 [14, 2, 1, 4, 0]    |0.1949990078500215  |0.15649036938367517 |88        
 [13, 3, 4, 5, 0]    |0.3022823167473812  |0.2195020132305153  |128       
 [14, 4, 5, 0, 0]    |0.19112313845255766 |0.1370598818675899  |133       
 [17, 2, 3, 0, 0]    |0.21805822618953888 |0.16982391731157442 |100       
 [15, 3, 4, 9, 0]    |0.2291740225833298  |0.1520913974121733  |164       
 [19, 3, 5, 0, 0]    |0.2045255569846968  |0.14304981706900158 |143       
 [17, 2, 4, 0, 0]    |0.16567850962328887 |0.1277466775786083  |104       
 [16, 3, 1, 1, 0]    |1.125944669096775   |0.861674568076079   |107       
 [10, 2, 4, 1, 9]    |0.26421084136776507 |0.20731666893855788 |97        
 [14, 3, 5, 3, 6]    |0.2631927943008618  |0.17819649069977983 |156       
 [16, 2, 3, 2, 0]    |0.2365062856835321  |0.18327262264766564 |102       
 [16, 3, 3, 10, 0]   |0.2640165401306335  |0.17609290995021837 |162       
 [18, 14, 11, 17, 17]|1.8874809688017629  |0.14997946703877885 |1013      
 [16, 3, 3, 1, 0]    |0.21515559441741824 |0.16059111261602968 |117       
 [14, 3, 3, 4, 0]    |0.21310042298888252 |0.15786867618514538 |120       
 [16, 2, 4, 1, 0]    |1.0881131943194666  |0.8453074952795087  |101       
 [8, 2, 19, 5, 18]   |0.561182841256928   |0.24840159538069848 |326       
 [17, 2, 1, 4, 0]    |0.24585708281242324 |0.19004300771303564 |103       
 [14, 3, 2, 2, 0]    |1.0606737762915388  |0.8178341972298482  |104       
 [10, 3, 5, 0, 0]    |0.19067485018358582 |0.15263807898181206 |89        
 [19, 14, 6, 12, 13] |0.850682517053211   |0.15006056638827422 |694       
 [14, 3, 3, 5, 0]    |0.22788844420488683 |0.16672674743662996 |125       
 [16, 3, 2, 3, 0]    |0.26622270407657783 |0.1972226299390859  |120       
 [14, 3, 3, 4, 20]   |0.3394079369387652  |0.1881430801006065  |236       
 [15, 2, 2, 18, 0]   |0.23834899114558844 |0.16137582298482284 |156       
Gen 6 Train time: 11.268491339683532 minutes:
 Average MSE:        0.39430835830941985
 Average Error:      0.5939587688607566
 Structure           |Error               |MSE                 |weights&biases
 [17, 2, 4, 0, 0]    |0.1933023502325965  |0.1490460836863999  |104       
 [10, 3, 5, 0, 0]    |0.25712243563897375 |0.20583036830116833 |89        
 [14, 4, 5, 0, 0]    |0.23880957352325527 |0.17125719157270816 |133       
 [16, 3, 3, 2, 12]   |0.23024479336609358 |0.15128160926016668 |168       
 [6, 19, 9, 5, 7]    |0.8191146984701235  |0.27886397580580213 |431       
 [17, 3, 4, 5, 0]    |0.21229004481650535 |0.14517696920996953 |152       
 [14, 2, 4, 1, 5]    |0.8903759140556621  |0.6848115896989742  |105       
 [15, 4, 2, 0, 0]    |0.2011945356034338  |0.1483051949931596  |122       
 [16, 2, 3, 2, 0]    |0.2513860776654328  |0.1948032189406695  |102       
 [15, 3, 2, 3, 0]    |0.27317625457400485 |0.20543243738123212 |114       
 [13, 3, 3, 1, 0]    |1.0634664364867141  |0.8303016551120104  |99        
 [16, 3, 3, 2, 0]    |0.21167265765459778 |0.1560288636768009  |122       
 [8, 3, 5, 4, 3]     |4.736309361002216   |3.561772152339993   |114       
 [12, 19, 3, 2, 0]   |0.5156255158513113  |0.21280595849615747 |354       
 [13, 15, 4, 1, 5]   |0.44108042574618744 |0.19137354099086992 |334       
 [15, 3, 3, 4, 0]    |0.2271461609256699  |0.16576874107648262 |126       
 [12, 2, 3, 3, 5]    |0.2643030768196988  |0.20125977024745373 |109       
 [13, 3, 4, 2, 0]    |0.2261203933700514  |0.17175474729655504 |110       
 [15, 3, 5, 1, 5]    |0.23494573520140422 |0.16764599330183302 |135       
 [16, 3, 4, 6, 0]    |0.20435109181869998 |0.1397478256252197  |152       
 [17, 3, 5, 2, 3]    |1.225530584282702   |0.8422940314079371  |150       
 [12, 2, 11, 12, 9]  |0.5860840328280603  |0.23473639943399544 |366       
 [4, 2, 15, 9, 19]   |0.8621289426445079  |0.30093817497917147 |421       
 [13, 3, 4, 2, 9]    |0.2458181177816147  |0.17150148129557294 |144       
 [17, 2, 3, 5, 0]    |0.23737001115939813 |0.17497098360519386 |122       
Result:  [17, 2, 4]
Fold 0
Fold 0 Train time: 19.075092085202535 minutes, MSE: 0.47582472515141483
Fold 1
Fold 1 Train time: 19.023439367612202 minutes, MSE: 0.03102079791959105
Fold 2
Fold 2 Train time: 18.985101902484892 minutes, MSE: 0.015959814333490027
Fold 3
Fold 3 Train time: 18.991070727507275 minutes, MSE: 0.009636822825698046
Fold 4
Fold 4 Train time: 19.010096538066865 minutes, MSE: 0.00541899573691073
Total Time: 161.14574064413708 minutes
CellsPerSensor: 9
 Resulting Network Architecture: [17, 2, 4]
 MSE after 5-Fold CV: 0.10757223119342092
 Weights and Biases: 104
 Objective Function Value: 0.13951366312451383
~/workspace/SolarCellResearch
