/tmp/tmp.edOIVrrxb0 ~/workspace/SolarCellResearch
Using TensorFlow backend.
Genetically searching for best layer structure...
  Training on:     datasets/N8dataset10k2.mat
  Evaluating with: datasets/N8dataset100k2.mat
Gen 0 Train time: 8.129921547571819 minutes:
 Average MSE:        0.7455709477690802
 Average Error:      1.427951657124016
 Structure           |Error               |MSE                 |weights&biases
 [17, 1, 0, 0, 0]    |0.21497013164833187 |0.18000760426438572 |71        
 [17, 15, 13, 16, 20]|3.1852023720233253  |0.19661964080424899 |1114      
 [13, 0, 0, 0, 0]    |0.43356713814254366 |0.3797627284310835  |53        
 [19, 11, 0, 0, 0]   |0.3848717585441862  |0.18686943867603473 |289       
 [10, 4, 19, 8, 13]  |0.70956339847915    |0.22467386216405982 |460       
 [8, 19, 8, 14, 0]   |0.7010744265531428  |0.20287987464514962 |496       
 [15, 7, 19, 3, 8]   |0.4985050798718866  |0.1788618606449445  |410       
 [6, 3, 0, 0, 0]     |1.0721283028897861  |0.9628532578803398  |43        
 [15, 0, 0, 0, 0]    |0.2650422851699593  |0.2275544112071956  |61        
 [8, 17, 0, 0, 0]    |0.7325201877610171  |0.4498845078466955  |195       
 [10, 18, 1, 0, 0]   |1.728956508616661   |0.9277602343991582  |249       
 [16, 15, 5, 0, 0]   |0.48862977018331305 |0.18476875800999257 |389       
 [14, 4, 16, 1, 0]   |3.693563507638199   |2.2346658571814664  |201       
 [1, 16, 0, 0, 0]    |2.7464159203396576  |2.411615271057742   |52        
 [18, 0, 0, 0, 0]    |0.4345895974730836  |0.36209337902556765 |73        
 [15, 12, 0, 0, 0]   |0.32596103961802464 |0.17447437170747904 |250       
 [15, 0, 0, 0, 0]    |0.2567790314975876  |0.22045992127376302 |61        
 [2, 0, 0, 0, 0]     |3.615258273073903   |3.534823249271453   |9         
 [13, 1, 0, 0, 0]    |0.35347911601875737 |0.30806919161697766 |55        
 [10, 0, 0, 0, 0]    |0.7497701596054395  |0.6767261633966333  |41        
 [1, 5, 5, 17, 17]   |9.693649945320104   |3.0010764060283064  |469       
 [16, 7, 19, 4, 18]  |0.695891002433048   |0.1954281987942553  |508       
 [10, 0, 0, 0, 0]    |0.5847161805238347  |0.5277520483478003  |41        
 [16, 18, 16, 11, 0] |1.580761325598632   |0.18551984577083477 |857       
 [9, 0, 0, 0, 0]     |0.5529249690768289  |0.5040736117814404  |37        
Gen 1 Train time: 8.194460972150166 minutes:
 Average MSE:        0.4617838941851445
 Average Error:      1.491034721672846
 Structure           |Error               |MSE                 |weights&biases
 [17, 1, 0, 0, 0]    |0.21160744265044484 |0.17719181964465971 |71        
 [15, 0, 0, 0, 0]    |0.40523472756520257 |0.34791787949110126 |61        
 [15, 0, 0, 0, 0]    |0.30339137408804073 |0.260479362572939   |61        
 [15, 6, 18, 0, 0]   |0.4564032386115541  |0.22326886412707117 |286       
 [17, 10, 0, 0, 0]   |0.2761012111772034  |0.15077181058812067 |242       
 [14, 16, 17, 1, 18] |0.8893715152840206  |0.17777435021651877 |644       
 [17, 9, 10, 2, 4]   |1.5240651639673237  |0.6321561863028333  |352       
 [19, 6, 0, 0, 0]    |0.27595516210232485 |0.17420598072841031 |184       
 [18, 1, 0, 0, 0]    |0.25090455793206434 |0.2080071844098625  |75        
 [16, 7, 0, 0, 0]    |0.2333593603576562  |0.15066812714307617 |175       
 [12, 12, 10, 16, 4] |9.042587013783558   |2.169388449995918   |571       
 [15, 13, 0, 0, 0]   |0.3543625759856309  |0.1817842628327441  |267       
 [12, 13, 14, 9, 4]  |1.1242506441675626  |0.263057331423829   |581       
 [15, 8, 3, 0, 0]    |0.3171223584010925  |0.19043057416237488 |204       
 [14, 13, 0, 0, 0]   |0.46835502427715914 |0.2500664311615155  |251       
 [15, 1, 20, 0, 0]   |0.29118548484774265 |0.21463962716483023 |122       
 [1, 5, 19, 12, 20]  |17.860075411304397  |3.534485689432394   |648       
 [17, 6, 0, 0, 0]    |0.271277628855929   |0.1791355455877063  |166       
 [12, 0, 0, 0, 0]    |0.46894376650406944 |0.4148773193125884  |49        
 [17, 5, 10, 2, 4]   |0.49465579634947276 |0.2714728568979477  |240       
 [16, 1, 0, 0, 0]    |0.34751555672469553 |0.2939205320218624  |67        
 [16, 1, 13, 0, 0]   |0.265393232755626   |0.20412093223735644 |105       
 [15, 1, 0, 0, 0]    |0.32971763074305604 |0.2816701269817151  |63        
 [16, 1, 3, 0, 0]    |0.19980641132368662 |0.16564533298646628 |75        
 [3, 9, 9, 0, 0]     |0.6142257520616475  |0.4274607772047704  |145       
Gen 2 Train time: 8.32628131310145 minutes:
 Average MSE:        0.4798788592477215
 Average Error:      1.108428282286697
 Structure           |Error               |MSE                 |weights&biases
 [16, 1, 3, 0, 0]    |0.24754170431281783 |0.20521928083932878 |75        
 [17, 1, 0, 0, 0]    |0.284817978097002   |0.23849546676809444 |71        
 [16, 7, 0, 0, 0]    |0.35313256184634245 |0.22799951818979744 |175       
 [16, 1, 0, 0, 0]    |0.3583039772330148  |0.3030451258252783  |67        
 [16, 1, 7, 0, 0]    |0.3068960859338566  |0.24690637297563534 |87        
 [16, 4, 7, 12, 19]  |0.7437773976396902  |0.20576645114929065 |514       
 [17, 9, 0, 0, 0]    |0.3105700630558667  |0.17784449090368154 |223       
 [16, 10, 0, 0, 0]   |0.3308855129996256  |0.18665694873723698 |229       
 [18, 1, 0, 0, 0]    |0.20007340860426856 |0.16586668150654368 |75        
 [15, 3, 2, 11, 0]   |0.28408094403125855 |0.19720803992475422 |146       
 [16, 1, 7, 4, 3]    |2.116786961601288   |1.5294364815898216  |130       
 [16, 4, 7, 14, 0]   |0.3322306710313481  |0.16580783874870136 |278       
 [12, 17, 10, 11, 2] |12.34583378451713   |2.8599915228159576  |585       
 [14, 12, 0, 0, 0]   |0.2847440714583407  |0.15823650516139212 |235       
 [17, 18, 14, 0, 0]  |0.941521188434797   |0.1826363199503527  |656       
 [16, 8, 2, 0, 0]    |0.39084438900857654 |0.23411430961193033 |205       
 [13, 11, 5, 19, 17] |1.3874777940120644  |0.22649952350198718 |725       
 [20, 5, 20, 10, 9]  |0.856376258752207   |0.18918206044588481 |604       
 [16, 1, 7, 2, 0]    |0.2711116361396259  |0.21220030797666328 |98        
 [17, 3, 0, 0, 0]    |0.4106339550581441  |0.3126868458939021  |109       
 [1, 1, 6, 0, 0]     |3.138582808939507   |2.955805975176456   |24        
 [17, 1, 18, 0, 0]   |0.2549751461641368  |0.1870107448669294  |124       
 [9, 14, 4, 20, 7]   |0.7033211750628618  |0.21077972925459504 |482       
 [17, 4, 0, 0, 0]    |0.2727473640567339  |0.1980552357741847  |128       
 [16, 19, 0, 0, 0]   |0.5834402191769176  |0.21951970360463693 |391       
Increasing Epochs
Gen 3 Train time: 9.684336264928183 minutes:
 Average MSE:        0.6081278484963079
 Average Error:      1.6260699652533297
 Structure           |Error               |MSE                 |weights&biases
 [18, 1, 0, 0, 0]    |0.24324044802465777 |0.20165341413168755 |75        
 [16, 1, 3, 0, 0]    |0.19630134563600155 |0.16273953147024034 |75        
 [17, 1, 18, 0, 0]   |0.29805816220123166 |0.21860985184429885 |124       
 [14, 17, 0, 0, 0]   |0.38940323466190124 |0.17717100563320276 |315       
 [16, 5, 3, 0, 0]    |0.25146141819047535 |0.1706798485479635  |155       
 [17, 6, 0, 0, 0]    |0.28114209753305824 |0.18564945160296736 |166       
 [15, 7, 0, 0, 0]    |0.287865702745076   |0.19056513677786624 |165       
 [16, 5, 1, 6, 0]    |0.23431939558858267 |0.1578562996168873  |158       
 [17, 5, 4, 0, 0]    |0.3763754273387894  |0.2460628822594348  |170       
 [6, 13, 5, 14, 18]  |3.025667940101621   |0.7611931624100597  |552       
 [17, 2, 1, 6, 0]    |0.21171334893702498 |0.16121408981724322 |109       
 [11, 6, 10, 18, 5]  |6.910684048140541   |2.1129152454416618  |474       
 [17, 9, 4, 0, 0]    |0.31593920521638563 |0.1657614665599654  |258       
 [17, 4, 0, 0, 0]    |0.23913679066168664 |0.17364895026787655 |128       
 [17, 15, 3, 19, 4]  |1.6961048255359745  |0.4508296815524696  |530       
 [18, 1, 17, 0, 0]   |0.24503354527096305 |0.17927037133644105 |125       
 [1, 10, 1, 18, 13]  |7.431397994172955   |3.248567066078047   |331       
 [19, 19, 5, 10, 20] |1.3090680541147959  |0.1611073243795333  |838       
 [17, 1, 11, 3, 0]   |0.278275466589552   |0.20055961016165874 |131       
 [16, 4, 5, 13, 0]   |0.3023789967866605  |0.16887878124516836 |233       
 [2, 2, 8, 15, 19]   |12.181724337100999  |3.5340227927992784  |495       
 [16, 1, 4, 1, 0]    |1.818083136989945   |1.4885205759061573  |80        
 [9, 1, 2, 19, 0]    |0.4348637391296314  |0.32376979002554557 |118       
 [16, 11, 0, 0, 0]   |0.33764011751665923 |0.18208627025683335 |247       
 [17, 20, 18, 0, 0]  |1.3558703531480678  |0.1798636122852058  |808       
Gen 4 Train time: 9.734531048933665 minutes:
 Average MSE:        0.5802263454829277
 Average Error:      1.581471506100569
 Structure           |Error               |MSE                 |weights&biases
 [16, 1, 3, 0, 0]    |0.22302439163361115 |0.18489371472873292 |75        
 [17, 2, 1, 6, 0]    |0.24864788043509556 |0.18933875417205864 |109       
 [16, 5, 1, 6, 0]    |0.30614002990210926 |0.20624042736010248 |158       
 [17, 2, 6, 5, 0]    |0.3613210824004394  |0.25082788529399125 |146       
 [17, 3, 8, 8, 0]    |0.3571055251766592  |0.2070647045589465  |218       
 [18, 2, 9, 3, 0]    |0.3213849279020777  |0.21923397906958883 |153       
 [16, 15, 4, 14, 0]  |0.4908211365897412  |0.15855155007345548 |452       
 [13, 5, 3, 8, 1]    |5.402655553745475   |3.532092960502755   |170       
 [18, 3, 11, 0, 0]   |0.2066115407872815  |0.13609326403419575 |167       
 [17, 1, 7, 2, 0]    |1.9727672241444916  |1.5287298686264523  |102       
 [17, 2, 11, 5, 0]   |0.30092270372954094 |0.1890201141611063  |186       
 [20, 2, 19, 17, 5]  |6.880112012162452   |1.5544704370078182  |595       
 [16, 2, 1, 6, 0]    |0.24799848254546716 |0.1912196232435605  |104       
 [18, 11, 9, 3, 0]   |0.6708622935712066  |0.24373069097655367 |405       
 [18, 1, 6, 2, 0]    |0.25754533582960193 |0.19957612970728564 |102       
 [17, 1, 2, 0, 0]    |0.21807324127201125 |0.1803376587385243  |76        
 [16, 3, 3, 0, 0]    |0.27553078803822334 |0.20668571937869595 |115       
 [18, 1, 9, 0, 0]    |0.24219163389380424 |0.18814807548810625 |101       
 [5, 4, 17, 3, 0]    |2.6375861867516806  |1.6734111964729195  |182       
 [18, 3, 0, 0, 0]    |0.315295601766343   |0.23651476022699525 |115       
 [17, 5, 4, 0, 0]    |0.2196920568099027  |0.14362802877534428 |170       
 [16, 4, 2, 9, 0]    |0.32290911970900577 |0.21483513510325833 |163       
 [17, 4, 6, 3, 0]    |0.21419446032926379 |0.1372610099706337  |178       
 [2, 2, 18, 19, 17]  |16.540575474739093  |2.3240619189502114  |785       
 [17, 4, 1, 6, 0]    |0.30281896864965036 |0.20969103045189916 |147       
Increasing Epochs
Gen 5 Train time: 11.129041079680125 minutes:
 Average MSE:        0.46499044783563653
 Average Error:      0.8813466735610848
 Structure           |Error               |MSE                 |weights&biases
 [18, 3, 11, 0, 0]   |0.22502219071597648 |0.14822020250161977 |167       
 [17, 4, 6, 3, 0]    |0.3260002910458101  |0.20890890049575644 |178       
 [17, 1, 2, 0, 0]    |0.18609793312914463 |0.1538953856091272  |76        
 [17, 3, 2, 3, 0]    |0.28000726330535525 |0.20434618547477457 |126       
 [17, 16, 6, 0, 0]   |0.49103748565772554 |0.16021560997261636 |448       
 [17, 1, 6, 0, 0]    |0.19805861550903064 |0.15894576204441999 |88        
 [18, 1, 9, 6, 0]    |0.3843341134470888  |0.2589182206317135  |158       
 [17, 2, 11, 5, 0]   |0.28543919470099766 |0.17929437858875752 |186       
 [18, 20, 6, 3, 0]   |0.7589943559989522  |0.17582590709624243 |585       
 [18, 3, 6, 0, 0]    |0.2539381541904685  |0.17805468993576015 |142       
 [18, 2, 8, 3, 0]    |0.28100334298781654 |0.1945845097296937  |147       
 [8, 3, 6, 2, 0]     |1.2150104876327104  |0.9653666598181498  |92        
 [17, 4, 5, 2, 0]    |0.2631721145920262  |0.1750914215267092  |163       
 [17, 3, 2, 19, 0]   |0.2641718223395454  |0.16428450865209543 |190       
 [4, 18, 14, 2, 11]  |5.485830747606023   |1.812430097933067   |443       
 [16, 4, 1, 6, 0]    |0.29145815417627907 |0.20538708989942434 |140       
 [18, 16, 7, 0, 0]   |0.4863974515198973  |0.144680243652963   |485       
 [18, 1, 4, 1, 0]    |1.5313451551337924  |1.2289332731636362  |88        
 [18, 3, 11, 3, 0]   |0.3105196938706494  |0.190708736752631   |195       
 [17, 1, 5, 1, 0]    |2.4825075143980584  |1.997245824754145   |87        
 [17, 9, 6, 11, 0]   |0.4331750219381143  |0.17523743995438626 |362       
 [18, 4, 8, 14, 0]   |0.3532552292496592  |0.1623396628813008  |311       
 [17, 4, 1, 6, 0]    |0.2861120151228613  |0.1981220778319014  |147       
 [16, 17, 10, 11, 5] |1.1458723909431303  |0.19714145945840417 |704       
 [6, 7, 20, 1, 4]    |3.814906099816009   |1.9865829475316186  |261       
Gen 6 Train time: 11.028311789035797 minutes:
 Average MSE:        0.23789797802652957
 Average Error:      0.4092668591249761
 Structure           |Error               |MSE                 |weights&biases
 [17, 1, 2, 0, 0]    |0.20930406350679892 |0.17308590708840893 |76        
 [17, 1, 6, 0, 0]    |0.214719398775051   |0.17231635380418    |88        
 [18, 3, 11, 0, 0]   |0.20801754619551566 |0.1370193878340919  |167       
 [17, 3, 4, 1, 0]    |0.2777666409792813  |0.2016999788782987  |128       
 [18, 13, 5, 0, 0]   |0.3826344428446614  |0.14909446167912369 |377       
 [17, 4, 4, 5, 0]    |0.2523614181694989  |0.16334462931482138 |174       
 [18, 2, 5, 2, 0]    |0.22467332948030475 |0.1656119627623242  |122       
 [13, 17, 11, 1, 15] |0.6661837529645069  |0.1757505285068527  |533       
 [17, 3, 4, 2, 0]    |0.2460630445114286  |0.17601826738289011 |134       
 [18, 3, 7, 3, 0]    |0.33967948654519803 |0.22374398774263127 |167       
 [18, 3, 9, 3, 0]    |0.26275888449924234 |0.1671241288249946  |181       
 [18, 4, 8, 3, 0]    |0.2807913716608602  |0.1698833362264039  |201       
 [18, 4, 10, 4, 0]   |0.3890030195579941  |0.21944181243241395 |229       
 [17, 10, 6, 8, 0]   |0.3992499057675376  |0.16151330950640228 |362       
 [17, 2, 2, 10, 0]   |0.24746134260172073 |0.17701852326295012 |134       
 [18, 3, 11, 4, 0]   |0.260140583781556   |0.15465892241909693 |208       
 [17, 1, 4, 0, 0]    |0.21919290871917935 |0.1785649148644916  |82        
 [17, 4, 1, 6, 0]    |0.2527163894672266  |0.17499683178954453 |147       
 [20, 9, 9, 3, 0]    |0.8280802282786948  |0.3259063413926778  |373       
 [17, 2, 15, 10, 0]  |0.3826997618138536  |0.17942382956643457 |303       
 [17, 3, 7, 12, 0]   |1.5722315414133592  |0.8585554375221667  |242       
 [18, 2, 4, 0, 0]    |0.23063467421834585 |0.17562217626375012 |109       
 [18, 2, 10, 3, 0]   |0.3279633482770898  |0.220390695306019   |159       
 [15, 1, 6, 0, 0]    |0.2500207981928149  |0.20469971638956147 |80        
 [18, 3, 10, 2, 0]   |1.3073235959026845  |0.8419640099027079  |176       
Result:  [18, 3, 11]
Fold 0
Fold 0 Train time: 19.0895632704099 minutes, MSE: 0.006597445409449838
Fold 1
Fold 1 Train time: 19.1489350994428 minutes, MSE: 0.008469317178718114
Fold 2
Fold 2 Train time: 19.276481421788535 minutes, MSE: 0.011143052194702338
Fold 3
Fold 3 Train time: 19.300859971841177 minutes, MSE: 0.01085893316152399
Fold 4
Fold 4 Train time: 18.960508346557617 minutes, MSE: 0.009911849029452111
Total Time: 162.00836615959804 minutes
CellsPerSensor: 8
 Resulting Network Architecture: [18, 3, 11]
 MSE after 5-Fold CV: 0.009396119394769278
 Weights and Biases: 167
 Objective Function Value: 0.014264825811560689
~/workspace/SolarCellResearch
