/tmp/tmp.MgBe0A1y1F ~/workspace/SolarCellResearch
Using TensorFlow backend.
Genetically searching for best layer structure...
  Training on:     datasets/N1dataset10k6.mat
  Evaluating with: datasets/N1dataset100k6.mat
Gen 0 Train time: 8.765456227461497 minutes:
 Average MSE:        1.4104008279431923
 Average Error:      3.977382685174717
 Structure           |Error               |MSE                 |weights&biases
 [12, 17, 18, 0, 0]  |2.81121980716051    |0.6272679257841627  |600       
 [17, 9, 17, 12, 20] |6.905908192561822   |0.7651964390961664  |880       
 [20, 7, 18, 0, 0]   |1.7362274963339177  |0.6884687529583103  |370       
 [5, 6, 9, 5, 0]     |3.653973569783434   |2.3888575155874565  |170       
 [4, 7, 20, 0, 0]    |2.623077555163599   |1.4834170851268034  |228       
 [11, 4, 2, 20, 9]   |6.0708697772748454  |2.530715036560008   |350       
 [8, 9, 14, 14, 0]   |3.761894576492523   |1.1617444448063163  |470       
 [7, 3, 8, 18, 8]    |4.612593613644166   |1.6968783609383795  |400       
 [12, 0, 0, 0, 0]    |0.8570843107553489  |0.7582675507596728  |49        
 [3, 0, 0, 0, 0]     |2.0262668001286395  |1.961471751872367   |13        
 [9, 0, 0, 0, 0]     |0.7795232915383149  |0.7106517936593248  |37        
 [3, 0, 0, 0, 0]     |2.310332533374273   |2.2364537588819315  |13        
 [17, 15, 6, 16, 11] |5.662895453698186   |0.9175348883455079  |728       
 [4, 3, 12, 0, 0]    |1.8161667869894316  |1.4575079867941354  |88        
 [7, 10, 10, 12, 6]  |4.632140678453246   |1.58886370659113    |428       
 [7, 8, 16, 16, 16]  |10.210063622835536  |1.4167618263887207  |790       
 [1, 9, 15, 19, 0]   |22.025998236200554  |6.389931149879713   |495       
 [7, 6, 0, 0, 0]     |0.8559720343560613  |0.7078538922108264  |76        
 [9, 14, 1, 19, 20]  |7.729637201461313   |1.5566902420185234  |641       
 [18, 10, 18, 0, 0]  |1.610699801608254   |0.5087333571105472  |461       
 [18, 7, 10, 0, 0]   |1.1889762913592863  |0.59338768627755    |278       
 [14, 6, 2, 4, 0]    |1.3168506408675822  |0.876115811150035   |163       
 [15, 2, 13, 14, 0]  |1.7665998342398987  |0.7800140875491698  |327       
 [6, 6, 14, 0, 0]    |1.4205302861330957  |0.9217605860905168  |173       
 [17, 9, 5, 0, 0]    |1.0490647369540942  |0.535475062142529   |269       
Gen 1 Train time: 8.398699768384297 minutes:
 Average MSE:        1.1138813210815062
 Average Error:      1.9295382095573421
 Structure           |Error               |MSE                 |weights&biases
 [9, 0, 0, 0, 0]     |1.104905136041394   |1.007285895462718   |37        
 [7, 6, 0, 0, 0]     |1.1860684470864926  |0.9808301358001945  |76        
 [12, 0, 0, 0, 0]    |0.7738525924010929  |0.6846319580530696  |49        
 [12, 15, 0, 0, 0]   |1.0838286855541974  |0.584499035249248   |247       
 [16, 7, 6, 2, 0]    |1.8565506204922368  |1.039479659859587   |232       
 [15, 4, 8, 9, 0]    |1.453552391395502   |0.7977264660701502  |240       
 [13, 7, 16, 0, 0]   |1.4108293124292883  |0.6971028600832083  |282       
 [11, 0, 0, 0, 0]    |0.7446832245052565  |0.6654469538541123  |45        
 [8, 0, 0, 0, 0]     |0.9133910407247601  |0.8410609175352894  |33        
 [14, 5, 9, 12, 0]   |1.4351764287613737  |0.6711838325676732  |304       
 [12, 3, 1, 2, 0]    |1.6323632041634952  |1.3165685695785014  |86        
 [19, 7, 19, 14, 5]  |7.910904902156665   |1.3407674514797794  |710       
 [11, 14, 0, 0, 0]   |1.0811698147177067  |0.6300498200462538  |216       
 [17, 5, 20, 7, 0]   |1.7195258879407076  |0.6077744758419718  |416       
 [6, 10, 1, 0, 0]    |3.7744766248797994  |2.9322256162546347  |101       
 [9, 14, 0, 0, 0]    |0.9878881153248424  |0.6267636073280511  |182       
 [5, 3, 0, 0, 0]     |1.2438379581695689  |1.1339438931329346  |37        
 [11, 4, 7, 7, 0]    |1.2242445793757923  |0.7806128082803617  |180       
 [15, 5, 9, 0, 0]    |0.9828413226517083  |0.6127442788994811  |189       
 [11, 4, 5, 0, 0]    |0.8340785911672753  |0.6303830383005238  |112       
 [8, 2, 4, 9, 4]     |4.449321234083174   |3.104186092104975   |144       
 [15, 4, 9, 0, 0]    |0.9635206538994833  |0.639440722971902   |164       
 [17, 8, 14, 2, 9]   |2.501432089636667   |0.9482504761488011  |388       
 [6, 4, 15, 1, 5]    |5.542078544349938   |3.780550443125422   |153       
 [15, 5, 9, 5, 0]    |1.427933837025138   |0.7935240190088114  |235       
Gen 2 Train time: 8.465663063526154 minutes:
 Average MSE:        1.659920789524844
 Average Error:      3.076697877152252
 Structure           |Error               |MSE                 |weights&biases
 [11, 0, 0, 0, 0]    |0.744449633536559   |0.6652382175841758  |45        
 [12, 0, 0, 0, 0]    |1.3438904487055932  |1.188947815566986   |49        
 [11, 4, 5, 0, 0]    |1.0087889613781233  |0.7624262955695934  |112       
 [8, 1, 2, 5, 2]     |10.103256863076798  |8.545098413253392   |67        
 [18, 3, 16, 18, 4]  |12.499494024640715  |3.0669640559770333  |562       
 [19, 14, 10, 12, 18]|5.992496639529942   |0.6774009924902167  |872       
 [5, 3, 19, 13, 7]   |6.737559732276652   |2.054839621505877   |475       
 [10, 7, 10, 11, 5]  |5.850828558964775   |2.2969525938977124  |374       
 [16, 5, 15, 4, 5]   |2.3104872774677383  |1.0433726980318192  |318       
 [13, 9, 5, 5, 0]    |1.689020856161854   |0.901810369835634   |251       
 [12, 2, 5, 0, 0]    |1.0703431875101332  |0.86977504741236    |83        
 [18, 4, 4, 5, 0]    |1.058759293344011   |0.6734091023133224  |181       
 [16, 5, 15, 4, 0]   |1.9747634774788565  |0.951656273098852   |292       
 [10, 0, 0, 0, 0]    |0.7858385588001559  |0.7092807124063503  |41        
 [1, 3, 5, 6, 0]     |7.618357787602548   |6.363387319857491   |72        
 [13, 3, 5, 6, 0]    |0.9906723575255552  |0.6911686507385564  |144       
 [10, 3, 1, 0, 0]    |1.528829473458195   |1.2865991155684828  |69        
 [9, 7, 0, 0, 0]     |0.8199615766740365  |0.6306540663892225  |105       
 [14, 10, 5, 0, 0]   |1.352784855776392   |0.7186831670375722  |253       
 [13, 5, 4, 19, 0]   |1.3778185097529663  |0.741189803336592   |248       
 [9, 10, 0, 0, 0]    |0.836961091693682   |0.5927528801980952  |138       
 [12, 10, 4, 2, 0]   |2.18216268051905    |1.2495911781301117  |223       
 [10, 1, 0, 0, 0]    |1.3157593676439616  |1.1816525972757561  |43        
 [12, 2, 4, 5, 0]    |1.4379660510377559  |1.1059776009200994  |105       
 [16, 7, 3, 1, 5]    |4.2861956642502355  |2.5291911497257997  |211       
Gen 3 Train time: 8.351809744040171 minutes:
 Average MSE:        1.0956672502361835
 Average Error:      1.7224851852957557
 Structure           |Error               |MSE                 |weights&biases
 [11, 0, 0, 0, 0]    |0.9366468487373228  |0.8369851392092228  |45        
 [10, 0, 0, 0, 0]    |0.7198363290417867  |0.649708541991474   |41        
 [9, 7, 0, 0, 0]     |0.8471071877541806  |0.651532471547857   |105       
 [11, 5, 3, 3, 0]    |1.5771616604270717  |1.1481211389855974  |127       
 [12, 5, 3, 3, 0]    |1.213624651037533   |0.8659842663003218  |135       
 [15, 2, 2, 3, 0]    |1.1561720011423393  |0.909477108283635   |96        
 [16, 5, 4, 2, 0]    |1.6376862967638748  |1.0706698183454137  |170       
 [13, 5, 7, 12, 4]   |4.895751001066304   |2.289578378198865   |304       
 [9, 9, 0, 0, 0]     |0.9879677862107222  |0.7192076300397642  |127       
 [11, 10, 13, 0, 0]  |1.2270173577464434  |0.5652915360651471  |310       
 [10, 5, 1, 0, 0]    |3.384420473771837   |2.6823215981719732  |93        
 [16, 5, 4, 12, 0]   |1.4491872964490122  |0.8154647475250482  |230       
 [14, 4, 10, 2, 0]   |1.3664086197387022  |0.8778196226632717  |177       
 [12, 4, 5, 3, 0]    |1.4249934083467508  |1.0168068604695735  |135       
 [12, 5, 3, 0, 0]    |0.9674139213411019  |0.7113228821893479  |123       
 [11, 10, 15, 0, 0]  |1.3405124774745825  |0.5816141560187383  |334       
 [10, 6, 3, 0, 0]    |1.0612698905389002  |0.7842450066462663  |121       
 [19, 15, 0, 0, 0]   |1.3986800968935977  |0.550476508906494   |373       
 [10, 7, 3, 18, 0]   |1.4682414789359373  |0.8428767057951528  |222       
 [8, 2, 10, 7, 4]    |4.407431074777266   |2.7684621817713095  |186       
 [15, 1, 2, 3, 0]    |2.2988093583244256  |1.8915400122928538  |78        
 [12, 5, 3, 3, 3]    |1.829477444688877   |1.2668460376706356  |147       
 [11, 10, 3, 0, 0]   |1.1915760042070282  |0.7410233106586507  |190       
 [13, 12, 5, 6, 9]   |2.3185095786545316  |0.8944239101571204  |381       
 [12, 2, 5, 14, 0]   |1.9562273883237586  |1.2598816860008542  |176       
Gen 4 Train time: 8.371285112698873 minutes:
 Average MSE:        1.0531491301683766
 Average Error:      1.786736625535138
 Structure           |Error               |MSE                 |weights&biases
 [10, 0, 0, 0, 0]    |0.7621498428707207  |0.6878997950127381  |41        
 [9, 7, 0, 0, 0]     |0.9540507295538193  |0.7337855690449113  |105       
 [11, 0, 0, 0, 0]    |0.821722922217855   |0.7342894233521323  |45        
 [12, 11, 9, 3, 16]  |2.7302245260888007  |1.0094280161642224  |398       
 [12, 17, 8, 0, 0]   |1.8268485944644697  |0.6554668185256824  |410       
 [13, 4, 8, 3, 0]    |1.406944511529044   |0.9290621336794238  |166       
 [10, 4, 0, 0, 0]    |0.9073370558917312  |0.7447242363315609  |79        
 [12, 5, 3, 0, 0]    |1.067924037858113   |0.7852262488795393  |123       
 [13, 4, 3, 2, 0]    |1.6149061191730478  |1.1933647335654256  |121       
 [15, 9, 5, 4, 5]    |2.014084217243557   |0.9657643770034621  |294       
 [4, 16, 7, 5, 19]   |5.072073748089456   |1.9372118667825577  |385       
 [13, 6, 4, 6, 6]    |2.250080182343581   |1.2661310738107756  |230       
 [12, 5, 3, 16, 0]   |1.31358292215522    |0.7967283163620543  |200       
 [11, 5, 2, 0, 0]    |1.1475323154042323  |0.8760026386684812  |108       
 [10, 7, 2, 0, 0]    |1.222013025938471   |0.8918115105417603  |126       
 [15, 10, 2, 2, 0]   |1.4628705203680228  |0.8109090434737615  |236       
 [10, 6, 3, 0, 0]    |1.2128335459558544  |0.8962457719647325  |121       
 [14, 3, 2, 1, 0]    |3.8630582900383703  |3.008552821332365   |100       
 [12, 8, 8, 0, 0]    |1.0758045380549968  |0.6191354492026719  |221       
 [13, 7, 7, 1, 0]    |2.5375154616654094  |1.5275809986795124  |203       
 [10, 9, 7, 4, 0]    |1.7158343153110311  |0.9511337770606559  |236       
 [9, 8, 0, 0, 0]     |0.9115895153257247  |0.682109222904842   |116       
 [9, 14, 4, 9, 10]   |3.928113900231056   |1.507811688933368   |383       
 [13, 4, 3, 11, 0]   |1.2294196555199124  |0.8118353204302423  |166       
 [11, 3, 2, 2, 0]    |1.6199011450859715  |1.3065174025025406  |86        
Increasing Epochs
Gen 5 Train time: 9.78256144920985 minutes:
 Average MSE:        1.2044152333339766
 Average Error:      4.552763646823638
 Structure           |Error               |MSE                 |weights&biases
 [10, 0, 0, 0, 0]    |0.9376616503676132  |0.8463129174830749  |41        
 [11, 0, 0, 0, 0]    |0.7819344567765083  |0.6987345561882261  |45        
 [10, 4, 0, 0, 0]    |0.7045859862127111  |0.5783101848479931  |79        
 [13, 20, 14, 20, 2] |66.78384203433731   |6.08886178701413    |958       
 [12, 6, 2, 2, 8]    |1.708109185190579   |1.1251169874325153  |167       
 [11, 8, 4, 14, 0]   |1.3382950319292264  |0.7163377105703054  |250       
 [10, 5, 4, 2, 0]    |1.765794843505274   |1.3016086535279436  |122       
 [13, 7, 5, 11, 0]   |1.0663329267776136  |0.5636767055386193  |255       
 [10, 6, 0, 0, 0]    |0.7370345654130004  |0.5697141770221924  |103       
 [11, 8, 5, 0, 0]    |1.0104508134109427  |0.6442918844599367  |180       
 [13, 4, 3, 11, 0]   |1.1037169572375118  |0.7288287653610681  |166       
 [12, 7, 2, 0, 0]    |1.4202626881435554  |0.9859416014762115  |146       
 [13, 7, 9, 2, 3]    |2.876812892308715   |1.5709539507172057  |242       
 [11, 7, 6, 14, 0]   |1.3744013655291851  |0.6859286028114951  |278       
 [11, 6, 5, 14, 8]   |2.6757250249804407  |1.1070738695561189  |353       
 [13, 5, 1, 1, 0]    |2.258303976839421   |1.6771804481770984  |119       
 [15, 16, 10, 15, 11]|6.958203965543726   |0.8868507187464324  |824       
 [9, 7, 0, 0, 0]     |0.8008126641527996  |0.6159261329201519  |105       
 [14, 8, 3, 1, 0]    |1.7912260616545699  |1.100099176314504   |195       
 [12, 4, 0, 0, 0]    |0.6649077652921278  |0.5269724827210023  |93        
 [7, 15, 18, 4, 20]  |5.693599756021293   |1.1904634607903808  |626       
 [12, 2, 2, 1, 0]    |3.3051781003634764  |2.753823638671059   |73        
 [4, 11, 3, 9, 15]   |3.3081761291151324  |1.5432599336798345  |305       
 [13, 8, 6, 7, 8]    |1.8508155141828317  |0.8171981829367274  |327       
 [10, 2, 0, 0, 0]    |0.9029068153053962  |0.7869143043851923  |55        
Gen 6 Train time: 9.436669568220774 minutes:
 Average MSE:        0.9200151351562299
 Average Error:      1.459359626366932
 Structure           |Error               |MSE                 |weights&biases
 [12, 4, 0, 0, 0]    |0.8295202482916065  |0.6574360648615899  |93        
 [10, 4, 0, 0, 0]    |0.8442587965161176  |0.6929508537306927  |79        
 [10, 6, 0, 0, 0]    |0.7352278144093356  |0.5683175916930361  |103       
 [10, 3, 19, 1, 15]  |3.0032158528811057  |1.7989149282566164  |205       
 [12, 5, 3, 8, 0]    |1.2494029040356789  |0.8374998121502577  |160       
 [11, 6, 0, 0, 0]    |0.8342699301565355  |0.6305276491977132  |112       
 [11, 2, 0, 0, 0]    |0.9761829366758168  |0.8402084400469126  |60        
 [13, 6, 3, 6, 0]    |1.2452967424038084  |0.8040240066984732  |175       
 [12, 6, 7, 20, 8]   |3.4142564591658826  |0.9782008532619131  |500       
 [10, 4, 2, 0, 0]    |1.0227035847031454  |0.8227932655441439  |87        
 [11, 5, 2, 17, 0]   |1.2951199525577508  |0.8382853849184126  |174       
 [11, 4, 0, 0, 0]    |0.8509645767912171  |0.6863381953050778  |86        
 [11, 6, 2, 6, 0]    |1.026648784959559   |0.7162685524558731  |144       
 [12, 2, 0, 0, 0]    |0.7542655304054389  |0.6411378371470173  |65        
 [10, 3, 0, 0, 0]    |0.7093008912839536  |0.5999101084701044  |67        
 [12, 3, 2, 2, 0]    |1.3401566607297162  |1.0647994995684198  |92        
 [13, 6, 16, 1, 0]   |5.795401540658893   |3.071188945445459   |254       
 [12, 8, 5, 13, 0]   |1.3463013300190658  |0.673586456036371   |277       
 [10, 4, 16, 0, 0]   |0.9679232556475963  |0.6312189572696684  |171       
 [19, 6, 2, 6, 0]    |1.7658872392895795  |1.0290677025855317  |216       
 [5, 3, 1, 1, 13]    |1.9325171002963637  |1.5861716573467324  |79        
 [20, 2, 0, 0, 0]    |0.9839087141076821  |0.7567501321521968  |105       
 [11, 7, 3, 3, 0]    |1.1288933930773741  |0.7624166063042382  |157       
 [10, 6, 15, 7, 0]   |1.7945504392773486  |0.8043301489366195  |321       
 [10, 5, 0, 0, 0]    |0.6378159808327265  |0.5080347295226812  |91        
Gen 7 Train time: 9.143359355131786 minutes:
 Average MSE:        1.1665104242251028
 Average Error:      1.692731703620126
 Structure           |Error               |MSE                 |weights&biases
 [10, 5, 0, 0, 0]    |0.8626767351487563  |0.6871413620502379  |91        
 [10, 3, 0, 0, 0]    |0.7182522650593581  |0.6074809711019542  |67        
 [10, 6, 0, 0, 0]    |0.7057926534081578  |0.5455647530715464  |103       
 [3, 5, 2, 3, 0]     |2.407491374908242   |2.1034635215090343  |54        
 [16, 2, 0, 0, 0]    |1.0549818217113425  |0.8530164354763052  |85        
 [11, 3, 8, 0, 0]    |0.899750784685192   |0.6834256138966628  |110       
 [11, 5, 0, 0, 0]    |0.6963602856457112  |0.5436834467818483  |99        
 [12, 4, 0, 0, 0]    |0.7624145570366574  |0.6042514660777376  |93        
 [10, 9, 1, 11, 0]   |1.6632077547259     |1.0792303196573996  |173       
 [11, 4, 0, 0, 0]    |0.8834536287833038  |0.7125419620887714  |86        
 [1, 13, 0, 0, 0]    |7.100253301954057   |6.376570793938727   |43        
 [12, 9, 0, 0, 0]    |0.7896957985920727  |0.525393657924217   |163       
 [4, 7, 16, 10, 17]  |7.364329942264737   |1.861994205975008   |550       
 [11, 3, 0, 0, 0]    |1.0308976506419731  |0.8589280919766848  |73        
 [15, 4, 0, 0, 0]    |0.7421893715064936  |0.558136986777227   |114       
 [11, 4, 8, 0, 0]    |0.849264943644373   |0.6136171522723524  |130       
 [11, 3, 1, 1, 0]    |3.733637024683971   |3.079855967896415   |77        
 [11, 3, 1, 20, 0]   |1.611686844055268   |1.152900982826092   |134       
 [10, 5, 17, 0, 0]   |1.085457019226342   |0.6501846459001424  |205       
 [11, 4, 16, 0, 0]   |1.1099687772553568  |0.7112949381031421  |178       
 [12, 3, 0, 0, 0]    |0.8170781247596778  |0.670641498144086   |79        
 [11, 5, 1, 9, 0]    |1.5035619789036536  |1.0945430231209483  |127       
 [16, 4, 1, 3, 0]    |1.161432124876597   |0.8370711836342061  |131       
 [18, 5, 1, 9, 0]    |1.311138423938395   |0.8297720833581852  |183       
 [11, 5, 8, 4, 0]    |1.4533194030875642  |0.922055542068637   |182       
Increasing Epochs
Gen 8 Train time: 10.716644299030303 minutes:
 Average MSE:        0.7463819996003793
 Average Error:      1.3367560189145524
 Structure           |Error               |MSE                 |weights&biases
 [11, 5, 0, 0, 0]    |0.5880582418800083  |0.4591266021975013  |99        
 [10, 6, 0, 0, 0]    |0.5762359565509232  |0.4454198068350383  |103       
 [10, 3, 0, 0, 0]    |0.7951642609615953  |0.6725313388250818  |67        
 [10, 5, 4, 0, 0]    |0.8478652423201195  |0.6376067479666874  |114       
 [12, 10, 1, 5, 0]   |1.736094854876675   |1.0715843504282838  |193       
 [12, 4, 0, 0, 0]    |0.6950693080191198  |0.5508770058491919  |93        
 [11, 7, 0, 0, 0]    |0.9585294078840649  |0.7012750956129523  |125       
 [12, 5, 7, 9, 0]    |1.3695560241805576  |0.7803495000848504  |225       
 [11, 5, 2, 6, 0]    |1.3486493755818543  |0.9744360643301903  |130       
 [13, 3, 3, 0, 0]    |0.8576712812371265  |0.6729835617261681  |97        
 [15, 4, 1, 5, 16]   |2.200587973881      |1.2168001503338286  |237       
 [11, 5, 4, 18, 8]   |3.2672552093879395  |1.302063413023665   |368       
 [11, 5, 1, 5, 0]    |1.3956509306323313  |1.0469287975152626  |115       
 [12, 7, 0, 0, 0]    |0.7125677103081424  |0.508454096802466   |135       
 [11, 5, 8, 0, 0]    |0.8106815991408471  |0.5571727716026249  |150       
 [11, 6, 13, 0, 0]   |1.0601756679595542  |0.6271526035526457  |210       
 [15, 4, 5, 5, 0]    |1.2454495164984445  |0.8142372627912602  |170       
 [13, 4, 0, 0, 0]    |0.6444830904899134  |0.5019239355498236  |100       
 [7, 16, 20, 8, 9]   |5.211680749044051   |0.803243321254096   |748       
 [11, 5, 6, 0, 0]    |0.9795648079326349  |0.6972251595091054  |136       
 [11, 8, 0, 0, 0]    |0.9513144410238685  |0.6737402496809467  |138       
 [11, 5, 10, 16, 0]  |1.3103837642832306  |0.5517391184890879  |346       
 [12, 6, 0, 0, 0]    |0.7019821544896085  |0.5187426914879427  |121       
 [12, 3, 15, 5, 11]  |1.8358757433844086  |0.8825159753250886  |293       
 [14, 4, 1, 2, 0]    |1.318353160915798   |0.9914203692356949  |114       
Gen 9 Train time: 10.644004662831625 minutes:
 Average MSE:        0.78945014507972
 Average Error:      1.3128410988532795
 Structure           |Error               |MSE                 |weights&biases
 [10, 6, 0, 0, 0]    |0.7428600755125325  |0.5742171892930343  |103       
 [11, 5, 0, 0, 0]    |0.793832539418044   |0.6197849304375358  |99        
 [13, 4, 0, 0, 0]    |0.6744422099605838  |0.5252561212537116  |100       
 [12, 8, 10, 5, 0]   |1.4722637464577393  |0.7112730970672232  |291       
 [11, 5, 7, 8, 0]    |1.277576788454153   |0.759545652345764   |208       
 [11, 7, 7, 11, 0]   |1.3720691691913103  |0.6933779423445229  |273       
 [11, 7, 5, 3, 0]    |1.4253448958843877  |0.9111149739581057  |179       
 [12, 2, 4, 0, 0]    |0.862489520539657   |0.7079142699584786  |79        
 [11, 6, 4, 0, 0]    |0.8125562287283319  |0.5754688595224418  |138       
 [10, 6, 2, 0, 0]    |0.8721969526632721  |0.6575463537399936  |113       
 [11, 5, 3, 3, 0]    |1.160056602414731   |0.8444825543701769  |127       
 [12, 5, 0, 0, 0]    |0.733889646249741   |0.5616386500191328  |107       
 [12, 3, 2, 0, 0]    |0.9925161524015289  |0.8005054069571884  |86        
 [12, 6, 0, 0, 0]    |0.7243507780449003  |0.5352723994210301  |121       
 [12, 6, 8, 0, 0]    |0.8886509422970605  |0.5680472021099556  |179       
 [11, 7, 0, 0, 0]    |0.783412894709377   |0.5731571176877102  |125       
 [19, 6, 0, 0, 0]    |1.0579994320602515  |0.6678977384152528  |184       
 [15, 5, 0, 0, 0]    |0.6619525039131253  |0.477084587288353   |131       
 [11, 6, 7, 3, 0]    |1.400184909174896   |0.8883444703777871  |182       
 [13, 6, 1, 6, 6]    |2.5018857542844013  |1.552000508255761   |191       
 [11, 5, 6, 15, 0]   |1.3098411716106726  |0.7011074566493165  |250       
 [10, 6, 8, 0, 0]    |1.3099839556059905  |0.8759159759679541  |161       
 [5, 5, 13, 9, 18]   |6.513499379724679   |2.125223239893863   |448       
 [11, 4, 0, 0, 0]    |0.6719741013270445  |0.5419749594461795  |86        
 [11, 7, 1, 3, 0]    |1.8051971207035762  |1.2881019702125294  |135       
Result:  [15, 5]
Fold 0
Fold 0 Train time: 18.149569153785706 minutes, MSE: 0.6933817632161221
Fold 1
Fold 1 Train time: 18.216108838717144 minutes, MSE: 0.1396343019291372
Fold 2
Fold 2 Train time: 18.247132098674776 minutes, MSE: 0.25245445543114126
Fold 3
Fold 3 Train time: 18.227288122971853 minutes, MSE: 0.2597598054127437
Fold 4
Fold 4 Train time: 18.262950305143992 minutes, MSE: 0.2734594103554938
Total Time: 183.18478246132534 minutes
CellsPerSensor: 1
 Resulting Network Architecture: [15, 5]
 MSE after 5-Fold CV: 0.3237379472689276
 Weights and Biases: 131
 Objective Function Value: 0.4491847997530009
~/workspace/SolarCellResearch
