/tmp/tmp.aGfwcIsfLL ~/workspace/SolarCellResearch
Using TensorFlow backend.
Genetically searching for best layer structure...
  Training on:     datasets/N1dataset10k40.mat
  Evaluating with: datasets/N1dataset100k40.mat
Gen 0 Train time: 9.59866071542104 minutes:
 Average MSE:        1.9644435881079263
 Average Error:      3.565020964861118
 Structure           |Error               |MSE                 |weights&biases
 [16, 15, 0, 0, 0]   |1.3252005339683404  |0.5969414729694679  |319       
 [7, 14, 2, 13, 5]   |6.3520879775848575  |3.1701648009661816  |278       
 [2, 1, 0, 0, 0]     |5.079286198676131   |4.941508948135181   |11        
 [14, 15, 0, 0, 0]   |1.1672842745169758  |0.5753250566017122  |283       
 [19, 0, 0, 0, 0]    |0.7945282044102792  |0.6554018014705505  |77        
 [10, 0, 0, 0, 0]    |1.0572821167659137  |0.9542797367174349  |41        
 [7, 19, 5, 10, 2]   |11.394559580280673  |4.65590362766856    |358       
 [12, 4, 5, 10, 14]  |2.820758121112994   |1.1996210150181739  |342       
 [19, 20, 5, 0, 0]   |2.9517122752281972  |0.7134702307696985  |568       
 [13, 2, 7, 2, 0]    |2.0014474282997248  |1.5316883641277004  |107       
 [8, 14, 0, 0, 0]    |1.1271252319922052  |0.7461492353974177  |165       
 [2, 0, 0, 0, 0]     |4.507644360937442   |4.40735485073415    |9         
 [1, 9, 16, 0, 0]    |9.948926267033901   |6.0645760112199385  |198       
 [4, 2, 5, 0, 0]     |1.31836201831044    |1.1839899767354614  |43        
 [14, 8, 19, 6, 20]  |4.57462413245971    |0.9856288043008883  |614       
 [15, 10, 0, 0, 0]   |0.9552817137454257  |0.5566887492099767  |216       
 [11, 12, 2, 20, 8]  |4.486910449635355   |1.4935627438263577  |440       
 [12, 9, 6, 13, 17]  |3.986619109608321   |0.9830881688210023  |560       
 [13, 16, 3, 7, 0]   |2.8726116859767337  |1.1974827091683462  |350       
 [1, 8, 15, 0, 0]    |8.972816562086782   |5.8661563558050105  |170       
 [18, 16, 0, 0, 0]   |1.7264888278479802  |0.6761027393799004  |375       
 [14, 0, 0, 0, 0]    |0.7729517074462645  |0.6702941007663487  |57        
 [4, 15, 13, 0, 0]   |2.8275845960054     |1.3059396860264285  |309       
 [12, 19, 0, 0, 0]   |1.4320270789198577  |0.6713873594403019  |303       
 [6, 7, 1, 1, 20]    |4.671403668678072   |3.3083831574219618  |138       
Gen 1 Train time: 9.344534206390382 minutes:
 Average MSE:        1.634990698970745
 Average Error:      2.6371948358727137
 Structure           |Error               |MSE                 |weights&biases
 [14, 0, 0, 0, 0]    |0.7314075361595233  |0.634267512473101   |57        
 [19, 0, 0, 0, 0]    |0.9488804652741109  |0.7827261044590056  |77        
 [15, 10, 0, 0, 0]   |1.0438750779474877  |0.6083163773706607  |216       
 [3, 2, 3, 0, 0]     |2.8451966541566467  |2.6396126632176213  |30        
 [17, 0, 0, 0, 0]    |0.7437452900152869  |0.6259050135770808  |69        
 [11, 2, 3, 5, 7]    |2.866048894656351   |2.039968546802972   |136       
 [11, 10, 0, 0, 0]   |0.9797579984691112  |0.6502166407570852  |164       
 [14, 6, 4, 1, 0]    |2.3088505931686587  |1.5208202416684862  |167       
 [1, 14, 10, 2, 18]  |14.703507745570448  |7.374927616505525   |276       
 [14, 1, 4, 1, 0]    |5.839513207250765   |4.877571431159262   |72        
 [9, 1, 3, 0, 0]     |1.3477624228173548  |1.1983501703364554  |47        
 [12, 1, 0, 0, 0]    |1.6370757292585958  |1.4411069856883478  |51        
 [13, 11, 4, 1, 0]   |2.5509206748538604  |1.3722535877828874  |248       
 [14, 9, 4, 1, 0]    |2.155964759680048   |1.2315066120678755  |224       
 [9, 7, 0, 0, 0]     |0.9578716671508932  |0.736724352887428   |105       
 [14, 16, 2, 4, 0]   |2.421058129307332   |1.0530647140709344  |333       
 [12, 1, 4, 1, 0]    |2.548237263327499   |2.171464556756784   |64        
 [6, 10, 3, 5, 17]   |2.5193621756223172  |1.3119384346023193  |261       
 [7, 7, 18, 1, 5]    |6.927328736778982   |3.6527279617592585  |256       
 [16, 10, 0, 0, 0]   |1.0343793110392459  |0.5835072206250671  |229       
 [13, 10, 0, 0, 0]   |0.8990429200069617  |0.5591013570730059  |190       
 [15, 11, 8, 4, 6]   |3.141957053837367   |1.185122175931279   |390       
 [17, 9, 0, 0, 0]    |0.8667987539863458  |0.49636266162240184 |223       
 [10, 17, 0, 0, 0]   |1.484865942149873   |0.8251620345091168  |235       
 [12, 15, 1, 0, 0]   |2.426461894332769   |1.302042500564668   |249       
Gen 2 Train time: 9.161285217603048 minutes:
 Average MSE:        0.8282163913095402
 Average Error:      1.4485568672319784
 Structure           |Error               |MSE                 |weights&biases
 [14, 0, 0, 0, 0]    |0.7563517013513014  |0.655898782079621   |57        
 [17, 0, 0, 0, 0]    |0.8370447531685186  |0.7044219501353716  |69        
 [17, 9, 0, 0, 0]    |0.9522454348235648  |0.5452927526407723  |223       
 [14, 10, 2, 1, 0]   |5.255544700108668   |3.039775465450301   |219       
 [12, 3, 1, 13, 18]  |2.452283747540054   |0.9579302919864532  |376       
 [11, 15, 2, 0, 0]   |1.7630014646695367  |0.9483968313902412  |248       
 [16, 5, 17, 0, 0]   |1.1762290177898267  |0.6248857621794778  |253       
 [15, 5, 0, 0, 0]    |0.7952280503695883  |0.5731393777770013  |131       
 [11, 6, 2, 0, 0]    |1.5059793936457284  |1.1100926124083967  |122       
 [17, 11, 0, 0, 0]   |1.0226881301265107  |0.5325569612448151  |261       
 [17, 8, 1, 2, 0]    |1.762587755037977   |1.0400648266804966  |211       
 [17, 16, 0, 0, 0]   |1.2716993219859059  |0.5222306423447696  |356       
 [6, 9, 6, 0, 0]     |1.1345805815520094  |0.7836937585524677  |148       
 [12, 9, 16, 0, 0]   |1.8777897445868852  |0.8229131745697924  |330       
 [17, 5, 0, 0, 0]    |0.8068835078872122  |0.5587372382186072  |147       
 [18, 5, 0, 0, 0]    |1.0244031399626756  |0.6953153053819465  |155       
 [13, 6, 0, 0, 0]    |0.757135746735917   |0.5470512874369163  |130       
 [17, 5, 10, 0, 0]   |1.1393315017397818  |0.6706161840351392  |212       
 [16, 19, 5, 0, 0]   |1.998271637757296   |0.6063988299358333  |477       
 [14, 5, 2, 0, 0]    |1.191071659208864   |0.8562896840233953  |132       
 [12, 10, 2, 3, 9]   |2.370909825410995   |1.291460533013781   |243       
 [12, 10, 0, 0, 0]   |0.9316458999467754  |0.598515729872557   |177       
 [13, 10, 0, 0, 0]   |0.9278358826493718  |0.5770072702716763  |190       
 [17, 5, 2, 0, 0]    |1.0563738254831814  |0.7152251605833124  |156       
 [12, 17, 0, 0, 0]   |1.4468052572613226  |0.727499370525364   |275       
Increasing Epochs
Gen 3 Train time: 10.804068032900492 minutes:
 Average MSE:        1.2529470189164724
 Average Error:      2.943279703795739
 Structure           |Error               |MSE                 |weights&biases
 [14, 0, 0, 0, 0]    |0.7720058597108361  |0.6694738733819297  |57        
 [13, 6, 0, 0, 0]    |0.727096398818498   |0.52534703688101    |130       
 [15, 5, 0, 0, 0]    |0.9051032039629626  |0.6523289601042236  |131       
 [9, 12, 4, 0, 0]    |1.6417634703858852  |0.9858717054222066  |204       
 [15, 8, 0, 0, 0]    |0.8210212247213566  |0.5208952476668303  |182       
 [16, 6, 0, 0, 0]    |0.6865847853780632  |0.463696257962056   |157       
 [15, 5, 20, 0, 0]   |1.4650580188982198  |0.753440555673677   |266       
 [15, 8, 5, 10, 0]   |1.5081540039851977  |0.7322644125091661  |289       
 [3, 6, 1, 8, 18]    |6.733590392321989   |3.7232930011944583  |237       
 [14, 6, 0, 0, 0]    |0.8502077467111122  |0.6006309749225813  |139       
 [18, 3, 0, 0, 0]    |0.8807107913593162  |0.6606533693484319  |115       
 [1, 19, 15, 12, 2]  |36.64912959763395   |8.992489050933262   |562       
 [16, 3, 6, 0, 0]    |0.8632988495245826  |0.6237570331492421  |130       
 [19, 8, 0, 0, 0]    |0.8974268926080465  |0.5100616803868728  |226       
 [18, 6, 1, 6, 13]   |1.6978760323938966  |0.8182217240693026  |292       
 [13, 8, 0, 0, 0]    |0.9028803066789741  |0.6052187687377221  |160       
 [15, 5, 1, 0, 0]    |1.340726361342917   |0.9614733108207011  |133       
 [13, 10, 5, 2, 5]   |2.105789650017703   |1.0802478736490855  |267       
 [17, 5, 10, 0, 0]   |1.0112979372776534  |0.5952549917070964  |212       
 [13, 5, 0, 0, 0]    |0.8045894128792408  |0.6035519398375137  |115       
 [15, 7, 17, 0, 0]   |1.4378360643560466  |0.6607625383548716  |311       
 [15, 8, 1, 2, 5]    |4.38519910211119    |2.613616854531249   |207       
 [17, 7, 0, 0, 0]    |0.7792306931892499  |0.4906873396616773  |185       
 [15, 3, 5, 0, 0]    |1.2115722157464737  |0.8998014672269605  |119       
 [15, 8, 1, 0, 0]    |2.5038435828801218  |1.5806355047796863  |184       
Gen 4 Train time: 11.246828854084015 minutes:
 Average MSE:        0.8782429152641437
 Average Error:      2.130609090612609
 Structure           |Error               |MSE                 |weights&biases
 [16, 6, 0, 0, 0]    |0.8033445227010636  |0.5425518551589783  |157       
 [13, 6, 0, 0, 0]    |0.8367005047353129  |0.6045390014773917  |130       
 [14, 0, 0, 0, 0]    |0.6625663222805681  |0.5745692685748999  |57        
 [13, 8, 0, 0, 0]    |0.961959453136842   |0.6448207049111063  |160       
 [15, 5, 11, 0, 0]   |0.9145943966886991  |0.5505846340591203  |203       
 [14, 6, 20, 20, 13] |7.833709728980902   |0.6776910196371481  |979       
 [6, 14, 19, 2, 16]  |5.621813817228124   |1.586696774807534   |506       
 [13, 6, 2, 0, 0]    |1.2481103204028317  |0.8795284774428828  |140       
 [18, 5, 1, 8, 7]    |1.7480072908057154  |0.9545420790887629  |242       
 [15, 4, 9, 0, 0]    |0.9668579565555812  |0.641655524714402   |164       
 [12, 16, 14, 7, 17] |6.531777543767561   |1.0244738033145075  |741       
 [15, 6, 10, 0, 0]   |0.8681966140386623  |0.4984075933842643  |222       
 [15, 7, 3, 5, 0]    |1.1635487631622818  |0.693485195918664   |207       
 [15, 6, 0, 0, 0]    |0.8440381871238122  |0.5830061522153327  |148       
 [16, 2, 0, 0, 0]    |0.8438011731318362  |0.6822641434598902  |85        
 [16, 7, 0, 0, 0]    |0.9497514155097815  |0.613205601896695   |175       
 [4, 3, 17, 6, 20]   |7.896412197468132   |3.1784971924355983  |364       
 [15, 1, 0, 0, 0]    |1.6093536913058781  |1.37483354337783    |63        
 [16, 7, 9, 0, 0]    |1.364417912198728   |0.7321483656362828  |249       
 [14, 8, 0, 0, 0]    |0.7547713395480461  |0.49221462047400866 |171       
 [13, 7, 15, 7, 15]  |2.9490838869947584  |0.8344308321804995  |505       
 [16, 5, 3, 20, 0]   |1.3547605158293963  |0.7215343430586112  |252       
 [13, 8, 3, 1, 3]    |2.1065744791708365  |1.3035133013135847  |192       
 [16, 5, 0, 0, 0]    |0.8521469105393789  |0.6020009011143996  |139       
 [16, 5, 3, 9, 0]    |1.5789283220105084  |0.9648779519511962  |197       
Gen 5 Train time: 10.826553920904795 minutes:
 Average MSE:        1.0022636560362554
 Average Error:      1.715813037946306
 Structure           |Error               |MSE                 |weights&biases
 [14, 0, 0, 0, 0]    |0.5948546768785365  |0.5158505724016077  |57        
 [14, 8, 0, 0, 0]    |0.9202228231250772  |0.6001117211303406  |171       
 [16, 6, 0, 0, 0]    |0.789797318137846   |0.533402529109827   |157       
 [15, 3, 6, 0, 0]    |1.0253807061531552  |0.7520623578991441  |124       
 [16, 5, 2, 10, 0]   |1.096018121171416   |0.6884474578317599  |186       
 [15, 6, 5, 14, 0]   |1.1415583350092786  |0.5740115789385956  |275       
 [16, 4, 0, 0, 0]    |0.7093438316766616  |0.5241827389499096  |121       
 [16, 4, 0, 0, 0]    |0.8436821989120153  |0.6234545591009939  |121       
 [15, 6, 2, 10, 0]   |1.0466570371875792  |0.6412097266399709  |196       
 [13, 7, 19, 3, 0]   |5.929046769449532   |2.4531267931321454  |353       
 [15, 3, 0, 0, 0]    |0.815087568116726   |0.6395696658032974  |97        
 [16, 2, 0, 0, 0]    |1.089311569702562   |0.8807741073713213  |85        
 [16, 6, 6, 0, 0]    |0.9283975464077051  |0.5645110913987544  |199       
 [16, 4, 2, 10, 0]   |1.2959990084369275  |0.8536635203008949  |167       
 [17, 17, 7, 8, 18]  |4.88853341112631    |0.7920682969031059  |728       
 [15, 7, 11, 0, 0]   |1.056527290101273   |0.5557078282594607  |257       
 [15, 8, 0, 0, 0]    |1.2810773552566148  |0.8127769248270497  |182       
 [14, 5, 6, 0, 0]    |0.8838045526978782  |0.5924319084509493  |160       
 [14, 4, 0, 0, 0]    |0.8365539801795036  |0.640206672075413   |107       
 [14, 7, 1, 0, 0]    |1.7695947416485294  |1.1951247351919132  |157       
 [16, 4, 2, 15, 0]   |1.026728599691962   |0.6433139799862257  |187       
 [1, 4, 1, 0, 0]     |6.986852152626661   |6.679413063851261   |18        
 [16, 7, 2, 3, 0]    |1.2716051100960317  |0.7790188534246093  |196       
 [16, 6, 7, 10, 0]   |1.2970636787169427  |0.6281998071022401  |290       
 [7, 19, 17, 0, 0]   |3.37162756615093    |0.8939509108255994  |531       
Gen 6 Train time: 11.171225718657176 minutes:
 Average MSE:        0.8522262157331368
 Average Error:      1.7414157398820782
 Structure           |Error               |MSE                 |weights&biases
 [14, 0, 0, 0, 0]    |0.654709446358136   |0.5677558835593483  |57        
 [16, 4, 0, 0, 0]    |0.7155285451355697  |0.5287530473049538  |121       
 [16, 6, 0, 0, 0]    |0.7975546837839931  |0.5386415928035864  |157       
 [17, 11, 4, 3, 20]  |2.834553379534278   |1.0094285581086577  |413       
 [16, 5, 6, 0, 0]    |1.0002935680570595  |0.6442254896039543  |176       
 [15, 3, 1, 5, 0]    |1.0788937320939442  |0.8133743616565837  |113       
 [15, 4, 0, 0, 0]    |0.7595147295622152  |0.5711659029963169  |114       
 [15, 6, 2, 5, 0]    |1.0019455249711398  |0.6452894100226821  |176       
 [15, 7, 7, 14, 0]   |1.1800485696567535  |0.5043703790960335  |340       
 [16, 5, 5, 0, 0]    |0.9194301150980239  |0.6026002478516916  |169       
 [16, 5, 1, 5, 0]    |1.0545049358170504  |0.7157469485120058  |155       
 [16, 5, 2, 10, 15]  |2.075868948189518   |0.8524675255339862  |356       
 [16, 6, 4, 5, 0]    |1.318168863829537   |0.7817217260087626  |209       
 [9, 5, 2, 13, 0]    |1.6981178332529896  |1.1906751281158792  |142       
 [11, 13, 11, 7, 0]  |2.2375634016869133  |0.7541888385808229  |435       
 [16, 7, 4, 5, 0]    |1.409297039852567   |0.7930183059202697  |230       
 [16, 5, 0, 0, 0]    |0.7735361337312262  |0.5464661595217128  |139       
 [14, 4, 0, 0, 0]    |0.8005203254330521  |0.6126304645209524  |107       
 [16, 5, 2, 14, 0]   |1.8974369361253023  |1.1451137699728213  |202       
 [15, 6, 0, 0, 0]    |1.0346919292899888  |0.7146972371939935  |148       
 [16, 10, 4, 12, 9]  |2.14898972175416    |0.6994211845857554  |449       
 [4, 7, 12, 18, 4]   |12.993337597022572  |4.1347907952980725  |458       
 [15, 8, 6, 0, 0]    |1.3711700290112065  |0.7638868607033118  |234       
 [14, 4, 8, 0, 0]    |0.9014612986557784  |0.6180177086237768  |151       
 [15, 8, 0, 0, 0]    |0.8782562091489842  |0.557207867232487   |182       
Increasing Epochs
Gen 7 Train time: 12.504155691464742 minutes:
 Average MSE:        1.0085015236062833
 Average Error:      2.9893416000760418
 Structure           |Error               |MSE                 |weights&biases
 [14, 0, 0, 0, 0]    |0.6364563783778784  |0.5519270501792184  |57        
 [16, 4, 0, 0, 0]    |0.6912623416812033  |0.5108210876224966  |121       
 [15, 4, 0, 0, 0]    |0.8791637613599872  |0.6611436804237545  |114       
 [16, 6, 6, 7, 0]    |0.987868492602522   |0.5300914740682258  |249       
 [16, 5, 3, 3, 0]    |1.290289819586025   |0.8499029261794517  |167       
 [16, 5, 1, 3, 0]    |1.2182740755480999  |0.8394025962953957  |149       
 [16, 6, 1, 3, 0]    |1.2002696414657656  |0.7906074007569922  |167       
 [15, 6, 3, 0, 0]    |1.11714972530921    |0.7376989632001782  |166       
 [16, 4, 1, 5, 15]   |1.5181204332715432  |0.8394343663397498  |237       
 [12, 5, 5, 7, 0]    |1.5212681101183105  |0.9675813934790156  |181       
 [9, 16, 10, 13, 11] |5.702449284460374   |1.0788501322359407  |666       
 [16, 7, 3, 0, 0]    |1.2737356718719433  |0.7822773425786321  |195       
 [8, 17, 14, 17, 1]  |43.34944834085622   |7.4580499366069715  |704       
 [16, 6, 4, 7, 0]    |1.0317276939681908  |0.5937688182787506  |221       
 [10, 5, 1, 3, 0]    |1.3943692291513694  |1.0832243986582055  |101       
 [15, 5, 0, 0, 0]    |0.6488799199983463  |0.4676628715838178  |131       
 [15, 5, 17, 0, 0]   |1.3466979159121877  |0.7299024440345047  |245       
 [14, 4, 0, 0, 0]    |0.7510957648890508  |0.5748063262413459  |107       
 [16, 5, 3, 3, 14]   |1.5927379982197114  |0.8873236751391891  |234       
 [16, 13, 0, 0, 0]   |0.9191894636499739  |0.45304536499555825 |283       
 [16, 6, 3, 0, 0]    |1.149682557993027   |0.7422908494280474  |175       
 [16, 4, 1, 3, 0]    |1.658848651766146   |1.1955708600288903  |131       
 [15, 6, 8, 7, 0]    |1.1448307464524259  |0.5858197130734767  |268       
 [15, 6, 0, 0, 0]    |0.7693120156858028  |0.531390220206007   |148       
 [15, 2, 0, 0, 0]    |0.940411967705735   |0.7699441985232631  |80        
Result:  [14]
Fold 0
Fold 0 Train time: 18.216179541746776 minutes, MSE: 0.07651066683011935
Fold 1
Fold 1 Train time: 18.26800518433253 minutes, MSE: 0.5053765229253788
Fold 2
Fold 2 Train time: 18.32310830752055 minutes, MSE: 0.20827501812123278
Fold 3
Fold 3 Train time: 18.254023508230844 minutes, MSE: 0.385650462749303
Fold 4
Fold 4 Train time: 18.26783370176951 minutes, MSE: 0.2311600124763687
Total Time: 175.99277285734811 minutes
CellsPerSensor: 1
 Resulting Network Architecture: [14]
 MSE after 5-Fold CV: 0.28139453662048053
 Weights and Biases: 57
 Objective Function Value: 0.3244909768684785
~/workspace/SolarCellResearch
