/tmp/tmp.vkQFk9cagE ~/workspace/SolarCellResearch
Using TensorFlow backend.
Genetically searching for best layer structure...
  Training on:     datasets/N2dataset10k7.mat
  Evaluating with: datasets/N2dataset100k7.mat
Gen 0 Train time: 8.583554708957672 minutes:
 Average MSE:        1.0481689256497722
 Average Error:      2.5323666079240605
 Structure           |Error               |MSE                 |weights&biases
 [15, 20, 12, 15, 16]|7.483586614200489   |0.49669067594165484 |1085      
 [5, 0, 0, 0, 0]     |0.9353547673518279  |0.8875154127219256  |21        
 [18, 5, 6, 6, 20]   |1.232012313932587   |0.46703497094636337 |388       
 [16, 0, 0, 0, 0]    |0.4575473971729408  |0.38892264963775053 |65        
 [9, 13, 12, 0, 0]   |1.4514952033929467  |0.6235004450250338  |338       
 [6, 4, 20, 0, 0]    |0.8337565545534884  |0.5491883487569155  |167       
 [7, 13, 20, 19, 0]  |3.664049771623461   |0.4669976892856214  |824       
 [5, 17, 12, 3, 4]   |4.492900850831358   |1.6820252315651303  |393       
 [10, 2, 7, 12, 13]  |1.4652354112756132  |0.6077546101878583  |352       
 [4, 18, 6, 2, 0]    |3.025606967448081   |1.6898026073881822  |233       
 [12, 0, 0, 0, 0]    |0.4971130761247857  |0.4397988738722174  |49        
 [19, 2, 4, 0, 0]    |0.5495572894055213  |0.41327491519807424 |114       
 [10, 6, 20, 7, 3]   |7.067706259611592   |2.5295362724028463  |411       
 [4, 17, 16, 0, 0]   |1.7239479870961607  |0.6310419113577315  |402       
 [3, 10, 0, 0, 0]    |0.7069627832865331  |0.6084885066103786  |60        
 [15, 5, 12, 2, 5]   |0.9702855291346274  |0.5272054855057107  |244       
 [3, 17, 11, 14, 0]  |4.853246606760889   |1.5444191492065074  |458       
 [4, 20, 14, 18, 0]  |5.127534570121869   |0.9022397040344169  |695       
 [4, 10, 6, 13, 0]   |1.114071157213102   |0.6222091522556535  |233       
 [16, 19, 9, 0, 0]   |2.8803594824623944  |0.7085144014781998  |561       
 [2, 1, 18, 0, 0]    |3.9843363384610138  |3.395227463971929   |64        
 [13, 0, 0, 0, 0]    |0.5545069959208576  |0.4856943047094956  |53        
 [3, 2, 0, 0, 0]     |1.140857429912397   |1.085217156492933   |20        
 [1, 4, 4, 14, 6]    |6.465357060506876   |3.9410935693677756  |198       
 [16, 2, 0, 0, 0]    |0.6317767803000938  |0.5108296333239926  |85        
Gen 1 Train time: 8.153280011812846 minutes:
 Average MSE:        0.917734052721473
 Average Error:      2.96375396456906
 Structure           |Error               |MSE                 |weights&biases
 [16, 0, 0, 0, 0]    |0.5298342119786997  |0.4503676053337891  |65        
 [12, 0, 0, 0, 0]    |0.6652870227033015  |0.5885833574678803  |49        
 [19, 2, 4, 0, 0]    |0.5071147749021353  |0.3813575393023709  |114       
 [8, 5, 0, 0, 0]     |0.7479490121036568  |0.6200715099481963  |75        
 [9, 2, 10, 0, 0]    |0.5624775574253955  |0.4513988132658994  |88        
 [14, 0, 0, 0, 0]    |0.564452530648326   |0.4894862095669959  |57        
 [11, 3, 10, 0, 0]   |0.679861909968421   |0.5036540904520799  |120       
 [10, 5, 3, 7, 15]   |2.3960275882766346  |1.229136873865166   |267       
 [10, 8, 9, 8, 3]    |2.9436530295603434  |1.3561520806675107  |310       
 [16, 1, 0, 0, 0]    |0.6018390818026754  |0.5090214227592907  |67        
 [13, 19, 3, 7, 2]   |9.125406153969106   |3.257833514987503   |412       
 [19, 20, 15, 19, 19]|23.439560713676773  |0.5853327580119924  |1476      
 [14, 11, 0, 0, 0]   |0.6666535152094641  |0.38558838619487473 |219       
 [5, 0, 0, 0, 0]     |2.1459728485064264  |2.036215610173749   |21        
 [10, 6, 17, 19, 2]  |17.639564657210524  |3.935918886911967   |600       
 [13, 13, 0, 0, 0]   |0.6284933787334958  |0.3492630953070207  |235       
 [9, 14, 4, 6, 4]    |3.205544269588114   |1.5525238466355955  |290       
 [16, 1, 2, 0, 0]    |0.5738971835080258  |0.47935922179708224 |72        
 [16, 14, 0, 0, 0]   |0.9405626597261844  |0.4431810026097812  |301       
 [16, 1, 8, 0, 0]    |0.6268700658977928  |0.500565914674147   |90        
 [16, 13, 20, 0, 0]  |1.5572000465869305  |0.37451979011258146 |570       
 [14, 3, 0, 0, 0]    |0.555914495154065   |0.44279835982567156 |91        
 [10, 2, 10, 0, 0]   |0.5591583280209546  |0.44316079271817105 |93        
 [16, 4, 6, 1, 3]    |1.7849165704983954  |1.1875254341426786  |163       
 [13, 0, 0, 0, 0]    |0.44563750857066914 |0.39033520130482735 |53        
Gen 2 Train time: 8.05879967212677 minutes:
 Average MSE:        0.5373745734776468
 Average Error:      0.8006764526061084
 Structure           |Error               |MSE                 |weights&biases
 [13, 0, 0, 0, 0]    |0.5101855329184459  |0.4468730052218037  |53        
 [19, 2, 4, 0, 0]    |0.5257740222922542  |0.39538955931461206 |114       
 [16, 0, 0, 0, 0]    |0.5127581382215185  |0.4358526678823094  |65        
 [16, 1, 4, 0, 0]    |0.6621332417759728  |0.5448261795842555  |78        
 [7, 18, 3, 1, 16]   |1.1987925745002035  |0.6027907618957841  |275       
 [17, 3, 2, 0, 0]    |0.5553521703604642  |0.41554979625642013 |116       
 [12, 3, 17, 0, 0]   |0.7294619131715478  |0.4877520376282275  |161       
 [12, 3, 1, 0, 0]    |0.5685874159973171  |0.46435765682039776 |81        
 [6, 13, 6, 4, 13]   |1.513195291195158   |0.7147828433257927  |300       
 [13, 2, 5, 0, 0]    |0.5540036952139037  |0.4445983795498333  |88        
 [15, 6, 0, 0, 0]    |0.6244968983131516  |0.43136144704143886 |148       
 [17, 7, 2, 0, 0]    |0.6717329346872531  |0.41152132563236776 |196       
 [12, 17, 5, 0, 0]   |1.1233712877331985  |0.46479178048877545 |353       
 [13, 7, 0, 0, 0]    |0.5932731611754578  |0.4128791502466006  |145       
 [15, 6, 12, 19, 0]  |1.4583040878630875  |0.4262514608840363  |492       
 [16, 1, 2, 0, 0]    |0.7424645039178874  |0.620158483152859   |72        
 [20, 2, 0, 0, 0]    |0.5500840686244157  |0.42308415979816816 |105       
 [13, 7, 1, 0, 0]    |0.8407708351707334  |0.5822029696060076  |147       
 [14, 8, 0, 0, 0]    |0.6386625469488113  |0.41649573411943513 |171       
 [14, 4, 2, 0, 0]    |0.6321286592384426  |0.4741828221986692  |115       
 [13, 1, 5, 0, 0]    |0.5522027924731426  |0.4647108371107806  |69        
 [12, 3, 5, 0, 0]    |0.7316719335054996  |0.5684038873039003  |101       
 [15, 2, 7, 0, 0]    |0.5440284985774618  |0.41738190106506    |106       
 [10, 2, 10, 1, 0]   |2.504769762686992   |1.9752536474783706  |95        
 [12, 3, 0, 0, 0]    |0.47870534859039154 |0.3929118433352656  |79        
Increasing Epochs
Gen 3 Train time: 9.360812453428904 minutes:
 Average MSE:        0.4777516047458265
 Average Error:      0.7705095050692577
 Structure           |Error               |MSE                 |weights&biases
 [12, 3, 0, 0, 0]    |0.60632418000062    |0.49765884572689884 |79        
 [13, 0, 0, 0, 0]    |0.5861755951438545  |0.513432923687952   |53        
 [16, 0, 0, 0, 0]    |0.42734914983469313 |0.3632536535036337  |65        
 [15, 1, 5, 0, 0]    |0.5368210146715363  |0.4428206048948435  |77        
 [15, 4, 0, 0, 0]    |0.6709743170614492  |0.5045822507124227  |114       
 [14, 4, 0, 0, 0]    |0.642127585562679   |0.4914140322572994  |107       
 [17, 6, 2, 16, 0]   |0.9269471243404711  |0.5112693343250365  |238       
 [11, 10, 5, 2, 8]   |1.0408535448783773  |0.5529659197922923  |253       
 [14, 3, 0, 0, 0]    |0.48543574430816383 |0.386660454537776   |91        
 [15, 1, 3, 0, 0]    |0.5399260688405041  |0.45211303257170954 |71        
 [13, 6, 1, 0, 0]    |0.6473161992777517  |0.465370978695726   |132       
 [7, 8, 9, 15, 20]   |2.9495979108126353  |0.570734506182556   |657       
 [17, 4, 2, 0, 0]    |0.6008773032785234  |0.4276866320952811  |136       
 [17, 2, 1, 0, 0]    |0.565944821377506   |0.44966217774717576 |92        
 [15, 5, 2, 15, 0]   |0.6258987847270306  |0.38152969008171345 |198       
 [14, 1, 4, 0, 0]    |0.6765817222907072  |0.5679612769010564  |70        
 [13, 2, 3, 0, 0]    |0.5504442108264753  |0.4506656032573756  |80        
 [12, 10, 3, 0, 0]   |0.788020805263569   |0.47438749708926187 |203       
 [13, 5, 3, 0, 0]    |0.734088021656875   |0.5290743350544935  |131       
 [15, 2, 1, 10, 0]   |0.6474187373215449  |0.49053335733464626 |111       
 [17, 6, 7, 9, 10]   |1.3489968678651938  |0.5075608140541207  |391       
 [13, 4, 3, 0, 0]    |0.6707662785538093  |0.5044258027892302  |114       
 [14, 6, 1, 0, 0]    |0.7196576546377712  |0.5058679259278642  |141       
 [15, 4, 3, 0, 0]    |0.6220280460766118  |0.45168506669136105 |128       
 [14, 3, 12, 0, 0]   |0.6521659381230895  |0.45047340273393466 |148       
Gen 4 Train time: 9.3306480606397 minutes:
 Average MSE:        0.6673068370744296
 Average Error:      1.6955318769101786
 Structure           |Error               |MSE                 |weights&biases
 [16, 0, 0, 0, 0]    |0.49872228713956857 |0.4239219686226444  |65        
 [14, 3, 0, 0, 0]    |0.4659218914447717  |0.3711172332022811  |91        
 [15, 1, 5, 0, 0]    |0.6131336481022273  |0.5057704626189748  |77        
 [17, 2, 14, 3, 0]   |0.8564311104707802  |0.5488218463389926  |178       
 [7, 18, 15, 20, 19] |14.577670690953958  |0.7460153916533372  |1189      
 [16, 1, 2, 19, 0]   |0.766262475884952   |0.5319368444528016  |146       
 [15, 1, 2, 0, 0]    |1.363684014295269   |1.1504922238158386  |68        
 [7, 3, 2, 0, 0]     |0.5988877943374569  |0.5206480360870944  |56        
 [4, 3, 0, 0, 0]     |0.9699216183626466  |0.8975916771793144  |31        
 [15, 2, 2, 0, 0]    |0.5846915777358382  |0.4715779871666165  |86        
 [14, 1, 3, 0, 0]    |0.6001709022773085  |0.5076105155232954  |67        
 [9, 17, 19, 19, 9]  |8.942121352650906   |0.5589321720550819  |1109      
 [17, 1, 1, 0, 0]    |0.5344401766927661  |0.4452873483187563  |73        
 [14, 1, 1, 5, 0]    |0.6870493143424927  |0.5695838872158054  |75        
 [14, 3, 2, 0, 0]    |0.539415110572307   |0.4222026550411838  |98        
 [14, 4, 2, 0, 0]    |0.5601467068336534  |0.42018652755226843 |115       
 [14, 4, 0, 0, 0]    |0.62377055119002    |0.47736557135299257 |107       
 [14, 7, 3, 0, 0]    |0.6061357799237486  |0.3913506731229893  |175       
 [1, 5, 3, 0, 0]     |4.300430095122207   |3.940135209366345   |35        
 [15, 4, 0, 0, 0]    |0.6525543245791031  |0.49073015380124263 |114       
 [15, 5, 2, 0, 0]    |0.6395061950721135  |0.4506523989686505  |140       
 [14, 2, 3, 0, 0]    |0.6353014316106222  |0.5136795265025563  |85        
 [16, 2, 2, 0, 0]    |0.6099507725061323  |0.4858394663108503  |91        
 [15, 4, 10, 0, 0]   |0.5825978774096564  |0.38088488913121615 |170       
 [17, 2, 1, 0, 0]    |0.5793792232439621  |0.4603362614596086  |92        
Increasing Epochs
Gen 5 Train time: 10.541833798090616 minutes:
 Average MSE:        0.6027158032493893
 Average Error:      0.8551489034208124
 Structure           |Error               |MSE                 |weights&biases
 [14, 3, 0, 0, 0]    |0.5853785090589961  |0.4662671075282631  |91        
 [16, 0, 0, 0, 0]    |0.5581597430626863  |0.4744447625193574  |65        
 [17, 1, 1, 0, 0]    |0.577624736925578   |0.48126806075953327 |73        
 [9, 5, 2, 0, 0]     |0.5358099083135183  |0.4257189767093208  |92        
 [14, 1, 3, 0, 0]    |0.6495285108079589  |0.5493560267038159  |67        
 [15, 2, 3, 0, 0]    |0.5467450427933326  |0.4365847841967657  |90        
 [15, 14, 5, 0, 0]   |1.0915357792612979  |0.45501980949421916 |350       
 [16, 1, 1, 13, 0]   |0.7568383465760331  |0.579201068479205   |107       
 [19, 13, 9, 6, 8]   |3.1138041202296556  |0.7526501017312528  |568       
 [15, 3, 2, 15, 0]   |0.5787068843799178  |0.3859840721655614  |162       
 [15, 2, 9, 0, 0]    |0.5487212854399526  |0.4126462282992991  |114       
 [15, 2, 4, 0, 0]    |0.6300127183574955  |0.4980696900287945  |94        
 [15, 4, 6, 0, 0]    |0.6023584520376754  |0.41815522003259786 |146       
 [14, 2, 3, 0, 0]    |0.46250410106933454 |0.37396246226059016 |85        
 [7, 3, 2, 0, 0]     |0.49467238040271094 |0.43004750772742756 |56        
 [11, 6, 17, 0, 0]   |0.9338610014721088  |0.5099576109400666  |242       
 [16, 2, 1, 0, 0]    |0.6043259328989821  |0.4861968953861586  |87        
 [15, 3, 2, 0, 0]    |0.5798611768796615  |0.44710287997898523 |104       
 [3, 1, 1, 0, 0]     |3.5312687392194118  |3.3843342908600595  |17        
 [16, 1, 3, 0, 0]    |0.6122820918222588  |0.5075996826610581  |75        
 [15, 5, 2, 0, 0]    |0.540164135470892   |0.3806472327595432  |140       
 [16, 2, 2, 5, 0]    |0.5357792676237598  |0.40798167619844444 |109       
 [16, 1, 3, 5, 0]    |1.06084904294834    |0.8324097856551456  |97        
 [15, 2, 3, 6, 0]    |0.5909761737728714  |0.44110180603357013 |117       
 [14, 2, 1, 3, 0]    |0.6569545046958779  |0.5311873421257022  |85        
Result:  [14, 2, 3]
Fold 0
Fold 0 Train time: 19.261992879708608 minutes, MSE: 0.20636188508729483
Fold 1
Fold 1 Train time: 19.143848621845244 minutes, MSE: 0.04740440466341885
Fold 2
Fold 2 Train time: 19.22196644147237 minutes, MSE: 0.236392517009205
Fold 3
Fold 3 Train time: 19.11936772664388 minutes, MSE: 0.06455437961582168
Fold 4
Fold 4 Train time: 19.149147057533263 minutes, MSE: 0.5612320408667664
Total Time: 149.93094306389492 minutes
CellsPerSensor: 2
 Resulting Network Architecture: [14, 2, 3]
 MSE after 5-Fold CV: 0.22318904544850135
 Weights and Biases: 85
 Objective Function Value: 0.2760326483296887
~/workspace/SolarCellResearch
