/tmp/tmp.J25GuPJ053 ~/workspace/SolarCellResearch
Using TensorFlow backend.
Genetically searching for best layer structure...
  Training on:     datasets/N5dataset10k3.mat
  Evaluating with: datasets/N5dataset100k3.mat
Gen 0 Train time: 8.173876404762268 minutes:
 Average MSE:        0.7489445233875213
 Average Error:      1.4869290992445716
 Structure           |Error               |MSE                 |weights&biases
 [5, 12, 19, 0, 0]   |0.8250981025364243  |0.3405296812624329  |354       
 [9, 7, 5, 1, 0]     |0.4398404407586507  |0.30610005526748296 |145       
 [3, 16, 1, 0, 0]    |0.8993649586133811  |0.7145756805323515  |92        
 [5, 9, 0, 0, 0]     |1.3998678962456659  |1.148983768740755   |79        
 [19, 6, 0, 0, 0]    |0.3696347745560416  |0.23334438798786866 |184       
 [4, 13, 11, 7, 0]   |4.115264269326544   |1.8352910018456225  |323       
 [18, 16, 20, 16, 0] |4.045818073659559   |0.2923462981712772  |1051      
 [17, 0, 0, 0, 0]    |0.31630476532842194 |0.26618889705279625 |69        
 [7, 7, 0, 0, 0]     |0.4605032786135392  |0.37234467662282916 |85        
 [2, 2, 13, 0, 0]    |2.8399371630887282  |2.4139922838544896  |65        
 [1, 8, 0, 0, 0]     |3.8122795345873537  |3.554545877803173   |28        
 [11, 18, 9, 0, 0]   |0.9693061195010038  |0.33082200278520935 |430       
 [12, 20, 11, 6, 7]  |1.5892196329791384  |0.3082768916148089  |656       
 [20, 0, 0, 0, 0]    |0.23409546591784966 |0.19118260265261458 |81        
 [1, 12, 12, 13, 0]  |6.11745503344682    |2.4501424502584177  |366       
 [15, 16, 13, 17, 11]|2.603824076346042   |0.23038145659159803 |970       
 [8, 0, 0, 0, 0]     |0.504934653936753   |0.46494960471522956 |33        
 [18, 14, 14, 4, 0]  |0.8547711261696191  |0.19312424618809815 |595       
 [16, 6, 0, 0, 0]    |0.34437467274378997 |0.23257906450734045 |157       
 [9, 7, 0, 0, 0]     |0.40224564549585146 |0.3093777309033131  |105       
 [5, 13, 6, 11, 0]   |2.017183697444793   |1.037384176117241   |266       
 [13, 0, 0, 0, 0]    |0.47448075507951465 |0.4155990855510736  |53        
 [16, 8, 8, 7, 0]    |0.5400277589806213  |0.23844067655181872 |327       
 [20, 3, 0, 0, 0]    |0.4182749816437172  |0.3044902500381129  |127       
 [7, 0, 0, 0, 0]     |0.5791206041144666  |0.538620237072073   |29        
Gen 1 Train time: 8.002555040518443 minutes:
 Average MSE:        0.4337327719383696
 Average Error:      0.9785554526327913
 Structure           |Error               |MSE                 |weights&biases
 [20, 0, 0, 0, 0]    |0.32816003755143675 |0.2680038667971469  |81        
 [17, 0, 0, 0, 0]    |0.3357575596589105  |0.2825595573621696  |69        
 [16, 6, 0, 0, 0]    |0.33755908968141046 |0.22797604907623864 |157       
 [11, 0, 0, 0, 0]    |1.095731453345048   |0.979142719852493   |45        
 [14, 4, 10, 6, 15]  |0.5241282191934161  |0.22458097835376928 |339       
 [20, 19, 0, 0, 0]   |0.7154678962285048  |0.21603420010865965 |479       
 [16, 7, 4, 4, 0]    |0.41759324200995207 |0.2385330448380963  |224       
 [20, 2, 0, 0, 0]    |0.24501571702115024 |0.18844804764563577 |105       
 [14, 5, 0, 0, 0]    |0.39237445000018195 |0.2885062107486249  |123       
 [16, 3, 4, 0, 0]    |0.3333153436008253  |0.24692607977227882 |120       
 [17, 7, 0, 0, 0]    |0.3618632712027407  |0.22786798238274847 |185       
 [16, 6, 19, 0, 0]   |0.44753925158146596 |0.20982298504565158 |303       
 [8, 4, 0, 0, 0]     |0.3898209580696112  |0.33135408666624977 |65        
 [13, 3, 17, 0, 0]   |0.34199963009285705 |0.2252722465573404  |167       
 [14, 2, 0, 0, 0]    |0.34491069915702843 |0.28594101277313666 |75        
 [12, 3, 0, 0, 0]    |0.25978942562716983 |0.2132300012998643  |79        
 [12, 9, 10, 0, 0]   |0.6614530529448824  |0.34187289311817104 |264       
 [15, 12, 2, 4, 2]   |1.8794033774932943  |0.9148038338536513  |288       
 [13, 0, 0, 0, 0]    |0.4404073532413237  |0.38575409290602247 |53        
 [14, 0, 0, 0, 0]    |0.46600780567627037 |0.4041161692855053  |57        
 [2, 11, 18, 16, 8]  |10.803766570795789  |1.858732548448587   |704       
 [9, 7, 3, 10, 0]    |0.42299196360628116 |0.27516011932076    |172       
 [3, 7, 6, 5, 5]     |2.2474877824245034  |1.5216770534411452  |156       
 [13, 3, 0, 0, 0]    |0.3564833930066361  |0.28823832501279034 |85        
 [19, 6, 0, 0, 0]    |0.31485877260909223 |0.19876519379250399 |184       
Increasing Epochs
Gen 2 Train time: 9.209673504034678 minutes:
 Average MSE:        0.32560452655189076
 Average Error:      0.5233635549958455
 Structure           |Error               |MSE                 |weights&biases
 [20, 2, 0, 0, 0]    |0.3212004949497872  |0.24704376891411522 |105       
 [12, 3, 0, 0, 0]    |0.33595309991107597 |0.275743632589333   |79        
 [19, 6, 0, 0, 0]    |0.36197293701739497 |0.22850759525519    |184       
 [12, 5, 0, 0, 0]    |0.34567440558025403 |0.26454128013436135 |107       
 [17, 1, 0, 0, 0]    |0.33437801478483303 |0.27999510861613325 |71        
 [18, 4, 2, 2, 0]    |0.28528527979230445 |0.19656431122428825 |149       
 [17, 2, 2, 0, 0]    |0.25025940729294704 |0.19686102227063434 |96        
 [12, 5, 2, 0, 0]    |0.29146760322595283 |0.21809458862342518 |116       
 [14, 5, 10, 0, 0]   |0.5788441282281992  |0.36177889312474704 |188       
 [10, 4, 5, 0, 0]    |0.33753732218313326 |0.25960885344941614 |105       
 [19, 5, 0, 0, 0]    |0.2994228326944157  |0.19920943940163074 |163       
 [11, 3, 0, 0, 0]    |0.2577371555323295  |0.21474264015930472 |73        
 [18, 6, 0, 0, 0]    |0.3478477716906375  |0.22458740121328594 |175       
 [18, 14, 6, 0, 0]   |0.7408970176902188  |0.2612196536257382  |417       
 [16, 4, 0, 0, 0]    |0.2861969784353711  |0.21149054849866386 |121       
 [12, 11, 0, 0, 0]   |0.5314784822830858  |0.3296932616598546  |191       
 [20, 16, 0, 0, 0]   |0.6364442198925949  |0.22664768842995872 |413       
 [17, 2, 1, 0, 0]    |0.2916863347655119  |0.23175459436223567 |92        
 [16, 2, 0, 0, 0]    |0.273571906133866   |0.2211993869602614  |85        
 [6, 10, 6, 7, 2]    |2.9323345266834013  |1.683371912317521   |222       
 [8, 5, 3, 10, 8]    |1.5868832821931436  |0.9064421140588802  |224       
 [13, 7, 2, 5, 0]    |0.3277933784927582  |0.21216907200049934 |174       
 [15, 3, 2, 0, 0]    |0.33146076101690275 |0.25557334541373977 |104       
 [14, 2, 0, 0, 0]    |0.28204679412591865 |0.23382500501981926 |75        
 [17, 12, 8, 0, 0]   |0.515714740300099   |0.19944804647423256 |380       
Increasing Epochs
Gen 3 Train time: 11.148959974447886 minutes:
 Average MSE:        0.40112842377161834
 Average Error:      1.1766623344542209
 Structure           |Error               |MSE                 |weights&biases
 [17, 2, 2, 0, 0]    |0.2703991964230462  |0.21270354151637566 |96        
 [11, 3, 0, 0, 0]    |0.28680010057365224 |0.23895743967506783 |73        
 [16, 2, 0, 0, 0]    |0.2511131871846423  |0.20304015806250247 |85        
 [15, 5, 17, 3, 0]   |1.8744320602533415  |0.919252639300225   |285       
 [19, 9, 1, 12, 0]   |0.509690638773644   |0.25058644505323485 |284       
 [18, 3, 0, 0, 0]    |0.24351486661169533 |0.18266940599779072 |115       
 [17, 4, 2, 1, 0]    |2.098744123663066   |1.4863733050991246  |138       
 [15, 2, 0, 0, 0]    |0.32525976926951794 |0.26630017584000304 |80        
 [14, 3, 1, 20, 0]   |0.33418670858220384 |0.22853739347106483 |152       
 [13, 4, 3, 13, 0]   |0.3859510986464316  |0.24856656428535429 |176       
 [15, 19, 17, 12, 11]|4.699299215695769   |0.3320111901228315  |1060      
 [10, 19, 17, 3, 8]  |1.855355449174056   |0.344065337348498   |674       
 [18, 9, 4, 0, 0]    |0.4308619777015618  |0.21937614234241684 |270       
 [16, 3, 1, 1, 0]    |1.213929163188204   |0.9290082506489907  |107       
 [15, 10, 5, 3, 0]   |0.3731346256102107  |0.18436901786586044 |282       
 [16, 4, 0, 0, 0]    |0.3048219169767113  |0.22525379117647376 |121       
 [9, 16, 17, 15, 15] |4.409156037975602   |0.3601204560121246  |1002      
 [6, 19, 4, 17, 13]  |6.71916153696979    |1.6404381576740992  |564       
 [16, 7, 4, 0, 0]    |0.30916555884565833 |0.18565255120784127 |204       
 [17, 2, 11, 0, 0]   |0.3007943486932171  |0.21624819615775226 |132       
 [15, 5, 6, 12, 0]   |0.420460735938349   |0.22059999857342305 |258       
 [15, 3, 0, 0, 0]    |0.2770782816720894  |0.21741328286949452 |97        
 [13, 18, 4, 0, 0]   |0.5351335820657397  |0.2111389403484833  |372       
 [20, 5, 3, 1, 16]   |0.494368430626386   |0.2740419098075841  |236       
 [16, 7, 15, 0, 0]   |0.4937457502409346  |0.23148630383384233 |303       
Result:  [18, 3]
Fold 0
Fold 0 Train time: 18.410105669498442 minutes, MSE: 0.02768019746262211
Fold 1
Fold 1 Train time: 18.381223344802855 minutes, MSE: 0.012790014224234363
Fold 2
Fold 2 Train time: 18.367384787400564 minutes, MSE: 0.013422883910354804
Fold 3
Fold 3 Train time: 18.399106339613596 minutes, MSE: 0.13510717128265873
Fold 4
Fold 4 Train time: 18.400495318571725 minutes, MSE: 0.020792084896155433
Total Time: 128.49874667326608 minutes
CellsPerSensor: 5
 Resulting Network Architecture: [18, 3]
 MSE after 5-Fold CV: 0.04195847035520509
 Weights and Biases: 115
 Objective Function Value: 0.055934442092082544
~/workspace/SolarCellResearch
