/tmp/tmp.WPk4E2dQ4E ~/workspace/SolarCellResearch
Using TensorFlow backend.
Genetically searching for best layer structure...
  Training on:     datasets/N1dataset10k85.mat
  Evaluating with: datasets/N1dataset100k85.mat
Gen 0 Train time: 8.501985156536103 minutes:
 Average MSE:        1.9607739170943272
 Average Error:      5.740474271890846
 Structure           |Error               |MSE                 |weights&biases
 [11, 5, 0, 0, 0]    |0.9274741559458657  |0.7241256520511616  |99        
 [3, 3, 12, 0, 0]    |3.522216909152587   |2.8693645528600618  |82        
 [6, 0, 0, 0, 0]     |2.423003906954559   |2.276201521441201   |25        
 [4, 15, 19, 6, 3]   |18.324796636942562  |4.798268626998734   |536       
 [7, 6, 3, 0, 0]     |1.2513887662144845  |0.9893114801220401  |94        
 [14, 12, 17, 20, 18]|18.479663724403856  |0.9200482812620301  |1200      
 [13, 20, 0, 0, 0]   |1.5035384359396622  |0.6426347782794457  |340       
 [4, 10, 13, 0, 0]   |3.2517918422038927  |1.8808168562391725  |219       
 [15, 20, 14, 4, 1]  |34.30835016792053   |5.586699981662642   |726       
 [15, 6, 0, 0, 0]    |0.8028399753368278  |0.5545491329731941  |148       
 [5, 0, 0, 0, 0]     |1.1642977781027652  |1.1047489777484771  |21        
 [8, 19, 0, 0, 0]    |1.3710221165136995  |0.8009606430546059  |215       
 [9, 3, 13, 4, 15]   |2.6966843749467153  |1.4219412409446666  |256       
 [5, 6, 15, 15, 4]   |13.039311422531648  |4.07743759258946    |465       
 [15, 13, 0, 0, 0]   |1.0142806062275     |0.5203152499830889  |267       
 [14, 0, 0, 0, 0]    |0.8784523187904589  |0.7617829178942583  |57        
 [1, 1, 19, 3, 0]    |9.681461044670929   |7.409128523788222   |107       
 [5, 0, 0, 0, 0]     |1.3326116603958331  |1.2644543322559323  |21        
 [14, 5, 3, 18, 0]   |1.1790227999076264  |0.6701095715859848  |226       
 [3, 15, 7, 20, 12]  |11.402210687503535  |2.506299234471901   |606       
 [15, 9, 14, 11, 5]  |4.758039629829015   |1.17331812702968    |560       
 [16, 17, 4, 15, 0]  |2.8787887984457714  |0.8247867999020965  |500       
 [20, 0, 0, 0, 0]    |0.7287770390367542  |0.5951823566091929  |81        
 [3, 9, 5, 0, 0]     |3.808666829018813   |2.9587864887582715  |101       
 [3, 16, 7, 0, 0]    |2.7831651703352436  |1.688075006852659   |200       
Gen 1 Train time: 8.28841637770335 minutes:
 Average MSE:        1.1154773570028411
 Average Error:      2.2295562942440417
 Structure           |Error               |MSE                 |weights&biases
 [20, 0, 0, 0, 0]    |0.815375803687363   |0.6659063971090402  |81        
 [15, 6, 0, 0, 0]    |0.784509900434789   |0.5418879209552017  |148       
 [14, 0, 0, 0, 0]    |0.6327976615101834  |0.5487542564468741  |57        
 [9, 6, 2, 0, 0]     |1.190098174280337   |0.9176270845407828  |104       
 [15, 6, 4, 0, 0]    |0.872639663889654   |0.564828821526625   |174       
 [15, 3, 0, 0, 0]    |0.7528586294033036  |0.5907408735445768  |97        
 [11, 6, 2, 0, 0]    |1.335400939053945   |0.9843552463611923  |122       
 [12, 1, 7, 2, 8]    |1.9765815721077158  |1.4938682158600094  |112       
 [14, 10, 0, 0, 0]   |0.9028164660014674  |0.5434943351453272  |203       
 [7, 6, 3, 0, 0]     |1.175194342094254   |0.9290743895083373  |94        
 [15, 9, 8, 8, 0]    |1.797731922278281   |0.7494061599614514  |350       
 [18, 3, 0, 0, 0]    |0.7946752303633718  |0.5961149490027188  |115       
 [15, 10, 0, 0, 0]   |0.9611505452490023  |0.5601088005121634  |216       
 [10, 3, 0, 0, 0]    |0.8282045908216887  |0.7004760772482592  |67        
 [6, 3, 2, 0, 0]     |1.5809363894181292  |1.3951714668447728  |50        
 [15, 2, 1, 14, 1]   |11.06193661465365   |8.093085713697716   |125       
 [14, 3, 2, 9, 0]    |1.4394933659839213  |1.0348859449236507  |132       
 [7, 17, 13, 14, 7]  |9.065972526660246   |1.5754297971711466  |700       
 [10, 7, 0, 0, 0]    |0.8218225702259213  |0.6164791613241767  |115       
 [20, 20, 15, 11, 0] |9.41602747831798    |0.8064715065588594  |983       
 [12, 2, 6, 11, 0]   |1.3834711664667552  |0.9067356551831608  |169       
 [15, 3, 19, 0, 0]   |1.3931471426230848  |0.8685460426148179  |189       
 [17, 20, 2, 9, 0]   |2.8148194733661027  |0.826874895321924   |490       
 [9, 3, 0, 0, 0]     |0.9059152712185868  |0.7777816132756372  |61        
 [12, 13, 0, 0, 0]   |1.0353299159913036  |0.5988286004326083  |219       
Gen 2 Train time: 8.350377810001373 minutes:
 Average MSE:        0.9306591388426128
 Average Error:      1.7201452041136323
 Structure           |Error               |MSE                 |weights&biases
 [14, 0, 0, 0, 0]    |0.8164328153347462  |0.7080003763740788  |57        
 [15, 3, 0, 0, 0]    |0.7985086702139865  |0.6265608056442089  |97        
 [15, 6, 0, 0, 0]    |0.9213226004592437  |0.6363891497292826  |148       
 [10, 2, 1, 0, 0]    |1.2528723440324534  |1.086475303861908   |57        
 [11, 8, 0, 0, 0]    |0.839730512798117   |0.5947142405915793  |138       
 [8, 5, 2, 0, 0]     |1.4133181490544973  |1.1456134261673203  |84        
 [14, 3, 10, 0, 0]   |0.9599734547676224  |0.6798727394552306  |138       
 [17, 3, 0, 0, 0]    |0.817900613396573   |0.6228095848075923  |109       
 [13, 5, 10, 7, 0]   |1.9363595736114396  |1.026145656200177   |254       
 [13, 6, 3, 0, 0]    |1.0842631703209027  |0.7489377951863447  |148       
 [15, 7, 20, 5, 14]  |3.5902154890440765  |0.9760048000492748  |521       
 [15, 8, 2, 0, 0]    |1.2327364613011083  |0.758992383572217   |194       
 [12, 6, 3, 3, 0]    |1.4879336709095827  |1.0200874505105528  |151       
 [15, 5, 2, 17, 0]   |1.5112602260876824  |0.9029788837102822  |206       
 [12, 16, 5, 0, 0]   |1.4061801874425044  |0.6085823403713795  |335       
 [14, 2, 11, 1, 4]   |3.5285480391892454  |2.549472476954328   |130       
 [18, 5, 2, 0, 0]    |1.2822036482431296  |0.8509347718822541  |164       
 [11, 6, 2, 0, 0]    |1.0210479169018756  |0.7526382859222528  |122       
 [4, 8, 0, 0, 0]     |1.3847448357912713  |1.1888849946287832  |61        
 [14, 7, 1, 5, 0]    |1.5461599920943443  |1.008308760314777   |171       
 [17, 5, 0, 0, 0]    |0.7072516497539205  |0.48974583027950125 |147       
 [14, 10, 0, 0, 0]   |0.9493097986471112  |0.5714832607647826  |203       
 [14, 4, 3, 6, 0]    |1.2374623269010951  |0.8547577120609713  |148       
 [14, 17, 19, 2, 19] |9.245118241346232   |1.3966767356263028  |756       
 [13, 6, 1, 0, 0]    |2.03277571519805    |1.4614107063999362  |132       
Increasing Epochs
Gen 3 Train time: 9.581033575534821 minutes:
 Average MSE:        0.9350195690737436
 Average Error:      1.6056481281948498
 Structure           |Error               |MSE                 |weights&biases
 [17, 5, 0, 0, 0]    |0.7384831334469838  |0.5113724873787697  |147       
 [15, 3, 0, 0, 0]    |0.8289126414761335  |0.6504176996760409  |97        
 [14, 0, 0, 0, 0]    |0.7094027678974418  |0.6151852513011388  |57        
 [14, 12, 4, 0, 0]   |1.698627822327067   |0.8456250353898389  |279       
 [14, 13, 2, 7, 0]   |1.8946199063208038  |0.908480587763328   |294       
 [14, 7, 2, 0, 0]    |0.9185250876214432  |0.6065391141945128  |166       
 [13, 7, 17, 4, 0]   |1.59392374343033    |0.6644462708998959  |350       
 [13, 1, 1, 0, 0]    |1.4651980560233477  |1.2706015187566533  |57        
 [13, 11, 8, 4, 0]   |1.6262060822931206  |0.7126604102201802  |330       
 [16, 4, 0, 0, 0]    |0.8560471049946283  |0.6325918350563262  |121       
 [14, 2, 5, 0, 0]    |0.8991958774447354  |0.7126574672824812  |93        
 [8, 4, 3, 0, 0]     |0.9743588142925462  |0.7997343646168993  |79        
 [13, 6, 9, 0, 0]    |1.0852346489449747  |0.6648433898271504  |196       
 [14, 3, 10, 0, 0]   |0.9942181987141501  |0.7041255641174547  |138       
 [15, 8, 0, 0, 0]    |0.6827041726718222  |0.43314027506141384 |182       
 [16, 19, 1, 3, 0]   |3.8781585429160983  |1.423132515256586   |401       
 [14, 10, 3, 0, 0]   |1.365365824843606   |0.7702211452687463  |229       
 [15, 6, 6, 0, 0]    |1.0752035300487766  |0.6686530079957723  |190       
 [14, 4, 1, 4, 0]    |1.118182881584181   |0.828370252731949   |120       
 [11, 4, 6, 0, 0]    |0.8748074594436899  |0.6513217865066295  |118       
 [14, 3, 2, 0, 0]    |0.9598704402331811  |0.7512949496947308  |98        
 [11, 5, 1, 13, 0]   |2.023606980203306   |1.4295812265665475  |139       
 [4, 17, 6, 9, 3]    |9.709811579526196   |4.563714509410803   |302       
 [14, 5, 3, 3, 0]    |1.3287686383923982  |0.9109681695874785  |151       
 [12, 3, 6, 0, 0]    |0.8417692697802789  |0.6458103922822612  |106       
Increasing Epochs
Gen 4 Train time: 10.73755414088567 minutes:
 Average MSE:        0.8092006450402242
 Average Error:      1.1909975214393564
 Structure           |Error               |MSE                 |weights&biases
 [15, 8, 0, 0, 0]    |0.8557625864908981  |0.5429368340452702  |182       
 [14, 0, 0, 0, 0]    |0.5875567362979517  |0.5095218891581601  |57        
 [17, 5, 0, 0, 0]    |0.7231042148532524  |0.5007231502466352  |147       
 [14, 9, 7, 0, 0]    |1.0738514953551979  |0.567651113399198   |255       
 [14, 2, 1, 0, 0]    |1.3764911130576112  |1.1354596982189773  |77        
 [13, 3, 1, 7, 0]    |1.0631325283043385  |0.8136050440819078  |107       
 [16, 6, 1, 14, 0]   |1.4689495902550989  |0.8909629640620276  |200       
 [15, 4, 3, 4, 0]    |0.9211142622890756  |0.6410350219457565  |145       
 [15, 3, 1, 0, 0]    |1.215062170127169   |0.94866005762579    |99        
 [14, 3, 4, 0, 0]    |0.8187261542558651  |0.6249987576361988  |108       
 [14, 6, 2, 0, 0]    |1.212631518572548   |0.8355148200797753  |149       
 [14, 3, 3, 0, 0]    |0.8716578280777647  |0.6737754855364292  |103       
 [14, 4, 1, 14, 0]   |1.1990227138346148  |0.8240754562453867  |150       
 [13, 5, 2, 5, 0]    |1.3098683536452773  |0.918444903675403   |142       
 [13, 3, 4, 0, 0]    |0.8851175056822486  |0.6858921577873353  |102       
 [13, 3, 6, 0, 0]    |0.7698035128203764  |0.5818049791051446  |112       
 [14, 3, 2, 0, 0]    |1.1073340546665205  |0.8667153899372545  |98        
 [14, 7, 10, 2, 0]   |1.518853338946429   |0.8089288352548178  |252       
 [13, 5, 5, 3, 0]    |1.2990713278882047  |0.8686192873963925  |161       
 [15, 3, 3, 19, 0]   |1.252638130558153   |0.7578663954127742  |201       
 [12, 4, 6, 0, 0]    |0.8711337185171756  |0.6373350433695703  |125       
 [16, 6, 17, 0, 0]   |1.2383763901370408  |0.6042913431468827  |287       
 [13, 9, 4, 3, 0]    |1.5067153705352068  |0.8606494762900356  |224       
 [13, 8, 1, 0, 0]    |3.583059998775407   |2.38981793109779    |162       
 [14, 3, 10, 0, 0]   |1.0459034220404857  |0.7407300912506943  |138       
Gen 5 Train time: 10.646749830245971 minutes:
 Average MSE:        0.7375638695532455
 Average Error:      1.082053294104867
 Structure           |Error               |MSE                 |weights&biases
 [14, 0, 0, 0, 0]    |0.7065985721528624  |0.6127534876516402  |57        
 [17, 5, 0, 0, 0]    |0.7333604467382143  |0.5078252146982168  |147       
 [13, 3, 6, 0, 0]    |0.8568820926941458  |0.6476175540027933  |112       
 [16, 20, 0, 0, 0]   |1.3817329216664798  |0.4970018411946716  |409       
 [14, 4, 5, 14, 0]   |1.1569302998826938  |0.6575530750295732  |226       
 [15, 5, 3, 0, 0]    |0.9114859025064875  |0.6311705603888211  |147       
 [14, 3, 7, 0, 0]    |1.2145819732421155  |0.8930613161573288  |123       
 [15, 2, 2, 10, 0]   |1.1815567549198955  |0.8666092055022458  |124       
 [14, 6, 3, 0, 0]    |0.8963773744129024  |0.6053831123103647  |157       
 [15, 5, 9, 7, 0]    |0.9642715184625378  |0.5071835213323315  |257       
 [16, 7, 0, 0, 0]    |1.2501777018756102  |0.8071753909889962  |175       
 [14, 6, 1, 4, 0]    |1.4186529028880883  |0.9701619733522475  |152       
 [14, 11, 4, 0, 0]   |1.1659564278630596  |0.6086826290532705  |260       
 [14, 1, 1, 3, 0]    |1.9273432194823108  |1.6219716617405073  |69        
 [18, 4, 15, 3, 0]   |1.4542153318897086  |0.7648821298582633  |257       
 [14, 2, 3, 0, 0]    |0.8506609851229133  |0.6878107152133012  |85        
 [14, 4, 4, 2, 0]    |1.0584451044491532  |0.7552555943981236  |135       
 [16, 3, 0, 0, 0]    |0.8312590698716967  |0.6425479877172575  |103       
 [14, 3, 2, 13, 0]   |1.151583897737138   |0.7954385327762179  |148       
 [14, 2, 4, 0, 0]    |0.8354368364399853  |0.6687797247621446  |89        
 [14, 3, 1, 7, 0]    |0.9389794221345835  |0.7078934332161662  |113       
 [14, 2, 2, 0, 0]    |0.8598067772313032  |0.7021925726110505  |81        
 [15, 7, 2, 2, 0]    |1.3609641975855866  |0.8634609696084663  |182       
 [15, 4, 1, 4, 0]    |1.1404028097889878  |0.830175248187788   |127       
 [13, 4, 5, 0, 0]    |0.803669811583224   |0.586509287079346   |126       
Result:  [14]
Fold 0
Fold 0 Train time: 17.14513884385427 minutes, MSE: 0.3514614113527854
Fold 1
Fold 1 Train time: 17.169734183947245 minutes, MSE: 0.08518786716774338
Fold 2
Fold 2 Train time: 17.13809548219045 minutes, MSE: 0.3693402873094799
Fold 3
Fold 3 Train time: 17.147038877010345 minutes, MSE: 0.14986159436826818
Fold 4
Fold 4 Train time: 17.157576219240823 minutes, MSE: 0.1895558349939368
Total Time: 141.86921530564626 minutes
CellsPerSensor: 1
 Resulting Network Architecture: [14]
 MSE after 5-Fold CV: 0.22908139903844274
 Weights and Biases: 57
 Objective Function Value: 0.26416592109120485
~/workspace/SolarCellResearch
