/tmp/tmp.ArgUJXaeTH ~/workspace/SolarCellResearch
Using TensorFlow backend.
Genetically searching for best layer structure...
  Training on:     datasets/N9dataset10k5.mat
  Evaluating with: datasets/N9dataset100k5.mat
Gen 0 Train time: 8.551035424073538 minutes:
 Average MSE:        0.8139976857225243
 Average Error:      2.155180904846544
 Structure           |Error               |MSE                 |weights&biases
 [13, 17, 7, 11, 0]  |0.8525647947248395  |0.24243877682749865 |503       
 [10, 6, 12, 20, 0]  |3.0237929786809943  |0.9550534194613516  |461       
 [5, 15, 5, 11, 3]   |6.022141577110012   |2.909388552719676   |291       
 [15, 9, 4, 0, 0]    |0.35406418242310883 |0.1972512314856488  |234       
 [9, 3, 9, 0, 0]     |0.22606343895181813 |0.17474288469099522 |103       
 [8, 3, 19, 6, 0]    |0.6165576508119833  |0.32673577975898127 |254       
 [19, 3, 6, 0, 0]    |0.17850775151269732 |0.1233014322547022  |148       
 [2, 6, 3, 0, 0]     |2.7955327201409563  |2.473224304971423   |49        
 [14, 15, 11, 18, 2] |19.380057719399424  |3.367749054197278   |700       
 [17, 8, 13, 0, 0]   |0.38153890361358483 |0.16888412365770455 |326       
 [16, 0, 0, 0, 0]    |0.4187016807371211  |0.3559031656309706  |65        
 [15, 6, 3, 0, 0]    |0.22549164550095466 |0.14890121648672888 |166       
 [14, 15, 11, 2, 18] |0.7874917562313806  |0.20414956814191396 |540       
 [9, 19, 18, 0, 0]   |1.3239666361853182  |0.2983858766427031  |596       
 [6, 0, 0, 0, 0]     |1.7477998715001506  |1.641906030470956   |25        
 [19, 0, 0, 0, 0]    |0.20527522282423183 |0.1693303649756875  |77        
 [12, 0, 0, 0, 0]    |0.2853921839140993  |0.25248815033352034 |49        
 [15, 13, 3, 0, 0]   |0.31679657067001243 |0.1500186822953548  |299       
 [17, 8, 5, 0, 0]    |0.2715783671870531  |0.1468263715826507  |246       
 [2, 13, 14, 5, 15]  |3.419943360136072   |1.1907983798154924  |422       
 [5, 20, 0, 0, 0]    |2.574836977558801   |1.7433110763682627  |156       
 [13, 0, 0, 0, 0]    |1.0910736339760154  |0.9556745973255094  |53        
 [1, 15, 6, 13, 17]  |6.08507592814439    |1.8512094908019587  |476       
 [18, 11, 20, 4, 9]  |0.8120912635258023  |0.1631406524761864  |642       
 [17, 13, 10, 6, 0]  |0.483185805702761   |0.1391289596899509  |498       
Gen 1 Train time: 8.47778195142746 minutes:
 Average MSE:        0.43068333462742153
 Average Error:      0.7768165846423051
 Structure           |Error               |MSE                 |weights&biases
 [19, 3, 6, 0, 0]    |0.18973027282651753 |0.13105321300246725 |148       
 [19, 0, 0, 0, 0]    |0.20413258159834285 |0.16838780672070647 |77        
 [15, 6, 3, 0, 0]    |0.23213062360566875 |0.15328520115199    |166       
 [16, 2, 3, 0, 0]    |0.19641046523188177 |0.1548886822380088  |95        
 [1, 6, 4, 8, 11]    |4.80705063462541    |2.959687600442843   |194       
 [11, 5, 4, 0, 0]    |1.1236557681495152  |0.8282729314729871  |122       
 [16, 7, 4, 0, 0]    |0.25194481249226985 |0.1512917460062934  |204       
 [14, 3, 11, 0, 0]   |0.19474155594342477 |0.13620666465425663 |143       
 [4, 8, 5, 0, 0]     |1.4213482884726014  |1.0986761115814374  |103       
 [17, 17, 9, 1, 9]   |0.6322679792144147  |0.15708912540530734 |557       
 [18, 9, 5, 0, 0]    |0.26597653493428863 |0.13175025071210228 |281       
 [16, 9, 4, 6, 0]    |0.2797915626728992  |0.13963681969187575 |278       
 [18, 6, 10, 0, 0]   |0.2255967646656202  |0.12105550730904639 |249       
 [5, 1, 17, 7, 16]   |2.3576059178401123  |1.043569097655888   |326       
 [11, 2, 5, 0, 0]    |0.24401053543001663 |0.2007803254826237  |78        
 [4, 1, 11, 8, 16]   |1.9065132692637878  |0.9096240108912541  |296       
 [14, 7, 2, 0, 0]    |0.22631785462097267 |0.1494467956489626  |166       
 [18, 2, 3, 0, 0]    |0.21759708013514367 |0.16735965114155954 |105       
 [18, 4, 3, 0, 0]    |0.22786860950253637 |0.1570036712343214  |149       
 [13, 8, 3, 3, 0]    |0.2644628556578722  |0.16282903887682967 |194       
 [13, 8, 10, 3, 0]   |0.34234734428876074 |0.17085681187009055 |278       
 [17, 12, 12, 2, 5]  |2.687823759201848   |0.8300509908979326  |470       
 [17, 8, 6, 0, 0]    |0.2717347583867672  |0.14328367944651058 |256       
 [7, 2, 3, 0, 0]     |0.35119956241380235 |0.30993252601924587 |50        
 [11, 2, 5, 15, 0]   |0.2981552248831516  |0.19106510613099884 |178       
Increasing Epochs
Gen 2 Train time: 9.708892186482748 minutes:
 Average MSE:        0.41427901450625454
 Average Error:      0.7404070472670677
 Structure           |Error               |MSE                 |weights&biases
 [19, 3, 6, 0, 0]    |0.21781153921859525 |0.1504499077472483  |148       
 [14, 3, 11, 0, 0]   |0.27721710328067706 |0.19389193456965642 |143       
 [16, 2, 3, 0, 0]    |0.19463947136516116 |0.15349208198076636 |95        
 [17, 4, 3, 0, 0]    |0.20166991425638423 |0.1414055881707265  |142       
 [15, 3, 7, 0, 0]    |0.18223646092590007 |0.13200041673395643 |129       
 [16, 7, 6, 0, 0]    |0.24762699806992566 |0.14215579071528772 |222       
 [19, 3, 5, 0, 0]    |0.1968344739715982  |0.13767049903018758 |143       
 [14, 2, 4, 8, 0]    |0.27332161234925156 |0.19600676403577708 |133       
 [17, 3, 10, 0, 0]   |0.22343513625883815 |0.1512782950084805  |156       
 [17, 7, 7, 0, 0]    |0.28010841586076957 |0.15334292109331296 |241       
 [2, 1, 2, 0, 0]     |2.412432262175985   |2.3178394401690348  |16        
 [18, 19, 5, 0, 0]   |0.6771110576517103  |0.1840735310878152  |521       
 [15, 4, 8, 0, 0]    |0.2133935647499662  |0.14375898507621301 |158       
 [16, 4, 3, 0, 0]    |0.3074780103313754  |0.21940154145077928 |135       
 [16, 5, 11, 0, 0]   |1.373998282199443   |0.8107666022020409  |211       
 [14, 8, 3, 7, 0]    |0.2719954048472622  |0.15497831008770405 |225       
 [18, 7, 8, 0, 0]    |0.25750532297391093 |0.13442956635201164 |260       
 [13, 6, 3, 0, 0]    |0.24223534936208863 |0.16732027189832804 |148       
 [14, 8, 6, 2, 0]    |0.2743283642443025  |0.15321249262310604 |233       
 [16, 6, 5, 2, 0]    |0.6271337321735858  |0.38037583630329097 |200       
 [15, 5, 3, 0, 0]    |0.2241244857202648  |0.15519798700113085 |147       
 [18, 3, 5, 0, 0]    |0.23161359592569083 |0.16444405946338583 |137       
 [15, 9, 18, 7, 0]   |0.570284644308676   |0.1593551903209742  |510       
 [6, 2, 17, 12, 3]   |8.268676133723751   |3.5165289721758777  |342       
 [16, 7, 7, 2, 0]    |0.2629648457315786  |0.14359837735927142 |242       
Increasing Epochs
Gen 3 Train time: 11.218841008345287 minutes:
 Average MSE:        0.21423954921854121
 Average Error:      0.849309547755508
 Structure           |Error               |MSE                 |weights&biases
 [15, 3, 7, 0, 0]    |0.2028160428271004  |0.1469069473665591  |129       
 [16, 2, 3, 0, 0]    |0.18634377195547144 |0.1469501192177715  |95        
 [19, 3, 5, 0, 0]    |0.19313640684635222 |0.13508398694057666 |143       
 [16, 5, 6, 4, 0]    |0.26090637235963265 |0.1574584503834818  |202       
 [15, 3, 4, 4, 0]    |0.20359942118321253 |0.14564242033168812 |134       
 [17, 4, 4, 0, 0]    |0.21335410543916308 |0.1473710052092519  |148       
 [17, 6, 9, 2, 0]    |0.27002228753337637 |0.14635051059754559 |245       
 [18, 3, 5, 0, 0]    |0.19267037522913055 |0.13679464072211503 |137       
 [15, 3, 6, 4, 0]    |0.27001903426689583 |0.18558118732112966 |150       
 [17, 6, 6, 1, 0]    |0.25312535928300617 |0.14973766414113968 |210       
 [17, 3, 4, 0, 0]    |0.22424683950392169 |0.16365284855996085 |126       
 [8, 10, 17, 18, 13] |13.90937634733596   |1.5182573093161849  |886       
 [16, 8, 6, 4, 0]    |0.3167616388907838  |0.16087852277188266 |271       
 [18, 3, 8, 0, 0]    |0.18070560785721307 |0.1235775916418091  |152       
 [11, 6, 6, 0, 0]    |0.21739633262991068 |0.14792747284656688 |154       
 [18, 5, 6, 0, 0]    |0.24907004360066978 |0.15412040637652583 |192       
 [19, 10, 5, 0, 0]   |0.42476167402269555 |0.1918144013029564  |318       
 [17, 3, 7, 0, 0]    |0.2158963688663038  |0.15175972579451819 |141       
 [17, 11, 6, 0, 0]   |0.2785155953269152  |0.1226670844555566  |328       
 [14, 5, 3, 2, 18]   |0.316044872798855   |0.18417459729529262 |216       
 [9, 12, 5, 16, 20]  |1.5735472256812695  |0.29547603366178016 |669       
 [15, 8, 5, 4, 0]    |0.27950837477986396 |0.15073634567937094 |247       
 [14, 7, 3, 4, 0]    |0.23078358709772165 |0.14280505079751613 |192       
 [16, 4, 17, 0, 0]   |0.3757196989154026  |0.21731401554358384 |219       
 [15, 4, 7, 0, 0]    |0.1944113096568687  |0.13295039218876592 |152       
Result:  [18, 3, 8]
Fold 0
Fold 0 Train time: 19.345383628209433 minutes, MSE: 0.005249145307350986
Fold 1
Fold 1 Train time: 19.378335944811504 minutes, MSE: 0.005514432120278117
Fold 2
Fold 2 Train time: 19.374826856454213 minutes, MSE: 0.008970423683954475
Fold 3
Fold 3 Train time: 19.4713871439298 minutes, MSE: 0.006381642991073987
Fold 4
Fold 4 Train time: 19.238034772872926 minutes, MSE: 0.026955878635898444
Total Time: 134.76976857185363 minutes
CellsPerSensor: 9
 Resulting Network Architecture: [18, 3, 8]
 MSE after 5-Fold CV: 0.0106143045477112
 Weights and Biases: 152
 Objective Function Value: 0.015521133967679695
~/workspace/SolarCellResearch
