/tmp/tmp.9MNXlnuhKs ~/workspace/SolarCellResearch
Using TensorFlow backend.
Genetically searching for best layer structure...
  Training on:     datasets/N7dataset10k1.mat
  Evaluating with: datasets/N7dataset100k1.mat
Gen 0 Train time: 8.541137353579204 minutes:
 Average MSE:        0.5764308923892721
 Average Error:      1.4991929085133604
 Structure           |Error               |MSE                 |weights&biases
 [11, 0, 0, 0, 0]    |0.44613481593926374 |0.39866488797607197 |45        
 [11, 0, 0, 0, 0]    |0.4452309316475656  |0.39785717937091747 |45        
 [14, 9, 14, 15, 0]  |0.7492668375091842  |0.18569307538917212 |558       
 [16, 19, 19, 11, 6] |2.7707060711229046  |0.20070927460546867 |1050      
 [8, 10, 17, 10, 0]  |0.7521325805580693  |0.21984277072907474 |492       
 [17, 12, 0, 0, 0]   |0.3965250075501261  |0.1969084913351703  |280       
 [3, 9, 3, 7, 2]     |4.743996929941264   |3.4969110251018263  |122       
 [9, 8, 11, 20, 0]   |1.1541722150453948  |0.3591135626886945  |467       
 [19, 14, 0, 0, 0]   |0.392062821275474   |0.16262095857073655 |352       
 [17, 0, 0, 0, 0]    |0.3354625692301548  |0.28231130572173    |69        
 [2, 12, 12, 20, 3]  |13.0697908412805    |3.517686483584775   |525       
 [9, 3, 11, 5, 0]    |0.4002058386569853  |0.2636121809112639  |167       
 [8, 15, 0, 0, 0]    |0.36665720990422396 |0.2367316872788245  |175       
 [7, 11, 1, 0, 0]    |0.5677294075068359  |0.41744170674284015 |123       
 [9, 1, 14, 4, 0]    |1.2524278213794038  |0.9049133594089664  |130       
 [18, 13, 9, 10, 16] |1.2794323009237691  |0.21148873689748537 |720       
 [10, 11, 16, 5, 0]  |0.7614397226339553  |0.25729184212918843 |434       
 [14, 9, 0, 0, 0]    |0.39762251971022006 |0.24913704143789978 |187       
 [17, 1, 2, 0, 0]    |0.22729519610003276 |0.1879638385163698  |76        
 [12, 1, 13, 0, 0]   |0.37938138685201217 |0.30370049345674965 |89        
 [2, 4, 13, 9, 14]   |1.9232370381166553  |0.7741494964006551  |364       
 [17, 12, 4, 0, 0]   |0.35441800532844303 |0.1576657084850032  |324       
 [11, 9, 15, 13, 0]  |0.7811264751773309  |0.21664001885909787 |513       
 [4, 16, 10, 11, 19] |2.9539145690103705  |0.6099558284874359  |631       
 [15, 15, 8, 0, 0]   |0.5794536004338681  |0.20176135564638406 |422       
Gen 1 Train time: 8.39496188958486 minutes:
 Average MSE:        0.6024363837832919
 Average Error:      1.1378014510741643
 Structure           |Error               |MSE                 |weights&biases
 [17, 1, 2, 0, 0]    |0.23692971849145927 |0.19593119480914178 |76        
 [17, 0, 0, 0, 0]    |0.3076586903639045  |0.2589127210007186  |69        
 [17, 12, 4, 0, 0]   |0.5034198785822807  |0.22395039368430117 |324       
 [10, 8, 7, 0, 0]    |0.4434347486980353  |0.2764557198275611  |189       
 [13, 2, 6, 3, 0]    |1.1090605598195475  |0.8424114842072059  |110       
 [17, 7, 2, 0, 0]    |0.307318362643931   |0.1882713403732102  |196       
 [14, 9, 7, 8, 0]    |0.42034001656069647 |0.1888709442182335  |320       
 [16, 2, 9, 14, 3]   |5.924386781030731   |2.812509611065895   |298       
 [3, 8, 8, 3, 0]     |2.9323890022659187  |2.0458583857119828  |144       
 [14, 0, 0, 0, 0]    |0.46995458365432874 |0.4075387660276323  |57        
 [7, 10, 16, 6, 8]   |2.6176516810974846  |0.8626705684792091  |444       
 [3, 5, 5, 2, 12]    |1.739946509627009   |1.2889840773432462  |120       
 [13, 6, 10, 5, 0]   |0.3792736708710261  |0.20099057797903397 |254       
 [8, 15, 0, 0, 0]    |0.5627083682023021  |0.36331182873846    |175       
 [13, 8, 4, 0, 0]    |0.32833096007028373 |0.20316574510725674 |192       
 [17, 2, 14, 16, 8]  |1.2787085027983869  |0.35375545359434063 |514       
 [12, 14, 2, 0, 0]   |0.5563447907878049  |0.29704636251596445 |251       
 [13, 15, 1, 4, 0]   |1.7121607210925973  |0.8544956667411203  |278       
 [12, 9, 6, 10, 0]   |0.5804117534774151  |0.27831060424561105 |294       
 [13, 8, 0, 0, 0]    |0.36925740456652567 |0.24752064042803418 |160       
 [13, 2, 13, 3, 0]   |0.3504540146168963  |0.23966197630003827 |152       
 [14, 1, 1, 0, 0]    |0.32189548228942794 |0.2763662292439715  |61        
 [14, 13, 1, 0, 0]   |1.9274694313294833  |1.0239912350888662  |253       
 [10, 11, 16, 5, 0]  |2.575617741286127   |0.8703058345626893  |434       
 [13, 8, 8, 3, 0]    |0.48991290263050646 |0.2596222332885748  |254       
Increasing Epochs
Gen 2 Train time: 9.822931468486786 minutes:
 Average MSE:        0.38687557978663256
 Average Error:      0.8822667146849494
 Structure           |Error               |MSE                 |weights&biases
 [17, 1, 2, 0, 0]    |0.24139580019267948 |0.19962446186490315 |76        
 [17, 7, 2, 0, 0]    |0.31820229907332925 |0.19493912710248487 |196       
 [17, 0, 0, 0, 0]    |0.27849666459474226 |0.23437117649613765 |69        
 [15, 8, 5, 2, 0]    |0.4002703929991185  |0.22355116213943918 |233       
 [16, 1, 2, 0, 0]    |0.22410606729882726 |0.1871891222112402  |72        
 [14, 8, 5, 0, 0]    |0.3326384991041169  |0.19530380333738176 |213       
 [16, 7, 3, 0, 0]    |0.2606529611599682  |0.1600825903633568  |195       
 [12, 5, 4, 0, 0]    |0.24599726822872517 |0.1777397552164798  |130       
 [15, 7, 6, 3, 10]   |0.424653054274802   |0.21246398521342455 |277       
 [17, 4, 2, 4, 0]    |0.27092096829463724 |0.1862010769085731  |150       
 [14, 5, 1, 0, 0]    |0.3331823809046201  |0.24376143715947324 |125       
 [15, 8, 2, 2, 0]    |0.3580377856703791  |0.21716089434470548 |200       
 [14, 5, 3, 0, 0]    |0.25098954726018274 |0.1773120711372254  |139       
 [8, 3, 2, 11, 17]   |0.8002624539236775  |0.3650154718339116  |314       
 [15, 2, 14, 10, 4]  |4.837218524865208   |2.1843971150490704  |318       
 [14, 5, 3, 6, 0]    |0.3142535463905954  |0.2075142750361021  |166       
 [15, 16, 2, 2, 0]   |1.9742757951951206  |0.8354386565642967  |344       
 [17, 1, 2, 0, 0]    |0.2284867520580813  |0.18894920659948267 |76        
 [13, 7, 7, 3, 0]    |0.3600602891228706  |0.2072180223827389  |221       
 [13, 5, 7, 3, 0]    |0.32896725707243096 |0.21028383707414547 |179       
 [13, 6, 6, 7, 0]    |0.40183509941050743 |0.23068238414668465 |222       
 [13, 7, 1, 0, 0]    |0.30141393229204155 |0.20871809430142227 |147       
 [13, 9, 3, 5, 3]    |1.4141250518904682  |0.7819308276489767  |237       
 [12, 10, 10, 20, 13]|5.415968407785216   |0.7647943555758782  |783       
 [14, 5, 19, 2, 0]   |1.7402570680613927  |0.8772465849582801  |274       
Gen 3 Train time: 9.733976733684539 minutes:
 Average MSE:        0.48415280406750477
 Average Error:      0.8069664510220541
 Structure           |Error               |MSE                 |weights&biases
 [16, 1, 2, 0, 0]    |0.2568607435105062  |0.21454812753527702 |72        
 [17, 1, 2, 0, 0]    |0.22010379344056322 |0.18201684240125687 |76        
 [17, 1, 2, 0, 0]    |0.28290931003685355 |0.23395443801259058 |76        
 [17, 4, 2, 0, 0]    |0.2680504206150624  |0.19079033439783627 |136       
 [16, 5, 4, 1, 0]    |0.3237181963164273  |0.21483566195907508 |164       
 [16, 1, 5, 0, 0]    |0.2325296670805866  |0.189903835907754   |81        
 [16, 4, 1, 1, 5]    |1.2463374240498142  |0.8804775832557755  |139       
 [14, 3, 3, 0, 0]    |0.2511506148504728  |0.19413481071674973 |103       
 [16, 6, 3, 0, 0]    |0.26164587219384405 |0.16893127182789597 |175       
 [4, 5, 4, 0, 0]     |1.8802636394940948  |1.5942637019524737  |66        
 [1, 1, 2, 0, 0]     |3.0466228187331414  |2.9565815068465433  |12        
 [15, 3, 3, 0, 0]    |0.2847321760117876  |0.216815986464214   |109       
 [14, 7, 3, 6, 2]    |3.732248585631175   |2.196820065577522   |212       
 [8, 13, 9, 17, 16]  |2.4139362283146126  |0.37766742634950257 |742       
 [17, 1, 1, 0, 0]    |0.2840099301465117  |0.23663271252123136 |73        
 [19, 6, 7, 15, 20]  |1.0328816172587976  |0.1854170962458705  |687       
 [17, 4, 2, 17, 0]   |0.3393783071462659  |0.2048167005417621  |202       
 [16, 3, 3, 0, 0]    |0.262138063152554   |0.19663934671325164 |115       
 [13, 6, 4, 2, 3]    |0.3385119802738848  |0.21910684421390228 |174       
 [15, 7, 2, 0, 0]    |0.3052991007210027  |0.1966237401882561  |176       
 [14, 5, 4, 2, 0]    |0.31384361214762957 |0.2135550855546004  |154       
 [15, 4, 5, 2, 0]    |0.28217396011344387 |0.19442058193647133 |149       
 [17, 20, 2, 0, 0]   |0.6436997051228954  |0.20586741003584766 |456       
 [14, 4, 15, 19, 11] |1.2955366090578355  |0.21793138340817403 |713       
 [15, 7, 5, 2, 0]    |0.3755789001315883  |0.22106760712378354 |212       
Gen 4 Train time: 9.576921792825063 minutes:
 Average MSE:        0.6465917954686621
 Average Error:      2.2669159286886473
 Structure           |Error               |MSE                 |weights&biases
 [17, 1, 2, 0, 0]    |0.2519922634492985  |0.20838730394245947 |76        
 [16, 1, 5, 0, 0]    |0.227709701499537   |0.18596743517112266 |81        
 [14, 3, 3, 0, 0]    |0.2872659397894714  |0.22205129332293677 |103       
 [16, 3, 5, 1, 0]    |0.2940139801125334  |0.2140323812037654  |127       
 [16, 4, 4, 0, 0]    |0.2923857750032895  |0.2055263146560607  |141       
 [15, 2, 4, 0, 0]    |0.2948673808047764  |0.23311355577063203 |94        
 [15, 12, 14, 0, 0]  |0.6692893433735352  |0.22615406440621735 |434       
 [15, 2, 3, 0, 0]    |0.24566750649717947 |0.19616948836017242 |90        
 [16, 4, 4, 1, 0]    |0.36337346102838963 |0.2541516468366369  |143       
 [19, 1, 2, 0, 0]    |0.2622216584810035  |0.21255274531687612 |84        
 [17, 3, 4, 9, 0]    |0.24418813367333225 |0.15726605168194463 |176       
 [16, 3, 3, 0, 0]    |0.22141345394039352 |0.1660903281757517  |115       
 [8, 2, 4, 0, 0]     |0.32257586992273396 |0.27833860166516905 |59        
 [17, 2, 3, 0, 0]    |0.22666700734064665 |0.1765284428133475  |100       
 [15, 13, 12, 1, 2]  |6.574661771192075   |2.1830503351662465  |441       
 [14, 4, 4, 1, 0]    |3.1458660913392458  |2.2786638466099927  |129       
 [8, 6, 5, 2, 0]     |0.405242575554777   |0.29426650602036375 |128       
 [15, 5, 4, 1, 0]    |0.3075813839530169  |0.20825009047304954 |156       
 [16, 3, 3, 1, 0]    |2.0487888420408504  |1.529206249781861   |117       
 [2, 4, 4, 1, 0]     |1.8729372480895323  |1.6736517561935298  |45        
 [17, 2, 3, 16, 0]   |0.28409633296786685 |0.182511535863673   |177       
 [17, 1, 2, 1, 0]    |0.29496970711529663 |0.24271129809109904 |78        
 [3, 20, 20, 18, 2]  |35.791829166479744  |3.5173913875287317  |928       
 [15, 4, 4, 1, 0]    |1.22311844963269    |0.8705794136719625  |136       
 [17, 12, 2, 0, 0]   |0.5201751739349754  |0.24818281399295122 |296       
Increasing Epochs
Gen 5 Train time: 10.847731884320577 minutes:
 Average MSE:        0.26960747412914776
 Average Error:      0.4251699799572477
 Structure           |Error               |MSE                 |weights&biases
 [16, 3, 3, 0, 0]    |0.2553188969618311  |0.19152404079870203 |115       
 [17, 2, 3, 0, 0]    |0.20516850110747306 |0.15978538932408642 |100       
 [16, 1, 5, 0, 0]    |0.2788791629903472  |0.2277568426924919  |81        
 [17, 3, 3, 1, 0]    |0.24459422056060154 |0.17984593987941833 |123       
 [17, 4, 4, 5, 0]    |0.3551610928548314  |0.22988322652575338 |174       
 [16, 4, 4, 1, 0]    |0.2895413366936041  |0.20251178316572602 |143       
 [11, 11, 20, 0, 0]  |0.6827229938980741  |0.23535363308673704 |426       
 [3, 2, 11, 0, 0]    |1.1408474401834723  |0.9770390629664547  |62        
 [15, 2, 4, 12, 0]   |0.2603959399724869  |0.17367805360334404 |162       
 [17, 3, 3, 11, 0]   |0.297934666275464   |0.19332529216981684 |173       
 [17, 2, 3, 6, 0]    |0.21567452804237752 |0.15700387030657575 |127       
 [18, 1, 4, 0, 0]    |0.1950347039425614  |0.15730357100239206 |86        
 [17, 3, 3, 3, 0]    |0.5771626993166515  |0.4138999182788951  |133       
 [16, 3, 4, 0, 0]    |0.22961004041398136 |0.170099301590143   |120       
 [12, 3, 5, 1, 0]    |0.33416652785867906 |0.25830458616373164 |103       
 [15, 2, 3, 0, 0]    |0.2211066338764115  |0.17655723322560607 |90        
 [12, 2, 20, 0, 0]   |0.33325725679356155 |0.23308768998880297 |143       
 [17, 3, 1, 1, 0]    |0.2506352383844106  |0.18895306457468103 |113       
 [18, 1, 2, 1, 0]    |0.24141536089511856 |0.19666837589370148 |82        
 [7, 2, 3, 9, 0]     |1.3394753160080224  |1.0642581482921458  |92        
 [16, 7, 3, 0, 0]    |0.29112034101924517 |0.17879443260659195 |195       
 [16, 2, 3, 8, 0]    |0.27084018220936246 |0.194713434957338   |132       
 [16, 3, 4, 5, 0]    |0.27174799701821756 |0.1886465494128456  |146       
 [16, 7, 14, 0, 0]   |0.32356503552236254 |0.15515120086637837 |294       
 [6, 8, 20, 11, 20]  |1.523873386132046   |0.23604221185633337 |746       
Gen 6 Train time: 11.281468657652537 minutes:
 Average MSE:        0.4470703272258806
 Average Error:      3.2616513081910194
 Structure           |Error               |MSE                 |weights&biases
 [18, 1, 4, 0, 0]    |0.22811142594269657 |0.18398131800072615 |86        
 [17, 2, 3, 0, 0]    |0.256796593569445   |0.19999338816195308 |100       
 [17, 2, 3, 6, 0]    |0.25528395367391704 |0.1858382124109445  |127       
 [10, 8, 4, 12, 12]  |2.2656868950146607  |0.8696868956791979  |383       
 [14, 8, 17, 8, 12]  |0.864229625206039   |0.20272259216377536 |580       
 [19, 5, 4, 3, 0]    |0.33930941964683764 |0.20580156614510722 |200       
 [16, 3, 4, 3, 0]    |0.25555152450975055 |0.1828057385072843  |134       
 [16, 3, 4, 5, 15]   |0.3929360274853069  |0.21243728569894255 |246       
 [6, 17, 19, 18, 4]  |9.879804355464671   |0.9905377608864079  |920       
 [17, 3, 5, 3, 0]    |0.2923258784944835  |0.2024249503345493  |147       
 [17, 3, 2, 5, 0]    |0.3727703882801192  |0.2666568562012012  |134       
 [15, 2, 3, 0, 0]    |0.27211733688272344 |0.2172901069064639  |90        
 [17, 4, 4, 5, 0]    |0.3107284040143415  |0.20112351697603179 |174       
 [18, 19, 19, 16, 1] |59.74188563272351   |3.5079554548893186  |1134      
 [16, 3, 3, 4, 0]    |0.2593754379545087  |0.18647115821479632 |132       
 [16, 3, 4, 0, 0]    |0.2533018217530341  |0.18765060488652038 |120       
 [17, 2, 3, 1, 0]    |1.1131899808367063  |0.8626292815153433  |102       
 [17, 3, 3, 5, 0]    |0.288861874646567   |0.2020365519869582  |143       
 [18, 3, 3, 3, 0]    |0.3188847962836729  |0.22527680654611926 |139       
 [18, 2, 3, 1, 0]    |1.1263529219530806  |0.8619870000394588  |107       
 [17, 2, 3, 11, 0]   |0.36720110316682786 |0.25111466387599857 |152       
 [16, 19, 2, 11, 14] |1.1569083590131097  |0.24129168632851644 |627       
 [17, 17, 3, 0, 0]   |0.43998828462732104 |0.15590519539905046 |415       
 [15, 2, 12, 0, 0]   |0.2214164113926066  |0.1615872336149047  |126       
 [16, 2, 3, 0, 0]    |0.26826425223951444 |0.2115523552774444  |95        
Result:  [15, 2, 12]
Fold 0
Fold 0 Train time: 19.168604946136476 minutes, MSE: 0.014086133846803215
Fold 1
Fold 1 Train time: 19.181731716791788 minutes, MSE: 0.018090365381574127
Fold 2
Fold 2 Train time: 19.191528646151223 minutes, MSE: 0.011537526425730244
Fold 3
Fold 3 Train time: 19.30283050139745 minutes, MSE: 0.012215239795259817
Fold 4
Fold 4 Train time: 19.261928657690685 minutes, MSE: 0.012016627532501302
Total Time: 164.3113486289978 minutes
CellsPerSensor: 7
 Resulting Network Architecture: [15, 2, 12]
 MSE after 5-Fold CV: 0.01358917859637374
 Weights and Biases: 126
 Objective Function Value: 0.01862069849993865
~/workspace/SolarCellResearch
