/tmp/tmp.m4hkzw1WfH ~/workspace/SolarCellResearch
Using TensorFlow backend.
Genetically searching for best layer structure...
  Training on:     datasets/N9dataset10k1.mat
  Evaluating with: datasets/N9dataset100k1.mat
Gen 0 Train time: 8.554386297861734 minutes:
 Average MSE:        0.750223220292864
 Average Error:      2.253707050538759
 Structure           |Error               |MSE                 |weights&biases
 [13, 8, 14, 19, 0]  |0.755097503730405   |0.17624003215152748 |582       
 [15, 3, 11, 0, 0]   |0.23480049809110723 |0.16177980937537068 |149       
 [17, 13, 9, 0, 0]   |0.38831569042661446 |0.1355470271468988  |421       
 [3, 0, 0, 0, 0]     |2.4201158798618687  |2.342726502899533   |13        
 [14, 8, 11, 16, 0]  |0.5098226918201089  |0.15744292350968578 |470       
 [15, 0, 0, 0, 0]    |0.46642099208370785 |0.40044989108143253 |61        
 [1, 18, 10, 0, 0]   |4.282425217668456   |2.3502447901589427  |240       
 [19, 14, 5, 0, 0]   |0.4462370039552912  |0.156937903794854   |418       
 [18, 14, 8, 19, 2]  |17.881625923401646  |3.4860653764520846  |654       
 [4, 17, 17, 15, 16] |11.405822488471273  |1.0715690429189422  |946       
 [9, 2, 20, 0, 0]    |0.45718662264031495 |0.3319856257932376  |128       
 [18, 0, 0, 0, 0]    |0.2138984558557846  |0.1782169087790216  |73        
 [5, 0, 0, 0, 0]     |1.9232264025041736  |1.8248616823846888  |21        
 [5, 7, 15, 17, 10]  |5.231719216693921   |1.0562658929762285  |640       
 [16, 13, 12, 0, 0]  |0.4172318289681296  |0.13545534273494025 |450       
 [12, 12, 9, 0, 0]   |0.7205365080573979  |0.32456833016816133 |319       
 [8, 11, 2, 0, 0]    |0.3621835992830777  |0.24892490474118495 |150       
 [5, 7, 9, 0, 0]     |0.30566367416860923 |0.21593671820152385 |139       
 [17, 7, 5, 13, 0]   |0.3346624383256718  |0.1545661835367532  |309       
 [9, 17, 0, 0, 0]    |0.31977972385300574 |0.18681753574072885 |215       
 [18, 20, 0, 0, 0]   |0.511347849966194   |0.16394812759182065 |455       
 [7, 13, 3, 5, 0]    |1.418713832402977   |0.875684606903094   |193       
 [13, 15, 3, 1, 13]  |0.44650569866485273 |0.19036669069086454 |341       
 [13, 11, 17, 13, 0] |0.9331640540272859  |0.18606219887380743 |645       
 [15, 7, 1, 11, 3]   |3.95617246854711    |2.2429164587162718  |227       
Gen 1 Train time: 8.826960778236389 minutes:
 Average MSE:        0.4980394120295625
 Average Error:      1.139321561169115
 Structure           |Error               |MSE                 |weights&biases
 [18, 0, 0, 0, 0]    |0.2711130422324652  |0.22588722355678295 |73        
 [15, 3, 11, 0, 0]   |0.19643678480936924 |0.13534684065465394 |149       
 [5, 7, 9, 0, 0]     |1.0348002930758038  |0.731036751058304   |139       
 [14, 6, 13, 10, 0]  |0.4167730990673097  |0.16361922782759303 |374       
 [17, 9, 8, 0, 0]    |0.3357170715173356  |0.1577905871593989  |302       
 [12, 4, 5, 0, 0]    |0.2324647019960875  |0.17264516073908365 |119       
 [12, 7, 7, 0, 0]    |0.24863915292676597 |0.15423889402375843 |191       
 [19, 4, 18, 15, 5]  |3.805641364517904   |0.8534097660979505  |598       
 [17, 7, 18, 14, 3]  |6.586642643803372   |1.3431851304122593  |636       
 [15, 6, 12, 8, 0]   |0.35203356248293816 |0.1512186071016861  |338       
 [16, 7, 10, 1, 19]  |0.37273066967398255 |0.16916187447364398 |316       
 [17, 2, 6, 0, 0]    |0.22849903374506755 |0.17269585464286524 |112       
 [14, 19, 0, 0, 0]   |0.5924916451744219  |0.2488466322446255  |347       
 [11, 15, 4, 6, 10]  |0.9806957220832365  |0.37176511378231974 |388       
 [15, 10, 11, 0, 0]  |0.3984298641515831  |0.17114847987721774 |338       
 [16, 4, 7, 10, 0]   |0.2916419176736256  |0.15925819297773042 |242       
 [16, 5, 8, 7, 0]    |0.27506493642593255 |0.14649732988493508 |252       
 [15, 8, 6, 1, 7]    |0.33966386265418647 |0.1791021814987511  |256       
 [5, 2, 6, 0, 0]     |1.8632470864367818  |1.6361087532761864  |52        
 [17, 2, 6, 8, 0]    |0.263134833443263   |0.1720296035203802  |170       
 [16, 8, 10, 0, 0]   |0.2619097157668371  |0.12844487809523292 |285       
 [4, 13, 15, 7, 16]  |1.1061974961924872  |0.2839175088368419  |544       
 [4, 12, 3, 7, 2]    |5.165095013493465   |3.4796214114144077  |158       
 [13, 17, 3, 6, 5]   |2.3536338721278818  |0.8745554860826831  |396       
 [16, 14, 6, 8, 0]   |0.5103416437557675  |0.16945381149976932 |441       
Gen 2 Train time: 8.851366555690765 minutes:
 Average MSE:        0.3957202252429295
 Average Error:      0.9761377189634954
 Structure           |Error               |MSE                 |weights&biases
 [15, 3, 11, 0, 0]   |0.23682059492916038 |0.16317167559387086 |149       
 [17, 2, 6, 0, 0]    |0.21060803057004968 |0.15917412532485395 |112       
 [12, 4, 5, 0, 0]    |0.2670692530056128  |0.19834501202852312 |119       
 [16, 5, 6, 5, 4]    |3.7211459726703096  |2.0782613983712093  |233       
 [16, 9, 11, 0, 0]   |0.39412629790751597 |0.175769136755527   |323       
 [18, 5, 4, 0, 0]    |0.3115799298945581  |0.19966798300088084 |178       
 [13, 3, 7, 15, 19]  |0.7999779015275577  |0.20075476814394722 |553       
 [17, 3, 7, 5, 0]    |0.2410889177755364  |0.15410987451170746 |179       
 [16, 5, 11, 1, 10]  |0.28278736014672456 |0.15442294555307962 |242       
 [15, 5, 7, 4, 0]    |0.3061830166748707  |0.18386154782066214 |204       
 [17, 6, 7, 4, 0]    |0.2905290248483345  |0.15746504304651204 |245       
 [7, 6, 7, 0, 0]     |0.3288979753531273  |0.24002608318233074 |126       
 [16, 4, 9, 5, 0]    |0.24605814746300372 |0.14303192824833835 |217       
 [17, 5, 8, 1, 10]   |0.34177985857496146 |0.19280259496135413 |229       
 [15, 3, 6, 13, 0]   |0.323352669875971   |0.18562779835960339 |222       
 [14, 6, 8, 4, 0]    |0.2658028752258967  |0.14994296125411372 |229       
 [16, 7, 9, 4, 0]    |0.33889869729079036 |0.1666175780500972  |284       
 [16, 6, 9, 4, 0]    |1.598952196955234   |0.8389103243614546  |258       
 [17, 4, 7, 4, 0]    |0.25646812703946964 |0.15751243315789454 |195       
 [15, 3, 6, 0, 0]    |0.23511496539208362 |0.17244435572960284 |124       
 [14, 4, 8, 0, 0]    |0.28118150752446136 |0.19277050633984302 |151       
 [2, 10, 13, 19, 11] |9.518260935302798   |1.7519196984627787  |677       
 [11, 7, 8, 4, 8]    |2.913484137478615   |1.4983277652984412  |266       
 [17, 7, 7, 9, 0]    |0.3832696624414906  |0.1743803478736247  |315       
 [17, 4, 4, 4, 0]    |0.3100049182192503  |0.20368774564298517 |168       
Increasing Epochs
Gen 3 Train time: 10.221920398871104 minutes:
 Average MSE:        0.3556276794881612
 Average Error:      0.8332853561325706
 Structure           |Error               |MSE                 |weights&biases
 [17, 2, 6, 0, 0]    |0.20585696000505313 |0.1555833434373207  |112       
 [15, 3, 6, 0, 0]    |0.31329602405693185 |0.22978601524172837 |124       
 [15, 3, 11, 0, 0]   |0.2890483094170055  |0.1991570749548055  |149       
 [17, 4, 8, 5, 0]    |0.264493189846917   |0.15490553874577606 |214       
 [16, 5, 9, 3, 5]    |0.2810584089077082  |0.15309559169464934 |243       
 [18, 5, 4, 2, 0]    |0.3032763193505862  |0.19049850275680758 |186       
 [11, 6, 8, 2, 0]    |0.28477348515905093 |0.18067395898469477 |182       
 [17, 3, 8, 2, 0]    |0.2665854313247415  |0.17959328383802817 |158       
 [6, 16, 18, 11, 16] |2.1045346539117302  |0.24884983808522665 |854       
 [16, 5, 6, 20, 0]   |0.40408075184500375 |0.1770823252400262  |330       
 [16, 3, 6, 0, 0]    |0.21325413754159875 |0.15408194765115382 |130       
 [16, 3, 7, 3, 0]    |0.24357097516189224 |0.16532419744734503 |155       
 [12, 16, 20, 6, 13] |2.6108628702945285  |0.3403369129199318  |815       
 [17, 4, 9, 1, 5]    |1.3743573816628831  |0.8461879872421398  |194       
 [17, 4, 7, 5, 0]    |0.2433251127261733  |0.14611565440606328 |204       
 [17, 5, 15, 7, 0]   |0.39610478869524757 |0.16470875518780298 |351       
 [17, 7, 8, 2, 0]    |0.3692430331098898  |0.19180036271449888 |262       
 [13, 1, 7, 0, 0]    |1.001138981458319   |0.8299733669744143  |75        
 [2, 15, 4, 11, 10]  |6.208173051950538   |2.925211126645654   |301       
 [12, 8, 5, 6, 9]    |0.35950302147316865 |0.17238366131435295 |294       
 [16, 4, 7, 2, 0]    |0.2498941001354291  |0.163373212150756   |170       
 [15, 4, 10, 0, 0]   |0.21705962059212272 |0.14190702151487825 |170       
 [17, 3, 7, 3, 0]    |0.24122992380252653 |0.16129750538999577 |161       
 [15, 4, 6, 2, 0]    |0.25075587926077775 |0.1697759918743413  |156       
 [8, 14, 15, 8, 12]  |2.136657491624448   |0.4489888107916424  |624       
Increasing Epochs
Gen 4 Train time: 11.562453929583231 minutes:
 Average MSE:        0.40550663810195
 Average Error:      0.6915572940315847
 Structure           |Error               |MSE                 |weights&biases
 [17, 2, 6, 0, 0]    |0.18638461253463864 |0.1408664598112049  |112       
 [16, 3, 6, 0, 0]    |0.1842502007901167  |0.13312580998490345 |130       
 [15, 4, 10, 0, 0]   |0.199030661322265   |0.1301202326869086  |170       
 [11, 3, 9, 2, 0]    |1.0687664207021894  |0.77608370724959    |128       
 [20, 10, 17, 4, 10] |0.6131743264085777  |0.14028124185256613 |590       
 [11, 2, 1, 3, 12]   |0.3339934808278778  |0.24313612563852888 |127       
 [16, 4, 8, 3, 3]    |1.3401348594710623  |0.8148675048407551  |199       
 [13, 5, 9, 1, 0]    |1.2982475615969697  |0.8382116250836875  |175       
 [18, 4, 8, 3, 3]    |1.4371936997999781  |0.8438271470663482  |213       
 [7, 9, 6, 5, 3]     |3.6904102120317903  |2.183081957641481   |210       
 [17, 4, 7, 3, 0]    |0.34220811393312806 |0.21495292964213397 |186       
 [17, 5, 7, 13, 0]   |0.30170296599423063 |0.14215854901000757 |301       
 [17, 3, 6, 0, 0]    |0.2108675815190846  |0.15008928655800977 |136       
 [17, 5, 5, 2, 0]    |0.2430222027741154  |0.1526507769029372  |186       
 [13, 5, 1, 1, 0]    |1.1474155802793589  |0.8521540930338443  |119       
 [17, 5, 7, 13, 19]  |0.6468755833410685  |0.15441657428526537 |573       
 [13, 5, 7, 1, 0]    |1.370385363108168   |0.9163031559602721  |161       
 [17, 5, 11, 5, 0]   |0.2732043233853411  |0.13806435990410504 |273       
 [14, 6, 6, 5, 5]    |0.3949181845372089  |0.21404336093602    |245       
 [17, 3, 7, 1, 0]    |0.2153479284359731  |0.150619229318414   |143       
 [16, 4, 9, 1, 0]    |0.37277443522034537 |0.2418876846502326  |173       
 [16, 4, 8, 0, 0]    |0.19226547444156497 |0.12727843603885142 |165       
 [17, 6, 9, 3, 5]    |0.3101420264914366  |0.15478396066820513 |278       
 [20, 13, 10, 4, 18] |0.6864009220383871  |0.14351820502931584 |626       
 [16, 4, 9, 3, 0]    |0.22981562980474174 |0.14114353875516053 |195       
Gen 5 Train time: 11.544234029452006 minutes:
 Average MSE:        0.4294430899699205
 Average Error:      0.716578655590644
 Structure           |Error               |MSE                 |weights&biases
 [16, 3, 6, 0, 0]    |0.23086593051573887 |0.1668069498216513  |130       
 [17, 2, 6, 0, 0]    |0.16486530748179873 |0.12460251892484246 |112       
 [16, 4, 8, 0, 0]    |0.23994230156461863 |0.15884017123411798 |165       
 [4, 19, 1, 1, 12]   |3.688560570412142   |2.4357051224632853  |166       
 [17, 3, 11, 0, 0]   |0.251390050464027   |0.16809103688523414 |161       
 [1, 4, 8, 0, 0]     |2.071900792684618   |1.7833015386250506  |60        
 [17, 4, 9, 3, 0]    |0.2317863849716439  |0.13988437563846548 |202       
 [17, 3, 6, 0, 0]    |0.15878322607807668 |0.11301718807488106 |136       
 [17, 3, 7, 1, 0]    |0.2311951204610065  |0.16170311513522653 |143       
 [17, 14, 9, 3, 3]   |0.5514374166347643  |0.16443713741633204 |484       
 [16, 5, 11, 3, 0]   |0.27435582727719005 |0.15094656553859845 |239       
 [17, 5, 9, 2, 3]    |2.665310124936096   |1.5073006776748037  |228       
 [17, 3, 6, 16, 0]   |0.3403705421619361  |0.17857967390888063 |258       
 [13, 20, 8, 9, 20]  |1.1937217641878894  |0.16605702251194163 |789       
 [11, 2, 4, 2, 14]   |1.2275111829276846  |0.8737060308671509  |136       
 [17, 5, 8, 7, 0]    |0.40588185359901147 |0.21188890753529693 |260       
 [16, 5, 7, 3, 3]    |1.5548793817187307  |0.9083713343885641  |215       
 [17, 5, 7, 14, 0]   |0.28419751299127854 |0.13093086878558471 |310       
 [16, 4, 7, 16, 0]   |0.3644466266003888  |0.17388255701574387 |296       
 [14, 3, 4, 2, 6]    |0.23128615462122679 |0.16380156217805347 |138       
 [14, 4, 6, 4, 6]    |0.30630059583804614 |0.1871792959019948  |197       
 [17, 5, 8, 2, 3]    |0.29431929754172476 |0.16980746290801613 |220       
 [16, 4, 8, 4, 0]    |0.2835644043758944  |0.17328528339531102 |197       
 [16, 5, 7, 4, 4]    |0.30314102156003037 |0.16972816281042832 |232       
 [19, 8, 8, 2, 9]    |0.36445299816053334 |0.15422268960855798 |344       
Gen 6 Train time: 11.562849509716035 minutes:
 Average MSE:        0.3795216350488714
 Average Error:      0.7827787696894233
 Structure           |Error               |MSE                 |weights&biases
 [17, 3, 6, 0, 0]    |0.19479369757264023 |0.13864837299340033 |136       
 [17, 2, 6, 0, 0]    |0.17371010591880512 |0.1312872737799849  |112       
 [16, 3, 6, 0, 0]    |0.18808522408757106 |0.13589671921916885 |130       
 [17, 5, 11, 9, 2]   |4.910659304662857   |2.109409837983962   |338       
 [17, 3, 8, 0, 0]    |0.18962221690599276 |0.13163510790819782 |146       
 [11, 4, 9, 7, 0]    |0.2720221553356981  |0.16334810161807015 |204       
 [17, 3, 10, 1, 0]   |2.2173006728602256  |1.4937512043190173  |158       
 [17, 9, 8, 2, 2]    |2.0512329336589263  |0.9216783692440949  |320       
 [14, 2, 19, 15, 12] |0.905768848683512   |0.18563532661162813 |634       
 [17, 3, 7, 0, 0]    |0.24379643197644632 |0.17137147725415944 |141       
 [17, 4, 11, 2, 0]   |0.26401420388907565 |0.15814350879648428 |205       
 [17, 3, 9, 0, 0]    |0.2366633931915335  |0.16225008016812206 |151       
 [16, 5, 9, 10, 0]   |0.3398968789004363  |0.1613607068565598  |298       
 [14, 12, 7, 7, 13]  |0.732312739116853   |0.2167419904314889  |487       
 [17, 3, 10, 4, 0]   |0.26584645208807617 |0.16368091532035933 |194       
 [17, 18, 10, 2, 0]  |0.6078716939500816  |0.13906811234872268 |590       
 [17, 4, 7, 15, 0]   |0.28949929660737866 |0.1388164930926301  |294       
 [17, 3, 9, 8, 0]    |0.257362442591814   |0.14481909949446437 |230       
 [16, 3, 5, 1, 3]    |1.1811621835649846  |0.8428206085314391  |135       
 [12, 3, 7, 0, 0]    |0.2073747585800304  |0.15712278729153004 |111       
 [17, 4, 20, 15, 0]  |0.5847851157725197  |0.14638563224180404 |554       
 [6, 2, 4, 10, 19]   |0.7434988945853028  |0.33157939364556954 |323       
 [17, 4, 8, 2, 0]    |0.25384009616682696 |0.16024510128402317 |184       
 [18, 6, 10, 1, 5]   |0.28893011723165724 |0.1489610481542022  |265       
 [17, 9, 10, 2, 2]   |1.969419384336336   |0.8333836076327028  |344       
Result:  [17, 2, 6]
Fold 0
Fold 0 Train time: 19.479950177669526 minutes, MSE: 0.03639515324823995
Fold 1
Fold 1 Train time: 19.41872874101003 minutes, MSE: 0.00833616630840553
Fold 2
Fold 2 Train time: 19.412851627667745 minutes, MSE: 0.008106485127924834
Fold 3
Fold 3 Train time: 19.458377305666605 minutes, MSE: 0.07636491974404411
Fold 4
Fold 4 Train time: 19.456330064932505 minutes, MSE: 0.013074173304688108
Total Time: 168.35623367627463 minutes
CellsPerSensor: 9
 Resulting Network Architecture: [17, 2, 6]
 MSE after 5-Fold CV: 0.028455379546660504
 Weights and Biases: 112
 Objective Function Value: 0.037650160999563455
~/workspace/SolarCellResearch
