/tmp/tmp.zz5LwjrkIl ~/workspace/SolarCellResearch
Using TensorFlow backend.
Genetically searching for best layer structure...
  Training on:     datasets/N8dataset10k3.mat
  Evaluating with: datasets/N8dataset100k3.mat
Gen 0 Train time: 8.185729149977366 minutes:
 Average MSE:        0.8941730336315605
 Average Error:      1.5794489051568237
 Structure           |Error               |MSE                 |weights&biases
 [3, 19, 15, 7, 0]   |4.827393769088279   |1.365890681430606   |505       
 [1, 17, 0, 0, 0]    |2.0392710249266015  |1.7772947471774434  |55        
 [8, 3, 10, 15, 3]   |7.291123671747326   |3.3758855426923566  |308       
 [6, 8, 0, 0, 0]     |0.5494941758919254  |0.4465262436069743  |83        
 [13, 0, 0, 0, 0]    |0.32883576668604386 |0.28802821287936864 |53        
 [12, 7, 19, 0, 0]   |0.8050426889256648  |0.3812271172276599  |299       
 [2, 2, 10, 15, 9]   |5.847752144261972   |2.3715822265991355  |361       
 [8, 12, 12, 0, 0]   |0.5946839082038258  |0.2802073928284584  |301       
 [7, 12, 3, 0, 0]    |0.3701204447461062  |0.24809915356094123 |160       
 [5, 3, 15, 0, 0]    |0.7074870335617641  |0.5387325775432701  |109       
 [19, 15, 1, 8, 0]   |0.3887671110280084  |0.14373631541471787 |398       
 [6, 20, 0, 0, 0]    |0.5345842796394341  |0.34171921717226444 |179       
 [11, 10, 20, 0, 0]  |0.45903124821630725 |0.17142027447366828 |394       
 [15, 0, 0, 0, 0]    |0.3173074717381945  |0.27242715197964423 |61        
 [3, 1, 6, 2, 0]     |2.548851897270222   |2.2947938675529103  |42        
 [15, 13, 0, 0, 0]   |0.357562918118192   |0.18342600458203023 |267       
 [3, 20, 13, 0, 0]   |3.0686002838234696  |1.1986806864505053  |376       
 [17, 6, 13, 0, 0]   |0.36825585405413913 |0.1903335296022622  |264       
 [10, 6, 0, 0, 0]    |0.27666188494216476 |0.2138545537615483  |103       
 [2, 17, 0, 0, 0]    |2.81551681299892    |2.3341454207025856  |75        
 [5, 6, 0, 0, 0]     |1.8905229197963693  |1.6353444712606695  |58        
 [3, 8, 0, 0, 0]     |1.107806534142467   |0.9776358350437029  |50        
 [10, 1, 0, 0, 0]    |0.29348873183066293 |0.2635753396609779  |43        
 [9, 5, 6, 9, 0]     |1.4629154571078213  |0.9189085545339729  |186       
 [19, 7, 0, 0, 0]    |0.2351445961747072  |0.14085072305134133 |205       
Gen 1 Train time: 8.328531722227732 minutes:
 Average MSE:        0.399951657020823
 Average Error:      0.7242019200677582
 Structure           |Error               |MSE                 |weights&biases
 [19, 7, 0, 0, 0]    |0.40203643487055596 |0.24081830271969595 |205       
 [10, 6, 0, 0, 0]    |1.1153328469497341  |0.8621317979160528  |103       
 [10, 1, 0, 0, 0]    |0.3260557269561005  |0.29282299338990314 |43        
 [11, 12, 1, 9, 0]   |0.303245323524183   |0.17583430918173093 |218       
 [13, 10, 2, 0, 0]   |0.3511952488634756  |0.21089119424239056 |204       
 [13, 4, 2, 0, 0]    |0.2617295859281898  |0.1997989989588555  |108       
 [18, 7, 7, 0, 0]    |0.32558564179969074 |0.17383829629657038 |251       
 [6, 4, 0, 0, 0]     |1.6924975966976088  |1.489894490688148   |51        
 [11, 4, 20, 13, 6]  |3.6564913787308115  |0.9361346536946243  |545       
 [19, 11, 1, 4, 0]   |0.46119514103951886 |0.21676661175072143 |302       
 [12, 5, 10, 0, 0]   |0.45768309011861674 |0.2977270126232315  |172       
 [10, 5, 17, 3, 9]   |0.8620195553548599  |0.42064025047071674 |287       
 [17, 10, 0, 0, 0]   |0.33352881898340375 |0.18213155859418165 |242       
 [16, 7, 10, 0, 0]   |0.3094804519926199  |0.16237280067474533 |258       
 [11, 6, 6, 0, 0]    |0.28675246620762945 |0.19512089806421598 |154       
 [12, 1, 10, 0, 0]   |0.21786317894194918 |0.17837128456310516 |80        
 [15, 7, 0, 0, 0]    |0.287615183076783   |0.19039929446181905 |165       
 [15, 7, 2, 0, 0]    |0.2602605362961118  |0.16761726434532684 |176       
 [13, 12, 10, 0, 0]  |0.41961308842869993 |0.17579755348179038 |348       
 [2, 8, 12, 4, 7]    |4.2105569244459256  |2.3515975954689767  |233       
 [16, 10, 7, 0, 0]   |0.37444268518172463 |0.17555260606909484 |303       
 [13, 5, 10, 0, 0]   |0.2724762831397628  |0.17373854877917788 |180       
 [13, 10, 5, 5, 0]   |0.38313635802585716 |0.19507633665705784 |270       
 [11, 10, 0, 0, 0]   |0.2669926652148338  |0.177189749054387   |164       
 [17, 4, 15, 0, 0]   |0.26726179092531316 |0.15652702337405444 |214       
Gen 2 Train time: 8.48772788842519 minutes:
 Average MSE:        0.30069394819833195
 Average Error:      0.5019147239741149
 Structure           |Error               |MSE                 |weights&biases
 [12, 1, 10, 0, 0]   |0.210006776988665   |0.17193900667540948 |80        
 [15, 7, 2, 0, 0]    |0.30638637769750127 |0.19732398616092633 |176       
 [13, 4, 2, 0, 0]    |0.2295483584690409  |0.17523250981395116 |108       
 [13, 4, 1, 0, 0]    |0.23559802299287302 |0.1825687949041914  |102       
 [18, 9, 4, 0, 0]    |0.32315674869986893 |0.16453733346319852 |270       
 [13, 4, 1, 14, 0]   |0.2814064669976392  |0.19682207064742685 |143       
 [12, 6, 5, 0, 0]    |0.409548192199214   |0.2779815047599289  |155       
 [11, 8, 3, 13, 0]   |0.4075848491811373  |0.23398315599882383 |222       
 [16, 7, 10, 0, 0]   |0.27401649479324397 |0.14376619073736135 |258       
 [12, 8, 2, 5, 0]    |0.30646033274745793 |0.19589686601230907 |179       
 [19, 7, 1, 15, 0]   |0.28567006083677815 |0.15252637187654478 |251       
 [14, 10, 6, 0, 0]   |0.3529990161042031  |0.1819924621915559  |265       
 [11, 6, 12, 2, 5]   |0.38580413939452846 |0.21386176102990223 |236       
 [11, 4, 3, 0, 0]    |0.23610553112549926 |0.1838791725280288  |100       
 [13, 3, 6, 6, 0]    |0.257943414912338   |0.17551776078188433 |154       
 [16, 6, 9, 0, 0]    |0.25498280676619184 |0.14601306710739834 |223       
 [15, 8, 13, 0, 0]   |0.4621098682226626  |0.21611327095771263 |304       
 [1, 3, 16, 5, 4]    |4.8151709265973155  |3.017025895677436   |187       
 [13, 10, 2, 5, 0]   |0.42714878329449896 |0.24521426789317946 |222       
 [18, 7, 5, 0, 0]    |0.3054242610999681  |0.17057956248747017 |233       
 [15, 10, 4, 5, 0]   |0.3452021333976699  |0.1714223062827246  |280       
 [16, 6, 8, 0, 0]    |0.2950378215156064  |0.17236314454757293 |215       
 [14, 4, 6, 0, 0]    |0.26904509311426955 |0.19006744786844262 |139       
 [16, 6, 1, 0, 0]    |0.25940294670134634 |0.1743182465000269  |159       
 [18, 19, 5, 0, 0]   |0.6121086755033498  |0.16640254805489169 |521       
Gen 3 Train time: 8.660224119822184 minutes:
 Average MSE:        0.5728723037238997
 Average Error:      1.108511412760345
 Structure           |Error               |MSE                 |weights&biases
 [12, 1, 10, 0, 0]   |0.2608688178117486  |0.21358132366157578 |80        
 [13, 4, 2, 0, 0]    |1.2374129226797035  |0.9446156512011198  |108       
 [13, 4, 1, 0, 0]    |0.21984229643429343 |0.1703594224565845  |102       
 [12, 3, 13, 0, 0]   |0.3302946313391489  |0.23217353282338635 |141       
 [14, 6, 7, 7, 0]    |0.30240732364857914 |0.16390301196502638 |245       
 [11, 1, 10, 0, 0]   |0.7126512396902306  |0.5893334519778965  |76        
 [12, 3, 7, 0, 0]    |0.31012043908829356 |0.23497067878114514 |111       
 [14, 4, 10, 0, 0]   |0.24551274535609574 |0.16334244094957862 |163       
 [16, 7, 6, 0, 0]    |0.33128709550361035 |0.19018273202095723 |222       
 [14, 7, 4, 0, 0]    |0.2931078572443313  |0.1850341966479251  |184       
 [14, 4, 6, 3, 0]    |0.302087772072463   |0.20401991490237167 |157       
 [16, 8, 16, 20, 8]  |1.7105710781874637  |0.20686834110382324 |845       
 [15, 6, 2, 8, 0]    |0.29185452992153904 |0.18240974320954328 |188       
 [13, 8, 1, 0, 0]    |0.2590268389080991  |0.1727648949416757  |162       
 [15, 5, 1, 7, 0]    |0.25163279006716643 |0.17165228684157835 |153       
 [15, 8, 5, 3, 0]    |0.291517638206391   |0.15998827197431592 |240       
 [17, 10, 4, 3, 0]   |0.3966688433519829  |0.19020487579253292 |294       
 [14, 4, 10, 7, 0]   |0.3072256832018874  |0.1698783515785429  |237       
 [12, 4, 11, 1, 3]   |4.217425057508233   |2.7919066956238994  |165       
 [16, 6, 10, 15, 2]  |9.85387029474936    |3.4482411909778676  |420       
 [15, 7, 4, 11, 0]   |0.31462061525313306 |0.16589706687073985 |256       
 [16, 13, 3, 0, 0]   |0.3597284104617523  |0.16366952958590253 |315       
 [4, 4, 13, 2, 4]    |4.031292867474829   |2.826635500469485   |142       
 [15, 9, 8, 0, 0]    |0.4120381596897477  |0.20563771709597214 |278       
 [18, 7, 5, 8, 12]   |0.4697193711585443  |0.17453676964404802 |396       
Increasing Epochs
Gen 4 Train time: 10.142189530531565 minutes:
 Average MSE:        0.4418856997880769
 Average Error:      0.9045957991939669
 Structure           |Error               |MSE                 |weights&biases
 [13, 4, 1, 0, 0]    |1.054186548213518   |0.8169065481392996  |102       
 [14, 4, 10, 0, 0]   |0.29732161837162757 |0.19781147745083824 |163       
 [15, 5, 1, 7, 0]    |0.30937537274340254 |0.2110416142892023  |153       
 [15, 7, 11, 5, 0]   |0.4319282124967618  |0.19849410454470948 |311       
 [14, 5, 8, 2, 0]    |0.28824789608761675 |0.1810586225296878  |186       
 [11, 15, 2, 11, 10] |0.6823352994950246  |0.24543230811359473 |409       
 [14, 5, 1, 4, 0]    |0.25370102809104317 |0.1805768626495677  |136       
 [11, 9, 19, 3, 4]   |0.6316648287463474  |0.22550874060916448 |412       
 [14, 5, 7, 0, 0]    |0.307653127235848   |0.20264849735069426 |167       
 [14, 8, 5, 0, 0]    |0.33282635960081014 |0.19541410286554775 |213       
 [16, 7, 5, 3, 0]    |0.3244288804002874  |0.18301467582784187 |229       
 [19, 19, 16, 8, 7]  |2.54396881763268    |0.22848730873829162 |964       
 [13, 5, 5, 4, 0]    |0.248837844866834   |0.16349811461938574 |168       
 [2, 2, 10, 8, 17]   |5.465319413480216   |2.575188066634487   |301       
 [15, 7, 9, 4, 0]    |0.3501485326432974  |0.17650645420544808 |274       
 [13, 4, 12, 0, 0]   |0.30238188707182956 |0.19867905727022125 |168       
 [15, 5, 4, 5, 0]    |0.2871744673766192  |0.18311052482632095 |180       
 [15, 5, 6, 4, 0]    |0.3252223772221871  |0.20023850598071752 |194       
 [4, 7, 4, 6, 0]     |1.5740529129758907  |1.1778064482207729  |116       
 [14, 6, 3, 2, 0]    |0.26394690650724    |0.1751684305262375  |164       
 [15, 6, 5, 8, 0]    |0.3234742424255294  |0.18066048371596904 |233       
 [1, 7, 18, 7, 18]   |4.0134973383640755  |1.2803878187227689  |457       
 [14, 6, 3, 6, 0]    |0.29161405197791085 |0.18409118181366174 |184       
 [15, 6, 4, 0, 0]    |0.34287051559195725 |0.22192797012550228 |174       
 [3, 4, 1, 0, 0]     |1.3687165002306194  |1.2634845749319923  |32        
Increasing Epochs
Gen 5 Train time: 11.591895500818888 minutes:
 Average MSE:        0.40004932465468257
 Average Error:      0.7077399912672335
 Structure           |Error               |MSE                 |weights&biases
 [13, 5, 5, 4, 0]    |0.3066719766775071  |0.20149784700235332 |168       
 [14, 5, 1, 4, 0]    |0.27637452921799066 |0.19671518786485354 |136       
 [14, 6, 3, 2, 0]    |1.2785727217931955  |0.8485251066355287  |164       
 [14, 5, 9, 2, 0]    |2.439141729117474   |1.5017727251284203  |194       
 [14, 6, 6, 2, 0]    |0.2669360445404344  |0.1655890466177709  |191       
 [15, 17, 3, 5, 0]   |0.4875739208677412  |0.18071874207251376 |397       
 [15, 7, 6, 3, 18]   |0.45625659191491025 |0.2065526519088047  |317       
 [12, 12, 8, 4, 2]   |3.573263160793644   |1.5082940273731658  |345       
 [15, 6, 9, 5, 0]    |0.41751248652334927 |0.2179606303345051  |260       
 [15, 5, 5, 5, 0]    |0.2504709675507548  |0.15537522777624593 |191       
 [14, 6, 3, 4, 0]    |0.3268911393217098  |0.21158508446382593 |174       
 [16, 6, 5, 4, 0]    |0.2574158804559274  |0.15076057597862008 |214       
 [14, 5, 9, 1, 0]    |2.3334964570563717  |1.4767855028338235  |183       
 [14, 5, 3, 4, 0]    |0.26594906864904305 |0.18006264519521892 |156       
 [13, 8, 11, 1, 20]  |0.39213333300751246 |0.17488033100488948 |323       
 [14, 5, 8, 0, 0]    |0.27855260044555685 |0.18029725619111414 |174       
 [15, 6, 3, 6, 0]    |0.2671410486826004  |0.1648897042239146  |193       
 [15, 7, 4, 15, 0]   |0.34945207252481336 |0.17353276359527212 |280       
 [15, 6, 4, 3, 0]    |0.26621699559996476 |0.16638622610538376 |188       
 [13, 11, 3, 7, 5]   |0.42738057816918257 |0.20037185195513701 |303       
 [14, 5, 6, 2, 0]    |0.394471422437312   |0.25789349708670667 |170       
 [14, 6, 5, 1, 0]    |1.3216072840359578  |0.8532937954541847  |175       
 [15, 6, 3, 2, 0]    |0.24952634093852497 |0.16191386309307232 |173       
 [14, 7, 4, 3, 0]    |0.42732132753997637 |0.2604826493356068  |198       
 [9, 11, 5, 2, 10]   |0.3831701038193816  |0.205096177136132   |250       
Result:  [15, 6, 3, 2]
Fold 0
Fold 0 Train time: 20.39996545712153 minutes, MSE: 0.038262354275783915
Fold 1
Fold 1 Train time: 20.326466087500254 minutes, MSE: 0.014825338447527002
Fold 2
Fold 2 Train time: 20.133584328492482 minutes, MSE: 0.00611131529106339
Fold 3
Fold 3 Train time: 19.87276615301768 minutes, MSE: 0.008975862327528379
Fold 4
Fold 4 Train time: 19.85518516699473 minutes, MSE: 0.017023619906344604
Total Time: 155.99025732676188 minutes
CellsPerSensor: 8
 Resulting Network Architecture: [15, 6, 3, 2]
 MSE after 5-Fold CV: 0.017039698049649457
 Weights and Biases: 173
 Objective Function Value: 0.026259971961648972
~/workspace/SolarCellResearch
