/tmp/tmp.RJ6UQR1VX3 ~/workspace/SolarCellResearch
Using TensorFlow backend.
Genetically searching for best layer structure...
  Training on:     datasets/N10dataset10k0.mat
  Evaluating with: datasets/N10dataset100k0.mat
Gen 0 Train time: 8.350078709920247 minutes:
 Average MSE:        0.8514693162371364
 Average Error:      1.4687796973562548
 Structure           |Error               |MSE                 |weights&biases
 [8, 14, 5, 1, 8]    |0.4372309175524557  |0.23054855038280064 |256       
 [3, 3, 12, 0, 0]    |0.7302630814548512  |0.5949068595815248  |82        
 [18, 0, 0, 0, 0]    |0.4454959354546051  |0.3711803723532636  |73        
 [19, 20, 1, 15, 0]  |0.5318692476216668  |0.1435089903825591  |524       
 [19, 6, 1, 10, 0]   |0.2292138433682904  |0.13390831932611577 |215       
 [17, 15, 10, 16, 16]|1.9044744411270258  |0.17892404131353445 |946       
 [2, 15, 17, 4, 6]   |5.309550677181732   |1.8030996531559726  |432       
 [20, 10, 0, 0, 0]   |0.26181186616179075 |0.12968730123031805 |281       
 [5, 8, 0, 0, 0]     |2.214010675600676   |1.84929716507579    |72        
 [12, 18, 0, 0, 0]   |0.4212547016876977  |0.2045346999265027  |289       
 [14, 16, 2, 7, 0]   |0.3500516257434615  |0.1477587159474316  |345       
 [3, 2, 0, 0, 0]     |0.3489936350742394  |0.3319730146460809  |20        
 [20, 1, 0, 0, 0]    |0.215781839255098   |0.17534717991284665 |83        
 [2, 1, 6, 7, 18]    |3.2941683761087437  |1.8397942531905442  |233       
 [6, 16, 0, 0, 0]    |1.9029624858554424  |1.3177317337475056  |147       
 [5, 0, 0, 0, 0]     |1.331761210295747   |1.2636473790036231  |21        
 [6, 12, 11, 14, 0]  |2.4621636263871496  |0.8445430951293226  |428       
 [9, 15, 10, 2, 13]  |0.46547671141491787 |0.16617842595796198 |412       
 [10, 2, 0, 0, 0]    |0.25709617860127854 |0.22406815090401846 |55        
 [17, 14, 12, 3, 20] |0.6984027493021756  |0.1471269678850135  |623       
 [6, 0, 0, 0, 0]     |2.494771517971631   |2.343620952717554   |25        
 [18, 3, 7, 18, 3]   |5.1953395907384     |2.1984707195647024  |344       
 [1, 0, 0, 0, 0]     |3.529789156745126   |3.485941411625504   |5         
 [17, 7, 1, 1, 0]    |1.287985233430693   |0.8029837216880455  |189       
 [5, 4, 0, 0, 0]     |0.39957310977146826 |0.35795123127986805 |44        
Gen 1 Train time: 8.699784596761068 minutes:
 Average MSE:        0.36560641098388713
 Average Error:      0.739281626547265
 Structure           |Error               |MSE                 |weights&biases
 [20, 1, 0, 0, 0]    |1.0241803479622105  |0.8322625127178711  |83        
 [19, 6, 1, 10, 0]   |0.21515494383920059 |0.12569501257356394 |215       
 [10, 2, 0, 0, 0]    |0.19446846673847634 |0.1694859487538619  |55        
 [11, 15, 4, 11, 4]  |4.006272833626498   |1.530143223527308   |385       
 [18, 7, 6, 2, 10]   |0.35817585392798895 |0.17347336606389213 |290       
 [10, 16, 3, 1, 4]   |0.7324677154327177  |0.36922981882862665 |274       
 [20, 4, 1, 5, 0]    |0.26840242995958064 |0.17768058260853042 |165       
 [17, 1, 1, 4, 0]    |0.2339004208089851  |0.18959599623356066 |84        
 [17, 3, 1, 5, 0]    |0.19985225280425203 |0.14621503163178612 |125       
 [14, 5, 1, 1, 0]    |1.143186165837834   |0.8322014386520797  |127       
 [16, 8, 1, 4, 0]    |0.34867985075790814 |0.20833641815924842 |206       
 [15, 4, 1, 5, 20]   |0.318109408287523   |0.16400474737712992 |265       
 [19, 10, 1, 10, 0]  |0.2956075374631068  |0.13998463794288735 |299       
 [11, 4, 1, 5, 0]    |0.20925390956352313 |0.1621543067836301  |102       
 [15, 9, 0, 0, 0]    |0.24881941717304942 |0.15129436876804997 |199       
 [20, 1, 9, 0, 0]    |0.17808801173576572 |0.1356092889914277  |109       
 [20, 3, 1, 5, 0]    |0.20911302400855974 |0.14625839563614257 |143       
 [15, 4, 1, 5, 0]    |0.26269019620010603 |0.18980085228817933 |130       
 [13, 7, 0, 0, 0]    |0.18888402712541444 |0.1314508757823833  |145       
 [18, 13, 7, 14, 5]  |0.7260516756520259  |0.16527672509262092 |592       
 [4, 18, 3, 11, 13]  |5.704093508444374   |2.2449518570961136  |373       
 [17, 9, 1, 6, 0]    |0.323928543707815   |0.17688909377748113 |242       
 [19, 6, 1, 19, 0]   |0.24955660627259216 |0.13627648068445747 |242       
 [12, 10, 1, 18, 0]  |0.545908846394641   |0.30565347138996246 |232       
 [17, 13, 1, 4, 0]   |0.2971946699574808  |0.13623582323638112 |312       
Gen 2 Train time: 8.74222602446874 minutes:
 Average MSE:        0.5854003243341659
 Average Error:      1.6988141874755607
 Structure           |Error               |MSE                 |weights&biases
 [20, 1, 9, 0, 0]    |0.1883936876281106  |0.14345678735313983 |109       
 [13, 7, 0, 0, 0]    |0.260521032601253   |0.18130552602220412 |145       
 [10, 2, 0, 0, 0]    |0.2283962133391767  |0.19905514533437155 |55        
 [5, 19, 4, 10, 6]   |3.81830883824404    |1.6649708438715252  |332       
 [16, 7, 1, 10, 0]   |0.23985435920824097 |0.1433131222487003  |206       
 [11, 3, 19, 3, 0]   |0.31349898416802935 |0.18591621584343343 |209       
 [17, 5, 1, 5, 0]    |0.25456478069845534 |0.16936486372131013 |163       
 [19, 3, 1, 5, 0]    |0.23777096126610683 |0.16881574648862427 |137       
 [20, 4, 5, 10, 12]  |0.3569958257190109  |0.14015151523103697 |374       
 [2, 11, 18, 20, 7]  |24.834147492092583  |3.446018894437863   |790       
 [13, 7, 1, 3, 0]    |0.22704027758922016 |0.15410395945457797 |155       
 [20, 6, 5, 5, 0]    |0.25210117108811214 |0.1325991250766583  |257       
 [12, 4, 1, 5, 10]   |1.311644956570104   |0.8489814361389316  |174       
 [13, 9, 1, 9, 0]    |0.2922137775308926  |0.17591231298964688 |203       
 [17, 3, 15, 3, 19]  |0.3265506256583704  |0.15081968622494632 |309       
 [16, 9, 1, 2, 0]    |0.29744840143487666 |0.17247301153958539 |218       
 [15, 2, 5, 0, 0]    |0.2975570338387362  |0.23289924077136798 |98        
 [10, 2, 5, 0, 0]    |0.25462690837134827 |0.21215122998595345 |73        
 [15, 4, 1, 5, 0]    |1.096386910975048   |0.7921695333546076  |130       
 [18, 15, 1, 12, 0]  |0.41656885558075374 |0.15634291493528266 |392       
 [14, 2, 5, 3, 0]    |1.0890471644252497  |0.8292804788284286  |109       
 [15, 3, 1, 3, 0]    |0.34423073620244976 |0.26343645391891146 |107       
 [17, 3, 19, 5, 5]   |1.8723625206624808  |0.8476402332168715  |317       
 [1, 1, 2, 0, 0]     |2.4335828115251803  |2.361659569965032   |12        
 [15, 5, 1, 3, 0]    |1.2265403604711882  |0.8621702614011351  |141       
Increasing Epochs
Gen 3 Train time: 10.162894376118977 minutes:
 Average MSE:        0.29434431609415596
 Average Error:      0.682846182095934
 Structure           |Error               |MSE                 |weights&biases
 [20, 1, 9, 0, 0]    |0.18072150344630541 |0.13761462295495686 |109       
 [13, 7, 1, 3, 0]    |0.23939308329242995 |0.1624884465132218  |155       
 [10, 2, 0, 0, 0]    |0.19239878366393073 |0.16768214886078767 |55        
 [16, 5, 8, 4, 0]    |0.2770287405070811  |0.15903451547930075 |222       
 [13, 8, 1, 5, 0]    |0.2276461164900981  |0.14661239013775867 |176       
 [16, 4, 3, 3, 0]    |0.2572562153597003  |0.17814049473017887 |147       
 [10, 2, 3, 0, 0]    |0.2660008275391918  |0.22610498342158425 |65        
 [17, 4, 17, 9, 12]  |0.47083888105720517 |0.13388965051410326 |503       
 [19, 2, 12, 2, 10]  |1.2796621734257447  |0.7761543422572192  |200       
 [15, 4, 5, 3, 0]    |0.2503248574524225  |0.16948416559593577 |156       
 [15, 2, 5, 3, 0]    |0.19419731202065665 |0.1460391467900426  |114       
 [20, 4, 7, 3, 0]    |0.23974811954339356 |0.14289196715814204 |207       
 [17, 7, 12, 4, 0]   |0.36564877646306176 |0.16024008879810775 |330       
 [4, 8, 12, 16, 13]  |7.307399952891001   |1.6183183052637056  |603       
 [7, 13, 14, 4, 5]   |0.6840946716827396  |0.24422655947900362 |412       
 [17, 3, 3, 3, 0]    |0.21255681883253488 |0.1524305885473391  |133       
 [14, 8, 10, 6, 11]  |0.5154961422727049  |0.1863505952096777  |407       
 [20, 3, 7, 5, 6]    |1.4586474998641394  |0.8126210724919842  |234       
 [15, 7, 1, 5, 16]   |0.3585545231565718  |0.17452722303111323 |288       
 [18, 2, 5, 2, 0]    |0.22757806643512668 |0.1677531122681826  |122       
 [15, 14, 5, 0, 0]   |0.2992416047103816  |0.12474245971140752 |350       
 [20, 1, 9, 7, 0]    |0.2048456256531151  |0.13159863544290706 |177       
 [5, 2, 5, 3, 0]     |0.7643621263487806  |0.6513464384891199  |64        
 [16, 7, 1, 10, 0]   |0.25544657836478635 |0.15262948246615404 |206       
 [15, 2, 5, 8, 0]    |0.34206555192524285 |0.2356864667419658  |149       
Increasing Epochs
Gen 4 Train time: 11.282075520356496 minutes:
 Average MSE:        0.21264028193643456
 Average Error:      0.7916810005625853
 Structure           |Error               |MSE                 |weights&biases
 [20, 1, 9, 0, 0]    |0.16684722107709793 |0.12704972558193134 |109       
 [10, 2, 0, 0, 0]    |0.21221900581056208 |0.18495615328615128 |55        
 [15, 2, 5, 3, 0]    |0.19874860075187958 |0.14946178079144543 |114       
 [11, 3, 4, 3, 0]    |0.2877701474882722  |0.2218856285677584  |104       
 [16, 4, 7, 4, 0]    |0.26074627147614404 |0.1629670111188469  |188       
 [18, 4, 5, 5, 0]    |0.2035619361917286  |0.1262760411381984  |191       
 [13, 8, 17, 5, 19]  |0.5526138593775599  |0.14762267019533842 |528       
 [18, 3, 7, 5, 0]    |0.23878689112739185 |0.150365874159587   |185       
 [16, 5, 7, 4, 0]    |0.25179396047642316 |0.14820717647141804 |212       
 [17, 6, 4, 3, 0]    |0.2370125902724507  |0.14161516361979798 |206       
 [6, 16, 17, 14, 12] |14.05370854272741   |1.6207456387236916  |864       
 [15, 2, 5, 0, 0]    |0.1895390514173544  |0.14835307571842207 |98        
 [13, 8, 1, 5, 0]    |0.23110048623362534 |0.14883713006447785 |176       
 [17, 4, 6, 4, 0]    |0.20010072723853464 |0.1256902913525006  |186       
 [13, 2, 3, 2, 0]    |0.20501450732082888 |0.16493983054864497 |87        
 [13, 8, 1, 4, 0]    |0.23183479425764678 |0.15043408642332934 |173       
 [20, 1, 5, 0, 0]    |0.15817431303246554 |0.12411364923474437 |97        
 [15, 8, 5, 2, 0]    |0.3404301685665928  |0.1901303747203571  |233       
 [13, 4, 4, 2, 0]    |0.24813572521292085 |0.18018351792694443 |128       
 [18, 2, 7, 5, 0]    |0.18101112734451189 |0.1216391051718327  |159       
 [15, 3, 4, 2, 0]    |0.21489002922902967 |0.15840046346841785 |122       
 [19, 2, 7, 5, 0]    |0.31360378403120504 |0.20812322971600547 |164       
 [12, 5, 2, 2, 0]    |0.20049585952300036 |0.1477901845231438  |122       
 [20, 3, 8, 2, 0]    |0.2036752366940525  |0.1311742705036993  |176       
 [18, 4, 5, 3, 0]    |0.2102101771859418  |0.1350449753841789  |177       
Gen 5 Train time: 11.46904753446579 minutes:
 Average MSE:        0.35501007098693604
 Average Error:      0.8272892309265468
 Structure           |Error               |MSE                 |weights&biases
 [20, 1, 5, 0, 0]    |0.1785973287006832  |0.140138849245827   |97        
 [20, 1, 9, 0, 0]    |0.17699845889173516 |0.13477962345101618 |109       
 [18, 2, 7, 5, 0]    |0.24954063410781996 |0.16769079272742976 |159       
 [20, 2, 8, 3, 0]    |0.1832303906090655  |0.1237476394464015  |157       
 [16, 2, 6, 3, 0]    |0.1928673757107406  |0.14110478638390175 |125       
 [18, 3, 6, 5, 0]    |0.2796932120524219  |0.18013261529148997 |176       
 [8, 3, 6, 2, 0]     |1.1862460135188333  |0.9425123185763373  |92        
 [19, 4, 5, 3, 0]    |0.2518142120009026  |0.1589661937423837  |184       
 [15, 3, 5, 3, 0]    |0.20073061940535064 |0.14323172986074734 |135       
 [19, 3, 5, 3, 0]    |0.2114483081450543  |0.1420928280497899  |159       
 [9, 11, 12, 14, 15] |1.0262304339814188  |0.17655767526540322 |704       
 [14, 6, 8, 2, 0]    |1.3933372684468122  |0.8262993037464357  |209       
 [19, 5, 6, 3, 4]    |0.29161403615781756 |0.1620542464722464  |235       
 [14, 16, 15, 7, 5]  |8.477203285995696   |1.4916465757956963  |695       
 [12, 6, 3, 4, 0]    |0.23127585884834034 |0.15658691013873602 |156       
 [20, 8, 3, 15, 4]   |2.123640072269171   |0.8131266760435384  |384       
 [14, 5, 3, 4, 0]    |0.20475698626365477 |0.13863212515133372 |156       
 [6, 3, 5, 3, 0]     |1.2999501753861662  |1.0616517362889255  |81        
 [14, 5, 3, 3, 0]    |0.2350172479353714  |0.16112152709458222 |151       
 [17, 6, 4, 3, 0]    |0.216380701472328   |0.1292875977936273  |206       
 [15, 6, 4, 5, 0]    |0.24873539773074402 |0.15086564487951243 |200       
 [15, 3, 5, 1, 0]    |1.1258293505190224  |0.8319524131905911  |121       
 [14, 2, 4, 3, 0]    |0.18833551408320062 |0.14557989196861834 |103       
 [14, 5, 4, 2, 0]    |0.22757761449114078 |0.15485533256641912 |154       
 [14, 4, 4, 2, 0]    |0.28118027644018573 |0.20063674150241478 |135       
Result:  [20, 1, 9]
Fold 0
Fold 0 Train time: 19.219330688317616 minutes, MSE: 0.012641661376630753
Fold 1
Fold 1 Train time: 19.371034916241964 minutes, MSE: 0.006763167265468884
Fold 2
Fold 2 Train time: 19.33211667140325 minutes, MSE: 0.019714815575214102
Fold 3
Fold 3 Train time: 19.307219060262046 minutes, MSE: 0.008114919528223725
Fold 4
Fold 4 Train time: 19.27502405246099 minutes, MSE: 0.004367639957223447
Total Time: 155.21669236421585 minutes
CellsPerSensor: 10
 Resulting Network Architecture: [20, 1, 9]
 MSE after 5-Fold CV: 0.010320440740552182
 Weights and Biases: 109
 Objective Function Value: 0.013553251295624106
~/workspace/SolarCellResearch
