/tmp/tmp.Qq0N0p8ZwY ~/workspace/SolarCellResearch
Using TensorFlow backend.
Genetically searching for best layer structure...
  Training on:     datasets/N3dataset10k2.mat
  Evaluating with: datasets/N3dataset100k2.mat
Gen 0 Train time: 8.214054481188457 minutes:
 Average MSE:        1.0044707466197835
 Average Error:      2.0632512552634155
 Structure           |Error               |MSE                 |weights&biases
 [6, 3, 5, 12, 0]    |0.6604155727248137  |0.4607563104587438  |144       
 [16, 15, 0, 0, 0]   |0.7833699392943144  |0.3528718812405206  |319       
 [2, 0, 0, 0, 0]     |3.1900834672477525  |3.119108056851498   |9         
 [2, 8, 5, 0, 0]     |2.336618230848744   |1.9082845241264814  |81        
 [7, 14, 13, 8, 0]   |1.306222050203928   |0.42512970836357467 |449       
 [17, 9, 12, 0, 0]   |0.7140648565593098  |0.3006581165309028  |346       
 [4, 2, 8, 0, 0]     |0.8311405781369912  |0.7243675635228846  |55        
 [6, 9, 10, 15, 0]   |1.3041519620196114  |0.5275840931762141  |362       
 [16, 12, 20, 15, 3] |15.710946988434932  |1.745180048156429   |879       
 [20, 7, 18, 19, 0]  |1.9446024568576545  |0.3119406180089028  |732       
 [6, 10, 0, 0, 0]    |0.81686727896688    |0.6377693084266117  |99        
 [1, 16, 0, 0, 0]    |2.228247599694819   |1.9566140362517284  |52        
 [4, 0, 0, 0, 0]     |2.660599590569827   |2.549893280171058   |17        
 [14, 1, 17, 6, 0]   |0.6901953503349203  |0.41239213222785764 |206       
 [14, 3, 6, 14, 0]   |0.7320128167711878  |0.4181323557932042  |224       
 [17, 4, 0, 0, 0]    |0.5182402951590203  |0.3763196913025079  |128       
 [6, 10, 19, 11, 0]  |4.352518625561117   |1.15980822935493    |529       
 [15, 2, 1, 19, 0]   |0.4599999728812743  |0.3257813433891545  |138       
 [1, 17, 5, 0, 0]    |4.373112190202618   |3.1360841237528723  |133       
 [20, 0, 0, 0, 0]    |0.4168292553720371  |0.3404188184137787  |81        
 [8, 10, 13, 9, 0]   |1.2739310315715553  |0.4769266470638126  |393       
 [2, 14, 1, 0, 0]    |2.3302141481785186  |1.9807195196226108  |65        
 [12, 19, 0, 0, 0]   |0.7068673691565068  |0.33140561616367303 |303       
 [5, 0, 0, 0, 0]     |0.8051277171425136  |0.763948913412467   |21        
 [16, 0, 0, 0, 0]    |0.4349020376945433  |0.3696737297121744  |65        
Gen 1 Train time: 8.582125123341878 minutes:
 Average MSE:        0.4527791085012076
 Average Error:      1.0101497535860624
 Structure           |Error               |MSE                 |weights&biases
 [20, 0, 0, 0, 0]    |0.35628298389895835 |0.2909714969299997  |81        
 [16, 0, 0, 0, 0]    |0.41042908658917976 |0.348871327497316   |65        
 [15, 2, 1, 19, 0]   |0.5235679140288355  |0.3708014531379006  |138       
 [18, 1, 1, 5, 0]    |0.5178019565388562  |0.4124408682784688  |91        
 [11, 2, 3, 6, 0]    |0.5196386781127988  |0.40774163255484225 |97        
 [18, 0, 0, 0, 0]    |0.40608024699004686 |0.33833982599473067 |73        
 [18, 18, 14, 7, 15] |2.8368998576186124  |0.296772880902593   |903       
 [16, 10, 0, 0, 0]   |0.5770392387408122  |0.3255155616472696  |229       
 [11, 19, 5, 8, 0]   |1.2938433446674924  |0.4550341198763137  |418       
 [18, 1, 1, 10, 0]   |0.48815005155179797 |0.3745116240315601  |106       
 [11, 16, 16, 14, 5] |2.7750901180640786  |0.3608413906233309  |816       
 [10, 2, 5, 10, 0]   |0.5725402566725745  |0.4054846629551956  |138       
 [10, 1, 1, 10, 0]   |0.46641081542955226 |0.38763602673846403 |74        
 [14, 10, 0, 0, 0]   |0.5663309022920062  |0.3409304646122248  |203       
 [11, 6, 1, 10, 0]   |0.46448783077969114 |0.3248733322299852  |143       
 [15, 12, 17, 2, 19] |1.6226084842857258  |0.38927666378097536 |571       
 [5, 3, 7, 6, 0]     |1.5301038028670304  |1.144920930298814   |116       
 [9, 11, 3, 6, 0]    |0.5775908769986977  |0.3468407680000173  |204       
 [12, 13, 10, 7, 18] |1.4654733916996312  |0.33948630366541277 |585       
 [13, 0, 0, 0, 0]    |0.5315154887372154  |0.4655559761078195  |53        
 [16, 1, 1, 10, 18]  |3.7674617682788627  |1.7619153840674104  |304       
 [19, 5, 14, 0, 0]   |0.5248665291767375  |0.27675814446866337 |256       
 [16, 1, 19, 10, 0]  |0.8028665968198765  |0.3662032727151331  |314       
 [20, 2, 13, 0, 0]   |0.518588306793529   |0.35199266073978164 |155       
 [9, 9, 1, 11, 18]   |1.1380753120189633  |0.43576094067596693 |384       
Gen 2 Train time: 8.649008929729462 minutes:
 Average MSE:        0.45729720566959775
 Average Error:      1.3679452818008
 Structure           |Error               |MSE                 |weights&biases
 [20, 0, 0, 0, 0]    |0.4641148813824987  |0.3790363499977123  |81        
 [18, 0, 0, 0, 0]    |0.43991013054747624 |0.36652636548066436 |73        
 [16, 0, 0, 0, 0]    |0.35591501134096565 |0.3025334863925759  |65        
 [12, 4, 11, 3, 0]   |0.6973927667781085  |0.441354656718984   |183       
 [14, 1, 1, 5, 0]    |0.42913094873248825 |0.3557620520116133  |75        
 [17, 2, 1, 12, 0]   |0.4836382465044046  |0.35207252900331976 |127       
 [15, 3, 8, 5, 0]    |0.5420586817766088  |0.3491055334284525  |176       
 [6, 5, 0, 0, 0]     |0.4557819414932095  |0.39327711737968124 |59        
 [14, 3, 5, 5, 0]    |0.48365070952373257 |0.33827628460065495 |143       
 [12, 6, 3, 2, 0]    |0.5928592471355966  |0.4115609038035711  |146       
 [13, 4, 1, 15, 16]  |2.7692612328973185  |1.0111421987218112  |403       
 [10, 6, 2, 8, 0]    |0.5243023108140235  |0.36670893729145393 |143       
 [12, 2, 16, 5, 0]   |0.6285377477632322  |0.38027553661162494 |201       
 [15, 1, 10, 5, 0]   |0.5327288670932996  |0.3735353340364108  |142       
 [19, 3, 8, 5, 0]    |0.5259521808149193  |0.3190061232069713  |200       
 [12, 19, 4, 15, 14] |2.4135632981421673  |0.44423756758119815 |677       
 [17, 8, 7, 0, 0]    |0.6015721046327327  |0.3093726084193785  |266       
 [3, 11, 19, 20, 13] |13.592971099407084  |1.208708976237971   |968       
 [15, 2, 7, 13, 0]   |0.5336471951980207  |0.3109819703859279  |216       
 [6, 2, 10, 15, 0]   |0.8303794170501524  |0.4523167574968241  |243       
 [20, 3, 7, 0, 0]    |0.419501681566438   |0.2819042669498503  |159       
 [20, 8, 9, 1, 10]   |0.6768460213504888  |0.28215139947152756 |350       
 [11, 6, 1, 10, 0]   |0.5285989280354715  |0.3697140889048029  |143       
 [13, 1, 3, 5, 0]    |0.5443282998184747  |0.4401222622839443  |85        
 [15, 2, 1, 19, 18]  |4.131989095221085   |1.1927468353230175  |497       
Gen 3 Train time: 8.502784697214762 minutes:
 Average MSE:        0.45468835548269027
 Average Error:      0.7783354358318226
 Structure           |Error               |MSE                 |weights&biases
 [16, 0, 0, 0, 0]    |0.4756724814607305  |0.4043292629190633  |65        
 [20, 3, 7, 0, 0]    |0.4314802645888993  |0.28995385009677765 |159       
 [14, 1, 1, 5, 0]    |0.5241340632834218  |0.4345224002921654  |75        
 [12, 7, 4, 0, 0]    |0.5269960658268356  |0.34974107090683565 |164       
 [19, 0, 0, 0, 0]    |0.37150656634642043 |0.30645365575449224 |77        
 [17, 4, 4, 0, 0]    |0.46953023788136566 |0.324320654576983   |148       
 [13, 10, 4, 10, 7]  |2.3984940609433094  |0.9800428985963825  |358       
 [5, 2, 1, 9, 19]    |1.1158394838852466  |0.585439180198142   |258       
 [17, 2, 5, 16, 0]   |0.6169826847495007  |0.3604455697528343  |215       
 [17, 2, 4, 3, 0]    |0.510941075081611   |0.38041176973205026 |118       
 [18, 2, 4, 0, 0]    |0.4012459380696891  |0.3055381204045482  |109       
 [16, 1, 1, 3, 0]    |1.2861176667776     |1.0609111558661175  |77        
 [20, 15, 5, 16, 18] |3.0762036245908817  |0.34427870774905367 |876       
 [16, 3, 1, 5, 0]    |0.5272584116755186  |0.391580366623944   |119       
 [16, 5, 4, 3, 0]    |0.5992740158636519  |0.38595429242494805 |176       
 [20, 4, 5, 1, 13]   |0.519531988807298   |0.30351419632870213 |215       
 [10, 3, 1, 3, 0]    |0.5253743584033644  |0.4333783231767989  |77        
 [9, 6, 1, 5, 0]     |0.49725935754205935 |0.37770434600170577 |110       
 [19, 2, 4, 0, 0]    |0.45936649167247373 |0.34545014969438625 |114       
 [11, 2, 9, 16, 0]   |0.8232890074373732  |0.4287214050023927  |261       
 [18, 2, 4, 15, 0]   |0.552576838126113   |0.339370522507638   |195       
 [15, 2, 4, 9, 0]    |0.4730463906618782  |0.3300332678981409  |144       
 [10, 4, 3, 3, 0]    |0.41788372857714046 |0.3214053928893186  |105       
 [14, 1, 8, 3, 0]    |0.47795165156397307 |0.368525378875835   |104       
 [5, 5, 0, 0, 0]     |1.3804294419792047  |1.2151829487980017  |51        
Increasing Epochs
Gen 4 Train time: 10.142882891496022 minutes:
 Average MSE:        0.44540336715551093
 Average Error:      0.8092121595878116
 Structure           |Error               |MSE                 |weights&biases
 [19, 0, 0, 0, 0]    |0.4692989475296621  |0.38712203535614925 |77        
 [18, 2, 4, 0, 0]    |0.4175492836877199  |0.31795268489933864 |109       
 [10, 4, 3, 3, 0]    |0.5419477782278834  |0.4168263243460363  |105       
 [15, 1, 1, 3, 0]    |0.4337454201581816  |0.3613900234500387  |73        
 [15, 4, 4, 2, 14]   |0.6787294474266137  |0.41580757400374757 |196       
 [12, 2, 5, 3, 0]    |0.46121550883203666 |0.3600941103620361  |99        
 [19, 1, 2, 0, 0]    |0.4570903824769474  |0.3705102630203008  |84        
 [18, 3, 13, 3, 0]   |0.7225042096329862  |0.42847108083106206 |209       
 [18, 2, 1, 3, 0]    |0.537387230612788   |0.41331868693930823 |105       
 [14, 3, 4, 2, 9]    |0.5063771411698164  |0.3480275801508374  |150       
 [19, 19, 5, 9, 7]   |1.7285442176874404  |0.3245809093719208  |669       
 [14, 6, 4, 2, 0]    |0.5740974737901796  |0.3725231549652014  |173       
 [15, 2, 6, 6, 0]    |0.455547481947788   |0.3178246935562421  |144       
 [4, 10, 7, 11, 11]  |1.9705586063627754  |0.7794373693552501  |371       
 [14, 4, 2, 0, 0]    |0.4538587484266128  |0.34045604334371404 |115       
 [10, 16, 9, 4, 8]   |1.3214906880741393  |0.43117571030108925 |448       
 [2, 10, 2, 14, 11]  |3.7691584259921895  |1.8857992707826792  |277       
 [14, 2, 7, 16, 0]   |0.8040217246776321  |0.44346828547667255 |238       
 [15, 13, 1, 3, 7]   |0.8222008278229697  |0.3797391924028391  |309       
 [17, 3, 7, 2, 7]    |0.5103730492968779  |0.3270594398220787  |178       
 [17, 2, 4, 5, 0]    |0.5105382750885326  |0.3688778688327057  |130       
 [16, 3, 7, 7, 7]    |0.6366736941667498  |0.34335238121027867 |247       
 [18, 3, 4, 8, 0]    |0.40735763653463086 |0.2623531543346508  |176       
 [17, 3, 2, 10, 0]   |0.4509031892057917  |0.3068173619617585  |154       
 [14, 1, 5, 8, 0]    |0.5891346008663481  |0.43209897981183454 |124       
Increasing Epochs
Gen 5 Train time: 11.653865083058674 minutes:
 Average MSE:        0.5964625229531009
 Average Error:      1.6598074299287564
 Structure           |Error               |MSE                 |weights&biases
 [18, 3, 4, 8, 0]    |0.4617781445814306  |0.297401943570638   |176       
 [18, 2, 4, 0, 0]    |0.541397644802035   |0.4122599211347853  |109       
 [15, 1, 1, 3, 0]    |0.4416072069313002  |0.3679403434632399  |73        
 [19, 2, 8, 2, 0]    |0.6205485843555653  |0.43511218757079695 |142       
 [19, 2, 3, 0, 0]    |0.4164174511421385  |0.31629908751196373 |110       
 [14, 3, 4, 2, 0]    |0.49758221300788286 |0.372322641868916   |116       
 [12, 9, 8, 10, 4]   |1.086359132286768   |0.42862702643981737 |372       
 [4, 4, 9, 2, 10]    |0.6156117641886892  |0.43598878123264945 |138       
 [16, 2, 5, 8, 0]    |0.4672403267284638  |0.31793397758282255 |154       
 [18, 3, 4, 3, 4]    |0.5505568598701368  |0.36629178351734165 |163       
 [15, 3, 6, 3, 1]    |5.251764384776819   |3.66403168136178    |144       
 [18, 4, 2, 17, 12]  |1.1142286661331657  |0.389910671421765   |420       
 [14, 4, 4, 6, 0]    |0.6523701297571528  |0.4383913850415473  |159       
 [16, 4, 6, 2, 11]   |0.6447805895904047  |0.3862211325741165  |205       
 [5, 12, 20, 19, 13] |14.600154612960553  |1.140004396054381   |1020      
 [15, 5, 20, 13, 7]  |5.019957626286862   |1.054874173182238   |624       
 [16, 2, 3, 6, 0]    |0.5291030725186304  |0.39001424221591097 |122       
 [18, 17, 16, 9, 7]  |3.126321826690795   |0.3328235458777156  |896       
 [18, 3, 4, 4, 0]    |0.6243491620401957  |0.4269682977933618  |152       
 [16, 3, 4, 8, 0]    |0.5501279155588248  |0.365092528767586   |164       
 [15, 3, 5, 4, 5]    |0.5736839849324528  |0.3769372378786971  |168       
 [14, 2, 3, 2, 0]    |0.45497090103908805 |0.3614896690367745  |92        
 [18, 2, 5, 1, 4]    |1.4852250989916553  |1.0839007530292686  |126       
 [19, 1, 5, 14, 0]   |0.6016211830602908  |0.37789938510589194 |186       
 [15, 3, 5, 4, 5]    |0.5674272659876135  |0.3728262805935138  |168       
Result:  [19, 2, 3]
Fold 0
Fold 0 Train time: 19.375131543477377 minutes, MSE: 0.8526731803181606
Fold 1
Fold 1 Train time: 19.336093997955324 minutes, MSE: 0.29059707843260496
Fold 2
Fold 2 Train time: 19.290758287906648 minutes, MSE: 0.024432942332000895
Fold 3
Fold 3 Train time: 19.250091989835102 minutes, MSE: 0.023310217003817232
Fold 4
Fold 4 Train time: 19.182966868082683 minutes, MSE: 0.021501814094600367
Total Time: 152.18629742066065 minutes
CellsPerSensor: 3
 Resulting Network Architecture: [19, 2, 3]
 MSE after 5-Fold CV: 0.24250304643623682
 Weights and Biases: 110
 Objective Function Value: 0.319262699382153
~/workspace/SolarCellResearch
