/tmp/tmp.8HKvOHC53K ~/workspace/SolarCellResearch
Using TensorFlow backend.
Genetically searching for best layer structure...
  Training on:     datasets/N2dataset10k6.mat
  Evaluating with: datasets/N2dataset100k6.mat
Gen 0 Train time: 8.427470747629801 minutes:
 Average MSE:        0.9095771303850363
 Average Error:      2.664330654804587
 Structure           |Error               |MSE                 |weights&biases
 [12, 10, 5, 0, 0]   |0.870787082045603   |0.493684917400699   |227       
 [2, 9, 0, 0, 0]     |1.512571565023506   |1.3584050110742782  |43        
 [12, 1, 20, 0, 0]   |0.7812753350797313  |0.5934349650898103  |110       
 [8, 20, 13, 2, 0]   |2.1957362926166284  |0.6166321840531748  |508       
 [11, 9, 0, 0, 0]    |0.6689719130605909  |0.45862921620691877 |151       
 [5, 6, 19, 14, 0]   |6.325994981801412   |1.9101224149802953  |479       
 [2, 7, 12, 11, 16]  |7.301489812719938   |2.2268285787989206  |475       
 [16, 9, 12, 5, 0]   |1.1340366376964666  |0.42561653663160737 |392       
 [20, 3, 10, 1, 0]   |0.7991336858174524  |0.5146711989808516  |176       
 [9, 11, 0, 0, 0]    |0.6529742484958952  |0.44990555943242594 |149       
 [14, 1, 10, 0, 0]   |0.7234628196429713  |0.5805925123904228  |88        
 [11, 11, 20, 19, 5] |22.652820952395523  |2.3286399612443396  |910       
 [4, 6, 0, 0, 0]     |0.6709466501611776  |0.5935904632996435  |49        
 [10, 0, 0, 0, 0]    |0.4707443559570892  |0.42488356980638214 |41        
 [12, 4, 12, 12, 5]  |1.502377041682752   |0.5883393029130095  |375       
 [2, 0, 0, 0, 0]     |3.494439878158366   |3.4166929141670734  |9         
 [19, 15, 12, 10, 15]|4.422405081027572   |0.5151401311967303  |860       
 [3, 8, 0, 0, 0]     |1.7032457087469466  |1.5031090623096843  |50        
 [19, 17, 0, 0, 0]   |1.0103116228877134  |0.35799323864647276 |415       
 [10, 0, 0, 0, 0]    |0.6122022425411625  |0.5525603673473942  |41        
 [12, 18, 13, 3, 9]  |2.149372159173133   |0.47363219448842064 |605       
 [5, 3, 2, 10, 10]   |1.629797871224133   |1.008491854714497   |192       
 [15, 11, 0, 0, 0]   |0.7429601105624039  |0.41494349580793843 |233       
 [17, 20, 5, 6, 0]   |2.097625553495113   |0.5185628810213575  |559       
 [15, 0, 0, 0, 0]    |0.48258276810140943 |0.4143257276235614  |61        
Gen 1 Train time: 8.310360753536225 minutes:
 Average MSE:        0.6752662788653434
 Average Error:      1.5637741136194856
 Structure           |Error               |MSE                 |weights&biases
 [10, 0, 0, 0, 0]    |0.6774249045591191  |0.6114289169535219  |41        
 [15, 0, 0, 0, 0]    |0.5181343747887159  |0.444848875739388   |61        
 [10, 0, 0, 0, 0]    |0.5761615344700091  |0.5200308117407473  |41        
 [13, 5, 6, 3, 0]    |0.7764169792074883  |0.5075979616676447  |170       
 [11, 20, 5, 19, 1]  |14.386235503303832  |3.979960448256022   |514       
 [18, 6, 10, 18, 0]  |1.335036259088378   |0.42803875084093657 |455       
 [12, 1, 5, 0, 0]    |0.6044677478775786  |0.5138073117182511  |65        
 [16, 6, 5, 1, 0]    |0.8398544801733279  |0.5183904065280753  |193       
 [13, 6, 8, 0, 0]    |0.6806720642556225  |0.4254215841164323  |188       
 [4, 7, 4, 0, 0]     |1.8190508825502192  |1.474493988013373   |84        
 [8, 20, 7, 4, 14]   |1.906610105024055   |0.5917487464821811  |468       
 [13, 5, 0, 0, 0]    |0.6131286300897075  |0.4599302055644885  |115       
 [7, 5, 10, 0, 0]    |0.805262708028471   |0.5789224724493315  |132       
 [17, 9, 0, 0, 0]    |0.6906278553681746  |0.39548035677785287 |223       
 [11, 11, 3, 0, 0]   |0.7619576172298022  |0.45640972859761886 |205       
 [10, 12, 0, 0, 0]   |0.8199398298540818  |0.5293929429048244  |175       
 [16, 19, 10, 16, 0] |3.509964848759664   |0.5197569517408149  |764       
 [11, 11, 3, 6, 0]   |0.807986615477996   |0.45239038621283756 |232       
 [8, 8, 2, 20, 8]    |1.5778269780452348  |0.6560938541329016  |351       
 [15, 17, 0, 0, 0]   |0.9025477861350726  |0.3906146942534336  |335       
 [9, 4, 0, 0, 0]     |0.551608723623476   |0.4607423351972827  |72        
 [19, 10, 3, 5, 19]  |1.2695487049396867  |0.41839115223427487 |444       
 [13, 6, 0, 0, 0]    |0.6326190782177135  |0.4570845884481316  |130       
 [11, 5, 14, 15, 0]  |1.3252855206659495  |0.4660920759584165  |418       
 [7, 3, 0, 0, 0]     |0.7059831087537537  |0.6245874251048035  |49        
Increasing Epochs
Gen 2 Train time: 9.538900768756866 minutes:
 Average MSE:        0.5353547597453573
 Average Error:      1.1315399546922793
 Structure           |Error               |MSE                 |weights&biases
 [15, 0, 0, 0, 0]    |0.4845115299288532  |0.4159816832448368  |61        
 [9, 4, 0, 0, 0]     |0.6887570501448311  |0.5752982468854771  |72        
 [10, 0, 0, 0, 0]    |0.6965277481755412  |0.6286707261998516  |41        
 [10, 2, 0, 0, 0]    |0.6435609121718353  |0.5608854412732585  |55        
 [2, 1, 3, 0, 0]     |1.4445486244608536  |1.3775366972351992  |19        
 [9, 8, 0, 0, 0]     |0.6548895507161643  |0.49002999158880084 |116       
 [16, 18, 18, 12, 15]|7.965081835473528   |0.4665300792049675  |1135      
 [11, 3, 7, 8, 0]    |0.7442865415849487  |0.486592052367029   |170       
 [15, 6, 3, 1, 0]    |0.8262242590780218  |0.5428680218812658  |168       
 [11, 5, 0, 0, 0]    |0.49929033257500904 |0.3898210374066989  |99        
 [13, 5, 11, 12, 19] |2.4003806829858845  |0.5546751470053602  |586       
 [11, 10, 0, 0, 0]   |0.9854278360654231  |0.6539794298961099  |164       
 [12, 9, 6, 0, 0]    |0.8968616191984389  |0.5174441411340756  |220       
 [15, 9, 15, 0, 0]   |0.9540161370085202  |0.39275287072737103 |355       
 [9, 4, 14, 0, 0]    |0.7326547298664953  |0.5010342960325994  |152       
 [14, 3, 3, 2, 15]   |0.8199655975036189  |0.5387557881975057  |168       
 [10, 6, 9, 0, 0]    |0.9003504126536269  |0.5900952915389388  |169       
 [15, 6, 1, 14, 0]   |0.8891055123746731  |0.5515408546275421  |191       
 [16, 5, 0, 0, 0]    |0.514256173751907   |0.36329730962274615 |139       
 [11, 12, 0, 0, 0]   |0.6468877587137207  |0.40228983035421245 |190       
 [13, 5, 6, 3, 0]    |0.6980391125288018  |0.45635688061018403 |170       
 [20, 5, 2, 1, 11]   |0.8786136086339875  |0.5145770084802231  |214       
 [19, 3, 4, 14, 8]   |1.0423277344841104  |0.4545062647349393  |332       
 [13, 5, 3, 1, 0]    |0.7643250883198243  |0.5481194331661439  |133       
 [10, 2, 10, 0, 0]   |0.5176084789083663  |0.4102304702185927  |93        
Increasing Epochs
Gen 3 Train time: 10.814325829346975 minutes:
 Average MSE:        0.567582464067707
 Average Error:      0.8958613111743534
 Structure           |Error               |MSE                 |weights&biases
 [15, 0, 0, 0, 0]    |0.4726364696851363  |0.4057862446563257  |61        
 [11, 5, 0, 0, 0]    |0.5987379992210842  |0.46746482509975334 |99        
 [16, 5, 0, 0, 0]    |0.5719279369532415  |0.4040396428831978  |139       
 [11, 4, 0, 0, 0]    |0.5725319255111498  |0.46177072374926087 |86        
 [10, 3, 7, 0, 0]    |0.5105707656270243  |0.3986282380029027  |99        
 [9, 6, 0, 0, 0]     |0.5810518698395097  |0.45936267041738665 |94        
 [10, 5, 0, 0, 0]    |0.4943581876600978  |0.39376738072213263 |91        
 [13, 4, 7, 1, 0]    |2.796454839119483   |1.9706284185637606  |140       
 [14, 5, 0, 0, 0]    |0.533938720660196   |0.39259599362183306 |123       
 [12, 2, 0, 0, 0]    |0.5640655226783111  |0.47946477021796363 |65        
 [12, 3, 7, 1, 8]    |0.7519161478482103  |0.5351915992443388  |136       
 [15, 3, 2, 7, 4]    |0.7792187748360602  |0.5236334135622073  |159       
 [12, 6, 11, 3, 19]  |1.1539299736302964  |0.5146199997771257  |323       
 [13, 5, 8, 0, 0]    |0.7145604438266951  |0.47185304405719697 |166       
 [10, 5, 10, 4, 0]   |0.8307988506555892  |0.5115205234236363  |194       
 [10, 17, 16, 0, 0]  |1.6144800405259476  |0.437802645369944   |522       
 [13, 11, 8, 0, 0]   |1.243892355708773   |0.5905183666880128  |298       
 [17, 5, 3, 1, 6]    |0.7894503816345683  |0.500865190424005   |182       
 [13, 5, 7, 0, 0]    |0.8154085526935942  |0.5479528698273434  |159       
 [9, 6, 7, 0, 0]     |0.8232828171195814  |0.5743849311653981  |144       
 [12, 4, 7, 6, 0]    |0.8826432276522898  |0.5656192073551077  |178       
 [13, 2, 19, 5, 6]   |1.8193655163929072  |0.9333153149733574  |267       
 [12, 4, 14, 2, 0]   |0.970472173944535   |0.6020152217705053  |191       
 [10, 2, 5, 0, 0]    |0.5995471018408624  |0.4995334385655414  |73        
 [11, 8, 4, 4, 3]    |0.911292184093696   |0.5472269275544379  |204       
Result:  [15]
Fold 0
Fold 0 Train time: 17.417780474821726 minutes, MSE: 0.04283503500859696
Fold 1
Fold 1 Train time: 17.440381292502085 minutes, MSE: 0.04628122909848163
Fold 2
Fold 2 Train time: 17.384976069132488 minutes, MSE: 0.04180793349474561
Fold 3
Fold 3 Train time: 17.39954731464386 minutes, MSE: 0.05243692935830683
Fold 4
Fold 4 Train time: 17.351187070210774 minutes, MSE: 0.07263075846937984
Total Time: 124.09019945859909 minutes
CellsPerSensor: 2
 Resulting Network Architecture: [15]
 MSE after 5-Fold CV: 0.05119837708590218
 Weights and Biases: 61
 Objective Function Value: 0.05963292378228219
~/workspace/SolarCellResearch
