/tmp/tmp.0XLrpfaejC ~/workspace/SolarCellResearch
Using TensorFlow backend.
Genetically searching for best layer structure...
  Training on:     datasets/N3dataset10k7.mat
  Evaluating with: datasets/N3dataset100k7.mat
Gen 0 Train time: 8.526288096110026 minutes:
 Average MSE:        0.776279429232467
 Average Error:      1.8590811102629277
 Structure           |Error               |MSE                 |weights&biases
 [20, 8, 0, 0, 0]    |0.5287852831382637  |0.2923882251715648  |237       
 [10, 15, 10, 13, 0] |1.2823639183299322  |0.3565450020510346  |512       
 [2, 17, 5, 12, 0]   |3.752297272861616   |2.1009051139430315  |232       
 [3, 2, 1, 0, 0]     |1.8800394388806367  |1.7794294064673242  |22        
 [15, 1, 0, 0, 0]    |0.46075182606592435 |0.39360960183588617 |63        
 [20, 3, 19, 19, 0]  |1.4711331511401067  |0.32907583770225196 |599       
 [5, 11, 11, 0, 0]   |1.9095631842605614  |1.0880363051301587  |225       
 [7, 15, 13, 3, 0]   |0.8981939581180147  |0.3345833525326071  |395       
 [17, 19, 0, 0, 0]   |0.8401942033321476  |0.29920622745166614 |413       
 [1, 19, 7, 14, 9]   |5.971992870477491   |1.9978681475894269  |438       
 [5, 0, 0, 0, 0]     |0.8080363819371974  |0.7667088125714056  |21        
 [4, 3, 0, 0, 0]     |1.1328749994218825  |1.0483931397283344  |31        
 [18, 2, 0, 0, 0]    |0.49082388694492046 |0.3870621912640117  |95        
 [5, 20, 1, 0, 0]    |1.7258485584886714  |1.1626697246202498  |158       
 [5, 0, 0, 0, 0]     |1.5114961493026648  |1.434189652525038   |21        
 [19, 0, 0, 0, 0]    |0.4150474566037105  |0.34237028873725744 |77        
 [5, 13, 5, 1, 0]    |2.6041450076374937  |1.6982603597019312  |171       
 [2, 17, 18, 0, 0]   |2.078631112451801   |0.764685652050342   |400       
 [7, 17, 15, 12, 0]  |1.8054918897932817  |0.3718863693082918  |632       
 [12, 11, 19, 17, 11]|3.9176921214318594  |0.35808056925818366 |957       
 [17, 19, 12, 4, 12] |1.7927571885199505  |0.2694842757207846  |758       
 [9, 11, 15, 20, 10] |6.157664896443245   |0.7208657422021345  |858       
 [15, 4, 0, 0, 0]    |0.4494540817245599  |0.3379958761188978  |114       
 [17, 6, 15, 0, 0]   |0.7551510440876941  |0.3749969106366876  |280       
 [9, 17, 13, 12, 0]  |1.8365978751795606  |0.3976889464931668  |612       
Gen 1 Train time: 8.013483198483785 minutes:
 Average MSE:        0.3284184552286628
 Average Error:      0.5291241243446134
 Structure           |Error               |MSE                 |weights&biases
 [19, 0, 0, 0, 0]    |0.3708782015497814  |0.30593532120398553 |77        
 [15, 4, 0, 0, 0]    |0.3957474483173879  |0.2976077222451989  |114       
 [15, 1, 0, 0, 0]    |0.4307634825790982  |0.36799125531656374 |63        
 [11, 10, 0, 0, 0]   |0.46690016365971987 |0.3098584104014615  |164       
 [19, 1, 0, 0, 0]    |0.4267131163022502  |0.3502376516062556  |79        
 [10, 14, 0, 0, 0]   |0.574186496564885   |0.349133458071341   |199       
 [10, 2, 0, 0, 0]    |0.41679349812928934 |0.3632498504751518  |55        
 [20, 4, 0, 0, 0]    |0.46193054737315337 |0.3182746054895176  |149       
 [14, 9, 16, 6, 0]   |0.979252556641608   |0.32111187522426804 |446       
 [19, 5, 0, 0, 0]    |0.3980194602187187  |0.2648069047627756  |163       
 [14, 9, 7, 6, 0]    |0.772853322779554   |0.36324926533615703 |302       
 [15, 7, 10, 9, 6]   |1.0648305568407725  |0.3888022905602392  |403       
 [15, 3, 0, 0, 0]    |0.41928871340591656 |0.32900065317854743 |97        
 [12, 9, 7, 6, 0]    |0.6642506534988769  |0.33151052821871785 |278       
 [17, 3, 11, 0, 0]   |0.49216902406079566 |0.3290870160711119  |161       
 [18, 8, 0, 0, 0]    |0.5540101628310234  |0.32365658506537265 |215       
 [16, 10, 0, 0, 0]   |0.5924993188869978  |0.3342367998820889  |229       
 [15, 3, 2, 0, 0]    |0.4890816647504186  |0.3771071931932584  |104       
 [20, 4, 3, 0, 0]    |0.43095654890552526 |0.28672032704182043 |163       
 [18, 4, 8, 0, 0]    |0.4628412257178386  |0.29585931975782737 |179       
 [15, 4, 0, 0, 0]    |0.3988084632372875  |0.2999096490976477  |114       
 [15, 4, 2, 0, 0]    |0.4600769302449336  |0.339133459301887   |122       
 [19, 14, 0, 0, 0]   |0.5980092642358472  |0.2480440238323049  |352       
 [13, 4, 0, 0, 0]    |0.4316651161601477  |0.336181130490132   |100       
 [17, 2, 0, 0, 0]    |0.475577171723512   |0.3797560848929377  |90        
Gen 2 Train time: 8.21182723045349 minutes:
 Average MSE:        0.32659962794519054
 Average Error:      0.7262026097342235
 Structure           |Error               |MSE                 |weights&biases
 [19, 0, 0, 0, 0]    |0.4497179682346086  |0.3709697967907972  |77        
 [15, 4, 0, 0, 0]    |0.4301030177541983  |0.3234436001769396  |114       
 [19, 5, 0, 0, 0]    |0.4518484816677287  |0.300619969150352   |163       
 [18, 3, 15, 10, 0]  |0.7470465277379648  |0.31770633120333425 |342       
 [18, 4, 0, 0, 0]    |0.4382160934701206  |0.3126899588437738  |135       
 [18, 4, 20, 0, 0]   |0.5069728266537156  |0.2706854392195809  |251       
 [16, 3, 0, 0, 0]    |0.3879637670889322  |0.29988886363510825 |103       
 [13, 9, 6, 0, 0]    |0.5129966168274352  |0.28722596781525844 |232       
 [14, 9, 6, 0, 0]    |0.5740282930219487  |0.31189877188682746 |244       
 [12, 9, 0, 0, 0]    |0.5078331641695419  |0.3378672195216912  |163       
 [20, 5, 2, 16, 0]   |0.5910217509359537  |0.32274186377394803 |242       
 [18, 4, 1, 0, 0]    |0.41237533161058876 |0.292783648047853   |137       
 [15, 15, 14, 0, 0]  |1.1201775185783513  |0.3022463612236693  |524       
 [17, 3, 4, 0, 0]    |0.3581250737165437  |0.26135569439511935 |126       
 [13, 6, 0, 0, 0]    |0.5500311184528845  |0.3974125284365518  |130       
 [19, 3, 0, 0, 0]    |0.4053489061498425  |0.2995400683949658  |121       
 [17, 15, 14, 13, 20]|5.345088332810653   |0.39600757884682    |1041      
 [17, 3, 0, 0, 0]    |0.5724529654435822  |0.4359077226378398  |109       
 [19, 4, 0, 0, 0]    |0.44284881868433285 |0.31051383101774244 |142       
 [20, 2, 2, 5, 0]    |0.42101564490673987 |0.304956759458813   |129       
 [16, 3, 6, 0, 0]    |0.45143594555516137 |0.3261748190808773  |130       
 [16, 5, 19, 3, 0]   |0.8318235774430089  |0.3822674031624288  |311       
 [14, 4, 0, 0, 0]    |0.5270151555882922  |0.403319602663404   |107       
 [13, 3, 0, 0, 0]    |0.3797384297264621  |0.30704142485903985 |85        
 [12, 11, 15, 0, 0]  |0.7398399171269976  |0.28972547438702895 |375       
Gen 3 Train time: 8.381699887911479 minutes:
 Average MSE:        0.3547329755683132
 Average Error:      0.5745873765974274
 Structure           |Error               |MSE                 |weights&biases
 [17, 3, 4, 0, 0]    |0.5184956789183015  |0.37839237783115753 |126       
 [13, 3, 0, 0, 0]    |0.5674127893260685  |0.4587874644223236  |85        
 [16, 3, 0, 0, 0]    |0.5095649494443684  |0.39388434333385575 |103       
 [19, 3, 3, 3, 0]    |0.4286494782207775  |0.2983118804342848  |145       
 [14, 7, 3, 11, 10]  |1.0820003544071686  |0.45557792916645007 |346       
 [18, 3, 14, 0, 0]   |0.4391919265889569  |0.2786444253636311  |182       
 [18, 4, 11, 4, 0]   |0.5732344247573505  |0.31617465016293367 |238       
 [15, 6, 6, 0, 0]    |0.5664155387364588  |0.3522453592897874  |190       
 [8, 4, 0, 0, 0]     |0.616840410346775   |0.5243242738959959  |65        
 [17, 4, 19, 0, 0]   |0.621142867547129   |0.342599153794796   |238       
 [19, 4, 0, 0, 0]    |0.41589138679523574 |0.2916119956800036  |142       
 [15, 6, 3, 0, 0]    |0.597017311703474   |0.3942345791960063  |166       
 [17, 5, 1, 8, 0]    |0.441721065736254   |0.2873435705923092  |172       
 [18, 4, 0, 0, 0]    |0.41457835278040167 |0.29582320229702463 |135       
 [14, 7, 3, 0, 0]    |0.5826743615737467  |0.37620284293740236 |175       
 [17, 9, 8, 0, 0]    |0.8083533620436373  |0.3799346606136271  |302       
 [19, 2, 10, 0, 0]   |0.3527372541236537  |0.24981570279671522 |138       
 [18, 4, 1, 8, 0]    |0.6363484089463349  |0.42655709477961307 |160       
 [16, 14, 0, 0, 0]   |0.5190298533810361  |0.24456017728024598 |301       
 [15, 6, 3, 19, 0]   |0.6553472839776932  |0.3438361719743877  |258       
 [17, 5, 2, 5, 8]    |0.6465060337507379  |0.3683680341160809  |225       
 [14, 6, 0, 0, 0]    |0.4772342055297017  |0.33714306561253293 |139       
 [14, 6, 3, 0, 0]    |0.4960637832827788  |0.33502478487353066 |157       
 [17, 6, 4, 3, 0]    |0.5632367125966383  |0.33653427068731273 |206       
 [15, 7, 13, 2, 0]   |0.8349966204210088  |0.40239237807582046 |292       
Gen 4 Train time: 8.60047145287196 minutes:
 Average MSE:        0.433866983634641
 Average Error:      0.9990844668168727
 Structure           |Error               |MSE                 |weights&biases
 [19, 2, 10, 0, 0]   |0.5328566325654868  |0.37737991266319065 |138       
 [18, 4, 0, 0, 0]    |0.4699919275631353  |0.3353636680087907  |135       
 [19, 4, 0, 0, 0]    |0.3872772039893117  |0.27154849059737435 |142       
 [15, 6, 3, 0, 0]    |0.49986769623107946 |0.3300827748445841  |166       
 [19, 3, 11, 2, 7]   |0.5477789348852056  |0.3208172999504896  |214       
 [18, 3, 2, 6, 0]    |0.517983389059257   |0.361384747844684   |144       
 [18, 3, 9, 0, 0]    |0.3765466787548024  |0.2543069546618313  |157       
 [18, 5, 1, 4, 0]    |0.5698575167338491  |0.3744230691176811  |168       
 [18, 16, 4, 0, 0]   |0.916033036440156   |0.3118593952571837  |431       
 [11, 3, 7, 0, 0]    |0.535765511797857   |0.41207138024315226 |105       
 [18, 3, 20, 0, 0]   |0.5037155562471132  |0.29648947971134787 |212       
 [16, 3, 8, 0, 0]    |0.43786387855069286 |0.30855746013271446 |140       
 [18, 3, 7, 0, 0]    |0.3723899024983011  |0.25786635075391995 |147       
 [17, 4, 7, 0, 0]    |0.3176590939507364  |0.20976309526791978 |166       
 [17, 4, 7, 4, 0]    |0.46416159550654934 |0.285069428044115   |195       
 [13, 5, 2, 2, 0]    |0.5770706206037792  |0.4169493083694369  |130       
 [14, 4, 7, 15, 13]  |1.0977567753168351  |0.3314656158851502  |479       
 [4, 17, 16, 6, 9]   |12.126260586198006  |2.9902990445211928  |560       
 [17, 5, 2, 2, 0]    |0.4504009054943448  |0.3004069595543872  |162       
 [16, 6, 7, 2, 0]    |0.6413358084695152  |0.37187329890266585 |218       
 [16, 5, 2, 0, 0]    |0.4738949209340555  |0.3273354910038269  |148       
 [18, 4, 6, 2, 0]    |0.5868421079620905  |0.3770040018283195  |177       
 [19, 3, 9, 2, 0]    |0.47864419548238885 |0.3082642946306972  |176       
 [17, 5, 3, 11, 0]   |0.5576518765006768  |0.3257840994851134  |215       
 [13, 5, 1, 4, 0]    |0.537505318686592   |0.3903089695862561  |128       
Gen 5 Train time: 8.627011660734812 minutes:
 Average MSE:        0.646450082266174
 Average Error:      1.0148063142242392
 Structure           |Error               |MSE                 |weights&biases
 [17, 4, 7, 0, 0]    |0.42948593935099094 |0.2836068657498766  |166       
 [18, 3, 7, 0, 0]    |0.44519362638350646 |0.3082802595995271  |147       
 [18, 3, 9, 0, 0]    |0.37015144683288986 |0.24998783024465182 |157       
 [14, 4, 7, 2, 0]    |0.5357920325622882  |0.3627616789476417  |156       
 [17, 5, 7, 1, 0]    |0.532220578852901   |0.3285069601310259  |193       
 [19, 4, 0, 0, 0]    |0.5871935159291396  |0.4117244993937825  |142       
 [1, 3, 2, 5, 3]     |4.174078233911683   |3.6469585695993265  |54        
 [17, 5, 5, 1, 0]    |0.6097967082146016  |0.3897968228805098  |179       
 [16, 5, 5, 0, 0]    |0.5052128681447177  |0.3311196735484494  |169       
 [14, 4, 7, 0, 0]    |0.4050920818190794  |0.28191747993741334 |145       
 [16, 5, 1, 2, 0]    |0.5010248908197151  |0.3478098012135512  |146       
 [17, 10, 17, 10, 10]|1.7923756933086972  |0.2970193302926521  |719       
 [17, 5, 14, 1, 0]   |1.7855765880656222  |0.9750577115492233  |242       
 [18, 5, 8, 2, 0]    |0.7846131564548691  |0.4549514918706971  |218       
 [19, 3, 15, 1, 0]   |2.7016451210969272  |1.659242033173354   |195       
 [18, 4, 5, 1, 0]    |0.56036782742023    |0.3728191325777131  |163       
 [18, 4, 4, 2, 0]    |0.46230279074402    |0.30757534069526293 |163       
 [18, 3, 14, 0, 0]   |0.4713254039548225  |0.2990314447815149  |182       
 [16, 4, 5, 14, 0]   |0.5532550768657469  |0.30363282391201696 |240       
 [18, 4, 6, 1, 2]    |4.528409045162101   |2.9310791730100076  |174       
 [17, 5, 2, 0, 0]    |0.5289597893424371  |0.3581358617073981  |156       
 [18, 4, 6, 6, 0]    |0.521941466202902   |0.3095301330743921  |209       
 [19, 4, 3, 1, 0]    |0.49018728384754656 |0.330229388621711   |158       
 [16, 5, 6, 0, 0]    |0.46471469935758913 |0.2992931917989897  |176       
 [18, 3, 9, 11, 0]   |0.6292419909609572  |0.3211845583436587  |269       
Increasing Epochs
Gen 6 Train time: 9.939091142018636 minutes:
 Average MSE:        0.5658579883485365
 Average Error:      0.9463957473824827
 Structure           |Error               |MSE                 |weights&biases
 [18, 3, 9, 0, 0]    |0.5185978113908422  |0.35024350910547986 |157       
 [14, 4, 7, 0, 0]    |0.4624226491254073  |0.32181578894854984 |145       
 [17, 4, 7, 0, 0]    |0.4942556782667217  |0.32637693332667866 |166       
 [19, 4, 6, 1, 0]    |1.4392718542940839  |0.9269434940052583  |176       
 [18, 3, 9, 6, 3]    |1.8013587834415248  |1.0085778404471495  |232       
 [7, 4, 5, 0, 0]     |1.3648745447830783  |1.106345803726894   |84        
 [17, 5, 6, 1, 0]    |0.591753234626369   |0.3717009802783445  |186       
 [17, 5, 4, 1, 0]    |0.6189615695314326  |0.4026401302644153  |172       
 [18, 4, 11, 0, 0]   |0.4346752511024337  |0.2656286293690265  |197       
 [16, 4, 7, 0, 0]    |0.4268609586160706  |0.286849685986577   |159       
 [15, 5, 4, 2, 0]    |0.5149928906218623  |0.34348831580175676 |162       
 [19, 4, 3, 1, 0]    |0.7389956758440678  |0.49784663590737505 |158       
 [19, 4, 4, 0, 0]    |0.42731295893599847 |0.28500783458963047 |162       
 [5, 4, 5, 0, 0]     |1.6261029379121272  |1.3650435277237698  |70        
 [18, 4, 7, 19, 0]   |0.7779700676410543  |0.33501926913243735 |337       
 [18, 5, 1, 1, 0]    |1.747614043072361   |1.1743930414866615  |159       
 [18, 4, 7, 1, 0]    |0.46005165986404395 |0.2970316762719258  |175       
 [6, 5, 4, 18, 14]   |1.6128281565871916  |0.5262332396935242  |448       
 [17, 5, 4, 2, 0]    |0.5227042241835302  |0.3349615560414456  |178       
 [16, 4, 7, 1, 0]    |0.588865764075565   |0.39374293726808207 |161       
 [16, 5, 3, 8, 0]    |0.7089768796935618  |0.43870311832891645 |192       
 [13, 9, 1, 18, 9]   |2.693169479458558   |1.0107763967286432  |392       
 [18, 4, 5, 0, 0]    |0.4891135279520756  |0.3270439697844131  |161       
 [18, 4, 17, 1, 0]   |1.9664362152197437  |1.0927777801501715  |235       
 [18, 5, 7, 4, 0]    |0.6317268683223624  |0.35725761434628867 |228       
Increasing Epochs
Gen 7 Train time: 11.231995908419291 minutes:
 Average MSE:        0.5121262874395335
 Average Error:      0.8268040629484662
 Structure           |Error               |MSE                 |weights&biases
 [16, 4, 7, 0, 0]    |0.41018018655813165 |0.27564024148186866 |159       
 [19, 4, 4, 0, 0]    |0.48070456254380095 |0.32061879609058236 |162       
 [18, 4, 11, 0, 0]   |0.6060033313243348  |0.37032666084504806 |197       
 [17, 5, 6, 1, 0]    |0.48584503610062685 |0.3051763228569321  |186       
 [17, 5, 5, 6, 0]    |0.5697820185114221  |0.3337038303188523  |214       
 [16, 5, 6, 1, 0]    |1.6880195303382102  |1.0817238934573983  |178       
 [16, 4, 7, 8, 0]    |0.5376826092977663  |0.3071291799047652  |224       
 [16, 4, 7, 10, 0]   |0.5647309655465546  |0.3083851382165243  |242       
 [17, 4, 7, 1, 0]    |2.5362799492306096  |1.6664546748026658  |168       
 [16, 4, 6, 0, 0]    |0.44503515628763385 |0.30358246348292295 |153       
 [18, 4, 9, 0, 0]    |0.49622168090059016 |0.31247446823096403 |185       
 [4, 4, 4, 1, 0]     |2.441966918182794   |2.1070815293233407  |59        
 [16, 10, 7, 0, 0]   |0.5357928539445042  |0.25119954413719275 |303       
 [18, 5, 9, 1, 0]    |0.5478118017671776  |0.3200354594804645  |215       
 [14, 4, 6, 1, 0]    |0.5128123204392719  |0.36047043098769316 |141       
 [15, 4, 7, 0, 0]    |0.6706578200816562  |0.458637001940328   |152       
 [18, 4, 7, 1, 0]    |0.6986990489816368  |0.4511140113915634  |175       
 [17, 5, 4, 5, 16]   |0.7258786373676053  |0.3403188031779076  |303       
 [17, 5, 7, 1, 0]    |0.526453078422078   |0.32494703759257837 |193       
 [6, 13, 14, 4, 19]  |1.6291982569716028  |0.49070508505729526 |480       
 [16, 4, 7, 20, 0]   |0.8711203322316613  |0.3798513991697949  |332       
 [16, 5, 5, 4, 0]    |0.4504190295588154  |0.2787118148444342  |192       
 [17, 4, 6, 0, 0]    |0.39154893376314925 |0.2624630993053197  |160       
 [18, 4, 6, 8, 0]    |0.5636728327326377  |0.3211710988584834  |225       
 [16, 4, 6, 1, 0]    |1.2835846826273813  |0.8712352010334182  |155       
Result:  [17, 4, 6]
Fold 0
Fold 0 Train time: 19.401271382967632 minutes, MSE: 0.021748268035822433
Fold 1
Fold 1 Train time: 19.542034343878427 minutes, MSE: 0.02032232759723753
Fold 2
Fold 2 Train time: 19.435325157642364 minutes, MSE: 0.022002461777051743
Fold 3
Fold 3 Train time: 19.45600645939509 minutes, MSE: 0.020106622784008266
Fold 4
Fold 4 Train time: 19.536030737559 minutes, MSE: 0.19704385877278396
Total Time: 168.9083941578865 minutes
CellsPerSensor: 3
 Resulting Network Architecture: [17, 4, 6]
 MSE after 5-Fold CV: 0.05624470779338079
 Weights and Biases: 160
 Objective Function Value: 0.0839072441977819
~/workspace/SolarCellResearch
