/tmp/tmp.nEQ9a1KxnQ ~/workspace/SolarCellResearch
Using TensorFlow backend.
Genetically searching for best layer structure...
  Training on:     datasets/N10dataset10k0.mat
  Evaluating with: datasets/N10dataset100k0.mat
Gen 0 Train time: 8.803555897871654 minutes:
 Average MSE:        1.0791856252940586
 Average Error:      2.430932441505496
 Structure           |Error               |MSE                 |weights&biases
 [4, 18, 19, 9, 0]   |12.154296868234319  |2.375440179316416   |653       
 [5, 13, 11, 4, 11]  |1.0340327303595755  |0.4183095499978842  |362       
 [16, 16, 1, 20, 0]  |0.5280988160052431  |0.1952505133130977  |398       
 [3, 0, 0, 0, 0]     |3.002691775257399   |2.906673048372981   |13        
 [7, 3, 12, 4, 0]    |1.39975703658186    |0.962038004154935   |150       
 [20, 16, 20, 0, 0]  |0.9017144916533597  |0.13588350555411693 |757       
 [11, 10, 6, 13, 17] |0.8456481602513172  |0.20542959809085168 |566       
 [18, 12, 9, 9, 5]   |0.6505035351067197  |0.1665418671862508  |545       
 [8, 3, 14, 9, 15]   |0.6042702030939663  |0.21789677773304267 |408       
 [8, 18, 14, 5, 12]  |3.8444322321611857  |0.8324566988421889  |612       
 [10, 20, 0, 0, 0]   |0.32631859025190996 |0.16573235615450016 |271       
 [19, 5, 14, 9, 0]   |0.43139007964117665 |0.164352372877503   |386       
 [17, 15, 17, 7, 14] |1.3601553230113337  |0.1640800109180957  |846       
 [1, 3, 19, 0, 0]    |4.535886565686435   |3.4886699434546493  |105       
 [19, 20, 7, 0, 0]   |0.6595929571191069  |0.14282540112672423 |612       
 [19, 0, 0, 0, 0]    |0.17978567014857266 |0.14830417779998478 |77        
 [1, 13, 14, 0, 0]   |3.244596316587977   |1.7806722129712995  |240       
 [15, 11, 17, 20, 20]|4.020532810201697   |0.1875733019380697  |1226      
 [8, 19, 15, 9, 4]   |8.39498291461262    |1.518365238858609   |684       
 [4, 0, 0, 0, 0]     |2.4440787537702215  |2.3423817745956987  |17        
 [2, 0, 0, 0, 0]     |3.565317694942504   |3.485993787217327   |9         
 [6, 0, 0, 0, 0]     |1.191328683694847   |1.1191497275673228  |25        
 [16, 15, 7, 14, 13] |1.2692988201678634  |0.20158677157961127 |736       
 [1, 0, 0, 0, 0]     |3.5309723940975597  |3.4871099505674827  |5         
 [19, 3, 20, 8, 18]  |0.6536276149986283  |0.16692386216282468 |546       
Gen 1 Train time: 8.859969401359558 minutes:
 Average MSE:        0.38980986367010767
 Average Error:      1.2563040193745878
 Structure           |Error               |MSE                 |weights&biases
 [19, 0, 0, 0, 0]    |0.18980780163457978 |0.15657137711908148 |77        
 [10, 20, 0, 0, 0]   |1.0394403218914086  |0.5279162719355579  |271       
 [19, 5, 14, 9, 0]   |0.39962910352930964 |0.15225197457155926 |386       
 [19, 3, 7, 5, 0]    |0.22459996207005026 |0.13932660781572923 |191       
 [19, 16, 8, 5, 3]   |0.7035253340352966  |0.16502614028594478 |580       
 [19, 5, 14, 10, 0]  |0.5142490432221826  |0.18823810322457812 |402       
 [8, 12, 10, 5, 12]  |0.7460181222464287  |0.2730759311148713  |402       
 [15, 20, 4, 0, 0]   |0.49257392729164634 |0.15832415662409322 |454       
 [10, 3, 7, 5, 0]    |0.26375113583380266 |0.18726149167212378 |137       
 [19, 10, 4, 0, 0]   |0.324964404871606   |0.15121696394563272 |306       
 [15, 17, 0, 0, 0]   |0.31794455138251015 |0.13760358801571293 |335       
 [17, 2, 14, 19, 6]  |5.776442727315811   |1.4937474776879278  |541       
 [14, 10, 7, 5, 8]   |0.46088876977037396 |0.18459361507157834 |366       
 [19, 2, 10, 4, 9]   |0.23015944747795425 |0.1308134573462045  |226       
 [13, 2, 10, 4, 9]   |1.155256137320234   |0.7077404017659116  |196       
 [12, 9, 13, 12, 6]  |0.6314888612482326  |0.16535262307457216 |536       
 [18, 8, 1, 10, 0]   |0.295517016981492   |0.15976858464001234 |246       
 [15, 10, 0, 0, 0]   |0.22216937495281397 |0.12946881498477397 |216       
 [19, 15, 4, 0, 0]   |0.42548604810673374 |0.14667689259721656 |426       
 [6, 16, 15, 14, 19] |8.467662037254135   |0.8617883620745233  |914       
 [15, 10, 2, 0, 0]   |0.25817662865411994 |0.14527724595583866 |230       
 [15, 17, 0, 0, 0]   |0.3838770230088232  |0.16613857823043732 |335       
 [19, 19, 20, 0, 0]  |1.1908002970309115  |0.13940465328497145 |858       
 [15, 4, 19, 0, 0]   |0.2787460629444142  |0.15922227766602162 |224       
 [1, 13, 19, 0, 0]   |6.414426344289825   |2.918441001047816   |315       
Increasing Epochs
Gen 2 Train time: 10.282344726721446 minutes:
 Average MSE:        0.3970105200887311
 Average Error:      0.9049971773849178
 Structure           |Error               |MSE                 |weights&biases
 [19, 0, 0, 0, 0]    |0.19498201373902882 |0.1608395552852218  |77        
 [15, 10, 0, 0, 0]   |0.2855871209700103  |0.16642539564579267 |216       
 [19, 3, 7, 5, 0]    |0.21700629342040587 |0.13461600998623527 |191       
 [17, 7, 4, 3, 0]    |0.2697393010169263  |0.1525444365421037  |228       
 [19, 3, 1, 5, 0]    |0.19432102991814623 |0.13796659419379767 |137       
 [19, 2, 10, 4, 9]   |0.2572363186114774  |0.14620287179738872 |226       
 [19, 1, 5, 2, 5]    |1.109096795472617   |0.8216391145858193  |120       
 [15, 11, 10, 5, 0]  |0.4521054764935591  |0.16549078403598017 |402       
 [17, 12, 7, 5, 0]   |0.3448305572818103  |0.12559383369826066 |404       
 [13, 12, 6, 3, 0]   |0.5446164859536302  |0.25090687427320757 |310       
 [17, 8, 7, 5, 0]    |0.29393357945901016 |0.13746286688382856 |304       
 [17, 6, 5, 2, 5]    |0.2601505663883306  |0.14749002773153458 |227       
 [19, 4, 12, 7, 5]   |0.3698659475359339  |0.16047539618687512 |334       
 [17, 15, 18, 0, 0]  |0.6340069098622312  |0.13190208317789892 |628       
 [15, 11, 7, 5, 0]   |0.32317133668984205 |0.13438148211713574 |351       
 [17, 13, 3, 0, 0]   |0.2984726635206501  |0.1304745709485698  |331       
 [17, 6, 6, 2, 5]    |0.3646266185363443  |0.20212248339517663 |236       
 [17, 5, 5, 3, 5]    |0.2746347418936177  |0.16044352372053783 |215       
 [17, 2, 10, 0, 0]   |0.2520191621506351  |0.18300347191980204 |128       
 [17, 7, 5, 3, 0]    |1.5334609971325712  |0.8436878239538697  |239       
 [15, 7, 10, 0, 0]   |0.26904787820628734 |0.14473280952772172 |248       
 [14, 9, 12, 8, 3]   |4.398136044605102   |1.493587321925623   |432       
 [19, 12, 15, 5, 0]  |0.5842319532617049  |0.13773039078001553 |578       
 [8, 5, 9, 19, 2]    |8.48624688023996    |3.484926100647185   |356       
 [19, 8, 9, 5, 0]    |0.41340276226311273 |0.17061717925869607 |354       
Increasing Epochs
Gen 3 Train time: 11.800446859995525 minutes:
 Average MSE:        0.3783306194106143
 Average Error:      1.0687223662963294
 Structure           |Error               |MSE                 |weights&biases
 [19, 3, 1, 5, 0]    |0.19547517912092324 |0.13878603218651367 |137       
 [19, 0, 0, 0, 0]    |0.18584877110929493 |0.1533055953331794  |77        
 [19, 3, 7, 5, 0]    |0.26212692321263237 |0.16260579339278616 |191       
 [19, 3, 6, 5, 5]    |0.27453641427519976 |0.16159349780005833 |212       
 [19, 6, 5, 5, 0]    |0.329437823643909   |0.17721924476253617 |248       
 [18, 4, 6, 4, 16]   |0.26598555806619895 |0.13044373890780006 |285       
 [17, 9, 4, 2, 3]    |0.3450389589194096  |0.17306328468944168 |276       
 [15, 11, 5, 3, 0]   |0.29855091201993306 |0.13997173058399576 |303       
 [16, 13, 4, 5, 0]   |0.41557155003625823 |0.17065684770259865 |356       
 [17, 7, 4, 4, 3]    |0.2471471135215103  |0.13295141498647603 |248       
 [18, 5, 9, 5, 5]    |0.34315640575550893 |0.1666150958027633  |289       
 [19, 2, 6, 4, 3]    |0.24463109753410098 |0.16316326927010305 |162       
 [19, 6, 8, 5, 0]    |0.28636596312553264 |0.14079016412098883 |284       
 [18, 6, 8, 5, 3]    |0.3399485972640248  |0.1642343582808461  |291       
 [17, 4, 8, 1, 3]    |1.2827422474783177  |0.8138332123139618  |182       
 [17, 6, 6, 3, 5]    |0.291550684992709   |0.15683806926874494 |248       
 [8, 7, 17, 20, 7]   |13.757468422180349  |2.174028362044246   |738       
 [19, 2, 1, 3, 0]    |0.2063207316617799  |0.15671547621366713 |110       
 [10, 11, 15, 20, 11]|1.7611812659164074  |0.1884325346978008  |894       
 [19, 3, 5, 17, 0]   |0.2986957857818513  |0.15710676665169246 |257       
 [17, 7, 6, 5, 0]    |0.3209956175173111  |0.16507954859899632 |266       
 [17, 1, 6, 1, 3]    |1.0777679896516172  |0.8435738966721356  |98        
 [17, 5, 7, 2, 0]    |0.2401296604093396  |0.14491958888243833 |202       
 [17, 7, 7, 5, 0]    |0.2944485271543639  |0.14658481565095421 |279       
 [3, 6, 8, 2, 3]     |3.1529369570597487  |2.335753146450633   |120       
Result:  [19]
Fold 0
Fold 0 Train time: 17.143264667193094 minutes, MSE: 0.012133604224428338
Fold 1
Fold 1 Train time: 17.107629187901814 minutes, MSE: 0.01126672084085058
Fold 2
Fold 2 Train time: 17.063730724652608 minutes, MSE: 0.016974295180863894
Fold 3
Fold 3 Train time: 17.14677793184916 minutes, MSE: 0.01570152116564151
Fold 4
Fold 4 Train time: 17.10225465695063 minutes, MSE: 0.008454711839567587
Total Time: 125.31524521112442 minutes
CellsPerSensor: 10
 Resulting Network Architecture: [19]
 MSE after 5-Fold CV: 0.012906170650270382
 Weights and Biases: 77
 Objective Function Value: 0.01564584743216141
~/workspace/SolarCellResearch
