/tmp/tmp.PdLhLe675X ~/workspace/SolarCellResearch
Using TensorFlow backend.
Genetically searching for best layer structure...
  Training on:     datasets/N10dataset10k5.mat
  Evaluating with: datasets/N10dataset100k5.mat
Gen 0 Train time: 8.654738187789917 minutes:
 Average MSE:        0.7673091669373991
 Average Error:      2.0164640530277365
 Structure           |Error               |MSE                 |weights&biases
 [18, 2, 4, 10, 12]  |0.3352337426480354  |0.1587495856619728  |299       
 [9, 9, 2, 19, 0]    |0.5203223605441476  |0.3047368275463544  |214       
 [5, 17, 9, 13, 15]  |5.735498610092067   |1.172542758415263   |635       
 [13, 20, 5, 14, 10] |4.346357577373386   |0.8161461422183223  |669       
 [4, 1, 5, 7, 0]     |1.996740802147089   |1.6471001426164391  |77        
 [14, 4, 16, 2, 0]   |3.7717061626697728  |2.181532174188189   |219       
 [20, 4, 0, 0, 0]    |0.20009055246570903 |0.13786432183442207 |149       
 [9, 6, 8, 0, 0]     |0.36178068269368624 |0.24740784749271244 |152       
 [15, 2, 0, 0, 0]    |1.1891513760303447  |0.9735948016210425  |80        
 [11, 8, 16, 0, 0]   |0.342839446781342   |0.1660455672832684  |290       
 [10, 14, 7, 6, 0]   |0.46293858469897264 |0.1958980554864488  |344       
 [14, 5, 13, 0, 0]   |0.24452264142547106 |0.14501075434904215 |209       
 [5, 3, 0, 0, 0]     |1.2282704064746863  |1.1197517469136464  |37        
 [18, 17, 20, 16, 17]|6.258608883346485   |0.19868352184326332 |1380      
 [19, 11, 19, 15, 0] |1.1417866713626652  |0.1466207865173975  |821       
 [12, 4, 0, 0, 0]    |0.16656982379137947 |0.13201487209459478 |93        
 [16, 8, 19, 2, 6]   |2.380780467865439   |0.833124958052635   |420       
 [2, 15, 13, 0, 0]   |4.355781599478597   |2.201203081130884   |273       
 [12, 0, 0, 0, 0]    |0.44398267790634044 |0.39279409683636013 |49        
 [12, 0, 0, 0, 0]    |0.6044688980109918  |0.5347772034250048  |49        
 [17, 7, 13, 7, 0]   |0.3769224687161844  |0.14324257374447721 |387       
 [3, 13, 18, 0, 0]   |4.2023487329665175  |1.8324311658842594  |332       
 [10, 15, 0, 0, 0]   |0.2905629867101125  |0.17145491993158052 |211       
 [5, 3, 11, 0, 0]    |1.426928608881159   |1.1422777649705955  |89        
 [10, 2, 13, 17, 10] |8.027406560612816   |2.1877235033768065  |520       
Gen 1 Train time: 8.652956052621205 minutes:
 Average MSE:        0.2986612879880884
 Average Error:      0.7637683041318016
 Structure           |Error               |MSE                 |weights&biases
 [12, 4, 0, 0, 0]    |0.3327363193486383  |0.2637100864983328  |93        
 [20, 4, 0, 0, 0]    |0.1896551246926521  |0.1306742113806507  |149       
 [14, 5, 13, 0, 0]   |0.2345431290454231  |0.13909254321803963 |209       
 [16, 12, 14, 0, 0]  |0.38722608149619114 |0.12602858072373282 |449       
 [16, 4, 9, 5, 6]    |0.2916977245376322  |0.1545809760939737  |254       
 [11, 7, 1, 10, 0]   |0.24257073900845635 |0.16423418639777548 |156       
 [12, 4, 18, 0, 0]   |0.29952462085004805 |0.18303851966931117 |197       
 [11, 5, 4, 0, 0]    |0.21139275554012704 |0.1558225412856829  |122       
 [20, 4, 9, 0, 0]    |0.22370937911695768 |0.13602623816714926 |199       
 [15, 5, 4, 0, 0]    |0.24089249604404525 |0.1639154521900817  |154       
 [15, 9, 15, 20, 4]  |7.280119120631793   |1.1220386173221262  |748       
 [13, 7, 11, 4, 0]   |0.3570158571492387  |0.17817749182869647 |278       
 [9, 15, 4, 0, 0]    |1.6053262443707836  |0.8679050180201632  |246       
 [12, 19, 0, 0, 0]   |0.49648308288521864 |0.23276966681140684 |303       
 [15, 6, 7, 4, 0]    |0.289773579800722   |0.16428452920174627 |227       
 [7, 6, 7, 4, 0]     |0.29773982741276783 |0.20209139443815025 |155       
 [15, 10, 16, 0, 0]  |0.42224749920335575 |0.15611479985557947 |398       
 [12, 6, 8, 0, 0]    |1.5271898977905969  |0.9762167654806155  |179       
 [15, 9, 4, 3, 0]    |0.29633107110727064 |0.1594096513886282  |248       
 [13, 6, 8, 13, 0]   |0.36458965021716533 |0.16796783036813848 |310       
 [15, 4, 9, 4, 0]    |0.2753259021210476  |0.16741160734223298 |199       
 [18, 1, 2, 5, 6]    |1.172790039522719   |0.8368466486175533  |135       
 [16, 19, 1, 0, 0]   |0.44091555074985267 |0.16506731529885815 |393       
 [14, 8, 15, 4, 0]   |0.5688574636576806  |0.22783687207075481 |366       
 [17, 1, 18, 12, 20] |1.0455544469946558  |0.22527065603283095 |614       
Increasing Epochs
Gen 2 Train time: 9.898735400040945 minutes:
 Average MSE:        0.30819838304884095
 Average Error:      0.5085761380551516
 Structure           |Error               |MSE                 |weights&biases
 [20, 4, 0, 0, 0]    |0.2199856013892914  |0.15157220256098655 |149       
 [11, 5, 4, 0, 0]    |0.34201150150357046 |0.2521046720690591  |122       
 [20, 4, 9, 0, 0]    |0.21714797788171702 |0.13203658547284514 |199       
 [14, 10, 8, 5, 0]   |0.3753866194145994  |0.1640967971077368  |331       
 [15, 10, 1, 3, 3]   |1.458752412875934   |0.8045932238117379  |238       
 [15, 5, 4, 0, 0]    |0.18538479222830712 |0.12614519981440686 |154       
 [10, 7, 9, 4, 0]    |0.37650187535123675 |0.2150612837567031  |224       
 [17, 5, 7, 0, 0]    |0.29742807188275316 |0.18450423563149268 |191       
 [18, 4, 9, 18, 0]   |0.37433482494245784 |0.14695856124862422 |374       
 [16, 5, 2, 0, 0]    |0.2194621059379788  |0.151590010845334   |148       
 [15, 2, 9, 11, 0]   |0.2548283739558259  |0.1448342920195186  |226       
 [15, 9, 11, 7, 0]   |0.4541311553341957  |0.17086709715904    |391       
 [18, 7, 7, 2, 0]    |0.318331859579527   |0.16535495772716008 |262       
 [12, 10, 2, 0, 0]   |0.3133435552258983  |0.1943771237901138  |191       
 [18, 4, 9, 2, 0]    |0.29451121201758723 |0.17952546671849637 |198       
 [16, 5, 7, 0, 0]    |0.20270747843514467 |0.12828623097489017 |183       
 [12, 4, 9, 0, 0]    |0.22846588740976276 |0.15979422758848194 |143       
 [14, 14, 2, 2, 0]   |0.3272239450453001  |0.15808688449125397 |291       
 [18, 6, 18, 2, 0]   |0.39526954875037806 |0.17106916254705082 |335       
 [3, 4, 14, 2, 0]    |3.042293660287973   |2.209158611913506   |128       
 [16, 16, 7, 0, 0]   |0.4921245112080331  |0.16097221235758769 |447       
 [9, 6, 6, 2, 0]     |0.3888661835783487  |0.2699496022797909  |146       
 [18, 4, 5, 2, 0]    |1.2643226793873346  |0.8265759664378505  |170       
 [11, 6, 6, 2, 0]    |0.43917064108223614 |0.29145570580675373 |164       
 [18, 5, 4, 2, 0]    |0.232416976673399   |0.14598926209060378 |186       
Increasing Epochs
Gen 3 Train time: 11.285677786668142 minutes:
 Average MSE:        0.3489054594542454
 Average Error:      0.7173265674973038
 Structure           |Error               |MSE                 |weights&biases
 [15, 5, 4, 0, 0]    |0.21260543131740964 |0.14466750100048215 |154       
 [16, 5, 7, 0, 0]    |0.23025824148880075 |0.1457221123736448  |183       
 [20, 4, 9, 0, 0]    |0.18776155535157127 |0.11416820406771755 |199       
 [16, 5, 6, 0, 0]    |0.22686691368390355 |0.1461105551511592  |176       
 [18, 5, 6, 1, 0]    |1.336416479583967   |0.822827880189443   |194       
 [14, 3, 9, 6, 0]    |0.26472150173872055 |0.16462634605628915 |190       
 [18, 3, 5, 6, 0]    |0.192163280458177   |0.12438050175038493 |174       
 [15, 4, 7, 6, 0]    |0.33243227191387925 |0.2021350717269776  |199       
 [18, 5, 6, 0, 0]    |0.30754626937218776 |0.1903045236994474  |192       
 [14, 5, 6, 0, 0]    |0.19980938864274544 |0.13393623859335807 |160       
 [16, 5, 5, 0, 0]    |0.2047526054286375  |0.1341961381876448  |169       
 [15, 5, 4, 6, 0]    |0.23456600241073486 |0.14733914059818048 |186       
 [6, 6, 9, 11, 12]   |0.8631160159811422  |0.3255607614659824  |390       
 [14, 5, 8, 0, 0]    |1.241605715225928   |0.8036475099078955  |174       
 [3, 10, 5, 20, 0]   |3.0578066232926027  |1.6573134192566013  |245       
 [16, 5, 2, 0, 0]    |0.23073806518134002 |0.1593787030055912  |148       
 [17, 6, 11, 1, 0]   |1.5196233929069836  |0.8133957880982668  |250       
 [17, 5, 6, 11, 0]   |0.2973711884829843  |0.1529301301394581  |266       
 [4, 16, 6, 12, 14]  |3.2589641146708193  |0.9939278988222926  |475       
 [13, 5, 17, 0, 0]   |0.3413080102443785  |0.19253641899959942 |229       
 [13, 6, 4, 1, 0]    |0.6411852608739258  |0.4319537117113417  |158       
 [19, 5, 4, 0, 0]    |0.23233887885675117 |0.14594020611032862 |186       
 [10, 17, 18, 6, 8]  |1.8157381769222851  |0.3001395019467441  |720       
 [14, 5, 6, 20, 0]   |0.29749573151225606 |0.13569366433987082 |314       
 [16, 5, 3, 0, 0]    |0.20597307189046324 |0.139804559157436   |155       
Result:  [20, 4, 9]
Fold 0
Fold 0 Train time: 19.48042233387629 minutes, MSE: 0.00861924688915231
Fold 1
Fold 1 Train time: 19.497492627302805 minutes, MSE: 0.006058250381871064
Fold 2
Fold 2 Train time: 19.048713779449464 minutes, MSE: 0.0073250111858697824
Fold 3
Fold 3 Train time: 19.037336933612824 minutes, MSE: 0.0524132058215528
Fold 4
Fold 4 Train time: 19.015670239925385 minutes, MSE: 0.006735892721906626
Total Time: 134.57707463502885 minutes
CellsPerSensor: 10
 Resulting Network Architecture: [20, 4, 9]
 MSE after 5-Fold CV: 0.016230321400070517
 Weights and Biases: 199
 Objective Function Value: 0.02669246148538506
~/workspace/SolarCellResearch
