/tmp/tmp.0IhbkYJWXw ~/workspace/SolarCellResearch
Using TensorFlow backend.
Genetically searching for best layer structure...
  Training on:     datasets/N10dataset10k3.mat
  Evaluating with: datasets/N10dataset100k3.mat
Gen 0 Train time: 8.703606148560842 minutes:
 Average MSE:        0.9495242024887438
 Average Error:      1.25415302142996
 Structure           |Error               |MSE                 |weights&biases
 [4, 13, 9, 0, 0]    |2.7306896983025557  |2.2068236385170517  |213       
 [6, 10, 6, 5, 0]    |0.4460549565780927  |0.36702947767012706 |195       
 [17, 18, 1, 2, 0]   |0.277807249979803   |0.18603364190575583 |401       
 [3, 6, 0, 0, 0]     |0.5863775313757424  |0.5633853395020234  |40        
 [2, 11, 0, 0, 0]    |1.799850577721103   |1.7103596141538304  |51        
 [10, 17, 19, 14, 9] |0.6777962938679827  |0.2533689663266544  |984       
 [2, 18, 19, 0, 0]   |4.60349148356239    |2.96185284529476    |441       
 [6, 8, 19, 2, 0]    |2.091242448934378   |1.5679332682709113  |288       
 [6, 19, 0, 0, 0]    |0.3007473305969234  |0.2534763383910884  |171       
 [2, 9, 15, 0, 0]    |2.9817336404824566  |2.4436794870045935  |199       
 [10, 7, 17, 3, 0]   |0.25179212060586215 |0.18634575181315685 |301       
 [9, 17, 20, 0, 0]   |1.6988690604241683  |0.9530983036207881  |578       
 [6, 6, 15, 6, 0]    |2.144154742127712   |1.6400806461420916  |268       
 [8, 10, 14, 10, 16] |0.5931272280583479  |0.3219540797268133  |611       
 [13, 3, 19, 13, 0]  |0.3209245608364824  |0.2085556855460613  |431       
 [9, 12, 15, 2, 0]   |0.3846056032776051  |0.26380716539858523 |377       
 [10, 0, 0, 0, 0]    |0.8848632845513871  |0.8493175565337096  |41        
 [3, 17, 2, 14, 2]   |4.224449620483917   |3.5004410854964894  |188       
 [7, 16, 4, 20, 16]  |0.5292824421640624  |0.2708383657271603  |670       
 [17, 10, 19, 20, 14]|0.562039957406451   |0.17814056790242044 |1149      
 [12, 0, 0, 0, 0]    |0.3140563957755273  |0.29903857371858233 |49        
 [16, 15, 17, 9, 0]  |0.2933968772525433  |0.13900726839028948 |747       
 [8, 0, 0, 0, 0]     |1.1813508401263904  |1.1430024902251805  |33        
 [8, 12, 0, 0, 0]    |1.120114179033388   |0.9689237356933168  |145       
 [12, 1, 11, 7, 0]   |0.3550074122237301  |0.3016111692471472  |163       
Gen 1 Train time: 9.201113788286845 minutes:
 Average MSE:        0.3852504937195451
 Average Error:      0.5744906552689845
 Structure           |Error               |MSE                 |weights&biases
 [10, 7, 17, 3, 0]   |0.25670559921345865 |0.1899821081175055  |301       
 [17, 18, 1, 2, 0]   |0.24192251571016551 |0.16200342741176302 |401       
 [16, 15, 17, 9, 0]  |0.32246184231496655 |0.15277783553817698 |747       
 [19, 16, 18, 16, 13]|0.5791072702905183  |0.17062833791465656 |1222      
 [6, 9, 9, 2, 0]     |1.898396444921199   |1.5636292372947114  |194       
 [15, 11, 14, 8, 0]  |0.2690150763164308  |0.16025518064839037 |518       
 [9, 6, 9, 5, 0]     |0.3002697301045124  |0.2443694381655977  |206       
 [9, 10, 0, 0, 0]    |0.3293765722643292  |0.2869195011911726  |138       
 [13, 2, 10, 7, 0]   |0.29527688215612224 |0.2461432047591226  |182       
 [13, 2, 15, 10, 0]  |0.2162790750603557  |0.16297056275797508 |283       
 [14, 5, 10, 10, 7]  |1.7179133970084823  |1.184250888516996   |372       
 [9, 10, 9, 2, 12]   |0.2544251040511626  |0.18942752661039125 |295       
 [7, 19, 13, 3, 3]   |2.5501310916271756  |1.5607161186242573  |491       
 [9, 10, 12, 1, 0]   |0.6980448257282659  |0.5307458709710932  |274       
 [15, 9, 18, 11, 0]  |0.2848899204983263  |0.15792225607806679 |590       
 [7, 13, 5, 13, 8]   |0.38871648578579016 |0.2621325389171786  |394       
 [15, 9, 19, 11, 0]  |0.31535504967309347 |0.1711771775122697  |611       
 [12, 1, 6, 15, 0]   |0.19616849090993688 |0.16352631696985537 |182       
 [13, 2, 15, 10, 16] |1.372606552089074   |0.8621823609804607  |465       
 [15, 9, 1, 1, 12]   |0.2143237357293789  |0.16893054526716653 |238       
 [15, 10, 6, 5, 0]   |0.37394815492732436 |0.2737231419218607  |312       
 [13, 14, 16, 6, 0]  |0.2534332998704926  |0.14133043673131604 |584       
 [17, 18, 1, 13, 0]  |0.29918814711492375 |0.19384766721171312 |434       
 [13, 11, 10, 10, 7] |0.29273319813962956 |0.17613691304141116 |508       
 [9, 12, 11, 12, 8]  |0.44157792021949566 |0.25553374983551996 |547       
Gen 2 Train time: 9.502983367443084 minutes:
 Average MSE:        0.40842261247889167
 Average Error:      0.670771540066016
 Structure           |Error               |MSE                 |weights&biases
 [12, 1, 6, 15, 0]   |0.1935317046533822  |0.1613282884120016  |182       
 [15, 9, 1, 1, 12]   |0.2621369127202042  |0.20661702004107774 |238       
 [13, 2, 15, 10, 0]  |0.19716409720636516 |0.14856704870049295 |283       
 [18, 17, 10, 15, 7] |0.35790034404209164 |0.1542006349849156  |842       
 [11, 11, 12, 12, 4] |3.609869103261633   |2.1418533640796595  |522       
 [17, 18, 1, 2, 0]   |0.23814700647515188 |0.15947515742208687 |401       
 [13, 2, 13, 9, 0]   |0.2812289893943056  |0.22078055543065753 |242       
 [17, 18, 20, 13, 0] |0.3883191224151177  |0.13697897981143556 |1042      
 [12, 11, 12, 15, 6] |0.32306857708567144 |0.17361923792837217 |621       
 [14, 6, 15, 9, 0]   |0.22784364242931357 |0.15410891841889912 |391       
 [8, 19, 15, 4, 4]   |0.4611711369624857  |0.2571781933474888  |584       
 [12, 8, 5, 3, 6]    |1.1207481043080534  |0.8869172549867542  |234       
 [10, 7, 13, 12, 0]  |0.23846557212487363 |0.1611321681227515  |392       
 [13, 14, 5, 2, 6]   |0.2210448577469573  |0.1562356832395257  |347       
 [14, 10, 15, 11, 4] |0.9780404230540627  |0.5443274530651412  |586       
 [11, 11, 10, 17, 10]|0.5733573686113963  |0.2954528317439391  |663       
 [17, 17, 9, 6, 0]   |0.25738021387663734 |0.14324470950940146 |586       
 [19, 15, 8, 11, 8]  |0.3628028506479355  |0.18215529191857496 |689       
 [14, 2, 15, 10, 0]  |0.19977621015461947 |0.14978452941700882 |288       
 [14, 8, 12, 12, 4]  |2.3891501293565445  |1.4739379673168211  |483       
 [15, 12, 10, 6, 6]  |0.4151883039841943  |0.2563983172045     |482       
 [15, 19, 12, 13, 17]|0.7135854814348603  |0.2588638468232138  |1014      
 [15, 13, 14, 10, 4] |1.5186511996392882  |0.7943926427035235  |648       
 [12, 5, 16, 7, 0]   |0.20325885611040118 |0.14700701694769716 |324       
 [11, 4, 10, 6, 0]   |1.0374582939548578  |0.8460082003963517  |204       
Gen 3 Train time: 9.377841063340504 minutes:
 Average MSE:        0.6069678821880329
 Average Error:      0.9274986468541603
 Structure           |Error               |MSE                 |weights&biases
 [12, 1, 6, 15, 0]   |0.40947714330171603 |0.3413406955259166  |182       
 [13, 2, 15, 10, 0]  |1.1509745466412047  |0.8672820962170148  |283       
 [14, 2, 15, 10, 0]  |0.1946203891007694  |0.14591889281437462 |288       
 [14, 12, 14, 7, 0]  |0.25745707182528427 |0.15352339945377094 |517       
 [13, 4, 16, 9, 0]   |0.2012081951542935  |0.14350073667056013 |338       
 [14, 7, 8, 11, 3]   |4.024480097943619   |2.8360031923308693  |350       
 [11, 4, 16, 9, 0]   |0.32225090637919823 |0.233068046145879   |324       
 [14, 4, 15, 10, 0]  |0.2217307280568577  |0.1565638179031445  |348       
 [15, 12, 18, 10, 0] |0.3479635088096305  |0.1777001562646971  |672       
 [1, 4, 10, 20, 13]  |4.207908175528276   |2.38444323773967    |568       
 [16, 10, 18, 12, 0] |0.3350133551587247  |0.1736723359496052  |657       
 [11, 1, 13, 16, 7]  |3.2602921093765134  |2.1378845144840257  |422       
 [12, 3, 11, 11, 0]  |0.24989619752852082 |0.1921056770189196  |263       
 [17, 2, 15, 13, 9]  |1.3805296005800114  |0.8576726270020352  |476       
 [12, 5, 14, 11, 0]  |0.2235909185718517  |0.15568241421112552 |362       
 [14, 6, 5, 5, 6]    |0.19623495416155873 |0.1543638822586001  |240       
 [12, 7, 14, 11, 0]  |0.2142081353199277  |0.1413088806478065  |416       
 [14, 5, 4, 8, 6]    |0.20398889238207146 |0.16014274011650054 |242       
 [16, 13, 5, 3, 15]  |0.21676989390338997 |0.14058838899849507 |433       
 [16, 12, 13, 12, 4] |0.3313309144821934  |0.17366316984035332 |646       
 [13, 7, 13, 12, 3]  |3.4017818466126286  |2.1647380625870527  |452       
 [14, 6, 7, 5, 6]    |1.0536172327204403  |0.8091501556556201  |264       
 [14, 4, 14, 9, 0]   |0.2420200540220059  |0.17627064870141068 |317       
 [19, 15, 4, 4, 9]   |0.23119260004845407 |0.1407874251294165  |496       
 [14, 17, 12, 8, 6]  |0.3089287037448651  |0.15682186103396095 |678       
Increasing Epochs
Gen 4 Train time: 10.793822169303894 minutes:
 Average MSE:        0.5257063439777635
 Average Error:      0.8001273768660472
 Structure           |Error               |MSE                 |weights&biases
 [14, 2, 15, 10, 0]  |0.23890507580548412 |0.17912185002990863 |288       
 [14, 6, 5, 5, 6]    |0.21751131046634964 |0.17110045690992765 |240       
 [13, 4, 16, 9, 0]   |0.25371038423846476 |0.1809450505297357  |338       
 [13, 5, 14, 10, 0]  |0.22539546142766798 |0.15819943213159843 |354       
 [15, 13, 10, 5, 8]  |0.24737656500783564 |0.14929313621221854 |505       
 [15, 15, 9, 6, 11]  |0.2889478537158924  |0.1621053179594222  |578       
 [14, 11, 14, 9, 3]  |3.4537221660900377  |2.0046160340060126  |544       
 [20, 8, 15, 14, 0]  |0.24229327253022065 |0.13270768634678787 |602       
 [14, 8, 15, 8, 0]   |0.22450175264942981 |0.14545743691950636 |434       
 [17, 6, 18, 13, 4]  |2.6814893746933577  |1.4819701381642154  |593       
 [14, 3, 16, 10, 0]  |0.3584618660733227  |0.2571918446343563  |332       
 [14, 4, 15, 4, 0]   |0.2504192409168057  |0.19580837002181778 |246       
 [13, 6, 9, 10, 3]   |2.8159433694557956  |2.0386693748666866  |323       
 [14, 8, 14, 8, 0]   |0.23823420496759162 |0.15700132491989843 |417       
 [14, 9, 11, 6, 8]   |0.26496112680163453 |0.17339688915647097 |424       
 [17, 14, 9, 6, 5]   |0.28496995149668186 |0.16623189001556088 |539       
 [14, 8, 17, 10, 0]  |0.2818505192632191  |0.16992834647338412 |506       
 [7, 3, 16, 10, 0]   |1.2288982508215436  |0.9195397893507866  |290       
 [14, 7, 10, 9, 3]   |2.132078846045548   |1.4875009362028215  |360       
 [13, 4, 15, 9, 0]   |0.21427852688696353 |0.15497699650779195 |324       
 [13, 10, 12, 10, 10]|0.2695326320092264  |0.15365187115567203 |562       
 [13, 5, 8, 8, 3]    |1.1170158053539059  |0.8612768080857768  |260       
 [13, 6, 15, 11, 0]  |0.25723839579769686 |0.169695094518795   |416       
 [11, 15, 9, 6, 11]  |0.3394852884605065  |0.2046764855035053  |506       
 [16, 9, 10, 6, 3]   |1.8759631806759989  |1.2675960388214336  |392       
Increasing Epochs
Gen 5 Train time: 12.398812635739644 minutes:
 Average MSE:        0.42387574350442747
 Average Error:      0.6652918223952895
 Structure           |Error               |MSE                 |weights&biases
 [13, 4, 15, 9, 0]   |0.23978975546040668 |0.17342799875694226 |324       
 [14, 6, 5, 5, 6]    |0.20172608601308353 |0.15868335956179946 |240       
 [14, 8, 15, 8, 0]   |0.22848167696778007 |0.14803607866126967 |434       
 [13, 20, 15, 9, 0]  |0.3822224210041243  |0.17381694289649047 |788       
 [16, 11, 12, 7, 3]  |0.2748024325020227  |0.16700978645198775 |498       
 [20, 8, 15, 14, 0]  |0.3020874041672065  |0.16545783571657663 |602       
 [13, 6, 10, 14, 4]  |1.2654156167146837  |0.8381154822456027  |412       
 [15, 12, 12, 7, 6]  |1.48599532465799    |0.8668275727837955  |539       
 [13, 8, 13, 10, 5]  |0.2404401060204208  |0.15042596242340298 |469       
 [15, 9, 13, 5, 4]   |2.2718624360835706  |1.4957084160946361  |418       
 [16, 9, 12, 5, 3]   |0.2601191902648892  |0.17297376750253707 |408       
 [14, 5, 16, 10, 0]  |0.206420147638698   |0.13920026384990736 |394       
 [15, 10, 12, 8, 3]  |0.23013137454270471 |0.14354525330360302 |472       
 [13, 19, 14, 10, 5] |0.4618713824050792  |0.20836398104411985 |796       
 [15, 7, 13, 7, 6]   |0.26604932264618597 |0.1758588553527806  |414       
 [17, 9, 13, 10, 4]  |2.574448489863849   |1.5123055376110845  |532       
 [14, 5, 11, 7, 3]   |2.100982304686454   |1.5642476905459903  |295       
 [5, 8, 2, 2, 8]     |0.5391890487888688  |0.4782177866249322  |120       
 [18, 6, 15, 18, 0]  |0.28799096839791855 |0.16124567279158292 |580       
 [17, 7, 15, 12, 0]  |0.2350129920765377  |0.1422577848501803  |502       
 [14, 5, 15, 8, 0]   |0.2480120329118128  |0.17582290463555145 |344       
 [14, 6, 15, 9, 20]  |0.34224232846480357 |0.18745129448378145 |602       
 [14, 4, 15, 7, 0]   |0.2482189023914464  |0.18443756917701704 |297       
 [15, 11, 12, 7, 4]  |0.3033201925926158  |0.18526532536695223 |493       
 [15, 11, 14, 8, 4]  |1.435463622619083   |0.8281904648781664  |550       
Result:  [14, 6, 5, 5, 6]
Fold 0
Fold 0 Train time: 21.05885498126348 minutes, MSE: 0.006470347525559781
Fold 1
Fold 1 Train time: 20.761412505308787 minutes, MSE: 0.00624784099374826
Fold 2
Fold 2 Train time: 20.540328820546467 minutes, MSE: 0.005118707932448738
Fold 3
Fold 3 Train time: 20.756207803885143 minutes, MSE: 0.006516900046106737
Fold 4
Fold 4 Train time: 20.79590073823929 minutes, MSE: 0.009078281665047589
Total Time: 163.89715077877045 minutes
CellsPerSensor: 10
 Resulting Network Architecture: [14, 6, 5, 5, 6]
 MSE after 5-Fold CV: 0.006686415632582221
 Weights and Biases: 240
 Objective Function Value: 0.008500100191615907
~/workspace/SolarCellResearch
