/tmp/tmp.Uy5iejcOB5 ~/workspace/SolarCellResearch
Using TensorFlow backend.
Genetically searching for best layer structure...
  Training on:     datasets/N7dataset10k4.mat
  Evaluating with: datasets/N7dataset100k4.mat
Gen 0 Train time: 8.548757561047871 minutes:
 Average MSE:        0.8157226085958894
 Average Error:      1.085511751997396
 Structure           |Error               |MSE                 |weights&biases
 [1, 5, 17, 1, 0]    |4.031486349734716   |3.522373771516333   |135       
 [19, 8, 0, 0, 0]    |0.20907569009965118 |0.16678346261073457 |226       
 [4, 0, 0, 0, 0]     |2.412037718132042   |2.3713796496827158  |17        
 [10, 16, 18, 14, 9] |0.5738821357279938  |0.22801787768549656 |923       
 [6, 15, 11, 1, 0]   |1.663078358961923   |1.216125904586106   |313       
 [8, 6, 0, 0, 0]     |0.2876098592263182  |0.2641731888143471  |85        
 [17, 9, 0, 0, 0]    |0.244676011699926   |0.19576891022727885 |223       
 [12, 10, 20, 17, 11]|0.5477007892216992  |0.21118386090929545 |953       
 [12, 8, 18, 5, 8]   |0.3440734531159605  |0.21851510904224888 |454       
 [12, 0, 0, 0, 0]    |0.3641230120541055  |0.3467110609669005  |49        
 [10, 12, 18, 18, 0] |0.48879994512640856 |0.22928213953989524 |757       
 [19, 7, 0, 0, 0]    |0.22754071161434994 |0.18536543009097375 |205       
 [14, 13, 19, 0, 0]  |0.31043881090983627 |0.18400939491763765 |523       
 [3, 12, 10, 20, 14] |2.224995608778039   |1.0873623943388848  |716       
 [2, 17, 18, 5, 0]   |3.868460030305717   |2.3889561252694005  |482       
 [3, 7, 15, 1, 0]    |4.186938767022501   |3.514755143507807   |175       
 [5, 4, 5, 0, 0]     |0.4079240625765659  |0.3803458749373173  |70        
 [3, 4, 15, 14, 0]   |1.5846082082338027  |1.1290055370492555  |339       
 [17, 7, 0, 0, 0]    |0.18019042903875704 |0.14975703748326344 |185       
 [9, 14, 0, 0, 0]    |0.45636901024528875 |0.3804298186646751  |182       
 [15, 11, 0, 0, 0]   |0.21199573020802062 |0.1679331752561799  |233       
 [15, 9, 16, 0, 0]   |0.33593266089515944 |0.23297024134864003 |366       
 [7, 1, 0, 0, 0]     |1.2426694433642873  |1.2047376707496587  |31        
 [17, 5, 11, 19, 13] |0.49262487921314135 |0.24243848069189763 |709       
 [13, 11, 4, 13, 0]  |0.24056212442868627 |0.17468395501029194 |320       
Gen 1 Train time: 8.209881528218586 minutes:
 Average MSE:        0.41888718194510516
 Average Error:      0.5903375218053654
 Structure           |Error               |MSE                 |weights&biases
 [17, 7, 0, 0, 0]    |0.29375943219412554 |0.24414472251850577 |185       
 [19, 8, 0, 0, 0]    |0.27767326629913924 |0.22150499087545664 |226       
 [15, 11, 0, 0, 0]   |0.23661613520445784 |0.1874363170557235  |233       
 [16, 8, 9, 3, 4]    |1.1958233626261903  |0.8718263232538493  |316       
 [16, 10, 0, 0, 0]   |0.20364689794197127 |0.16196618869304955 |229       
 [18, 8, 19, 0, 0]   |0.2586060054101532  |0.17386961667018905 |397       
 [16, 8, 0, 0, 0]    |0.2574207287669338  |0.21223875063808947 |193       
 [11, 6, 0, 0, 0]    |0.31187774021816556 |0.27883250268423915 |112       
 [17, 10, 10, 0, 0]  |0.2036765610772538  |0.1432416767181327  |352       
 [16, 9, 2, 7, 0]    |0.19238479927407995 |0.14982943232568852 |250       
 [17, 5, 0, 0, 0]    |0.22335367449675858 |0.19281988202685665 |147       
 [12, 9, 0, 0, 0]    |0.2127769924252629  |0.1807734578618614  |163       
 [16, 18, 20, 2, 0]  |3.398356936670074   |1.559385854752024   |779       
 [17, 8, 0, 0, 0]    |0.2918128809837611  |0.2379624238700131  |204       
 [18, 9, 0, 0, 0]    |0.24413984598713862 |0.19300984547028083 |235       
 [2, 7, 5, 5, 13]    |3.594931690944967   |2.9758359462535258  |189       
 [15, 12, 10, 0, 0]  |0.27811171324557893 |0.190570628508311   |378       
 [14, 11, 10, 9, 6]  |0.4222176967769182  |0.2578868828364486  |493       
 [18, 8, 0, 0, 0]    |0.199804779444938   |0.16115083456783347 |215       
 [16, 9, 0, 0, 0]    |0.33075095739576715 |0.26783354789524616 |211       
 [18, 7, 0, 0, 0]    |0.22496192811925883 |0.18510647119963294 |195       
 [16, 4, 0, 0, 0]    |0.26051494494280497 |0.23082508820079348 |121       
 [15, 8, 0, 0, 0]    |0.20240786474807768 |0.1687274673646844  |182       
 [15, 10, 10, 9, 6]  |0.3205251005726132  |0.19813737241719145 |481       
 [15, 8, 9, 3, 4]    |1.1222861093677432  |0.8272633239700022  |305       
Increasing Epochs
Gen 2 Train time: 9.681183536847433 minutes:
 Average MSE:        0.3964274376540977
 Average Error:      0.5358700971938424
 Structure           |Error               |MSE                 |weights&biases
 [16, 9, 2, 7, 0]    |0.2584039060550706  |0.2012451643843987  |250       
 [18, 8, 0, 0, 0]    |0.21618755199622214 |0.17436421953544376 |215       
 [15, 8, 0, 0, 0]    |0.21178121888326304 |0.1765411079359663  |182       
 [16, 10, 0, 0, 0]   |0.27800964340415923 |0.22110900198890407 |229       
 [18, 9, 0, 0, 0]    |0.20964180118925288 |0.16573669688388612 |235       
 [18, 7, 3, 0, 0]    |0.2708294409161564  |0.21843516731893708 |215       
 [17, 8, 14, 0, 0]   |0.24748678981290148 |0.17685977838454142 |336       
 [16, 11, 10, 5, 3]  |1.3005126705995602  |0.8443050202510769  |432       
 [15, 7, 0, 0, 0]    |0.19995964363999558 |0.1695445229140155  |165       
 [7, 7, 19, 10, 2]   |3.5100329235510306  |2.2291613028719843  |454       
 [17, 6, 0, 0, 0]    |0.1859204129339076  |0.15748318563460456 |166       
 [16, 10, 18, 0, 0]  |0.2441610366129324  |0.1580368120766975  |435       
 [16, 11, 0, 0, 0]   |0.23736376966431535 |0.1854144996548052  |247       
 [17, 10, 5, 0, 0]   |0.22476658410491943 |0.16784861294776313 |292       
 [9, 3, 11, 19, 7]   |0.4244089281003202  |0.2634062305908993  |477       
 [8, 6, 15, 8, 11]   |0.3730025252230415  |0.24459045256845915 |422       
 [14, 9, 1, 4, 0]    |0.21906856616644124 |0.17935817215316413 |200       
 [16, 1, 3, 4, 4]    |0.2560623399239113  |0.22893106457107737 |112       
 [16, 8, 2, 7, 0]    |0.24193764562859713 |0.19203545765506647 |231       
 [16, 4, 0, 0, 0]    |0.2812056130844994  |0.24915772282100113 |121       
 [20, 7, 6, 9, 17]   |0.2978898610408913  |0.17959850366850336 |506       
 [16, 6, 0, 0, 0]    |0.21918007294534655 |0.187334097958344   |157       
 [4, 7, 0, 0, 0]     |1.1961090751568921  |1.1320994749683757  |55        
 [17, 10, 7, 0, 0]   |0.20834379460576355 |0.15189501234111433 |316       
 [4, 2, 2, 7, 20]    |2.084486614606665   |1.6561946592734127  |230       
Increasing Epochs
Gen 3 Train time: 11.09364054997762 minutes:
 Average MSE:        0.3389425982506651
 Average Error:      0.48826874046437363
 Structure           |Error               |MSE                 |weights&biases
 [17, 6, 0, 0, 0]    |0.22841559209012768 |0.19347856711008465 |166       
 [15, 7, 0, 0, 0]    |0.21087161517979805 |0.17879671488180054 |165       
 [17, 10, 7, 0, 0]   |0.24122029087918676 |0.17586393263765418 |316       
 [17, 6, 7, 0, 0]    |0.2162335025127053  |0.17422696642223442 |216       
 [17, 9, 1, 4, 0]    |0.24842265063967447 |0.19619940844237532 |236       
 [15, 8, 0, 0, 0]    |0.22886198664728558 |0.19077965883938536 |182       
 [5, 9, 15, 19, 16]  |2.2071038004890124  |0.9339626401063479  |860       
 [18, 5, 4, 0, 0]    |0.2230612374574579  |0.1866894126640484  |178       
 [13, 8, 11, 4, 6]   |0.37788659809700986 |0.27031667594099396 |335       
 [17, 10, 7, 20, 0]  |0.3402987033717612  |0.208684547832605   |489       
 [12, 7, 8, 4, 6]    |0.3396009940943022  |0.2608045775055374  |264       
 [17, 10, 0, 0, 0]   |0.28900127030135236 |0.22688223257040274 |242       
 [16, 6, 0, 0, 0]    |0.26494474963523706 |0.2264493528756725  |157       
 [16, 10, 0, 0, 0]   |0.21172995969542033 |0.1683948783436513  |229       
 [13, 7, 15, 10, 4]  |1.4303828766289697  |0.8975756740612673  |466       
 [16, 9, 4, 0, 0]    |0.2160289406585721  |0.16891782992804458 |246       
 [10, 9, 9, 0, 0]    |0.25652634822257897 |0.2040227243372808  |229       
 [17, 6, 4, 2, 2]    |1.8830168165810626  |1.5324613685306385  |206       
 [19, 9, 6, 5, 9]    |0.3604740667165422  |0.24260146061201304 |396       
 [16, 10, 10, 4, 0]  |0.2725886521656065  |0.1869729380820407  |377       
 [17, 9, 0, 0, 0]    |0.20330423104961587 |0.16266673418720862 |223       
 [16, 10, 4, 19, 0]  |0.28650711745379526 |0.19651983714717317 |377       
 [17, 4, 1, 4, 0]    |0.22153839691757318 |0.1924037298535479  |141       
 [16, 9, 8, 2, 0]    |1.1916649696067894  |0.8810432726257265  |302       
 [16, 6, 1, 4, 0]    |0.25703314451790543 |0.21684982072889047 |170       
Result:  [17, 9]
Fold 0
Fold 0 Train time: 18.3034019390742 minutes, MSE: 0.010170068160602796
Fold 1
Fold 1 Train time: 18.313874097665153 minutes, MSE: 0.10595923208100287
Fold 2
Fold 2 Train time: 18.27677051226298 minutes, MSE: 0.008092717881486466
Fold 3
Fold 3 Train time: 18.272556734085082 minutes, MSE: 0.007221688835084692
Fold 4
Fold 4 Train time: 18.315753602981566 minutes, MSE: 0.00941539708195565
Total Time: 129.02138551473618 minutes
CellsPerSensor: 7
 Resulting Network Architecture: [17, 9]
 MSE after 5-Fold CV: 0.0281718208080265
 Weights and Biases: 223
 Objective Function Value: 0.035209721245475015
~/workspace/SolarCellResearch
