/tmp/tmp.TLK2yMIkl4 ~/workspace/SolarCellResearch
Using TensorFlow backend.
Genetically searching for best layer structure...
  Training on:     datasets/N2dataset10k5.mat
  Evaluating with: datasets/N2dataset100k5.mat
Gen 0 Train time: 8.516914983590445 minutes:
 Average MSE:        0.9186623749383621
 Average Error:      1.2237558239817878
 Structure           |Error               |MSE                 |weights&biases
 [9, 18, 12, 14, 7]  |1.106975867209308   |0.5334616222210637  |730       
 [11, 0, 0, 0, 0]    |0.720176796293233   |0.6884872037309601  |45        
 [6, 0, 0, 0, 0]     |0.9624194073360035  |0.9386571875032377  |25        
 [5, 8, 13, 0, 0]    |0.9929321039474214  |0.8178363758183217  |194       
 [12, 3, 2, 6, 14]   |0.8871743121654493  |0.7162587481603838  |214       
 [15, 11, 4, 0, 0]   |0.5385841100169746  |0.4095027740717415  |274       
 [13, 5, 11, 0, 0]   |0.5999302386315832  |0.49760837870116736 |187       
 [9, 4, 16, 8, 11]   |0.8590423625448765  |0.5792987016645117  |394       
 [15, 1, 19, 15, 0]  |1.1488086269842899  |0.7586046112191119  |415       
 [1, 15, 12, 0, 0]   |2.943024022902803   |2.319699454805604   |238       
 [17, 14, 7, 3, 18]  |0.8674222315848308  |0.5141555577546323  |523       
 [7, 16, 11, 18, 7]  |1.2120451634246046  |0.6061117830194063  |693       
 [2, 16, 2, 0, 0]    |2.5093914252424607  |2.2911188148251176  |91        
 [3, 2, 12, 20, 6]   |6.309762005738593   |4.039407241644997   |446       
 [5, 2, 0, 0, 0]     |0.5947383610331491  |0.5771611860945797  |30        
 [20, 3, 0, 0, 0]    |0.527279771533661   |0.4643930496690311  |127       
 [14, 0, 0, 0, 0]    |0.460062667192312   |0.43457246696680246 |57        
 [13, 0, 0, 0, 0]    |0.6034280505469635  |0.5722791021098981  |53        
 [7, 8, 20, 8, 16]   |1.0403046524708985  |0.5743671834966986  |594       
 [7, 2, 18, 6, 0]    |0.6852388671407089  |0.5543340529172945  |212       
 [15, 15, 0, 0, 0]   |0.6043477809007008  |0.44726435965340594 |301       
 [5, 0, 0, 0, 0]     |1.5659223491831105  |1.5333808613632613  |21        
 [7, 7, 17, 2, 9]    |1.0364886673558855  |0.7786751876370843  |286       
 [20, 13, 0, 0, 0]   |0.7019553524887006  |0.4961457833380602  |347       
 [5, 18, 9, 0, 0]    |1.1164404056761845  |0.823777685072679   |304       
Gen 1 Train time: 8.599645706017812 minutes:
 Average MSE:        0.8266995974358252
 Average Error:      1.133188355201703
 Structure           |Error               |MSE                 |weights&biases
 [14, 0, 0, 0, 0]    |0.4702461109269187  |0.44419168752423965 |57        
 [20, 3, 0, 0, 0]    |0.5737023078795546  |0.5052789405962249  |127       
 [15, 11, 4, 0, 0]   |0.6917984761474417  |0.5259965710315002  |274       
 [20, 3, 8, 0, 0]    |0.4355273385157967  |0.36965035387600254 |164       
 [15, 8, 3, 0, 0]    |0.7173023295255535  |0.5849330584930766  |204       
 [14, 5, 9, 1, 5]    |0.665651596448818   |0.5466268560533867  |197       
 [18, 7, 3, 0, 0]    |0.644381745460934   |0.5197205810080414  |215       
 [13, 2, 0, 0, 0]    |0.5697197197428947  |0.5312031457668238  |70        
 [10, 4, 15, 3, 15]  |0.8143944265145409  |0.6198297243054192  |273       
 [9, 4, 9, 1, 5]     |1.715036211814574   |1.4939658004083454  |138       
 [6, 2, 9, 3, 0]     |1.5546956419992632  |1.4166285639284641  |93        
 [13, 6, 2, 0, 0]    |0.547526360109027   |0.47599655025871473 |140       
 [6, 2, 7, 3, 0]     |0.7120725155382936  |0.656668781680507   |81        
 [7, 16, 12, 5, 9]   |0.9444869723294175  |0.5832651546370504  |482       
 [8, 17, 11, 14, 3]  |6.0674163733563145  |3.356614496895786   |592       
 [9, 0, 0, 0, 0]     |0.6944236117065614  |0.6691994624245108  |37        
 [17, 2, 10, 0, 0]   |0.397053787556138   |0.3493491166834476  |128       
 [6, 3, 15, 1, 13]   |1.5203173397294827  |1.3020228443358401  |155       
 [11, 1, 9, 3, 0]    |0.6748461551397061  |0.6124606813129866  |97        
 [3, 4, 14, 4, 0]    |2.443412209702851   |2.08213853838249    |160       
 [20, 19, 11, 20, 18]|2.171701148038498   |0.5824632414273594  |1316      
 [9, 10, 5, 20, 0]   |0.7095795805333853  |0.5137170638995235  |323       
 [14, 10, 6, 0, 0]   |0.6814415817978441  |0.5228060361162647  |265       
 [8, 3, 10, 12, 11]  |1.3296070462232443  |0.9110873019724227  |378       
 [14, 8, 0, 0, 0]    |0.5833682933055102  |0.4916753828772036  |171       
Gen 2 Train time: 8.670910131931304 minutes:
 Average MSE:        0.912853405261442
 Average Error:      1.252632448925318
 Structure           |Error               |MSE                 |weights&biases
 [17, 2, 10, 0, 0]   |0.5965729652340186  |0.5248967393674914  |128       
 [20, 3, 8, 0, 0]    |0.5359445488387042  |0.454878659997037   |164       
 [14, 0, 0, 0, 0]    |0.5854309393597164  |0.5529945933428608  |57        
 [13, 15, 5, 1, 0]   |2.289591950767629   |1.6345599334231236  |337       
 [11, 4, 19, 16, 2]  |5.737737572880993   |3.3671442500451954  |533       
 [20, 3, 4, 0, 0]    |0.5915074331420956  |0.5121790392436899  |144       
 [1, 18, 6, 18, 12]  |6.73788615286382    |4.005811767761383   |520       
 [17, 3, 4, 0, 0]    |0.5317533540972426  |0.468801651799008   |126       
 [10, 4, 0, 0, 0]    |0.5037770582473148  |0.4655101148400168  |79        
 [15, 4, 6, 0, 0]    |0.5323641656254423  |0.460046594624691   |146       
 [1, 1, 4, 2, 0]     |2.9803421296798644  |2.903851915986362   |26        
 [14, 3, 1, 0, 0]    |0.5417488193148488  |0.4936380029527984  |93        
 [11, 6, 5, 6, 6]    |0.680163299826504   |0.5431214263163604  |225       
 [16, 2, 5, 2, 0]    |0.5908691378715308  |0.528263159648229   |112       
 [9, 2, 7, 2, 0]     |0.7328665091592577  |0.6718019431029153  |87        
 [13, 20, 8, 2, 8]   |0.9424699654383482  |0.550322269902834   |538       
 [14, 1, 0, 0, 0]    |0.5322430888984595  |0.5017491627416618  |59        
 [15, 7, 7, 10, 0]   |0.6033805332097765  |0.44521088303358536 |304       
 [15, 11, 5, 5, 0]   |0.7002052035697738  |0.5099809846589191  |317       
 [16, 7, 9, 2, 0]    |0.7167582301091051  |0.5515533594020876  |262       
 [13, 6, 8, 10, 0]   |0.6328860296020684  |0.4783249713677103  |280       
 [12, 7, 11, 2, 8]   |0.7633650593015651  |0.5815729231959939  |272       
 [16, 5, 7, 18, 0]   |0.7120720882271285  |0.507846457967478   |338       
 [9, 8, 15, 6, 5]    |0.878565173445266   |0.6014179349233446  |379       
 [15, 9, 6, 3, 0]    |0.6653098144224758  |0.5058563918912734  |274       
Increasing Epochs
Gen 3 Train time: 10.032396209239959 minutes:
 Average MSE:        0.7397035367586297
 Average Error:      0.962827621694527
 Structure           |Error               |MSE                 |weights&biases
 [10, 4, 0, 0, 0]    |0.6416693329042782  |0.5929280818955984  |79        
 [17, 3, 4, 0, 0]    |0.580733480652434   |0.5119832585673955  |126       
 [14, 1, 0, 0, 0]    |0.759857565292046   |0.7163228703960447  |59        
 [17, 2, 4, 14, 0]   |0.5354410194696844  |0.44545255493428443 |184       
 [16, 5, 6, 13, 0]   |0.5767481637700098  |0.4385201282621547  |274       
 [16, 2, 5, 0, 0]    |0.48869756013603466 |0.44086725087332235 |103       
 [15, 9, 19, 1, 0]   |1.8083215680520912  |1.2109426484222965  |401       
 [13, 7, 10, 6, 4]   |0.716327528747283   |0.5222453542484269  |316       
 [17, 5, 10, 1, 0]   |0.6050129004051993  |0.4884561880600261  |214       
 [16, 2, 5, 9, 0]    |0.660022466300818   |0.5618718923144732  |161       
 [17, 3, 1, 0, 0]    |0.5228453273027933  |0.4679145430997516  |111       
 [15, 4, 15, 5, 0]   |0.6985688949010972  |0.5332731697490539  |270       
 [15, 2, 3, 0, 0]    |0.46947676691161805 |0.4290694580408392  |90        
 [16, 7, 8, 3, 0]    |0.6175151774127351  |0.475184736325839   |262       
 [14, 17, 1, 0, 0]   |1.9603916429736428  |1.4278135256691082  |317       
 [14, 9, 7, 8, 0]    |0.6220958933664947  |0.4517343339355776  |320       
 [19, 8, 12, 19, 16] |1.389626065947901   |0.5599177918188123  |909       
 [15, 11, 9, 1, 4]   |1.7258062411238941  |1.2137252237651428  |352       
 [16, 6, 8, 10, 0]   |0.6745033698847842  |0.49619880936970884 |307       
 [16, 4, 6, 10, 0]   |0.6025788021240642  |0.4802075703801645  |227       
 [17, 2, 10, 0, 0]   |0.588535303870663   |0.5178247758565226  |128       
 [10, 3, 4, 1, 0]    |2.111343970374768   |1.9373570473373363  |86        
 [14, 11, 4, 1, 4]   |1.6490221155465334  |1.2550588387830737  |273       
 [14, 6, 6, 12, 3]   |0.8166373898549836  |0.6043751806255611  |301       
 [13, 7, 6, 8, 3]    |2.248911995037318   |1.7133431862352282  |272       
Increasing Epochs
Gen 4 Train time: 11.405610617001852 minutes:
 Average MSE:        0.6230854619146479
 Average Error:      0.7735033807305679
 Structure           |Error               |MSE                 |weights&biases
 [15, 2, 3, 0, 0]    |0.5570631245902239  |0.5091173617276371  |90        
 [16, 2, 5, 0, 0]    |0.49995652238849253 |0.4510242644146748  |103       
 [17, 3, 1, 0, 0]    |0.5517716478749068  |0.493801828243679   |111       
 [17, 2, 5, 7, 0]    |0.5553538247711467  |0.47704242714317446 |152       
 [16, 6, 6, 19, 0]   |0.8068971052054953  |0.5714609530607805  |345       
 [17, 4, 8, 1, 0]    |0.6749972138107985  |0.5671980646932989  |174       
 [16, 2, 4, 5, 0]    |0.5311880009777746  |0.4687717655529891  |125       
 [15, 6, 10, 1, 0]   |1.510925033551793   |1.207705246215489   |224       
 [16, 6, 9, 4, 0]    |0.5623650027874154  |0.4344805198573565  |258       
 [18, 6, 7, 10, 8]   |0.849514202640303   |0.572873348384355   |394       
 [16, 7, 9, 5, 0]    |0.7807677621828464  |0.5813062614202003  |295       
 [13, 3, 3, 0, 0]    |0.7892772613348644  |0.7163133190288768  |97        
 [17, 3, 3, 7, 0]    |0.7316298652457752  |0.6278333327322647  |153       
 [16, 6, 7, 8, 0]    |0.6270929639007354  |0.47775344664723096 |272       
 [14, 3, 5, 0, 0]    |0.45014006063982626 |0.4020428923051241  |113       
 [15, 6, 5, 1, 2]    |1.7058038311132666  |1.4120413944637442  |189       
 [16, 2, 1, 0, 0]    |0.491662812398976   |0.45069603890072074 |87        
 [10, 6, 4, 2, 0]    |0.6042901868486592  |0.52692305087584    |137       
 [15, 4, 5, 6, 2]    |1.4224820140753274  |1.1798687966956742  |187       
 [16, 3, 14, 10, 0]  |0.8059097861143334  |0.5875561455492232  |316       
 [16, 4, 6, 5, 0]    |0.6513751076006312  |0.5402790030367121  |187       
 [10, 19, 2, 7, 16]  |0.749037303031699   |0.4800012874364891  |445       
 [10, 6, 8, 12, 14]  |1.007888393385346   |0.6381751156690421  |457       
 [12, 7, 4, 2, 3]    |0.761369035041532   |0.634678248161656   |182       
 [16, 2, 4, 5, 4]    |0.6588264567520232  |0.5681924356499647  |148       
Result:  [14, 3, 5]
Fold 0
Fold 0 Train time: 19.49157768090566 minutes, MSE: 0.055207589521250613
Fold 1
Fold 1 Train time: 19.478958280881248 minutes, MSE: 0.2461073023943019
Fold 2
Fold 2 Train time: 19.360526537895204 minutes, MSE: 0.21248745359255286
Fold 3
Fold 3 Train time: 18.9789542833964 minutes, MSE: 0.10178718952425997
Fold 4
Fold 4 Train time: 19.010948097705842 minutes, MSE: 0.1337222311151245
Total Time: 143.5514901359876 minutes
CellsPerSensor: 2
 Resulting Network Architecture: [14, 3, 5]
 MSE after 5-Fold CV: 0.14986235322949795
 Weights and Biases: 113
 Objective Function Value: 0.16779067622256655
~/workspace/SolarCellResearch
