/tmp/tmp.dQl5u3bp4C ~/workspace/SolarCellResearch
Using TensorFlow backend.
Genetically searching for best layer structure...
  Training on:     datasets/N3dataset10k3.mat
  Evaluating with: datasets/N3dataset100k3.mat
Gen 0 Train time: 8.264952957630157 minutes:
 Average MSE:        1.052019436612342
 Average Error:      1.3854534823612952
 Structure           |Error               |MSE                 |weights&biases
 [1, 15, 5, 0, 0]    |2.8345583654802713  |2.5165430285884276  |119       
 [15, 0, 0, 0, 0]    |0.475538771832323   |0.4473979279543909  |61        
 [1, 6, 6, 2, 0]     |3.3099965646093934  |3.073900116264647   |74        
 [3, 6, 10, 3, 0]    |2.700634564556134   |2.3478188994995426  |140       
 [17, 11, 0, 0, 0]   |0.4866196952007763  |0.3748338663220635  |261       
 [16, 0, 0, 0, 0]    |0.33804858994478515 |0.3167743346778678  |65        
 [6, 17, 15, 0, 0]   |0.6485058301489861  |0.42482231277903504 |423       
 [17, 0, 0, 0, 0]    |0.34845125099711627 |0.32521884926223477 |69        
 [19, 6, 10, 0, 0]   |0.3784263981840717  |0.29237043094041165 |258       
 [14, 14, 5, 0, 0]   |0.44040084727147444 |0.31566620080510904 |333       
 [13, 11, 7, 12, 11] |0.6548083929452746  |0.38619509258433876 |528       
 [5, 0, 0, 0, 0]     |1.4342250898617193  |1.404420407453933   |21        
 [13, 2, 18, 2, 9]   |0.48209106026185905 |0.39628474976422706 |196       
 [1, 9, 9, 14, 9]    |3.792369947170192   |2.5522903679172515  |396       
 [4, 20, 16, 6, 2]   |6.385599307039527   |3.6220687727689103  |567       
 [16, 1, 0, 0, 0]    |0.5486350976182715  |0.5130809105775415  |67        
 [8, 1, 10, 17, 0]   |1.5751190788888436  |1.2169294903501768  |258       
 [5, 6, 0, 0, 0]     |0.52008210079643    |0.49077544707937093 |58        
 [17, 6, 0, 0, 0]    |0.30174852851649536 |0.25559495475209004 |166       
 [5, 6, 20, 0, 0]    |0.4906711965456329  |0.3969356761181305  |212       
 [10, 16, 12, 1, 0]  |4.590015856555616   |3.000813680282957   |425       
 [5, 19, 5, 0, 0]    |0.6171648284374757  |0.48791252277878794 |235       
 [20, 0, 0, 0, 0]    |0.3453096504582654  |0.31844238124755503 |81        
 [7, 7, 14, 0, 0]    |0.39346948092843764 |0.320859555907737   |204       
 [4, 11, 0, 0, 0]    |0.5438465647830094  |0.502535938631812   |79        
Gen 1 Train time: 8.33004860083262 minutes:
 Average MSE:        0.457774743598153
 Average Error:      0.5928908464808093
 Structure           |Error               |MSE                 |weights&biases
 [17, 6, 0, 0, 0]    |0.3891203477975112  |0.3296029252483513  |166       
 [16, 0, 0, 0, 0]    |0.3365542778528707  |0.31537406343640334 |65        
 [20, 0, 0, 0, 0]    |0.33489242850848033 |0.30883568488308494 |81        
 [10, 17, 0, 0, 0]   |0.41932870069432737 |0.33150904718162816 |235       
 [11, 15, 3, 0, 0]   |0.4913822696399616  |0.37699140098041883 |265       
 [12, 4, 7, 0, 0]    |0.5044678021988003  |0.4425281226967727  |131       
 [6, 10, 18, 8, 11]  |0.8846775488915667  |0.5109252139173064  |549       
 [10, 10, 13, 0, 0]  |0.4922849833101086  |0.36578940922427367 |297       
 [10, 10, 17, 1, 5]  |1.4891478966447185  |1.037904809572486   |361       
 [18, 9, 5, 0, 0]    |0.4014216352025857  |0.30308470905275153 |281       
 [19, 3, 0, 0, 0]    |0.4795716480810326  |0.4249167662577184  |121       
 [17, 1, 9, 1, 5]    |0.46540495514026536 |0.4156767429047926  |113       
 [6, 19, 12, 15, 13] |1.2414477437344567  |0.5533736839525437  |808       
 [16, 13, 3, 0, 0]   |0.33956349148223225 |0.2478096581916887  |315       
 [20, 14, 0, 0, 0]   |0.3985495844905858  |0.2755673100412032  |369       
 [17, 6, 20, 0, 0]   |0.3726794161838834  |0.2706207991991122  |320       
 [19, 6, 0, 0, 0]    |0.3841197263556171  |0.3195629533113415  |184       
 [12, 9, 8, 7, 0]    |0.5012289986261174  |0.3698372632164292  |304       
 [17, 3, 0, 0, 0]    |0.3556548251415408  |0.3189264998344358  |109       
 [19, 19, 0, 0, 0]   |0.38334204588354537 |0.24272464697289733 |457       
 [5, 6, 0, 0, 0]     |1.3795870831197006  |1.3018472784703916  |58        
 [11, 3, 5, 0, 0]    |0.35653087557644336 |0.32421952855147823 |95        
 [4, 3, 16, 0, 0]    |1.5833022006402724  |1.4212157487837458  |108       
 [15, 11, 4, 6, 6]   |0.443348648491555   |0.3130479824710531  |348       
 [16, 1, 8, 12, 0]   |0.3946620283320543  |0.3224763416015169  |202       
Increasing Epochs
Gen 2 Train time: 9.723450207710266 minutes:
 Average MSE:        0.5264563345005757
 Average Error:      0.6911276127440127
 Structure           |Error               |MSE                 |weights&biases
 [20, 0, 0, 0, 0]    |0.3242856856455068  |0.29905421352807565 |81        
 [16, 0, 0, 0, 0]    |0.47569641486622793 |0.44575963281642117 |65        
 [16, 13, 3, 0, 0]   |0.34522166280031263 |0.25193892866833206 |315       
 [16, 12, 4, 0, 0]   |0.4704774639508082  |0.34541550676340793 |309       
 [15, 4, 4, 0, 0]    |0.41483709787238615 |0.36281240422806976 |134       
 [16, 8, 2, 0, 0]    |1.2376098890949585  |1.0082155749154362  |205       
 [19, 14, 3, 10, 0]  |0.5573071000641937  |0.36144736690403845 |433       
 [10, 10, 0, 0, 0]   |0.41268094205733225 |0.35484275830851003 |151       
 [15, 9, 14, 0, 0]   |0.4232928891785306  |0.30008457417631607 |344       
 [14, 8, 7, 0, 0]    |0.46712471337866596 |0.37003451098443113 |233       
 [14, 8, 11, 1, 3]   |0.5751393940143393  |0.43337891416745133 |283       
 [12, 13, 0, 0, 0]   |0.39525523303719723 |0.31751711291265333 |219       
 [18, 3, 19, 0, 0]   |0.40231056034799817 |0.32708639096043307 |207       
 [15, 5, 3, 0, 0]    |0.39825275590655435 |0.34380920566357986 |147       
 [11, 13, 8, 0, 0]   |0.5618898322275376  |0.412116387180664   |310       
 [16, 5, 4, 4, 9]    |0.5338560767189502  |0.4233191064380071  |232       
 [19, 11, 0, 0, 0]   |0.3687396205889515  |0.2761904764366741  |289       
 [17, 6, 20, 0, 0]   |0.40928222954888305 |0.29719989687829473 |320       
 [17, 3, 0, 0, 0]    |0.4101254857916882  |0.3677719981006472  |109       
 [20, 10, 0, 0, 0]   |0.43373304828056336 |0.3274807414860304  |281       
 [18, 13, 7, 3, 3]   |0.5420946119573129  |0.3494779770697551  |439       
 [12, 20, 13, 5, 3]  |1.0614911579544195  |0.5480847626434857  |661       
 [17, 4, 4, 6, 0]    |0.35180839267321806 |0.29385507052441867 |180       
 [17, 7, 2, 3, 1]    |4.46521757411514    |3.6266811341461307  |208       
 [4, 4, 17, 13, 13]  |1.2404604865286384  |0.7178337166131292  |547       
Increasing Epochs
Gen 3 Train time: 11.379512830575306 minutes:
 Average MSE:        0.7621872536971382
 Average Error:      1.0876352465100323
 Structure           |Error               |MSE                 |weights&biases
 [20, 0, 0, 0, 0]    |0.4117148602592779  |0.3796808468051044  |81        
 [16, 13, 3, 0, 0]   |0.3908824403204762  |0.28526165609302206 |315       
 [17, 4, 4, 6, 0]    |0.3653592944348198  |0.3051737351036451  |180       
 [12, 20, 17, 10, 15]|0.9358057030271838  |0.3394775685144489  |1014      
 [16, 7, 20, 1, 2]   |5.149365979144277   |3.6105986739376745  |355       
 [19, 2, 10, 0, 0]   |0.39441781012341337 |0.3435768383997481  |138       
 [13, 7, 2, 0, 0]    |0.3637967402543687  |0.3112496445516434  |156       
 [11, 4, 9, 7, 7]    |0.4806170718950971  |0.3705805554489813  |260       
 [16, 7, 16, 1, 2]   |2.31628915877783    |1.683653954638951   |319       
 [15, 11, 5, 17, 0]  |0.41326620770332106 |0.2767437412134447  |401       
 [16, 14, 2, 5, 0]   |0.4108310326831342  |0.2932959059388528  |337       
 [20, 6, 4, 0, 0]    |0.4006848090630962  |0.32187880925462425 |219       
 [17, 4, 12, 0, 0]   |0.35874737360607917 |0.29489473026286345 |196       
 [16, 7, 2, 20, 0]   |0.40373216337051154 |0.31005561857691133 |264       
 [17, 13, 5, 2, 2]   |0.55083315514942    |0.37820332944264357 |376       
 [16, 12, 0, 0, 0]   |0.3705157201028388  |0.2842618650224867  |265       
 [15, 12, 4, 0, 0]   |0.39461166421905575 |0.29409479659177495 |294       
 [14, 9, 2, 0, 0]    |0.576509014785687   |0.4720056598317308  |200       
 [18, 7, 0, 0, 0]    |0.4224197498087452  |0.3475816103899877  |195       
 [18, 14, 3, 5, 0]   |0.4058506556965589  |0.27450932982868637 |391       
 [16, 6, 15, 11, 2]  |3.9039468797707064  |2.4694317460465713  |458       
 [4, 7, 13, 16, 2]   |5.474452660045143   |3.6258628948460143  |412       
 [17, 9, 5, 2, 2]    |1.5157290649783364  |1.1409902825274023  |284       
 [15, 5, 4, 0, 0]    |0.3684411549535951  |0.31585429353086397 |154       
 [16, 9, 3, 0, 0]    |0.412060798577838   |0.32576325563037667 |235       
Result:  [17, 4, 12]
Fold 0
Fold 0 Train time: 19.63073130051295 minutes, MSE: 0.756067904149207
Fold 1
Fold 1 Train time: 19.562088139851888 minutes, MSE: 0.02243108483547366
Fold 2
Fold 2 Train time: 19.49301002820333 minutes, MSE: 0.040991849313076555
Fold 3
Fold 3 Train time: 19.38567035595576 minutes, MSE: 0.03022647693775501
Fold 4
Fold 4 Train time: 19.442614436149597 minutes, MSE: 0.023680590410682417
Total Time: 135.21752234697342 minutes
CellsPerSensor: 3
 Resulting Network Architecture: [17, 4, 12]
 MSE after 5-Fold CV: 0.17467958112923893
 Weights and Biases: 196
 Objective Function Value: 0.21250241025624764
~/workspace/SolarCellResearch
