/tmp/tmp.EQqy69gfu6 ~/workspace/SolarCellResearch
Using TensorFlow backend.
Genetically searching for best layer structure...
  Training on:     datasets/N8dataset10k5.mat
  Evaluating with: datasets/N8dataset100k5.mat
Gen 0 Train time: 8.546919167041779 minutes:
 Average MSE:        0.801622203159595
 Average Error:      1.1514544746190207
 Structure           |Error               |MSE                 |weights&biases
 [13, 19, 17, 0, 0]  |0.3410491405370866  |0.17574368073363603 |663       
 [6, 17, 8, 18, 0]   |0.5857653901752018  |0.3690452817751678  |462       
 [2, 18, 14, 9, 16]  |5.593626461418983   |2.9553817126333364  |638       
 [1, 18, 13, 9, 0]   |5.363490954665492   |3.51702358895299    |422       
 [15, 0, 0, 0, 0]    |0.35771942456411665 |0.3365507479492222  |61        
 [1, 19, 14, 0, 0]   |1.8256345438525055  |1.3046406278129585  |336       
 [20, 18, 13, 3, 12] |0.3394115881277488  |0.15434857138161312 |788       
 [17, 0, 0, 0, 0]    |0.29679312433005267 |0.27700494140100507 |69        
 [11, 4, 10, 17, 10] |0.49671478168653166 |0.29857345455103573 |509       
 [1, 8, 0, 0, 0]     |2.465714001326332   |2.3976316107486797  |28        
 [10, 0, 0, 0, 0]    |0.4273920893744451  |0.4102233772908456  |41        
 [14, 0, 0, 0, 0]    |0.33837446714624264 |0.31962651489139826 |57        
 [8, 0, 0, 0, 0]     |0.6475252428737265  |0.6265056407875834  |33        
 [7, 14, 14, 17, 19] |0.7765597449362527  |0.29733920187073865 |960       
 [17, 19, 15, 0, 0]  |0.31231906792898034 |0.15370348416173069 |709       
 [2, 11, 11, 0, 0]   |2.256908001640298   |1.8794811141942742  |183       
 [16, 1, 0, 0, 0]    |0.249245511896786   |0.2330932066806027  |67        
 [10, 18, 7, 10, 17] |2.1305638820738273  |1.1167097941541293  |646       
 [13, 16, 10, 11, 16]|0.44156878976385033 |0.20588830584584317 |763       
 [17, 4, 6, 1, 3]    |0.9884672886392388  |0.8339350737813481  |170       
 [14, 13, 17, 0, 0]  |0.30114084776597577 |0.18393420057455662 |493       
 [9, 2, 0, 0, 0]     |0.3810913532932892  |0.3625053086753737  |50        
 [16, 0, 0, 0, 0]    |0.22141293160493042 |0.20747885417798667 |65        
 [4, 15, 0, 0, 0]    |1.387642172371229   |1.2518294332365738  |103       
 [12, 8, 15, 4, 12]  |0.26023106348239194 |0.17235735072724911 |412       
Gen 1 Train time: 8.742729083697002 minutes:
 Average MSE:        0.5454196051165876
 Average Error:      0.8073983639961406
 Structure           |Error               |MSE                 |weights&biases
 [16, 0, 0, 0, 0]    |0.2939622091464677  |0.2754624216536982  |65        
 [16, 1, 0, 0, 0]    |0.2014359258400473  |0.18838191122244302 |67        
 [12, 8, 15, 4, 12]  |0.36114302353829936 |0.23919379161627866 |412       
 [14, 10, 9, 0, 0]   |0.3898138535435944  |0.28849256851635463 |301       
 [12, 1, 0, 0, 0]    |0.4335191378204552  |0.4119639899383862  |51        
 [16, 10, 8, 0, 0]   |0.21014915461280523 |0.1533645149734731  |315       
 [14, 13, 17, 0, 0]  |0.25123213888689977 |0.153450396940866   |493       
 [15, 10, 9, 0, 0]   |0.2287616813339496  |0.16711476112819293 |314       
 [18, 9, 7, 2, 6]    |0.23988965735948942 |0.17143069199538813 |336       
 [15, 10, 7, 2, 6]   |0.24786124365347953 |0.17944505991623455 |323       
 [6, 11, 18, 9, 12]  |0.6191608107842621  |0.3347436550828458  |615       
 [5, 11, 12, 16, 1]  |5.523472966538679   |3.5148850536206844  |452       
 [9, 0, 0, 0, 0]     |0.6682595040169541  |0.6439857362413335  |37        
 [13, 4, 8, 2, 6]    |0.2298421944418976  |0.19236468323617845 |178       
 [16, 11, 12, 10, 11]|0.35430171829872575 |0.18644734405283786 |642       
 [16, 1, 5, 0, 0]    |0.2030269607343306  |0.18723018238237182 |81        
 [13, 10, 18, 5, 9]  |0.4637865092887163  |0.27135402592567864 |536       
 [14, 15, 14, 6, 1]  |3.957449088654841   |2.1937220077890873  |590       
 [14, 12, 13, 9, 5]  |1.4433545459716743  |0.8138086211424926  |573       
 [12, 1, 14, 0, 0]   |0.2793052573641791  |0.25475576353688456 |92        
 [10, 2, 5, 9, 5]    |1.8115142180516777  |1.5176499912596744  |177       
 [17, 10, 8, 0, 0]   |0.21586329577250257 |0.15549993558621855 |328       
 [16, 8, 15, 0, 0]   |0.2159482606196303  |0.1544760155028102  |335       
 [14, 5, 8, 11, 6]   |1.1610475920603278  |0.8239237367659777  |343       
 [16, 1, 14, 0, 0]   |0.18085815156962906 |0.1623432678882974  |108       
Gen 2 Train time: 8.812118184566497 minutes:
 Average MSE:        0.6629397794577574
 Average Error:      0.9973552810497027
 Structure           |Error               |MSE                 |weights&biases
 [16, 1, 14, 0, 0]   |0.2005763096368045  |0.1800428307201715  |108       
 [16, 1, 0, 0, 0]    |0.9111906251888632  |0.8521411001796821  |67        
 [16, 1, 5, 0, 0]    |0.2047849991403275  |0.18885143430969947 |81        
 [17, 5, 4, 1, 3]    |1.0275136942233027  |0.8582515806018751  |180       
 [3, 16, 4, 16, 18]  |3.0993482316226304  |1.7953353724758057  |546       
 [13, 5, 4, 0, 0]    |0.2042428674456471  |0.1779156946303137  |138       
 [12, 8, 15, 4, 12]  |0.3721077719698977  |0.24645601068333067 |412       
 [16, 1, 3, 0, 0]    |0.1835445256085954  |0.17028223808463866 |75        
 [3, 20, 10, 19, 3]  |6.225855788232711   |3.513845103336007   |572       
 [12, 1, 14, 0, 0]   |0.22234751780174306 |0.20280431597553852 |92        
 [14, 1, 14, 0, 0]   |0.33629090007419754 |0.30428858973212575 |100       
 [10, 20, 3, 17, 17] |1.7761734591609348  |0.8776225355376088  |705       
 [17, 10, 8, 1, 3]   |1.148302775270013   |0.8189641284030935  |338       
 [12, 11, 8, 2, 8]   |0.3165167451803275  |0.22846342858016294 |326       
 [17, 10, 8, 0, 0]   |0.2100550583186971  |0.15131589611482982 |328       
 [17, 10, 7, 2, 6]   |0.22609056634839914 |0.15948273232100407 |349       
 [16, 1, 10, 0, 0]   |0.29917362260107094 |0.27178847068999235 |96        
 [16, 6, 7, 0, 0]    |0.19382465778357524 |0.15758325543016308 |207       
 [16, 8, 7, 0, 0]    |0.19519488914127933 |0.1512597399132616  |255       
 [15, 3, 11, 1, 6]   |0.317718489763184   |0.2685845436715261  |168       
 [13, 11, 10, 6, 9]  |0.3114475083773324  |0.19819092060640447 |452       
 [15, 7, 16, 0, 0]   |0.2213359746229663  |0.16364211116818245 |302       
 [9, 7, 5, 5, 13]    |0.34494320810738166 |0.2662351096598326  |259       
 [15, 3, 7, 1, 3]    |0.9851241313651005  |0.8572826306244989  |139       
 [4, 9, 10, 19, 3]   |5.4001777092575844  |3.5128647129941846  |430       
Increasing Epochs
Gen 3 Train time: 10.039841504891713 minutes:
 Average MSE:        0.6446359602397912
 Average Error:      1.0000233094338098
 Structure           |Error               |MSE                 |weights&biases
 [16, 1, 3, 0, 0]    |0.20847256655020704 |0.19340906569515035 |75        
 [16, 6, 7, 0, 0]    |0.30936891835784835 |0.2515230097203313  |207       
 [16, 8, 7, 0, 0]    |0.21254313158445548 |0.16470317919310745 |255       
 [16, 2, 7, 1, 3]    |3.2321033504110064  |2.8637533293780635  |121       
 [15, 3, 7, 0, 0]    |0.16269610613534066 |0.14300564158860546 |129       
 [16, 16, 3, 0, 0]   |0.2866420734476807  |0.19700602393100536 |375       
 [16, 4, 3, 0, 0]    |0.22266735650450234 |0.19454801239149583 |135       
 [15, 6, 6, 0, 0]    |0.23365491124741616 |0.19322306304677644 |190       
 [15, 6, 6, 18, 4]   |1.423138274216965   |0.9635455519200503  |390       
 [3, 7, 10, 2, 6]    |2.7105088677353315  |2.300522776725915   |164       
 [16, 1, 9, 0, 0]    |0.1840019877076114  |0.16766141524074585 |93        
 [15, 8, 6, 1, 3]    |0.2614971581388052  |0.20487978979663413 |244       
 [17, 8, 8, 0, 0]    |0.21842465710708    |0.1657434542099426  |276       
 [16, 5, 11, 0, 0]   |0.20324680237293502 |0.16458398973814664 |211       
 [17, 6, 9, 1, 3]    |1.130801163432324   |0.8877424389353419  |242       
 [17, 6, 11, 1, 3]   |1.9250014068845143  |1.4872469087581044  |258       
 [15, 9, 12, 0, 0]   |0.21290494257256395 |0.15429182659462898 |322       
 [15, 5, 11, 0, 0]   |0.3036848355978779  |0.24789132354946125 |203       
 [16, 7, 7, 0, 0]    |0.2218402149360189  |0.17608333374845914 |231       
 [15, 20, 12, 0, 0]  |0.3276765621721877  |0.17451785039503398 |630       
 [16, 14, 17, 18, 2] |8.599319931779412   |3.475308049523096   |906       
 [12, 13, 17, 10, 6] |1.602087911028673   |0.7987619783278174  |696       
 [16, 20, 11, 0, 0]  |0.32215613129207377 |0.17140622221635768 |631       
 [15, 6, 8, 3, 5]    |0.28261248515216886 |0.2200988247422649  |250       
 [16, 7, 12, 0, 0]   |0.2035309894802475  |0.154441946628242   |276       
Gen 4 Train time: 9.86398177544276 minutes:
 Average MSE:        0.30483918801240445
 Average Error:      0.3991094974977382
 Structure           |Error               |MSE                 |weights&biases
 [15, 3, 7, 0, 0]    |0.21861466862827827 |0.19215660221063136 |129       
 [16, 1, 9, 0, 0]    |0.1767226813754962  |0.16102855862425797 |93        
 [16, 5, 11, 0, 0]   |0.1911991857663943  |0.15482814224244176 |211       
 [16, 6, 7, 0, 0]    |0.18738494392940253 |0.15234764152642347 |207       
 [16, 17, 9, 0, 0]   |0.2347494469365779  |0.14110704152555642 |509       
 [16, 6, 10, 2, 3]   |1.10073207902614    |0.8529754478723562  |255       
 [4, 6, 6, 0, 0]     |1.8984279927278969  |1.7332983802275124  |91        
 [17, 14, 8, 0, 0]   |0.23773551955337674 |0.15434012846516737 |432       
 [6, 2, 20, 18, 15]  |0.6858662214024323  |0.31724761732854323 |771       
 [17, 5, 6, 0, 0]    |0.22452354426267904 |0.1867891752741852  |184       
 [16, 3, 6, 0, 0]    |0.1731353520638655  |0.15202936157810307 |130       
 [16, 2, 12, 0, 0]   |0.22189517958574867 |0.19465039558431135 |131       
 [16, 4, 11, 0, 0]   |0.1934003569281746  |0.16105765855797108 |183       
 [16, 8, 9, 8, 0]    |0.2121205099225722  |0.1488820759773149  |354       
 [16, 7, 8, 2, 3]    |0.24234945746120437 |0.18649057910594696 |262       
 [16, 11, 7, 0, 0]   |0.3111750962215863  |0.22438330312012603 |327       
 [10, 3, 2, 5, 6]    |0.5113149411252611  |0.44943252144357715 |129       
 [16, 12, 9, 0, 0]   |0.24646909120196558 |0.16871933504015035 |379       
 [8, 12, 12, 9, 5]   |1.3893324027269103  |0.8761861995755975  |461       
 [16, 3, 10, 0, 0]   |0.20884702236854513 |0.17975629800522927 |150       
 [16, 7, 7, 0, 0]    |0.17172788812784417 |0.13630720222595494 |231       
 [15, 3, 3, 5, 9]    |0.244158843071572   |0.20211139578484424 |189       
 [16, 9, 3, 0, 0]    |0.17367157567843508 |0.13729968514046167 |235       
 [15, 20, 12, 0, 0]  |0.26610119260880555 |0.141723313421607   |630       
 [16, 4, 9, 0, 0]    |0.2560822447422891  |0.21583164045184056 |171       
Increasing Epochs
Gen 5 Train time: 11.249200415611266 minutes:
 Average MSE:        0.3763583348807403
 Average Error:      0.48446419341376445
 Structure           |Error               |MSE                 |weights&biases
 [16, 7, 7, 0, 0]    |0.20305760555193755 |0.16117483540518987 |231       
 [16, 3, 6, 0, 0]    |0.17348359793245907 |0.15233515468415207 |130       
 [16, 9, 3, 0, 0]    |0.22590651468133133 |0.17859510524828653 |235       
 [17, 10, 9, 0, 0]   |0.22690155977532697 |0.16150179643662407 |340       
 [16, 6, 10, 1, 2]   |1.1010502617765532  |0.8678507793617797  |238       
 [9, 9, 7, 15, 0]    |0.35640694920603194 |0.25802931274020074 |323       
 [16, 7, 8, 1, 2]    |1.0522517638638533  |0.8219566725942246  |247       
 [16, 5, 9, 1, 6]    |1.088884044845768   |0.8773523145790204  |216       
 [16, 4, 9, 16, 0]   |0.23783401904437673 |0.16962210168435982 |338       
 [2, 8, 12, 2, 6]    |3.563762233760458   |2.95003429017519    |189       
 [11, 20, 1, 15, 15] |0.3656439215344044  |0.20472343441168106 |580       
 [16, 6, 5, 0, 0]    |0.1837408160272713  |0.15179427589362202 |191       
 [16, 20, 8, 0, 0]   |0.4505914131043821  |0.25609820167969416 |565       
 [16, 4, 11, 0, 0]   |0.18794083232583883 |0.15651114032368266 |183       
 [16, 5, 11, 4, 0]   |0.19887809451045022 |0.154576952475426   |252       
 [8, 14, 12, 0, 0]   |0.3591271448024529  |0.25485034476033674 |343       
 [16, 5, 10, 12, 0]  |0.2635291933742017  |0.1879477789381159  |338       
 [16, 4, 8, 1, 0]    |0.23555499180717238 |0.19932654251576384 |167       
 [16, 3, 11, 0, 0]   |0.20325496190756315 |0.1740706342764908  |155       
 [19, 8, 16, 4, 15]  |0.2724949577607333  |0.1620038516070261  |520       
 [17, 9, 7, 0, 0]    |0.2606325424417118  |0.1948269116768951  |291       
 [16, 9, 7, 0, 0]    |0.22539213018865117 |0.1705181403583555  |279       
 [17, 11, 8, 4, 0]   |0.2470021007642455  |0.1679047478806548  |386       
 [16, 4, 8, 0, 0]    |0.17349956183146076 |0.14710918613890764 |165       
 [7, 6, 5, 0, 0]     |0.25478362252547604 |0.2282438661728269  |110       
Result:  [16, 3, 6]
Fold 0
Fold 0 Train time: 19.32917714913686 minutes, MSE: 0.29000871837062253
Fold 1
Fold 1 Train time: 19.29230567216873 minutes, MSE: 0.21232154708314444
Fold 2
Fold 2 Train time: 19.366201452414195 minutes, MSE: 0.013094828240955812
Fold 3
Fold 3 Train time: 19.32933963139852 minutes, MSE: 0.006678673590698943
Fold 4
Fold 4 Train time: 19.324123573303222 minutes, MSE: 0.006299419864664527
Total Time: 153.90247756640116 minutes
CellsPerSensor: 8
 Resulting Network Architecture: [16, 3, 6]
 MSE after 5-Fold CV: 0.10568063743001724
 Weights and Biases: 130
 Objective Function Value: 0.12035210947314204
~/workspace/SolarCellResearch
