/tmp/tmp.F7UZeet2mB ~/workspace/SolarCellResearch
Using TensorFlow backend.
Genetically searching for best layer structure...
  Training on:     datasets/N4dataset10k1.mat
  Evaluating with: datasets/N4dataset100k1.mat
Gen 0 Train time: 8.180024548371632 minutes:
 Average MSE:        0.777570076719467
 Average Error:      0.9584474654138592
 Structure           |Error               |MSE                 |weights&biases
 [1, 13, 0, 0, 0]    |2.5780730832294325  |2.469565570850701   |43        
 [4, 17, 19, 15, 0]  |1.3072042647118223  |0.6143998800355844  |755       
 [19, 5, 0, 0, 0]    |0.22758892373055667 |0.1933575441822412  |163       
 [8, 12, 0, 0, 0]    |0.45133863023185644 |0.3904179768926214  |145       
 [2, 0, 0, 0, 0]     |3.079280565331141   |3.051691377813753   |9         
 [19, 0, 0, 0, 0]    |0.27700238394992793 |0.25647369672404896 |77        
 [10, 11, 15, 8, 0]  |1.475421739314161   |0.9239880631264533  |468       
 [16, 0, 0, 0, 0]    |0.280159315134445   |0.26252817877458495 |65        
 [14, 18, 0, 0, 0]   |0.3323908461407017  |0.23872482384002086 |331       
 [15, 6, 12, 5, 0]   |0.4809830197944354  |0.35774912321428226 |296       
 [10, 19, 9, 7, 0]   |0.5412605506386644  |0.3292774710003118  |497       
 [17, 0, 0, 0, 0]    |0.3357198219727245  |0.31333626687824795 |69        
 [20, 0, 0, 0, 0]    |0.3019288603274389  |0.2784368902590243  |81        
 [14, 9, 0, 0, 0]    |0.329548712418905   |0.2733421153497355  |187       
 [14, 18, 13, 0, 0]  |0.46362715469796845 |0.2614075498927173  |573       
 [6, 15, 2, 0, 0]    |0.46898443262446715 |0.4004422555430134  |158       
 [2, 2, 8, 2, 0]     |2.7131294714172496  |2.562806008124264   |57        
 [7, 0, 0, 0, 0]     |0.474975118150443   |0.46139864998331126 |29        
 [10, 18, 0, 0, 0]   |0.36909911005304136 |0.28831833480864655 |247       
 [9, 0, 0, 0, 0]     |0.4939342287551172  |0.47599262868334663 |37        
 [18, 18, 15, 0, 0]  |0.44382468356464755 |0.22105899854222982 |697       
 [12, 8, 15, 15, 0]  |0.5046269225397374  |0.2967290369894087  |531       
 [13, 13, 2, 18, 13] |0.6830746898895043  |0.3886208576038891  |564       
 [6, 16, 4, 13, 1]   |4.750673310410476   |3.5940739264642496  |279       
 [3, 4, 14, 0, 0]    |0.5973367963176143  |0.5351146924099884  |110       
Gen 1 Train time: 7.9976860046386715 minutes:
 Average MSE:        0.5219462367356945
 Average Error:      0.6639968285740601
 Structure           |Error               |MSE                 |weights&biases
 [19, 5, 0, 0, 0]    |0.2786965771026901  |0.23677815614775297 |163       
 [19, 0, 0, 0, 0]    |0.3257588934772386  |0.3016168541926543  |77        
 [16, 0, 0, 0, 0]    |0.3624164472306351  |0.33960866089266184 |65        
 [14, 6, 0, 0, 0]    |0.3292743639218629  |0.28654378053756757 |139       
 [14, 18, 7, 0, 0]   |0.3635664547333747  |0.23112578805227316 |453       
 [18, 3, 0, 0, 0]    |0.28062824075379367 |0.25014251283206695 |115       
 [17, 5, 0, 0, 0]    |0.30035567397669727 |0.25929524442690227 |147       
 [15, 9, 0, 0, 0]    |0.30817834585942605 |0.25256753047661007 |199       
 [14, 9, 0, 0, 0]    |0.34218682842784265 |0.28382472151306093 |187       
 [11, 8, 1, 8, 0]    |0.34650885867984543 |0.2943908730419932  |163       
 [12, 17, 9, 0, 0]   |0.5579148589423867  |0.36329180003797024 |429       
 [20, 0, 0, 0, 0]    |0.29652835299499863 |0.27345657646644755 |81        
 [14, 9, 13, 1, 2]   |3.194455845370006   |2.3011678590859885  |328       
 [8, 4, 1, 0, 0]     |0.3673050491562471  |0.34350191939769115 |67        
 [16, 1, 0, 0, 0]    |0.3139213418995806  |0.29357773254168934 |67        
 [15, 5, 0, 0, 0]    |0.26142420034286834 |0.22932595519672921 |131       
 [16, 18, 0, 0, 0]   |0.4552555670261476  |0.3135186810695691  |373       
 [14, 14, 0, 0, 0]   |0.4580204397762808  |0.3506939169174263  |267       
 [3, 13, 6, 14, 6]   |1.9127935001885508  |1.3614696470074268  |340       
 [13, 3, 0, 0, 0]    |0.35685855653372156 |0.32777896796999517 |85        
 [19, 20, 0, 0, 0]   |0.4545880328073047  |0.28185467082290777 |478       
 [17, 9, 0, 0, 0]    |0.3089277483380029  |0.24717767880436714 |223       
 [7, 3, 3, 15, 5]    |3.4903991320094283  |2.8491368653501317  |203       
 [10, 14, 1, 0, 0]   |0.3973598924570421  |0.3250055958415194  |201       
 [5, 10, 8, 0, 0]    |0.5365975123455249  |0.45180392976895895 |172       
Increasing Epochs
Gen 2 Train time: 9.357697637875875 minutes:
 Average MSE:        0.37948106089965755
 Average Error:      0.4697631048172579
 Structure           |Error               |MSE                 |weights&biases
 [15, 5, 0, 0, 0]    |0.3057346380185565  |0.26819585871688945 |131       
 [19, 5, 0, 0, 0]    |0.28951614148083593 |0.24597036270591005 |163       
 [18, 3, 0, 0, 0]    |0.2781628131166366  |0.24794491410605293 |115       
 [20, 5, 1, 3, 4]    |0.3405767975095189  |0.27939893735503685 |198       
 [6, 2, 2, 6, 8]     |0.6158729342256481  |0.5456843345180337  |121       
 [11, 8, 4, 0, 0]    |0.33759288183764535 |0.2848152367398017  |170       
 [16, 19, 5, 0, 0]   |0.37027847082348697 |0.22981056667479516 |477       
 [17, 2, 0, 0, 0]    |0.29521344130248417 |0.2698047703175775  |90        
 [15, 9, 17, 0, 0]   |0.3920340059024062  |0.2689024261623077  |377       
 [17, 5, 0, 0, 0]    |0.28579657516898466 |0.24672646210959487 |147       
 [15, 8, 0, 0, 0]    |0.2761113667267702  |0.23016680540745632 |182       
 [15, 7, 7, 20, 5]   |1.553353779150035   |0.9573524413305137  |484       
 [19, 4, 0, 0, 0]    |0.2616028089541822  |0.22697215780507207 |142       
 [17, 5, 10, 0, 0]   |0.30183898656349856 |0.24417708447911943 |212       
 [8, 9, 5, 18, 0]    |1.4422890848549126  |1.0878807021953718  |282       
 [4, 2, 1, 4, 0]     |1.2964338083042364  |1.248093604263349   |38        
 [5, 10, 8, 0, 0]    |0.5858765960507112  |0.493295891921553   |172       
 [16, 12, 0, 0, 0]   |0.24002484026025753 |0.1841484855896739  |265       
 [16, 9, 0, 0, 0]    |0.3340307600856863  |0.2704894470580301  |211       
 [19, 6, 0, 0, 0]    |0.29607319052152953 |0.24631388774805602 |184       
 [17, 6, 0, 0, 0]    |0.2698657718984583  |0.22858878582320458 |166       
 [16, 7, 0, 0, 0]    |0.3121768684585235  |0.2620590639492529  |175       
 [15, 7, 0, 0, 0]    |0.3739971006305596  |0.31710978697178616 |165       
 [16, 1, 0, 0, 0]    |0.3202352644416064  |0.299482482604604   |67        
 [15, 7, 1, 10, 0]   |0.36938869414427655 |0.30364202593839396 |196       
Increasing Epochs
Gen 3 Train time: 10.595219620068868 minutes:
 Average MSE:        0.33940901954944436
 Average Error:      0.4131177765829744
 Structure           |Error               |MSE                 |weights&biases
 [16, 12, 0, 0, 0]   |0.3400824725126834  |0.2609132963942311  |265       
 [19, 4, 0, 0, 0]    |0.24921567600449346 |0.21622481795100507 |142       
 [17, 6, 0, 0, 0]    |0.277598785377985   |0.23513900576997354 |166       
 [15, 7, 2, 0, 0]    |0.34309038188072016 |0.2877217641551561  |176       
 [20, 6, 1, 2, 2]    |1.8720337558994264  |1.5235229904691006  |206       
 [18, 6, 0, 0, 0]    |0.3268329474950311  |0.2743622123933976  |175       
 [13, 6, 0, 0, 0]    |0.25197910227894305 |0.2212616983986047  |130       
 [18, 8, 0, 0, 0]    |0.3149159430587501  |0.25399275824940537 |215       
 [18, 6, 17, 0, 0]   |0.30992732993035954 |0.22845467925445395 |305       
 [15, 7, 1, 5, 0]    |0.36325799259791597 |0.3031153133525545  |181       
 [17, 7, 20, 0, 0]   |0.28982871265141447 |0.20261144937840703 |358       
 [18, 4, 0, 0, 0]    |0.30477782834495637 |0.2662892381547128  |135       
 [18, 3, 0, 0, 0]    |0.36811011844421776 |0.32812089681070933 |115       
 [18, 5, 1, 2, 2]    |1.1376644972015306  |0.9617290452939082  |168       
 [16, 7, 1, 0, 0]    |0.33410620408621644 |0.2799074236671458  |177       
 [15, 5, 0, 0, 0]    |0.2873004291047046  |0.25202504300082074 |131       
 [17, 3, 5, 0, 0]    |0.304586973894442   |0.2671891073481853  |131       
 [16, 10, 14, 0, 0]  |0.3302008680137384  |0.22423646900517546 |387       
 [16, 5, 5, 0, 0]    |0.32165723769513355 |0.2716424010720982  |169       
 [16, 7, 0, 0, 0]    |0.30965700374587957 |0.25994374582483537 |175       
 [18, 4, 3, 0, 0]    |0.29799617502974435 |0.2567443007636519  |149       
 [16, 10, 0, 0, 0]   |0.3144532285408518  |0.2500936251113378  |229       
 [14, 14, 5, 0, 0]   |0.3968408919403705  |0.2844437231650201  |333       
 [11, 6, 4, 0, 0]    |0.3777600777387028  |0.3290663095119751  |138       
 [17, 7, 1, 8, 0]    |0.3040697811061478  |0.24647417424024667 |210       
Result:  [19, 4]
Fold 0
Fold 0 Train time: 18.465180452664693 minutes, MSE: 0.016883472534567418
Fold 1
Fold 1 Train time: 18.472249321142833 minutes, MSE: 0.12163494714063493
Fold 2
Fold 2 Train time: 18.4842582821846 minutes, MSE: 0.01679395398046189
Fold 3
Fold 3 Train time: 18.45386330684026 minutes, MSE: 0.015632607823112626
Fold 4
Fold 4 Train time: 18.47637644211451 minutes, MSE: 0.013719085465370129
Total Time: 128.48852622509003 minutes
CellsPerSensor: 4
 Resulting Network Architecture: [19, 4]
 MSE after 5-Fold CV: 0.036932813388829394
 Weights and Biases: 142
 Objective Function Value: 0.04256789827673961
~/workspace/SolarCellResearch
