/tmp/tmp.AOcQL2ikej ~/workspace/SolarCellResearch
Using TensorFlow backend.
Genetically searching for best layer structure...
  Training on:     datasets/N3dataset10k1.mat
  Evaluating with: datasets/N3dataset100k1.mat
Gen 0 Train time: 8.560354657967885 minutes:
 Average MSE:        1.0168479527380492
 Average Error:      1.363547498507306
 Structure           |Error               |MSE                 |weights&biases
 [17, 8, 11, 0, 0]   |0.3876184786810594  |0.2854370611546618  |306       
 [17, 8, 12, 15, 0]  |0.6055038908867497  |0.3621509047381185  |514       
 [7, 18, 2, 4, 0]    |0.5577623623323135  |0.4476147805676406  |220       
 [8, 3, 7, 13, 0]    |0.48114615200973954 |0.3951127132848264  |197       
 [16, 16, 2, 11, 0]  |0.4841008102510054  |0.32482714219609354 |399       
 [4, 0, 0, 0, 0]     |1.5916203138064653  |1.5647914598554595  |17        
 [17, 16, 0, 0, 0]   |0.3898996541440436  |0.2731140323670969  |356       
 [14, 13, 14, 11, 4] |2.1439981412370948  |1.1181464692873673  |651       
 [17, 8, 0, 0, 0]    |0.44999575080869364 |0.3669546019786634  |204       
 [20, 10, 8, 0, 0]   |0.4480621186167929  |0.31042175735673844 |367       
 [3, 12, 5, 7, 0]    |1.4569566085051673  |1.2267271205715624  |172       
 [12, 13, 17, 13, 3] |4.953558114042708   |2.4039329596360672  |723       
 [2, 3, 10, 20, 1]   |4.98890303030461    |3.703269403266843   |298       
 [6, 10, 3, 12, 0]   |1.3753806469217307  |1.146519150855816   |182       
 [10, 2, 15, 5, 0]   |0.8208200812593646  |0.6835528252623302  |183       
 [16, 2, 8, 16, 0]   |0.44554129043888047 |0.34113896831498386 |267       
 [8, 10, 2, 7, 5]    |2.2554812170280782  |1.8411002414041744  |203       
 [1, 1, 0, 0, 0]     |2.0479260474580996  |2.0336406224455414  |7         
 [15, 19, 11, 13, 17]|1.0346973121522864  |0.3879452459192483  |981       
 [20, 2, 5, 8, 5]    |1.3515244452847057  |1.0889709569108597  |216       
 [2, 9, 0, 0, 0]     |1.1082979376658397  |1.0616512180779079  |43        
 [16, 20, 1, 8, 0]   |0.6585353576668658  |0.4266731289027911  |434       
 [3, 0, 0, 0, 0]     |2.6435819579221738  |2.609437810290847   |13        
 [7, 12, 19, 3, 0]   |0.8723838040036217  |0.5686297215351004  |428       
 [7, 17, 0, 0, 0]    |0.5353919392545657  |0.4494385222704862  |175       
Gen 1 Train time: 8.74726646343867 minutes:
 Average MSE:        0.6216582460068731
 Average Error:      0.87076504609001
 Structure           |Error               |MSE                 |weights&biases
 [17, 8, 11, 0, 0]   |0.5131866867661753  |0.37790380941762036 |306       
 [17, 16, 0, 0, 0]   |0.5216576596505209  |0.3654069077211899  |356       
 [16, 2, 8, 16, 0]   |0.5385664319735194  |0.412365814157312   |267       
 [17, 5, 7, 8, 16]   |0.5988342024141288  |0.39821209652185463 |408       
 [17, 9, 4, 8, 0]    |0.37388800982068177 |0.27642963766622114 |302       
 [15, 8, 4, 16, 20]  |0.7320228780422586  |0.3821494519744054  |650       
 [12, 13, 14, 9, 3]  |2.9754689827905785  |1.682703401829507   |570       
 [17, 16, 1, 6, 0]   |0.5900850255342736  |0.4055591116248033  |375       
 [17, 8, 0, 0, 0]    |0.40722057211561985 |0.3320730533336493  |204       
 [9, 9, 0, 0, 0]     |0.47730056163385154 |0.42037467658046773 |127       
 [16, 11, 10, 12, 0] |0.6806704914733301  |0.41284752224024135 |500       
 [12, 13, 7, 2, 0]   |0.45546519483731474 |0.3300748024568586  |322       
 [19, 9, 10, 0, 0]   |0.3964055509843276  |0.2799015140751776  |348       
 [13, 6, 9, 7, 0]    |0.5608677464011499  |0.4307315884829709  |264       
 [17, 8, 6, 0, 0]    |0.3965057388909011  |0.3069517333424273  |256       
 [17, 5, 10, 8, 0]   |0.44187427755501624 |0.32800386822916844 |298       
 [17, 2, 6, 0, 0]    |0.412813064550667   |0.36907314978264816 |112       
 [17, 12, 15, 8, 0]  |0.5730741352777009  |0.3148244208460177  |599       
 [17, 8, 6, 13, 17]  |0.6426483022504477  |0.35410646296463294 |596       
 [17, 12, 0, 0, 0]   |0.37822722332530573 |0.28585798596520984 |280       
 [12, 6, 5, 12, 3]   |3.9247263682641216  |3.0140860012198067  |264       
 [17, 5, 10, 8, 10]  |0.4816300501654609  |0.3260909364294212  |390       
 [12, 10, 5, 12, 0]  |0.45992651212472474 |0.3386837294617611  |306       
 [18, 6, 1, 8, 0]    |0.4141392786064395  |0.3390685634526224  |200       
 [8, 14, 2, 6, 3]    |3.821921206801738   |3.0579759103958333  |223       
Gen 2 Train time: 8.788738652070363 minutes:
 Average MSE:        0.4115992316176932
 Average Error:      0.5672128887225649
 Structure           |Error               |MSE                 |weights&biases
 [17, 9, 4, 8, 0]    |0.4385787875193009  |0.3242579920661171  |302       
 [17, 12, 0, 0, 0]   |0.475380242280781   |0.35928465812509797 |280       
 [19, 9, 10, 0, 0]   |0.417424673279533   |0.2947430927068348  |348       
 [17, 7, 5, 4, 0]    |0.45881175875122776 |0.3587551112247313  |246       
 [17, 9, 13, 4, 0]   |0.5586202811622379  |0.3729595467395644  |404       
 [16, 6, 5, 13, 0]   |0.4539481710952257  |0.34411745255382636 |277       
 [18, 7, 4, 4, 0]    |0.4895575551274623  |0.38356229070232634 |244       
 [18, 7, 10, 4, 0]   |0.5296212851786094  |0.3861254029693873  |316       
 [17, 9, 5, 4, 0]    |0.39223701189446436 |0.2929102591269934  |292       
 [17, 14, 5, 6, 0]   |0.39296693928818044 |0.2579396091298204  |421       
 [18, 4, 4, 4, 0]    |0.4435485311833477  |0.37233992855373094 |175       
 [3, 9, 8, 6, 14]    |1.6484281560899898  |1.2309942807805823  |292       
 [17, 12, 4, 3, 0]   |0.48449445479075165 |0.34553916216961145 |338       
 [16, 8, 10, 4, 0]   |0.43087699714400657 |0.31194368038081965 |323       
 [17, 13, 2, 4, 0]   |0.5906735709876438  |0.42464924889400474 |330       
 [15, 9, 8, 6, 0]    |0.44162085080945773 |0.317491710825319   |330       
 [15, 9, 3, 6, 0]    |0.44748854311477276 |0.3485044277932672  |250       
 [17, 12, 6, 3, 0]   |0.5841448738895344  |0.4034889184613295  |370       
 [17, 8, 6, 7, 9]    |0.5629409560739809  |0.3849735955241035  |380       
 [17, 16, 0, 0, 0]   |0.43909763496020565 |0.30757587089967764 |356       
 [17, 14, 8, 7, 0]   |0.5861281214681714  |0.3576441161489179  |494       
 [17, 10, 6, 0, 0]   |0.40470074010337487 |0.2986128387458717  |304       
 [17, 9, 5, 4, 5]    |0.6292917279328843  |0.4578744159702056  |318       
 [16, 11, 9, 1, 0]   |1.4876859183506228  |1.0431258577828133  |355       
 [18, 6, 8, 0, 0]    |0.39205443558835834 |0.31056732216737604 |233       
Increasing Epochs
Gen 3 Train time: 10.386494386196137 minutes:
 Average MSE:        0.5655151824979834
 Average Error:      0.7797011379682941
 Structure           |Error               |MSE                 |weights&biases
 [18, 6, 8, 0, 0]    |0.4007099119263105  |0.31742378867904    |233       
 [17, 9, 5, 4, 0]    |0.4218014068806274  |0.3149880190877484  |292       
 [17, 14, 5, 6, 0]   |0.5392926314711106  |0.3539863450605411  |421       
 [18, 7, 7, 2, 0]    |0.3996701871745071  |0.30755061487805335 |262       
 [18, 9, 3, 2, 0]    |1.0233894902000868  |0.7843657479626673  |266       
 [18, 11, 6, 6, 0]   |0.4116418236697566  |0.2803821828429728  |384       
 [9, 16, 2, 2, 9]    |0.45512115079230986 |0.3495210011466037  |264       
 [3, 8, 6, 20, 4]    |3.529898224022643   |2.552999746100552   |324       
 [17, 11, 3, 2, 0]   |0.4363392445949057  |0.32454364448151296 |296       
 [17, 7, 15, 10, 5]  |1.682666316174773   |1.0023824618378083  |518       
 [17, 15, 3, 3, 0]   |0.4755668609246172  |0.3235997730739744  |385       
 [17, 11, 6, 7, 5]   |0.4434218589222282  |0.2925166518325061  |416       
 [16, 3, 15, 16, 14] |0.6473377770726617  |0.3319114527783321  |668       
 [15, 11, 14, 5, 7]  |0.5353080230659717  |0.32016686892466933 |514       
 [17, 12, 4, 2, 14]  |0.5136747112593997  |0.34918092850148924 |386       
 [18, 9, 7, 2, 0]    |0.45546138927677665 |0.3327232114586124  |314       
 [18, 11, 5, 5, 0]   |0.48299414467997553 |0.337310722497486   |359       
 [16, 9, 6, 1, 0]    |0.5098485646288545  |0.3892079394547454  |270       
 [5, 10, 10, 4, 0]   |2.2214014875152808  |1.7579323149932438  |234       
 [7, 10, 6, 2, 0]    |0.453937513489034   |0.37764687017158016 |184       
 [2, 13, 5, 5, 0]    |1.6770609923225994  |1.4420170347597105  |151       
 [18, 7, 5, 4, 0]    |0.36131974728252403 |0.27971278052481074 |256       
 [17, 12, 2, 17, 0]  |0.4383734638261967  |0.3052317133919032  |362       
 [17, 12, 5, 5, 0]   |0.4762762217027281  |0.32963895627024914 |368       
 [16, 11, 2, 3, 0]   |0.5000153063314718  |0.38093879173877226 |272       
Gen 4 Train time: 10.41918303569158 minutes:
 Average MSE:        0.5203036255677884
 Average Error:      0.7319128096985393
 Structure           |Error               |MSE                 |weights&biases
 [18, 7, 5, 4, 0]    |0.43814826203120116 |0.33918895819173595 |256       
 [18, 7, 7, 2, 0]    |0.43804559857255165 |0.337080916988162   |262       
 [18, 6, 8, 0, 0]    |0.344100707747524   |0.2725806052944467  |233       
 [14, 12, 4, 3, 5]   |0.518958763964761   |0.3787303321459041  |315       
 [18, 8, 6, 1, 18]   |0.4709514934651361  |0.3412976950473492  |322       
 [12, 11, 5, 2, 0]   |0.4608003401281644  |0.35743904621764494 |254       
 [13, 7, 6, 4, 0]    |0.5275395629964633  |0.424207984091115   |218       
 [18, 13, 5, 5, 0]   |0.6259891449035746  |0.4166860374968816  |407       
 [13, 14, 4, 4, 5]   |0.49765131870306073 |0.3520945222074328  |346       
 [18, 8, 6, 4, 0]    |0.7179394827384142  |0.5355987498035677  |293       
 [2, 5, 8, 10, 11]   |1.0967380303466536  |0.8190094532682739  |292       
 [17, 11, 10, 3, 4]  |0.5323577206983603  |0.3487361680015986  |423       
 [18, 8, 3, 2, 0]    |0.4721800451415284  |0.36994722651406775 |244       
 [17, 12, 4, 11, 0]  |0.563900144450868   |0.38332269762457555 |386       
 [17, 10, 10, 6, 10] |0.6245197234039079  |0.38336322648339427 |488       
 [10, 12, 6, 6, 0]   |0.5560598622286635  |0.41649562374379573 |289       
 [17, 8, 7, 1, 0]    |1.2857880956157572  |0.983509319185926   |268       
 [18, 11, 6, 2, 7]   |0.4523885640719088  |0.3099904422545082  |378       
 [16, 11, 8, 4, 4]   |0.8676234301753968  |0.5862567211381455  |392       
 [12, 11, 4, 3, 0]   |0.4386700618874066  |0.34300587079919775 |246       
 [18, 9, 6, 1, 0]    |0.4800157558374883  |0.35774445834806157 |294       
 [12, 11, 5, 12, 2]  |4.212043850969697   |2.9980078112949666  |340       
 [18, 10, 4, 11, 0]  |0.4052465607656949  |0.28414812636051423 |355       
 [17, 10, 6, 4, 0]   |0.416758931593651   |0.2996178870424083  |330       
 [17, 19, 11, 11, 7] |0.853404790025648   |0.369530759651033   |837       
Gen 5 Train time: 10.597463663419088 minutes:
 Average MSE:        0.4406178127959079
 Average Error:      0.6388869922218804
 Structure           |Error               |MSE                 |weights&biases
 [18, 6, 8, 0, 0]    |0.2866731170563737  |0.2270891341095604  |233       
 [18, 10, 4, 11, 0]  |0.5651520883479821  |0.39626963572346996 |355       
 [17, 10, 6, 4, 0]   |0.5867927108496146  |0.42185920643464564 |330       
 [17, 10, 8, 5, 5]   |0.6271104505054356  |0.4203647060522341  |400       
 [16, 9, 7, 4, 5]    |0.4591664739222527  |0.32878789032395994 |334       
 [14, 11, 5, 9, 0]   |0.4665727376521055  |0.3350949519151521  |331       
 [13, 9, 6, 3, 0]    |0.42404436540504264 |0.3302460838344642  |250       
 [15, 10, 4, 2, 0]   |0.4272575613866981  |0.3287794034494805  |262       
 [18, 11, 8, 3, 6]   |0.5420625881213359  |0.3572305854910137  |417       
 [18, 9, 5, 6, 9]    |0.6214315169594421  |0.42327653604093574 |384       
 [18, 9, 5, 8, 0]    |0.34917164050414917 |0.2505262255620161  |332       
 [18, 12, 5, 7, 4]   |0.4088131178181904  |0.2670025281203653  |426       
 [18, 12, 6, 4, 4]   |0.5846210072030804  |0.38682167021510616 |413       
 [18, 9, 8, 5, 5]    |0.5169170997830705  |0.35138500865268485 |386       
 [18, 9, 6, 1, 9]    |1.3910979341293042  |1.0101444253431948  |320       
 [15, 13, 6, 4, 5]   |0.5052430467454462  |0.3400319535354912  |396       
 [17, 11, 5, 8, 0]   |0.5585138326274853  |0.38733090744155774 |366       
 [13, 9, 5, 4, 0]    |0.452553408441789   |0.3545699993576522  |244       
 [15, 9, 6, 2, 15]   |0.6080240243132741  |0.43975352295734266 |324       
 [16, 10, 6, 2, 3]   |1.4762275786561658  |1.0816524308223592  |311       
 [16, 7, 5, 2, 0]    |1.2516544391553088  |1.0024692711571677  |222       
 [18, 6, 5, 6, 12]   |0.42691086609404616 |0.3050803690347502  |336       
 [14, 2, 18, 17, 15] |0.9532419814378866  |0.45708473382351134 |735       
 [18, 18, 8, 18, 5]  |0.9321903676193388  |0.41427791916360485 |811       
 [17, 10, 6, 2, 3]   |0.5507308508121945  |0.3983162213359765  |324       
Gen 6 Train time: 10.598116679986317 minutes:
 Average MSE:        0.6280761679810354
 Average Error:      0.9560125368948248
 Structure           |Error               |MSE                 |weights&biases
 [18, 6, 8, 0, 0]    |0.28439324600000504 |0.2252831261050833  |233       
 [18, 9, 5, 8, 0]    |0.5124432319938488  |0.36767152263814495 |332       
 [18, 12, 5, 7, 4]   |0.5522778846097002  |0.3607017118304319  |426       
 [16, 7, 12, 12, 10] |0.6046319888557022  |0.34537127232731274 |560       
 [18, 8, 7, 4, 0]    |0.3983015980857303  |0.2933039673383132  |306       
 [18, 10, 7, 6, 3]   |0.629938886134298   |0.4248018430482512  |394       
 [18, 6, 8, 8, 0]    |0.3461235015331972  |0.25513572340639606 |305       
 [17, 11, 6, 6, 5]   |1.4598338834798745  |0.9746495103345287  |404       
 [18, 6, 7, 3, 6]    |0.38574759647422985 |0.2938834500790552  |272       
 [16, 10, 5, 3, 0]   |0.4172318459382623  |0.3106422885977462  |295       
 [17, 13, 6, 6, 5]   |0.551860398230478   |0.35117866552011173 |452       
 [17, 11, 6, 5, 7]   |0.5119337384029728  |0.3411066549457328  |406       
 [5, 7, 7, 6, 12]    |1.1134940521861731  |0.8602801956984603  |258       
 [17, 8, 5, 4, 6]    |0.429732375306632   |0.3180353791940845  |301       
 [18, 9, 7, 4, 2]    |3.271359385439765   |2.328456525646954   |340       
 [18, 10, 7, 7, 3]   |0.4617518939205084  |0.30797780561496124 |405       
 [17, 8, 7, 1, 8]    |0.4962688717726698  |0.37096876216242036 |291       
 [16, 10, 5, 9, 0]   |0.38830664728473985 |0.27721554808956334 |337       
 [7, 15, 20, 8, 1]   |7.022591662244921   |3.702959380649626   |640       
 [13, 9, 6, 3, 0]    |0.5178983446034757  |0.4033396363285712  |250       
 [14, 10, 5, 3, 0]   |0.47266825607482216 |0.3611862600385712  |269       
 [18, 6, 7, 3, 13]   |0.47629428222205833 |0.3503861749253461  |307       
 [16, 11, 1, 5, 0]   |0.5040366980187835  |0.387474127549412   |263       
 [16, 11, 6, 4, 2]   |1.5116984157715323  |1.0674085525513441  |348       
 [16, 8, 6, 5, 6]    |0.5794947377862351  |0.42248611490546384 |316       
Gen 7 Train time: 10.65080535809199 minutes:
 Average MSE:        0.7859855426560526
 Average Error:      1.174604608043798
 Structure           |Error               |MSE                 |weights&biases
 [18, 6, 8, 0, 0]    |0.4390978942153948  |0.3478329660297262  |233       
 [18, 6, 8, 8, 0]    |0.49450734850051997 |0.3645129253881599  |305       
 [18, 6, 7, 3, 6]    |0.5298640157124447  |0.4036791581686986  |272       
 [17, 10, 7, 3, 8]   |0.46316577670842596 |0.3189661674622598  |373       
 [17, 9, 5, 7, 0]    |0.43304560940368025 |0.31666456401477944 |313       
 [4, 19, 18, 16, 16] |3.9109007003130656  |1.3549542712473521  |1060      
 [17, 9, 6, 7, 3]    |0.5125885752450494  |0.36121506390107083 |350       
 [18, 9, 6, 6, 1]    |4.008848047691436   |2.864815442585892   |336       
 [18, 8, 7, 3, 4]    |0.5392663050528939  |0.393944297086364   |314       
 [18, 8, 7, 8, 0]    |0.3711040743015742  |0.26361311294038436 |342       
 [18, 6, 15, 6, 3]   |2.4738652489930755  |1.668261065250757   |394       
 [15, 7, 8, 2, 0]    |0.4618359530303865  |0.36256716794204147 |242       
 [18, 13, 6, 7, 5]   |0.5392621430492336  |0.3336864579486531  |480       
 [9, 9, 3, 14, 3]    |0.5393547241551161  |0.4192106213021919  |252       
 [18, 7, 8, 2, 0]    |0.4662172450942078  |0.35518959476858736 |272       
 [18, 9, 7, 3, 4]    |0.49616490684770354 |0.35315545589047015 |340       
 [15, 5, 5, 16, 0]   |0.4614613223391498  |0.35297535613523257 |268       
 [17, 9, 5, 7, 3]    |3.201157162902329   |2.2944940411764088  |333       
 [18, 11, 7, 5, 3]   |1.518955403521671   |1.009063692822182   |409       
 [18, 7, 7, 2, 1]    |3.046280180877446   |2.339462573294523   |264       
 [17, 8, 5, 4, 6]    |0.459506480536206   |0.34007053267791376 |301       
 [16, 8, 7, 3, 3]    |1.3817091100668406  |1.0369888929461912  |287       
 [11, 18, 2, 14, 5]  |1.5255396115804467  |1.0124247448182269  |410       
 [18, 7, 14, 2, 3]   |0.47626072288254795 |0.3383109494731129  |342       
 [18, 8, 8, 4, 2]    |0.6151566380741079  |0.4435794511301415  |327       
Increasing Epochs
Gen 8 Train time: 12.1204043785731 minutes:
 Average MSE:        0.82902464127095
 Average Error:      1.2633455867757726
 Structure           |Error               |MSE                 |weights&biases
 [18, 8, 7, 8, 0]    |0.4596584657613743  |0.32651756593296705 |342       
 [17, 9, 5, 7, 0]    |0.40094875959713355 |0.2931937454000056  |313       
 [18, 6, 8, 0, 0]    |0.2847301923103884  |0.22555003932893927 |233       
 [18, 8, 11, 3, 4]   |0.44961144674714437 |0.313056522749866   |362       
 [10, 12, 20, 4, 14] |0.7154102767751803  |0.3961750629793913  |591       
 [10, 9, 1, 19, 11]  |0.6156182925270031  |0.4089639934035899  |409       
 [3, 10, 16, 4, 10]  |1.8654720706920775  |1.3093281487194013  |354       
 [18, 20, 7, 3, 6]   |0.7327594547589394  |0.38792711833043353 |636       
 [18, 9, 6, 8, 0]    |0.47504006650950753 |0.33475507700843543 |350       
 [12, 8, 6, 8, 2]    |3.0536241623471154  |2.32874416002701    |271       
 [18, 9, 6, 5, 18]   |0.6839797622395681  |0.4374350903235625  |447       
 [17, 6, 10, 9, 2]   |3.3388712528180515  |2.3505111181994716  |351       
 [11, 1, 7, 4, 7]    |0.44818377438593515 |0.39197707619436106 |134       
 [18, 9, 6, 5, 2]    |1.4204584642535096  |1.0161080395624018  |335       
 [18, 7, 11, 5, 2]   |2.3800704847952314  |1.6772073233262437  |350       
 [18, 10, 10, 5, 4]  |0.555645354972463   |0.35857227368862404 |438       
 [18, 9, 17, 3, 4]   |0.5271544261144416  |0.3294727120567914  |470       
 [6, 10, 15, 19, 3]  |5.6985184204701405  |3.0624223327682367  |621       
 [18, 6, 8, 19, 0]   |0.47374544235693694 |0.312833198388686   |415       
 [14, 8, 9, 8, 3]    |1.4986108201160038  |1.0518374204473604  |354       
 [18, 7, 8, 5, 14]   |0.5030849752651875  |0.3389183058821671  |395       
 [18, 10, 7, 4, 3]   |0.7068403439340296  |0.4872633898782038  |372       
 [18, 9, 7, 6, 1]    |1.5059198274024803  |1.0590834799022066  |352       
 [15, 6, 7, 9, 0]    |0.3810503641061155  |0.29030484358407815 |272       
 [3, 9, 14, 15, 15]  |2.4086327681383537  |1.2374579936913186  |666       
Result:  [18, 6, 8]
Fold 0
Fold 0 Train time: 19.21629829009374 minutes, MSE: 0.019583942909034313
Fold 1
Fold 1 Train time: 19.38537380297979 minutes, MSE: 0.5648099458015737
Fold 2
Fold 2 Train time: 19.350766774018606 minutes, MSE: 0.11642163700383262
Fold 3
Fold 3 Train time: 19.23007510105769 minutes, MSE: 0.019966576138533806
Fold 4
Fold 4 Train time: 17.932608723640442 minutes, MSE: 0.021973939142796717
Total Time: 185.98927025794984 minutes
CellsPerSensor: 3
 Resulting Network Architecture: [18, 6, 8]
 MSE after 5-Fold CV: 0.14855120819915424
 Weights and Biases: 233
 Objective Function Value: 0.18752829396230034
~/workspace/SolarCellResearch
