/tmp/tmp.U9p1pySMpF ~/workspace/SolarCellResearch
Using TensorFlow backend.
Genetically searching for best layer structure...
  Training on:     datasets/N7dataset10k1.mat
  Evaluating with: datasets/N7dataset100k1.mat
Gen 0 Train time: 8.31336752573649 minutes:
 Average MSE:        0.8263146292036931
 Average Error:      1.1529015868526482
 Structure           |Error               |MSE                 |weights&biases
 [15, 17, 11, 7, 0]  |0.42561277611303894 |0.23195188470386174 |607       
 [7, 18, 0, 0, 0]    |1.2198549348666383  |1.0148409957902091  |184       
 [16, 0, 0, 0, 0]    |0.3190562579927523  |0.2989772383519548  |65        
 [11, 2, 0, 0, 0]    |0.26202245919154793 |0.24676345906912597 |60        
 [7, 3, 10, 8, 0]    |0.5720178697180847  |0.4768348629387488  |182       
 [3, 15, 14, 13, 0]  |3.0991612878414423  |1.8759806247570026  |502       
 [19, 18, 10, 0, 0]  |0.2941179421069144  |0.15853586582439974 |618       
 [10, 4, 4, 0, 0]    |0.4265804727049844  |0.38637215253777796 |99        
 [10, 0, 0, 0, 0]    |0.5361410996797424  |0.5146038452348634  |41        
 [14, 11, 20, 0, 0]  |0.35068794075467696 |0.21961955860182866 |468       
 [1, 10, 4, 11, 0]   |3.4064114246146437  |2.979213587919256   |134       
 [13, 11, 20, 12, 0] |0.5002456478771821  |0.248911963456123   |698       
 [8, 17, 20, 13, 1]  |6.58647530782915    |2.8835389756712124  |826       
 [4, 0, 0, 0, 0]     |2.4814772053416627  |2.439648642997141   |17        
 [18, 10, 15, 15, 0] |0.3465364755047147  |0.1782145357368325  |665       
 [4, 19, 0, 0, 0]    |0.6270666137851941  |0.552278681722097   |127       
 [12, 5, 13, 17, 0]  |0.34210042522208683 |0.22142951783862813 |435       
 [13, 7, 1, 8, 17]   |0.31937042480650546 |0.2291442310933059  |332       
 [5, 1, 6, 11, 4]    |3.357808301497879   |2.85276434533796    |163       
 [13, 14, 16, 0, 0]  |0.5430977747827764  |0.3320512643805062  |492       
 [14, 0, 0, 0, 0]    |0.3672085503934809  |0.34686301892236016 |57        
 [12, 0, 0, 0, 0]    |0.3563179571490389  |0.3392792349700353  |49        
 [6, 7, 12, 0, 0]    |0.5282062883308929  |0.4429632923060144  |176       
 [20, 7, 12, 1, 0]   |1.2937902341595389  |0.941365381998053   |318       
 [15, 0, 0, 0, 0]    |0.26117399905164707 |0.2457185679330271  |61        
Gen 1 Train time: 8.744357204437256 minutes:
 Average MSE:        0.5403092940273005
 Average Error:      0.732939492179728
 Structure           |Error               |MSE                 |weights&biases
 [15, 0, 0, 0, 0]    |0.49877234433567386 |0.4692566129085642  |61        
 [11, 2, 0, 0, 0]    |0.2565555276066416  |0.24161489679492965 |60        
 [19, 18, 10, 0, 0]  |0.32012174121996756 |0.17255247010763342 |618       
 [14, 3, 7, 9, 0]    |0.2463392194160758  |0.2022914596020331  |197       
 [10, 8, 5, 17, 4]   |3.0917298011872467  |2.196204713719222   |342       
 [1, 8, 17, 4, 17]   |3.52394284614016    |2.4907415801276436  |347       
 [3, 5, 7, 10, 13]   |2.3203276700840525  |1.705244347545063   |308       
 [12, 17, 7, 9, 0]   |0.34880710194447495 |0.21909798567078656 |465       
 [12, 7, 10, 6, 0]   |0.26436639160428593 |0.19980382056183674 |280       
 [17, 5, 8, 8, 9]    |0.2907177011028593  |0.20445598029230033 |352       
 [12, 2, 2, 0, 0]    |0.31202140402183315 |0.29063604737448456 |71        
 [9, 10, 0, 0, 0]    |0.4506890549387212  |0.39259464614127026 |138       
 [15, 11, 7, 0, 0]   |0.23325782345789134 |0.17056976300959076 |313       
 [14, 0, 0, 0, 0]    |0.24180263127891205 |0.22840533146328051 |57        
 [14, 11, 6, 6, 0]   |0.25231537375401736 |0.18175866455551565 |328       
 [16, 12, 12, 9, 0]  |0.32225176067140765 |0.1887329599203333  |535       
 [17, 5, 8, 8, 0]    |0.26960970657259803 |0.20581452147169726 |270       
 [13, 7, 12, 1, 0]   |1.9472753465300772  |1.5195756789649255  |248       
 [13, 6, 7, 13, 9]   |0.32682548811787077 |0.21646445481305024 |412       
 [17, 9, 5, 0, 0]    |0.24094021462455945 |0.18411284001978664 |269       
 [16, 12, 12, 9, 8]  |0.4235247232231251  |0.22920387486009464 |614       
 [13, 7, 13, 12, 0]  |0.38039220406194335 |0.2494361165233125  |422       
 [9, 2, 5, 4, 0]     |0.9690497295979955  |0.8847595658651143  |91        
 [13, 14, 10, 11, 14]|0.5299865778590793  |0.26609454592331633 |689       
 [15, 6, 8, 8, 0]    |0.26186492114172744 |0.1983094724467323  |278       
Gen 2 Train time: 8.886202085018159 minutes:
 Average MSE:        0.5073100241543982
 Average Error:      0.6706192502602761
 Structure           |Error               |MSE                 |weights&biases
 [15, 11, 7, 0, 0]   |0.2873129163152511  |0.21009754493543786 |313       
 [17, 9, 5, 0, 0]    |0.2442582423095     |0.18664828849728798 |269       
 [14, 0, 0, 0, 0]    |0.6171375630110953  |0.5829444820035897  |57        
 [16, 8, 2, 4, 0]    |0.2707682813829927  |0.21751404102209032 |219       
 [15, 9, 10, 11, 5]  |0.4190581515345472  |0.26034552648653725 |476       
 [12, 10, 5, 5, 0]   |0.2490925050782036  |0.19264022571469136 |257       
 [15, 8, 9, 6, 0]    |0.2645609801387387  |0.191918686297382   |321       
 [17, 5, 8, 8, 0]    |0.27017941204103874 |0.20624942294411647 |270       
 [14, 3, 1, 7, 16]   |0.2800140619033937  |0.21807517068136786 |250       
 [15, 11, 8, 9, 0]   |0.3543697689209296  |0.2356484116255934  |408       
 [14, 6, 3, 3, 0]    |0.24621471063135159 |0.20793051527279247 |169       
 [12, 8, 16, 16, 11] |0.5972950995155968  |0.2807350368988635  |755       
 [15, 6, 9, 7, 15]   |0.35965511997865085 |0.23868521033663956 |410       
 [15, 9, 7, 18, 0]   |0.29752098709055863 |0.19509463866921603 |422       
 [14, 12, 8, 9, 0]   |0.3046868920271945  |0.20079503587867667 |417       
 [13, 1, 0, 0, 0]    |0.31818268049955134 |0.30115518142885395 |55        
 [12, 5, 5, 3, 0]    |0.30570144622627954 |0.262331497007498   |153       
 [14, 12, 8, 9, 3]   |0.3629394929000728  |0.2335126226591941  |441       
 [1, 2, 17, 11, 1]   |4.608613562975346   |3.5181210912980836  |270       
 [14, 10, 11, 8, 0]  |0.2968891481539299  |0.19546060117376998 |418       
 [10, 3, 18, 4, 2]   |4.384001155741967   |3.5041984728773428  |224       
 [20, 1, 8, 4, 12]   |0.3293705166586358  |0.26805262080919257 |206       
 [16, 8, 8, 4, 0]    |0.2733173575494696  |0.20308682600172082 |297       
 [14, 9, 9, 3, 0]    |0.4855105140565153  |0.359315539888055   |301       
 [17, 9, 10, 9, 5]   |0.3388306898660918  |0.21219391345196054 |468       
Increasing Epochs
Gen 3 Train time: 10.293712504704793 minutes:
 Average MSE:        0.552699338372811
 Average Error:      0.7377042517832413
 Structure           |Error               |MSE                 |weights&biases
 [17, 9, 5, 0, 0]    |0.2246853696619903  |0.17169180987003232 |269       
 [14, 6, 3, 3, 0]    |0.2406324950478106  |0.20321628451187185 |169       
 [12, 10, 5, 5, 0]   |0.29631081816696364 |0.22915736816516344 |257       
 [8, 4, 9, 13, 3]    |4.62064289154154    |3.488716311249064   |281       
 [14, 11, 6, 3, 0]   |0.2502484014064444  |0.18464850228963442 |304       
 [14, 5, 5, 6, 3]    |1.860089778115304   |1.5107780067011993  |208       
 [15, 13, 9, 8, 0]   |0.4089906662020837  |0.2561318458521062  |468       
 [14, 6, 6, 4, 0]    |0.2557165200769319  |0.20790255564898685 |207       
 [15, 8, 7, 7, 0]    |0.28796169628447893 |0.21332727146595692 |300       
 [13, 6, 3, 3, 0]    |0.27080633382432906 |0.23076593538111245 |160       
 [14, 8, 7, 6, 8]    |0.47365569782658273 |0.33780901177609146 |338       
 [14, 8, 7, 6, 7]    |0.28082308038041986 |0.20189037738094534 |330       
 [16, 10, 6, 0, 0]   |0.27198521628003536 |0.20331321335846778 |291       
 [16, 9, 5, 11, 0]   |0.2529476074624502  |0.1820319793132327  |329       
 [13, 6, 8, 7, 0]    |0.257526927236013   |0.20056217259337966 |250       
 [13, 8, 4, 4, 0]    |0.2540437487619354  |0.20551242438585896 |212       
 [16, 8, 10, 8, 0]   |0.2976327885193431  |0.20537970252702098 |371       
 [16, 8, 8, 4, 0]    |0.23751346470692214 |0.1764829578058174  |297       
 [13, 8, 8, 6, 0]    |0.2564667444222075  |0.19305961067742672 |284       
 [15, 2, 9, 6, 3]    |1.1058099870507463  |0.9153745862488858  |189       
 [17, 9, 17, 11, 18] |0.3848953549880532  |0.17019953637190655 |816       
 [16, 8, 9, 5, 0]    |0.24381694960683006 |0.1768704842302861  |321       
 [14, 10, 6, 15, 0]  |0.2560368093331796  |0.1752688745101005  |379       
 [4, 11, 7, 16, 2]   |4.810440802582554   |3.50709732659474    |316       
 [15, 1, 7, 18, 0]   |0.34292614509588676 |0.27029531041099075 |238       
Gen 4 Train time: 10.286684799194337 minutes:
 Average MSE:        0.3283183229985484
 Average Error:      0.4683368669755535
 Structure           |Error               |MSE                 |weights&biases
 [17, 9, 5, 0, 0]    |0.2260821652589486  |0.17275916180496712 |269       
 [16, 8, 8, 4, 0]    |0.27146841382117826 |0.20171297943521976 |297       
 [14, 6, 3, 3, 0]    |0.2535342497992399  |0.21411193126875694 |169       
 [13, 7, 4, 4, 0]    |0.22169601182562984 |0.1826016724849999  |194       
 [13, 8, 4, 4, 0]    |0.25007401534837415 |0.20230105019553773 |212       
 [14, 7, 9, 5, 0]    |0.22875518548301071 |0.17375606193605195 |275       
 [14, 10, 7, 5, 0]   |0.3055569877272412  |0.22299209009850735 |315       
 [16, 14, 6, 8, 0]   |0.2944051277628506  |0.18941811198029743 |441       
 [13, 6, 8, 7, 0]    |0.31853240417759016 |0.24807328580712448 |250       
 [16, 3, 14, 16, 4]  |3.4833054863881903  |2.181432334826301   |468       
 [15, 8, 8, 6, 4]    |0.29311382365248534 |0.2103054526240511  |332       
 [14, 7, 7, 14, 0]   |0.2750946351736322  |0.19777206216612134 |330       
 [15, 8, 7, 5, 0]    |0.2457827581910458  |0.18538746661546535 |282       
 [16, 5, 6, 15, 0]   |0.3814565281617272  |0.2854300226384274  |290       
 [9, 5, 6, 11, 0]    |0.24012536176697533 |0.1962052151700902  |202       
 [17, 9, 8, 4, 0]    |0.2615566824981356  |0.18728865176959109 |334       
 [13, 11, 17, 4, 0]  |0.3983977530912942  |0.2480054907060012  |474       
 [10, 9, 6, 4, 0]    |0.5761599058287792  |0.4614553208918796  |222       
 [16, 8, 14, 5, 0]   |0.28556475656121505 |0.19315033460219627 |391       
 [15, 7, 7, 6, 0]    |0.2991048107190843  |0.2287875970843269  |268       
 [16, 8, 10, 7, 0]   |0.3691315054249001  |0.2577919756645445  |359       
 [14, 7, 4, 4, 0]    |0.3078732355170677  |0.25105903865985185 |204       
 [16, 9, 7, 8, 0]    |1.2590178020631964  |0.8925541408119129  |344       
 [17, 8, 8, 18, 4]   |0.35687373300355935 |0.2143010988628664  |510       
 [14, 10, 6, 15, 0]  |0.30575833514348755 |0.20930552685861992 |379       
Gen 5 Train time: 10.301737709840138 minutes:
 Average MSE:        0.5831935158899584
 Average Error:      0.7636622999857475
 Structure           |Error               |MSE                 |weights&biases
 [13, 7, 4, 4, 0]    |1.0504473616926966  |0.8652092724762621  |194       
 [17, 9, 5, 0, 0]    |0.22473432187524822 |0.17172921637364244 |269       
 [14, 7, 9, 5, 0]    |0.23286277405972175 |0.17687607171259898 |275       
 [14, 7, 6, 4, 0]    |0.24840606230995382 |0.1977620924951516  |228       
 [17, 9, 6, 4, 0]    |0.2449268596986163  |0.1803608622274626  |306       
 [15, 7, 9, 4, 0]    |0.27099035808081756 |0.20604266133527757 |274       
 [14, 9, 7, 5, 0]    |0.2957518944291794  |0.22063746139731508 |293       
 [16, 10, 6, 12, 0]  |0.2983012532532532  |0.20379282066852875 |381       
 [14, 7, 7, 5, 0]    |0.3034062590276112  |0.23652944333749665 |249       
 [15, 7, 5, 10, 0]   |0.26930018191538485 |0.20598980459949465 |268       
 [15, 8, 8, 10, 2]   |3.772652655397141   |2.632090444159597   |360       
 [13, 7, 7, 3, 2]    |1.9763368010735771  |1.57340967294027    |228       
 [14, 7, 5, 9, 0]    |0.2313039339933085  |0.17995963527639042 |251       
 [14, 6, 6, 5, 0]    |0.24141369881098745 |0.19471015231754926 |215       
 [2, 2, 7, 2, 7]     |3.200780651164923   |2.9606082394964193  |78        
 [13, 8, 7, 5, 0]    |0.2528497902407026  |0.19496023173519283 |260       
 [14, 9, 8, 5, 0]    |0.2870250797098215  |0.21093912773152174 |308       
 [17, 9, 7, 9, 2]    |3.225841526058043   |2.210445003969508   |378       
 [16, 8, 5, 2, 0]    |0.23049632593798722 |0.1805910211154353  |244       
 [11, 6, 5, 8, 0]    |0.2301914713994044  |0.1890310801816495  |197       
 [15, 8, 7, 6, 0]    |0.26063103599353754 |0.1948257855832667  |291       
 [15, 8, 10, 6, 0]   |0.37080201624973425 |0.26498368849524123 |336       
 [16, 8, 13, 9, 0]   |0.3348644355327559  |0.21631285874960512 |437       
 [11, 6, 5, 16, 6]   |0.6858480882490878  |0.48573157548498386 |345       
 [16, 11, 10, 7, 0]  |0.3513926634901999  |0.22630967338910096 |440       
Increasing Epochs
Gen 6 Train time: 11.568182830015818 minutes:
 Average MSE:        0.212541518937446
 Average Error:      0.29700378572169095
 Structure           |Error               |MSE                 |weights&biases
 [17, 9, 5, 0, 0]    |0.20761215369499308 |0.15864542703662626 |269       
 [11, 6, 5, 8, 0]    |0.24276709654229242 |0.1993580657570403  |197       
 [16, 8, 5, 2, 0]    |0.21652062358719135 |0.1696412311434483  |244       
 [13, 7, 6, 7, 0]    |0.2707429272846942  |0.21254840759331492 |242       
 [5, 8, 11, 8, 13]   |0.6636011885705466  |0.44974526711626306 |389       
 [9, 8, 10, 17, 15]  |0.5451354717866341  |0.27895049696893437 |670       
 [14, 7, 7, 5, 0]    |0.25605570994055354 |0.19961590354045727 |249       
 [16, 8, 6, 3, 0]    |0.26235436286761715 |0.20168279067871264 |263       
 [14, 8, 6, 10, 0]   |0.2742538834992868  |0.20378270600115406 |297       
 [14, 7, 9, 9, 0]    |0.31566607760231224 |0.2294499535545579  |319       
 [13, 7, 5, 9, 0]    |0.27913901762265286 |0.21935905959703056 |241       
 [16, 8, 7, 3, 0]    |0.24194473852637463 |0.18377447874558822 |275       
 [16, 9, 10, 11, 0]  |0.2726217944879555  |0.17663500176115496 |434       
 [14, 14, 12, 4, 5]  |0.35758371406825523 |0.2136564817815803  |515       
 [14, 8, 6, 6, 0]    |0.24709675847776102 |0.18957410332388522 |265       
 [15, 8, 8, 5, 0]    |0.28510465197779816 |0.21205725581115492 |296       
 [14, 8, 7, 5, 0]    |0.3880454041040967  |0.29592982652395405 |271       
 [16, 9, 8, 9, 0]    |0.2463000402232557  |0.16978797766178794 |372       
 [16, 9, 7, 5, 0]    |0.2509659459502038  |0.18278621692474795 |317       
 [14, 8, 9, 5, 0]    |0.2890482164807603  |0.21434642471171567 |299       
 [15, 9, 9, 6, 0]    |0.27057058465202166 |0.19143206728501208 |346       
 [13, 8, 7, 5, 0]    |0.23960649983856802 |0.18474897166936982 |260       
 [15, 8, 10, 7, 0]   |0.2906134425776757  |0.20520182521689034 |348       
 [16, 9, 6, 11, 0]   |0.24035347040842803 |0.16937422791937845 |350       
 [14, 8, 7, 8, 0]    |0.2713908682703459  |0.20145380511238953 |298       
Gen 7 Train time: 11.510926433404286 minutes:
 Average MSE:        0.3686728990913609
 Average Error:      0.4819978826566327
 Structure           |Error               |MSE                 |weights&biases
 [17, 9, 5, 0, 0]    |0.20063704412633637 |0.15331544410233003 |269       
 [16, 8, 5, 2, 0]    |1.089004428022463   |0.8532215030131012  |244       
 [13, 8, 7, 5, 0]    |1.2006576422634023  |0.9257689790743673  |260       
 [15, 8, 7, 5, 0]    |0.24368812378259214 |0.18380753900245123 |282       
 [15, 8, 9, 6, 0]    |0.313197755115687   |0.2272009337188358  |321       
 [16, 9, 6, 5, 0]    |0.28809601419839975 |0.21300034963983197 |302       
 [12, 7, 6, 7, 0]    |0.2772992274114547  |0.21988334737185147 |232       
 [16, 9, 7, 6, 0]    |0.28237654967303594 |0.2038208583630669  |326       
 [16, 13, 8, 5, 0]   |0.3090247470588456  |0.20062176341835847 |432       
 [15, 20, 2, 7, 0]   |0.307335713851185   |0.19872872038919825 |436       
 [14, 8, 7, 6, 0]    |0.2879054244055071  |0.2175942388425927  |280       
 [16, 8, 6, 3, 0]    |0.2411156612750522  |0.1853557109200187  |263       
 [14, 9, 8, 6, 0]    |0.265454498803701   |0.19314543352677174 |318       
 [12, 9, 10, 12, 8]  |0.32181489789602935 |0.1955813741724739  |498       
 [12, 7, 6, 7, 9]    |0.26331362579590345 |0.1939006307565739  |306       
 [15, 8, 6, 4, 0]    |0.24871287859792407 |0.19177045945269922 |260       
 [14, 8, 11, 7, 0]   |0.3043356214866426  |0.21381926678880392 |353       
 [15, 8, 8, 5, 0]    |0.25135126321829376 |0.1869519095987579  |296       
 [15, 8, 18, 9, 0]   |0.2989550796001948  |0.17844730127058903 |516       
 [16, 8, 8, 4, 0]    |0.293987333854478   |0.2184455281308205  |297       
 [1, 10, 13, 1, 2]   |3.609491096420914   |2.9938697814652113  |187       
 [15, 8, 6, 5, 0]    |0.34033376042867325 |0.26032394152389016 |268       
 [16, 8, 7, 3, 0]    |0.3135756394844435  |0.23818331427482603 |275       
 [16, 9, 6, 3, 0]    |0.2478843767200544  |0.18622626530707143 |286       
 [15, 8, 7, 8, 0]    |0.2503986629245991  |0.18383788315952895 |309       
Gen 8 Train time: 11.662007995446523 minutes:
 Average MSE:        0.25634986915769614
 Average Error:      0.37191044960374997
 Structure           |Error               |MSE                 |weights&biases
 [17, 9, 5, 0, 0]    |0.19801856862248574 |0.15131455370598254 |269       
 [16, 8, 6, 3, 0]    |0.22847292327767937 |0.17563670852471042 |263       
 [15, 8, 7, 5, 0]    |0.2871142510196816  |0.21656272399857338 |282       
 [16, 19, 18, 1, 17] |0.4523439719171221  |0.2028451520611681  |802       
 [16, 9, 8, 5, 0]    |0.3695275382967564  |0.2651313241735325  |332       
 [15, 14, 5, 6, 4]   |0.2759738652126775  |0.18260149765744513 |413       
 [16, 9, 7, 5, 0]    |0.21171528797750047 |0.15419875556430832 |317       
 [16, 8, 8, 4, 0]    |0.3417951665864617  |0.25396885198632213 |297       
 [16, 9, 12, 6, 0]   |0.2831119730185257  |0.18864038614196374 |406       
 [5, 11, 8, 5, 0]    |0.45807474417541966 |0.3646844166559708  |228       
 [6, 5, 4, 14, 7]    |0.5478686340603636  |0.4224349791042771  |260       
 [15, 8, 9, 1, 0]    |0.31888766610606883 |0.2444079845811717  |266       
 [16, 9, 7, 6, 0]    |0.3227563728575607  |0.23296722420523236 |326       
 [16, 11, 7, 5, 0]   |0.27945301853675286 |0.19399534954595557 |365       
 [14, 9, 9, 10, 4]   |0.3096176329409734  |0.2042486438452376  |416       
 [11, 14, 12, 14, 16]|0.6522070016082231  |0.28725260879870657 |820       
 [16, 9, 8, 6, 0]    |0.2627644514860412  |0.18665425637450106 |342       
 [14, 8, 7, 7, 0]    |0.33982142997374265 |0.25453039870772176 |289       
 [16, 9, 6, 2, 0]    |0.30542850775983965 |0.23130003812639316 |278       
 [15, 8, 10, 5, 2]   |1.2749280843421287  |0.9138304505484609  |333       
 [11, 9, 18, 8, 19]  |0.40320747274958973 |0.20756639205204896 |664       
 [14, 10, 7, 6, 0]   |0.29367707951441085 |0.21240201894020191 |324       
 [19, 8, 7, 5, 5]    |0.3114171794705686  |0.21813920769002104 |356       
 [12, 2, 1, 3, 10]   |0.24073934490695198 |0.21309003837877977 |122       
 [15, 9, 8, 6, 4]    |0.328839073676223   |0.23034276757371713 |356       
Gen 9 Train time: 11.788692740599314 minutes:
 Average MSE:        0.5410251027588996
 Average Error:      0.7590671724190484
 Structure           |Error               |MSE                 |weights&biases
 [17, 9, 5, 0, 0]    |0.2664090066446359  |0.20357464567143474 |269       
 [16, 9, 7, 5, 0]    |0.28802996621623667 |0.209781082793102   |317       
 [16, 8, 6, 3, 0]    |0.24143690751486788 |0.18560266636391867 |263       
 [16, 12, 6, 6, 2]   |0.28936906586287403 |0.19611533261719968 |389       
 [17, 9, 9, 3, 6]    |0.29021067964045366 |0.2016648459025069  |364       
 [14, 10, 7, 6, 0]   |0.2563206843092465  |0.18538399705362957 |324       
 [15, 14, 5, 6, 4]   |0.49463005751768135 |0.32727805301241897 |413       
 [15, 6, 3, 2, 5]    |0.2515375535485025  |0.2078033701302439  |191       
 [15, 9, 8, 8, 2]    |1.9116592094187408  |1.3310546008406088  |362       
 [10, 9, 7, 6, 3]    |1.9494106751937752  |1.4851668295103948  |272       
 [15, 14, 13, 4, 9]  |0.3695353726227909  |0.20793935337123703 |575       
 [16, 9, 10, 6, 2]   |1.2800981195575787  |0.871915059104108   |384       
 [15, 12, 6, 6, 2]   |2.860585829922635   |1.9680170052919128  |374       
 [15, 11, 7, 4, 8]   |0.2759037043786711  |0.18755120616263715 |386       
 [16, 9, 9, 5, 0]    |0.30814873188757086 |0.21780116559400375 |347       
 [13, 5, 4, 5, 5]    |0.33524503398417393 |0.2761272221078525  |194       
 [14, 5, 4, 3, 5]    |0.22781709718274837 |0.18990863758116086 |182       
 [10, 9, 7, 4, 0]    |0.27156373545354784 |0.21447579000221237 |236       
 [16, 11, 6, 5, 2]   |1.260558030266559   |0.8821038413790514  |357       
 [16, 5, 4, 4, 8]    |0.23331765928993606 |0.18612172025384638 |226       
 [16, 12, 6, 4, 2]   |1.1306659516167026  |0.7802091898399085  |371       
 [16, 13, 6, 6, 2]   |2.1202144113055033  |1.404269475043194   |412       
 [17, 8, 7, 5, 3]    |0.28332477152634183 |0.2057360100229766  |320       
 [17, 9, 9, 3, 16]   |0.3138238767420757  |0.20743788105646846 |414       
 [15, 4, 9, 4, 2]    |1.4668631788723623  |1.1925885882664637  |207       
Result:  [14, 5, 4, 3, 5]
Fold 0
Fold 0 Train time: 20.601715966065726 minutes, MSE: 0.009249999540431623
Fold 1
Fold 1 Train time: 20.64778343041738 minutes, MSE: 0.008773063244608371
Fold 2
Fold 2 Train time: 20.49619087378184 minutes, MSE: 0.013252118336999155
Fold 3
Fold 3 Train time: 20.355710955460868 minutes, MSE: 0.008843463656021462
Fold 4
Fold 4 Train time: 20.297165207068126 minutes, MSE: 0.010554407143346052
Total Time: 205.7601250251134 minutes
CellsPerSensor: 7
 Resulting Network Architecture: [14, 5, 4, 3, 5]
 MSE after 5-Fold CV: 0.010134610384281333
 Weights and Biases: 182
 Objective Function Value: 0.012157622466426194
~/workspace/SolarCellResearch
