/tmp/tmp.KWnVKjPIp7 ~/workspace/SolarCellResearch
Using TensorFlow backend.
Genetically searching for best layer structure...
  Training on:     datasets/N2dataset10k4.mat
  Evaluating with: datasets/N2dataset100k4.mat
Gen 0 Train time: 8.273846971988679 minutes:
 Average MSE:        1.2189034574031141
 Average Error:      1.6028173690278116
 Structure           |Error               |MSE                 |weights&biases
 [11, 4, 15, 0, 0]   |0.4928476316298732  |0.414967441377774   |172       
 [18, 11, 20, 0, 0]  |0.6846539899744973  |0.40541595381795104 |524       
 [5, 19, 18, 6, 17]  |1.4544882056226691  |0.6939565628637951  |740       
 [20, 4, 14, 0, 0]   |0.5685224387368996  |0.452162117465358   |229       
 [2, 16, 3, 12, 14]  |4.054088559108988   |2.8568679222690037  |350       
 [16, 15, 7, 9, 0]   |0.7749811762869482  |0.47146211099166013 |497       
 [13, 13, 11, 0, 0]  |0.7440240010673073  |0.5052600735364948  |387       
 [2, 0, 0, 0, 0]     |3.3392070720932048  |3.3092890415283414  |9         
 [2, 0, 0, 0, 0]     |2.8665119743259115  |2.840829112792958   |9         
 [5, 6, 0, 0, 0]     |1.4701156866693241  |1.3872745904515207  |58        
 [4, 3, 11, 10, 0]   |1.4745370552641708  |1.2048367489192355  |202       
 [17, 9, 8, 20, 2]   |6.7958069996922585  |4.048335481042931   |518       
 [5, 5, 0, 0, 0]     |1.4163081243756614  |1.3458874014959787  |51        
 [13, 6, 18, 0, 0]   |0.7330607231536077  |0.5607238511610869  |268       
 [15, 0, 0, 0, 0]    |0.40827452581524315 |0.3841141620955112  |61        
 [4, 16, 17, 18, 0]  |1.8315530665832729  |0.8879536593222639  |724       
 [4, 0, 0, 0, 0]     |0.8837840690947116  |0.8688867261114084  |17        
 [5, 18, 8, 16, 0]   |0.7852313950208969  |0.5077445389815253  |436       
 [19, 0, 0, 0, 0]    |0.405406504298809   |0.37536176891634526 |77        
 [15, 0, 0, 0, 0]    |0.4589276614314516  |0.431769809250766   |61        
 [16, 17, 13, 12, 0] |0.9393937873164439  |0.4428516154560872  |752       
 [1, 2, 15, 7, 5]    |4.9984246787033655  |4.051644299225543   |210       
 [20, 1, 14, 0, 0]   |0.6070503011030236  |0.536255998396215   |124       
 [4, 19, 9, 0, 0]    |1.1850230540180253  |0.8805242847989533  |297       
 [9, 10, 0, 0, 0]    |0.698211544308721   |0.6082111628091404  |138       
Gen 1 Train time: 8.105530989170074 minutes:
 Average MSE:        0.5881679406163044
 Average Error:      0.8141240976745355
 Structure           |Error               |MSE                 |weights&biases
 [19, 0, 0, 0, 0]    |0.460680072183297   |0.4265390045932225  |77        
 [15, 0, 0, 0, 0]    |0.48463628519472474 |0.4559570799499112  |61        
 [15, 0, 0, 0, 0]    |0.517326837323972   |0.4867131111142161  |61        
 [16, 3, 15, 0, 0]   |0.566334042000778   |0.47541308765815626 |175       
 [17, 0, 0, 0, 0]    |0.5160301680824715  |0.4816247235966096  |69        
 [10, 3, 0, 0, 0]    |0.5990292510422791  |0.5602092810351027  |67        
 [17, 4, 16, 0, 0]   |0.6638229511560052  |0.5327303968216224  |220       
 [17, 10, 5, 0, 0]   |0.8027868340826043  |0.5994959487865528  |292       
 [17, 9, 13, 0, 0]   |0.6225369214223142  |0.43563421643570804 |357       
 [14, 7, 6, 5, 0]    |0.9594473525241549  |0.7577529766795704  |236       
 [11, 12, 6, 0, 0]   |0.6020374926173462  |0.4632744872543162  |262       
 [9, 0, 0, 0, 0]     |0.45653634105342583 |0.4399531767927628  |37        
 [17, 3, 0, 0, 0]    |0.5273707332433435  |0.47290937779765396 |109       
 [12, 5, 17, 18, 0]  |0.9658883488511091  |0.5595026402201927  |546       
 [9, 11, 18, 14, 4]  |5.128505801613441   |2.587816189623868   |684       
 [17, 7, 13, 0, 0]   |0.6667925264700911  |0.4964480982431813  |295       
 [18, 1, 7, 0, 0]    |0.49509730886225195 |0.45022809260739044 |95        
 [17, 6, 10, 5, 0]   |0.682512279293244   |0.5106990730201408  |290       
 [16, 14, 9, 0, 0]   |0.6950259229889572  |0.45166878927381865 |431       
 [11, 4, 15, 0, 0]   |0.6011926849580626  |0.5061917197959399  |172       
 [19, 6, 10, 0, 0]   |0.6003206513318411  |0.463804872954306   |258       
 [9, 5, 0, 0, 0]     |0.6129480823030563  |0.5641274707339933  |83        
 [17, 20, 0, 0, 0]   |0.7321514027299677  |0.47531955580547863 |432       
 [14, 3, 9, 0, 0]    |0.5926268707390243  |0.5188241379776727  |133       
 [16, 9, 19, 0, 0]   |0.8014652797956257  |0.5313610066362203  |411       
Increasing Epochs
Gen 2 Train time: 9.404762415091197 minutes:
 Average MSE:        0.6839054330331718
 Average Error:      0.8409266908996835
 Structure           |Error               |MSE                 |weights&biases
 [9, 0, 0, 0, 0]     |0.6027615866130076  |0.5808669563240869  |37        
 [19, 0, 0, 0, 0]    |0.46219036350302867 |0.42793736800215204 |77        
 [15, 0, 0, 0, 0]    |0.40361082713550206 |0.3797264459942981  |61        
 [17, 5, 13, 3, 0]   |0.7701126261125183  |0.5908349889050556  |265       
 [18, 10, 0, 0, 0]   |0.6115850885994073  |0.47392737506267013 |255       
 [17, 8, 8, 0, 0]    |0.8276434302039154  |0.62802653689832    |276       
 [18, 5, 5, 0, 0]    |0.5709235305185215  |0.4744969919659231  |185       
 [16, 2, 0, 0, 0]    |0.5216861709294462  |0.4791751566010548  |85        
 [18, 5, 13, 0, 0]   |0.48885025180247077 |0.3841588769368059  |241       
 [14, 6, 5, 0, 0]    |0.5506095869969623  |0.46313843471720795 |173       
 [18, 13, 5, 0, 0]   |0.7395654606313757  |0.507279837145375   |377       
 [11, 5, 9, 9, 0]    |0.6575595034147438  |0.5136464865355405  |247       
 [17, 5, 5, 3, 0]    |0.545051270873768   |0.4493849478170341  |193       
 [15, 2, 5, 0, 0]    |0.5811019893239125  |0.5268554815897479  |98        
 [9, 20, 5, 0, 0]    |0.6945116937921488  |0.49532246740281527 |338       
 [18, 2, 15, 11, 0]  |0.6337727208940668  |0.4579181268381257  |325       
 [10, 6, 3, 0, 0]    |0.5832819138770184  |0.5168075837113653  |121       
 [15, 9, 8, 0, 0]    |0.6506100778380464  |0.492704943991947   |278       
 [1, 15, 9, 6, 7]    |4.65225840645808    |3.4672188224526233  |294       
 [14, 1, 4, 0, 0]    |0.6147782929386146  |0.5732154809482929  |70        
 [2, 5, 3, 4, 5]     |2.387713673761056   |2.1909522928486185  |86        
 [18, 7, 5, 0, 0]    |0.49743957886602813 |0.39404854001115397 |233       
 [17, 5, 17, 0, 0]   |0.5194097396149759  |0.40009141188765246 |261       
 [6, 10, 0, 0, 0]    |0.6834902231822999  |0.6190662856527559  |99        
 [14, 12, 0, 0, 0]   |0.7726492646111758  |0.610833985588675   |235       
Gen 3 Train time: 9.838499041398366 minutes:
 Average MSE:        0.6718007938094468
 Average Error:      0.9591378163614463
 Structure           |Error               |MSE                 |weights&biases
 [15, 0, 0, 0, 0]    |0.5541714404720693  |0.5213773700162705  |61        
 [19, 0, 0, 0, 0]    |0.39802195634916704 |0.3685244908963011  |77        
 [18, 5, 13, 0, 0]   |0.5083182240219304  |0.39945761988822914 |241       
 [13, 3, 7, 5, 0]    |0.5226703906106909  |0.44762285534028445 |155       
 [16, 1, 0, 0, 0]    |0.6306841220416313  |0.5898127644926315  |67        
 [14, 17, 8, 2, 0]   |0.9718008350317986  |0.612256236044238   |462       
 [9, 10, 15, 10, 5]  |2.774065211898778   |1.6608239420688655  |513       
 [14, 5, 7, 6, 0]    |0.5451937217255004  |0.440161270759588   |214       
 [7, 12, 12, 18, 1]  |6.782609141481475   |4.000269992838557   |528       
 [16, 6, 4, 0, 0]    |0.6154401219152028  |0.5125189352939339  |183       
 [17, 3, 3, 0, 0]    |0.6121718898688329  |0.5424050835319357  |121       
 [20, 9, 19, 14, 18] |1.2785832251779945  |0.46661657811651763 |1008      
 [18, 5, 12, 6, 0]   |0.6032418704772474  |0.44421924171511484 |306       
 [18, 5, 12, 0, 0]   |0.5486728360508398  |0.43419873186977254 |234       
 [18, 8, 7, 0, 0]    |0.5349089708871222  |0.405490150925737   |277       
 [17, 8, 3, 0, 0]    |0.7268366540453498  |0.5798107558860869  |226       
 [16, 2, 10, 6, 0]   |0.5653283512470461  |0.46984681450447924 |185       
 [13, 4, 8, 5, 0]    |0.5714079495365042  |0.47442493246292805 |186       
 [13, 13, 5, 2, 0]   |0.7256756280977744  |0.5343778225966023  |306       
 [15, 9, 7, 5, 0]    |0.5997891458263332  |0.44211859909497886 |305       
 [15, 6, 4, 6, 4]    |0.6304736341448608  |0.4999316240422438  |232       
 [11, 5, 6, 0, 0]    |0.5286126247961611  |0.46139563499385294 |136       
 [16, 7, 3, 0, 0]    |0.6465795309470643  |0.5320280472528485  |195       
 [16, 3, 13, 0, 0]   |0.5678389063584591  |0.4814670336375051  |165       
 [16, 3, 3, 2, 0]    |0.5353490260263242  |0.4738633169666713  |122       
Gen 4 Train time: 9.91251122156779 minutes:
 Average MSE:        0.6321403387506791
 Average Error:      0.7981720163630709
 Structure           |Error               |MSE                 |weights&biases
 [19, 0, 0, 0, 0]    |0.37738045059006153 |0.3494127301507853  |77        
 [18, 5, 13, 0, 0]   |0.5058531610397189  |0.3975204707851384  |241       
 [13, 3, 7, 5, 0]    |0.5428580461100068  |0.4649118699077091  |155       
 [15, 4, 6, 3, 0]    |0.49884782024593494 |0.42339310756606874 |164       
 [16, 4, 10, 3, 0]   |0.7300136060947723  |0.5958942225998086  |203       
 [5, 11, 4, 20, 19]  |1.6378924851315018  |0.8567666756111615  |648       
 [14, 2, 4, 3, 0]    |0.588925296956106   |0.5312853957497152  |103       
 [19, 3, 3, 0, 0]    |0.46512326673851445 |0.40719918355716606 |133       
 [16, 8, 5, 7, 0]    |0.6730376121190398  |0.5091798099326249  |279       
 [15, 5, 4, 3, 0]    |0.5654722137281579  |0.4780241042827213  |168       
 [16, 6, 8, 3, 0]    |0.6415782039699501  |0.5061996135142757  |237       
 [16, 2, 4, 3, 0]    |0.6526187386933915  |0.5828868572680841  |113       
 [17, 3, 7, 0, 0]    |0.43452704278580184 |0.37738209230306413 |141       
 [17, 9, 7, 3, 0]    |0.6536147189752859  |0.47891257406562626 |311       
 [15, 2, 4, 5, 0]    |0.5878668647727007  |0.5213911364357499  |120       
 [16, 1, 4, 3, 0]    |0.5298311717267888  |0.48326174012151324 |92        
 [16, 3, 8, 1, 0]    |0.5888072847202531  |0.5108617161970453  |142       
 [11, 2, 5, 8, 7]    |0.7421350113447114  |0.613101917679822   |191       
 [17, 3, 8, 0, 0]    |0.7582041793319982  |0.6552079821565366  |146       
 [15, 4, 11, 7, 0]   |0.6669527180865251  |0.5163160902708439  |256       
 [1, 9, 19, 1, 5]    |4.708453956720887   |3.677964989213507   |247       
 [19, 3, 7, 0, 0]    |0.5381522660789557  |0.46180445438250545 |153       
 [18, 9, 12, 0, 0]   |0.6963736342948877  |0.48681605787999693 |358       
 [18, 5, 10, 7, 9]   |0.6093096481816961  |0.42171367647526736 |368       
 [14, 3, 4, 3, 0]    |0.5604710106391261  |0.49610000066024096 |122       
Gen 5 Train time: 9.996233348051707 minutes:
 Average MSE:        0.6063546637699857
 Average Error:      0.810819518301065
 Structure           |Error               |MSE                 |weights&biases
 [19, 0, 0, 0, 0]    |0.403124231529254   |0.3732486357158519  |77        
 [17, 3, 7, 0, 0]    |0.43609075819415183 |0.37874016242175307 |141       
 [19, 3, 3, 0, 0]    |0.6545923868012471  |0.5730727842046541  |133       
 [17, 1, 2, 3, 0]    |0.6812567458807625  |0.62511726          |86        
 [17, 4, 11, 1, 0]   |0.8556700877627729  |0.7061904005934971  |192       
 [16, 13, 7, 11, 5]  |1.000769073706293   |0.5943830977031486  |521       
 [17, 5, 4, 2, 0]    |0.5138639483008909  |0.43007453823445463 |178       
 [16, 4, 4, 3, 0]    |0.5968538027105362  |0.5111546553801136  |155       
 [15, 6, 5, 5, 0]    |0.5833692330612635  |0.47192511519300606 |212       
 [16, 6, 6, 3, 0]    |0.5768835399263249  |0.46435085008545735 |217       
 [16, 3, 7, 3, 0]    |0.5184628823774967  |0.4440194814299897  |155       
 [4, 11, 8, 4, 10]   |0.9369512084794144  |0.7224377151186203  |260       
 [9, 9, 14, 12, 3]   |4.298676362698933   |2.65994953998773    |480       
 [17, 1, 2, 2, 0]    |0.5574517978659035  |0.5135647096987219  |82        
 [15, 1, 2, 2, 0]    |0.6207468736863742  |0.5764700506330086  |74        
 [18, 5, 12, 4, 5]   |0.6410839256414395  |0.4730307408413389  |304       
 [17, 5, 12, 4, 0]   |0.5825226467150669  |0.44468584348911316 |270       
 [17, 4, 9, 2, 0]    |0.5572786629979378  |0.46038606418392336 |191       
 [19, 2, 2, 0, 0]    |0.68108156894263    |0.6125815504572232  |106       
 [19, 2, 2, 20, 0]   |0.7019484505595692  |0.583976048461162   |184       
 [17, 3, 8, 0, 0]    |0.4746734287404666  |0.41019269994314084 |146       
 [15, 5, 5, 3, 0]    |0.5860906891505269  |0.4910149312674614  |177       
 [16, 3, 5, 3, 0]    |0.608999863449672   |0.5289098722313794  |141       
 [17, 4, 17, 2, 0]   |0.690174920476509   |0.5391237160389828  |247       
 [16, 18, 12, 20, 6] |1.511870867871193   |0.5702661309359079  |975       
Increasing Epochs
Gen 6 Train time: 11.231292549769083 minutes:
 Average MSE:        0.6321450282657642
 Average Error:      0.7665060835069711
 Structure           |Error               |MSE                 |weights&biases
 [19, 0, 0, 0, 0]    |0.4607941181498745  |0.4266445985965214  |77        
 [17, 3, 7, 0, 0]    |0.4386469965164229  |0.3809602280827975  |141       
 [17, 3, 8, 0, 0]    |0.49795028360883153 |0.43030757338354936 |146       
 [18, 4, 4, 16, 0]   |0.6609514892093618  |0.5162961046715969  |247       
 [17, 4, 6, 1, 0]    |0.5674322572456483  |0.48256777234697246 |162       
 [18, 3, 5, 2, 0]    |0.5811306442581812  |0.5021885227923616  |146       
 [17, 3, 7, 3, 3]    |1.5008002337002582  |1.2623795289328883  |173       
 [11, 8, 6, 3, 8]    |0.6384327545198162  |0.4997042143249167  |245       
 [9, 3, 14, 16, 7]   |1.0736609348688235  |0.6643635549278827  |480       
 [17, 3, 3, 2, 0]    |0.47781540576955045 |0.42040749937370814 |128       
 [17, 2, 5, 2, 0]    |0.5545682431649818  |0.49333569771821395 |117       
 [16, 5, 5, 3, 0]    |0.5723164061877014  |0.4756546169014519  |185       
 [18, 2, 4, 2, 0]    |0.8003623847237881  |0.7119905266152395  |117       
 [16, 2, 4, 11, 0]   |0.5294037286103951  |0.4506771965805914  |161       
 [16, 4, 6, 2, 0]    |0.6916326871213101  |0.5876050365977703  |163       
 [17, 19, 10, 4, 0]  |0.9995510573450954  |0.5260026419913333  |642       
 [17, 4, 9, 2, 0]    |0.6460262432218415  |0.5337033323264526  |191       
 [18, 3, 10, 11, 0]  |0.6037798926805437  |0.4545053639542001  |284       
 [17, 3, 3, 3, 0]    |0.5449799604239034  |0.4771109312499471  |133       
 [10, 8, 7, 4, 17]   |0.8124634307724742  |0.5923341421202813  |316       
 [17, 1, 1, 1, 0]    |2.092433880746863   |1.9412419034360784  |75        
 [9, 4, 20, 3, 0]    |0.8597505428134044  |0.6803737507780295  |234       
 [18, 3, 2, 1, 0]    |0.5852029548166168  |0.5169564931100186  |124       
 [17, 6, 4, 4, 3]    |0.6517299316100079  |0.5198967638426353  |226       
 [4, 3, 3, 2, 0]     |1.3208356255885834  |1.2564177119886686  |50        
Result:  [17, 3, 7]
Fold 0
Fold 0 Train time: 19.229320712884267 minutes, MSE: 0.04861083154735898
Fold 1
Fold 1 Train time: 19.023453319072722 minutes, MSE: 0.05879636553219974
Fold 2
Fold 2 Train time: 19.016607693831126 minutes, MSE: 0.04999406534210261
Fold 3
Fold 3 Train time: 18.96924738486608 minutes, MSE: 0.04371262785313117
Fold 4
Fold 4 Train time: 18.95714070002238 minutes, MSE: 0.04707715981107986
Total Time: 161.96384134292603 minutes
CellsPerSensor: 2
 Resulting Network Architecture: [17, 3, 7]
 MSE after 5-Fold CV: 0.049638210017174465
 Weights and Biases: 141
 Objective Function Value: 0.057154658495617905
~/workspace/SolarCellResearch
