/tmp/tmp.K8UKDJfl8l ~/workspace/SolarCellResearch
Using TensorFlow backend.
Genetically searching for best layer structure...
  Training on:     datasets/N5dataset10k0.mat
  Evaluating with: datasets/N5dataset100k0.mat
Gen 0 Train time: 8.584850450356802 minutes:
 Average MSE:        0.7144742293894072
 Average Error:      1.0705627444615313
 Structure           |Error               |MSE                 |weights&biases
 [19, 14, 1, 10, 18] |0.5021685810289567  |0.2786442509760415  |589       
 [2, 9, 19, 12, 17]  |3.5704063612228216  |1.7694688485513441  |702       
 [20, 5, 0, 0, 0]    |0.3215531446367266  |0.27101192731747326 |171       
 [3, 15, 2, 0, 0]    |0.7302100187571678  |0.6580837413343722  |104       
 [14, 0, 0, 0, 0]    |0.313780811909765   |0.29639549401097653 |57        
 [14, 16, 12, 13, 0] |0.40862500155662046 |0.20930611989627393 |669       
 [14, 14, 19, 4, 12] |0.5939221211240687  |0.2978971228447841  |690       
 [15, 11, 10, 14, 5] |0.5131844106567797  |0.28848273944349234 |576       
 [1, 1, 19, 19, 0]   |4.060947724734833   |2.6075638016590204  |443       
 [11, 1, 0, 0, 0]    |1.023039822266685   |0.9760694016577374  |47        
 [6, 9, 9, 12, 9]    |0.6306705266724362  |0.4152096533419245  |418       
 [2, 10, 0, 0, 0]    |1.9048683227480312  |1.8174108608030042  |47        
 [4, 19, 14, 12, 0]  |1.9613408574181863  |1.0981515423464276  |580       
 [13, 16, 0, 0, 0]   |0.47460003809982093 |0.35869499249011255 |280       
 [16, 5, 0, 0, 0]    |0.27048871767529625 |0.23538686350277369 |139       
 [10, 12, 19, 19, 0] |0.9924423414916194  |0.44193769767619473 |809       
 [12, 2, 0, 0, 0]    |0.2581691456085989  |0.2419219063977613  |65        
 [20, 0, 0, 0, 0]    |0.2692401515669508  |0.2482915692586321  |81        
 [14, 17, 19, 11, 0] |0.5365541599313448  |0.22456551871958647 |871       
 [18, 11, 15, 5, 19] |0.4653164035390719  |0.24122198567281555 |657       
 [10, 0, 0, 0, 0]    |0.527294424583053   |0.506112548773877   |41        
 [15, 0, 0, 0, 0]    |0.28134040144431144 |0.26469158796672027 |61        
 [5, 15, 19, 1, 0]   |5.569851697904975   |3.6196177575774158  |431       
 [10, 15, 3, 0, 0]   |0.2965856535415308  |0.2316751230988879  |247       
 [10, 2, 8, 0, 0]    |0.2874677714186365  |0.2640426794175278  |85        
Gen 1 Train time: 8.475986468791962 minutes:
 Average MSE:        0.2615206286686679
 Average Error:      0.34140341862761586
 Structure           |Error               |MSE                 |weights&biases
 [12, 2, 0, 0, 0]    |0.2769332114057437  |0.25950510193693843 |65        
 [20, 0, 0, 0, 0]    |0.2916807220559064  |0.268986121795965   |81        
 [16, 5, 0, 0, 0]    |0.24673701292575156 |0.2147174643060549  |139       
 [17, 8, 6, 7, 0]    |0.3292049756569806  |0.2424221391321717  |306       
 [13, 1, 0, 0, 0]    |0.2799815906782144  |0.2649984172773215  |55        
 [16, 3, 0, 0, 0]    |0.3091169911569425  |0.27886277568412526 |103       
 [16, 5, 10, 15, 0]  |0.3518178321592516  |0.24204254569528816 |374       
 [17, 20, 2, 19, 7]  |0.5959875082896273  |0.30865362936267565 |658       
 [13, 1, 4, 0, 0]    |0.2750754000467095  |0.25750657199108895 |66        
 [18, 17, 0, 0, 0]   |0.3684435392362979  |0.24821305797370088 |395       
 [17, 3, 0, 0, 0]    |0.2914648280026994  |0.261365376900912   |109       
 [9, 6, 5, 6, 5]     |0.3849870098324191  |0.3155160628427211  |199       
 [17, 2, 6, 7, 0]    |0.28191984166044143 |0.23975624972549756 |162       
 [17, 8, 6, 7, 16]   |0.4492599309960761  |0.288473039548346   |443       
 [13, 4, 4, 0, 0]    |0.2961116861174468  |0.2626275059683398  |120       
 [17, 8, 8, 3, 10]   |0.37148068068060236 |0.26309017897807513 |345       
 [19, 8, 8, 3, 10]   |0.357040457274867   |0.2473610724710879  |367       
 [16, 8, 1, 5, 9]    |0.33357842286568795 |0.25541201561014665 |267       
 [15, 0, 0, 0, 0]    |0.24479142373913915 |0.23030546035163893 |61        
 [10, 1, 4, 0, 0]    |0.3309227546141973  |0.3135268424935066  |54        
 [19, 13, 8, 8, 19]  |0.4433729891514368  |0.2219409549407838  |692       
 [20, 10, 19, 0, 0]  |0.30582411597266373 |0.185677287296524   |499       
 [17, 8, 0, 0, 0]    |0.2654251720729492  |0.21644424019140235 |204       
 [12, 9, 4, 0, 0]    |0.451592951440635   |0.3704732432514334  |198       
 [15, 9, 10, 6, 0]   |0.40233441765771044 |0.2801383609909507  |362       
Gen 2 Train time: 8.789365355173747 minutes:
 Average MSE:        0.41362976211478214
 Average Error:      0.5413652968831889
 Structure           |Error               |MSE                 |weights&biases
 [15, 0, 0, 0, 0]    |0.3281259182112219  |0.3087084894259598  |61        
 [16, 5, 0, 0, 0]    |0.34649361625937797 |0.30152845655076843 |139       
 [17, 8, 0, 0, 0]    |0.34362437692271214 |0.28021274920315087 |204       
 [16, 2, 0, 0, 0]    |0.22975371351085497 |0.21103160824657335 |85        
 [14, 4, 5, 8, 0]    |0.2613060831766662  |0.21738988635237896 |184       
 [4, 9, 10, 3, 5]    |0.4301050611501783  |0.3465508312831504  |216       
 [16, 11, 6, 6, 5]   |1.7928784930241417  |1.2138807088419048  |390       
 [2, 2, 15, 7, 15]   |2.72584746670518    |2.0092858827345923  |305       
 [16, 4, 1, 3, 5]    |0.32654486241322705 |0.2802178519416024  |153       
 [17, 11, 0, 0, 0]   |0.27624083817990497 |0.21278304686845745 |261       
 [16, 7, 10, 11, 0]  |0.3700564766883744  |0.25306734363627104 |380       
 [13, 7, 3, 15, 15]  |0.41522245774814454 |0.2577047163962458  |477       
 [13, 3, 7, 10, 0]   |0.3149261149325961  |0.25783969524268746 |200       
 [13, 5, 4, 3, 0]    |0.27802776030814363 |0.23882258782539748 |152       
 [20, 4, 14, 4, 10]  |0.3289988337939285  |0.23534539617837275 |335       
 [15, 9, 6, 2, 5]    |1.1826421448729072  |0.8902535592841175  |284       
 [17, 7, 5, 8, 0]    |0.3016448826892853  |0.2293502796469696  |274       
 [18, 6, 19, 10, 12] |0.4962114357041224  |0.260083339854005   |646       
 [18, 2, 0, 0, 0]    |0.3204473090753634  |0.29140610979631154 |95        
 [16, 2, 16, 6, 0]   |0.3147404867557248  |0.2478313433566816  |239       
 [14, 5, 1, 3, 5]    |1.0003825238188362  |0.856742776687814   |155       
 [18, 5, 10, 0, 0]   |0.21171830259879357 |0.1699079177082401  |220       
 [13, 3, 2, 0, 0]    |0.2995203211813527  |0.2731940273429112  |92        
 [17, 6, 3, 4, 0]    |0.2711234986777985  |0.22175528005494774 |201       
 [17, 4, 5, 8, 9]    |0.367549443680886   |0.2758501684100443  |287       
Gen 3 Train time: 8.923409454027812 minutes:
 Average MSE:        0.8604890040755471
 Average Error:      1.233975371405968
 Structure           |Error               |MSE                 |weights&biases
 [18, 5, 10, 0, 0]   |0.28395325674897054 |0.2278778262837149  |220       
 [16, 2, 0, 0, 0]    |0.2709458858958539  |0.24886712460337734 |85        
 [14, 4, 5, 8, 0]    |0.2895376409813978  |0.24087673008793747 |184       
 [16, 1, 0, 0, 0]    |0.31933491988374446 |0.2986404846945418  |67        
 [18, 6, 8, 4, 0]    |0.3031302502515183  |0.23256333161063497 |265       
 [15, 4, 1, 0, 0]    |0.4077844151878976  |0.3631219181716724  |116       
 [11, 10, 5, 2, 3]   |2.8849409582531216  |2.285316289486869   |233       
 [18, 4, 4, 4, 11]   |0.3163288962707797  |0.24958074330587135 |237       
 [15, 6, 4, 12, 12]  |0.38498788586654914 |0.2585817440464368  |398       
 [17, 8, 1, 2, 6]    |0.35286953323644815 |0.2795268617411091  |233       
 [17, 11, 0, 0, 0]   |0.30706852374058174 |0.23652902485174007 |261       
 [18, 8, 5, 0, 0]    |0.23374802791595015 |0.18077329482055468 |257       
 [2, 6, 20, 16, 20]  |5.562146829525953   |2.3513371213573615  |861       
 [6, 4, 2, 2, 3]     |1.9345212700582388  |1.7947395074605705  |75        
 [15, 4, 2, 2, 0]    |0.3877707456654913  |0.34118140090722077 |128       
 [3, 2, 13, 16, 14]  |3.2367879319059725  |1.8994824589128914  |533       
 [12, 6, 7, 2, 0]    |0.35676383981082294 |0.2973988150781667  |182       
 [18, 3, 3, 4, 5]    |0.2865791730730307  |0.24177676549100177 |170       
 [15, 5, 6, 6, 0]    |0.31750307152758694 |0.25736298782740746 |210       
 [16, 5, 7, 2, 0]    |1.1484597203596778  |0.945937926408328   |194       
 [9, 7, 8, 6, 3]     |2.831758022728507   |2.2275397564769777  |240       
 [13, 4, 6, 7, 17]   |0.40775775223632854 |0.2937336057092077  |328       
 [16, 5, 7, 2, 14]   |0.3252070850673001  |0.2537785824567332  |248       
 [7, 7, 10, 19, 2]   |5.4465195364367895  |3.618200444675962   |409       
 [1, 4, 5, 20, 0]    |2.252979112520688   |1.8875003554223881  |177       
Increasing Epochs
Gen 4 Train time: 10.289898161093394 minutes:
 Average MSE:        0.5165287368598961
 Average Error:      0.6370024571704905
 Structure           |Error               |MSE                 |weights&biases
 [18, 8, 5, 0, 0]    |0.515257123861835   |0.39848348151095003 |257       
 [16, 2, 0, 0, 0]    |0.3154175746008941  |0.28971491698703433 |85        
 [18, 5, 10, 0, 0]   |0.24932588317784227 |0.20008870806881532 |220       
 [16, 8, 1, 0, 0]    |1.1183174634343036  |0.9201903676230391  |195       
 [18, 6, 5, 2, 6]    |0.32531148959485684 |0.2558990812403766  |240       
 [14, 19, 1, 2, 7]   |0.3823932997386271  |0.26150402083262037 |380       
 [18, 4, 4, 6, 3]    |1.1548804764564975  |0.9408202809212215  |205       
 [16, 9, 8, 4, 0]    |0.3286777791867022  |0.2381921917782545  |322       
 [8, 5, 6, 1, 0]     |1.3740350074046384  |1.2259936670177325  |114       
 [15, 8, 3, 4, 9]    |1.2184517419048497  |0.9292113984501256  |271       
 [16, 7, 3, 7, 9]    |0.3235618916766861  |0.23946096413779333 |301       
 [2, 5, 15, 2, 6]    |2.1090971582773466  |1.7829333704722719  |168       
 [20, 1, 11, 9, 17]  |0.370329438142124   |0.24848760943081133 |399       
 [14, 4, 6, 8, 9]    |0.45779135114287195 |0.3463374244863141  |279       
 [17, 5, 8, 5, 14]   |0.36975370763110593 |0.2650284368085373  |333       
 [15, 6, 8, 3, 0]    |0.2573216870277649  |0.20486003762458962 |228       
 [16, 5, 7, 2, 14]   |0.2831515232914312  |0.22096010665479024 |248       
 [16, 4, 6, 1, 7]    |0.32971099818155203 |0.2767782122483272  |175       
 [16, 2, 8, 0, 0]    |0.2459646852114602  |0.2192445929941969  |115       
 [17, 7, 6, 1, 7]    |0.2677381100053415  |0.20768225702656098 |254       
 [11, 4, 4, 6, 3]    |1.8832219455003374  |1.611207842981203   |156       
 [16, 5, 8, 4, 0]    |0.2778972910319167  |0.22257221009444236 |222       
 [16, 6, 3, 5, 3]    |1.1146451360009573  |0.900807307477681   |213       
 [15, 5, 6, 5, 7]    |0.33620580726273513 |0.262886792847744   |246       
 [17, 11, 0, 0, 0]   |0.31660285951758693 |0.24387314178197056 |261       
Increasing Epochs
Gen 5 Train time: 11.962707408269246 minutes:
 Average MSE:        0.39623101645019837
 Average Error:      0.5284823742872374
 Structure           |Error               |MSE                 |weights&biases
 [16, 2, 8, 0, 0]    |0.4921112986617573  |0.4386513506611136  |115       
 [18, 5, 10, 0, 0]   |0.2804110321709604  |0.22503512447325705 |220       
 [15, 6, 8, 3, 0]    |0.33630689606720243 |0.2677420787090604  |228       
 [17, 8, 7, 3, 3]    |0.4737609137041649  |0.35167336096273133 |298       
 [16, 4, 8, 1, 7]    |0.3706905966906809  |0.3074669935620532  |187       
 [16, 6, 6, 6, 5]    |0.35183118761299437 |0.26724116219196437 |275       
 [16, 7, 7, 3, 4]    |0.32198301017172654 |0.24628730986327624 |268       
 [15, 5, 6, 7, 7]    |0.3283193587782638  |0.24963173940819944 |274       
 [16, 15, 12, 3, 6]  |0.3686425459139435  |0.2095217314967223  |565       
 [17, 6, 7, 3, 3]    |0.30106950631058327 |0.23494258286727251 |248       
 [16, 8, 3, 6, 9]    |0.3036198492484956  |0.22313487806432364 |308       
 [15, 6, 15, 3, 0]   |0.34106477692669507 |0.25317284085346153 |298       
 [17, 4, 5, 17, 0]   |0.26137319195044684 |0.19992638829458925 |268       
 [16, 4, 14, 1, 4]   |0.28746830358249303 |0.23208707064253567 |214       
 [17, 5, 3, 1, 11]   |0.3083211871882803  |0.25319047097085445 |197       
 [17, 10, 4, 2, 2]   |2.9820021811309787  |2.2224161230295296  |294       
 [16, 5, 11, 4, 5]   |0.36900207310183164 |0.2794440970922176  |278       
 [15, 7, 12, 13, 5]  |0.42952190964593123 |0.26103976501695975 |498       
 [17, 14, 8, 5, 7]   |0.4426906769440262  |0.2637156079742363  |518       
 [8, 5, 9, 1, 7]     |0.38621010796041094 |0.3307561981548809  |155       
 [16, 5, 8, 4, 0]    |0.3274087244626744  |0.26222667783936887 |222       
 [16, 9, 3, 3, 4]    |1.1637319988990902  |0.8937153824063083  |264       
 [16, 12, 5, 4, 11]  |0.35497126718952626 |0.23604839526985844 |408       
 [16, 4, 8, 2, 0]    |0.33610429682339354 |0.28158138536995503 |177       
 [18, 9, 10, 1, 3]   |1.2934424660443848  |0.9151266960802296  |346       
Result:  [17, 4, 5, 17]
Fold 0
Fold 0 Train time: 20.41154699722926 minutes, MSE: 0.01526868938402587
Fold 1
Fold 1 Train time: 20.440776817003886 minutes, MSE: 0.010929711207341103
Fold 2
Fold 2 Train time: 20.457861975828806 minutes, MSE: 0.013205722426594324
Fold 3
Fold 3 Train time: 20.38445632060369 minutes, MSE: 0.016523623857976417
Fold 4
Fold 4 Train time: 20.12690968910853 minutes, MSE: 0.009568569945305257
Total Time: 158.8538862069448 minutes
CellsPerSensor: 5
 Resulting Network Architecture: [17, 4, 5, 17]
 MSE after 5-Fold CV: 0.013099263364248593
 Weights and Biases: 268
 Objective Function Value: 0.01712528449555283
~/workspace/SolarCellResearch
