/tmp/tmp.dZgVP83Tk5 ~/workspace/SolarCellResearch
Using TensorFlow backend.
Genetically searching for best layer structure...
  Training on:     datasets/N4dataset10k1.mat
  Evaluating with: datasets/N4dataset100k1.mat
Gen 0 Train time: 8.592296214898427 minutes:
 Average MSE:        0.6070325749544963
 Average Error:      0.8525940953843053
 Structure           |Error               |MSE                 |weights&biases
 [14, 0, 0, 0, 0]    |0.41329406403241287 |0.39039512178940533 |57        
 [16, 13, 15, 0, 0]  |0.4436815031597449  |0.270455336431676   |495       
 [16, 10, 2, 3, 4]   |0.40333693180431174 |0.30789914304815336 |270       
 [10, 19, 8, 18, 0]  |0.6400592325600776  |0.3583681188154922  |580       
 [4, 0, 0, 0, 0]     |1.555441087180117   |1.52922208168279    |17        
 [13, 5, 13, 0, 0]   |0.289748244612901   |0.23698869128980027 |201       
 [9, 10, 13, 18, 0]  |0.6576965356697481  |0.38288842681910984 |541       
 [19, 9, 17, 5, 17]  |0.4861972835374239  |0.26233294376526023 |617       
 [15, 15, 0, 0, 0]   |0.32322025675543586 |0.239208127726182   |301       
 [13, 18, 16, 0, 0]  |0.48104744447391584 |0.26085531433369225 |612       
 [4, 13, 14, 18, 17] |4.23536319341321    |1.7497432876135697  |884       
 [13, 16, 5, 0, 0]   |0.3900026476899969  |0.2737330956159338  |354       
 [18, 14, 20, 0, 0]  |0.5187854810553493  |0.27327823894039655 |641       
 [15, 13, 1, 0, 0]   |1.2227359083659894  |0.9343453978167451  |269       
 [10, 12, 8, 4, 18]  |0.47803325474726616 |0.3169298007679988  |411       
 [15, 18, 19, 13, 0] |0.6589775189718355  |0.2503073142811937  |968       
 [17, 1, 14, 0, 0]   |0.33423819198265264 |0.29882373617939256 |112       
 [18, 16, 20, 10, 0] |0.6951996094447487  |0.2773274705712957  |919       
 [4, 13, 14, 0, 0]   |0.79740259732972    |0.5978618410294779  |288       
 [18, 12, 0, 0, 0]   |0.36163168895913483 |0.2692462154587226  |295       
 [2, 14, 0, 0, 0]    |2.008835080339971   |1.8861825884030015  |63        
 [20, 6, 0, 0, 0]    |0.2461984141241155  |0.20298615450696844 |193       
 [12, 0, 0, 0, 0]    |0.3324220360103264  |0.31652598978498964 |49        
 [10, 3, 14, 0, 0]   |0.2883966178656663  |0.2522288166505161  |134       
 [1, 0, 0, 0, 0]     |3.052907560521564   |3.0376811205406455  |5         
Gen 1 Train time: 8.69848611354828 minutes:
 Average MSE:        0.3775270618881113
 Average Error:      0.566075287018007
 Structure           |Error               |MSE                 |weights&biases
 [20, 6, 0, 0, 0]    |0.283767383316705   |0.23396109239324595 |193       
 [10, 3, 14, 0, 0]   |0.3767673482713879  |0.3295169794651     |134       
 [13, 5, 13, 0, 0]   |0.33007847234283055 |0.26997528591750786 |201       
 [14, 3, 7, 0, 0]    |0.2899371875294228  |0.25638091935735097 |123       
 [15, 8, 0, 0, 0]    |0.30363834831272757 |0.2531133341551096  |182       
 [10, 19, 10, 18, 4] |4.6321940916277535  |2.259244898462209   |718       
 [16, 5, 9, 3, 9]    |0.4365542466024623  |0.335597539812421   |263       
 [9, 9, 14, 0, 0]    |0.39451377165026064 |0.3005619979903742  |272       
 [18, 11, 0, 0, 0]   |0.2908769466214988  |0.2209420199424877  |275       
 [12, 4, 14, 0, 0]   |0.3758608814985799  |0.3161507253771131  |173       
 [10, 8, 11, 2, 9]   |0.4455171319765675  |0.3373887079760373  |278       
 [18, 12, 10, 7, 0]  |0.37782677529835074 |0.2298520461165065  |497       
 [13, 12, 14, 9, 0]  |0.44660317744014566 |0.26182345849817473 |534       
 [12, 11, 15, 0, 0]  |0.39026744469127994 |0.26822663059746543 |375       
 [13, 9, 7, 0, 0]    |0.33921442301377325 |0.266036209030157   |243       
 [13, 9, 7, 11, 0]   |0.3628516540158618  |0.25956160781356774 |335       
 [19, 4, 7, 2, 0]    |0.3271243197389033  |0.2702480609130989  |191       
 [12, 2, 7, 0, 0]    |0.26874527933262266 |0.24536919975125487 |91        
 [11, 10, 8, 0, 0]   |0.3503024290796851  |0.2728158060790741  |250       
 [15, 13, 4, 2, 2]   |1.2684713956902245  |0.9137598850092082  |328       
 [10, 9, 10, 7, 0]   |0.4258830255278599  |0.3111156539182078  |314       
 [14, 16, 4, 9, 0]   |0.4865370384912951  |0.32450892229745076 |405       
 [16, 10, 5, 0, 0]   |0.32798641692367747 |0.2481348121152891  |279       
 [13, 13, 13, 0, 0]  |0.33531569277856876 |0.2209800563266325  |417       
 [13, 8, 5, 0, 0]    |0.2850472936777333  |0.23291069788773705 |202       
Increasing Epochs
Gen 2 Train time: 10.24964294830958 minutes:
 Average MSE:        0.6021998403314438
 Average Error:      0.8433644859887692
 Structure           |Error               |MSE                 |weights&biases
 [12, 2, 7, 0, 0]    |0.32908607668435613 |0.30046141642317103 |91        
 [20, 6, 0, 0, 0]    |0.27248664782939214 |0.22466032932892518 |193       
 [13, 8, 5, 0, 0]    |0.26456518822339353 |0.21617487340741803 |202       
 [15, 11, 9, 4, 0]   |0.3600469346587705  |0.2477039782200313  |374       
 [13, 7, 9, 0, 0]    |0.3042782397643622  |0.24443331836426857 |219       
 [12, 9, 7, 3, 0]    |0.4344418353967584  |0.33800546707981216 |251       
 [16, 5, 10, 1, 0]   |1.1768146484902515  |0.9577306855956254  |206       
 [13, 4, 12, 2, 18]  |0.40932679936209254 |0.31751144262309794 |254       
 [13, 11, 17, 5, 1]  |5.80624989044408    |3.5393210137070943  |495       
 [13, 9, 20, 0, 0]   |0.41965401551740783 |0.28526843073212593 |386       
 [12, 8, 11, 0, 0]   |0.3434110612887098  |0.2671814883234204  |251       
 [6, 6, 1, 19, 19]   |0.8605569073015849  |0.5193508915287574  |505       
 [12, 11, 12, 1, 5]  |0.5803552355131076  |0.4081523008212664  |352       
 [9, 6, 12, 7, 7]    |0.6377706666033519  |0.46034617554608276 |326       
 [15, 8, 7, 0, 0]    |0.3446800605253426  |0.27005256519858095 |244       
 [17, 8, 4, 0, 0]    |0.31059525250231007 |0.2453021278416035  |236       
 [13, 19, 9, 7, 3]   |0.5815061122038296  |0.3246090330690289  |583       
 [15, 7, 7, 2, 5]    |0.406500449822814   |0.3165828686408859  |250       
 [14, 6, 7, 0, 0]    |0.2870281429521749  |0.23759802377745745 |189       
 [10, 6, 14, 0, 0]   |0.3246038889556477  |0.2633820489699355  |209       
 [13, 9, 13, 0, 0]   |0.40993023213087726 |0.30096289348289235 |309       
 [14, 7, 1, 2, 1]    |3.440239164933226   |2.9198755445969     |164       
 [17, 4, 7, 1, 0]    |1.1167965191201625  |0.9440882200007084  |168       
 [4, 20, 17, 6, 12]  |1.2334869466324352  |0.6286661505357176  |674       
 [16, 10, 8, 13, 0]  |0.4297012328627932  |0.2775747204712886  |437       
Increasing Epochs
Gen 3 Train time: 11.55933210849762 minutes:
 Average MSE:        0.4942616276284413
 Average Error:      0.6881233688906496
 Structure           |Error               |MSE                 |weights&biases
 [13, 8, 5, 0, 0]    |0.36819682243592156 |0.30085175609683984 |202       
 [20, 6, 0, 0, 0]    |0.34391733035997285 |0.2835536394758423  |193       
 [14, 6, 7, 0, 0]    |0.3153601270526979  |0.26105085792376015 |189       
 [14, 8, 9, 1, 9]    |0.3720692679746819  |0.28092284008226354 |281       
 [17, 19, 4, 0, 0]   |0.4171430236706452  |0.2586379339919853  |478       
 [13, 9, 16, 0, 0]   |0.38250478669926524 |0.27171158852448984 |342       
 [14, 11, 11, 3, 3]  |1.45642893287732    |0.985099628879697   |391       
 [14, 8, 10, 2, 16]  |0.3949429744601656  |0.2813899376939489  |339       
 [13, 7, 11, 1, 3]   |0.3700337419430828  |0.2890484138114301  |247       
 [14, 14, 7, 8, 2]   |2.0807574602819914  |1.3374060990676269  |442       
 [14, 7, 8, 1, 3]    |0.36276980839663575 |0.2882328027448232  |230       
 [18, 7, 4, 1, 3]    |0.41877672147966427 |0.33140390676494624 |234       
 [17, 9, 8, 2, 0]    |0.2830776633234494  |0.20679361950468717 |314       
 [15, 8, 7, 1, 3]    |0.41929443266537725 |0.3252432540622613  |254       
 [11, 4, 10, 4, 4]   |1.1272549399998597  |0.9229182859369605  |200       
 [17, 8, 4, 0, 0]    |0.25100805517118113 |0.19824131097565756 |236       
 [17, 7, 5, 0, 0]    |0.3667791343489602  |0.2934654318040053  |223       
 [11, 8, 11, 2, 0]   |1.3367026543750944  |1.0358329397436294  |255       
 [16, 7, 6, 0, 0]    |0.34251811096845564 |0.27432801763751985 |222       
 [18, 5, 5, 2, 0]    |1.1181643838704867  |0.9209849330465294  |194       
 [2, 15, 16, 9, 6]   |3.1143984314181195  |1.8386581029061944  |527       
 [12, 5, 9, 0, 0]    |0.3204443382614255  |0.2717027369224811  |165       
 [14, 10, 11, 2, 0]  |0.4083436153448665  |0.2906468668920666  |340       
 [15, 7, 10, 8, 9]   |0.42528551585565527 |0.2805524641327516  |416       
 [19, 7, 2, 0, 0]    |0.4069119490312643  |0.3278633220886317  |216       
Result:  [17, 8, 4]
Fold 0
Fold 0 Train time: 19.483905482292176 minutes, MSE: 0.024634660457665044
Fold 1
Fold 1 Train time: 19.4880540450414 minutes, MSE: 0.02146785088151764
Fold 2
Fold 2 Train time: 19.464618456363677 minutes, MSE: 0.015838030034032564
Fold 3
Fold 3 Train time: 19.451859215895336 minutes, MSE: 0.08531358841005278
Fold 4
Fold 4 Train time: 19.451317127545675 minutes, MSE: 0.5544586140535424
Total Time: 136.4455544312795 minutes
CellsPerSensor: 4
 Resulting Network Architecture: [17, 8, 4]
 MSE after 5-Fold CV: 0.14034254876736207
 Weights and Biases: 236
 Objective Function Value: 0.17769812987257638
~/workspace/SolarCellResearch
