/tmp/tmp.5I6jKdRvBp ~/workspace/SolarCellResearch
Using TensorFlow backend.
Genetically searching for best layer structure...
  Training on:     datasets/N7dataset10k4.mat
  Evaluating with: datasets/N7dataset100k4.mat
Gen 0 Train time: 8.4539195895195 minutes:
 Average MSE:        0.7520171478725228
 Average Error:      0.946185792901233
 Structure           |Error               |MSE                 |weights&biases
 [3, 14, 0, 0, 0]    |0.4152650000434218  |0.38333790962232966 |80        
 [15, 9, 8, 7, 19]   |0.34719180246438586 |0.20974182551937542 |504       
 [5, 19, 3, 0, 0]    |1.1940422847217804  |0.9844663401129846  |193       
 [19, 17, 5, 12, 15] |0.37012587036443284 |0.1713731148987999  |770       
 [2, 3, 18, 13, 0]   |3.598463464988917   |2.540871008727194   |348       
 [3, 14, 7, 6, 11]   |1.6224866665318047  |1.1935832911981286  |307       
 [3, 13, 19, 4, 16]  |1.7209949982928088  |1.0396692263166987  |504       
 [18, 0, 0, 0, 0]    |0.2083994665622611  |0.19372831709321037 |73        
 [20, 19, 14, 19, 13]|0.7870389617178779  |0.2149225549758628  |1298      
 [4, 10, 0, 0, 0]    |0.4622315747946875  |0.4296908555932708  |73        
 [18, 11, 0, 0, 0]   |0.21968286784944466 |0.16686498236855285 |275       
 [16, 1, 6, 5, 0]    |0.26041969502644224 |0.2314339549931017  |118       
 [18, 20, 1, 2, 15]  |0.34864745764040866 |0.20727807756479089 |520       
 [2, 15, 0, 0, 0]    |1.2898504676619835  |1.2062619677994841  |67        
 [5, 14, 7, 0, 0]    |0.5647033426371274  |0.4568250687912353  |212       
 [10, 8, 2, 0, 0]    |0.2855279220579926  |0.24847440068230822 |139       
 [4, 16, 0, 0, 0]    |0.6548804016476247  |0.5872511759808866  |109       
 [2, 0, 0, 0, 0]     |2.9731690513691555  |2.946530582824703   |9         
 [15, 2, 20, 0, 0]   |0.22889537778372485 |0.1954422684142267  |158       
 [14, 18, 0, 0, 0]   |0.2734252716598012  |0.19637544345239136 |331       
 [1, 10, 3, 0, 0]    |3.1447700264699363  |2.961632877208185   |60        
 [16, 17, 5, 0, 0]   |0.2663824488441521  |0.17276513203057714 |433       
 [11, 4, 6, 0, 0]    |0.41578850625354546 |0.36950960423005397 |118       
 [4, 19, 0, 0, 0]    |1.1376594092661727  |1.0019749496877084  |127       
 [6, 14, 18, 9, 0]   |0.8646024858809368  |0.4904237667270106  |567       
Gen 1 Train time: 8.71025228103002 minutes:
 Average MSE:        0.5979373359067375
 Average Error:      0.9147505335265029
 Structure           |Error               |MSE                 |weights&biases
 [18, 0, 0, 0, 0]    |0.24988045994719993 |0.2322890829741439  |73        
 [18, 11, 0, 0, 0]   |0.26307718325207224 |0.19982609465482062 |275       
 [15, 2, 20, 0, 0]   |0.21561296447814157 |0.18410108270923917 |158       
 [9, 12, 4, 4, 10]   |0.31059278676076496 |0.23474097844721128 |280       
 [13, 0, 0, 0, 0]    |0.4360275601453656  |0.4135198229332878  |53        
 [7, 13, 1, 13, 0]   |0.344406561433795   |0.2879603578058435  |179       
 [13, 5, 4, 3, 0]    |0.35118448649302025 |0.30166335827559376 |152       
 [17, 11, 11, 1, 8]  |0.30332027220825597 |0.19969461033745256 |418       
 [17, 14, 3, 0, 0]   |0.2820337579683303  |0.19834873570541317 |352       
 [17, 1, 10, 0, 0]   |0.21561893764427864 |0.19510008281770563 |100       
 [16, 19, 1, 1, 8]   |0.3483598478550511  |0.2293469657275852  |418       
 [16, 9, 0, 0, 0]    |0.2513873238917406  |0.20356693563021544 |211       
 [3, 10, 19, 9, 15]  |5.256149127335561   |2.8731203052664234  |604       
 [18, 10, 1, 1, 8]   |0.3104375689659924  |0.23415488896147396 |282       
 [17, 7, 10, 18, 0]  |0.3174960848644285  |0.1976436154899525  |474       
 [17, 14, 10, 0, 0]  |0.34488252262011143 |0.2168495607962007  |464       
 [9, 8, 19, 7, 20]   |0.45729205229905645 |0.25121829211987334 |599       
 [16, 10, 13, 0, 0]  |0.295568795026922   |0.20314126396716992 |375       
 [1, 17, 19, 4, 2]   |5.63634834849616    |3.51569208240265    |472       
 [13, 3, 17, 0, 0]   |0.2896048537805016  |0.2450635147104237  |167       
 [9, 12, 4, 11, 10]  |0.33845398074392513 |0.2303012265231791  |385       
 [17, 11, 5, 12, 1]  |5.235871804899898   |3.5237767837674     |396       
 [17, 11, 4, 4, 8]   |0.28358041855555155 |0.19666381463650998 |366       
 [15, 9, 8, 7, 19]   |0.33717562169897236 |0.2036909567386087  |504       
 [17, 1, 8, 0, 0]    |0.19440001679747645 |0.17695898427005838 |94        
Gen 2 Train time: 8.842964903513591 minutes:
 Average MSE:        0.32344867268770733
 Average Error:      0.4394005678637148
 Structure           |Error               |MSE                 |weights&biases
 [17, 1, 8, 0, 0]    |0.21367788016944977 |0.19450729099039835 |94        
 [15, 2, 20, 0, 0]   |0.21382118808030462 |0.18257117482260982 |158       
 [17, 1, 10, 0, 0]   |0.18049596048771577 |0.1633194988536253  |100       
 [13, 11, 2, 2, 5]   |0.27797413982520486 |0.2177893011979039  |244       
 [15, 2, 13, 0, 0]   |0.22434890526975496 |0.19699974864940167 |130       
 [15, 3, 7, 2, 0]    |1.0035385614626868  |0.8724345129478573  |140       
 [14, 11, 3, 6, 17]  |0.29376742398256006 |0.1961320936422732  |404       
 [14, 4, 12, 2, 0]   |0.2842024045084375  |0.23478886799534798 |191       
 [17, 11, 8, 3, 8]   |0.3400504273842549  |0.22499854205965156 |413       
 [18, 6, 14, 0, 0]   |0.24929680862400194 |0.18822615445590812 |281       
 [18, 12, 2, 19, 4]  |2.438687801459812   |1.554975995227386   |450       
 [16, 5, 15, 9, 0]   |0.29219183297377954 |0.20041907489785654 |377       
 [16, 6, 10, 0, 0]   |0.22710798226990483 |0.18026456857925566 |231       
 [16, 20, 15, 0, 0]  |0.32066819114521666 |0.1562421294889957  |719       
 [16, 7, 12, 2, 4]   |1.1712567170635133  |0.8624977743936505  |306       
 [18, 6, 4, 0, 0]    |0.25650597165864325 |0.20979942298740623 |201       
 [15, 8, 4, 4, 4]    |0.31759185185031136 |0.24635339587704547 |254       
 [18, 9, 4, 18, 0]   |0.28426542339293553 |0.1955680481256291  |374       
 [11, 8, 11, 2, 5]   |0.5495050056904559  |0.41822429659700244 |273       
 [17, 12, 12, 0, 0]  |0.3150981697727006  |0.20374806198484277 |436       
 [14, 3, 19, 7, 0]   |0.32417579615573366 |0.23752810406429425 |311       
 [15, 3, 6, 2, 5]    |0.21847855670863403 |0.1876705198059516  |152       
 [16, 5, 9, 4, 10]   |0.33255983669937367 |0.24934059267847797 |288       
 [12, 7, 6, 7, 0]    |0.3934703686310756  |0.31200080344206316 |232       
 [17, 6, 14, 0, 0]   |0.26227699132640875 |0.19981684342784686 |272       
Gen 3 Train time: 8.714008212089539 minutes:
 Average MSE:        0.4878544441919018
 Average Error:      0.6377914001996701
 Structure           |Error               |MSE                 |weights&biases
 [17, 1, 10, 0, 0]   |0.25187057075547636 |0.2279019169216287  |100       
 [17, 1, 8, 0, 0]    |0.17412824798530602 |0.15850594256020964 |94        
 [15, 2, 20, 0, 0]   |0.21641998341532045 |0.1847901556527938  |158       
 [10, 4, 12, 0, 0]   |0.24244231777636768 |0.2092989928071917  |147       
 [16, 2, 14, 4, 0]   |0.313161328236001   |0.25923072193236213 |189       
 [18, 6, 7, 0, 0]    |0.2780429300156157  |0.22202178912884754 |225       
 [18, 4, 7, 0, 0]    |0.20075291778048285 |0.1688608304349741  |173       
 [15, 16, 11, 16, 17]|0.6381451075669659  |0.23783227511117913 |987       
 [17, 6, 5, 10, 3]   |1.2825139834738064  |0.9586993099241052  |291       
 [16, 4, 2, 0, 0]    |0.19767475054811717 |0.1737509593775125  |129       
 [17, 19, 11, 2, 4]  |1.6870078104714903  |0.8771795577859379  |654       
 [15, 3, 20, 4, 0]   |0.9366075151542728  |0.7207298077985732  |262       
 [16, 2, 7, 1, 3]    |1.583453101105526   |1.4029932210021472  |121       
 [9, 2, 20, 0, 0]    |0.3818745152050628  |0.3359935826123972  |128       
 [16, 2, 15, 0, 0]   |0.2426864641681992  |0.21034948028364592 |143       
 [15, 3, 10, 1, 3]   |2.5292736235581397  |2.1682755109586584  |154       
 [16, 6, 10, 0, 0]   |0.19596051069721138 |0.15554159112479804 |231       
 [17, 6, 10, 5, 0]   |0.2810759961752577  |0.21031892765879748 |290       
 [17, 6, 9, 2, 4]    |1.1110783094831598  |0.8575558196635799  |259       
 [16, 2, 11, 4, 0]   |0.2131023600546735  |0.1801468972525691  |168       
 [16, 5, 13, 8, 0]   |0.2953432812523091  |0.21190506018876615 |332       
 [17, 4, 17, 0, 0]   |0.21299601507288102 |0.169910776806292   |226       
 [15, 7, 12, 3, 9]   |0.2786883663584937  |0.19875922967894788 |338       
 [16, 4, 11, 6, 3]   |1.9791248481415993  |1.5138479961175333  |268       
 [17, 4, 12, 0, 0]   |0.22136015054001412 |0.1819607520140968  |196       
Gen 4 Train time: 8.726660879453023 minutes:
 Average MSE:        0.3239805499528696
 Average Error:      0.42418117132497846
 Structure           |Error               |MSE                 |weights&biases
 [17, 1, 8, 0, 0]    |0.2339090229062051  |0.21292335148409922 |94        
 [16, 6, 10, 0, 0]   |0.2426780699214934  |0.19262316163794949 |231       
 [16, 4, 2, 0, 0]    |0.19441101240243694 |0.17088221851710156 |129       
 [16, 4, 13, 0, 0]   |0.21223367624883552 |0.1746332244241823  |195       
 [19, 15, 13, 19, 10]|0.5536693547225284  |0.19530602276565917 |1042      
 [18, 13, 8, 0, 0]   |0.2578193794672642  |0.16906094313197972 |422       
 [17, 3, 11, 19, 0]  |0.32758490192185774 |0.2202464758456018  |397       
 [6, 9, 5, 2, 1]     |3.7128378789097103  |3.2020669115071607  |148       
 [17, 3, 16, 0, 0]   |0.2084956664304416  |0.1731084465053566  |186       
 [16, 3, 9, 0, 0]    |0.21518285492607805 |0.18613796660627202 |145       
 [18, 3, 3, 0, 0]    |0.19492059059338662 |0.17167312761812026 |127       
 [18, 4, 12, 0, 0]   |0.2223568105966124  |0.18150502632281018 |203       
 [16, 2, 15, 0, 0]   |0.20262367009668475 |0.1756248905108387  |143       
 [19, 18, 11, 11, 17]|0.532930918500009   |0.20001488863412403 |980       
 [13, 3, 12, 2, 0]   |0.24746423294045597 |0.2112972813412059  |158       
 [13, 19, 16, 2, 19] |0.41803334457608704 |0.20024892167824443 |736       
 [18, 6, 7, 0, 0]    |0.21547787773625207 |0.17206258015624734 |225       
 [4, 4, 12, 0, 0]    |0.4855650260779018  |0.4371661002881746  |105       
 [15, 7, 12, 3, 9]   |0.27663216677517666 |0.19729275782514774 |338       
 [10, 10, 9, 0, 0]   |0.2628941311449971  |0.20494699976101077 |249       
 [13, 4, 3, 4, 15]   |0.3259717031801427  |0.2623843930350913  |217       
 [17, 1, 9, 0, 0]    |0.19065128553773883 |0.1730267192668044  |97        
 [18, 3, 9, 12, 12]  |0.28908900089075684 |0.18693007234892947 |436       
 [17, 3, 13, 2, 0]   |0.29804708858929896 |0.2469662010529748  |188       
 [16, 6, 12, 15, 0]  |0.28304961803211487 |0.18138506655665437 |445       
Increasing Epochs
Gen 5 Train time: 10.071773640314738 minutes:
 Average MSE:        0.5330107516037826
 Average Error:      0.7407419543883326
 Structure           |Error               |MSE                 |weights&biases
 [17, 1, 9, 0, 0]    |0.18887035126462132 |0.17141042167070802 |97        
 [16, 4, 2, 0, 0]    |0.2132454230011888  |0.18743717508980023 |129       
 [18, 3, 3, 0, 0]    |0.20314974984383083 |0.17892082526715083 |127       
 [17, 3, 14, 1, 0]   |1.1429209799291489  |0.9565590547980595  |178       
 [18, 10, 8, 0, 0]   |0.22849407007386024 |0.16247274399835793 |341       
 [18, 5, 8, 6, 6]    |1.0794039351945188  |0.7996421026676477  |300       
 [16, 16, 12, 1, 10] |0.3257394927593516  |0.18458276615726657 |568       
 [15, 3, 13, 2, 0]   |0.22771996238673595 |0.19097005562235883 |176       
 [1, 19, 11, 6, 20]  |3.0266571671672495  |1.846808040409131   |494       
 [17, 3, 6, 0, 0]    |0.15992055439873812 |0.13958547769045002 |136       
 [17, 4, 10, 8, 0]   |0.23684193373520515 |0.18080027561254342 |270       
 [13, 6, 6, 0, 0]    |1.0708250016079315  |0.9016123494620037  |172       
 [17, 3, 14, 0, 0]   |0.26094206638066547 |0.21883070947596256 |176       
 [15, 3, 12, 4, 0]   |0.2650016186278465  |0.21739933895501395 |198       
 [16, 9, 6, 7, 8]    |0.3342027814160563  |0.2278637673467235  |383       
 [16, 5, 14, 2, 5]   |0.26541528167680184 |0.20301821417819413 |268       
 [18, 5, 5, 0, 0]    |0.2227514656682789  |0.1851296973512463  |185       
 [3, 2, 9, 9, 19]    |2.2802491992949805  |1.6165346205419457  |344       
 [14, 4, 11, 6, 0]   |0.2773242683831495  |0.21902534758156525 |236       
 [17, 10, 9, 0, 0]   |0.21871579142439662 |0.1556754094554224  |340       
 [17, 5, 13, 0, 0]   |0.21965634531557987 |0.1740015588890273  |233       
 [17, 6, 4, 1, 0]    |1.07762200578009    |0.8875918828745292  |194       
 [17, 2, 13, 0, 0]   |0.2165028389636526  |0.18821852604027284 |140       
 [6, 15, 5, 18, 4]   |4.352925874689671   |2.941289921293467   |392       
 [16, 5, 10, 19, 19] |0.42345070072476876 |0.18988850766571388 |802       
Gen 6 Train time: 10.23489340543747 minutes:
 Average MSE:        0.9397055800802849
 Average Error:      1.2522905418199937
 Structure           |Error               |MSE                 |weights&biases
 [17, 3, 6, 0, 0]    |0.21618825053921492 |0.18869832171377915 |136       
 [17, 1, 9, 0, 0]    |0.1949844295959849  |0.17695929018230633 |97        
 [18, 3, 3, 0, 0]    |0.15598409787216908 |0.13738044738570984 |127       
 [16, 7, 11, 2, 0]   |1.3653509611498311  |1.0298483001472774  |282       
 [6, 15, 8, 20, 2]   |5.668482521048379   |3.521621190085386   |476       
 [16, 3, 12, 3, 0]   |0.2749477237312734  |0.2273705314965127  |190       
 [17, 5, 14, 1, 3]   |1.9576004179748794  |1.5245807384597456  |250       
 [16, 4, 13, 3, 3]   |1.6974273124771344  |1.3365795275903707  |239       
 [16, 3, 14, 1, 0]   |1.869690436157457   |1.5742404075169074  |172       
 [15, 5, 13, 4, 3]   |2.0354348060398553  |1.5414283090136305  |278       
 [16, 3, 10, 1, 0]   |1.6990408691941594  |1.459456195137995   |152       
 [17, 6, 10, 4, 4]   |0.3050731006165602  |0.22645617130868018 |298       
 [16, 2, 11, 2, 0]   |1.083870230208792   |0.9403888510014289  |142       
 [18, 5, 8, 4, 0]    |0.2125455124455007  |0.16752894488944814 |238       
 [20, 14, 17, 18, 15]|0.5876490002856702  |0.17107975159401284 |1234      
 [17, 7, 10, 4, 0]   |0.33013945851966703 |0.243110279808365   |306       
 [18, 3, 5, 0, 0]    |0.1973466081161993  |0.1720803665054871  |137       
 [4, 10, 11, 5, 5]   |3.3497530958620705  |2.534221882937796   |279       
 [17, 5, 1, 1, 3]    |2.5285999323150876  |2.1568865355543623  |159       
 [16, 4, 7, 2, 0]    |0.24838445080011046 |0.20955322212966868 |170       
 [17, 7, 10, 4, 4]   |0.2941718782061752  |0.21233478768574815 |326       
 [17, 4, 9, 1, 0]    |1.8286599129388983  |1.527425152079792   |180       
 [6, 4, 8, 0, 0]     |0.36113282326065704 |0.3284044152213409  |95        
 [5, 12, 20, 12, 20] |1.085221919858548   |0.4501315077396043  |880       
 [17, 4, 10, 2, 2]   |1.7595837962855632  |1.4348743748217636  |204       
Gen 7 Train time: 10.00976123015086 minutes:
 Average MSE:        0.6748766337719269
 Average Error:      0.8316985019006365
 Structure           |Error               |MSE                 |weights&biases
 [18, 3, 3, 0, 0]    |0.1911704640232501  |0.16837026487129975 |127       
 [17, 1, 9, 0, 0]    |0.2060817523482555  |0.18703073209812893 |97        
 [18, 3, 5, 0, 0]    |0.2064576448364086  |0.18002491925470596 |137       
 [18, 5, 7, 2, 0]    |0.2440120039186022  |0.19779228620403452 |210       
 [17, 2, 8, 13, 0]   |0.2554085721858759  |0.20051007739421428 |242       
 [17, 4, 6, 1, 0]    |3.355218079522351   |2.8534157050441555  |162       
 [16, 3, 5, 0, 0]    |0.22298398155585886 |0.196782673049026   |125       
 [18, 2, 6, 0, 0]    |0.18890719837463346 |0.16804904655605718 |117       
 [12, 3, 9, 0, 0]    |0.22371412365689308 |0.19821831080056718 |121       
 [18, 4, 6, 2, 0]    |0.20854099372098064 |0.1747114287837742  |177       
 [18, 4, 7, 2, 0]    |0.23325329368188388 |0.1940517663744568  |184       
 [6, 18, 8, 2, 19]   |0.3985625752637606  |0.26957981684832333 |391       
 [9, 11, 7, 2, 1]    |2.829279362092982   |2.221143241230995   |242       
 [17, 6, 9, 3, 2]    |1.3723456910556393  |1.0549796303089076  |263       
 [12, 3, 9, 18, 0]   |0.3473967185459003  |0.25479706581979666 |310       
 [17, 5, 9, 3, 2]    |2.7926815880819422  |2.205605946715086   |236       
 [18, 4, 6, 12, 0]   |0.28277359570209687 |0.2186881106081639  |257       
 [18, 5, 8, 2, 2]    |1.7806718760079014  |1.4233179798390052  |224       
 [19, 9, 11, 12, 13] |0.3560309229562394  |0.18145679645629426 |674       
 [3, 4, 7, 17, 0]    |1.555509697691926   |1.255838242318696   |214       
 [4, 4, 7, 6, 0]     |1.1505591734292626  |1.0184155752266428  |122       
 [18, 3, 9, 2, 0]    |0.21210500354173964 |0.1789455289122171  |170       
 [17, 5, 6, 1, 0]    |0.20469605414517258 |0.16995372875372877 |186       
 [17, 4, 7, 1, 0]    |0.22260430386810906 |0.18817940189221502 |168       
 [17, 2, 11, 2, 0]   |1.7514978773082512  |1.5120575689376807  |147       
Increasing Epochs
Gen 8 Train time: 11.420424052079518 minutes:
 Average MSE:        0.42392711786890475
 Average Error:      0.5341075213807502
 Structure           |Error               |MSE                 |weights&biases
 [18, 2, 6, 0, 0]    |0.22988430344361657 |0.20450167248412593 |117       
 [18, 3, 3, 0, 0]    |0.1920840945890772  |0.16917493007493764 |127       
 [17, 5, 6, 1, 0]    |0.3346714262477362  |0.27786884820843866 |186       
 [18, 3, 7, 7, 0]    |0.25623305435253163 |0.20915746700199725 |203       
 [18, 4, 5, 1, 0]    |1.0056711895965436  |0.8544093811236422  |163       
 [18, 3, 6, 0, 0]    |0.21415222416477975 |0.18580302180909933 |142       
 [3, 2, 9, 7, 0]     |2.526182655118745   |2.2360464557179918  |122       
 [7, 3, 11, 6, 17]   |1.3356312318909236  |0.9914408528416028  |298       
 [18, 3, 6, 1, 0]    |0.9740842868295108  |0.8434476495426617  |144       
 [12, 10, 8, 8, 10]  |0.3993866367903208  |0.260585223752567   |427       
 [18, 3, 7, 8, 0]    |0.18428257868653394 |0.14907810053392664 |212       
 [18, 4, 5, 12, 0]   |0.23563670555553218 |0.18535839767991752 |240       
 [18, 6, 10, 13, 7]  |0.32760136706034193 |0.2013002400061732  |487       
 [18, 2, 7, 7, 0]    |0.19481358719607836 |0.16321088510328202 |177       
 [18, 2, 17, 0, 0]   |0.21277212962449782 |0.18113122690191796 |161       
 [14, 18, 8, 0, 0]   |0.5072371271662666  |0.3160747071550664  |473       
 [19, 6, 9, 6, 16]   |0.36351409060708967 |0.23670580949601994 |429       
 [18, 3, 7, 2, 0]    |0.22853054169391068 |0.19513075319848466 |158       
 [15, 3, 9, 7, 0]    |0.30103509371587783 |0.24474744652685865 |207       
 [18, 4, 6, 6, 0]    |0.2477813926583757  |0.20104864148409543 |209       
 [18, 2, 6, 6, 0]    |0.22718695001637276 |0.19378964116926806 |159       
 [18, 3, 4, 0, 0]    |0.20925967714030794 |0.18338283369512584 |132       
 [17, 5, 13, 1, 0]   |1.9346037051988125  |1.529441294913925   |235       
 [20, 17, 4, 18, 18] |0.4729004484365082  |0.1847280785128271  |940       
 [18, 4, 6, 1, 0]    |0.23755153673846446 |0.20061438778866786 |169       
Result:  [18, 3, 7, 8]
Fold 0
Fold 0 Train time: 20.1172545115153 minutes, MSE: 0.0104442130672598
Fold 1
Fold 1 Train time: 20.082787148157756 minutes, MSE: 0.008274251411666943
Fold 2
Fold 2 Train time: 20.155441971619926 minutes, MSE: 0.007833915460623859
Fold 3
Fold 3 Train time: 19.71953126589457 minutes, MSE: 0.006918188029666045
Fold 4
Fold 4 Train time: 19.696448385715485 minutes, MSE: 0.06155081961933665
Total Time: 184.96257143417995 minutes
CellsPerSensor: 7
 Resulting Network Architecture: [18, 3, 7, 8]
 MSE after 5-Fold CV: 0.01900427751771066
 Weights and Biases: 212
 Objective Function Value: 0.023492097460962983
~/workspace/SolarCellResearch
