/tmp/tmp.iQ3mII5Omp ~/workspace/SolarCellResearch
Using TensorFlow backend.
Genetically searching for best layer structure...
  Training on:     datasets/N1dataset10k93.mat
  Evaluating with: datasets/N1dataset100k93.mat
Gen 0 Train time: 8.258003373940786 minutes:
 Average MSE:        1.8917892285064795
 Average Error:      2.8121311473004402
 Structure           |Error               |MSE                 |weights&biases
 [18, 1, 19, 0, 0]   |1.2542118339062276  |1.10021691355413    |131       
 [2, 14, 17, 17, 0]  |6.098950808796767   |3.2580105808545503  |627       
 [8, 0, 0, 0, 0]     |1.0030297188156574  |0.9704699293678928  |33        
 [8, 8, 5, 8, 12]    |2.040548156630636   |1.496633834509824   |310       
 [3, 0, 0, 0, 0]     |2.9844643712509544  |2.9459174323951145  |13        
 [18, 9, 1, 0, 0]    |1.9040145929021095  |1.5022509260581602  |237       
 [10, 9, 15, 0, 0]   |0.9420784203987959  |0.7014071418568918  |295       
 [1, 0, 0, 0, 0]     |6.424207620141996   |6.39216675096601    |5         
 [3, 19, 19, 17, 0]  |7.76879207470991    |3.4113724630496507  |823       
 [4, 4, 5, 3, 10]    |2.240290507076376   |1.9750733721464804  |126       
 [18, 5, 12, 0, 0]   |0.7495396517238853  |0.5931570598739573  |234       
 [20, 15, 0, 0, 0]   |0.9833096457038076  |0.6650911315960796  |391       
 [6, 8, 0, 0, 0]     |1.32623066585452    |1.2205979147977173  |83        
 [6, 0, 0, 0, 0]     |1.4190799528308258  |1.3840427439566032  |25        
 [5, 11, 6, 0, 0]    |1.0507761682122279  |0.8954123853357648  |160       
 [18, 8, 19, 13, 7]  |2.1983792648032865  |1.0457354220456718  |743       
 [18, 10, 6, 0, 0]   |0.8707205244565176  |0.6341725370808625  |317       
 [9, 4, 4, 0, 0]     |1.1340956879094237  |1.0344145170190673  |92        
 [16, 17, 19, 7, 1]  |16.81423864549838   |7.33917226531162    |829       
 [12, 2, 3, 0, 0]    |1.2302281061083946  |1.141336112140375   |75        
 [10, 17, 12, 6, 0]  |1.65145327088621    |0.9837885143171073  |518       
 [15, 0, 0, 0, 0]    |0.8262726243913039  |0.7773764874180525  |61        
 [5, 9, 11, 0, 0]    |2.1306819841257147  |1.7602258220728977  |191       
 [2, 12, 13, 0, 0]   |4.295652866094452   |3.4301484837366223  |225       
 [18, 16, 3, 0, 0]   |0.9620315192826383  |0.6365399712008937  |413       
Gen 1 Train time: 8.526948996384938 minutes:
 Average MSE:        0.9994739327785073
 Average Error:      1.3218214480982167
 Structure           |Error               |MSE                 |weights&biases
 [18, 5, 12, 0, 0]   |0.9295572979785586  |0.7356161513073044  |234       
 [15, 0, 0, 0, 0]    |0.7277793476422788  |0.6847117236908796  |61        
 [18, 10, 6, 0, 0]   |0.8910784985052558  |0.6489998756926094  |317       
 [18, 8, 9, 0, 0]    |0.7136550378644463  |0.5302771027771103  |297       
 [12, 1, 10, 14, 0]  |1.724386685192766   |1.3591662257552046  |238       
 [8, 6, 2, 0, 0]     |1.053525455472995   |0.9580475349804576  |95        
 [5, 6, 16, 18, 11]  |2.377403704984406   |1.1924488049291546  |690       
 [8, 6, 13, 5, 7]    |1.620027020367072   |1.2134200113370557  |289       
 [8, 1, 2, 0, 0]     |1.176777217555151   |1.130635122862045   |40        
 [18, 8, 19, 13, 7]  |1.7572385869108365  |0.8358915428009983  |743       
 [12, 2, 15, 0, 0]   |0.7878159627928395  |0.6966370286830756  |123       
 [13, 8, 0, 0, 0]    |0.6849865835268025  |0.5837070626775497  |160       
 [12, 3, 6, 0, 0]    |0.77304129919305    |0.6952923984748641  |106       
 [17, 3, 6, 0, 0]    |0.8271760377605041  |0.7219945103304667  |136       
 [9, 11, 7, 1, 5]    |2.0622098521828263  |1.6141010101105902  |245       
 [6, 16, 15, 12, 0]  |1.9997180387845699  |1.1084982706740643  |590       
 [6, 10, 3, 0, 0]    |1.496815802304864   |1.3209353092737186  |125       
 [5, 7, 16, 2, 6]    |4.971892744589563   |3.8954164842671672  |244       
 [12, 5, 10, 0, 0]   |0.8604543131974739  |0.7244846111752785  |172       
 [12, 2, 2, 0, 0]    |0.9526224696065342  |0.8873315280229619  |71        
 [11, 19, 9, 10, 0]  |1.3825348683874743  |0.7960595179436974  |552       
 [14, 7, 14, 0, 0]   |0.7533070475104258  |0.57276351074225    |274       
 [17, 7, 2, 9, 0]    |0.9644871238993143  |0.7663174291198017  |230       
 [13, 5, 8, 0, 0]    |0.7457344247024167  |0.6316715361495804  |166       
 [13, 5, 9, 0, 0]    |0.8113107815429933  |0.6824240156848006  |173       
Gen 2 Train time: 8.620541469256084 minutes:
 Average MSE:        1.1822170444579856
 Average Error:      1.7737558354011378
 Structure           |Error               |MSE                 |weights&biases
 [13, 8, 0, 0, 0]    |0.7327247685869498  |0.6243868605730738  |160       
 [18, 8, 9, 0, 0]    |0.80295090461485    |0.5966278618946673  |297       
 [15, 0, 0, 0, 0]    |0.6922301509758068  |0.6512662133116949  |61        
 [10, 5, 4, 0, 0]    |0.8169919042607853  |0.7289675264682045  |114       
 [14, 1, 8, 0, 0]    |1.051423077805789   |0.9686465983086825  |82        
 [15, 4, 7, 15, 0]   |0.9735048936566707  |0.7357591708532968  |280       
 [18, 8, 14, 7, 4]   |2.1025699459359526  |1.3088650403759796  |474       
 [18, 8, 6, 5, 0]    |1.1240462921037089  |0.8318816763243081  |301       
 [16, 2, 3, 0, 0]    |0.9034260686259517  |0.8215512151014795  |95        
 [9, 6, 13, 9, 6]    |2.126616770473933   |1.467459018482855   |371       
 [13, 6, 12, 14, 0]  |1.068017045129651   |0.7130553015958238  |404       
 [15, 1, 16, 5, 0]   |1.7586596843449842  |1.4630919581531052  |184       
 [15, 12, 0, 0, 0]   |0.5952867807986401  |0.46360981103803667 |250       
 [16, 7, 14, 7, 4]   |1.8975626083408217  |1.2455413129190833  |421       
 [15, 4, 8, 0, 0]    |0.8920909734939707  |0.7617116832138775  |158       
 [9, 18, 13, 20, 6]  |4.5603505115074885  |1.9163062157946524  |867       
 [20, 18, 4, 8, 1]   |14.591140193261147  |8.293022581601752   |565       
 [13, 4, 6, 17, 0]   |1.324016591939232   |1.018845363068974   |262       
 [14, 20, 5, 0, 0]   |0.9708226198193775  |0.6171695439538806  |453       
 [17, 5, 3, 0, 0]    |0.7710207340461758  |0.6550524217305802  |163       
 [16, 7, 9, 0, 0]    |0.8264303222352396  |0.6442685286124574  |249       
 [10, 8, 6, 2, 0]    |1.3842914393752297  |1.145897774847846   |189       
 [15, 3, 11, 0, 0]   |0.9162934149876967  |0.7894501065386937  |149       
 [16, 15, 5, 0, 0]   |0.8000736754271138  |0.5422373483729899  |389       
 [13, 7, 5, 0, 0]    |0.661354513281264   |0.5507549783136397  |183       
Gen 3 Train time: 8.425997686386108 minutes:
 Average MSE:        0.833329825625285
 Average Error:      1.0842612642481129
 Structure           |Error               |MSE                 |weights&biases
 [15, 12, 0, 0, 0]   |0.6247470890204386  |0.4865535221506983  |250       
 [13, 7, 5, 0, 0]    |0.7667171310053124  |0.6384976111593276  |183       
 [15, 0, 0, 0, 0]    |0.722911269118086   |0.6801317222822646  |61        
 [18, 9, 9, 0, 0]    |0.8204449960579774  |0.5927939518106508  |325       
 [17, 8, 8, 3, 0]    |1.2059866314104726  |0.8952054922138991  |298       
 [16, 9, 2, 0, 0]    |0.9923875542301528  |0.7932303912559602  |224       
 [10, 20, 6, 12, 16] |2.2202232814148823  |1.1191928636358004  |685       
 [14, 14, 3, 18, 0]  |1.8291320605232015  |1.2409057673190442  |388       
 [16, 9, 4, 0, 0]    |0.7190705455015104  |0.5622572408169176  |246       
 [15, 2, 4, 0, 0]    |0.8430882139748167  |0.767448668229631   |94        
 [14, 6, 4, 0, 0]    |0.7830333272303283  |0.6639290282496081  |165       
 [17, 10, 5, 0, 0]   |0.907317411370209   |0.6775560949520673  |292       
 [13, 8, 3, 0, 0]    |0.8684463958908838  |0.723938079693855   |182       
 [15, 7, 2, 0, 0]    |1.1145017528408037  |0.9346412123929888  |176       
 [15, 6, 6, 0, 0]    |0.8255944160918047  |0.6827328433197547  |190       
 [14, 6, 3, 20, 0]   |1.206690315402886   |0.9360197852668952  |254       
 [14, 4, 7, 9, 0]    |1.1480351388468644  |0.9222415602392002  |219       
 [14, 5, 4, 0, 0]    |0.7139181890808185  |0.6169379025378197  |146       
 [15, 2, 14, 3, 0]   |2.9788629696539726  |2.518193234397116   |168       
 [14, 10, 0, 0, 0]   |0.8478674618301765  |0.6920957607047319  |203       
 [16, 17, 7, 0, 0]   |0.8187849733535895  |0.5112309789021661  |471       
 [5, 12, 6, 9, 0]    |1.4284386468924846  |1.1258991855430005  |238       
 [16, 8, 7, 0, 0]    |0.8665473600985013  |0.6715018456049504  |255       
 [19, 6, 9, 0, 0]    |0.8513388436222337  |0.6630233580720999  |250       
 [16, 14, 3, 0, 0]   |1.002445631740419   |0.7170875398816743  |335       
Increasing Epochs
Gen 4 Train time: 9.966426682472228 minutes:
 Average MSE:        0.8189862072339884
 Average Error:      1.12769545438119
 Structure           |Error               |MSE                 |weights&biases
 [15, 12, 0, 0, 0]   |0.6516445979597225  |0.5075013231752827  |250       
 [14, 5, 4, 0, 0]    |0.9815832175217591  |0.848242698738195   |146       
 [16, 9, 4, 0, 0]    |0.7586897319328612  |0.5932363632210567  |246       
 [15, 7, 2, 9, 0]    |0.9620167454350053  |0.7797956182091272  |210       
 [15, 14, 6, 0, 0]   |0.7954784548964522  |0.551666536772698   |366       
 [4, 11, 3, 5, 0]    |2.2724991126014182  |1.9974675567020874  |129       
 [10, 12, 15, 11, 9] |1.837145037426978   |0.9581152136552247  |651       
 [15, 6, 0, 0, 0]    |0.5666682506114945  |0.48871233117712964 |148       
 [12, 6, 4, 4, 18]   |1.462959768923399   |1.1156772533579267  |271       
 [16, 8, 6, 10, 0]   |1.0424721634108964  |0.7577475264158622  |319       
 [14, 9, 3, 0, 0]    |0.910943326685635   |0.7376582823485858  |211       
 [16, 4, 4, 2, 0]    |0.9071488713867161  |0.781571450202242   |149       
 [16, 11, 1, 0, 0]   |1.3499482050662746  |1.0523925857762904  |249       
 [15, 12, 20, 2, 17] |1.4764294636657092  |0.8038252761830057  |608       
 [17, 13, 7, 2, 0]   |1.439520658275906   |0.9630116034100743  |402       
 [16, 10, 4, 0, 0]   |1.0851634016732237  |0.8308803948009504  |267       
 [15, 7, 4, 0, 0]    |0.8420515457071197  |0.6935624114232419  |194       
 [17, 3, 5, 0, 0]    |0.9062332192264608  |0.7949638876490666  |131       
 [14, 7, 4, 0, 0]    |0.8104602425290168  |0.674250893337937   |184       
 [14, 9, 2, 0, 0]    |0.8979208326609913  |0.7351553995289419  |200       
 [14, 10, 16, 0, 0]  |0.898900633097807   |0.6116575076761094  |385       
 [14, 6, 5, 5, 18]   |1.3544146685982954  |0.9795807373465311  |324       
 [15, 5, 0, 0, 0]    |0.7094175570413713  |0.6223136905017629  |131       
 [10, 15, 19, 5, 0]  |1.275132918203582   |0.6963174771974405  |605       
 [18, 16, 3, 16, 18] |1.9975437349916543  |0.8993511620429431  |798       
Gen 5 Train time: 9.970476798216502 minutes:
 Average MSE:        0.9173703617672146
 Average Error:      1.233282878585913
 Structure           |Error               |MSE                 |weights&biases
 [15, 6, 0, 0, 0]    |0.6332908050753913  |0.5461696951037153  |148       
 [15, 12, 0, 0, 0]   |0.6887451822322728  |0.5363952872591515  |250       
 [15, 5, 0, 0, 0]    |0.6001424690990182  |0.5264556410605864  |131       
 [16, 7, 3, 5, 0]    |0.8138179912883838  |0.6550664907476168  |217       
 [16, 8, 3, 0, 0]    |0.8059946380356353  |0.6500680761364647  |215       
 [10, 10, 4, 3, 0]   |1.08453823696888    |0.8852849648317889  |203       
 [13, 12, 17, 13, 16]|2.32696292556152    |0.9432385603721392  |903       
 [15, 9, 3, 0, 0]    |0.8844648168601833  |0.707673433648421   |223       
 [16, 15, 1, 0, 0]   |1.6213556687944168  |1.1761691002681405  |321       
 [15, 18, 7, 0, 0]   |0.9929780436112738  |0.6181360337884907  |474       
 [15, 5, 2, 0, 0]    |1.0295290738321046  |0.8950295789184451  |140       
 [15, 11, 5, 0, 0]   |0.7263684853963803  |0.5451480677475999  |287       
 [2, 6, 12, 1, 9]    |4.976859057204904   |4.2879080528928935  |149       
 [15, 10, 3, 13, 0]  |1.2883294854121492  |0.9506079103800527  |304       
 [15, 9, 11, 0, 0]   |0.6816282569837772  |0.4994384820766407  |311       
 [17, 8, 8, 0, 0]    |0.8664800931109807  |0.6574962988998166  |276       
 [15, 10, 3, 0, 0]   |0.826420341699228   |0.6487863945054727  |242       
 [15, 9, 12, 1, 9]   |1.4957228028877037  |1.0540180447156555  |350       
 [12, 9, 17, 13, 0]  |1.4140743473697128  |0.7988957203486271  |571       
 [7, 6, 2, 0, 0]     |0.8263688415409658  |0.7582712818580692  |86        
 [19, 15, 1, 16, 14] |1.5444823743591003  |0.799865909439424   |658       
 [14, 9, 1, 2, 9]    |1.4609868727544086  |1.1631270927009179  |228       
 [14, 7, 3, 7, 9]    |1.0452291066531056  |0.7891775925917591  |281       
 [14, 6, 2, 2, 9]    |1.3173532598324058  |1.0904872530395868  |189       
 [15, 6, 2, 0, 0]    |0.8799487880839211  |0.7513440808488857  |158       
Increasing Epochs
Gen 6 Train time: 11.147120817502339 minutes:
 Average MSE:        1.009418777633107
 Average Error:      1.4635334106170228
 Structure           |Error               |MSE                 |weights&biases
 [15, 5, 0, 0, 0]    |0.4815449029059458  |0.42241974799650495 |131       
 [15, 6, 0, 0, 0]    |0.7008982005191517  |0.6044764165346054  |148       
 [15, 9, 11, 0, 0]   |0.7645052570697516  |0.5601636100300581  |311       
 [16, 7, 3, 5, 0]    |0.84153055125198    |0.6773731607884772  |217       
 [16, 9, 6, 8, 0]    |0.9090289556495649  |0.6561418157134911  |326       
 [13, 8, 2, 2, 0]    |1.3715737370259673  |1.1479282474600594  |178       
 [11, 6, 1, 4, 0]    |0.9938609849102836  |0.8770792407830006  |125       
 [3, 10, 1, 2, 11]   |4.828720870815948   |4.330060882469228   |109       
 [11, 8, 3, 0, 0]    |0.6679984354385649  |0.5692307177981197  |160       
 [16, 10, 4, 0, 0]   |0.6172582633407231  |0.4726180303794741  |267       
 [15, 14, 9, 0, 0]   |0.9059388746153806  |0.5988264579095367  |414       
 [15, 5, 18, 7, 0]   |0.7510428497665657  |0.516700140433638   |374       
 [16, 8, 3, 3, 0]    |1.1742660693662714  |0.9357970346161363  |227       
 [13, 8, 2, 7, 0]    |0.7387302492788874  |0.6060320261093942  |198       
 [15, 15, 4, 0, 0]   |0.7550599960010921  |0.5299577100446304  |354       
 [15, 15, 17, 18, 6] |2.4404434429805644  |0.8959951864556587  |1002      
 [15, 6, 19, 0, 0]   |0.8276891266829043  |0.6168572483399946  |294       
 [11, 8, 7, 0, 0]    |0.8298573722690079  |0.67942975134512    |200       
 [15, 8, 3, 0, 0]    |0.7430598050640214  |0.6059373105714744  |204       
 [15, 18, 7, 0, 0]   |0.9693592608361783  |0.603433170214173   |474       
 [15, 8, 0, 0, 0]    |0.7873591784217067  |0.6563436665209668  |182       
 [11, 6, 1, 0, 0]    |1.4252006595574296  |1.2716466272189724  |114       
 [15, 15, 0, 0, 0]   |0.5986905813987433  |0.44307759204601344 |301       
 [3, 8, 16, 19, 9]   |10.042480188826294  |4.996931952087032   |698       
 [11, 5, 6, 10, 16]  |1.4222374514326397  |0.9610116969619107  |392       
Gen 7 Train time: 11.023046370347341 minutes:
 Average MSE:        1.0697198663442706
 Average Error:      1.520408595920472
 Structure           |Error               |MSE                 |weights&biases
 [15, 5, 0, 0, 0]    |0.5968513747631482  |0.5235686346119635  |131       
 [15, 15, 0, 0, 0]   |0.7931163174540034  |0.5869677577504295  |301       
 [16, 10, 4, 0, 0]   |0.6645424287607585  |0.5088222425483094  |267       
 [15, 11, 1, 0, 0]   |1.258968950475317   |0.9953041528334688  |235       
 [16, 12, 2, 2, 0]   |1.5429911663974942  |1.1580329678733075  |287       
 [15, 12, 4, 0, 0]   |0.7069185380629627  |0.5268497677837837  |294       
 [13, 9, 7, 0, 0]    |0.690939329632299   |0.5418840339750275  |243       
 [15, 10, 9, 4, 0]   |1.0617614586494604  |0.7489592389167355  |349       
 [15, 8, 13, 4, 0]   |0.8452583704799005  |0.5950481606283254  |351       
 [15, 18, 0, 0, 0]   |0.8058794052639607  |0.5667589664322594  |352       
 [14, 9, 5, 4, 0]    |1.0225543650062299  |0.7916022493230301  |256       
 [15, 10, 2, 0, 0]   |0.8007288859343944  |0.6362060063699356  |230       
 [15, 10, 1, 0, 0]   |1.5475785465800542  |1.2444472822823787  |218       
 [15, 10, 2, 1, 0]   |1.6084740630227918  |1.2754332727132733  |232       
 [15, 10, 5, 0, 0]   |0.6717769566383338  |0.5148761445211745  |266       
 [1, 19, 11, 20, 1]  |14.738637298356783  |8.72744303807054    |524       
 [13, 9, 9, 0, 0]    |0.5519298733251283  |0.42344388278445877 |265       
 [7, 8, 4, 6, 14]    |1.84075698572407    |1.413652657974323   |264       
 [14, 7, 11, 4, 0]   |0.8879671306401163  |0.6657636497246664  |288       
 [14, 8, 3, 4, 0]    |0.900736592850844   |0.7301228919337568  |210       
 [14, 7, 1, 1, 0]    |1.493315399194251   |1.2737925983052314  |159       
 [16, 10, 8, 0, 0]   |0.672888841903112   |0.49106679044068147 |315       
 [15, 7, 0, 0, 0]    |0.5646147395843898  |0.4787332829288422  |165       
 [14, 12, 3, 8, 0]   |1.040309366355688   |0.7691403138078694  |302       
 [15, 11, 0, 0, 0]   |0.7007185129563223  |0.555076674072994   |233       
Result:  [13, 9, 9]
Fold 0
Fold 0 Train time: 19.299156363805135 minutes, MSE: 0.6100848599006212
Fold 1
Fold 1 Train time: 19.342755484580994 minutes, MSE: 0.7127641702029125
Fold 2
Fold 2 Train time: 19.290574475129446 minutes, MSE: 0.295061113840553
Fold 3
Fold 3 Train time: 19.39765662352244 minutes, MSE: 0.3487742937078479
Fold 4
Fold 4 Train time: 18.38387294212977 minutes, MSE: 0.3432077663158819
Total Time: 171.6580993096034 minutes
CellsPerSensor: 1
 Resulting Network Architecture: [13, 9, 9]
 MSE after 5-Fold CV: 0.4619784407935633
 Weights and Biases: 265
 Objective Function Value: 0.6021570098721236
~/workspace/SolarCellResearch
