/tmp/tmp.p9v03PX35b ~/workspace/SolarCellResearch
Using TensorFlow backend.
Genetically searching for best layer structure...
  Training on:     datasets/N1dataset10k51.mat
  Evaluating with: datasets/N1dataset100k51.mat
Gen 0 Train time: 8.024927361806233 minutes:
 Average MSE:        1.95169237772981
 Average Error:      2.430468302701993
 Structure           |Error               |MSE                 |weights&biases
 [6, 0, 0, 0, 0]     |1.08607121714482    |1.0592560232500186  |25        
 [13, 12, 11, 7, 16] |2.222967548145302   |1.2458811575590265  |579       
 [1, 0, 0, 0, 0]     |5.585288896048108   |5.557432151464188   |5         
 [3, 0, 0, 0, 0]     |5.113019575533947   |5.046980505057724   |13        
 [17, 3, 8, 4, 0]    |1.1517904223300097  |0.96398226741603    |178       
 [6, 17, 18, 1, 1]   |14.431283997111548  |8.894190847965405   |484       
 [13, 4, 0, 0, 0]    |0.719742664162182   |0.6512500938908315  |100       
 [7, 0, 0, 0, 0]     |0.9952966836660421  |0.9668475855422034  |29        
 [5, 17, 0, 0, 0]    |1.1592130581841422  |1.0128228939720323  |135       
 [13, 0, 0, 0, 0]    |0.7267923437041193  |0.6892753319941514  |53        
 [14, 5, 5, 19, 0]   |0.8433527133388495  |0.6367551953749485  |281       
 [11, 11, 10, 7, 20] |1.723334380557166   |1.0012618029297387  |543       
 [3, 10, 15, 0, 0]   |2.3466145595798555  |1.8644641197097571  |230       
 [18, 7, 0, 0, 0]    |0.681514113251627   |0.5607734323377531  |195       
 [1, 20, 0, 0, 0]    |6.15810709526462    |5.776335243003873   |64        
 [11, 1, 13, 1, 9]   |4.392311918023945   |3.922996289018529   |113       
 [5, 0, 0, 0, 0]     |1.2052417852127268  |1.1801956129718536  |21        
 [3, 15, 12, 11, 0]  |3.0964435822743925  |2.0426627398944217  |416       
 [11, 18, 2, 15, 0]  |1.5126045658433673  |1.0680483840987485  |348       
 [9, 0, 0, 0, 0]     |0.9313411433148243  |0.8975112336811988  |37        
 [16, 0, 0, 0, 0]    |0.5892907062711483  |0.5522051473173835  |65        
 [19, 10, 2, 3, 20]  |1.2729896102312446  |0.8627486842254422  |389       
 [12, 0, 0, 0, 0]    |0.7798890467150037  |0.7425956335405823  |49        
 [11, 12, 9, 0, 0]   |0.7770805498115284  |0.5733773277858362  |304       
 [19, 6, 1, 8, 0]    |1.260125391829298   |1.0224597392435795  |209       
Gen 1 Train time: 8.223895565668743 minutes:
 Average MSE:        1.300977881358856
 Average Error:      1.622620213266287
 Structure           |Error               |MSE                 |weights&biases
 [16, 0, 0, 0, 0]    |0.621636736798248   |0.5825155600937408  |65        
 [18, 7, 0, 0, 0]    |0.7005258612915218  |0.5764169575352072  |195       
 [13, 4, 0, 0, 0]    |0.609019839285238   |0.5510639389115297  |100       
 [11, 9, 0, 0, 0]    |0.7505529469278145  |0.6453612241377661  |151       
 [14, 6, 5, 0, 0]    |0.8922918297407492  |0.7505402214134784  |173       
 [13, 20, 3, 10, 0]  |1.3724584969330054  |0.8901223577527881  |433       
 [12, 4, 0, 0, 0]    |0.8065111221105049  |0.734887692383639   |93        
 [11, 11, 10, 7, 20] |2.249956344121334   |1.3072305473878993  |543       
 [10, 11, 3, 10, 0]  |1.257357748635326   |0.9910527611419685  |238       
 [9, 0, 0, 0, 0]     |0.7346484775009     |0.7079632056381333  |37        
 [13, 3, 3, 10, 0]   |1.0152784442391793  |0.8791171657353161  |144       
 [8, 7, 8, 0, 0]     |1.0014865258349162  |0.8534105227235729  |160       
 [4, 8, 14, 11, 10]  |5.170565840588431   |3.218714735645036   |474       
 [4, 0, 0, 0, 0]     |1.580213177535868   |1.5535766058712521  |17        
 [7, 11, 5, 4, 8]    |1.6403847869598878  |1.2877942105649016  |242       
 [5, 0, 0, 0, 0]     |1.4175753709429322  |1.3881166869339059  |21        
 [15, 4, 4, 2, 0]    |1.0796302629031143  |0.9367101652402177  |142       
 [15, 8, 3, 10, 15]  |1.2048346468883935  |0.7908415360523556  |421       
 [14, 4, 3, 16, 1]   |10.863694780825936  |8.89444100911496    |200       
 [17, 2, 2, 2, 0]    |0.9961894204076589  |0.8995884856880064  |102       
 [11, 2, 0, 0, 0]    |0.9892988497935249  |0.9316865698512327  |60        
 [16, 4, 0, 0, 0]    |0.7335744225888932  |0.6499718503024944  |121       
 [14, 5, 3, 10, 0]   |0.9027657571966642  |0.7495425706542609  |186       
 [13, 3, 1, 4, 0]    |1.1718533588523057  |1.062459563163793   |98        
 [14, 3, 3, 10, 0]   |0.8032002827548301  |0.6913208900339441  |150       
Increasing Epochs
Gen 2 Train time: 9.6383642911911 minutes:
 Average MSE:        1.2720973983468074
 Average Error:      1.5124738850688553
 Structure           |Error               |MSE                 |weights&biases
 [13, 4, 0, 0, 0]    |0.5986983766047637  |0.5417246932693749  |100       
 [16, 0, 0, 0, 0]    |0.6096033000744719  |0.5712394180672795  |65        
 [18, 7, 0, 0, 0]    |0.6360154087748761  |0.523335521397634   |195       
 [15, 3, 3, 11, 7]   |1.1228998089224205  |0.8824214121147573  |241       
 [10, 8, 3, 12, 4]   |1.5384334363414058  |1.1981331649259193  |250       
 [12, 2, 2, 5, 0]    |1.0728532216052011  |0.9814950208806088  |89        
 [15, 3, 1, 1, 0]    |1.5013613905440997  |1.3571301552122663  |101       
 [10, 1, 0, 0, 0]    |1.4752213051571192  |1.4131312910795553  |43        
 [14, 1, 0, 0, 0]    |0.9571822878460401  |0.9023422220697416  |59        
 [12, 4, 0, 0, 0]    |0.6614585428668468  |0.6027167249756269  |93        
 [14, 7, 0, 0, 0]    |0.6668363805609842  |0.5710887972106657  |155       
 [17, 2, 2, 2, 0]    |1.1395204857115817  |1.0290206733296303  |102       
 [15, 7, 4, 5, 8]    |1.420812763160063   |1.0835352514887273  |271       
 [15, 10, 2, 5, 0]   |1.0020834155294036  |0.7819857573023843  |248       
 [11, 1, 1, 1, 0]    |2.103277193301332   |1.9986994550115642  |51        
 [17, 6, 2, 1, 0]    |1.5222751370486016  |1.2740566424181532  |178       
 [13, 3, 2, 5, 3]    |1.596165611166564   |1.407203300729568   |126       
 [13, 7, 8, 17, 5]   |1.6997422870202732  |1.0838035327061024  |450       
 [15, 2, 0, 0, 0]    |0.7291709080524373  |0.6731095845327915  |80        
 [12, 6, 4, 0, 0]    |0.826728260033579   |0.7137095278468616  |147       
 [11, 11, 2, 12, 19] |1.79755990680923    |1.0990323797486474  |492       
 [11, 2, 17, 0, 0]   |0.9442838700429445  |0.8324946794079615  |126       
 [6, 10, 6, 4, 8]    |2.377577440401991   |1.8871770480021155  |231       
 [16, 3, 3, 9, 1]    |8.736158300070532   |7.451911221338122   |159       
 [14, 4, 2, 5, 0]    |1.0759280890746188  |0.9419374836041253  |133       
Increasing Epochs
Gen 3 Train time: 10.628588557243347 minutes:
 Average MSE:        0.7088756025615183
 Average Error:      0.841514145766408
 Structure           |Error               |MSE                 |weights&biases
 [13, 4, 0, 0, 0]    |0.5100079167978034  |0.46147424661322295 |100       
 [16, 0, 0, 0, 0]    |0.6191765460285424  |0.5802101953697484  |65        
 [18, 7, 0, 0, 0]    |0.7564171425628556  |0.6224062408484179  |195       
 [16, 19, 0, 0, 0]   |0.6641077321147626  |0.4491892914746816  |391       
 [14, 7, 1, 3, 0]    |1.1926838408833629  |1.0112691196523969  |165       
 [15, 2, 0, 0, 0]    |0.7492166294343163  |0.691614117615516   |80        
 [12, 2, 10, 3, 0]   |0.9759747165372266  |0.8578563668669525  |129       
 [13, 11, 0, 0, 0]   |0.6155484174892125  |0.50145486642888    |205       
 [15, 6, 0, 0, 0]    |0.5872902648407818  |0.5064973979012446  |148       
 [14, 6, 0, 0, 0]    |0.5726754662984064  |0.49835824198327205 |139       
 [15, 11, 0, 0, 0]   |0.5981736706416497  |0.4738454107869388  |233       
 [17, 5, 0, 0, 0]    |0.5285355441969293  |0.4562815521556659  |147       
 [12, 8, 1, 6, 10]   |1.284343785137141   |1.0082820226222122  |242       
 [14, 7, 4, 3, 4]    |1.0357488296159267  |0.8353743527004104  |215       
 [14, 3, 0, 0, 0]    |0.6610078196308493  |0.6035118463658727  |91        
 [13, 7, 2, 0, 0]    |0.7548765254216706  |0.645841548919852   |156       
 [18, 7, 1, 1, 0]    |1.8576936185655326  |1.522472606940639   |199       
 [14, 4, 1, 3, 0]    |0.9662905147900669  |0.8595977342514939  |117       
 [13, 2, 1, 16, 0]   |0.774829928332703   |0.6879000546375965  |119       
 [14, 3, 12, 0, 0]   |0.5997507919785905  |0.5172437442134705  |148       
 [14, 5, 4, 6, 4]    |1.5533455655386128  |1.2666948581473834  |204       
 [16, 4, 8, 3, 4]    |1.0321235036663154  |0.8416578796578701  |204       
 [12, 4, 6, 0, 0]    |0.8045572995013852  |0.7100193247617991  |125       
 [14, 6, 2, 5, 0]    |0.7253977798692551  |0.613831319390223   |167       
 [17, 4, 15, 0, 0]   |0.6180797942862994  |0.4990057237321951  |214       
Gen 4 Train time: 10.997462316354115 minutes:
 Average MSE:        1.165176871543631
 Average Error:      1.5150486766780216
 Structure           |Error               |MSE                 |weights&biases
 [13, 4, 0, 0, 0]    |0.7870662760794367  |0.7121670170708951  |100       
 [17, 5, 0, 0, 0]    |0.8001227585298378  |0.6907411586325409  |147       
 [14, 6, 0, 0, 0]    |0.5359991036943714  |0.46644144326334275 |139       
 [17, 12, 0, 0, 0]   |0.6632740002214135  |0.5012917054976456  |280       
 [7, 9, 8, 15, 11]   |2.59908400239486    |1.5827424593846868  |496       
 [14, 11, 5, 2, 0]   |1.222199006014565   |0.9218725474992849  |282       
 [14, 7, 1, 3, 5]    |1.7913616857040706  |1.48583372980804    |187       
 [13, 4, 15, 0, 0]   |0.8083677911731068  |0.6711664320448996  |186       
 [16, 11, 9, 0, 0]   |0.7476907241559484  |0.5253104504916836  |353       
 [16, 3, 2, 0, 0]    |0.8468235614236402  |0.7586134528966733  |110       
 [14, 7, 1, 11, 0]   |1.287256389704534   |1.0655734700539907  |189       
 [14, 4, 2, 11, 0]   |0.7653175213466947  |0.6541199917793104  |157       
 [13, 9, 1, 0, 0]    |1.357368432842939   |1.1371758331854713  |177       
 [5, 2, 2, 17, 8]    |3.7831266201294094  |2.9848539447496094  |237       
 [14, 6, 2, 2, 0]    |0.8252555387541771  |0.7067613686914938  |155       
 [15, 3, 2, 12, 2]   |5.39650058118315    |4.571085495092094   |166       
 [15, 3, 13, 2, 0]   |1.213013892676668   |1.0172552644363613  |176       
 [14, 11, 5, 2, 13]  |1.1169220867900382  |0.8013774378879827  |332       
 [18, 6, 0, 0, 0]    |0.5037109722745416  |0.4228437121143475  |175       
 [14, 11, 0, 0, 0]   |0.5363238442188363  |0.43084059202463354 |219       
 [14, 5, 1, 2, 0]    |1.1313663146776998  |0.9934475916159222  |130       
 [15, 4, 8, 0, 0]    |0.6091999187432559  |0.5201652177941458  |158       
 [3, 4, 8, 0, 0]     |2.1185590825225886  |1.9674458516690958  |74        
 [16, 16, 12, 0, 0]  |0.9832139836350173  |0.5746877102933147  |537       
 [4, 4, 19, 11, 20]  |5.447092828059745   |2.96560791061331    |608       
Gen 5 Train time: 10.89755247036616 minutes:
 Average MSE:        1.1224806143561028
 Average Error:      1.3798863093851081
 Structure           |Error               |MSE                 |weights&biases
 [18, 6, 0, 0, 0]    |0.5065846925146709  |0.42525607674565064 |175       
 [14, 6, 0, 0, 0]    |0.6348253302047675  |0.5524427955194533  |139       
 [14, 11, 0, 0, 0]   |0.6580573352221297  |0.5286317491742383  |219       
 [16, 12, 3, 1, 7]   |1.6235219339472589  |1.1824609561149466  |317       
 [18, 9, 0, 0, 0]    |0.9170547096474639  |0.7249967209620289  |235       
 [12, 6, 8, 1, 1]    |7.36554558398499    |6.133791811972655   |183       
 [16, 6, 0, 0, 0]    |0.555878981127545   |0.47511202138115205 |157       
 [14, 9, 1, 6, 0]    |0.966667479315675   |0.7867059684341324  |206       
 [5, 8, 10, 1, 0]    |1.9221808957861848  |1.6281760892064945  |166       
 [20, 8, 1, 14, 0]   |0.8952101651896952  |0.6765852880362659  |280       
 [15, 5, 5, 1, 0]    |1.4005010291120847  |1.1898533336991928  |163       
 [17, 9, 0, 0, 0]    |0.6633780087998781  |0.5307785955362359  |223       
 [16, 8, 3, 1, 0]    |1.6519549231918498  |1.3297080256180618  |217       
 [14, 5, 2, 7, 0]    |0.7313987348850673  |0.6245046503136381  |158       
 [16, 5, 1, 1, 0]    |1.435502653655708   |1.2442277659663568  |143       
 [15, 5, 15, 2, 3]   |3.3348435183830794  |2.5713363832560177  |260       
 [14, 8, 1, 1, 0]    |2.0533858243275445  |1.7237291465797235  |175       
 [17, 5, 6, 0, 0]    |0.581603524757041   |0.48385679587717456 |184       
 [15, 7, 7, 1, 0]    |1.3341312061261774  |1.0674581889288082  |223       
 [15, 4, 8, 7, 0]    |0.8384983411537281  |0.6729106808362221  |220       
 [15, 11, 6, 0, 0]   |0.9037508418392466  |0.6695150905909553  |300       
 [15, 5, 0, 0, 0]    |0.49709871396772715 |0.4360638275194195  |131       
 [15, 5, 8, 12, 0]   |0.9645420150217594  |0.7188504888050566  |294       
 [14, 5, 2, 7, 4]    |1.2703253050090586  |1.0536633674116413  |187       
 [16, 8, 4, 0, 0]    |0.7907159874573735  |0.6313995404170488  |225       
Gen 6 Train time: 11.0409130970637 minutes:
 Average MSE:        0.7790240704054794
 Average Error:      1.0069855757372885
 Structure           |Error               |MSE                 |weights&biases
 [15, 5, 0, 0, 0]    |0.5053349482470132  |0.4432887986232581  |131       
 [18, 6, 0, 0, 0]    |0.5381494521520862  |0.45175333583217137 |175       
 [16, 6, 0, 0, 0]    |0.49541348794145973 |0.42343191893659193 |157       
 [13, 6, 14, 14, 5]  |1.307425289198927   |0.7835344687396519  |512       
 [17, 9, 6, 1, 0]    |1.5993803038911354  |1.206370474785618   |282       
 [9, 9, 3, 0, 0]     |0.7028357609051737  |0.6043317115497052  |151       
 [15, 5, 4, 4, 0]    |0.691296762799235   |0.5808945251415137  |174       
 [15, 20, 0, 0, 0]   |0.7476256092547185  |0.5082138534151504  |386       
 [16, 10, 0, 0, 0]   |0.8200145480114017  |0.6521809679227506  |229       
 [15, 8, 3, 0, 0]    |0.7100337315774432  |0.5790057903751036  |204       
 [16, 7, 2, 0, 0]    |1.081894364294469   |0.8982683232334614  |186       
 [14, 5, 2, 7, 0]    |0.802259883257032   |0.6850094264010764  |158       
 [16, 6, 1, 4, 0]    |0.8600659522248777  |0.7256073838445956  |170       
 [14, 8, 1, 3, 0]    |1.0747251599451737  |0.8967886743382408  |181       
 [15, 5, 8, 3, 0]    |0.8236391029741481  |0.6716466959138736  |204       
 [10, 7, 5, 1, 0]    |1.5692730105908959  |1.3439492238854467  |155       
 [15, 6, 0, 0, 0]    |0.5897233489856643  |0.5085957653730634  |148       
 [15, 5, 4, 12, 0]   |0.8664950455544607  |0.6939891951044279  |222       
 [5, 5, 7, 10, 8]    |2.0660660730957194  |1.5866840753199507  |264       
 [16, 7, 4, 6, 0]    |0.7355752067860947  |0.5809430825437826  |236       
 [18, 4, 9, 13, 15]  |1.4505700433611097  |0.8529593504166091  |531       
 [17, 7, 2, 3, 0]    |0.83669886121984    |0.680933208148959   |206       
 [15, 6, 8, 7, 0]    |0.794109928837159   |0.6074208636185845  |268       
 [3, 17, 12, 1, 19]  |2.847827832987577   |1.9789304852868512  |364       
 [18, 8, 0, 0, 0]    |0.6582056853393956  |0.5308701613865406  |215       
Gen 7 Train time: 11.199604392051697 minutes:
 Average MSE:        0.7619339062659014
 Average Error:      0.9871791143696356
 Structure           |Error               |MSE                 |weights&biases
 [16, 6, 0, 0, 0]    |0.5271365735658073  |0.45054576897794274 |157       
 [15, 5, 0, 0, 0]    |0.6475363045909948  |0.5680303559507133  |131       
 [18, 6, 0, 0, 0]    |0.5662779325811387  |0.4753659862119088  |175       
 [16, 13, 0, 0, 0]   |0.6031648954221174  |0.45449668404290244 |283       
 [16, 8, 12, 2, 0]   |1.2189819571435592  |0.8842778542494056  |321       
 [16, 16, 0, 0, 0]   |0.6954788165607633  |0.49650847510781115 |337       
 [14, 17, 4, 7, 8]   |1.0398322951283505  |0.6453641456894594  |477       
 [15, 7, 2, 0, 0]    |0.9183120376518593  |0.7701129890897613  |176       
 [15, 3, 2, 2, 0]    |0.950726676126879   |0.8516934098114651  |110       
 [15, 5, 2, 11, 0]   |0.8247373479340617  |0.6875021587287525  |182       
 [16, 6, 1, 2, 0]    |1.2913810113760993  |1.0960493306130568  |164       
 [16, 9, 20, 3, 0]   |1.1520282999317026  |0.7214617821854525  |468       
 [16, 7, 7, 2, 0]    |1.0951917005338785  |0.8597870101076145  |242       
 [17, 5, 9, 2, 8]    |0.9066499578204932  |0.7075133096578322  |248       
 [15, 6, 15, 11, 0]  |0.8934465646078587  |0.5788749788307157  |434       
 [15, 6, 2, 2, 0]    |1.1685005108336588  |0.9917554861330139  |164       
 [16, 7, 3, 0, 0]    |0.6169569412790791  |0.5076535538126581  |195       
 [15, 6, 6, 10, 17]  |0.9857196915150116  |0.6235145031157213  |458       
 [18, 6, 18, 0, 0]   |0.8614087810434433  |0.6299050958240852  |313       
 [15, 13, 2, 2, 0]   |1.1344695198146102  |0.848882210205622   |290       
 [17, 7, 3, 5, 0]    |0.835558202887486   |0.6658736966940385  |227       
 [11, 4, 13, 2, 5]   |1.540848776901663   |1.2678637764579141  |195       
 [15, 5, 4, 2, 0]    |0.9804838226619937  |0.8338438431768781  |162       
 [17, 8, 10, 3, 0]   |2.41826290277263    |1.7525107493812626  |322       
 [12, 7, 3, 4, 0]    |0.806386338555754   |0.6789605025915477  |172       
Result:  [16, 6]
Fold 0
Fold 0 Train time: 18.381434893608095 minutes, MSE: 0.17816466353575738
Fold 1
Fold 1 Train time: 18.322340742746988 minutes, MSE: 0.651940602030593
Fold 2
Fold 2 Train time: 18.311455341180167 minutes, MSE: 0.771803688496255
Fold 3
Fold 3 Train time: 18.33263735373815 minutes, MSE: 0.17465162737784679
Fold 4
Fold 4 Train time: 17.512276748816173 minutes, MSE: 0.35087129507964576
Total Time: 171.51689097881317 minutes
CellsPerSensor: 1
 Resulting Network Architecture: [16, 6]
 MSE after 5-Fold CV: 0.42548637530401956
 Weights and Biases: 157
 Objective Function Value: 0.49781719288030085
~/workspace/SolarCellResearch
