/tmp/tmp.rqLh6FesZM ~/workspace/SolarCellResearch
Using TensorFlow backend.
Genetically searching for best layer structure...
  Training on:     datasets/N1dataset10k50.mat
  Evaluating with: datasets/N1dataset100k50.mat
Gen 0 Train time: 8.594959696133932 minutes:
 Average MSE:        2.0169393856456064
 Average Error:      3.3972630269758826
 Structure           |Error               |MSE                 |weights&biases
 [12, 0, 0, 0, 0]    |0.7430247657906771  |0.707494160884534   |49        
 [18, 19, 11, 0, 0]  |1.0025916941542603  |0.5249713136796313  |647       
 [3, 19, 19, 0, 0]   |4.176077449533424   |2.5711991791482744  |485       
 [9, 6, 18, 5, 0]    |1.076123239567463   |0.7861285031485951  |314       
 [7, 2, 15, 3, 0]    |1.045954086339602   |0.9147810519438737  |134       
 [17, 7, 0, 0, 0]    |0.6942855105901504  |0.5770236620679344  |185       
 [11, 0, 0, 0, 0]    |0.7855020607596855  |0.75093799206097    |45        
 [17, 17, 0, 0, 0]   |0.7703150620766501  |0.5294292834564839  |375       
 [3, 17, 0, 0, 0]    |1.9281300704637006  |1.7533893002140133  |95        
 [10, 0, 0, 0, 0]    |0.6720956491576211  |0.6450969821726606  |41        
 [13, 8, 17, 17, 0]  |1.2935892482956688  |0.6903343163970956  |628       
 [8, 20, 10, 7, 7]   |1.9506198731649775  |1.119796761322524   |555       
 [7, 0, 0, 0, 0]     |1.09223210304166    |1.0610122479136537  |29        
 [6, 3, 12, 1, 13]   |2.034706634775706   |1.76888896956285    |140       
 [4, 9, 8, 11, 0]    |2.169867191787463   |1.693277438704132   |248       
 [9, 9, 17, 0, 0]    |1.0851715175076928  |0.7999052907789539  |305       
 [20, 7, 3, 3, 4]    |1.0971092199327948  |0.842550851021796   |264       
 [18, 20, 12, 2, 20] |1.7861010502169212  |0.8081844716048032  |793       
 [17, 3, 16, 2, 2]   |6.0221220008864496  |4.871684103155672   |212       
 [16, 16, 18, 19, 1] |23.323396822133734  |8.50332286331801    |1009      
 [1, 16, 19, 16, 3]  |17.6976850023492    |8.50312582657789    |733       
 [6, 6, 17, 11, 0]   |1.4093704678142192  |0.9551786651833188  |389       
 [2, 5, 3, 20, 3]    |8.29194486907062    |6.884582875835255   |186       
 [10, 18, 1, 8, 0]   |1.876780555198731   |1.4298332631087043  |272       
 [9, 17, 0, 0, 0]    |0.9067795297879967  |0.7313552678785302  |215       
Gen 1 Train time: 8.433909376462301 minutes:
 Average MSE:        0.9623064912902328
 Average Error:      1.2881874757390583
 Structure           |Error               |MSE                 |weights&biases
 [10, 0, 0, 0, 0]    |0.7059310786449928  |0.6775732130189347  |41        
 [17, 7, 0, 0, 0]    |0.5799681757218774  |0.4820140353403547  |185       
 [12, 0, 0, 0, 0]    |0.7516061794214502  |0.7156652210098937  |49        
 [13, 12, 5, 0, 0]   |0.92133276882028    |0.6977223773846002  |278       
 [12, 5, 8, 2, 16]   |1.3084410109914275  |1.0375232272411303  |232       
 [9, 16, 13, 8, 6]   |2.1624864772534456  |1.2095624788722188  |581       
 [18, 19, 6, 1, 10]  |2.478547695007616   |1.3974830285043742  |573       
 [15, 8, 9, 9, 0]    |1.3089301684308705  |0.9187053192379077  |354       
 [11, 0, 0, 0, 0]    |0.7760801804937922  |0.741930698252643   |45        
 [14, 3, 20, 0, 0]   |0.9833189897888225  |0.8147925768402005  |188       
 [17, 5, 0, 0, 0]    |0.7276731567456214  |0.6281958537460163  |147       
 [14, 18, 6, 0, 0]   |0.911664393625352   |0.5912695074907436  |433       
 [15, 9, 0, 0, 0]    |0.6592557354153069  |0.5402929676387342  |199       
 [11, 5, 9, 0, 0]    |0.8000978451087271  |0.6838468756657126  |157       
 [14, 10, 6, 0, 0]   |0.8424171503272766  |0.6463074500927914  |265       
 [8, 3, 9, 3, 0]     |1.19904699618683    |1.0623963577693605  |121       
 [11, 13, 7, 0, 0]   |1.0677540945084416  |0.7949766510075946  |295       
 [14, 4, 0, 0, 0]    |0.6230338448001109  |0.5598119046947572  |107       
 [8, 10, 8, 2, 0]    |2.0611936334016643  |1.649191633356067   |223       
 [12, 12, 9, 6, 0]   |1.148346368105768   |0.7884572954820733  |376       
 [18, 10, 9, 16, 16] |1.6305453990245315  |0.7385359927761306  |792       
 [13, 7, 9, 3, 0]    |1.240355153276389   |0.9727752136744245  |243       
 [15, 2, 0, 0, 0]    |0.7806868201579248  |0.7206647650963841  |80        
 [15, 4, 11, 2, 2]   |5.219217425022576   |4.285972462650749   |197       
 [15, 19, 9, 9, 0]   |1.3167561531953533  |0.7019951754120213  |629       
Gen 2 Train time: 8.403510638078053 minutes:
 Average MSE:        0.77593252368045
 Average Error:      1.0051341639912694
 Structure           |Error               |MSE                 |weights&biases
 [17, 7, 0, 0, 0]    |0.6250375354815493  |0.5194713733070906  |185       
 [14, 4, 0, 0, 0]    |0.5834471572260955  |0.5242422496008581  |107       
 [15, 9, 0, 0, 0]    |0.686040585421915   |0.5622444886045883  |199       
 [9, 2, 5, 14, 0]    |1.1965240904717684  |1.018591471107312   |161       
 [12, 2, 0, 0, 0]    |0.74803053326976    |0.7009550743399404  |65        
 [11, 5, 9, 3, 0]    |0.8757593829404889  |0.7307645948351502  |181       
 [15, 14, 3, 0, 0]   |0.8043710222351523  |0.5852625986981954  |318       
 [13, 7, 9, 10, 8]   |1.529932339704042   |1.0194094734169483  |406       
 [16, 7, 5, 5, 0]    |1.0767420345586525  |0.8444581053847798  |243       
 [16, 12, 3, 0, 0]   |0.8146451389313684  |0.606529038509958   |295       
 [16, 8, 3, 0, 0]    |0.819358793530315   |0.6608468213558973  |215       
 [14, 3, 20, 0, 0]   |0.9228569023182731  |0.7646928019321144  |188       
 [16, 13, 6, 16, 14] |1.524447389604579   |0.7435137474405611  |718       
 [16, 9, 3, 0, 0]    |1.2278467339493104  |0.9706998356721744  |235       
 [15, 7, 0, 0, 0]    |0.8020638242613978  |0.6800648668679157  |165       
 [10, 0, 0, 0, 0]    |0.8165615369394142  |0.7837595495493955  |41        
 [14, 14, 2, 19, 0]  |1.2872266934868877  |0.898966107106336   |359       
 [13, 8, 14, 0, 0]   |0.8179472902179152  |0.6108173004194072  |292       
 [11, 3, 5, 0, 0]    |1.0239321562675667  |0.9311361896414209  |95        
 [12, 9, 8, 1, 8]    |1.451307036429442   |1.1112267162222402  |267       
 [17, 14, 8, 5, 5]   |1.5781568308945786  |0.9533793491614911  |504       
 [15, 9, 5, 3, 0]    |1.2202317630167725  |0.9399212445600889  |261       
 [11, 0, 0, 0, 0]    |0.6844903221860867  |0.6543710243490262  |45        
 [15, 6, 10, 0, 0]   |0.9025252307015947  |0.72284632396859    |222       
 [15, 10, 3, 3, 0]   |1.1088717757368154  |0.8601427459597663  |254       
Increasing Epochs
Gen 3 Train time: 9.98823693593343 minutes:
 Average MSE:        1.2032163709529338
 Average Error:      1.6829302895669584
 Structure           |Error               |MSE                 |weights&biases
 [14, 4, 0, 0, 0]    |0.6192284518158886  |0.5563926614026162  |107       
 [17, 7, 0, 0, 0]    |0.6039361771619783  |0.5019339440125965  |185       
 [11, 0, 0, 0, 0]    |0.8016438869133701  |0.7663695372160801  |45        
 [16, 11, 18, 13, 6] |5.681775438611473   |2.5812241447397053  |789       
 [14, 8, 14, 0, 0]   |0.7817552363669966  |0.5774037111635567  |303       
 [16, 8, 2, 20, 0]   |1.2308402999453598  |0.9274625217040183  |283       
 [17, 15, 9, 1, 19]  |1.642642181489925   |0.9639710959294193  |533       
 [16, 7, 8, 3, 0]    |0.9772227071934796  |0.751983645802743   |262       
 [14, 7, 5, 5, 4]    |1.3920504583656264  |1.088475191613781   |246       
 [13, 6, 5, 2, 0]    |1.057285012406086   |0.8893221935462231  |173       
 [16, 7, 3, 3, 0]    |1.1080058929784335  |0.9008305632934922  |207       
 [16, 11, 3, 0, 0]   |0.898333054595628   |0.6823487456423727  |275       
 [2, 2, 3, 1, 0]     |4.58470039311335    |4.462569666657925   |27        
 [15, 8, 5, 0, 0]    |0.6166534708513811  |0.49290045191290704 |224       
 [7, 10, 14, 13, 0]  |2.1697777486167515  |1.364277169623887   |464       
 [14, 8, 7, 16, 0]   |0.8137426512590064  |0.5620799855284561  |370       
 [15, 7, 8, 0, 0]    |0.7180202925328798  |0.5704912496966468  |230       
 [16, 9, 4, 3, 3]    |1.2979278150378812  |0.9888318364736323  |272       
 [15, 8, 7, 2, 0]    |1.1803802255528477  |0.9146961106479236  |255       
 [14, 9, 4, 1, 4]    |1.4943413432553634  |1.1813827053727386  |235       
 [13, 4, 2, 0, 0]    |0.9754781202521376  |0.875616080452405   |108       
 [12, 7, 1, 10, 0]   |0.8935525845807842  |0.7568803518193582  |166       
 [9, 16, 6, 12, 3]   |6.878215752643695   |4.537423228153978   |416       
 [4, 12, 8, 17, 14]  |2.9900373722021243  |1.6475443166890003  |596       
 [16, 7, 5, 0, 0]    |0.6657106714315121  |0.5379981647278858  |213       
Increasing Epochs
Gen 4 Train time: 11.126267262299855 minutes:
 Average MSE:        1.0570851464642952
 Average Error:      1.4088574593972334
 Structure           |Error               |MSE                 |weights&biases
 [17, 7, 0, 0, 0]    |0.5658019238749901  |0.47024040274427853 |185       
 [15, 8, 5, 0, 0]    |0.6615131273944586  |0.5287574543104006  |224       
 [14, 4, 0, 0, 0]    |0.5728705338054502  |0.5147388819238576  |107       
 [16, 8, 6, 1, 0]    |1.543348190385919   |1.2055720757984516  |247       
 [16, 8, 3, 0, 0]    |0.734765457365199   |0.5926187901758799  |215       
 [2, 3, 16, 9, 3]    |9.071849359241941   |6.953020307718073   |266       
 [16, 2, 3, 0, 0]    |0.8247994688460486  |0.7500503133323699  |95        
 [14, 4, 3, 0, 0]    |0.671134287117654   |0.5946477698333968  |121       
 [14, 6, 7, 0, 0]    |0.707834356273179   |0.5859357290978904  |189       
 [13, 8, 8, 5, 19]   |1.110822725250951   |0.7431190150681644  |402       
 [15, 8, 9, 8, 18]   |1.324456875748161   |0.7913637708057393  |515       
 [15, 8, 2, 0, 0]    |0.9362652507047846  |0.7711622742349965  |194       
 [15, 6, 4, 0, 0]    |0.6569126593142424  |0.552001669654308   |174       
 [15, 8, 11, 0, 0]   |0.8365500937041492  |0.6297270071663265  |284       
 [15, 8, 7, 9, 0]    |0.7157124721261109  |0.5207543904220617  |318       
 [12, 11, 2, 6, 6]   |0.9320731484570862  |0.7115255287541292  |270       
 [16, 8, 4, 8, 0]    |0.6141997902599611  |0.4693366273476876  |269       
 [7, 10, 18, 19, 19] |2.8861288411742336  |0.9999161063859686  |1060      
 [15, 8, 1, 0, 0]    |1.1639774282278776  |0.9683544973888616  |184       
 [2, 4, 4, 0, 0]     |2.5083283241769063  |2.4027562717568056  |43        
 [16, 7, 4, 0, 0]    |0.5734205870552582  |0.46760291160769024 |204       
 [15, 6, 5, 2, 0]    |1.2980165254206328  |1.0723337516087674  |191       
 [15, 8, 10, 0, 0]   |0.7219920543787721  |0.5489537170276795  |274       
 [6, 10, 1, 15, 14]  |2.950538191656648   |2.0421181776743627  |368       
 [15, 6, 3, 0, 0]    |0.638124812970214   |0.5405212197692346  |166       
Gen 5 Train time: 11.235394565264384 minutes:
 Average MSE:        0.815565024540081
 Average Error:      1.0864970084518308
 Structure           |Error               |MSE                 |weights&biases
 [17, 7, 0, 0, 0]    |0.4783842646369512  |0.3975872116672191  |185       
 [14, 4, 0, 0, 0]    |0.5872026977117534  |0.5276166991431761  |107       
 [16, 7, 4, 0, 0]    |0.7446068416607585  |0.6071988607029631  |204       
 [16, 8, 7, 0, 0]    |0.6290714454608324  |0.4874778414838234  |255       
 [15, 7, 5, 1, 0]    |3.252901404955803   |2.649967400098165   |205       
 [16, 5, 3, 0, 0]    |0.5940494510199638  |0.5087529660293055  |155       
 [15, 6, 4, 0, 0]    |0.6804826483977756  |0.571807458359044   |174       
 [16, 8, 4, 8, 0]    |0.7808195302852955  |0.5966579779459031  |269       
 [14, 10, 6, 3, 3]   |1.278897039032718   |0.9521792426764805  |295       
 [15, 7, 8, 0, 0]    |0.6364216591692364  |0.5056583935708824  |230       
 [11, 19, 1, 20, 7]  |2.5345881265405197  |1.5746470455576334  |476       
 [15, 8, 4, 16, 0]   |1.125410623712468   |0.8287373246956055  |306       
 [8, 4, 4, 0, 0]     |0.641773454642471   |0.5894768018918711  |85        
 [15, 7, 5, 11, 0]   |0.8302956086853515  |0.6306693983935     |275       
 [16, 8, 11, 0, 0]   |0.621693049755417   |0.46287011325092314 |295       
 [15, 6, 3, 0, 0]    |0.7620156051168399  |0.6454624487077758  |166       
 [16, 16, 4, 0, 0]   |0.7130138365005518  |0.48130483706455146 |393       
 [15, 5, 6, 3, 10]   |0.958132957113846   |0.7589884458891514  |233       
 [6, 5, 5, 11, 0]    |1.2534930056665723  |1.0670886569122242  |161       
 [9, 9, 11, 8, 12]   |1.4600923883103571  |0.9365987783142697  |444       
 [14, 10, 7, 3, 3]   |1.244362855802268   |0.9135872796649892  |309       
 [7, 8, 4, 3, 3]     |1.7746237746227305  |1.524381025125502   |152       
 [16, 8, 3, 0, 0]    |0.7794831239040731  |0.6286854413475129  |215       
 [5, 16, 10, 17, 14] |2.178939231886355   |1.04481325646407    |735       
 [15, 8, 5, 0, 0]    |0.6216705867048603  |0.4969107085454775  |224       
Gen 6 Train time: 11.13008909225464 minutes:
 Average MSE:        1.100766258472537
 Average Error:      1.7349555588286876
 Structure           |Error               |MSE                 |weights&biases
 [17, 7, 0, 0, 0]    |0.6095710238846945  |0.5066170892626961  |185       
 [14, 4, 0, 0, 0]    |0.6140308289367918  |0.551722463807226   |107       
 [16, 5, 3, 0, 0]    |0.638695208253171   |0.546988270134073   |155       
 [9, 1, 7, 12, 19]   |2.0634145313412278  |1.3639189680724584  |414       
 [16, 8, 6, 0, 0]    |0.6849298368603642  |0.5360976916878695  |245       
 [15, 8, 5, 6, 0]    |0.9017894546404103  |0.694631210419596   |261       
 [14, 13, 0, 0, 0]   |0.6559391711738136  |0.5103353495550673  |251       
 [16, 8, 5, 0, 0]    |0.7476132877324959  |0.5910412720764117  |235       
 [19, 16, 14, 7, 1]  |14.862953027509626  |7.1625906832452815  |730       
 [15, 10, 2, 0, 0]   |0.968920336019941   |0.7698397651166646  |230       
 [16, 8, 4, 4, 0]    |0.7491978948851226  |0.5864005923678396  |245       
 [16, 7, 4, 0, 0]    |0.6338243571556272  |0.5168599132023893  |204       
 [16, 8, 3, 0, 0]    |0.6986598492007994  |0.5634981209684868  |215       
 [12, 6, 4, 4, 0]    |1.0246119576736292  |0.8670262403548608  |167       
 [12, 6, 5, 0, 0]    |0.791379038205163   |0.6777490194612861  |155       
 [5, 6, 18, 16, 16]  |6.353850393778767   |2.9419157664140116  |770       
 [12, 6, 3, 6, 0]    |0.9626262897835779  |0.8153889736928933  |166       
 [16, 8, 5, 12, 0]   |0.8292397082542072  |0.6057753857850685  |314       
 [16, 12, 4, 0, 0]   |0.7410894788011401  |0.5440936442045832  |309       
 [16, 7, 3, 0, 0]    |0.7800715694141648  |0.641869923078126   |195       
 [13, 4, 9, 20, 12]  |1.1606820042619088  |0.6338187599883506  |605       
 [16, 8, 8, 5, 0]    |0.8265716739551899  |0.6080679486380498  |307       
 [11, 11, 5, 6, 0]   |0.9494442287226672  |0.7262372782731754  |268       
 [16, 8, 6, 4, 0]    |0.8645887583617091  |0.6593496497330124  |271       
 [2, 8, 5, 6, 0]     |3.260195061910978   |2.897322482273954   |118       
Result:  [17, 7]
Fold 0
Fold 0 Train time: 18.448808443546294 minutes, MSE: 0.17124246046446712
Fold 1
Fold 1 Train time: 18.47225922346115 minutes, MSE: 0.1475380785859745
Fold 2
Fold 2 Train time: 18.355087188879647 minutes, MSE: 0.19447812053299898
Fold 3
Fold 3 Train time: 18.40097285111745 minutes, MSE: 0.16037304078423914
Fold 4
Fold 4 Train time: 18.436519777774812 minutes, MSE: 0.818710748392539
Total Time: 161.03136812448503 minutes
CellsPerSensor: 1
 Resulting Network Architecture: [17, 7]
 MSE after 5-Fold CV: 0.2984684897520437
 Weights and Biases: 185
 Objective Function Value: 0.35912279066672304
~/workspace/SolarCellResearch
