/tmp/tmp.duWnNDPzoK ~/workspace/SolarCellResearch
Using TensorFlow backend.
Genetically searching for best layer structure...
  Training on:     datasets/N6dataset10k4.mat
  Evaluating with: datasets/N6dataset100k4.mat
Gen 0 Train time: 8.654555424054463 minutes:
 Average MSE:        0.8937176904714309
 Average Error:      1.2507402514580095
 Structure           |Error               |MSE                 |weights&biases
 [9, 0, 0, 0, 0]     |0.624895626812614   |0.6021970026433041  |37        
 [2, 0, 0, 0, 0]     |1.3224917219917385  |1.3106426970866956  |9         
 [8, 16, 19, 18, 8]  |0.9576964957606833  |0.34811431510196106 |1012      
 [20, 18, 15, 0, 0]  |0.3833412620861751  |0.18308043946446056 |739       
 [14, 17, 19, 11, 14]|0.680169131677495   |0.23992862668456133 |1042      
 [3, 14, 1, 14, 0]   |0.5795105543078257  |0.5124401252448895  |123       
 [5, 15, 13, 6, 0]   |2.5594414805680445  |1.7087960582330985  |404       
 [1, 15, 15, 6, 0]   |5.136652647473009   |3.5268376917828803  |376       
 [8, 14, 4, 9, 11]   |0.6051917364198662  |0.41511073979942975 |377       
 [20, 16, 1, 18, 6]  |0.46083872129140346 |0.2606160200280546  |570       
 [6, 11, 0, 0, 0]    |0.6277700363292408  |0.5640674943758796  |107       
 [6, 15, 14, 11, 12] |1.929533910785031   |0.9883469061761199  |669       
 [18, 10, 2, 0, 0]   |0.22074457195694758 |0.16868047588185003 |269       
 [18, 16, 0, 0, 0]   |0.2531494058155661  |0.17398687254934359 |375       
 [1, 16, 17, 0, 0]   |2.5587040151298663  |1.817570803529664   |342       
 [1, 0, 0, 0, 0]     |2.968316437133598   |2.9535118971406913  |5         
 [6, 16, 12, 0, 0]   |0.36365283585641306 |0.2570317620193535  |347       
 [17, 13, 12, 16, 0] |0.41305533566433916 |0.2096797923393539  |678       
 [1, 20, 18, 0, 0]   |1.965043635811279   |1.2655596704801     |440       
 [15, 17, 17, 0, 0]  |0.3668997088825973  |0.19327007013999878 |641       
 [13, 2, 12, 8, 6]   |1.972602968765189   |1.5088593598351028  |268       
 [6, 12, 0, 0, 0]    |1.150745775078138   |1.0257358241484777  |115       
 [7, 17, 15, 0, 0]   |2.4628218253158125  |1.5813956438084023  |443       
 [9, 12, 8, 0, 0]    |0.310407657023843   |0.23934031619380364 |260       
 [11, 19, 1, 11, 0]  |0.394828788513513   |0.28814165709829215 |315       
Gen 1 Train time: 9.088580858707427 minutes:
 Average MSE:        0.8099688111157846
 Average Error:      1.289874399969641
 Structure           |Error               |MSE                 |weights&biases
 [18, 10, 2, 0, 0]   |0.2566953099013128  |0.1961519898176125  |269       
 [18, 16, 0, 0, 0]   |0.3657404804877296  |0.25136951105907535 |375       
 [9, 12, 8, 0, 0]    |0.27874055991686725 |0.21492335075167449 |260       
 [18, 10, 2, 2, 0]   |0.29075728783491056 |0.22085113046389634 |275       
 [19, 15, 2, 6, 0]   |0.4133590221489648  |0.2732307068548131  |414       
 [12, 16, 6, 0, 0]   |0.3672799760611677  |0.25804253476471567 |353       
 [12, 12, 7, 13, 16] |0.3908640617003595  |0.20858775317869446 |628       
 [12, 14, 0, 0, 0]   |0.2831684121288814  |0.22431286957709906 |233       
 [18, 17, 9, 9, 3]   |1.690060748102372   |0.8708935494375034  |663       
 [19, 15, 1, 16, 3]  |4.529352392349974   |2.859306090028208   |460       
 [19, 13, 2, 9, 3]   |1.30896843738598    |0.8721789786685441  |406       
 [18, 13, 1, 0, 0]   |0.35086469766575534 |0.25554555019785063 |317       
 [20, 14, 20, 20, 4] |2.7211588131459656  |0.8504903817261965  |1163      
 [7, 16, 10, 13, 7]  |1.7433168880560261  |0.9878638011012898  |568       
 [9, 7, 2, 5, 6]     |1.754538035906618   |1.4787625081386213  |171       
 [10, 17, 3, 10, 6]  |0.40820515269517055 |0.27804135823730647 |384       
 [12, 14, 9, 0, 0]   |0.31709496649522007 |0.22056695682492516 |363       
 [10, 16, 5, 6, 0]   |0.3364930303202532  |0.24094710705391206 |334       
 [13, 14, 0, 0, 0]   |0.29126047325267457 |0.22683388464693094 |250       
 [5, 15, 7, 7, 0]    |0.5037815624770485  |0.38036935456266435 |281       
 [4, 15, 3, 17, 1]   |4.4060779001023835  |3.525368355020484   |223       
 [13, 16, 7, 13, 3]  |5.9612553963584665  |3.5018139156878783  |532       
 [18, 12, 8, 8, 0]   |0.3578885629428249  |0.22435321469515374 |467       
 [18, 12, 7, 8, 0]   |0.31493215924496154 |0.20161445764895883 |446       
 [12, 15, 14, 6, 7]  |2.6050056725591366  |1.42680096775061    |602       
Increasing Epochs
Gen 2 Train time: 10.313023722171783 minutes:
 Average MSE:        0.36552545757690824
 Average Error:      0.5227422633587433
 Structure           |Error               |MSE                 |weights&biases
 [18, 10, 2, 0, 0]   |0.26555446452045756 |0.20292165307057658 |269       
 [9, 12, 8, 0, 0]    |0.2884848537777336  |0.22243670398563142 |260       
 [12, 14, 0, 0, 0]   |0.24199506390051456 |0.1916972546440373  |233       
 [16, 15, 1, 3, 12]  |0.44531403795297664 |0.3027113576721214  |386       
 [13, 13, 4, 7, 8]   |0.3616815407566325  |0.24610643451130607 |385       
 [16, 12, 1, 0, 0]   |0.28719711128852565 |0.21989909431626825 |267       
 [14, 11, 5, 0, 0]   |0.2764594441274887  |0.21041128899733597 |273       
 [15, 13, 8, 4, 0]   |0.29940986342247894 |0.19949983622569428 |406       
 [12, 13, 5, 5, 12]  |0.37370855577490975 |0.25302194674618345 |390       
 [18, 10, 2, 2, 0]   |0.2864216493296388  |0.21755790031891115 |275       
 [12, 16, 20, 7, 19] |0.5227986349428728  |0.21191735646971646 |903       
 [11, 13, 4, 0, 0]   |0.27303186343568314 |0.21263742904715494 |250       
 [15, 11, 5, 7, 8]   |0.3571071894536184  |0.240335529669666   |396       
 [16, 12, 1, 1, 0]   |2.026706140858117   |1.5486938287175187  |269       
 [17, 8, 5, 4, 3]    |1.1716652051028942  |0.8828729167917448  |283       
 [13, 14, 5, 0, 0]   |0.3259575477554289  |0.23764243054455997 |316       
 [15, 12, 12, 1, 14] |0.3556035929217978  |0.22696971793568296 |449       
 [18, 13, 1, 0, 0]   |0.4165733853738352  |0.30340320833459533 |317       
 [19, 14, 5, 7, 0]   |0.30373654462650596 |0.19136080857146232 |462       
 [11, 13, 2, 3, 0]   |0.30489926027146647 |0.2422527076640899  |230       
 [12, 10, 17, 4, 2]  |2.424737533373311   |1.5647456469475975  |438       
 [14, 12, 8, 4, 0]   |0.30205534988699284 |0.20926685973896708 |367       
 [10, 12, 2, 10, 16] |0.38368756962235884 |0.25437984447726814 |411       
 [12, 16, 4, 4, 0]   |0.278119431632369   |0.19855192079106843 |337       
 [18, 15, 1, 0, 0]   |0.49565074985997243 |0.3468427632335458  |357       
Increasing Epochs
Gen 3 Train time: 11.704447197914124 minutes:
 Average MSE:        0.4093579039747339
 Average Error:      0.5984196669741345
 Structure           |Error               |MSE                 |weights&biases
 [12, 14, 0, 0, 0]   |0.24952281256113718 |0.19766038764614238 |233       
 [18, 10, 2, 0, 0]   |0.3410427164050753  |0.26060549162887964 |269       
 [11, 13, 4, 0, 0]   |0.27904504862249063 |0.217320502379394   |250       
 [16, 18, 1, 15, 4]  |2.4474205335967794  |1.5265871554180306  |472       
 [13, 13, 6, 2, 0]   |0.31767924862191116 |0.23022157658166228 |322       
 [14, 13, 7, 4, 0]   |0.2775247605933829  |0.1913128711205676  |372       
 [13, 14, 5, 4, 4]   |0.4242755497186     |0.2963031618290596  |359       
 [20, 19, 12, 5, 17] |0.46246948939333293 |0.1910586761604111  |884       
 [15, 18, 12, 1, 14] |0.5750684052732605  |0.3102843078927159  |617       
 [15, 13, 10, 3, 7]  |0.32284270792531544 |0.20339811828029056 |462       
 [14, 14, 3, 2, 0]   |0.26725768921137005 |0.19641176965714288 |308       
 [11, 13, 4, 5, 0]   |0.2896494962850526  |0.2197897831695781  |276       
 [15, 16, 3, 2, 0]   |0.26647500191328916 |0.18535639619752933 |363       
 [12, 15, 4, 2, 0]   |0.3567199169052278  |0.26215893117257405 |308       
 [18, 8, 2, 0, 0]    |0.23322435292142227 |0.18586133377925143 |227       
 [14, 1, 3, 0, 0]    |0.23318685807297662 |0.2180752306846477  |67        
 [14, 14, 8, 7, 14]  |0.436357823261584   |0.24875353881181747 |562       
 [17, 10, 7, 1, 7]   |0.2896090666733657  |0.20654782168406388 |338       
 [8, 13, 13, 4, 2]   |3.259074816869624   |2.202170261464279   |392       
 [7, 16, 4, 15, 0]   |1.0444099704431342  |0.767552885560058   |308       
 [6, 14, 9, 3, 20]   |1.407582426971502   |0.9606680433868874  |382       
 [17, 3, 1, 16, 0]   |0.23011075479561785 |0.19648001781084107 |158       
 [11, 13, 2, 3, 0]   |0.35771715356024286 |0.2842182986954581  |230       
 [15, 13, 3, 0, 0]   |0.32869782272721304 |0.2437489633041659  |299       
 [15, 3, 3, 2, 4]    |0.2635272510304571  |0.23140207505290017 |130       
Result:  [17, 3, 1, 16]
Fold 0
Fold 0 Train time: 19.876834348837534 minutes, MSE: 0.007871248350563726
Fold 1
Fold 1 Train time: 19.756406970818837 minutes, MSE: 0.03621525852518084
Fold 2
Fold 2 Train time: 19.697941700617474 minutes, MSE: 0.0397071433722441
Fold 3
Fold 3 Train time: 19.69282966852188 minutes, MSE: 0.009742133023905987
Fold 4
Fold 4 Train time: 19.830051684379576 minutes, MSE: 0.011927935086887591
Total Time: 138.61980206569035 minutes
CellsPerSensor: 6
 Resulting Network Architecture: [17, 3, 1, 16]
 MSE after 5-Fold CV: 0.02109274367175645
 Weights and Biases: 158
 Objective Function Value: 0.024703108341995277
~/workspace/SolarCellResearch
