/tmp/tmp.JOA1INhxHb ~/workspace/SolarCellResearch
Using TensorFlow backend.
Genetically searching for best layer structure...
  Training on:     datasets/N7dataset10k3.mat
  Evaluating with: datasets/N7dataset100k3.mat
Gen 0 Train time: 8.562211795647938 minutes:
 Average MSE:        0.7253376400510434
 Average Error:      1.0193306258043853
 Structure           |Error               |MSE                 |weights&biases
 [16, 16, 15, 19, 4] |4.006293012695558   |1.5278574248207906  |964       
 [10, 0, 0, 0, 0]    |1.687708273723935   |1.6199115639741464  |41        
 [16, 5, 14, 14, 11] |0.51482613284497    |0.2814146593113283  |604       
 [4, 11, 7, 6, 15]   |0.799937385976784   |0.5808737625462871  |320       
 [13, 16, 7, 9, 0]   |0.3052498824247347  |0.19193000107404007 |464       
 [19, 0, 0, 0, 0]    |0.20407858000445162 |0.18895428656454313 |77        
 [9, 1, 0, 0, 0]     |0.9675666871574797  |0.9305579475201069  |39        
 [2, 17, 0, 0, 0]    |2.002276053314264   |1.8575985662939505  |75        
 [17, 12, 2, 5, 0]   |0.31049848675686487 |0.22682505279059698 |314       
 [3, 0, 0, 0, 0]     |2.384365807915139   |2.3535696610778643  |13        
 [17, 17, 0, 0, 0]   |0.23819753676980315 |0.1637106132563041  |375       
 [14, 1, 11, 11, 0]  |0.3073459681235481  |0.2459120729664615  |223       
 [17, 17, 4, 4, 0]   |0.30134567538979923 |0.1913794351783939  |454       
 [6, 11, 1, 0, 0]    |0.49035027396168146 |0.43971200589003273 |109       
 [10, 8, 13, 1, 0]   |1.2036363500595413  |0.9364560075678916  |251       
 [7, 19, 0, 0, 0]    |0.7013363085442583  |0.5782391442040048  |193       
 [5, 14, 19, 15, 11] |2.4459638785303177  |1.0226929237164875  |872       
 [15, 1, 0, 0, 0]    |0.9693953684490366  |0.9102074546296958  |63        
 [10, 6, 0, 0, 0]    |0.2652306156580936  |0.23927169257827527 |103       
 [13, 10, 2, 16, 0]  |0.28110278483949813 |0.21544817315049164 |266       
 [12, 0, 0, 0, 0]    |0.4449466540122136  |0.4236698076729194  |49        
 [9, 1, 20, 14, 7]   |3.662930456271541   |2.2575123978867575  |484       
 [6, 9, 15, 4, 0]    |0.5233595500718407  |0.3877142906610054  |300       
 [19, 2, 9, 0, 0]    |0.1985703711636353  |0.1736676737443118  |134       
 [17, 2, 17, 11, 0]  |0.2667535504506406  |0.18835438219939443 |348       
Gen 1 Train time: 8.839218366146088 minutes:
 Average MSE:        0.5552859465261468
 Average Error:      0.7615814208300555
 Structure           |Error               |MSE                 |weights&biases
 [19, 2, 9, 0, 0]    |0.20696215351076752 |0.1810070432094273  |134       
 [19, 0, 0, 0, 0]    |0.2716770731184536  |0.25154304545788614 |77        
 [17, 17, 0, 0, 0]   |0.3207477285119235  |0.22044647500280248 |375       
 [15, 3, 3, 0, 0]    |0.21217123476107647 |0.19026039992841623 |109       
 [16, 7, 7, 8, 0]    |0.2707203374499419  |0.20135838350464738 |296       
 [18, 9, 16, 12, 5]  |1.712423052319662   |0.8850681398057662  |660       
 [19, 15, 2, 7, 4]   |0.3063140648119806  |0.19590129416939472 |447       
 [15, 14, 1, 8, 0]   |0.36538975506143245 |0.26826213173071023 |309       
 [16, 5, 1, 8, 0]    |0.2354248817122168  |0.19981499010533538 |164       
 [18, 4, 12, 7, 6]   |0.31425294348777316 |0.22457241448707038 |336       
 [16, 9, 8, 5, 0]    |1.1716554450340553  |0.8406479285653157  |332       
 [16, 0, 0, 0, 0]    |0.32745225257856275 |0.3068448517010106  |65        
 [13, 7, 5, 0, 0]    |0.3276705867358976  |0.27287363020534394 |183       
 [10, 5, 7, 1, 0]    |2.547508079069708   |2.221351195779789   |137       
 [17, 2, 10, 6, 0]   |0.27842486625332896 |0.23024598626514942 |190       
 [15, 11, 11, 5, 2]  |4.291230213199383   |2.7970728364925543  |428       
 [13, 10, 2, 16, 0]  |0.308256173534492   |0.23625959269057875 |266       
 [6, 1, 5, 0, 0]     |1.3799139666357738  |1.324481621998831   |41        
 [15, 14, 3, 10, 0]  |0.2445426694413683  |0.16976070212295852 |365       
 [6, 19, 7, 3, 8]    |1.27165711118099    |0.8907609887097397  |356       
 [14, 9, 2, 4, 0]    |0.23501554456042492 |0.1897394203560851  |214       
 [16, 17, 5, 11, 17] |0.407351112082714   |0.19927295076232704 |715       
 [17, 10, 9, 6, 0]   |0.29163075266684746 |0.19607327793878335 |397       
 [13, 6, 7, 19, 6]   |1.4475474003344448  |0.9220744376315873  |451       
 [15, 3, 0, 0, 0]    |0.29359612269816404 |0.26645492453216    |97        
Increasing Epochs
Gen 2 Train time: 10.436835793654124 minutes:
 Average MSE:        0.647484899768346
 Average Error:      0.898790703288445
 Structure           |Error               |MSE                 |weights&biases
 [19, 2, 9, 0, 0]    |0.2504745629039045  |0.21906256415161768 |134       
 [15, 3, 3, 0, 0]    |0.2427693871651969  |0.21769869390843777 |109       
 [14, 9, 2, 4, 0]    |0.2345396600128768  |0.18935521573516487 |214       
 [15, 9, 2, 4, 0]    |0.23690175182153236 |0.1889808157443455  |226       
 [17, 8, 5, 4, 0]    |0.25176655804012443 |0.19238571732412194 |269       
 [3, 5, 7, 7, 14]    |1.2627338181046606  |0.9794922708706313  |254       
 [5, 19, 16, 19, 12] |2.9844799759042577  |1.0708208664292873  |1025      
 [6, 4, 7, 2, 5]     |2.5305897717757695  |2.248925140964052   |118       
 [18, 1, 5, 3, 0]    |0.2869277934606795  |0.2583281286642169  |105       
 [16, 2, 2, 0, 0]    |0.2391618544393519  |0.21835900887464046 |91        
 [11, 4, 6, 4, 0]    |0.9230774596563777  |0.7992814628260725  |144       
 [17, 12, 2, 6, 2]   |3.453538317901069   |2.4878012913511807  |328       
 [15, 14, 3, 10, 0]  |0.25794968330189655 |0.1790678062432119  |365       
 [11, 13, 3, 19, 7]  |0.7153554808329962  |0.45385583117512207 |455       
 [15, 5, 1, 2, 0]    |0.9667414716142347  |0.8421272311795678  |138       
 [15, 13, 15, 14, 9] |0.5871989701221931  |0.2555361082209794  |832       
 [17, 17, 11, 8, 5]  |0.3519281140720761  |0.17441315407210017 |702       
 [15, 13, 4, 8, 9]   |0.296757996161493   |0.19112295777565255 |440       
 [15, 9, 7, 3, 0]    |0.27840418126395594 |0.20894560339588003 |287       
 [7, 3, 2, 0, 0]     |1.696044701633364   |1.603676641613896   |56        
 [18, 2, 10, 3, 0]   |0.3390575351977737  |0.28921484300474914 |159       
 [15, 14, 2, 9, 0]   |0.2636206478356624  |0.18838940611356214 |336       
 [15, 9, 3, 0, 0]    |0.341268970655947   |0.2730543710252907  |223       
 [17, 7, 9, 10, 3]   |1.3473721012956539  |0.9159038415847455  |386       
 [8, 5, 1, 16, 12]   |2.131106817038079   |1.5413235219601251  |324       
Increasing Epochs
Gen 3 Train time: 11.755038805802663 minutes:
 Average MSE:        0.41622013951096465
 Average Error:      0.5597739415869046
 Structure           |Error               |MSE                 |weights&biases
 [14, 9, 2, 4, 0]    |0.24816050782033142 |0.2003519852151531  |214       
 [15, 9, 2, 4, 0]    |0.29857799746658537 |0.238181073338183   |226       
 [16, 2, 2, 0, 0]    |0.23370211379124947 |0.2133741689660063  |91        
 [15, 6, 2, 2, 0]    |0.24661471514606653 |0.20931227195848373 |164       
 [17, 6, 9, 3, 0]    |0.22836373487849518 |0.17678595131958927 |256       
 [15, 12, 3, 5, 0]   |0.2564607593920177  |0.1896112015689942  |302       
 [15, 12, 3, 7, 0]   |0.38428944269644    |0.2812927735469467  |312       
 [16, 6, 3, 0, 0]    |0.2859108001708384  |0.24000982851715222 |175       
 [16, 9, 6, 4, 0]    |0.22165347848717198 |0.16519312676311998 |294       
 [15, 8, 4, 4, 5]    |0.26234435506363    |0.20228103099842576 |260       
 [20, 7, 2, 10, 15]  |0.40023679421648256 |0.25931832406902733 |434       
 [17, 2, 4, 2, 0]    |0.26031993950987664 |0.2327375470316456  |112       
 [15, 3, 3, 0, 0]    |0.20015439494826726 |0.1794845341460664  |109       
 [15, 6, 5, 2, 0]    |0.22898042177287725 |0.18916818847517908 |191       
 [7, 1, 10, 4, 7]    |3.2151018575217445  |2.806277969038651   |136       
 [5, 4, 12, 1, 6]    |1.3052529746588806  |1.1449911094475522  |131       
 [17, 3, 6, 0, 0]    |0.23579235944300997 |0.20580962373696315 |136       
 [17, 20, 6, 2, 0]   |0.34176100864950104 |0.19639180866968292 |554       
 [7, 9, 4, 17, 18]   |3.124257641893426   |1.782820570570383   |561       
 [16, 11, 4, 7, 0]   |0.2577897092083755  |0.18607394937311902 |326       
 [17, 16, 5, 4, 14]  |0.42064758525590984 |0.24685358645265634 |533       
 [16, 15, 4, 2, 12]  |0.36563743130976206 |0.2388037816794316  |426       
 [15, 9, 5, 4, 11]   |0.32207092600009013 |0.2315444325498624  |330       
 [17, 17, 11, 8, 5]  |0.40309759291426484 |0.1997723960315645  |702       
 [17, 8, 4, 6, 0]    |0.24716999745731866 |0.18906225431027815 |268       
Result:  [15, 3, 3]
Fold 0
Fold 0 Train time: 19.55203861395518 minutes, MSE: 0.009817918975785732
Fold 1
Fold 1 Train time: 19.53357088168462 minutes, MSE: 0.02544535050409394
Fold 2
Fold 2 Train time: 19.45774805545807 minutes, MSE: 0.010719140035903933
Fold 3
Fold 3 Train time: 19.60028270085653 minutes, MSE: 0.029230828542694296
Fold 4
Fold 4 Train time: 19.519652406374615 minutes, MSE: 0.015208222253402985
Total Time: 137.26176774104437 minutes
CellsPerSensor: 7
 Resulting Network Architecture: [15, 3, 3]
 MSE after 5-Fold CV: 0.01808429206237618
 Weights and Biases: 109
 Objective Function Value: 0.020166921640540608
~/workspace/SolarCellResearch
