/tmp/tmp.U9ZK6jmAMU ~/workspace/SolarCellResearch
Using TensorFlow backend.
Genetically searching for best layer structure...
  Training on:     datasets/N1dataset10k45.mat
  Evaluating with: datasets/N1dataset100k45.mat
Gen 0 Train time: 8.625017313162486 minutes:
 Average MSE:        1.7520684297499107
 Average Error:      2.45747900369725
 Structure           |Error               |MSE                 |weights&biases
 [9, 16, 3, 0, 0]    |0.9297713403681216  |0.7299227344666386  |242       
 [1, 8, 17, 0, 0]    |8.514345587756775   |7.041015853345831   |190       
 [18, 19, 6, 0, 0]   |1.053458425791532   |0.6126744814494998  |542       
 [13, 18, 10, 19, 2] |14.616742385040519  |7.022839408554039   |733       
 [1, 0, 0, 0, 0]     |6.26988513517498    |6.238613952603804   |5         
 [19, 0, 0, 0, 0]    |0.6304456082209062  |0.5837231919025128  |77        
 [9, 2, 18, 0, 0]    |1.1283275861770237  |1.000736795492142   |120       
 [4, 14, 0, 0, 0]    |1.6471022047365822  |1.4948374986240405  |97        
 [9, 15, 12, 17, 0]  |1.9411581944165053  |1.0568415627981835  |608       
 [6, 2, 0, 0, 0]     |1.2642913279428265  |1.2208065539890645  |35        
 [12, 12, 9, 7, 0]   |1.1285941526353036  |0.7664182388409082  |387       
 [17, 5, 2, 0, 0]    |0.8148073499212853  |0.69711591660701    |156       
 [5, 12, 18, 0, 0]   |1.5876056277224004  |1.1300105700637086  |340       
 [14, 10, 8, 12, 12] |1.6250528820594674  |0.9310338515548515  |557       
 [9, 15, 5, 5, 19]   |2.029044525794529   |1.3318447420499946  |421       
 [11, 19, 0, 0, 0]   |1.1356374313481727  |0.8574384394998298  |281       
 [15, 0, 0, 0, 0]    |0.6220385063004604  |0.5852282827630291  |61        
 [11, 15, 8, 5, 0]   |1.1525662811565365  |0.7787937777897712  |392       
 [14, 9, 18, 0, 0]   |1.0153728490834675  |0.697157367088517   |376       
 [6, 4, 18, 1, 0]    |3.744081009276411   |3.2000812351707637  |157       
 [3, 8, 0, 0, 0]     |2.497159380672704   |2.3753714805638553  |50        
 [11, 3, 9, 11, 12]  |1.5516336433240898  |1.0696252348687774  |372       
 [13, 5, 11, 13, 13] |1.640401108298689   |0.9684492386596499  |527       
 [20, 20, 8, 0, 0]   |1.0002297495868429  |0.5185233198083498  |657       
 [16, 11, 7, 16, 17] |1.897222799625089   |0.8926070151929963  |754       
Gen 1 Train time: 8.701195434729259 minutes:
 Average MSE:        1.2179317692040081
 Average Error:      1.5386267865365035
 Structure           |Error               |MSE                 |weights&biases
 [15, 0, 0, 0, 0]    |0.6728008896667579  |0.6329867127404609  |61        
 [19, 0, 0, 0, 0]    |0.6816186801302312  |0.6311038199612323  |77        
 [17, 5, 2, 0, 0]    |0.9717709675177858  |0.8314075821955781  |156       
 [11, 4, 15, 7, 7]   |1.812559233208242   |1.3004882717496842  |332       
 [18, 10, 4, 0, 0]   |0.9332597937524881  |0.6962324691618786  |293       
 [9, 16, 3, 0, 0]    |1.0831322152758822  |0.8503196367077294  |242       
 [18, 6, 4, 8, 9]    |1.2282252125624387  |0.8856532335541732  |327       
 [7, 7, 8, 4, 0]     |1.343105374993633   |1.1196144409142712  |182       
 [14, 8, 2, 0, 0]    |1.4154269763640712  |1.1787225126872347  |183       
 [8, 15, 4, 3, 0]    |1.3612875871387933  |1.068687229707934   |242       
 [15, 5, 4, 6, 6]    |1.346144394407943   |1.0716982096296688  |228       
 [11, 14, 6, 4, 0]   |1.1505285662503704  |0.8321200644055129  |324       
 [12, 8, 2, 0, 0]    |1.0875557144443662  |0.9258275565937618  |161       
 [19, 13, 5, 0, 0]   |0.8637365425071463  |0.5830469965329759  |393       
 [18, 3, 14, 2, 1]   |10.291178224218188  |8.408869529558276   |202       
 [12, 8, 2, 20, 0]   |1.2752557499620742  |1.0041553563514807  |239       
 [16, 6, 4, 8, 9]    |1.2439886586111093  |0.9133125512830427  |309       
 [10, 9, 13, 3, 0]   |1.4397535710275613  |1.061276010568232   |305       
 [17, 15, 2, 0, 0]   |1.0645060045770445  |0.7456573102822419  |356       
 [6, 8, 4, 3, 0]     |1.4513443437079392  |1.2756938931611193  |129       
 [13, 10, 0, 0, 0]   |0.8294170971618269  |0.6858940443467619  |190       
 [14, 6, 16, 4, 0]   |1.2166191357025935  |0.8861011338066485  |317       
 [15, 8, 4, 8, 0]    |1.0521912697434666  |0.8129179582683369  |258       
 [10, 13, 4, 8, 9]   |1.630686727381701   |1.1376915249324582  |360       
 [16, 3, 3, 0, 0]    |1.0195767330989298  |0.9088161809995177  |115       
Increasing Epochs
Gen 2 Train time: 9.916840449968975 minutes:
 Average MSE:        1.3651901923573901
 Average Error:      1.8186543306426162
 Structure           |Error               |MSE                 |weights&biases
 [15, 0, 0, 0, 0]    |0.5976507829295019  |0.5622837458504027  |61        
 [19, 0, 0, 0, 0]    |0.629132626081825   |0.5825075150619708  |77        
 [13, 10, 0, 0, 0]   |0.780077047056797   |0.6450918392431844  |190       
 [14, 14, 3, 4, 5]   |1.4917481913783817  |1.0575434462336726  |344       
 [15, 13, 1, 0, 0]   |1.571052695454179   |1.2005093214992348  |269       
 [15, 9, 3, 0, 0]    |1.039888959029645   |0.8320305977370751  |223       
 [15, 8, 4, 8, 0]    |0.8526726850932626  |0.6587708510508667  |258       
 [15, 12, 5, 2, 0]   |1.4457043622178236  |1.0529509498226284  |317       
 [15, 12, 2, 0, 0]   |1.0065421870070779  |0.7714533156026724  |266       
 [17, 4, 3, 0, 0]    |0.7645224990892027  |0.6633159712715251  |142       
 [18, 3, 1, 0, 0]    |1.1126798324313707  |0.989823503662493   |117       
 [4, 8, 2, 3, 3]     |4.071875212034123   |3.7028531103559232  |95        
 [13, 11, 3, 0, 0]   |0.8968893262725447  |0.7104740848626107  |233       
 [18, 18, 17, 8, 14] |2.325953749346966   |0.8522547194848725  |1004      
 [13, 9, 12, 6, 0]   |1.174755577308813   |0.811444007354902   |370       
 [18, 8, 3, 0, 0]    |0.9592732295358476  |0.7568582209323006  |237       
 [14, 5, 0, 0, 0]    |0.6450831621378414  |0.5704235996083236  |123       
 [2, 11, 13, 10, 2]  |10.404899190504416  |7.259251840370567   |360       
 [12, 8, 2, 20, 4]   |6.576316414233824   |4.837871121887346   |307       
 [15, 3, 2, 3, 3]    |1.1451885503984813  |1.0096152283976794  |126       
 [8, 12, 13, 6, 12]  |1.8448460075438275  |1.1392792313669915  |482       
 [15, 7, 2, 2, 0]    |0.9964097288895032  |0.8306084856055692  |182       
 [16, 8, 2, 0, 0]    |0.8764667960101644  |0.7140113232933911  |205       
 [12, 8, 2, 2, 0]    |1.3074141685557772  |1.106333361288632   |167       
 [17, 5, 2, 0, 0]    |0.949315285524211   |0.8121954170899262  |156       
Gen 3 Train time: 10.003787537415823 minutes:
 Average MSE:        0.9709883676661825
 Average Error:      1.3714319336325878
 Structure           |Error               |MSE                 |weights&biases
 [15, 0, 0, 0, 0]    |0.6099996306482982  |0.5739018287687013  |61        
 [19, 0, 0, 0, 0]    |0.6396447660210417  |0.5922405987713832  |77        
 [14, 5, 0, 0, 0]    |0.5987924636691394  |0.5294904170378905  |123       
 [16, 5, 0, 0, 0]    |0.7595437231749207  |0.6609762367463512  |139       
 [18, 6, 3, 0, 0]    |0.6851671794462517  |0.5649079887251702  |193       
 [15, 8, 3, 1, 0]    |1.6448640132414218  |1.3386447399633372  |206       
 [17, 5, 2, 4, 0]    |0.8282571567218976  |0.698771422220422   |170       
 [14, 12, 1, 0, 0]   |1.7904962388485655  |1.4126859336798154  |237       
 [17, 4, 1, 1, 0]    |1.4083657589443142  |1.234208650628977   |132       
 [18, 11, 9, 4, 7]   |1.8518763158435116  |1.176094672299297   |454       
 [15, 6, 3, 1, 0]    |1.4849035693565396  |1.255268926492488   |168       
 [18, 2, 2, 0, 0]    |0.8308787817409529  |0.7510587771396114  |101       
 [15, 12, 4, 1, 0]   |1.716981291897278   |1.2770690990590416  |296       
 [15, 11, 2, 0, 0]   |1.0208501541751647  |0.796630568407504   |248       
 [15, 20, 4, 12, 3]  |4.559220831210332   |2.6251859682391525  |552       
 [18, 15, 6, 0, 0]   |0.8462581388079877  |0.5439321102201105  |442       
 [14, 7, 3, 2, 12]   |1.4630868647125712  |1.1647989472442704  |228       
 [9, 6, 2, 0, 0]     |1.2442775246783535  |1.1213743822527698  |104       
 [15, 8, 4, 8, 0]    |0.8898340434730806  |0.687481539353731   |258       
 [10, 18, 14, 19, 9] |2.8231492527028212  |1.07127873901207    |969       
 [18, 4, 1, 5, 0]    |1.1018678010478766  |0.947438492957696   |151       
 [16, 17, 9, 2, 4]   |1.4397531427674974  |0.842376403376367   |536       
 [14, 9, 8, 7, 0]    |0.8819193432777697  |0.6353020812600904  |328       
 [8, 12, 16, 15, 12] |2.180697735839943   |0.979850654697732   |800       
 [17, 8, 2, 0, 0]    |0.9851126185671543  |0.7937400131005801  |216       
Increasing Epochs
Gen 4 Train time: 10.78851082722346 minutes:
 Average MSE:        1.2518747783875452
 Average Error:      1.44112430550901
 Structure           |Error               |MSE                 |weights&biases
 [14, 5, 0, 0, 0]    |0.6025190425431143  |0.5327856953218133  |123       
 [15, 0, 0, 0, 0]    |0.737398636275928   |0.6937617739875301  |61        
 [19, 0, 0, 0, 0]    |0.574465119265708   |0.5318914251789643  |77        
 [17, 3, 0, 0, 0]    |0.5992303472866647  |0.5373480794999834  |109       
 [16, 10, 3, 0, 0]   |0.7803919896533351  |0.6047386276590426  |255       
 [18, 6, 15, 3, 0]   |1.2627499770201165  |0.9123713992079322  |325       
 [13, 14, 11, 8, 6]  |1.4203026150916074  |0.8137272507872619  |557       
 [17, 6, 1, 0, 0]    |0.9989963595944652  |0.8445054034191954  |168       
 [8, 5, 3, 1, 6]     |1.53814618088284    |1.3779238539108363  |110       
 [15, 9, 6, 8, 0]    |0.9585350513960291  |0.7002280942025716  |314       
 [16, 4, 1, 0, 0]    |1.0543495985691005  |0.932323037650244   |123       
 [19, 18, 7, 17, 18] |1.595036866004983   |0.5700089876062676  |1029      
 [15, 7, 4, 4, 0]    |0.8286458040331298  |0.6690058516419688  |214       
 [17, 8, 3, 0, 0]    |0.8681316620003972  |0.6925243414068236  |226       
 [10, 3, 0, 0, 0]    |0.5966868622749569  |0.5580186903002378  |67        
 [7, 2, 1, 3, 0]     |1.2312682391275553  |1.1712185785113118  |50        
 [15, 8, 1, 0, 0]    |1.0994344390278692  |0.9146588737873763  |184       
 [17, 6, 1, 12, 0]   |0.9641094033993406  |0.7869815283487077  |203       
 [14, 5, 5, 16, 0]   |0.824160904200064   |0.6354705721407604  |260       
 [17, 1, 0, 0, 0]    |1.3375143877755789  |1.2458436823853185  |71        
 [1, 0, 0, 0, 0]     |6.360210884984725   |6.328489200856936   |5         
 [18, 6, 3, 2, 0]    |0.9698279763785635  |0.7940279894565165  |200       
 [15, 4, 2, 4, 0]    |0.8331600667680453  |0.7272176259622978  |136       
 [1, 4, 1, 5, 0]     |7.443810737834537   |7.209379695344557   |32        
 [17, 0, 0, 0, 0]    |0.5490244863365996  |0.5124192011141786  |69        
Gen 5 Train time: 11.0341082294782 minutes:
 Average MSE:        0.9905027518382485
 Average Error:      1.3625477308445442
 Structure           |Error               |MSE                 |weights&biases
 [17, 0, 0, 0, 0]    |0.6109435576146022  |0.5702099223436023  |69        
 [19, 0, 0, 0, 0]    |0.5557980816193219  |0.5146078044252849  |77        
 [10, 3, 0, 0, 0]    |0.7348254870356944  |0.6872052692957411  |67        
 [15, 7, 6, 4, 3]    |1.5665928029418805  |1.217626012783258   |252       
 [18, 2, 20, 0, 0]   |1.0519829149326598  |0.8848623999237517  |173       
 [13, 6, 3, 4, 0]    |0.7378038026931675  |0.6255791991556595  |165       
 [12, 9, 17, 12, 5]  |1.5881004102581486  |0.8628957380913347  |610       
 [19, 12, 5, 16, 2]  |5.276706606367592   |3.216526833579922   |495       
 [12, 3, 1, 2, 0]    |1.0801324273437012  |0.991123284284399   |86        
 [15, 3, 0, 0, 0]    |0.6243447948009541  |0.5666278684196515  |97        
 [11, 2, 0, 0, 0]    |0.7606659915329282  |0.7163682527294082  |60        
 [14, 3, 2, 1, 3]    |1.851229418592131   |1.6617146134521659  |108       
 [13, 6, 9, 2, 3]    |1.378775799316496   |1.1076005440555674  |219       
 [19, 3, 2, 1, 0]    |1.2319684413621863  |1.0817858593984613  |130       
 [15, 0, 0, 0, 0]    |0.5371137539598934  |0.5053291021288014  |61        
 [17, 7, 2, 6, 14]   |1.0297960181947918  |0.7448002197611798  |324       
 [15, 7, 1, 0, 0]    |1.0787877354694477  |0.9128697624695722  |167       
 [16, 4, 2, 0, 0]    |0.8156760341279965  |0.7169579983179796  |129       
 [17, 5, 2, 0, 0]    |0.8736547834030737  |0.7474633791521013  |156       
 [17, 3, 0, 0, 0]    |0.6629200114611804  |0.5944605386455193  |109       
 [18, 0, 0, 0, 0]    |0.590041013871779   |0.5485026162444661  |73        
 [16, 5, 2, 2, 0]    |0.9994674918845724  |0.8568155167031397  |154       
 [15, 7, 8, 4, 3]    |1.1998052596398159  |0.9104277454100409  |276       
 [20, 15, 10, 20, 2] |6.483954359047451   |2.9134284955341343  |800       
 [15, 7, 3, 4, 0]    |0.742606273642137   |0.6067798196510749  |202       
Gen 6 Train time: 10.646360496679941 minutes:
 Average MSE:        0.8990388926323232
 Average Error:      1.0532246254651958
 Structure           |Error               |MSE                 |weights&biases
 [15, 0, 0, 0, 0]    |0.6183993648760052  |0.58180449393807    |61        
 [19, 0, 0, 0, 0]    |0.5109067575494739  |0.47304338295405157 |77        
 [18, 0, 0, 0, 0]    |0.5599155783731764  |0.5204979864000766  |73        
 [14, 5, 2, 2, 0]    |1.1028705294229544  |0.9607090753453317  |138       
 [16, 5, 2, 4, 9]    |0.8137430629804246  |0.6582894108407965  |212       
 [13, 3, 0, 0, 0]    |0.6848678820228136  |0.6290595628299622  |85        
 [16, 4, 2, 2, 0]    |1.0562967970477641  |0.9229033190457379  |135       
 [17, 2, 0, 0, 0]    |0.7192673402827882  |0.6573608528315323  |90        
 [17, 5, 2, 1, 0]    |1.7979794601659462  |1.5352043700465017  |158       
 [17, 2, 7, 0, 0]    |0.6516513026757662  |0.5802793392622918  |116       
 [15, 7, 3, 4, 0]    |0.796685306014553   |0.6509675227106     |202       
 [17, 4, 5, 2, 0]    |1.017921741780445   |0.864817342312298   |163       
 [15, 7, 3, 2, 2]    |1.4834909786108976  |1.2170112762543193  |198       
 [15, 1, 0, 0, 0]    |1.2353876976301015  |1.1599592161656282  |63        
 [17, 3, 1, 1, 0]    |2.9950601707373554  |2.675039968581255   |113       
 [18, 4, 11, 0, 0]   |0.7530420867542529  |0.6183911081328104  |197       
 [15, 7, 6, 4, 2]    |1.8900184530812938  |1.477847433983534   |246       
 [15, 1, 0, 0, 0]    |1.0798652846687307  |1.0139324615031629  |63        
 [18, 19, 0, 0, 0]   |0.6496843665676347  |0.4205177352322039  |435       
 [9, 9, 5, 17, 10]   |1.8976118578685628  |1.197931331392437   |460       
 [16, 2, 0, 0, 0]    |0.8434015106444733  |0.7746746482096952  |85        
 [14, 2, 0, 0, 0]    |0.9563331708569822  |0.8872318700224964  |75        
 [14, 3, 0, 0, 0]    |0.5493877445391202  |0.5016007409152181  |91        
 [17, 0, 0, 0, 0]    |0.5672799228035365  |0.5294574870252433  |69        
 [15, 4, 2, 2, 0]    |1.0995472686748466  |0.9674403798728275  |128       
Gen 7 Train time: 10.63545081615448 minutes:
 Average MSE:        1.8743565124677124
 Average Error:      2.4743246909517156
 Structure           |Error               |MSE                 |weights&biases
 [19, 0, 0, 0, 0]    |0.5270907523799707  |0.4880279795584285  |77        
 [14, 3, 0, 0, 0]    |0.6125139733652678  |0.5592361058557707  |91        
 [18, 0, 0, 0, 0]    |0.5462238342973951  |0.5077701297427295  |73        
 [15, 2, 0, 0, 0]    |0.7806219627687504  |0.7206048941802532  |80        
 [4, 8, 7, 8, 2]     |5.30275389339534    |4.341527688526767   |200       
 [16, 2, 0, 0, 0]    |0.9186670879148311  |0.8438070055250859  |85        
 [16, 5, 2, 2, 0]    |1.23301929566091    |1.057032943537352   |154       
 [18, 1, 4, 0, 0]    |1.2398583845286304  |1.137686901173407   |86        
 [15, 19, 0, 0, 0]   |0.8405391439201404  |0.581170122584534   |369       
 [2, 3, 19, 17, 7]   |10.115414364098017  |5.749198392492081   |565       
 [17, 4, 8, 1, 0]    |1.5261480847421196  |1.28241750097616    |174       
 [17, 1, 4, 0, 0]    |1.688143094464218   |1.5552388951967653  |82        
 [16, 6, 3, 3, 0]    |0.724399673134534   |0.6008487715210732  |187       
 [16, 1, 0, 0, 0]    |0.8558465809336623  |0.8003836155696481  |67        
 [17, 10, 0, 0, 0]   |0.6338896530500497  |0.4976389880131274  |242       
 [17, 0, 0, 0, 0]    |0.5317887076980105  |0.49633258905886146 |69        
 [17, 4, 3, 2, 1]    |5.363893115965028   |4.612131151616484   |151       
 [12, 8, 17, 14, 2]  |12.54801518332265   |7.039678491788356   |578       
 [17, 1, 0, 0, 0]    |1.417455591626759   |1.3203058673834964  |71        
 [16, 3, 4, 0, 0]    |0.5744479199912783  |0.5094896000699273  |120       
 [15, 5, 2, 1, 1]    |8.118515160867522   |7.029722810228092   |144       
 [2, 1, 19, 0, 0]    |2.9659983650003134  |2.773787438121018   |67        
 [16, 11, 0, 0, 0]   |0.6738006069558228  |0.5263330734193338  |247       
 [16, 4, 5, 2, 5]    |1.0298064585850937  |0.8653431723376702  |174       
 [16, 2, 10, 0, 0]   |1.0892663851265636  |0.9631986832164008  |123       
Result:  [19]
Fold 0
Fold 0 Train time: 17.59062786102295 minutes, MSE: 0.12961459685200655
Fold 1
Fold 1 Train time: 17.593690812587738 minutes, MSE: 0.2732118068284637
Fold 2
Fold 2 Train time: 17.570160380999248 minutes, MSE: 0.4899910844703738
Fold 3
Fold 3 Train time: 17.117125721772513 minutes, MSE: 0.4027347706110896
Fold 4
Fold 4 Train time: 17.03584595521291 minutes, MSE: 0.46852671715069055
Total Time: 167.26397671699524 minutes
CellsPerSensor: 1
 Resulting Network Architecture: [19]
 MSE after 5-Fold CV: 0.35281579518252487
 Weights and Biases: 77
 Objective Function Value: 0.38105590401304057
~/workspace/SolarCellResearch
