/tmp/tmp.Xg9a3S1fhc ~/workspace/SolarCellResearch
Using TensorFlow backend.
Genetically searching for best layer structure...
  Training on:     datasets/N1dataset10k81.mat
  Evaluating with: datasets/N1dataset100k81.mat
Gen 0 Train time: 7.986498506863912 minutes:
 Average MSE:        1.646232664709916
 Average Error:      1.9612413178345014
 Structure           |Error               |MSE                 |weights&biases
 [5, 0, 0, 0, 0]     |2.403441332552279   |2.3534953330652852  |21        
 [15, 13, 7, 1, 12]  |2.0811479507678725  |1.4006265061031484  |396       
 [11, 6, 0, 0, 0]    |0.6137676509998278  |0.5487354438158795  |112       
 [2, 11, 3, 0, 0]    |6.371123146584472   |5.887172151000259   |79        
 [13, 5, 7, 0, 0]    |0.774514043623864   |0.6606576591816151  |159       
 [4, 15, 5, 11, 0]   |4.118451255666132   |3.223530488337802   |245       
 [13, 9, 0, 0, 0]    |0.6721855021719125  |0.5642708390574873  |175       
 [13, 0, 0, 0, 0]    |0.6336838931929651  |0.6009731385361755  |53        
 [2, 17, 13, 0, 0]   |6.254720686457761   |4.6105008182788625  |305       
 [10, 20, 0, 0, 0]   |0.8295179679928318  |0.6326040864557426  |271       
 [12, 16, 0, 0, 0]   |0.7103457096639826  |0.5471657464845985  |261       
 [13, 0, 0, 0, 0]    |0.6194126458225603  |0.587438572776893   |53        
 [11, 12, 1, 9, 0]   |1.3173706278602213  |1.0593312379666535  |218       
 [14, 7, 20, 0, 0]   |1.058746096327866   |0.7626815350519415  |328       
 [4, 0, 0, 0, 0]     |1.2486037043078286  |1.227556846501996   |17        
 [15, 15, 18, 6, 12] |1.8025801676945004  |0.8230149320952872  |784       
 [8, 2, 6, 0, 0]     |0.8957194792676643  |0.8376725587549959  |67        
 [17, 1, 0, 0, 0]    |1.2148426133164358  |1.131579599236956   |71        
 [2, 2, 4, 20, 0]    |4.196298152995839   |3.629891450880829   |145       
 [10, 0, 0, 0, 0]    |0.8503815422809216  |0.8162209758511644  |41        
 [2, 4, 0, 0, 0]     |3.5497980818417547  |3.4690844903542875  |23        
 [3, 0, 0, 0, 0]     |2.2485772794194605  |2.2195349588820297  |13        
 [16, 10, 2, 1, 0]   |1.5084874222182982  |1.1806999512510392  |245       
 [7, 19, 5, 0, 0]    |1.5697693067904965  |1.1875931194292342  |279       
 [5, 11, 7, 6, 0]    |1.4875466860447846  |1.193784178397729   |220       
Gen 1 Train time: 8.261695802211761 minutes:
 Average MSE:        0.9945003463794919
 Average Error:      1.4801772388357648
 Structure           |Error               |MSE                 |weights&biases
 [11, 6, 0, 0, 0]    |0.5977958814636662  |0.5344559749799551  |112       
 [13, 0, 0, 0, 0]    |0.7161406057402085  |0.6791734366109795  |53        
 [13, 0, 0, 0, 0]    |0.624037591425271   |0.5918247787453218  |53        
 [13, 3, 4, 0, 0]    |1.017949538676472   |0.9192385155325546  |102       
 [9, 14, 4, 3, 0]    |1.1773183369400437  |0.9205713734657216  |246       
 [7, 13, 0, 0, 0]    |0.9571037551702176  |0.8328985138917675  |139       
 [20, 7, 15, 19, 19] |2.4073045323521636  |0.8585654793541548  |1031      
 [11, 3, 0, 0, 0]    |0.6597022156319647  |0.6132597272213289  |73        
 [13, 8, 0, 0, 0]    |0.6748631860325863  |0.5750804723796172  |160       
 [12, 4, 10, 0, 0]   |0.819132664999566   |0.7057394051685011  |149       
 [15, 10, 1, 11, 0]  |1.1566180439643408  |0.9007750383539452  |250       
 [5, 14, 8, 16, 19]  |6.908794555817404   |3.410282639454235   |706       
 [12, 5, 0, 0, 0]    |0.5839151494576136  |0.524662752635637   |107       
 [13, 7, 10, 0, 0]   |0.7491114833763315  |0.5963858252372207  |228       
 [2, 16, 8, 17, 14]  |6.48588109901985    |3.5241091318663074  |610       
 [13, 17, 4, 1, 3]   |3.1830134182531586  |2.211847997092653   |364       
 [11, 16, 5, 10, 13] |1.3958864423216695  |0.8240942751640719  |527       
 [8, 2, 0, 0, 0]     |0.9363294904534055  |0.8951286350395252  |45        
 [13, 3, 19, 0, 0]   |0.8625937346568856  |0.7226635931517302  |177       
 [13, 5, 0, 0, 0]    |0.6154957822153007  |0.5486321019841714  |115       
 [13, 4, 0, 0, 0]    |0.6312342102272206  |0.5711643329579663  |100       
 [16, 18, 14, 0, 0]  |1.0103685610218789  |0.5354301567658484  |635       
 [8, 3, 0, 0, 0]     |0.7540632561727674  |0.7137096725849675  |55        
 [13, 19, 0, 0, 0]   |0.979691525191846   |0.70785392508243    |325       
 [11, 6, 4, 3, 0]    |1.100085910312287   |0.9449609047666853  |152       
Gen 2 Train time: 8.361447421709697 minutes:
 Average MSE:        0.8752176969790884
 Average Error:      1.1346823843433167
 Structure           |Error               |MSE                 |weights&biases
 [12, 5, 0, 0, 0]    |0.5826969165273639  |0.5235681390721255  |107       
 [11, 6, 0, 0, 0]    |0.6335061297480016  |0.566382517392477   |112       
 [13, 5, 0, 0, 0]    |0.7078621832187217  |0.630964384673143   |115       
 [11, 11, 2, 15, 0]  |1.1377548654628025  |0.8860843801657314  |250       
 [4, 18, 3, 8, 20]   |2.532974263205559   |1.7115411302043817  |392       
 [12, 4, 0, 0, 0]    |0.9513993723767232  |0.8669089242954977  |93        
 [13, 4, 10, 0, 0]   |0.7674365901382442  |0.6565874277197713  |156       
 [13, 3, 12, 0, 0]   |0.9900726106655049  |0.8590080424778945  |142       
 [14, 7, 9, 15, 9]   |1.3019148491675758  |0.7716965637366527  |523       
 [16, 4, 0, 0, 0]    |0.6182062438548522  |0.5477517260877536  |121       
 [13, 9, 17, 0, 0]   |0.984752212659399   |0.6918644457422691  |353       
 [13, 13, 0, 0, 0]   |0.6983370772063122  |0.5520849364542422  |235       
 [13, 4, 5, 0, 0]    |1.0110425444817763  |0.8913501179448163  |126       
 [12, 6, 0, 0, 0]    |0.7193209748506076  |0.6373428115650912  |121       
 [13, 12, 0, 0, 0]   |0.86134425945841    |0.6912449597324444  |220       
 [2, 5, 8, 7, 20]    |4.662654727302571   |3.4095658616788898  |313       
 [13, 7, 0, 0, 0]    |0.6318478175353989  |0.546562448021488   |145       
 [13, 7, 10, 0, 0]   |0.8666396139252017  |0.6899528211802847  |228       
 [12, 6, 8, 0, 0]    |0.7537737022865277  |0.6302346392921105  |179       
 [13, 10, 10, 6, 20] |1.580140620504044   |0.9431912972814291  |516       
 [10, 11, 0, 0, 0]   |0.7800879601778054  |0.6627558571553752  |163       
 [14, 11, 12, 0, 0]  |0.8908386974445398  |0.6190359667904545  |364       
 [10, 10, 5, 0, 0]   |0.9099201472592608  |0.7442350001646678  |201       
 [19, 4, 9, 1, 20]   |1.5084839886468915  |1.1712893674296752  |253       
 [11, 11, 3, 5, 7]   |1.2840512404788293  |0.979238658218543   |271       
Gen 3 Train time: 8.57139449119568 minutes:
 Average MSE:        0.8977386626206291
 Average Error:      1.1965963324216984
 Structure           |Error               |MSE                 |weights&biases
 [12, 5, 0, 0, 0]    |0.8349736504827918  |0.7502452612292226  |107       
 [16, 4, 0, 0, 0]    |0.586729867119609   |0.5198625873753888  |121       
 [13, 7, 0, 0, 0]    |0.6257794491886411  |0.541313174118735   |145       
 [13, 13, 6, 17, 15] |2.649029182779453   |1.3023798266182804  |710       
 [15, 4, 5, 0, 0]    |0.793521335291223   |0.6898543078000817  |140       
 [13, 7, 14, 0, 0]   |0.8169692001525815  |0.627410728431686   |264       
 [4, 17, 15, 3, 17]  |3.3956358772454482  |2.0574987409362597  |501       
 [12, 6, 4, 0, 0]    |0.9923190497902294  |0.8566630593593898  |147       
 [12, 8, 2, 3, 4]    |3.3187031165871277  |2.749926211343028   |188       
 [12, 9, 5, 13, 5]   |1.4882271205604543  |1.0414204093509771  |357       
 [13, 5, 0, 0, 0]    |0.7370635402755589  |0.6569934857097424  |115       
 [7, 8, 11, 0, 0]    |1.0125928635530002  |0.8323637225883858  |196       
 [16, 4, 16, 12, 0]  |0.8492772106829575  |0.5619346979741532  |413       
 [17, 8, 13, 7, 8]   |1.1643227938122227  |0.7183054555363698  |483       
 [13, 8, 5, 0, 0]    |0.7311479246511055  |0.5974172608079109  |202       
 [13, 7, 5, 0, 0]    |0.8899210671314619  |0.7410979258266515  |183       
 [14, 7, 5, 8, 5]    |1.8075218622642457  |1.3579236026258241  |286       
 [14, 10, 0, 0, 0]   |0.7522490273104063  |0.6140445131270641  |203       
 [13, 5, 3, 0, 0]    |0.9111236774851632  |0.7992538845585178  |131       
 [16, 4, 7, 0, 0]    |0.663552288122018   |0.5660076857537175  |159       
 [13, 5, 9, 0, 0]    |0.6798561134891187  |0.5718525497377728  |173       
 [12, 10, 17, 0, 0]  |0.7966321903602361  |0.5497112166087889  |371       
 [15, 4, 5, 4, 0]    |0.822387134156697   |0.6986928626450573  |163       
 [13, 5, 5, 6, 0]    |0.9444999436371664  |0.7873364190385284  |182       
 [15, 6, 5, 8, 5]    |1.6508728244135469  |1.2539569764141985  |275       
Increasing Epochs
Gen 4 Train time: 9.86481968164444 minutes:
 Average MSE:        0.894800569634062
 Average Error:      1.1608703322594274
 Structure           |Error               |MSE                 |weights&biases
 [16, 4, 0, 0, 0]    |0.6981496060364973  |0.6185842598247239  |121       
 [13, 7, 0, 0, 0]    |0.7177870943013087  |0.620901838277814   |145       
 [16, 4, 7, 0, 0]    |0.7867233772435647  |0.6710721763046592  |159       
 [15, 5, 0, 0, 0]    |0.6081067677753973  |0.5334420654200651  |131       
 [16, 4, 6, 0, 0]    |0.5857620026103714  |0.502659784347723   |153       
 [14, 9, 7, 0, 0]    |0.7086048874367885  |0.5491096178106222  |255       
 [2, 20, 2, 14, 11]  |7.98507908343192    |5.7579107138445575  |327       
 [11, 14, 8, 9, 7]   |1.105426341509064   |0.684019460990832   |480       
 [14, 6, 3, 0, 0]    |0.7983677625917872  |0.6823681671163946  |157       
 [15, 5, 13, 6, 0]   |1.0645210991829288  |0.7933625498664062  |294       
 [14, 6, 5, 2, 0]    |1.0284643913552514  |0.8573292952035908  |182       
 [10, 7, 10, 0, 0]   |0.6291065449861833  |0.5161000439183635  |198       
 [14, 8, 4, 4, 0]    |0.8741175154884113  |0.6993944041707403  |223       
 [15, 7, 11, 4, 4]   |1.8036420089522034  |1.312334955015326   |318       
 [15, 5, 4, 0, 0]    |0.7871822091629553  |0.6748292833533904  |154       
 [14, 5, 3, 0, 0]    |0.700144770363854   |0.609285603149092   |139       
 [16, 4, 11, 4, 0]   |0.7371955274949652  |0.5892515421161331  |224       
 [15, 5, 15, 0, 0]   |0.8325295667565777  |0.660811573775918   |231       
 [13, 6, 12, 0, 0]   |0.8710647627306548  |0.6990458463340766  |220       
 [9, 12, 10, 6, 11]  |1.3757904761235058  |0.8931760774535032  |432       
 [15, 6, 3, 0, 0]    |0.7661498713931982  |0.6489643633883013  |166       
 [16, 4, 11, 7, 0]   |0.864089238310016   |0.6642616005045971  |263       
 [15, 6, 7, 4, 0]    |1.0906229513581431  |0.8691400955799123  |227       
 [15, 5, 3, 17, 0]   |0.919840999547165   |0.7315757932277066  |229       
 [13, 8, 10, 0, 0]   |0.6832894503429737  |0.5310831298570988  |252       
Increasing Epochs
Gen 5 Train time: 11.273689711093903 minutes:
 Average MSE:        1.1343190065603357
 Average Error:      1.5733884417808843
 Structure           |Error               |MSE                 |weights&biases
 [16, 4, 6, 0, 0]    |0.6649704554950235  |0.5706309119867404  |153       
 [15, 5, 0, 0, 0]    |0.5069337830226678  |0.44469132490677676 |131       
 [10, 7, 10, 0, 0]   |0.8020431092076664  |0.6579719877109027  |198       
 [15, 5, 4, 9, 0]    |0.7007834274784382  |0.5714625154603254  |204       
 [14, 8, 4, 4, 0]    |0.9629736743985012  |0.7704895363659798  |223       
 [11, 10, 10, 3, 6]  |1.3258229191004844  |0.9560293530954397  |327       
 [15, 6, 3, 0, 0]    |0.6737377125896628  |0.5706869922804538  |166       
 [16, 5, 11, 0, 0]   |0.7194191562197148  |0.5825669759243347  |211       
 [12, 9, 7, 3, 6]    |1.2369678221148501  |0.9367518000030861  |278       
 [16, 5, 12, 0, 0]   |0.8225638787172485  |0.6614445422724659  |218       
 [15, 6, 3, 9, 0]    |1.1737513595522757  |0.9533291135785635  |208       
 [15, 7, 2, 2, 0]    |0.9974035214564702  |0.8314369124214881  |182       
 [16, 5, 6, 4, 0]    |0.8017972329138512  |0.655144452252028   |202       
 [14, 8, 4, 19, 0]   |0.8280345828887974  |0.6055002163414438  |313       
 [15, 5, 2, 0, 0]    |0.8533519958595925  |0.7418685852945444  |140       
 [14, 8, 4, 0, 0]    |0.671682371581707   |0.5482797050712989  |203       
 [16, 4, 9, 4, 0]    |0.9274657056465404  |0.7548022683732338  |206       
 [1, 11, 2, 12, 13]  |10.442450094403682  |7.987511330987712   |268       
 [15, 5, 9, 0, 0]    |0.5325752158712646  |0.44085857749826773 |189       
 [14, 9, 7, 5, 4]    |1.190591359873308   |0.8680118822035574  |316       
 [3, 5, 16, 15, 19]  |7.635638772413873   |3.7766093090059636  |704       
 [16, 5, 2, 0, 0]    |0.8914281852684016  |0.7687954037117919  |148       
 [13, 6, 8, 0, 0]    |0.8271153769069342  |0.6853599658833875  |188       
 [16, 12, 9, 1, 0]   |1.6475495703027587  |1.1255694384836112  |381       
 [12, 10, 19, 5, 6]  |1.4976597612383973  |0.8921720628949948  |518       
Gen 6 Train time: 11.432183345158895 minutes:
 Average MSE:        1.070712792936941
 Average Error:      1.5847951675783805
 Structure           |Error               |MSE                 |weights&biases
 [15, 5, 0, 0, 0]    |0.7170737097894538  |0.6290298037758337  |131       
 [15, 5, 9, 0, 0]    |0.6296997364324762  |0.521256945088034   |189       
 [16, 4, 6, 0, 0]    |0.5606276128177545  |0.48109121742708555 |153       
 [3, 20, 10, 9, 13]  |6.338117098247223   |3.686146991151665   |542       
 [15, 7, 2, 2, 0]    |1.0817579724879645  |0.9017548958713754  |182       
 [13, 6, 11, 0, 0]   |0.6694503915055068  |0.5415617335000272  |212       
 [14, 6, 4, 0, 0]    |0.5353538598113593  |0.45392316719321624 |165       
 [5, 17, 18, 2, 5]   |4.074316532432989   |2.4711978942946695  |500       
 [15, 7, 7, 10, 0]   |0.7588280056079674  |0.5599094897048689  |304       
 [15, 20, 19, 1, 18] |2.203817771829777   |0.9523632110070303  |839       
 [12, 8, 7, 10, 0]   |0.8017223119160207  |0.5975047917365738  |294       
 [16, 6, 7, 0, 0]    |0.7782064830270408  |0.6326971624487033  |207       
 [14, 7, 6, 2, 0]    |1.0950264620805497  |0.8858377507243063  |212       
 [16, 5, 3, 2, 0]    |1.01604632741524    |0.8640876625556967  |162       
 [16, 10, 15, 19, 14]|1.54255551977079    |0.5777814878550206  |982       
 [13, 20, 6, 0, 0]   |0.8415337027836733  |0.5355134807305826  |452       
 [16, 5, 6, 2, 0]    |0.8968414022152763  |0.7446237351459148  |186       
 [15, 5, 5, 0, 0]    |0.8736998475013119  |0.7437737527053939  |161       
 [3, 7, 8, 13, 0]    |2.32548683683276    |1.8439857720672599  |232       
 [8, 7, 10, 13, 7]   |1.8740887565726778  |1.2362993778476163  |416       
 [11, 5, 9, 0, 0]    |0.629196828010829   |0.5377770826960685  |157       
 [16, 6, 7, 1, 0]    |3.3633528769158474  |2.72900850011708    |209       
 [3, 15, 17, 10, 10] |4.507155760385384   |2.371840658271304   |642       
 [15, 6, 2, 0, 0]    |0.8745108276272849  |0.7467008794986337  |158       
 [15, 6, 6, 0, 0]    |0.6314125554423571  |0.5221523800095769  |190       
Result:  [14, 6, 4]
Fold 0
Fold 0 Train time: 19.3184680779775 minutes, MSE: 0.7865660134404375
Fold 1
Fold 1 Train time: 19.308934676647187 minutes, MSE: 0.5819426999419529
Fold 2
Fold 2 Train time: 19.338976057370505 minutes, MSE: 1.2723841817859225
Fold 3
Fold 3 Train time: 19.341562910874686 minutes, MSE: 0.7366507109600878
Fold 4
Fold 4 Train time: 19.14967324733734 minutes, MSE: 1.0751006171950128
Total Time: 162.21480583349864 minutes
CellsPerSensor: 1
 Resulting Network Architecture: [14, 6, 4]
 MSE after 5-Fold CV: 0.8905288446646826
 Weights and Biases: 165
 Objective Function Value: 1.0502835914115316
~/workspace/SolarCellResearch
