/tmp/tmp.gGzAexH9b8 ~/workspace/SolarCellResearch
Using TensorFlow backend.
Genetically searching for best layer structure...
  Training on:     datasets/N7dataset10k2.mat
  Evaluating with: datasets/N7dataset100k2.mat
Gen 0 Train time: 8.26678995291392 minutes:
 Average MSE:        0.9013281760051574
 Average Error:      1.1211858390211014
 Structure           |Error               |MSE                 |weights&biases
 [3, 0, 0, 0, 0]     |3.000019491018292   |2.961271644335794   |13        
 [1, 0, 0, 0, 0]     |2.974681659799451   |2.959845373126055   |5         
 [11, 3, 20, 8, 0]   |0.31305772520773406 |0.22596669002051506 |326       
 [17, 11, 7, 9, 2]   |5.339048917388789   |3.480053028522825   |428       
 [4, 12, 16, 20, 0]  |2.266912269049551   |1.1941309372382867  |641       
 [19, 5, 4, 14, 15]  |0.3444003474087319  |0.21056718719920214 |492       
 [9, 0, 0, 0, 0]     |0.7409361721931194  |0.714022506959386   |37        
 [10, 4, 17, 20, 0]  |1.5836299239205949  |0.9228575705718809  |540       
 [19, 11, 3, 0, 0]   |0.2118029011393063  |0.1542625669246053  |317       
 [20, 16, 14, 18, 0] |0.39295316997538304 |0.1561302265210141  |923       
 [17, 5, 0, 0, 0]    |0.18869150378018612 |0.16289623880306334 |147       
 [9, 0, 0, 0, 0]     |0.5415090003301841  |0.5218393006949211  |37        
 [19, 5, 6, 5, 5]    |0.22335618047508035 |0.17153163652364953 |264       
 [5, 0, 0, 0, 0]     |1.9416423015614588  |1.9012929640992742  |21        
 [9, 3, 9, 6, 0]     |0.4886734798830781  |0.4164200707148698  |160       
 [11, 17, 8, 19, 17] |0.5184278922373085  |0.20867978504021606 |910       
 [2, 8, 4, 16, 0]    |1.4227521489483583  |1.208757689044448   |163       
 [3, 17, 0, 0, 0]    |1.4464629843869112  |1.3153742887116011  |95        
 [7, 12, 0, 0, 0]    |1.0139779919767484  |0.8903694418087884  |130       
 [8, 15, 5, 17, 0]   |0.2939416577543171  |0.20528131456937743 |359       
 [4, 3, 0, 0, 0]     |1.734931987882059   |1.681974183199888   |31        
 [14, 1, 0, 0, 0]    |0.20182596241054881 |0.19026270095607076 |59        
 [17, 15, 1, 5, 0]   |0.30565036713462085 |0.21474297709616538 |353       
 [6, 4, 0, 0, 0]     |0.29319297642248765 |0.2786150318442068  |51        
 [16, 8, 5, 1, 16]   |0.24716696324323006 |0.18605904560282605 |284       
Gen 1 Train time: 8.937691152095795 minutes:
 Average MSE:        0.3964710832907135
 Average Error:      0.5346749848514097
 Structure           |Error               |MSE                 |weights&biases
 [17, 5, 0, 0, 0]    |0.27500627780614695 |0.23741126338172586 |147       
 [14, 1, 0, 0, 0]    |0.3202946037102085  |0.3019438910421043  |59        
 [19, 11, 3, 0, 0]   |0.20082119252963843 |0.1462642508003555  |317       
 [17, 3, 3, 3, 18]   |0.30443577468950433 |0.24431543196059696 |220       
 [11, 8, 3, 9, 0]    |0.22531374115514147 |0.18410271509355608 |202       
 [18, 13, 2, 3, 0]   |0.2395514247809599  |0.17016492452868037 |342       
 [19, 8, 4, 7, 8]    |0.2965695832605503  |0.20670277111667615 |361       
 [13, 10, 3, 9, 0]   |0.2584040178442136  |0.19964171214371298 |258       
 [14, 10, 6, 6, 3]   |2.0100894308065156  |1.4523445970245308  |325       
 [17, 7, 3, 1, 8]    |0.23162235511937335 |0.18403174423330226 |230       
 [13, 2, 10, 4, 0]   |0.24259710567071918 |0.20964215763565078 |146       
 [13, 10, 3, 10, 0]  |0.29754415305080617 |0.22873465675011903 |263       
 [19, 8, 5, 3, 3]    |1.17452878822669    |0.8735997465307879  |296       
 [19, 8, 4, 7, 8]    |0.2382913581457481  |0.16608407214373438 |361       
 [17, 9, 7, 9, 0]    |0.29098561427861014 |0.2020012388858825  |365       
 [18, 20, 3, 3, 3]   |0.3956698268556109  |0.23406060859452554 |525       
 [19, 8, 18, 3, 3]   |1.3051188585601465  |0.8305178276315953  |452       
 [17, 14, 11, 16, 3] |0.39746052762461637 |0.19443455486437028 |715       
 [15, 7, 12, 4, 0]   |0.2742088741694195  |0.20111766412924986 |310       
 [17, 7, 3, 12, 8]   |0.27218768004651867 |0.18951948236014837 |362       
 [12, 10, 1, 3, 0]   |0.40061495758547955 |0.33228756727158026 |187       
 [12, 1, 0, 0, 0]    |0.2366965387783806  |0.22492767218994655 |51        
 [19, 5, 6, 5, 5]    |0.21488948176152203 |0.16502943594339128 |264       
 [13, 5, 3, 3, 3]    |1.036615622783264   |0.8877733525682157  |155       
 [18, 5, 15, 3, 3]   |2.227356832045459   |1.6451237434433967  |303       
Increasing Epochs
Gen 2 Train time: 10.433512036005656 minutes:
 Average MSE:        0.33521746939175306
 Average Error:      0.4848517680816001
 Structure           |Error               |MSE                 |weights&biases
 [19, 11, 3, 0, 0]   |0.24092050381380758 |0.17546981246797497 |317       
 [19, 5, 6, 5, 5]    |0.23938286769645115 |0.18383970823801657 |264       
 [11, 8, 3, 9, 0]    |0.5135682533830281  |0.4196340149914257  |202       
 [19, 19, 5, 6, 7]   |0.33314287889909816 |0.17742916586549334 |630       
 [18, 10, 3, 2, 4]   |0.2813664764866848  |0.20802494625045148 |302       
 [19, 8, 5, 3, 4]    |0.2680406625739674  |0.19837093656329363 |301       
 [15, 8, 5, 2, 0]    |0.3231653860998527  |0.25599661543836294 |233       
 [4, 11, 3, 0, 0]    |1.2259490902304349  |1.1015467313511542  |107       
 [15, 2, 2, 2, 9]    |0.22359006973122555 |0.1971203250683877  |126       
 [19, 18, 6, 5, 9]   |0.310091340673639   |0.16515210560601673 |630       
 [18, 10, 3, 8, 4]   |0.2693917675245176  |0.18983717004280004 |350       
 [16, 6, 2, 0, 0]    |0.19788556474173855 |0.16745068797369916 |167       
 [13, 10, 3, 10, 0]  |0.23270978118708263 |0.17889375871262286 |263       
 [15, 4, 2, 1, 4]    |0.2543131283731946  |0.22219742681082183 |135       
 [19, 12, 3, 2, 0]   |0.24212984837420498 |0.17113866696112906 |347       
 [4, 18, 1, 14, 20]  |0.7162580119017541  |0.44766288211425403 |470       
 [7, 16, 19, 5, 5]   |1.841590046558369   |1.0026328139749359  |608       
 [18, 9, 3, 1, 4]    |0.28510123104848994 |0.21720558771625037 |272       
 [18, 8, 2, 0, 0]    |0.2353349231496194  |0.18754329105658457 |227       
 [17, 10, 7, 4, 0]   |0.24262346627437123 |0.17183087704441805 |345       
 [17, 5, 3, 8, 13]   |0.28974333676105213 |0.20997647181088208 |322       
 [14, 6, 2, 5, 0]    |0.24062723266515534 |0.20361867075839762 |167       
 [18, 14, 7, 10, 2]  |2.590082938949747   |1.5245356897449411  |530       
 [17, 6, 5, 6, 9]    |0.2406291469782459  |0.17772847051853247 |303       
 [12, 9, 3, 9, 0]    |0.28365624796426964 |0.22559990771297986 |229       
Increasing Epochs
Gen 3 Train time: 11.883529857794445 minutes:
 Average MSE:        0.4510313019929345
 Average Error:      0.5810341356144166
 Structure           |Error               |MSE                 |weights&biases
 [16, 6, 2, 0, 0]    |0.21309720118197018 |0.18032276881722578 |167       
 [15, 2, 2, 2, 9]    |0.25459707283077443 |0.22445655935520942 |126       
 [13, 10, 3, 10, 0]  |0.2605222050385438  |0.20027433419301727 |263       
 [19, 11, 3, 4, 2]   |1.1146051174516707  |0.7917577441414558  |342       
 [17, 8, 5, 3, 2]    |0.2727454365567293  |0.20841658585364842 |269       
 [12, 9, 3, 3, 20]   |0.3492562817685578  |0.25977243153652674 |296       
 [18, 9, 3, 5, 7]    |0.2365945963573248  |0.17094606759207215 |325       
 [18, 9, 3, 15, 0]   |0.2901668842214486  |0.2083993561322411  |331       
 [19, 12, 3, 2, 0]   |0.2429847216826659  |0.17174289597053458 |347       
 [16, 9, 3, 5, 0]    |0.24263312778350304 |0.1876447486342517  |257       
 [19, 11, 3, 2, 2]   |1.2087583683601533  |0.8690050789985648  |330       
 [16, 6, 4, 6, 5]    |0.23342554512359232 |0.18197388025475927 |249       
 [19, 11, 3, 4, 9]   |0.26852032917579666 |0.18289763503823214 |384       
 [18, 10, 5, 3, 6]   |0.30685832875127267 |0.21667232108829776 |348       
 [17, 6, 4, 3, 5]    |0.2224655315675365  |0.17711020665810578 |228       
 [16, 6, 3, 7, 7]    |0.24472768135690404 |0.1881324220908675  |263       
 [17, 7, 3, 1, 4]    |0.20490329106098315 |0.16476794942334472 |218       
 [16, 5, 2, 13, 2]   |2.7357092423294853  |2.206462872214847   |215       
 [18, 13, 4, 3, 4]   |0.2780407306106762  |0.1876854861620582  |393       
 [16, 9, 4, 7, 2]    |1.80871842119167    |1.3466479974086674  |295       
 [16, 9, 6, 3, 0]    |0.25434408737611447 |0.1910792044328031  |286       
 [16, 2, 3, 3, 2]    |2.4415069616855005  |2.178454010906174   |114       
 [7, 6, 16, 5, 14]   |0.31595595989168185 |0.21933556918174255 |365       
 [18, 7, 4, 3, 5]    |0.25481672895846813 |0.1964768429527044  |260       
 [19, 16, 4, 4, 4]   |0.2698995380473906  |0.16534758078601253 |490       
Result:  [17, 7, 3, 1, 4]
Fold 0
Fold 0 Train time: 20.534623483816784 minutes, MSE: 0.02132813189823734
Fold 1
Fold 1 Train time: 20.483824384212493 minutes, MSE: 0.009159787065683461
Fold 2
Fold 2 Train time: 20.5677010456721 minutes, MSE: 0.015724536825558074
Fold 3
Fold 3 Train time: 20.63443736632665 minutes, MSE: 0.008173775094652464
Fold 4
Fold 4 Train time: 20.48442110220591 minutes, MSE: 0.009992521028411461
Total Time: 142.2327410896619 minutes
CellsPerSensor: 7
 Resulting Network Architecture: [17, 7, 3, 1, 4]
 MSE after 5-Fold CV: 0.012875750382508558
 Weights and Biases: 218
 Objective Function Value: 0.016012116661578833
~/workspace/SolarCellResearch
