/tmp/tmp.N9OYJI6qDh ~/workspace/SolarCellResearch
Using TensorFlow backend.
Genetically searching for best layer structure...
  Training on:     datasets/N10dataset10k0.mat
  Evaluating with: datasets/N10dataset100k0.mat
Gen 0 Train time: 8.327090378602346 minutes:
 Average MSE:        1.0409840249835858
 Average Error:      1.3523357902423505
 Structure           |Error               |MSE                 |weights&biases
 [18, 5, 7, 20, 3]   |4.252645614646867   |2.79978124355998    |418       
 [13, 20, 15, 0, 0]  |0.24570767782447903 |0.12827065552602562 |650       
 [14, 6, 11, 0, 0]   |0.20980082767400646 |0.1682008230849398  |221       
 [15, 15, 0, 0, 0]   |0.20645163662062951 |0.15279026741010812 |301       
 [20, 13, 0, 0, 0]   |0.20025525081059323 |0.1415414782845193  |347       
 [13, 7, 6, 0, 0]    |0.2957360521357092  |0.2440729950882151  |192       
 [9, 10, 5, 17, 0]   |0.31541055459357364 |0.2331950290789468  |302       
 [11, 8, 3, 4, 0]    |0.2229058335318778  |0.18674600118525492 |177       
 [20, 14, 11, 17, 0] |0.3343900060104141  |0.15938266269813098 |741       
 [13, 3, 0, 0, 0]    |0.8810599810897949  |0.8092644159254923  |85        
 [11, 0, 0, 0, 0]    |0.42929308470317734 |0.4104031079446012  |45        
 [9, 0, 0, 0, 0]     |0.34703601189081934 |0.3344303227658929  |37        
 [4, 9, 0, 0, 0]     |1.3811604608905494  |1.2916546353009324  |67        
 [3, 18, 20, 1, 0]   |4.836239448341275   |2.9806382196217367  |484       
 [5, 17, 0, 0, 0]    |1.7083729338211344  |1.4926326153766944  |135       
 [5, 1, 17, 2, 0]    |1.8489929957058704  |1.6831064514949703  |94        
 [1, 0, 0, 0, 0]     |3.50339564923468    |3.4859223905378562  |5         
 [16, 12, 13, 16, 13]|0.38887468836249683 |0.16129857551826401 |880       
 [9, 7, 5, 6, 0]     |0.37600827939425363 |0.3140685150220269  |180       
 [8, 8, 9, 5, 0]     |0.3222682999280448  |0.2552859854216061  |233       
 [16, 11, 0, 0, 0]   |0.14781484461596314 |0.11546419023754609 |247       
 [14, 3, 8, 13, 1]   |4.481832145373273   |3.483480451899633   |252       
 [1, 14, 9, 0, 0]    |2.8257682922347027  |2.369740106611714   |176       
 [11, 19, 5, 0, 0]   |0.24456097867611426 |0.1694342048283078  |367       
 [2, 17, 20, 0, 0]   |3.8024132079484634  |2.453795280166259   |438       
Gen 1 Train time: 8.659687765439351 minutes:
 Average MSE:        0.42000611985319325
 Average Error:      0.5533128041945465
 Structure           |Error               |MSE                 |weights&biases
 [16, 11, 0, 0, 0]   |0.19129239921838254 |0.14942627739272826 |247       
 [20, 13, 0, 0, 0]   |0.18297242572702857 |0.1293258854281091  |347       
 [15, 15, 0, 0, 0]   |0.23646632833009695 |0.17500347360012986 |301       
 [9, 9, 7, 11, 0]    |0.2970933496414882  |0.22297204346542882 |287       
 [12, 10, 5, 3, 0]   |0.1878659466721166  |0.14733791038266736 |243       
 [2, 13, 3, 10, 0]   |1.402953400439945   |1.2221108717035554  |138       
 [15, 11, 6, 0, 0]   |0.19107181504636628 |0.14154948204507534 |300       
 [18, 13, 6, 9, 0]   |0.20112979356117067 |0.1272241433072265  |458       
 [14, 7, 9, 0, 0]    |0.2361239910240017  |0.18779614750648924 |229       
 [16, 17, 8, 1, 0]   |1.3804508752602338  |0.8440109310495263  |492       
 [17, 10, 11, 9, 0]  |0.2306186141503234  |0.14413715695216509 |470       
 [12, 14, 9, 2, 0]   |2.112744848083829   |1.4506155418174589  |376       
 [12, 5, 5, 3, 0]    |0.19097177557434264 |0.16387855664743858 |153       
 [18, 13, 6, 9, 4]   |0.24749252179033854 |0.1511662714686369  |493       
 [13, 11, 3, 9, 0]   |1.1495292219179585  |0.8731503518013698  |275       
 [15, 9, 6, 0, 0]    |0.19765055259020328 |0.15300958791505578 |256       
 [15, 9, 3, 1, 0]    |0.2170353242726623  |0.17330622647542154 |225       
 [16, 11, 2, 7, 0]   |0.2275763364250928  |0.1706279963540053  |288       
 [16, 11, 12, 0, 0]  |0.2389643774521379  |0.16146921293444944 |392       
 [10, 9, 4, 7, 0]    |0.18675296131500382 |0.1510765528698403  |212       
 [17, 10, 6, 0, 0]   |0.21733396875657557 |0.16036223049587256 |304       
 [14, 11, 5, 3, 0]   |0.33191315643749064 |0.24860700530540605 |289       
 [12, 3, 9, 2, 0]    |0.2112292375353572  |0.18473899250216103 |134       
 [14, 11, 3, 0, 0]   |0.20281657078958967 |0.15842827676623558 |247       
 [8, 2, 19, 3, 4]    |3.362770312851927   |2.8088218701433783  |180       
Increasing Epochs
Gen 2 Train time: 10.033372139930725 minutes:
 Average MSE:        0.33523644249312406
 Average Error:      0.4246858141005201
 Structure           |Error               |MSE                 |weights&biases
 [20, 13, 0, 0, 0]   |0.1837285273055663  |0.12986030205252366 |347       
 [10, 9, 4, 7, 0]    |1.015639086206818   |0.8216161662100149  |212       
 [12, 10, 5, 3, 0]   |0.23949933668660825 |0.1878325073304899  |243       
 [14, 10, 5, 4, 0]   |0.18345843598384662 |0.13921063348177626 |276       
 [14, 10, 6, 2, 0]   |0.23112119543355064 |0.17555321713775496 |275       
 [15, 11, 9, 2, 0]   |0.22464291916926613 |0.15798689959448278 |352       
 [13, 7, 6, 1, 0]    |0.21521108220586904 |0.17726030894505848 |194       
 [13, 8, 4, 2, 0]    |0.19023826088520832 |0.15575391459879218 |200       
 [18, 11, 13, 1, 0]  |0.2505322969719194  |0.16216070379182473 |435       
 [7, 8, 3, 2, 0]     |0.2666514916367334  |0.235790224622004   |123       
 [15, 12, 3, 0, 0]   |0.2000339118142793  |0.15118237828902065 |280       
 [16, 13, 6, 5, 0]   |0.2379413505989412  |0.16045671492372565 |394       
 [15, 9, 8, 0, 0]    |0.27474009787879056 |0.20805980286614556 |278       
 [16, 10, 8, 1, 0]   |2.0355701590511774  |1.482568351053089   |317       
 [15, 10, 6, 2, 0]   |0.23520075553488534 |0.17634449296566113 |288       
 [16, 10, 9, 5, 0]   |0.28084451744688527 |0.19340785500050764 |373       
 [15, 11, 5, 0, 0]   |0.17947928305493108 |0.1347013070159938  |287       
 [11, 6, 7, 5, 0]    |0.21425535827473058 |0.17541745083126298 |200       
 [15, 9, 8, 10, 0]   |0.226618285113882   |0.15653302947832246 |370       
 [13, 6, 7, 2, 0]    |0.3631882303830167  |0.30004163275237367 |191       
 [18, 12, 6, 5, 0]   |0.18416062489854793 |0.1233231737040968  |401       
 [5, 1, 14, 2, 4]    |2.5450366523192094  |2.3120742182079645  |96        
 [16, 11, 6, 0, 0]   |0.16003726944723864 |0.11691027054588479 |314       
 [15, 12, 3, 2, 0]   |0.2589713154593895  |0.19436100968463613 |287       
 [17, 12, 4, 8, 0]   |0.22034490875171175 |0.15250449724469523 |368       
Increasing Epochs
Gen 3 Train time: 11.466925934950511 minutes:
 Average MSE:        0.5973161134250422
 Average Error:      0.7935302904527224
 Structure           |Error               |MSE                 |weights&biases
 [16, 11, 6, 0, 0]   |0.20827741655579152 |0.15215061592989254 |314       
 [15, 11, 5, 0, 0]   |0.19412482176787768 |0.14569295559519757 |287       
 [14, 10, 5, 4, 0]   |0.20001368381259138 |0.15177296960618475 |276       
 [16, 13, 5, 3, 0]   |0.22344661739111998 |0.15573759960007333 |361       
 [16, 11, 6, 4, 0]   |0.1727831204028902  |0.12298189737709601 |340       
 [15, 11, 7, 3, 0]   |0.20689008851019985 |0.1482926489103457  |333       
 [13, 9, 8, 4, 0]    |0.4160043797457827  |0.31252853857317847 |286       
 [15, 9, 8, 10, 0]   |0.23930790132430754 |0.16529818303747568 |370       
 [16, 10, 15, 4, 0]  |0.34949732318980653 |0.22240407891958974 |452       
 [3, 12, 14, 10, 5]  |4.9040127387829235  |3.1269365781597855  |450       
 [15, 9, 6, 1, 0]    |1.9268005427447588  |1.4886369125456418  |258       
 [15, 11, 6, 1, 0]   |0.3014857501480348  |0.22289989110621694 |302       
 [17, 11, 6, 4, 0]   |0.20655225620069384 |0.14497385807804497 |354       
 [16, 9, 10, 1, 0]   |0.2425637345249157  |0.17719742361186216 |314       
 [3, 11, 10, 2, 0]   |2.7671314528429276  |2.2700712235818257  |198       
 [14, 7, 5, 6, 0]    |0.19023147137098168 |0.1511452962578959  |230       
 [11, 10, 6, 2, 0]   |0.2630116205307504  |0.20772149491493463 |236       
 [14, 9, 6, 7, 0]    |0.2128778259908714  |0.15865283926055154 |294       
 [20, 12, 0, 0, 0]   |0.3224891410395459  |0.23300722565360807 |325       
 [17, 12, 6, 3, 0]   |0.21708998533866802 |0.14995150571097798 |370       
 [12, 10, 7, 2, 0]   |0.25571425112805796 |0.19677493516216799 |262       
 [1, 3, 2, 10, 11]   |3.568059430547232   |2.980293754881169   |180       
 [15, 8, 8, 4, 0]    |0.18360273477830427 |0.13793387082455116 |286       
 [4, 14, 7, 7, 4]    |1.1505329677934037  |0.8695541110670584  |280       
 [14, 1, 6, 2, 0]    |0.91575600485562    |0.8402924272607295  |86        
Result:  [16, 11, 6, 4]
Fold 0
Fold 0 Train time: 20.28302010297775 minutes, MSE: 0.005626966742350763
Fold 1
Fold 1 Train time: 20.523979604244232 minutes, MSE: 0.004849301539057935
Fold 2
Fold 2 Train time: 20.45043374300003 minutes, MSE: 0.005077762735300124
Fold 3
Fold 3 Train time: 20.403371671835583 minutes, MSE: 0.011266096841626237
Fold 4
Fold 4 Train time: 20.361062347888947 minutes, MSE: 0.006935294051120277
Total Time: 140.51451674699783 minutes
CellsPerSensor: 10
 Resulting Network Architecture: [16, 11, 6, 4]
 MSE after 5-Fold CV: 0.0067510843818910675
 Weights and Biases: 340
 Objective Function Value: 0.009484919736029364
~/workspace/SolarCellResearch
