/tmp/tmp.ZgMMcZLoL0 ~/workspace/SolarCellResearch
Using TensorFlow backend.
Genetically searching for best layer structure...
  Training on:     datasets/N2dataset10k7.mat
  Evaluating with: datasets/N2dataset100k7.mat
Gen 0 Train time: 8.40909704764684 minutes:
 Average MSE:        0.5481000030495738
 Average Error:      0.8013826809871244
 Structure           |Error               |MSE                 |weights&biases
 [18, 11, 18, 16, 17]|1.637624658460959   |0.5505964206754304  |1090      
 [17, 18, 0, 0, 0]   |0.6092094585706134  |0.410822869487138   |394       
 [15, 17, 4, 0, 0]   |0.6244671828567299  |0.42111197774847897 |394       
 [12, 1, 0, 0, 0]    |0.5957876331240538  |0.5661642799247872  |51        
 [2, 15, 18, 0, 0]   |1.783066316245516   |1.246493652638311   |358       
 [5, 15, 18, 2, 0]   |1.1025955117037511  |0.7143851448760017  |434       
 [15, 4, 6, 0, 0]    |0.5173882201574757  |0.4471050159860745  |146       
 [11, 3, 7, 0, 0]    |0.7083489430156329  |0.6377439239450355  |105       
 [17, 5, 13, 12, 15] |0.9782134253179978  |0.5379296946446933  |598       
 [5, 10, 13, 0, 0]   |0.8737805039180327  |0.6928608632027646  |232       
 [19, 11, 1, 11, 18] |0.7495625260299815  |0.4341932613875426  |546       
 [9, 5, 0, 0, 0]     |0.46778636192318485 |0.43052771484993163 |83        
 [18, 14, 15, 10, 0] |1.0128014713843858  |0.4949592837710329  |716       
 [18, 17, 19, 14, 0] |1.0645129552458492  |0.3861680566061839  |1014      
 [20, 12, 20, 0, 0]  |0.6350246547346895  |0.3509570405896049  |593       
 [6, 7, 0, 0, 0]     |0.5246050898790443  |0.4866989550300884  |75        
 [18, 1, 0, 0, 0]    |0.5654846394944767  |0.5246246909098508  |75        
 [18, 15, 0, 0, 0]   |0.49320449923334864 |0.34582189693340676 |355       
 [12, 5, 7, 0, 0]    |0.4835905556502232  |0.4158142263691708  |151       
 [14, 0, 0, 0, 0]    |0.6240745215377757  |0.5894970918873335  |57        
 [17, 0, 0, 0, 0]    |0.4501116755979787  |0.42010123585029807 |69        
 [15, 10, 18, 10, 0] |1.0050651431196511  |0.5493894866480677  |604       
 [5, 2, 0, 0, 0]     |0.774215102589782   |0.751333588314054   |30        
 [10, 15, 15, 0, 0]  |1.061473497319355   |0.6761488970070644  |451       
 [17, 3, 0, 0, 0]    |0.6925724775676214  |0.6210508069570004  |109       
Gen 1 Train time: 8.136797201633453 minutes:
 Average MSE:        0.470806694663272
 Average Error:      0.5937763073768483
 Structure           |Error               |MSE                 |weights&biases
 [17, 0, 0, 0, 0]    |0.46296068593260437 |0.43209356000820476 |69        
 [9, 5, 0, 0, 0]     |0.5223120654197859  |0.4807105086160128  |83        
 [12, 5, 7, 0, 0]    |0.5268367847425298  |0.45299939692987945 |151       
 [14, 10, 11, 0, 0]  |0.6326341668085823  |0.4570954903677622  |325       
 [16, 8, 0, 0, 0]    |0.5211337410326025  |0.42966537559705886 |193       
 [19, 11, 9, 11, 10] |0.9126406163875432  |0.4880130629012596  |626       
 [15, 11, 5, 0, 0]   |0.5544847532913635  |0.4161473108064963  |287       
 [18, 9, 0, 0, 0]    |0.45282452643345583 |0.357989870595227   |235       
 [12, 4, 19, 0, 0]   |0.49349226019136044 |0.40282699430615326 |203       
 [13, 1, 0, 0, 0]    |0.5553392089052029  |0.5256203133050117  |55        
 [18, 15, 1, 6, 9]   |0.9108476535809439  |0.586619062964248   |440       
 [11, 8, 8, 0, 0]    |0.45756263346038784 |0.3708930622276216  |210       
 [18, 1, 0, 0, 0]    |0.6386909639786464  |0.5925413816080937  |75        
 [12, 4, 7, 0, 0]    |0.5714360107754067  |0.5012738255792987  |131       
 [15, 9, 4, 0, 0]    |0.7653758985548057  |0.6056892609230452  |234       
 [12, 5, 3, 0, 0]    |0.5134083952026098  |0.4539883879313331  |123       
 [9, 10, 12, 0, 0]   |0.6645923151508065  |0.5063224871852021  |272       
 [18, 8, 8, 5, 0]    |0.6426695076724236  |0.46249262327274065 |329       
 [17, 3, 3, 0, 0]    |0.5827070669755534  |0.5162982498351005  |121       
 [10, 11, 5, 0, 0]   |0.6135519146424268  |0.4938663238201535  |217       
 [16, 10, 2, 0, 0]   |0.6451265374473634  |0.5059543660980463  |243       
 [11, 5, 4, 0, 0]    |0.5220007093359393  |0.46204807622592076 |122       
 [17, 9, 2, 0, 0]    |0.4898791414520884  |0.38689707848165317 |236       
 [15, 2, 0, 0, 0]    |0.4692262038988062  |0.43315037897193653 |80        
 [14, 15, 8, 8, 0]   |0.7226739231479685  |0.4489709180243414  |476       
Increasing Epochs
Gen 2 Train time: 9.466942143440246 minutes:
 Average MSE:        0.4571797025659356
 Average Error:      0.5879533745156181
 Structure           |Error               |MSE                 |weights&biases
 [18, 9, 0, 0, 0]    |0.5365828861473152  |0.42420678819772206 |235       
 [11, 8, 8, 0, 0]    |0.5568226799927551  |0.4513516922010262  |210       
 [17, 0, 0, 0, 0]    |0.3756168875041273  |0.35057326259553456 |69        
 [16, 10, 6, 0, 0]   |0.5491790839479344  |0.4105199752906943  |291       
 [15, 5, 0, 0, 0]    |0.43203631921343044 |0.37898993839650386 |131       
 [7, 1, 0, 0, 0]     |0.5277219826634529  |0.5116135715674677  |31        
 [12, 6, 14, 0, 0]   |0.5364870285359056  |0.42753766246934627 |227       
 [12, 11, 9, 0, 0]   |0.6062921353487365  |0.4505017409130135  |297       
 [13, 3, 0, 0, 0]    |0.46884657566083177 |0.4306413392440313  |85        
 [14, 6, 3, 0, 0]    |0.6132921769714409  |0.5241833128986245  |157       
 [14, 6, 3, 17, 0]   |0.5873972205711037  |0.4625253133420394  |239       
 [18, 2, 2, 0, 0]    |0.398971947253763   |0.360643922317473   |101       
 [14, 7, 6, 0, 0]    |0.6074184167688154  |0.49631850748050266 |202       
 [12, 2, 11, 19, 13] |0.9846604310540994  |0.5420167156728948  |597       
 [17, 10, 7, 3, 0]   |0.7564965181937005  |0.5406098913706157  |336       
 [15, 10, 2, 0, 0]   |0.5633492415930766  |0.44759990239046826 |230       
 [13, 8, 8, 0, 0]    |0.5459510088509313  |0.43290973598371896 |232       
 [5, 14, 8, 11, 8]   |0.9349582354733398  |0.6124711629105017  |423       
 [7, 9, 0, 0, 0]     |0.4961488733768752  |0.44758928153574457 |103       
 [16, 8, 4, 4, 0]    |0.5258042112265776  |0.41154934235372814 |245       
 [15, 13, 20, 0, 0]  |0.9438950243292463  |0.5424060859220129  |554       
 [15, 7, 3, 0, 0]    |0.5275680930776366  |0.4384641021805208  |185       
 [15, 9, 6, 0, 0]    |0.5950366714943583  |0.46064286037422886 |256       
 [16, 5, 2, 0, 0]    |0.4734776588531903  |0.40834186522490634 |148       
 [15, 7, 2, 0, 0]    |0.5548230547878102  |0.46528459131506833 |176       
Gen 3 Train time: 9.667626591523488 minutes:
 Average MSE:        0.6691630332051359
 Average Error:      0.900256917124109
 Structure           |Error               |MSE                 |weights&biases
 [17, 0, 0, 0, 0]    |0.4160412902755203  |0.38830243622830285 |69        
 [18, 2, 2, 0, 0]    |0.5055347880119928  |0.456969594156993   |101       
 [15, 5, 0, 0, 0]    |0.4091482004583782  |0.358912073802199   |131       
 [18, 1, 1, 0, 0]    |0.530074386379584   |0.4907904960055459  |77        
 [15, 8, 5, 2, 0]    |0.6241381007852955  |0.4944132269097503  |233       
 [15, 8, 5, 0, 0]    |0.7892387220613462  |0.6308504551739709  |224       
 [16, 5, 1, 0, 0]    |0.5437962680926496  |0.47228124657954573 |141       
 [2, 7, 9, 18, 16]   |5.160020713031113   |2.83187940979767    |600       
 [11, 7, 0, 0, 0]    |0.42535684184495953 |0.3753760954213424  |125       
 [15, 6, 2, 0, 0]    |0.5078271946704446  |0.43360813944702487 |158       
 [18, 4, 5, 19, 19]  |0.9245436207324497  |0.4735702347952088  |669       
 [3, 8, 15, 6, 4]    |1.9559824737051268  |1.4418004012684063  |305       
 [9, 4, 2, 7, 20]    |0.7428099688355629  |0.5619653819300291  |279       
 [18, 5, 0, 0, 0]    |0.4794962363354832  |0.4106478543439776  |155       
 [15, 7, 2, 0, 0]    |0.623110267366686   |0.5225514758156752  |176       
 [17, 6, 2, 0, 0]    |0.5185559882001493  |0.4348703770717727  |176       
 [15, 2, 3, 0, 0]    |0.5077066908651416  |0.46400897775251193 |90        
 [13, 2, 10, 0, 0]   |0.48683190784629926 |0.43699375530571655 |108       
 [10, 6, 5, 0, 0]    |0.4921345751513924  |0.4291266967821893  |137       
 [17, 4, 2, 2, 0]    |0.6258088009390453  |0.5429650181906778  |142       
 [17, 5, 3, 0, 0]    |0.5357810932958459  |0.4551948957832862  |163       
 [7, 13, 4, 1, 4]    |2.4003842806767564  |1.967234681186667   |199       
 [15, 6, 2, 13, 0]   |0.5957870579510078  |0.48390244084971235 |208       
 [15, 6, 16, 0, 0]   |0.8856093074348563  |0.6760559852896314  |270       
 [10, 10, 7, 17, 8]  |0.8207041531556435  |0.49480448024058993 |506       
Increasing Epochs
Gen 4 Train time: 10.834936622778574 minutes:
 Average MSE:        0.8395899827083594
 Average Error:      1.0827350596712884
 Structure           |Error               |MSE                 |weights&biases
 [15, 5, 0, 0, 0]    |0.3937137044632892  |0.34537265957653956 |131       
 [17, 0, 0, 0, 0]    |0.46937890203930943 |0.43808385233910024 |69        
 [11, 7, 0, 0, 0]    |0.4993618009787348  |0.4406852426327986  |125       
 [15, 4, 6, 0, 0]    |0.5179575051691154  |0.4475969680141906  |146       
 [7, 5, 5, 13, 10]   |0.6999700032895699  |0.5082825438691895  |320       
 [16, 3, 6, 0, 0]    |0.5833836773162475  |0.512266541525032   |130       
 [1, 4, 5, 0, 0]     |3.0399120633610233  |2.914879813154633   |42        
 [12, 7, 15, 16, 14] |2.7459067051050106  |1.2893153382482552  |756       
 [18, 2, 2, 0, 0]    |0.451918494501934   |0.4085040553523469  |101       
 [15, 5, 4, 1, 0]    |0.6018813990802525  |0.5149451624964767  |156       
 [17, 4, 2, 0, 0]    |0.5602651448180936  |0.4890233038946984  |136       
 [18, 6, 1, 0, 0]    |0.5872488515505901  |0.49198521631342906 |177       
 [6, 6, 9, 7, 16]    |0.9701321298865666  |0.6918936636738237  |338       
 [14, 6, 4, 1, 0]    |0.5584807581299011  |0.47258620046882055 |167       
 [8, 4, 2, 0, 0]     |0.5467133083767529  |0.5082251452531767  |73        
 [16, 6, 2, 1, 3]    |1.6347129263816946  |1.369529443221009   |177       
 [6, 5, 0, 0, 0]     |0.7109320134534023  |0.6702004214930087  |59        
 [16, 3, 1, 7, 0]    |0.5519085469623043  |0.48705758320419823 |125       
 [14, 5, 4, 9, 4]    |1.5084579541469731  |1.1973226110612332  |231       
 [16, 5, 9, 1, 0]    |1.5571393087446224  |1.2761533543861607  |199       
 [17, 3, 1, 0, 0]    |0.7206915185050413  |0.6449747659346653  |111       
 [17, 9, 1, 0, 0]    |0.5650422900916188  |0.4511954329230984  |225       
 [17, 2, 3, 0, 0]    |0.5138284446921808  |0.4649312032087057  |100       
 [17, 6, 1, 7, 0]    |0.7940380694290409  |0.6579516224315477  |188       
 [8, 1, 16, 18, 5]   |5.28540097130894    |3.2967874230328507  |472       
Result:  [15, 5]
Fold 0
Fold 0 Train time: 18.32033311923345 minutes, MSE: 0.07050843844878878
Fold 1
Fold 1 Train time: 18.16335511604945 minutes, MSE: 0.06434066407674668
Fold 2
Fold 2 Train time: 17.910355190436047 minutes, MSE: 0.04779345404140937
Fold 3
Fold 3 Train time: 17.846739439169564 minutes, MSE: 0.05870072853362632
Fold 4
Fold 4 Train time: 18.024981411298118 minutes, MSE: 0.16693207750828554
Total Time: 136.78664658864338 minutes
CellsPerSensor: 2
 Resulting Network Architecture: [15, 5]
 MSE after 5-Fold CV: 0.08165507252177133
 Weights and Biases: 131
 Objective Function Value: 0.09308415185551333
~/workspace/SolarCellResearch
