/tmp/tmp.jGafTuBuft ~/workspace/SolarCellResearch
Using TensorFlow backend.
Genetically searching for best layer structure...
  Training on:     datasets/N3dataset10k2.mat
  Evaluating with: datasets/N3dataset100k2.mat
Gen 0 Train time: 8.232760393619538 minutes:
 Average MSE:        0.8024256175322217
 Average Error:      1.0068554966123744
 Structure           |Error               |MSE                 |weights&biases
 [19, 11, 1, 16, 0]  |0.4941972091481226  |0.35245912085692294 |338       
 [15, 4, 1, 3, 18]   |0.5642822601337548  |0.45694114065746894 |211       
 [6, 7, 0, 0, 0]     |0.5187390353852726  |0.4812567611830433  |75        
 [6, 10, 18, 0, 0]   |0.5239829528209996  |0.38624008230710427 |305       
 [5, 0, 0, 0, 0]     |1.4379923760164004  |1.4081094055015568  |21        
 [20, 10, 13, 9, 0]  |0.49104504047613196 |0.2835917930353751  |549       
 [4, 0, 0, 0, 0]     |1.4088030648779155  |1.3850558361290275  |17        
 [11, 0, 0, 0, 0]    |0.4712218014525534  |0.450486855573498   |45        
 [6, 17, 3, 0, 0]    |0.5413144373781568  |0.44541227998084165 |195       
 [8, 12, 7, 6, 0]    |0.5052630289250192  |0.3826340858336228  |278       
 [1, 0, 0, 0, 0]     |3.718351453330362   |3.699806098087957   |5         
 [12, 12, 4, 0, 0]   |0.4874118762418644  |0.3799765375080195  |249       
 [19, 15, 0, 0, 0]   |0.4265757816024994  |0.2937679099628777  |373       
 [17, 9, 0, 0, 0]    |0.3520825836439986  |0.28170650335155517 |223       
 [17, 4, 0, 0, 0]    |0.35397142297252937 |0.31144295262301797 |128       
 [17, 0, 0, 0, 0]    |0.4481198673094725  |0.41824222803303435 |69        
 [11, 12, 3, 19, 0]  |0.49432488942405006 |0.3618366880019078  |312       
 [11, 9, 0, 0, 0]    |0.35977583835411353 |0.3093524266419708  |151       
 [19, 2, 0, 0, 0]    |0.3920167698865643  |0.3547114418909557  |100       
 [1, 13, 15, 17, 5]  |4.937785886231533   |2.691011188703939   |607       
 [14, 19, 3, 6, 19]  |0.9487277120575668  |0.5397585103790453  |564       
 [4, 0, 0, 0, 0]     |3.1727240594690245  |3.119243622156205   |17        
 [13, 0, 0, 0, 0]    |0.46513699641120243 |0.44112663046243483 |53        
 [7, 20, 13, 9, 6]   |0.8635073668178959  |0.4521447757582182  |647       
 [14, 19, 17, 2, 12] |0.7940337049423517  |0.374325563685945   |752       
Gen 1 Train time: 8.944310748577118 minutes:
 Average MSE:        0.45550335110402623
 Average Error:      0.6951019517395545
 Structure           |Error               |MSE                 |weights&biases
 [17, 9, 0, 0, 0]    |0.40233318047678335 |0.32191275206338016 |223       
 [17, 4, 0, 0, 0]    |0.32790889509391546 |0.28851174939996804 |128       
 [11, 9, 0, 0, 0]    |0.4152372276885533  |0.35704077462563105 |151       
 [13, 11, 10, 8, 0]  |0.4670950663712369  |0.30998775763471204 |410       
 [14, 8, 2, 10, 0]   |0.4818250635492431  |0.3862871904293116  |221       
 [19, 10, 7, 5, 0]   |0.5381546866492619  |0.36802322238619806 |380       
 [16, 10, 9, 1, 6]   |0.5003950602907787  |0.3540357536421367  |346       
 [20, 2, 12, 8, 18]  |0.5150600971873243  |0.3374048644359065  |423       
 [13, 16, 10, 11, 16]|1.122102568353191   |0.5231977488876896  |763       
 [15, 12, 2, 5, 19]  |0.6042230682419069  |0.40019160624731304 |412       
 [10, 6, 1, 8, 0]    |0.3726591991685913  |0.3278854556578219  |128       
 [10, 12, 6, 3, 0]   |0.5283409470918218  |0.40534631822472444 |265       
 [16, 7, 2, 0, 0]    |0.40855668510002524 |0.33921382769189934 |186       
 [12, 3, 4, 10, 0]   |0.4021709199148373  |0.3454601070617221  |152       
 [19, 8, 13, 19, 8]  |0.7271186338457744  |0.3370022635017233  |769       
 [17, 3, 1, 2, 9]    |0.7889132817633442  |0.6790239543213795  |150       
 [14, 15, 13, 9, 3]  |4.33369425046735    |2.2965783788404543  |635       
 [12, 10, 8, 16, 8]  |0.8383625295141652  |0.4870908323309252  |543       
 [19, 5, 4, 2, 0]    |0.41754980273460146 |0.3439181954481395  |194       
 [10, 9, 2, 0, 0]    |0.5087877750663065  |0.437042736166308   |152       
 [9, 11, 0, 0, 0]    |0.4074495671142659  |0.35104596290460177 |149       
 [13, 11, 10, 8, 12] |0.5382244164690405  |0.3193461436046078  |522       
 [17, 11, 17, 11, 18]|0.7754599848308572  |0.3197234431922372  |886       
 [11, 11, 2, 2, 9]   |0.5042410259377125  |0.39983596672949406 |232       
 [12, 10, 2, 3, 10]  |0.4516848605679715  |0.35247677217236906 |248       
Gen 2 Train time: 9.077738952636718 minutes:
 Average MSE:        0.7190451300251854
 Average Error:      1.0889602382168178
 Structure           |Error               |MSE                 |weights&biases
 [17, 4, 0, 0, 0]    |0.3994729165364995  |0.3514775954914054  |128       
 [10, 6, 1, 8, 0]    |0.37450912507452727 |0.3295131192173269  |128       
 [12, 3, 4, 10, 0]   |0.4639239721929162  |0.3985052552685858  |152       
 [14, 10, 6, 2, 8]   |0.44630961186262297 |0.32898524711959426 |305       
 [11, 11, 16, 2, 5]  |1.5839974876032468  |1.049119989245201   |412       
 [10, 9, 2, 0, 0]    |0.49980154656972947 |0.42932367119968645 |152       
 [15, 8, 5, 4, 0]    |0.6001796166061124  |0.46882472195909425 |247       
 [18, 8, 8, 10, 4]   |1.404087112776958   |0.9253227807439552  |417       
 [3, 20, 5, 19, 19]  |2.7260147548301363  |1.3429124773245615  |708       
 [13, 14, 7, 14, 6]  |0.6936778418246746  |0.40061771678056635 |549       
 [14, 5, 3, 5, 0]    |0.387298232581878   |0.32970391455076603 |161       
 [13, 15, 15, 9, 6]  |0.9489735684498357  |0.4712463277786796  |700       
 [17, 8, 1, 0, 0]    |0.40751372953498777 |0.3316481521349852  |206       
 [13, 10, 4, 17, 13] |0.8759069908429263  |0.5023313242573024  |556       
 [9, 5, 3, 9, 0]     |0.4062693463084569  |0.3528405849392932  |141       
 [11, 10, 1, 1, 5]   |1.9369310531657036  |1.6146283222117923  |182       
 [14, 9, 2, 1, 5]    |1.3311323289219423  |1.0725403088774692  |216       
 [15, 11, 2, 1, 0]   |1.3674810010249658  |1.064995274433512   |250       
 [6, 8, 5, 19, 9]    |1.6180404311323942  |1.0599437139458465  |423       
 [5, 4, 13, 8, 15]   |0.6442994509151437  |0.4463768738908172  |367       
 [10, 9, 1, 4, 0]    |0.505495982379622   |0.4342151248258167  |152       
 [13, 7, 2, 4, 0]    |0.4192350362596698  |0.3536938499767926  |170       
 [15, 7, 11, 11, 9]  |0.5515392093300708  |0.33620225624082034 |495       
 [1, 17, 14, 12, 12] |6.135495995677092   |3.2416774320963966  |638       
 [19, 10, 7, 5, 0]   |0.4964196130183303  |0.33948221611936774 |380       
Increasing Epochs
Gen 3 Train time: 10.326021428902944 minutes:
 Average MSE:        0.5415824333845636
 Average Error:      0.7134194534964362
 Structure           |Error               |MSE                 |weights&biases
 [10, 6, 1, 8, 0]    |0.5731955470815626  |0.5043280390103757  |128       
 [14, 5, 3, 5, 0]    |0.39732079599516235 |0.3382360433166636  |161       
 [17, 4, 0, 0, 0]    |0.3147907848167482  |0.27696973574461037 |128       
 [12, 8, 4, 5, 4]    |0.5363675396531166  |0.42616203354644056 |230       
 [16, 7, 2, 3, 0]    |0.3994041344842301  |0.32831508512708896 |196       
 [14, 7, 1, 20, 0]   |0.42503260304838925 |0.3424637727232648  |216       
 [12, 8, 4, 8, 4]    |0.6218942714976786  |0.4809532618991249  |257       
 [17, 6, 1, 0, 0]    |0.42512107862701576 |0.3593777340226261  |168       
 [12, 8, 2, 2, 0]    |0.5841766462241458  |0.49433005098713434 |167       
 [13, 7, 20, 6, 0]   |0.5296652578982601  |0.3445520674217892  |430       
 [8, 5, 7, 8, 8]     |0.5854160593593563  |0.45319514075505174 |256       
 [15, 4, 2, 9, 20]   |0.5259408198757966  |0.364376872732507   |367       
 [15, 6, 6, 10, 2]   |3.0021419273736463  |2.2735125393349835  |278       
 [12, 8, 5, 6, 4]    |0.5200316164791129  |0.403384261707825   |254       
 [11, 5, 3, 9, 16]   |0.5102949370287466  |0.36907093689124737 |324       
 [11, 6, 3, 7, 0]    |0.45768727193224645 |0.3892361148447928  |162       
 [14, 10, 4, 18, 3]  |3.442571388613378   |2.3378195736565712  |387       
 [10, 9, 2, 2, 0]    |0.4636362493965806  |0.39587571045995495 |158       
 [16, 8, 5, 6, 4]    |0.46504194976279095 |0.3452012623478369  |298       
 [15, 12, 4, 5, 0]   |0.4850750676672092  |0.3522367932949994  |320       
 [6, 13, 6, 3, 11]   |0.6246241456782289  |0.4768252644784353  |270       
 [13, 8, 6, 8, 5]    |0.5482102601914051  |0.40127978404534553 |312       
 [14, 5, 8, 11, 5]   |0.5639394734292057  |0.4054294716673591  |330       
 [16, 5, 2, 3, 0]    |0.3738298242642021  |0.31919451394130477 |158       
 [14, 9, 4, 3, 4]    |0.4600766870326939  |0.35723477065675857 |253       
Gen 4 Train time: 10.409573272864025 minutes:
 Average MSE:        0.6724018154264538
 Average Error:      0.8890847634402492
 Structure           |Error               |MSE                 |weights&biases
 [17, 4, 0, 0, 0]    |0.33373968952976873 |0.29364199358745136 |128       
 [16, 5, 2, 3, 0]    |0.44959709461239344 |0.383888381208455   |158       
 [14, 5, 3, 5, 0]    |0.4567379979348055  |0.3888174362152543  |161       
 [13, 6, 6, 9, 3]    |0.5915053430079336  |0.4551698820265357  |262       
 [12, 6, 5, 6, 4]    |0.486645757579947   |0.3913242347491324  |218       
 [15, 6, 11, 5, 0]   |0.36560596547049923 |0.27521597591179714 |284       
 [11, 6, 3, 8, 8]    |0.4566123438423883  |0.35954335501657153 |239       
 [9, 11, 6, 5, 8]    |0.5672296493713984  |0.4197940555426805  |301       
 [15, 6, 1, 1, 0]    |1.2648085665629054  |1.086455736058515   |152       
 [20, 6, 6, 16, 0]   |0.4576057211739996  |0.3202198984835777  |357       
 [17, 6, 2, 2, 0]    |0.4015357246465371  |0.3347207182901569  |182       
 [13, 8, 6, 7, 5]    |0.5383959244135832  |0.39885351074635933 |300       
 [13, 9, 4, 6, 0]    |0.5411587045635592  |0.4248399840535676  |242       
 [12, 9, 3, 2, 6]    |0.49752095983189865 |0.40087020075853824 |216       
 [10, 7, 3, 4, 2]    |2.0017074432019437  |1.7057425650519715  |160       
 [2, 1, 13, 17, 15]  |3.5261697110799237  |2.0161952871634776  |559       
 [17, 5, 1, 2, 0]    |0.4154083612675707  |0.35611796540890794 |154       
 [12, 9, 6, 7, 4]    |0.5495869826475529  |0.4075513982852887  |299       
 [11, 5, 3, 9, 16]   |0.5810714429227348  |0.4202600619338727  |324       
 [14, 7, 1, 1, 0]    |0.49082486303391676 |0.4186718210594537  |159       
 [12, 9, 4, 5, 3]    |2.1612326914343574  |1.7000858493301187  |240       
 [14, 5, 6, 8, 3]    |0.9698490808512964  |0.7629103080274181  |240       
 [14, 5, 2, 4, 8]    |0.5359819285258455  |0.44323515142302633 |190       
 [14, 6, 5, 16, 3]   |2.2626823726907164  |1.6463340036663183  |318       
 [15, 7, 10, 3, 2]   |1.3239047658087564  |0.9995856116628998  |281       
Increasing Epochs
Gen 5 Train time: 11.730641567707062 minutes:
 Average MSE:        0.6380338268012302
 Average Error:      0.8359126550143224
 Structure           |Error               |MSE                 |weights&biases
 [17, 4, 0, 0, 0]    |0.3667813726116639  |0.3227138300996832  |128       
 [15, 6, 11, 5, 0]   |0.48485063921749244 |0.3649793888674063  |284       
 [17, 6, 2, 2, 0]    |0.37632729879107607 |0.31370694070727395 |182       
 [17, 5, 1, 2, 0]    |0.33851755252644894 |0.29020162640220104 |154       
 [15, 18, 6, 3, 0]   |0.5076909890170112  |0.31667403787604864 |472       
 [17, 6, 2, 3, 0]    |0.39861080813973626 |0.33095602867283225 |186       
 [16, 7, 2, 2, 0]    |0.47384354599170125 |0.39106633309740546 |192       
 [17, 5, 1, 1, 0]    |0.4184694337034436  |0.3598199795291269  |151       
 [17, 6, 13, 3, 6]   |0.580253112590415   |0.42008808243106266 |323       
 [13, 8, 4, 4, 4]    |0.48415380516076423 |0.3839078828864075  |232       
 [13, 9, 4, 4, 4]    |0.5624937329618718  |0.4380705597034634  |250       
 [15, 7, 2, 1, 3]    |0.5830761702989851  |0.4841127480624359  |186       
 [15, 5, 2, 4, 4]    |1.2023535873889464  |1.0103339893714174  |174       
 [14, 8, 8, 6, 0]    |0.5306451744874562  |0.3950820941422702  |295       
 [17, 5, 1, 1, 7]    |0.39861590982209233 |0.3359620883270772  |171       
 [18, 6, 7, 13, 0]   |0.6553008361080425  |0.4687616460867596  |335       
 [10, 7, 18, 15, 13] |2.246076738972568   |1.0525176149026003  |758       
 [6, 5, 3, 18, 1]    |4.359092346907447   |3.699744852076762   |164       
 [16, 6, 7, 4, 0]    |0.39349163008406146 |0.3107720847947072  |236       
 [15, 6, 4, 6, 2]    |1.7239786298635833  |1.3890704417565622  |216       
 [15, 5, 2, 13, 4]   |0.937819890299218   |0.7399317231757134  |237       
 [12, 7, 5, 8, 10]   |0.46764326453532346 |0.34093974131671556 |316       
 [14, 7, 5, 17, 3]   |1.4143428546604884  |0.9996650656573088  |347       
 [13, 8, 6, 8, 4]    |0.4928441249952389  |0.3643784216661545  |302       
 [16, 5, 2, 3, 0]    |0.5005429262229828  |0.4273884684213597  |158       
Result:  [17, 5, 1, 2]
Fold 0
Fold 0 Train time: 20.111780563990276 minutes, MSE: 0.023308052281975907
Fold 1
Fold 1 Train time: 20.068208348751067 minutes, MSE: 0.024405707180304628
Fold 2
Fold 2 Train time: 20.028188550472258 minutes, MSE: 0.021786490095741958
Fold 3
Fold 3 Train time: 20.080328921477 minutes, MSE: 0.021677868832755284
Fold 4
Fold 4 Train time: 19.20100845893224 minutes, MSE: 0.021049282480975567
Total Time: 158.21701700290043 minutes
CellsPerSensor: 3
 Resulting Network Architecture: [17, 5, 1, 2]
 MSE after 5-Fold CV: 0.02244548017435067
 Weights and Biases: 154
 Objective Function Value: 0.0261824480727462
~/workspace/SolarCellResearch
