/tmp/tmp.Z6q8Y9CaR5 ~/workspace/SolarCellResearch
Using TensorFlow backend.
Genetically searching for best layer structure...
  Training on:     datasets/N8dataset10k7.mat
  Evaluating with: datasets/N8dataset100k7.mat
Gen 0 Train time: 8.069492133458455 minutes:
 Average MSE:        0.9874548393818526
 Average Error:      1.2585426636105297
 Structure           |Error               |MSE                 |weights&biases
 [11, 11, 11, 0, 0]  |0.2536114278449886  |0.18619663338269382 |309       
 [5, 8, 16, 9, 0]    |1.3287749434090261  |0.9178304711033224  |370       
 [10, 6, 3, 0, 0]    |1.0781879408080353  |0.9553111303794324  |121       
 [8, 17, 17, 0, 0]   |0.44627786960254345 |0.2704106647500172  |501       
 [5, 0, 0, 0, 0]     |1.8681905403746282  |1.8293676065641027  |21        
 [2, 19, 18, 0, 0]   |3.6013163593836444  |2.3147447771538783  |442       
 [15, 12, 12, 1, 0]  |1.229344958728118   |0.8174884323409959  |408       
 [9, 2, 9, 1, 3]     |2.409100092556756   |2.1929622867670515  |94        
 [17, 0, 0, 0, 0]    |0.23531171613000484 |0.2196227027991217  |69        
 [15, 19, 11, 1, 5]  |1.5064324010492192  |0.8292315976644236  |597       
 [9, 5, 5, 12, 0]    |0.2973384372011954  |0.24539545448872935 |192       
 [15, 9, 11, 0, 0]   |0.23306719145297924 |0.17077156518749217 |311       
 [16, 18, 0, 0, 0]   |0.2589702548411595  |0.17834381084984569 |373       
 [18, 17, 0, 0, 0]   |0.2926177274893496  |0.19713072213993948 |395       
 [6, 2, 9, 0, 0]     |0.20768756688671225 |0.19384034729589464 |69        
 [6, 0, 0, 0, 0]     |1.7606374325275582  |1.7171671394322423  |25        
 [3, 7, 6, 0, 0]     |1.2382832076219552  |1.1294444902671978  |92        
 [16, 0, 0, 0, 0]    |0.2573453247233517  |0.24114993065054535 |65        
 [4, 5, 9, 0, 0]     |0.6415205671346083  |0.579891631908646   |101       
 [8, 0, 0, 0, 0]     |1.5272314584211055  |1.4776553254398128  |33        
 [1, 1, 14, 0, 0]    |3.099482211718921   |2.9542212184350154  |48        
 [2, 7, 2, 18, 13]   |3.2696903542345535  |2.2857524902539255  |358       
 [13, 13, 0, 0, 0]   |0.24341712674312962 |0.1924384847035016  |235       
 [2, 11, 15, 17, 0]  |3.9563333135025696  |2.3781376120054323  |509       
 [13, 0, 0, 0, 0]    |0.2233961658771336  |0.2118644585830535  |53        
Gen 1 Train time: 8.290893574555716 minutes:
 Average MSE:        0.3972633701974928
 Average Error:      0.4898392145696734
 Structure           |Error               |MSE                 |weights&biases
 [6, 2, 9, 0, 0]     |0.407119286820895   |0.3799752923643512  |69        
 [13, 0, 0, 0, 0]    |0.3299246465949825  |0.3128939404559673  |53        
 [15, 9, 11, 0, 0]   |0.22012740194662325 |0.16129040186535676 |311       
 [9, 11, 11, 4, 0]   |1.189895680808541   |0.8623152465633174  |322       
 [15, 9, 0, 0, 0]    |0.20390441335102208 |0.16710984021194292 |199       
 [12, 10, 5, 0, 0]   |0.288846007406607   |0.23018738618385667 |227       
 [12, 18, 9, 0, 0]   |0.2768130717478541  |0.17632739169853986 |451       
 [15, 16, 0, 0, 0]   |0.27762085606408543 |0.20199770899427563 |318       
 [9, 7, 0, 0, 0]     |0.28707124445924487 |0.2584572811160148  |105       
 [7, 9, 9, 0, 0]     |0.3050713388837907  |0.2515258197361686  |193       
 [4, 0, 0, 0, 0]     |1.1868707296300427  |1.1668644623138038  |17        
 [14, 11, 3, 6, 18]  |0.25547286132080954 |0.16920587792526942 |412       
 [9, 5, 5, 12, 0]    |0.6441443537223644  |0.5316167594272032  |192       
 [16, 20, 3, 16, 12] |0.3817633597634051  |0.18360761247192375 |732       
 [12, 1, 5, 0, 0]    |0.18920961591774418 |0.17730217483465333 |65        
 [11, 5, 6, 0, 0]    |0.19998416812531364 |0.17455470776256538 |136       
 [13, 20, 0, 0, 0]   |0.26504052639909503 |0.18864798102025584 |340       
 [2, 12, 7, 3, 3]    |3.427129050645185   |2.8826871554244087  |173       
 [14, 13, 6, 0, 0]   |0.3033670619803629  |0.21853441284729952 |328       
 [10, 8, 5, 7, 0]    |0.22215560246331645 |0.17953641354775562 |213       
 [10, 1, 5, 0, 0]    |0.3090851799233017  |0.2919600278846356  |57        
 [11, 10, 5, 0, 0]   |0.244402698779192   |0.19731812415456554 |214       
 [16, 15, 0, 0, 0]   |0.29289200502971746 |0.21289603704341067 |319       
 [13, 18, 9, 0, 0]   |0.2521717692006266  |0.15729302689757546 |472       
 [14, 15, 6, 0, 0]   |0.28589743325771055 |0.19747917219220246 |370       
Gen 2 Train time: 8.464352214336396 minutes:
 Average MSE:        0.4514979838251353
 Average Error:      0.5764228249871872
 Structure           |Error               |MSE                 |weights&biases
 [12, 1, 5, 0, 0]    |0.34044866218173403 |0.319023364280868   |65        
 [11, 5, 6, 0, 0]    |0.3007213352304884  |0.2624824018881021  |136       
 [15, 9, 0, 0, 0]    |0.20929139086747156 |0.17152473706093596 |199       
 [12, 8, 6, 0, 0]    |0.21764917765879446 |0.1780179681246025  |201       
 [13, 9, 11, 0, 0]   |0.3078744843489054  |0.2310634115135178  |287       
 [10, 6, 3, 0, 0]    |1.198808338214798   |1.0621848987014126  |121       
 [13, 15, 3, 0, 0]   |0.2815051951871395  |0.20833573787072543 |301       
 [12, 12, 6, 4, 0]   |0.30829869519307457 |0.22770913768180373 |303       
 [18, 8, 9, 5, 1]    |3.995924823615932   |2.8299952910120316  |345       
 [15, 11, 3, 0, 0]   |0.2544409708777124  |0.19599102503543786 |261       
 [14, 14, 10, 0, 0]  |0.25753769472985344 |0.17040297900917636 |413       
 [8, 5, 5, 0, 0]     |0.33944471449248875 |0.3056104005198812  |105       
 [11, 6, 5, 2, 0]    |0.9882055348089824  |0.846314218483724   |155       
 [9, 3, 6, 17, 9]    |0.2968698580795596  |0.20464849614470823 |372       
 [10, 11, 5, 0, 0]   |0.24944811243245144 |0.2007882614834437  |217       
 [12, 12, 8, 0, 0]   |1.1511894622561372  |0.8485686609823272  |305       
 [14, 14, 5, 11, 0]  |0.2685420890274562  |0.1791113461208052  |405       
 [12, 3, 3, 0, 0]    |0.17835915270965447 |0.16284506532490128 |91        
 [9, 5, 7, 0, 0]     |0.9711809163236403  |0.855351735189992   |127       
 [14, 13, 5, 3, 9]   |0.2526890554313051  |0.17436655179858507 |371       
 [10, 5, 15, 0, 0]   |1.0294430210563406  |0.8504564273394587  |191       
 [11, 3, 5, 6, 0]    |0.301712879861072   |0.26440336536571524 |132       
 [15, 14, 2, 3, 9]   |0.27210401668908873 |0.19098299783092576 |354       
 [12, 15, 3, 0, 0]   |0.21074542439399865 |0.15880084748177195 |283       
 [12, 8, 5, 0, 0]    |0.22813561901160104 |0.18847026938352868 |191       
Gen 3 Train time: 8.652908980846405 minutes:
 Average MSE:        0.29180196870843167
 Average Error:      0.3686551294969435
 Structure           |Error               |MSE                 |weights&biases
 [12, 3, 3, 0, 0]    |0.20738727006682875 |0.1893482505860638  |91        
 [15, 9, 0, 0, 0]    |0.2133324520804207  |0.17483658834696025 |199       
 [12, 15, 3, 0, 0]   |0.30121879528282547 |0.22697432272087426 |283       
 [12, 8, 5, 2, 0]    |0.21732648618130052 |0.1779318776950078  |200       
 [14, 7, 2, 0, 0]    |0.2351609075628388  |0.1991921611796641  |166       
 [13, 10, 8, 11, 0]  |0.24250794615639107 |0.16617384136019578 |378       
 [14, 9, 13, 2, 5]   |0.2640818227209545  |0.1849820863178484  |356       
 [12, 1, 3, 0, 0]    |0.25108321864321753 |0.2366978498367133  |59        
 [14, 7, 3, 0, 0]    |0.19757536255349686 |0.1658560252265545  |175       
 [13, 13, 6, 4, 5]   |0.28496759238334346 |0.1980214707342723  |364       
 [12, 6, 6, 3, 0]    |0.2831363354984161  |0.23625896967143226 |181       
 [8, 12, 1, 2, 5]    |1.0661764759556682  |0.8994955810465175  |170       
 [14, 9, 3, 0, 0]    |0.23014541664717833 |0.1863657900124714  |211       
 [12, 5, 10, 9, 5]   |1.1408968863706428  |0.8317816566753349  |316       
 [14, 14, 8, 2, 5]   |0.2494910896729306  |0.16540933200397817 |411       
 [11, 13, 4, 11, 0]  |0.3019302351886147  |0.22100735497169605 |312       
 [11, 7, 5, 3, 0]    |0.2585452032420374  |0.216171169691473   |179       
 [12, 6, 5, 3, 0]    |0.3545728887848172  |0.2988416800359973  |171       
 [11, 9, 5, 9, 7]    |0.8269288441232009  |0.5986748625678787  |323       
 [12, 4, 5, 0, 0]    |0.17792286868777135 |0.15796131075494751 |119       
 [13, 11, 6, 6, 0]   |0.2655327675039142  |0.19397673926144193 |314       
 [13, 6, 3, 3, 0]    |0.21365411787259378 |0.1820640295321856  |160       
 [14, 5, 3, 1, 0]    |1.001949226583492   |0.8701821941515077  |141       
 [12, 13, 4, 0, 0]   |0.23428669184206039 |0.17956648768052888 |266       
 [15, 13, 7, 0, 0]   |0.19656733581863378 |0.1372775856492453  |359       
Gen 4 Train time: 8.72045662800471 minutes:
 Average MSE:        0.36030434236528747
 Average Error:      0.4641286093607293
 Structure           |Error               |MSE                 |weights&biases
 [12, 4, 5, 0, 0]    |0.21755804539619544 |0.19314972982126477 |119       
 [15, 13, 7, 0, 0]   |0.317766689124589   |0.22192010539852197 |359       
 [14, 7, 3, 0, 0]    |0.24467057728137404 |0.20539043387450437 |175       
 [12, 17, 4, 0, 0]   |0.22956427061482046 |0.16438036423797261 |334       
 [12, 10, 5, 2, 0]   |1.059459676068755   |0.8367407769702101  |236       
 [13, 8, 4, 1, 0]    |1.8543639596493324  |1.5273615327559489  |194       
 [12, 3, 4, 0, 0]    |0.21443906045778    |0.1948101700654749  |96        
 [14, 12, 2, 0, 0]   |0.22009492627575675 |0.17123877650915814 |251       
 [15, 12, 4, 15, 0]  |0.31356292320510193 |0.21443358253978673 |380       
 [13, 6, 8, 1, 3]    |0.29497002216365753 |0.2419845137624625  |198       
 [14, 9, 5, 3, 0]    |0.297901449960485   |0.23223800443145856 |249       
 [15, 9, 7, 1, 3]    |2.0656305240543444  |1.5658605081281318  |277       
 [13, 8, 6, 7, 0]    |0.2278672096787235  |0.17534632978926334 |262       
 [11, 4, 4, 0, 0]    |0.9874280624625784  |0.8881171375806961  |106       
 [13, 5, 3, 0, 0]    |0.21102722472079027 |0.18511683240549023 |131       
 [7, 19, 9, 20, 17]  |0.6154702908807778  |0.24332224506039765 |928       
 [13, 9, 7, 1, 3]    |0.24346660622924005 |0.18904400003363206 |253       
 [14, 6, 6, 3, 3]    |0.24557028178470533 |0.19885644578598186 |211       
 [13, 10, 3, 6, 0]   |0.23587080802903349 |0.18498675566745026 |243       
 [13, 15, 6, 1, 3]   |0.35997508307111015 |0.2506443032047908  |362       
 [12, 6, 5, 1, 0]    |0.2244562823704364  |0.1918436955691404  |157       
 [14, 8, 5, 0, 0]    |0.2147551265264715  |0.17355567350107143 |213       
 [12, 8, 4, 6, 0]    |0.2084056109215256  |0.16842427349658254 |213       
 [14, 10, 6, 3, 3]   |0.26490300135041756 |0.1972286521199103  |295       
 [14, 8, 3, 2, 0]    |0.23403752174023038 |0.19161371642288336 |200       
Increasing Epochs
Gen 5 Train time: 10.172726515928904 minutes:
 Average MSE:        0.7078538343842918
 Average Error:      0.9601470233523589
 Structure           |Error               |MSE                 |weights&biases
 [12, 8, 4, 6, 0]    |0.2028556586961435  |0.16393904554438168 |213       
 [13, 5, 3, 0, 0]    |0.1726483264141127  |0.15145018064932636 |131       
 [12, 3, 4, 0, 0]    |0.1935358010629655  |0.17582031108673582 |96        
 [12, 7, 5, 4, 0]    |0.23229107743647917 |0.19094610765936393 |196       
 [14, 14, 4, 1, 2]   |3.871135353804528   |2.799799582924302   |324       
 [11, 13, 6, 10, 9]  |0.34328330711535615 |0.21844976387987453 |452       
 [13, 13, 5, 5, 2]   |2.1605745003938432  |1.5439964598184246  |336       
 [15, 4, 17, 2, 14]  |0.22790426525721907 |0.17104482412753721 |287       
 [13, 10, 18, 4, 2]  |4.565457679115128   |2.8648579486546097  |466       
 [14, 10, 3, 1, 0]   |1.9103521249960365  |1.5163218756336454  |231       
 [13, 6, 5, 0, 0]    |0.18216040576695008 |0.1546071910971601  |164       
 [13, 7, 7, 1, 3]    |0.23099038459408483 |0.1870500231432222  |211       
 [14, 8, 6, 3, 3]    |1.6144089342027839  |1.2535366855377537  |253       
 [14, 8, 7, 2, 14]   |0.2706091686743329  |0.20087354845498875 |298       
 [13, 12, 10, 16, 15]|0.38312151093922264 |0.17492410599034583 |784       
 [13, 7, 4, 3, 0]    |0.23670217716169012 |0.19613490523017196 |188       
 [12, 11, 5, 6, 0]   |0.23014219359638893 |0.17359020033047573 |282       
 [14, 8, 5, 0, 0]    |0.19763733557458588 |0.1597218256877162  |213       
 [13, 9, 17, 1, 0]   |2.27877011576919    |1.59781308835468    |355       
 [14, 9, 11, 0, 0]   |0.22863278493284606 |0.1695447929722831  |299       
 [15, 10, 4, 8, 0]   |0.21340674847142213 |0.15841211530155294 |298       
 [14, 7, 3, 0, 0]    |0.18729783957574142 |0.15722848640676085 |175       
 [2, 10, 5, 8, 0]    |3.443496781991806   |2.969778768992539   |148       
 [12, 5, 5, 1, 0]    |0.21818981756003566 |0.1898748947649354  |139       
 [14, 9, 5, 8, 0]    |0.20807129070608665 |0.1566291273645084  |284       
Gen 6 Train time: 10.202843181292216 minutes:
 Average MSE:        0.6107236327502812
 Average Error:      0.750445729987441
 Structure           |Error               |MSE                 |weights&biases
 [13, 5, 3, 0, 0]    |0.20281557200018072 |0.17791342468184496 |131       
 [13, 6, 5, 0, 0]    |0.2607137520004642  |0.22127871700484877 |164       
 [14, 7, 3, 0, 0]    |0.1801977680274918  |0.151268281497619   |175       
 [15, 6, 11, 1, 7]   |0.2543947473640504  |0.19772697878108708 |252       
 [13, 8, 4, 1, 0]    |0.22215161638789396 |0.18297693478392957 |194       
 [14, 4, 11, 1, 7]   |1.7130417444952564  |1.4151996099909023  |191       
 [12, 6, 4, 3, 0]    |1.034094855433545   |0.8803167512032726  |161       
 [9, 7, 5, 1, 2]     |2.7668857012722654  |2.381480592941479   |150       
 [13, 7, 4, 2, 0]    |0.3816003136206775  |0.3181025329372617  |182       
 [13, 8, 4, 3, 0]    |0.2703775803968025  |0.22004221801226248 |206       
 [13, 10, 7, 10, 8]  |0.3046730205959536  |0.19759888407741927 |433       
 [13, 7, 4, 3, 0]    |0.22375316478988727 |0.1854051631347582  |188       
 [12, 10, 6, 5, 5]   |0.9983985170435383  |0.7374162425059873  |303       
 [4, 8, 7, 7, 17]    |0.49511097828367984 |0.35773122489844467 |325       
 [14, 8, 5, 5, 0]    |1.0837385805537045  |0.8499452971034916  |243       
 [13, 8, 4, 3, 9]    |0.23227670907561812 |0.18125943951905782 |248       
 [1, 10, 8, 6, 0]    |3.5154986762649103  |2.959976668716485   |172       
 [14, 1, 6, 3, 7]    |0.23871116024200845 |0.21045130296224973 |126       
 [14, 8, 2, 1, 2]    |2.650580264291747   |2.1919215598060715  |190       
 [14, 8, 9, 1, 8]    |0.285952945216809   |0.21655125651535237 |278       
 [11, 8, 16, 6, 7]   |0.31443415186740115 |0.20413359974235848 |432       
 [13, 4, 4, 2, 0]    |0.2172281338721188  |0.1911289076326688  |128       
 [14, 7, 4, 4, 0]    |0.22956762263757988 |0.1872037579038705  |204       
 [15, 9, 5, 4, 0]    |0.25433046040721125 |0.19453934813694973 |268       
 [19, 3, 12, 16, 8]  |0.4306152135452322  |0.25652212426735843 |518       
Increasing Epochs
Gen 7 Train time: 11.558031372229259 minutes:
 Average MSE:        0.7816755516041266
 Average Error:      1.064352935007442
 Structure           |Error               |MSE                 |weights&biases
 [14, 7, 3, 0, 0]    |0.18598683718531675 |0.15612795624587364 |175       
 [13, 5, 3, 0, 0]    |0.24810888168088802 |0.21764552099475934 |131       
 [13, 4, 4, 2, 0]    |0.5241617073784014  |0.4611854494551125  |128       
 [9, 5, 7, 5, 12]    |0.4303729214997358  |0.33719186211662466 |244       
 [17, 8, 4, 2, 3]    |0.268604260674695   |0.20835412300011558 |254       
 [14, 7, 4, 4, 0]    |0.19712193396487696 |0.1607455196840235  |204       
 [6, 5, 5, 1, 0]     |2.6248302003347064  |2.3965164610088547  |91        
 [14, 7, 4, 2, 0]    |0.26555599897739574 |0.2191651899252149  |192       
 [17, 9, 2, 14, 13]  |0.2672782328370102  |0.16472710348123623 |484       
 [6, 15, 13, 16, 4]  |1.7094302531119785  |0.9122512163465721  |628       
 [14, 8, 4, 1, 0]    |0.2009218455605734  |0.1636804422943498  |205       
 [13, 6, 4, 2, 0]    |0.21876376095892558 |0.18567399679039673 |164       
 [13, 8, 5, 5, 4]    |1.0106016322875437  |0.7831318777260154  |255       
 [14, 4, 5, 14, 4]   |2.0325605177870463  |1.542333203451575   |276       
 [13, 6, 4, 3, 0]    |0.19827272742571272 |0.1672757242196787  |170       
 [14, 4, 5, 3, 4]    |0.20455056563462534 |0.173263786322121   |166       
 [13, 7, 5, 1, 0]    |1.9632457981893405  |1.6316619931298468  |185       
 [14, 7, 5, 3, 0]    |0.20615986742149964 |0.16727713420668217 |209       
 [14, 4, 6, 2, 4]    |1.0179659177522056  |0.8648548738286455  |163       
 [14, 6, 8, 1, 4]    |0.24402315146137    |0.19780132222658336 |210       
 [15, 5, 3, 0, 0]    |0.2386092951979094  |0.2059899674999079  |147       
 [13, 6, 4, 0, 0]    |0.16564940998448893 |0.14172287509176626 |156       
 [2, 10, 12, 19, 5]  |4.77330828992394    |2.8349934487381727  |521       
 [3, 3, 17, 10, 19]  |3.9305284673487897  |2.3887587675212747  |498       
 [14, 8, 3, 1, 1]    |3.482210900607075   |2.859558974797765   |197       
Gen 8 Train time: 11.631716310977936 minutes:
 Average MSE:        0.644540207180356
 Average Error:      0.8057426171646824
 Structure           |Error               |MSE                 |weights&biases
 [13, 6, 4, 0, 0]    |0.2450773202071036  |0.2096781536546884  |156       
 [14, 7, 3, 0, 0]    |0.21536551700674694 |0.18079009528290385 |175       
 [14, 7, 4, 4, 0]    |0.21614741891276149 |0.17626008675261357 |204       
 [14, 7, 4, 3, 0]    |1.0200824034714397  |0.8368448515243507  |198       
 [14, 7, 4, 2, 0]    |0.21260899602461572 |0.17546766472223616 |192       
 [18, 12, 4, 13, 15] |0.3690345899858188  |0.19752998180872922 |625       
 [14, 8, 4, 1, 0]    |0.20750033417827318 |0.16903959039280197 |205       
 [4, 7, 5, 3, 0]     |2.2170808384968903  |1.9881238259326544  |109       
 [15, 7, 3, 7, 7]    |0.2120969918275056  |0.16142549075770754 |273       
 [14, 13, 2, 15, 8]  |1.388755919767853   |0.8881703885680985  |447       
 [15, 7, 4, 2, 2]    |1.8505302609897643  |1.5030136996242676  |208       
 [14, 13, 4, 1, 0]   |0.2489239571873931  |0.18440740304861666 |300       
 [14, 7, 4, 0, 0]    |0.188117235447866   |0.15650146348597166 |184       
 [14, 6, 6, 2, 2]    |1.047116633242807   |0.8598823712048789  |197       
 [14, 6, 6, 1, 2]    |2.6026485340039325  |2.156592853033234   |188       
 [3, 2, 12, 5, 7]    |2.0733322694965755  |1.7526993845943764  |168       
 [15, 6, 4, 2, 0]    |0.20574094816066338 |0.1715059301651333  |182       
 [14, 7, 6, 1, 2]    |1.0091024580586565  |0.8187809267448494  |209       
 [14, 7, 4, 5, 18]   |0.2585757547061662  |0.18571044361853514 |331       
 [13, 6, 4, 4, 0]    |0.18658030988678456 |0.1564696032076616  |176       
 [14, 6, 4, 0, 0]    |0.1660207532464289  |0.14076795142558046 |165       
 [14, 6, 6, 12, 2]   |3.2211502292827205  |2.4175110274228926  |287       
 [14, 7, 4, 1, 0]    |0.21250411700834881 |0.17643655717698303 |186       
 [16, 7, 3, 7, 7]    |0.2730951720023513  |0.20578261607272474 |283       
 [11, 5, 6, 4, 6]    |0.29637646651759436 |0.2441128192864078  |194       
Result:  [14, 6, 4]
Fold 0
Fold 0 Train time: 19.356811861197155 minutes, MSE: 0.015408652776797501
Fold 1
Fold 1 Train time: 19.35576142867406 minutes, MSE: 0.009275447842147738
Fold 2
Fold 2 Train time: 19.239082817236582 minutes, MSE: 0.010412780123625228
Fold 3
Fold 3 Train time: 19.109543561935425 minutes, MSE: 0.006702319194172125
Fold 4
Fold 4 Train time: 18.8472439289093 minutes, MSE: 0.007404476359351727
Total Time: 181.67774883111318 minutes
CellsPerSensor: 8
 Resulting Network Architecture: [14, 6, 4]
 MSE after 5-Fold CV: 0.009840735259218865
 Weights and Biases: 165
 Objective Function Value: 0.011606095447783283
~/workspace/SolarCellResearch
