/tmp/tmp.VykYuwmF19 ~/workspace/SolarCellResearch
Using TensorFlow backend.
Genetically searching for best layer structure...
  Training on:     datasets/N1dataset10k99.mat
  Evaluating with: datasets/N1dataset100k99.mat
Gen 0 Train time: 8.31622001727422 minutes:
 Average MSE:        1.386905719462371
 Average Error:      1.9597570854725022
 Structure           |Error               |MSE                 |weights&biases
 [20, 15, 3, 7, 0]   |1.1964344856288411  |0.7560451909923516  |459       
 [8, 20, 3, 3, 0]    |1.4591831566773317  |1.0995233826679756  |283       
 [4, 20, 1, 0, 0]    |2.285346305886218   |1.9967434311702583  |135       
 [20, 0, 0, 0, 0]    |0.6537700030283642  |0.6029025724484797  |81        
 [18, 14, 0, 0, 0]   |1.017822184757976   |0.7280869738919522  |335       
 [17, 15, 20, 3, 0]  |1.8935030910815238  |0.9327935303213177  |708       
 [13, 0, 0, 0, 0]    |0.9128105668740644  |0.8656912968059988  |53        
 [5, 0, 0, 0, 0]     |1.3292747582158966  |1.3016510523684892  |21        
 [20, 20, 1, 3, 0]   |1.9769193233555655  |1.1859447753980608  |511       
 [7, 20, 7, 11, 19]  |2.465829403083334   |1.2693795308990488  |664       
 [6, 2, 5, 0, 0]     |1.231360941632861   |1.1677981051959871  |53        
 [8, 8, 7, 9, 20]    |1.896218467586644   |1.2066665285584757  |452       
 [15, 0, 0, 0, 0]    |0.6568404730137186  |0.6179707818367735  |61        
 [6, 12, 13, 0, 0]   |2.0744758114595228  |1.5600353804583293  |285       
 [9, 11, 19, 8, 18]  |2.1129380770363126  |1.0429773217516407  |706       
 [16, 18, 19, 20, 16]|3.8975462687447053  |0.8979393007984809  |1468      
 [10, 12, 0, 0, 0]   |1.0812448711155391  |0.907658598228636   |175       
 [8, 0, 0, 0, 0]     |1.135690843288904   |1.098824682654199   |33        
 [4, 2, 0, 0, 0]     |2.7652700814973366  |2.6969953199197474  |25        
 [1, 14, 20, 0, 0]   |9.58518330452625    |6.741068883572808   |352       
 [2, 5, 0, 0, 0]     |2.367542428642382   |2.3044740377048925  |27        
 [7, 17, 0, 0, 0]    |1.0649173341214222  |0.8939523326670556  |175       
 [5, 13, 0, 0, 0]    |1.4787704008975389  |1.3287131696646048  |107       
 [13, 14, 8, 8, 0]   |1.2280127006349517  |0.7940547799044103  |436       
 [20, 14, 11, 6, 0]  |1.2270218540253601  |0.6747520266793086  |598       
Gen 1 Train time: 8.362315837542216 minutes:
 Average MSE:        1.1028416245808677
 Average Error:      1.4573617715599965
 Structure           |Error               |MSE                 |weights&biases
 [20, 0, 0, 0, 0]    |0.6960327876801631  |0.6418770458372507  |81        
 [15, 0, 0, 0, 0]    |0.6298181256368713  |0.5925475294313353  |61        
 [13, 0, 0, 0, 0]    |0.7415493556563025  |0.7032705871735643  |53        
 [18, 7, 6, 3, 0]    |1.2581346265767188  |0.9700866989763568  |260       
 [13, 8, 10, 2, 0]   |1.5547080422408928  |1.1915890754139273  |266       
 [19, 14, 6, 3, 0]   |1.1904601500121625  |0.7575542803517923  |452       
 [13, 15, 0, 0, 0]   |0.7422506673980171  |0.5694591284013086  |265       
 [13, 1, 4, 4, 7]    |4.764815760718694   |4.209142188539303   |124       
 [20, 15, 7, 7, 0]   |1.2490280570360681  |0.7199062343593763  |551       
 [13, 7, 0, 0, 0]    |0.8838607118458237  |0.7645592197513666  |145       
 [19, 17, 1, 2, 13]  |1.9747704198477756  |1.2317699865861143  |472       
 [13, 6, 14, 0, 0]   |1.005221368101106   |0.7939044095505454  |236       
 [18, 8, 2, 4, 0]    |1.2000293473771746  |0.9430330140566239  |241       
 [18, 0, 0, 0, 0]    |0.6468491331286946  |0.601311491057899   |73        
 [7, 10, 4, 0, 0]    |1.3343597158004719  |1.1484940508097394  |150       
 [19, 7, 0, 0, 0]    |0.7642117292558522  |0.6225630344084065  |205       
 [15, 13, 15, 7, 9]  |2.0882870771743693  |1.0825768263907405  |657       
 [11, 3, 0, 0, 0]    |0.8750907240588678  |0.8134850634329954  |73        
 [6, 2, 19, 14, 5]   |6.367115017352265   |4.059851779677559   |450       
 [18, 4, 16, 1, 16]  |1.507797622280387   |1.144136332757412   |276       
 [14, 9, 0, 0, 0]    |0.8309239647361819  |0.6892046779629523  |187       
 [13, 14, 6, 3, 0]   |1.1229231380009022  |0.7913105610187989  |350       
 [10, 7, 0, 0, 0]    |0.7735346245824497  |0.6895025754924766  |115       
 [13, 4, 0, 0, 0]    |0.7494633774057364  |0.6781425073243165  |100       
 [8, 19, 2, 2, 0]    |1.4828087450959655  |1.161762315759522   |244       
Gen 2 Train time: 8.245679310957591 minutes:
 Average MSE:        1.4331840161257405
 Average Error:      1.9055340160452203
 Structure           |Error               |MSE                 |weights&biases
 [15, 0, 0, 0, 0]    |0.7475991028771819  |0.7033586100225487  |61        
 [18, 0, 0, 0, 0]    |0.9013103631684591  |0.8378588617122483  |73        
 [20, 0, 0, 0, 0]    |0.6377232967006773  |0.5881044011046226  |81        
 [17, 0, 0, 0, 0]    |0.6742315919017252  |0.6292783332734783  |69        
 [19, 18, 17, 11, 7] |4.094019009681749   |1.461593283158792   |1030      
 [17, 5, 0, 0, 0]    |0.6617366458123458  |0.5712732609654742  |147       
 [15, 4, 0, 0, 0]    |0.6931495528793292  |0.6184682031729156  |114       
 [16, 9, 8, 4, 0]    |0.9678314512219696  |0.7013857012449249  |322       
 [19, 2, 8, 1, 2]    |7.050837514312693   |6.148120381776      |137       
 [4, 8, 16, 0, 0]    |2.0491506692765227  |1.6560336894570966  |213       
 [12, 9, 0, 0, 0]    |0.7332607905809132  |0.62297190648746    |163       
 [13, 10, 0, 0, 0]   |0.7911114566217605  |0.654216845020603   |190       
 [10, 7, 2, 0, 0]    |1.1578964127084617  |1.0208186684810374  |126       
 [15, 5, 0, 0, 0]    |0.8018444787738174  |0.7033922290777144  |131       
 [14, 5, 7, 0, 0]    |0.7847822129445449  |0.6640824035780124  |167       
 [17, 5, 3, 0, 0]    |0.7509828728817052  |0.6380284314505711  |163       
 [16, 1, 2, 2, 4]    |8.120565113279165   |7.4068092570381365  |92        
 [15, 17, 8, 14, 4]  |1.9978638035678553  |1.0408924930366887  |652       
 [17, 2, 8, 1, 8]    |1.7137748447769918  |1.4824534461044983  |145       
 [16, 7, 8, 1, 8]    |1.6246509525454078  |1.2464418774267785  |265       
 [15, 11, 4, 4, 0]   |0.9321305175900458  |0.694694961716726   |294       
 [11, 12, 1, 1, 0]   |2.217239631525052   |1.8262469481631556  |194       
 [16, 5, 0, 0, 0]    |0.7235083430737823  |0.6296172389661938  |139       
 [17, 4, 0, 0, 0]    |0.694275070062006   |0.6108602664499403  |128       
 [7, 9, 17, 18, 12]  |6.116874702366352   |2.6725987042578945  |828       
Increasing Epochs
Gen 3 Train time: 9.559939161936443 minutes:
 Average MSE:        1.1261665347299796
 Average Error:      1.4051763211390653
 Structure           |Error               |MSE                 |weights&biases
 [20, 0, 0, 0, 0]    |0.6885426800001815  |0.6349697157865308  |81        
 [17, 5, 0, 0, 0]    |0.6093857302153843  |0.5260790308183872  |147       
 [17, 0, 0, 0, 0]    |0.5672066951057135  |0.5293891416611445  |69        
 [19, 20, 0, 0, 0]   |0.7067643017212591  |0.43820955510165993 |478       
 [16, 7, 4, 2, 0]    |1.001418954318823   |0.8101125815178871  |212       
 [16, 8, 4, 2, 0]    |1.0975861760920707  |0.8694568116422208  |233       
 [17, 14, 9, 0, 0]   |0.9082972321521746  |0.5803153561152492  |448       
 [13, 10, 3, 18, 5]  |1.8110033782242563  |1.2322984008813527  |385       
 [14, 7, 0, 0, 0]    |0.6672385042849018  |0.5714331820710551  |155       
 [16, 3, 0, 0, 0]    |0.6397101880057775  |0.5770998158109439  |103       
 [15, 8, 2, 0, 0]    |1.2949040098164195  |1.0665579229543687  |194       
 [15, 7, 0, 0, 0]    |0.6901664146819619  |0.5851877577817652  |165       
 [11, 16, 2, 0, 0]   |0.998349127396494   |0.768240659040441   |262       
 [19, 2, 9, 0, 0]    |0.6917109209200978  |0.60496349901434    |134       
 [15, 17, 16, 0, 0]  |1.3058408009006122  |0.701066259641634   |622       
 [7, 1, 1, 1, 2]     |9.401410641071193   |9.032776057075475   |40        
 [15, 9, 4, 1, 4]    |1.3789121545233243  |1.077124396703194   |247       
 [13, 3, 2, 0, 0]    |0.9519196477070219  |0.868250812626723   |92        
 [15, 6, 2, 6, 0]    |0.7447793002597386  |0.6220919635826911  |180       
 [8, 18, 19, 16, 14] |2.422711863489925   |0.7904819292502939  |1120      
 [16, 8, 16, 2, 0]   |1.5479478900937493  |1.0745802410367145  |365       
 [15, 5, 0, 0, 0]    |0.5856698538995013  |0.5137600057656482  |131       
 [13, 6, 1, 0, 0]    |1.3189760210200565  |1.1558727587465487  |132       
 [12, 6, 5, 7, 0]    |1.4721702454908066  |1.2065169676598975  |199       
 [16, 8, 2, 2, 0]    |1.6267852970851815  |1.3173285459633328  |211       
Gen 4 Train time: 9.480603241920472 minutes:
 Average MSE:        1.1644606469088303
 Average Error:      1.4931628318933918
 Structure           |Error               |MSE                 |weights&biases
 [17, 0, 0, 0, 0]    |0.5794676794740652  |0.5408326454961488  |69        
 [15, 5, 0, 0, 0]    |0.5191827953009803  |0.45543637619604666 |131       
 [17, 5, 0, 0, 0]    |0.6230986889260367  |0.5379173454858521  |147       
 [15, 3, 3, 4, 0]    |0.871173570523728   |0.7680395538990379  |126       
 [16, 3, 0, 0, 0]    |0.6678447464697845  |0.6024807598883174  |103       
 [18, 12, 0, 0, 0]   |0.8536319939565382  |0.6355559835721509  |295       
 [14, 7, 1, 0, 0]    |1.4562340244965393  |1.2446491313256043  |157       
 [16, 6, 8, 1, 4]    |2.076850828847737   |1.6534313289050533  |228       
 [17, 2, 1, 0, 0]    |1.1607084838396282  |1.0586881852307994  |92        
 [15, 7, 3, 0, 0]    |0.8369788983949551  |0.6956167479498803  |185       
 [18, 8, 9, 0, 0]    |0.8960138263826225  |0.6657777086871184  |297       
 [17, 4, 5, 0, 0]    |0.7179771149404945  |0.6155016923650132  |154       
 [16, 6, 1, 3, 0]    |1.127185697024484   |0.9538240987269561  |167       
 [7, 7, 8, 1, 0]     |5.51398731788869    |4.736450486221564   |152       
 [15, 18, 1, 0, 0]   |1.524245276793319   |1.0698296038909243  |354       
 [5, 20, 19, 8, 15]  |2.752219632967818   |1.1822361947533861  |845       
 [18, 4, 0, 0, 0]    |0.7050356455105498  |0.6160008617898118  |135       
 [15, 6, 1, 3, 0]    |1.3526974125846098  |1.1550003908046984  |158       
 [18, 4, 2, 1, 0]    |1.5298148393545048  |1.3233239403732742  |145       
 [15, 7, 0, 0, 0]    |0.7294663435550414  |0.6185099200443521  |165       
 [18, 4, 5, 0, 0]    |0.9163405261267584  |0.7800734243258647  |161       
 [16, 9, 8, 0, 0]    |0.8978489923828081  |0.67182769018718    |290       
 [15, 2, 1, 17, 0]   |1.1750143116494371  |1.0297132111033727  |132       
 [10, 12, 11, 4, 2]  |7.114728681652376   |4.934084270573315   |366       
 [18, 10, 0, 0, 0]   |0.7313234682912882  |0.5667146209250368  |255       
Gen 5 Train time: 9.49379688501358 minutes:
 Average MSE:        0.9186372149044257
 Average Error:      1.2422105957391179
 Structure           |Error               |MSE                 |weights&biases
 [15, 5, 0, 0, 0]    |0.6510111088589443  |0.5710785160170885  |131       
 [17, 0, 0, 0, 0]    |0.5892945318900619  |0.5500043090371896  |69        
 [17, 5, 0, 0, 0]    |0.6025702158870929  |0.5201952383457786  |147       
 [16, 3, 0, 0, 0]    |0.6409042841571849  |0.5781770421580591  |103       
 [17, 4, 2, 2, 0]    |0.9786552854379953  |0.8491021284182942  |142       
 [16, 6, 4, 1, 2]    |1.9338424251173523  |1.599208657057977   |190       
 [17, 2, 0, 0, 0]    |0.883328476533428   |0.8073014415420241  |90        
 [17, 4, 3, 0, 0]    |0.7408055953502413  |0.6427386814495719  |142       
 [17, 8, 1, 2, 0]    |1.6223096008364604  |1.3137042432098807  |211       
 [17, 7, 7, 0, 0]    |0.569707429586604   |0.44769981303186074 |241       
 [18, 4, 1, 1, 0]    |1.6813709713749807  |1.4631761455265846  |139       
 [5, 17, 12, 13, 20] |6.740425552132595   |3.0195960411449905  |803       
 [17, 4, 1, 0, 0]    |1.2173599910901305  |1.0689582459617388  |130       
 [16, 3, 2, 2, 0]    |1.0752218080615241  |0.9574583796278979  |116       
 [16, 6, 0, 0, 0]    |0.6318398279608133  |0.540036065480775   |157       
 [10, 8, 19, 0, 0]   |1.3665579357844762  |1.0033005575797476  |309       
 [17, 10, 3, 4, 0]   |1.086248745155398   |0.8168745400934018  |285       
 [19, 15, 6, 1, 5]   |1.8047066729802272  |1.121198352090927   |476       
 [17, 10, 2, 0, 0]   |1.1918629406498684  |0.9226711234052077  |256       
 [17, 13, 0, 0, 0]   |0.6305977572154466  |0.46762570043172874 |299       
 [17, 7, 7, 15, 0]   |0.9547511227285436  |0.6601391869104761  |369       
 [17, 7, 0, 0, 0]    |0.6917982529119702  |0.5749564915565547  |185       
 [16, 4, 2, 0, 0]    |0.7908381483953598  |0.6951261433997958  |129       
 [15, 5, 2, 4, 0]    |1.046127909020094   |0.8968161868021458  |154       
 [11, 2, 0, 0, 0]    |0.9331283043611516  |0.8787871423309408  |60        
Increasing Epochs
Gen 6 Train time: 10.86965272029241 minutes:
 Average MSE:        1.4977090253437129
 Average Error:      2.1220392199522284
 Structure           |Error               |MSE                 |weights&biases
 [17, 7, 7, 0, 0]    |0.6190884478070439  |0.48650547270292377 |241       
 [17, 0, 0, 0, 0]    |0.6154992733032126  |0.5744618933426333  |69        
 [17, 5, 0, 0, 0]    |0.6668172443528958  |0.5756593110872011  |147       
 [17, 5, 2, 4, 0]    |0.8874144595240578  |0.7486803572393432  |170       
 [3, 7, 18, 15, 15]  |8.313511860545502   |4.0385354996128715  |722       
 [17, 9, 1, 0, 0]    |1.5881554465694856  |1.2681678819967754  |225       
 [9, 12, 1, 9, 11]   |1.722629634307328   |1.276155420581153   |300       
 [4, 8, 5, 1, 5]     |4.211656069806319   |3.739141112900466   |119       
 [17, 4, 0, 0, 0]    |0.67236913505792    |0.5915862555132723  |128       
 [15, 5, 1, 2, 0]    |1.4196520820526901  |1.2366570714102971  |138       
 [16, 17, 0, 0, 0]   |0.8069795645948016  |0.5658326399058916  |355       
 [16, 3, 0, 0, 0]    |0.6527126645015564  |0.5888297005798455  |103       
 [17, 10, 4, 0, 0]   |0.8074504561219157  |0.6102579267679535  |280       
 [17, 7, 4, 0, 0]    |0.5845622031473925  |0.47194535065634796 |214       
 [17, 6, 2, 0, 0]    |0.7717226630284001  |0.6471805033643931  |176       
 [16, 5, 0, 0, 0]    |0.6609422953932087  |0.5751705106447033  |139       
 [2, 8, 15, 1, 11]   |7.192728178799237   |5.801233344132779   |215       
 [17, 6, 1, 0, 0]    |1.2321959732571643  |1.0416415910759391  |168       
 [17, 4, 4, 17, 0]   |0.8084757945156544  |0.6321651920460735  |246       
 [17, 5, 4, 0, 0]    |0.7168329875200529  |0.6047667709463432  |170       
 [1, 13, 16, 15, 6]  |12.595878284624137  |6.837140852144765   |611       
 [17, 2, 2, 0, 0]    |0.9466927661825152  |0.8600363123493604  |96        
 [17, 10, 4, 9, 0]   |0.9020141951922208  |0.6484794128161856  |330       
 [18, 8, 1, 1, 4]    |2.4750207447232135  |1.9664871485754194  |230       
 [17, 3, 1, 0, 0]    |1.1799780738778034  |1.0560081011998892  |111       
Result:  [17, 7, 4]
Fold 0
Fold 0 Train time: 19.365168480078378 minutes, MSE: 0.6942194949559887
Fold 1
Fold 1 Train time: 19.335951594511666 minutes, MSE: 0.5353456010112649
Fold 2
Fold 2 Train time: 19.440748616059622 minutes, MSE: 0.28972326979108315
Fold 3
Fold 3 Train time: 19.150833797454833 minutes, MSE: 0.1734122233038858
Fold 4
Fold 4 Train time: 18.58774438301722 minutes, MSE: 0.37111589390326377
Total Time: 160.21500081221262 minutes
CellsPerSensor: 1
 Resulting Network Architecture: [17, 7, 4]
 MSE after 5-Fold CV: 0.4127632965930973
 Weights and Biases: 214
 Objective Function Value: 0.5112579702274392
~/workspace/SolarCellResearch
