/tmp/tmp.3SdxD4jY77 ~/workspace/SolarCellResearch
Using TensorFlow backend.
Genetically searching for best layer structure...
  Training on:     datasets/N5dataset10k2.mat
  Evaluating with: datasets/N5dataset100k2.mat
Gen 0 Train time: 8.319988516966502 minutes:
 Average MSE:        0.9602038658013874
 Average Error:      1.2367773282190864
 Structure           |Error               |MSE                 |weights&biases
 [15, 0, 0, 0, 0]    |0.35346472209912233 |0.3325478249918232  |61        
 [18, 18, 5, 3, 0]   |0.38915859712329065 |0.23298800352350063 |513       
 [3, 17, 2, 1, 2]    |4.007611390527365   |3.5437851263081916  |123       
 [20, 9, 17, 3, 6]   |0.3829501106158919  |0.2313437549887516  |504       
 [16, 2, 3, 8, 0]    |0.34705131960546787 |0.30413529876666534 |132       
 [20, 20, 19, 0, 0]  |0.5898957639077779  |0.24007367369126276 |899       
 [1, 16, 14, 0, 0]   |2.456619640512618   |1.8418790531964415  |288       
 [2, 9, 8, 20, 18]   |3.581881851675508   |1.7965862190224453  |690       
 [1, 0, 0, 0, 0]     |3.5730680410297144  |3.555247289829117   |5         
 [14, 9, 3, 0, 0]    |0.30818563686900813 |0.24956073652181293 |211       
 [8, 14, 0, 0, 0]    |1.3670424615959902  |1.1591066964080865  |165       
 [11, 11, 4, 0, 0]   |0.3641315184321881  |0.2928074180839983  |218       
 [4, 17, 16, 0, 0]   |0.9351444835475625  |0.6255936539318625  |402       
 [10, 12, 5, 4, 0]   |0.34978364774315873 |0.27078220171522316 |256       
 [4, 13, 14, 19, 0]  |2.563401117261705   |1.4381174590063817  |578       
 [6, 5, 0, 0, 0]     |0.505892141890238   |0.4769079466233114  |59        
 [20, 1, 0, 0, 0]    |0.31515016718921784 |0.2900488179192107  |83        
 [20, 17, 0, 0, 0]   |0.2925289777222222  |0.18934367137605196 |435       
 [5, 0, 0, 0, 0]     |1.940863294651899   |1.9005301457599029  |21        
 [6, 0, 0, 0, 0]     |0.5841169682709102  |0.5696950689385578  |25        
 [5, 5, 11, 8, 2]    |4.4588577459287935  |3.5498048226891408  |228       
 [15, 12, 17, 0, 0]  |0.3401925075734108  |0.21134918188955315 |476       
 [14, 6, 16, 0, 0]   |0.3935944613443985  |0.303178303639765   |261       
 [17, 9, 15, 0, 0]   |0.2888795597062427  |0.19775123518587462 |379       
 [13, 6, 0, 0, 0]    |0.22996707865346414 |0.20193304102775622 |130       
Gen 1 Train time: 8.49273426135381 minutes:
 Average MSE:        0.37032151948368475
 Average Error:      0.5267026320304159
 Structure           |Error               |MSE                 |weights&biases
 [13, 6, 0, 0, 0]    |0.28148661284403975 |0.2471721086036563  |130       
 [17, 9, 15, 0, 0]   |0.45938083697847454 |0.31446713649657754 |379       
 [20, 17, 0, 0, 0]   |0.3195084611670617  |0.20680653774591334 |435       
 [10, 5, 2, 0, 0]    |0.27334443955969795 |0.24733227692568346 |100       
 [17, 13, 18, 0, 0]  |0.3919246264387215  |0.22476817592076587 |556       
 [15, 4, 2, 4, 0]    |0.30356324057960826 |0.2649629380343117  |136       
 [14, 3, 0, 0, 0]    |0.3836346275756869  |0.350265209490846   |91        
 [14, 6, 4, 0, 0]    |0.27578635547816216 |0.2338375144832856  |165       
 [14, 8, 2, 0, 0]    |0.2827423135454718  |0.23545879500010086 |183       
 [18, 1, 0, 0, 0]    |0.28952801799951716 |0.26860773280866806 |75        
 [14, 12, 11, 13, 8] |0.4745130016230283  |0.2497071967247971  |642       
 [12, 11, 4, 2, 0]   |0.33033080479981236 |0.25984741442406956 |240       
 [11, 15, 10, 15, 3] |3.752786216248622   |2.0802717934421833  |590       
 [11, 12, 5, 2, 0]   |1.192703522330812   |0.9223989926167395  |257       
 [15, 5, 2, 0, 0]    |0.3001671898647518  |0.26095281850543894 |140       
 [15, 4, 10, 4, 0]   |0.2937889699482824  |0.23861746870034733 |208       
 [18, 19, 10, 2, 0]  |0.44832164294398436 |0.2363966058588956  |640       
 [15, 8, 8, 0, 0]    |0.29581797438097535 |0.22946357762531705 |254       
 [10, 0, 0, 0, 0]    |0.45586263836425306 |0.43755023955686917 |41        
 [7, 12, 8, 0, 0]    |0.3568155227762044  |0.2835019227404881  |230       
 [13, 12, 11, 4, 0]  |0.424569897740855   |0.28374519966878015 |403       
 [19, 13, 8, 0, 0]   |0.3237334072998165  |0.20891351450281345 |438       
 [20, 11, 10, 0, 0]  |0.30517058633264416 |0.20011074127996978 |422       
 [4, 7, 6, 15, 0]    |0.5798077589984914  |0.4671715797252352  |216       
 [14, 6, 8, 0, 0]    |0.37227713494141984 |0.3057104962103664  |197       
Increasing Epochs
Gen 2 Train time: 10.162116531531016 minutes:
 Average MSE:        0.463601413061171
 Average Error:      0.7277743856228639
 Structure           |Error               |MSE                 |weights&biases
 [10, 5, 2, 0, 0]    |0.2549897518763513  |0.23072426871342766 |100       
 [14, 6, 4, 0, 0]    |0.25111645341412525 |0.21292005984272322 |165       
 [13, 6, 0, 0, 0]    |0.3247707009586424  |0.2851796686086519  |130       
 [10, 8, 7, 8, 0]    |0.3774728438416752  |0.2928025904631571  |254       
 [16, 10, 9, 7, 0]   |0.35539361142173365 |0.2394215820913903  |395       
 [14, 14, 1, 7, 20]  |0.40066137315952993 |0.2524256158423067  |462       
 [15, 8, 6, 0, 0]    |0.257482544613126   |0.20376185406645902 |234       
 [11, 8, 9, 2, 0]    |0.3018342273844548  |0.23909906183454624 |233       
 [13, 10, 3, 13, 0]  |0.364575530929964   |0.27609189077516305 |278       
 [14, 6, 7, 6, 8]    |0.3384212998160186  |0.25221743895655957 |294       
 [15, 8, 6, 18, 5]   |1.4875012108843562  |0.9446863347150647  |454       
 [14, 5, 5, 2, 0]    |0.315837993250322   |0.2686016434193738  |162       
 [13, 9, 2, 1, 0]    |1.1301868444415692  |0.9346183340735816  |190       
 [13, 5, 8, 2, 0]    |0.3835754645820168  |0.32103057891810327 |178       
 [20, 7, 11, 5, 14]  |0.41879121960346727 |0.2659670724051657  |454       
 [18, 13, 15, 7, 0]  |0.4224388627800509  |0.2247625997248383  |631       
 [16, 14, 2, 1, 0]   |3.089633735106506   |2.2412921484897743  |321       
 [17, 11, 8, 0, 0]   |0.25731605018479864 |0.18060369432347448 |354       
 [16, 10, 11, 9, 0]  |0.4518904023792142  |0.2861281186495682  |457       
 [15, 5, 5, 2, 0]    |0.3288612422805892  |0.2774486596543122  |170       
 [17, 10, 8, 0, 0]   |0.31161442557628044 |0.22447550859186224 |328       
 [15, 5, 2, 2, 0]    |0.2876641287506775  |0.2485871727897968  |146       
 [5, 19, 16, 19, 5]  |5.578750189235046   |2.3186028185564864  |878       
 [14, 9, 10, 0, 0]   |0.2372322905399571  |0.17786765988575307 |288       
 [16, 9, 12, 0, 0]   |0.26634724356112405 |0.1907189511377344  |334       
Increasing Epochs
Gen 3 Train time: 11.331536845366161 minutes:
 Average MSE:        0.32757442960777405
 Average Error:      0.43216597481073693
 Structure           |Error               |MSE                 |weights&biases
 [14, 9, 10, 0, 0]   |0.27075589565115565 |0.20300237143151817 |288       
 [14, 6, 4, 0, 0]    |0.2533359701196412  |0.21480197408344814 |165       
 [10, 5, 2, 0, 0]    |0.27471357839804483 |0.24857112497710604 |100       
 [16, 10, 12, 5, 0]  |0.32159131134562935 |0.211089353466466   |421       
 [15, 12, 6, 8, 10]  |0.41948272039390005 |0.2616538204539903  |472       
 [14, 7, 9, 1, 0]    |0.33524510561864557 |0.2660972711246723  |231       
 [16, 8, 6, 0, 0]    |0.2594124076439056  |0.20304326873913442 |245       
 [14, 10, 3, 4, 10]  |0.3177839387191142  |0.2349497623055635  |302       
 [5, 1, 9, 18, 12]   |2.0791969986706134  |1.3125630610478438  |460       
 [12, 6, 3, 0, 0]    |0.24276884687668918 |0.21126425498858437 |139       
 [13, 7, 7, 0, 0]    |0.2347179738261323  |0.19197874870152698 |201       
 [15, 7, 7, 1, 0]    |1.1908597614557586  |0.9528245785681229  |223       
 [15, 6, 7, 3, 7]    |0.3300038700183181  |0.2570072723868603  |250       
 [15, 10, 6, 7, 0]   |0.3688611279553166  |0.2657139159857954  |328       
 [13, 8, 6, 4, 0]    |0.24865843782024166 |0.19599324985308747 |238       
 [15, 6, 6, 4, 4]    |0.3587069047538739  |0.2832997809808642  |236       
 [12, 5, 4, 1, 0]    |0.7993639426558354  |0.7005153929375859  |132       
 [14, 8, 7, 0, 0]    |0.3199275563365716  |0.25343175702091647 |233       
 [13, 8, 7, 5, 0]    |0.27581236141588383 |0.2126655586539436  |260       
 [16, 10, 9, 0, 0]   |0.2866439129374901  |0.20669426565675822 |327       
 [14, 8, 5, 0, 0]    |0.3041940368437316  |0.2458362777799203  |213       
 [16, 1, 11, 0, 0]   |0.2922609266483374  |0.2647132031519368  |99        
 [5, 6, 4, 17, 0]    |0.4463584054262372  |0.37208496506914157 |182       
 [15, 9, 11, 0, 0]   |0.281425055459192   |0.2062040431522464  |311       
 [13, 9, 10, 4, 0]   |0.29206832327816384 |0.213361467677317   |314       
Result:  [13, 7, 7]
Fold 0
Fold 0 Train time: 19.5733939965566 minutes, MSE: 0.017982071248297444
Fold 1
Fold 1 Train time: 19.50021288394928 minutes, MSE: 0.032312576981073836
Fold 2
Fold 2 Train time: 19.521608197689055 minutes, MSE: 0.01135277237858904
Fold 3
Fold 3 Train time: 19.514427018165588 minutes, MSE: 0.010377234065654127
Fold 4
Fold 4 Train time: 19.518415192763012 minutes, MSE: 0.010263649624063616
Total Time: 135.94051633278528 minutes
CellsPerSensor: 5
 Resulting Network Architecture: [13, 7, 7]
 MSE after 5-Fold CV: 0.016457660859535615
 Weights and Biases: 201
 Objective Function Value: 0.020121543853135436
~/workspace/SolarCellResearch
