/tmp/tmp.CJT4gWsUkK ~/workspace/SolarCellResearch
Using TensorFlow backend.
Genetically searching for best layer structure...
  Training on:     datasets/N1dataset10k79.mat
  Evaluating with: datasets/N1dataset100k79.mat
Gen 0 Train time: 8.607117581367493 minutes:
 Average MSE:        1.683617391225414
 Average Error:      2.2108153128777683
 Structure           |Error               |MSE                 |weights&biases
 [7, 13, 0, 0, 0]    |0.9980581833917983  |0.8685382052196686  |139       
 [7, 9, 11, 4, 20]   |1.9053926695570285  |1.3134905204336913  |372       
 [11, 19, 0, 0, 0]   |0.9590788336379068  |0.724131695355928   |281       
 [8, 4, 5, 3, 0]     |0.9690714520771353  |0.8707355786533005  |107       
 [14, 0, 0, 0, 0]    |0.6152842901946087  |0.5811938914922182  |57        
 [16, 4, 11, 0, 0]   |0.7825133268886115  |0.6516521800727244  |183       
 [11, 13, 5, 5, 19]  |1.5007292970258417  |0.9830956965665303  |423       
 [1, 18, 5, 19, 0]   |6.738703693512711   |5.154486889714482   |268       
 [3, 5, 18, 11, 10]  |6.844408428777318   |4.247930958753676   |477       
 [2, 10, 2, 2, 1]    |8.792250554365204   |8.206042020321405   |69        
 [2, 0, 0, 0, 0]     |3.719304047838355   |3.6859804923412427  |9         
 [16, 0, 0, 0, 0]    |0.6175113614223897  |0.5786498050548057  |65        
 [4, 11, 6, 10, 19]  |3.09860886711466    |1.9996121929393227  |438       
 [10, 12, 10, 9, 14] |2.2837537898743667  |1.3228923162469433  |546       
 [19, 0, 0, 0, 0]    |0.5948033725177275  |0.5507224075050884  |77        
 [10, 5, 10, 3, 14]  |1.505447658007384   |1.173616845161456   |249       
 [13, 15, 0, 0, 0]   |0.8295071593441132  |0.6364028281963738  |265       
 [20, 14, 5, 20, 11] |2.0047679189631835  |0.9080355972933793  |792       
 [19, 19, 11, 0, 0]  |1.1109672323603204  |0.5690602382414929  |669       
 [18, 13, 15, 6, 7]  |2.1885545564985445  |1.1266417509667477  |664       
 [10, 4, 14, 0, 0]   |0.8724910828573679  |0.7442317169103697  |159       
 [3, 2, 18, 7, 0]    |3.778866665739788   |3.056969729394315   |212       
 [12, 3, 4, 12, 0]   |0.8245810987765939  |0.6998566289798488  |164       
 [15, 10, 14, 0, 0]  |0.8443448168644304  |0.5808897396251961  |374       
 [10, 0, 0, 0, 0]    |0.8913824643368199  |0.8555748551951348  |41        
Gen 1 Train time: 8.361257644494374 minutes:
 Average MSE:        0.807842171938183
 Average Error:      0.9923003406311242
 Structure           |Error               |MSE                 |weights&biases
 [19, 0, 0, 0, 0]    |0.6127134189519663  |0.5673051377761713  |77        
 [14, 0, 0, 0, 0]    |0.6737117801706818  |0.6363841520115888  |57        
 [16, 0, 0, 0, 0]    |0.7026159838650796  |0.6583985777288688  |65        
 [15, 5, 7, 0, 0]    |0.8010517122488904  |0.6724484838465259  |175       
 [15, 8, 0, 0, 0]    |0.7928777294350388  |0.660943938042833   |182       
 [11, 4, 9, 6, 0]    |0.9463533129809216  |0.7802512477195955  |193       
 [12, 0, 0, 0, 0]    |0.7653136441311126  |0.7287172102424424  |49        
 [13, 2, 2, 6, 0]    |1.1022541168373934  |0.9993574866888689  |98        
 [17, 0, 0, 0, 0]    |0.5926635745182155  |0.5531487264083661  |69        
 [14, 2, 3, 2, 0]    |1.133415013468137   |1.0337936703560058  |92        
 [9, 2, 3, 2, 0]     |1.1722744028510201  |1.0963053961962093  |67        
 [14, 2, 2, 6, 0]    |0.9918708530960572  |0.8947934507880759  |103       
 [16, 16, 6, 0, 0]   |0.8706481679612006  |0.5669311993912111  |429       
 [16, 9, 11, 0, 0]   |1.0514990395972237  |0.7612578125613632  |323       
 [19, 2, 0, 0, 0]    |0.8257755698950094  |0.7471926345409734  |100       
 [11, 4, 13, 8, 7]   |1.6125077806342003  |1.1604299637837272  |329       
 [14, 8, 17, 0, 0]   |1.1199106227018978  |0.8027185544710689  |333       
 [17, 5, 7, 0, 0]    |0.9213454105002927  |0.7611534685578311  |191       
 [20, 7, 3, 10, 6]   |1.2436235446806443  |0.881640706427582   |344       
 [16, 2, 2, 6, 0]    |0.9381716749437374  |0.837928650778147   |113       
 [16, 5, 7, 0, 0]    |0.6753285306390708  |0.5623920949769385  |183       
 [14, 2, 4, 2, 11]   |1.0910610462863253  |0.9494719032373459  |139       
 [18, 7, 3, 10, 6]   |1.3254608646321162  |0.9586398916101736  |324       
 [11, 13, 9, 13, 8]  |1.771112374012859   |1.005623562276341   |566       
 [10, 4, 5, 8, 0]    |1.073948346739012   |0.918826378036323   |156       
Gen 2 Train time: 8.323264900843302 minutes:
 Average MSE:        1.2397106080707005
 Average Error:      1.5434339790166962
 Structure           |Error               |MSE                 |weights&biases
 [17, 0, 0, 0, 0]    |0.6305337529294661  |0.5884939742989078  |69        
 [19, 0, 0, 0, 0]    |0.5485552342805494  |0.5079017255630947  |77        
 [14, 0, 0, 0, 0]    |0.6851894349554282  |0.6472258766514966  |57        
 [16, 4, 0, 0, 0]    |0.8180280241955091  |0.7248006093358836  |121       
 [16, 11, 7, 0, 0]   |0.8278451290077703  |0.5969456642712674  |327       
 [18, 1, 1, 20, 3]   |6.790872107524313   |5.660880091424096   |182       
 [4, 3, 9, 13, 20]   |3.235359093434643   |1.9741539452115024  |494       
 [14, 1, 0, 0, 0]    |1.119004251100583   |1.0548928822280907  |59        
 [16, 4, 5, 1, 0]    |1.4899329403963268  |1.2836802047160658  |149       
 [16, 9, 5, 18, 15]  |1.497588989481576   |0.7740308677336278  |660       
 [20, 12, 0, 0, 0]   |0.6471857298679202  |0.4676093927163814  |325       
 [17, 1, 2, 1, 6]    |2.5693699102352126  |2.336515455004972   |95        
 [16, 4, 9, 0, 0]    |0.974158451427447   |0.8210417588427574  |171       
 [11, 4, 7, 7, 0]    |1.0671887641555553  |0.8913909846519449  |180       
 [16, 1, 1, 12, 0]   |1.7061909263174255  |1.5376624250277828  |104       
 [16, 3, 4, 0, 0]    |0.805379104696749   |0.7143071872605139  |120       
 [15, 3, 4, 0, 0]    |0.9068927926321594  |0.8091823093584594  |114       
 [16, 13, 9, 0, 0]   |1.1013358097941346  |0.7345654461007272  |405       
 [5, 7, 20, 10, 17]  |2.9855912431920113  |1.5869243925312495  |632       
 [16, 3, 4, 17, 0]   |1.3502001920064968  |1.085730325735498   |218       
 [17, 4, 0, 0, 0]    |0.6635504780886297  |0.5838271303793248  |128       
 [17, 2, 3, 4, 0]    |0.8771516174398629  |0.7803010910338392  |117       
 [18, 0, 0, 0, 0]    |0.6828533163564504  |0.6347810096708215  |73        
 [17, 3, 4, 9, 0]    |0.9043629822837393  |0.7584150604074914  |176       
 [16, 1, 2, 1, 0]    |3.701529199617448   |3.4375053916117198  |74        
Gen 3 Train time: 8.397789653142294 minutes:
 Average MSE:        1.147577611865988
 Average Error:      1.4510542120196421
 Structure           |Error               |MSE                 |weights&biases
 [19, 0, 0, 0, 0]    |0.6201824655738666  |0.5742206522595026  |77        
 [17, 0, 0, 0, 0]    |0.6806906773318544  |0.6353067700343222  |69        
 [20, 12, 0, 0, 0]   |0.7182748371389077  |0.5189732172656654  |325       
 [18, 2, 0, 0, 0]    |0.8478622482345202  |0.7710229807018577  |95        
 [18, 2, 2, 5, 0]    |0.8975446338400814  |0.7968471274552524  |119       
 [17, 1, 2, 1, 0]    |3.4126051705091665  |3.1565383845595285  |78        
 [19, 1, 19, 9, 15]  |2.792602951483039   |1.7611625282624868  |461       
 [5, 5, 2, 5, 0]     |3.14086833383199    |2.9051914772516683  |78        
 [15, 4, 1, 6, 0]    |1.0600261064950005  |0.9280158529603477  |133       
 [18, 2, 2, 0, 0]    |1.1022314060968432  |0.99634337785517    |101       
 [20, 20, 1, 9, 20]  |2.423210452477511   |1.156147427113043   |740       
 [17, 4, 0, 0, 0]    |0.6275800751157553  |0.5521784497744467  |128       
 [16, 7, 6, 0, 0]    |0.7362130642812434  |0.5896443546067479  |222       
 [5, 2, 9, 0, 0]     |1.3808705081955126  |1.29526344039193    |64        
 [19, 8, 0, 0, 0]    |0.6336119382151442  |0.5054437125456933  |226       
 [18, 2, 5, 0, 0]    |1.158047988033441   |1.0343113249580913  |113       
 [16, 7, 3, 9, 8]    |1.1893025009747462  |0.8670722274436284  |316       
 [18, 8, 3, 1, 0]    |1.5638062384108804  |1.231364305271979   |239       
 [18, 20, 17, 0, 0]  |1.7603102578244698  |0.7838716971401046  |809       
 [4, 7, 14, 3, 16]   |4.362828113420094   |3.2809089304372514  |285       
 [16, 9, 2, 9, 0]    |1.0200310445137473  |0.7880711215923709  |258       
 [17, 4, 3, 1, 0]    |1.512642184600425   |1.309778334843018   |144       
 [17, 2, 2, 0, 0]    |1.0104076925800487  |0.9179190302679858  |96        
 [17, 2, 2, 15, 0]   |0.9708139806261662  |0.8322516631975713  |154       
 [16, 12, 0, 0, 0]   |0.6537904306866015  |0.5015919084600379  |265       
Increasing Epochs
Gen 4 Train time: 9.722035562992096 minutes:
 Average MSE:        0.8382058528434851
 Average Error:      1.1176241125263853
 Structure           |Error               |MSE                 |weights&biases
 [19, 0, 0, 0, 0]    |0.5119115486968567  |0.473973708882407   |77        
 [17, 4, 0, 0, 0]    |0.7579222486315521  |0.6668604515873781  |128       
 [19, 8, 0, 0, 0]    |0.5918994181500064  |0.4721688802236403  |226       
 [3, 14, 6, 7, 11]   |3.2699749628640715  |2.4127865593706237  |304       
 [18, 11, 1, 6, 0]   |1.463715770088393   |1.0908729536016888  |294       
 [16, 5, 8, 0, 0]    |0.725395826991319   |0.5998727048548702  |190       
 [16, 10, 3, 0, 0]   |1.0102068799042132  |0.7828259775915631  |255       
 [17, 3, 2, 6, 0]    |0.9047574323610722  |0.7881330156770177  |138       
 [17, 8, 11, 0, 0]   |0.8505793781343151  |0.6263552728434002  |306       
 [16, 12, 0, 0, 0]   |0.684785511764534   |0.5253715190830117  |265       
 [11, 3, 5, 0, 0]    |0.7418389795838458  |0.6746082897670803  |95        
 [19, 8, 18, 0, 0]   |0.9584431066032375  |0.6437498403798063  |398       
 [18, 2, 0, 0, 0]    |0.6582467273475897  |0.5985917580521876  |95        
 [17, 4, 3, 18, 0]   |0.8092404009360581  |0.6436119813295493  |229       
 [16, 10, 17, 20, 0] |1.4943553661643032  |0.6809236597415446  |786       
 [16, 10, 2, 5, 4]   |1.2169326569913308  |0.9160663130367606  |284       
 [17, 3, 3, 3, 0]    |0.90072222236921    |0.7885508633708774  |133       
 [17, 5, 3, 1, 0]    |1.4511746297627814  |1.2304418321079746  |165       
 [10, 1, 18, 3, 0]   |1.8662637790633352  |1.625699936394641   |138       
 [17, 6, 4, 5, 0]    |0.8509279278689904  |0.6842527958240624  |218       
 [18, 2, 5, 0, 0]    |0.6851751375105252  |0.6119646263626073  |113       
 [17, 3, 1, 0, 0]    |1.227721542638649   |1.0987355814022526  |111       
 [17, 2, 0, 0, 0]    |1.0001706654697147  |0.9140871617662494  |90        
 [17, 2, 9, 0, 0]    |0.7011813227583853  |0.6194094453282591  |124       
 [17, 17, 16, 19, 11]|2.607059370505343   |0.7852311925076785  |1200      
Gen 5 Train time: 9.737006068229675 minutes:
 Average MSE:        1.1619780466921081
 Average Error:      1.5136561727877782
 Structure           |Error               |MSE                 |weights&biases
 [19, 0, 0, 0, 0]    |0.6017441414124206  |0.5571487950009123  |77        
 [19, 8, 0, 0, 0]    |0.8766719796828704  |0.699337107416108   |226       
 [18, 2, 0, 0, 0]    |0.8059151961605263  |0.7328774668650382  |95        
 [17, 9, 2, 3, 0]    |1.393427409339434   |1.089551860182834   |246       
 [17, 6, 4, 3, 2]    |3.5622295947677576  |2.8788377091857678  |213       
 [18, 2, 3, 0, 0]    |0.8605414864329618  |0.7747666029384317  |105       
 [17, 3, 3, 3, 0]    |1.0914251058205982  |0.9555045807970552  |133       
 [17, 5, 2, 0, 0]    |0.8901084499271243  |0.7615404647620527  |156       
 [18, 6, 11, 9, 0]   |0.8675011864455164  |0.6034220563358703  |363       
 [17, 7, 3, 12, 2]   |7.558660273608745   |5.724149400110581   |278       
 [3, 16, 20, 10, 7]  |5.758263025849343   |2.83668430313086    |708       
 [7, 4, 11, 2, 0]    |1.5568820751969594  |1.3602726417214703  |135       
 [15, 2, 3, 0, 0]    |0.8100373810075385  |0.7403184237382211  |90        
 [18, 6, 0, 0, 0]    |0.714203696922214   |0.5995433076406756  |175       
 [19, 4, 9, 0, 0]    |0.7234107522946162  |0.5970358626094818  |192       
 [17, 3, 2, 2, 0]    |1.063214242526549   |0.9411023521411312  |122       
 [18, 10, 0, 0, 0]   |0.8194521150308357  |0.6350069632264961  |255       
 [17, 4, 7, 0, 0]    |0.7052985479499524  |0.5974204790202589  |166       
 [19, 1, 0, 0, 0]    |1.110965927281283   |1.0265768715060626  |79        
 [18, 6, 7, 0, 0]    |0.7692178479340639  |0.6142329273345342  |225       
 [15, 2, 3, 9, 0]    |1.0258756037133974  |0.8990168473858514  |132       
 [18, 2, 2, 9, 0]    |0.8522171461220551  |0.7445956807802062  |135       
 [15, 3, 3, 0, 0]    |0.846131429744886   |0.7587517902535105  |109       
 [16, 10, 3, 3, 2]   |1.7757715569251853  |1.3501760730661738  |274       
 [17, 4, 7, 20, 0]   |0.8022381475976226  |0.5715806001531306  |339       
Increasing Epochs
Gen 6 Train time: 10.941890629132589 minutes:
 Average MSE:        1.234310555523279
 Average Error:      1.4224638588015714
 Structure           |Error               |MSE                 |weights&biases
 [19, 0, 0, 0, 0]    |0.5718445256543274  |0.5294650441437609  |77        
 [17, 4, 7, 0, 0]    |0.5834533141827002  |0.4942119326037808  |166       
 [18, 6, 0, 0, 0]    |0.7733576452389542  |0.6492005048613821  |175       
 [17, 1, 2, 0, 0]    |1.4185617065632672  |1.3147459796473708  |76        
 [19, 1, 4, 0, 0]    |1.427729642320247   |1.3048466442526099  |90        
 [17, 8, 1, 0, 0]    |1.3433442280426144  |1.0932579656148262  |206       
 [18, 4, 5, 5, 12]   |0.8407861272962481  |0.641838888700851   |270       
 [19, 5, 1, 5, 0]    |0.9783754018245846  |0.8180254452904803  |179       
 [20, 1, 2, 5, 0]    |2.2598731387867215  |2.0325856025494806  |106       
 [15, 3, 3, 5, 0]    |0.9944750214405599  |0.8723711649955732  |131       
 [19, 3, 6, 5, 0]    |0.8737872383236358  |0.7283902131047464  |182       
 [17, 5, 5, 11, 0]   |0.7685119123620594  |0.5991164961850395  |249       
 [15, 3, 3, 1, 0]    |2.780891229940261   |2.4887273182304517  |111       
 [18, 4, 5, 0, 0]    |0.6105066875787669  |0.5197195024936949  |161       
 [17, 13, 14, 2, 11] |1.5306542322575571  |0.8778278692924222  |556       
 [2, 7, 6, 5, 0]     |7.178449343400623   |6.392231281994266   |116       
 [18, 8, 6, 5, 0]    |0.8129426975529256  |0.6016408209756696  |301       
 [17, 5, 2, 0, 0]    |0.7593397062641173  |0.6496600643078951  |156       
 [17, 3, 3, 0, 0]    |0.8235455176514065  |0.7296892959096402  |121       
 [19, 7, 0, 0, 0]    |0.7950303404772848  |0.6476693333354733  |205       
 [2, 1, 2, 0, 0]     |4.0127798487719835  |3.949086278543824   |16        
 [17, 6, 3, 11, 0]   |0.7115875435317711  |0.5619980896927098  |236       
 [18, 3, 2, 2, 0]    |0.9408085392698519  |0.8277735724047155  |128       
 [19, 3, 0, 0, 0]    |0.639552797654903   |0.5666654976748748  |121       
 [16, 4, 3, 5, 0]    |1.1314080836519158  |0.9670190812764314  |157       
Result:  [19]
Fold 0
Fold 0 Train time: 17.632631770769756 minutes, MSE: 0.11061096938324667
Fold 1
Fold 1 Train time: 17.337190465132394 minutes, MSE: 0.15008819772758494
Fold 2
Fold 2 Train time: 17.192317589124045 minutes, MSE: 0.2919289348525121
Fold 3
Fold 3 Train time: 17.2066108584404 minutes, MSE: 0.36698476849318384
Fold 4
Fold 4 Train time: 17.139518662293753 minutes, MSE: 0.3492239154015428
Total Time: 150.60355310042698 minutes
CellsPerSensor: 1
 Resulting Network Architecture: [19]
 MSE after 5-Fold CV: 0.253767357171614
 Weights and Biases: 77
 Objective Function Value: 0.2740794233602927
~/workspace/SolarCellResearch
