/tmp/tmp.5Kd1uysFMx ~/workspace/SolarCellResearch
Using TensorFlow backend.
Genetically searching for best layer structure...
  Training on:     datasets/N2dataset10k3.mat
  Evaluating with: datasets/N2dataset100k3.mat
Gen 0 Train time: 8.770319044589996 minutes:
 Average MSE:        1.0710291221642851
 Average Error:      1.5737444113360939
 Structure           |Error               |MSE                 |weights&biases
 [19, 8, 11, 0, 0]   |0.5611287400224545  |0.40421639360600625 |328       
 [11, 3, 0, 0, 0]    |0.4413849681453084  |0.4103118327487868  |73        
 [6, 0, 0, 0, 0]     |1.393012219010774   |1.3586186247777905  |25        
 [14, 14, 0, 0, 0]   |0.5233165503367722  |0.40068939044502033 |267       
 [9, 12, 0, 0, 0]    |0.5302920091605327  |0.45188504194456114 |160       
 [7, 11, 10, 14, 0]  |0.7724093246179953  |0.5187980131579663  |398       
 [7, 6, 17, 9, 6]    |1.1640864887802957  |0.7671573487305118  |417       
 [3, 19, 0, 0, 0]    |1.5206826842575334  |1.3691079117093647  |105       
 [15, 4, 2, 0, 0]    |0.5470461257036955  |0.4842169856623091  |122       
 [9, 3, 2, 20, 0]    |0.6233469237701365  |0.5386700459324137  |146       
 [14, 15, 15, 8, 0]  |0.8750609855453297  |0.45957106252808605 |644       
 [5, 10, 1, 0, 0]    |0.7099268695303494  |0.6501232524505588  |88        
 [11, 10, 13, 19, 6] |2.20018361170952    |1.1046635585956985  |689       
 [2, 0, 0, 0, 0]     |3.0068704772920554  |2.97993005673652    |9         
 [1, 10, 13, 20, 20] |8.367464382613337   |3.446471304962029   |887       
 [4, 2, 14, 9, 0]    |2.0155421006830463  |1.635401257732937   |209       
 [10, 17, 0, 0, 0]   |0.49234933550896953 |0.38923703248746944 |235       
 [9, 0, 0, 0, 0]     |0.7890269495644845  |0.7603664414425548  |37        
 [4, 19, 11, 14, 10] |1.251189928488225   |0.6492710813169683  |656       
 [2, 5, 10, 0, 0]    |1.7838574043653839  |1.6270655245758054  |92        
 [15, 0, 0, 0, 0]    |0.508054378780675   |0.4779893666268228  |61        
 [11, 6, 3, 0, 0]    |0.6269938698601779  |0.5505604523394233  |130       
 [5, 17, 0, 0, 0]    |0.9590438878104292  |0.8379319047871261  |135       
 [18, 5, 0, 0, 0]    |0.5620860491295787  |0.48137902352637135 |155       
 [13, 8, 14, 17, 2]  |7.119254018715291   |4.022095145284034   |571       
Gen 1 Train time: 8.76104793548584 minutes:
 Average MSE:        0.6933664253856376
 Average Error:      0.8828261679351589
 Structure           |Error               |MSE                 |weights&biases
 [11, 3, 0, 0, 0]    |0.44241620935228765 |0.4112704754307515  |73        
 [10, 17, 0, 0, 0]   |0.4787810063035575  |0.3785103069395045  |235       
 [15, 0, 0, 0, 0]    |0.43745427357452765 |0.41156714691824803 |61        
 [12, 10, 8, 11, 4]  |1.7591853183472668  |1.1721630639993692  |406       
 [11, 5, 2, 0, 0]    |0.5479397019846635  |0.49184579768130227 |108       
 [13, 4, 1, 0, 0]    |0.5579197716203349  |0.5038180412335131  |102       
 [10, 9, 0, 0, 0]    |0.523582963389705   |0.45563656996495183 |139       
 [10, 5, 1, 0, 0]    |0.5735899963869945  |0.5226514765427162  |93        
 [8, 9, 12, 2, 3]    |5.229275947147551   |4.01594555897258    |264       
 [11, 10, 7, 0, 0]   |0.5081054235212458  |0.40049006217878586 |238       
 [11, 10, 0, 0, 0]   |0.5013152059291772  |0.42548728147962206 |164       
 [12, 8, 1, 0, 0]    |1.4080341050828327  |1.2106948848891474  |151       
 [14, 11, 0, 0, 0]   |0.4354344830926842  |0.3497939771013513  |219       
 [8, 14, 1, 0, 0]    |0.8800671720443968  |0.744712498934587   |167       
 [14, 11, 6, 0, 0]   |0.49156028026111054 |0.3692908620445463  |286       
 [13, 9, 1, 0, 0]    |0.6041182831301015  |0.5061180850671375  |177       
 [20, 3, 17, 5, 9]   |0.6530829962013107  |0.46252667041350215 |345       
 [10, 11, 7, 10, 3]  |1.8878367613150273  |1.327678067769053   |352       
 [16, 10, 0, 0, 0]   |0.45513154501667374 |0.3619791042500188  |229       
 [10, 8, 0, 0, 0]    |0.6102359935555416  |0.5374553877551471  |127       
 [15, 8, 8, 4, 0]    |0.7045172198978736  |0.529277449600104   |286       
 [16, 6, 11, 3, 20]  |0.6373917540607258  |0.44291791749853715 |364       
 [12, 17, 8, 4, 0]   |0.7233593934034526  |0.4649389864134033  |442       
 [10, 10, 6, 7, 5]   |0.5925017948227136  |0.43849740866082065 |301       
 [13, 2, 0, 0, 0]    |0.4278165989372149  |0.3988935529022408  |70        
Gen 2 Train time: 8.874805184205373 minutes:
 Average MSE:        0.8339169598400189
 Average Error:      1.091145321384373
 Structure           |Error               |MSE                 |weights&biases
 [13, 2, 0, 0, 0]    |0.5166574227960204  |0.48172818802354406 |70        
 [14, 11, 0, 0, 0]   |0.47489040943041927 |0.3814897796383236  |219       
 [15, 0, 0, 0, 0]    |0.45896049002089495 |0.4318006951506434  |61        
 [12, 6, 0, 0, 0]    |0.4343638396361452  |0.3848611127367786  |121       
 [10, 4, 15, 14, 2]  |6.040648287369597   |4.024945371712088   |406       
 [19, 7, 4, 5, 2]    |1.6318834924261088  |1.2469927647410397  |269       
 [14, 11, 3, 0, 0]   |0.55691113036794    |0.4350259466109555  |247       
 [12, 12, 0, 0, 0]   |0.5048833785509994  |0.4113018894373     |205       
 [10, 13, 0, 0, 0]   |0.5246314395555401  |0.4351522614502004  |187       
 [12, 7, 1, 0, 0]    |1.4379818547796688  |1.253877363086098   |137       
 [14, 2, 1, 0, 0]    |1.2475514448192313  |1.1550952246102497  |77        
 [12, 12, 1, 0, 0]   |1.5646579251195245  |1.272097638630955   |207       
 [15, 8, 6, 9, 10]   |0.8796316504598269  |0.5890453884213223  |401       
 [13, 5, 19, 0, 0]   |0.5271513655257055  |0.4134297994275881  |243       
 [16, 8, 6, 2, 10]   |0.6280327040870476  |0.46852630233088394 |293       
 [11, 17, 4, 2, 0]   |0.7597543299032096  |0.550592587976164   |322       
 [3, 4, 12, 8, 15]   |3.1503018103902667  |2.242291336381114   |340       
 [9, 9, 1, 0, 0]     |0.6272093168754634  |0.5513006604811623  |129       
 [11, 9, 4, 10, 0]   |0.7734500429283622  |0.6072017342286384  |242       
 [17, 4, 9, 3, 5]    |0.6304491435272473  |0.5039275418715329  |224       
 [12, 14, 0, 0, 0]   |0.5703781235084611  |0.45182706879731993 |233       
 [18, 11, 5, 17, 12] |0.9171197574267568  |0.47686720729023235 |654       
 [13, 3, 1, 0, 0]    |0.5456053923913207  |0.5001439664590622  |87        
 [13, 13, 0, 0, 0]   |0.49463149138271867 |0.3910412383955645  |235       
 [12, 8, 1, 0, 0]    |1.3808967913308443  |1.1873609281117075  |151       
Increasing Epochs
Gen 3 Train time: 10.371539700031281 minutes:
 Average MSE:        0.6825000776564231
 Average Error:      0.8725201327691684
 Structure           |Error               |MSE                 |weights&biases
 [12, 6, 0, 0, 0]    |0.4973909530041776  |0.4407052755559654  |121       
 [15, 0, 0, 0, 0]    |0.38575574100683596 |0.3629279660162468  |61        
 [14, 11, 0, 0, 0]   |0.5161462430881363  |0.41463148681610107 |219       
 [19, 9, 9, 0, 0]    |0.5282021449954163  |0.377088180567806   |337       
 [15, 6, 0, 0, 0]    |0.467370351754889   |0.40307473355482487 |148       
 [14, 17, 3, 1, 5]   |0.7926073174790775  |0.546933877461601   |371       
 [13, 6, 10, 0, 0]   |0.5249555320390532  |0.42808148292445314 |204       
 [14, 12, 3, 9, 6]   |0.7205148980995391  |0.5006794583704551  |364       
 [13, 9, 1, 10, 0]   |0.6623164658151641  |0.5390150468471869  |206       
 [13, 12, 2, 0, 0]   |0.6183733075676051  |0.48837928759279947 |236       
 [14, 7, 3, 1, 5]    |1.49312646875398    |1.2335204340687782  |191       
 [13, 8, 0, 0, 0]    |0.4230052853978975  |0.36046132665169794 |160       
 [15, 6, 2, 0, 0]    |0.48535761977728953 |0.4144224978235799  |158       
 [12, 8, 2, 5, 0]    |0.56830959988368    |0.47516700914671367 |179       
 [11, 11, 1, 0, 0]   |0.6217354196980804  |0.5198366522736568  |179       
 [9, 10, 10, 8, 3]   |1.8158686685005954  |1.271966284227711   |356       
 [16, 8, 6, 2, 3]    |1.6257715613085235  |1.2473016151374359  |265       
 [12, 2, 17, 2, 0]   |1.9443244294369637  |1.6701518988450232  |152       
 [16, 7, 3, 9, 6]    |0.6383951175301807  |0.475780873347419   |294       
 [13, 13, 7, 0, 0]   |0.5652489855508238  |0.40759185424298056 |327       
 [9, 8, 6, 4, 8]     |0.6647194055817496  |0.5239336243017865  |238       
 [14, 11, 3, 5, 5]   |0.7053482103730168  |0.5230576023302559  |299       
 [16, 8, 1, 0, 0]    |0.5469812547327245  |0.45007513370105334 |195       
 [8, 14, 3, 17, 3]   |3.506588368303168   |2.5437607340186985  |321       
 [14, 3, 4, 0, 0]    |0.49458996955064394 |0.44395760558634645 |108       
Gen 4 Train time: 10.333226855595907 minutes:
 Average MSE:        0.5759613681247648
 Average Error:      0.7551456731107515
 Structure           |Error               |MSE                 |weights&biases
 [15, 0, 0, 0, 0]    |0.4104774421771497  |0.3861867170040757  |61        
 [13, 8, 0, 0, 0]    |0.4397226875806553  |0.3747069570893852  |160       
 [15, 6, 0, 0, 0]    |0.49989436676117116 |0.4311244560790846  |148       
 [14, 6, 3, 5, 0]    |0.5396647506152951  |0.45121688168607815 |179       
 [15, 5, 3, 0, 0]    |0.6219302734416152  |0.5369086594350311  |147       
 [11, 11, 7, 2, 10]  |0.7184664493631532  |0.5290690798391597  |306       
 [13, 6, 1, 0, 0]    |0.5217265302536735  |0.45721034668181304 |132       
 [14, 8, 3, 0, 0]    |0.5172049825004468  |0.4264261850065513  |193       
 [16, 7, 1, 20, 0]   |0.5546155166153631  |0.43802461648607105 |236       
 [14, 12, 17, 18, 15]|1.4380479338919634  |0.49425020234427136 |1068      
 [15, 11, 7, 1, 2]   |1.6839157632729356  |1.2227738100138514  |320       
 [12, 6, 0, 0, 0]    |0.4655804584401473  |0.41252009710078996 |121       
 [14, 3, 13, 0, 0]   |0.4441986336799123  |0.3811800499487444  |153       
 [16, 11, 8, 0, 0]   |0.5586985701285688  |0.39766506158742    |340       
 [14, 10, 0, 0, 0]   |0.4465258486139397  |0.3644893344576648  |203       
 [17, 11, 4, 0, 0]   |0.5862622475360375  |0.4334459956110817  |302       
 [13, 15, 6, 3, 0]   |0.7158807362365248  |0.4944834011605126  |370       
 [14, 7, 3, 1, 2]    |3.644704307101017   |3.0382303958184114  |182       
 [14, 8, 2, 3, 0]    |0.4986802059648864  |0.4111528406780266  |193       
 [15, 7, 13, 0, 0]   |0.581295500977947   |0.44153585789894095 |275       
 [15, 8, 1, 18, 0]   |0.5869399983998058  |0.4630905453265166  |237       
 [14, 10, 5, 0, 0]   |0.5138226034931594  |0.3989667485674918  |253       
 [17, 8, 5, 9, 12]   |0.7292610080400777  |0.47581622780712857 |427       
 [12, 6, 18, 0, 0]   |0.6749597767908251  |0.5209494953555979  |259       
 [13, 5, 6, 0, 0]    |0.4861652358925222  |0.41761024013542036 |152       
Increasing Epochs
Gen 5 Train time: 11.919468188285828 minutes:
 Average MSE:        0.7524709802348005
 Average Error:      0.9796182670722673
 Structure           |Error               |MSE                 |weights&biases
 [15, 0, 0, 0, 0]    |0.3729417187490334  |0.3508722360810991  |61        
 [13, 8, 0, 0, 0]    |0.5274367526515026  |0.4494519528444858  |160       
 [14, 3, 13, 0, 0]   |0.5722226700406614  |0.49104128065616576 |153       
 [13, 6, 2, 6, 0]    |0.5832973804804069  |0.49606012686091977 |162       
 [11, 6, 2, 0, 0]    |0.5580857121320912  |0.4939886575783473  |122       
 [14, 19, 14, 0, 0]  |0.7651248073696086  |0.41077226756254726 |622       
 [14, 8, 7, 0, 0]    |0.6681421865248569  |0.5292712206780141  |233       
 [14, 7, 4, 2, 0]    |0.6135369070994635  |0.5063562235023306  |192       
 [14, 11, 3, 2, 0]   |0.6432612525478398  |0.49897248017550727 |254       
 [18, 7, 5, 1, 11]   |0.6938530784154531  |0.5312646176960649  |267       
 [15, 5, 7, 0, 0]    |0.5414294489481801  |0.454506752170753   |175       
 [16, 9, 10, 5, 6]   |0.7376368295006255  |0.49494745357075687 |399       
 [14, 7, 1, 10, 0]   |0.683025593612884   |0.5670981150736377  |186       
 [15, 8, 0, 0, 0]    |0.4971144664690598  |0.41439528558866134 |182       
 [9, 2, 13, 4, 3]    |3.9319122913679543  |3.34720575793029    |161       
 [15, 10, 9, 9, 8]   |0.8963838580085823  |0.5530059351961337  |483       
 [14, 8, 4, 4, 0]    |0.6097532223878893  |0.4878726076377548  |223       
 [9, 9, 14, 10, 4]   |2.0217568783536417  |1.281417484749706   |456       
 [13, 10, 5, 1, 5]   |0.654999984518619   |0.5070629775741359  |256       
 [12, 9, 10, 1, 1]   |4.372972746123467   |3.3449208800605987  |268       
 [14, 8, 1, 0, 0]    |0.6402625639837702  |0.5385489259436115  |173       
 [15, 3, 0, 0, 0]    |0.47907993343048677 |0.43479187100276667 |97        
 [16, 9, 5, 5, 6]    |0.6624512862614144  |0.4791180533534063  |324       
 [15, 5, 20, 10, 0]  |1.1266164551493691  |0.7069600319338234  |466       
 [15, 9, 6, 3, 19]   |0.6371586526798203  |0.4418713104484892  |366       
Gen 6 Train time: 11.909794731934864 minutes:
 Average MSE:        0.5606370465968081
 Average Error:      0.7799483650024102
 Structure           |Error               |MSE                 |weights&biases
 [15, 0, 0, 0, 0]    |0.39121313837967514 |0.3680624122933064  |61        
 [15, 3, 0, 0, 0]    |0.4426841173749359  |0.4017606295434297  |97        
 [15, 8, 0, 0, 0]    |0.4384830363855087  |0.36552004688052164 |182       
 [15, 3, 13, 12, 0]  |0.5762410160367618  |0.4159337545862572  |326       
 [13, 5, 8, 0, 0]    |0.49751512598459396 |0.421418313917515   |166       
 [15, 9, 5, 10, 4]   |1.669872968362857   |1.1790954263817917  |348       
 [14, 7, 3, 4, 0]    |0.5442678515730511  |0.44918799620245065 |192       
 [13, 7, 5, 0, 0]    |0.4371838298523281  |0.3640727717042015  |183       
 [15, 6, 0, 0, 0]    |0.4412957586255162  |0.3805871931305997  |148       
 [12, 7, 9, 3, 3]    |1.0846200296758004  |0.8489370194952788  |245       
 [13, 7, 2, 5, 0]    |0.558994978824223   |0.4697217465126352  |174       
 [15, 13, 4, 0, 0]   |0.5431966310125678  |0.3968154749867747  |314       
 [15, 5, 3, 2, 10]   |0.539568117676506   |0.44530927353754884 |192       
 [14, 1, 2, 8, 0]    |0.6183922360902306  |0.5629117928164596  |94        
 [15, 8, 5, 4, 3]    |1.5464341666533394  |1.191188732013913   |261       
 [11, 6, 2, 0, 0]    |0.6561894045794574  |0.580824980892217   |122       
 [14, 13, 9, 1, 0]   |0.7056003215460617  |0.48495153611007086 |375       
 [15, 7, 7, 2, 10]   |0.6964151844487406  |0.531629071352986   |270       
 [3, 8, 15, 20, 14]  |3.2482568993012726  |1.4522564420407302  |805       
 [15, 2, 0, 0, 0]    |0.393420248424089   |0.36317266231976764 |80        
 [16, 9, 8, 4, 11]   |0.5393926321559503  |0.3673972733505149  |384       
 [12, 7, 1, 0, 0]    |0.5438969003671055  |0.47426190320565836 |137       
 [19, 14, 8, 17, 4]  |0.9880344315608213  |0.4970633818797207  |687       
 [10, 9, 5, 6, 13]   |0.7028888317784632  |0.5104020483657825  |320       
 [13, 13, 8, 0, 0]   |0.6946512683903986  |0.4934442814000725  |342       
Result:  [15]
Fold 0
Fold 0 Train time: 18.622022771835326 minutes, MSE: 0.06834115634541951
Fold 1
Fold 1 Train time: 18.74976174434026 minutes, MSE: 0.07106374925654188
Fold 2
Fold 2 Train time: 18.602556626001995 minutes, MSE: 0.04735518204133219
Fold 3
Fold 3 Train time: 18.621743055184684 minutes, MSE: 0.08751050523544103
Fold 4
Fold 4 Train time: 18.587757325172426 minutes, MSE: 0.05371567404603437
Total Time: 164.12949659824372 minutes
CellsPerSensor: 2
 Resulting Network Architecture: [15]
 MSE after 5-Fold CV: 0.0655972533849538
 Weights and Biases: 61
 Objective Function Value: 0.06972324939652971
~/workspace/SolarCellResearch
