/tmp/tmp.6ZFUrOtajz ~/workspace/SolarCellResearch
Using TensorFlow backend.
Genetically searching for best layer structure...
  Training on:     datasets/N8dataset10k5.mat
  Evaluating with: datasets/N8dataset100k5.mat
Gen 0 Train time: 8.73784528573354 minutes:
 Average MSE:        0.9805673537231773
 Average Error:      1.3870626193225593
 Structure           |Error               |MSE                 |weights&biases
 [3, 3, 19, 12, 13]  |2.769596117954069   |1.646581801702176   |520       
 [2, 10, 0, 0, 0]    |1.8159825608471325  |1.7326060755481383  |47        
 [15, 20, 17, 3, 20] |0.5160354828577746  |0.21468579236715626 |877       
 [20, 2, 0, 0, 0]    |0.17764309989451907 |0.15993643910327718 |105       
 [9, 1, 0, 0, 0]     |0.8876886106180717  |0.8537351507630835  |39        
 [6, 16, 8, 0, 0]    |2.9125370984582655  |2.212281987847434   |275       
 [20, 11, 19, 0, 0]  |0.28190620000614247 |0.16444470789991847 |539       
 [3, 16, 13, 11, 0]  |1.1113650803658683  |0.7015865994224632  |460       
 [15, 4, 15, 20, 3]  |6.112625998853781   |3.4533903819551255  |571       
 [1, 9, 5, 9, 0]     |2.7636248885941908  |2.4146230391018157  |135       
 [11, 14, 0, 0, 0]   |1.1060040355498673  |0.891146495457059   |216       
 [11, 0, 0, 0, 0]    |0.4108571689507652  |0.392778418910008   |45        
 [3, 5, 17, 0, 0]    |1.4150787225564259  |1.2191881225052885  |149       
 [11, 14, 1, 10, 0]  |0.29035169580798503 |0.22680552503146068 |247       
 [19, 15, 0, 0, 0]   |0.20906944199783786 |0.14397885595399693 |373       
 [5, 0, 0, 0, 0]     |1.8545316436654213  |1.815992555871352   |21        
 [6, 4, 16, 7, 0]    |0.6854337708748593  |0.5322173082016592  |253       
 [14, 15, 14, 13, 3] |3.162643100339759   |1.521060976396638   |732       
 [7, 1, 0, 0, 0]     |0.6447048224510076  |0.6250255772105682  |31        
 [15, 2, 19, 0, 0]   |0.2500036900314205  |0.21432116861355777 |154       
 [12, 0, 0, 0, 0]    |0.4706036309786807  |0.4480998969854985  |49        
 [14, 13, 3, 20, 20] |0.4172942695068119  |0.18750240184954847 |800       
 [18, 19, 17, 19, 11]|0.6834126800766752  |0.18092795148190513 |1329      
 [4, 8, 1, 18, 13]   |3.229501299105549   |2.2576574039032855  |358       
 [9, 16, 8, 7, 12]   |0.49807037272110277 |0.30360920899701355 |495       
Gen 1 Train time: 8.812728083133697 minutes:
 Average MSE:        0.37860005205135616
 Average Error:      0.5139728344662582
 Structure           |Error               |MSE                 |weights&biases
 [20, 2, 0, 0, 0]    |0.16447438558655306 |0.14808032268088275 |105       
 [19, 15, 0, 0, 0]   |0.254962590849571   |0.17558387199391806 |373       
 [15, 2, 19, 0, 0]   |0.18989877553341938 |0.16279490708913552 |154       
 [20, 7, 10, 0, 0]   |0.22812531774934391 |0.16933772899572472 |298       
 [12, 7, 1, 5, 0]    |0.2560650651007911  |0.22017695693393483 |151       
 [16, 1, 0, 0, 0]    |0.20431456351505922 |0.1910739993625014  |67        
 [3, 8, 1, 5, 0]     |2.620629330752903   |2.4532520003856817  |66        
 [13, 19, 2, 15, 10] |0.5724225142538671  |0.32664611899642576 |561       
 [15, 15, 1, 5, 0]   |0.2999822712090795  |0.2184863141140319  |317       
 [17, 14, 2, 10, 10] |0.33379465353967486 |0.2057220517042404  |484       
 [16, 13, 10, 5, 0]  |0.2660468861007464  |0.16627990728251585 |470       
 [13, 7, 2, 10, 10]  |0.408662111665931   |0.30153577979935214 |304       
 [18, 7, 19, 0, 0]   |0.22947137861910835 |0.16025692519687115 |359       
 [10, 15, 5, 9, 6]   |1.2636769687689784  |0.850463061483382   |396       
 [7, 18, 10, 6, 14]  |2.1355241424681304  |1.251962245078944   |534       
 [18, 16, 13, 2, 10] |0.3947031110774289  |0.20646561077789008 |648       
 [13, 8, 10, 5, 0]   |0.22399234206156288 |0.16560606472987    |302       
 [17, 8, 2, 10, 10]  |0.28511160458433366 |0.1981215435446759  |364       
 [18, 2, 10, 0, 0]   |0.21217778963591838 |0.18575424814704475 |133       
 [11, 7, 0, 0, 0]    |0.26188591647016274 |0.23111351011544667 |125       
 [16, 8, 1, 5, 0]    |0.26485543793160443 |0.21490244047195312 |209       
 [20, 2, 6, 0, 0]    |0.14817835803199153 |0.13050566946893233 |127       
 [20, 17, 0, 0, 0]   |0.2218186388185313  |0.14357536740657947 |435       
 [13, 11, 10, 5, 0]  |1.2359237805879721  |0.8502870258249102  |374       
 [16, 6, 10, 0, 0]   |0.17262292674378996 |0.13701762969905668 |231       
Gen 2 Train time: 8.5821817557017 minutes:
 Average MSE:        0.5400665552647307
 Average Error:      0.8660112665146422
 Structure           |Error               |MSE                 |weights&biases
 [20, 2, 6, 0, 0]    |0.21133941464561457 |0.1861337388253655  |127       
 [20, 2, 0, 0, 0]    |0.17625500547833037 |0.15868670366071744 |105       
 [16, 6, 10, 0, 0]   |0.2029939417295841  |0.16112430291682928 |231       
 [17, 7, 15, 0, 0]   |0.25457288006379475 |0.18615639628905842 |313       
 [18, 10, 10, 0, 0]  |0.22404563273504852 |0.15553172788850833 |365       
 [6, 2, 20, 0, 0]    |0.3700622685995354  |0.33052135948370526 |113       
 [17, 5, 5, 3, 0]    |0.27182078336721016 |0.22411133608263628 |193       
 [13, 8, 6, 5, 0]    |0.21918274449782227 |0.17138385924300958 |246       
 [20, 5, 8, 0, 0]    |0.16986541988060846 |0.1360478246515374  |222       
 [20, 3, 5, 0, 0]    |0.2115701976050727  |0.1822823478896002  |149       
 [17, 5, 4, 5, 5]    |0.5884921411612811  |0.46945083369234525 |226       
 [12, 17, 18, 20, 2] |9.606942560361412   |3.513054969008497   |1006      
 [20, 5, 5, 0, 0]    |0.16024949530872387 |0.13107005436323713 |201       
 [19, 5, 10, 0, 0]   |0.1940399361358321  |0.15447990053465804 |228       
 [5, 4, 1, 3, 0]     |1.8757072409211992  |1.7771052624466477  |54        
 [18, 10, 10, 3, 0]  |0.2869897968073137  |0.19411420354621473 |391       
 [20, 16, 0, 0, 0]   |0.21031220753331    |0.1391556553430541  |413       
 [16, 11, 1, 3, 0]   |0.2992317320571948  |0.23141631012301417 |257       
 [20, 2, 3, 0, 0]    |0.19025812396435265 |0.16958965030505294 |115       
 [19, 8, 1, 5, 5]    |2.165163241588275   |1.6495388415591126  |272       
 [1, 10, 10, 0, 0]   |2.7556877615863695  |2.3861162702343326  |144       
 [16, 8, 15, 3, 0]   |0.27936529847126046 |0.1927743316918561  |371       
 [19, 5, 15, 0, 0]   |0.24113932478164712 |0.18537390204897553 |263       
 [18, 4, 8, 0, 0]    |0.2578800238763319  |0.21561500929964947 |179       
 [16, 2, 10, 0, 0]   |0.22711448970893475 |0.2008290904906545  |123       
Increasing Epochs
Gen 3 Train time: 10.09824651479721 minutes:
 Average MSE:        0.5014110454593023
 Average Error:      0.7423536535128713
 Structure           |Error               |MSE                 |weights&biases
 [20, 5, 5, 0, 0]    |0.21038661135104653 |0.17207782485651124 |201       
 [20, 5, 8, 0, 0]    |0.24559012924552892 |0.19669690784167881 |222       
 [20, 2, 0, 0, 0]    |0.15649203561603003 |0.14089361725455513 |105       
 [18, 6, 9, 0, 0]    |0.2070374799663405  |0.16269866998009352 |241       
 [20, 5, 10, 0, 0]   |0.16822660985506074 |0.13286212530476055 |236       
 [20, 10, 3, 2, 0]   |0.19488589179246624 |0.14236785227421528 |314       
 [2, 7, 4, 6, 9]     |2.035951595075685   |1.731457126901774   |162       
 [20, 10, 6, 18, 2]  |4.583127913813324   |2.771480670955672   |503       
 [18, 6, 13, 0, 0]   |0.23820444839312097 |0.18129568765313306 |273       
 [19, 5, 7, 2, 0]    |0.24184153100487218 |0.19447092793260984 |218       
 [20, 7, 8, 2, 0]    |0.24481916206225904 |0.18282324723145724 |292       
 [14, 5, 8, 0, 0]    |0.18603142967322767 |0.15632163322137588 |174       
 [19, 5, 10, 0, 0]   |0.1839664336151618  |0.14646014079643882 |228       
 [17, 5, 3, 3, 0]    |0.17938516423218837 |0.15058613553654782 |175       
 [20, 11, 8, 0, 0]   |0.2505842176212572  |0.16864485635533732 |396       
 [20, 15, 3, 0, 0]   |0.247993170445671   |0.1618065049172417  |427       
 [2, 2, 19, 19, 5]   |6.04715976772969    |3.471506681676698   |555       
 [8, 19, 1, 1, 16]   |0.3409178058257364  |0.26129274564663924 |266       
 [18, 6, 12, 0, 0]   |0.20269650795362207 |0.1555099669413472  |265       
 [20, 4, 11, 19, 0]  |0.2566772033919638  |0.1641563418223425  |447       
 [18, 13, 5, 0, 0]   |0.27384525925791897 |0.18783486508522956 |377       
 [6, 8, 5, 3, 0]     |1.1286775705046679  |0.980244406336195   |141       
 [18, 4, 10, 0, 0]   |0.20662047555277566 |0.17069590823344505 |191       
 [18, 7, 9, 2, 0]    |0.26960974765083373 |0.20335953774663068 |282       
 [20, 11, 8, 17, 0]  |0.2581131761913351  |0.14773175398062727 |558       
Increasing Epochs
Gen 4 Train time: 11.6838108142217 minutes:
 Average MSE:        0.340568194656602
 Average Error:      0.5167463456658963
 Structure           |Error               |MSE                 |weights&biases
 [20, 2, 0, 0, 0]    |0.283842535600598   |0.25555039535428353 |105       
 [20, 5, 10, 0, 0]   |0.21772156838541976 |0.1719522870091436  |236       
 [17, 5, 3, 3, 0]    |0.19278410653309058 |0.1618339717219217  |175       
 [12, 15, 12, 2, 8]  |0.31950742573120017 |0.1973108719722994  |482       
 [19, 6, 10, 1, 0]   |1.0944139787837106  |0.8438496338667706  |260       
 [19, 6, 11, 0, 0]   |0.19256432386156067 |0.14758883236827822 |266       
 [19, 9, 5, 0, 0]    |0.17697267149737347 |0.13202553123537672 |293       
 [19, 7, 10, 1, 19]  |0.23268671500420707 |0.16462875644926828 |346       
 [17, 5, 19, 0, 0]   |0.16183792234139924 |0.12292757429117418 |275       
 [8, 16, 14, 12, 1]  |5.278651838640357   |2.894090014393086   |601       
 [17, 17, 6, 11, 3]  |0.3632904681007459  |0.2029993347394384  |582       
 [18, 5, 11, 0, 0]   |0.19893957826558156 |0.1585390843398777  |227       
 [20, 8, 10, 17, 0]  |0.3187634846326566  |0.18894375918135026 |523       
 [7, 18, 3, 10, 20]  |0.505882805171724   |0.30591431063413566 |503       
 [20, 2, 2, 0, 0]    |0.17485708780029194 |0.156486383397367   |111       
 [19, 5, 10, 0, 0]   |0.20584651294247455 |0.1638794027560367  |228       
 [20, 6, 9, 3, 6]    |0.2013828594122429  |0.14770364527165353 |310       
 [19, 8, 3, 19, 9]   |0.2812839537476603  |0.1689097706163039  |510       
 [19, 8, 9, 14, 0]   |0.2469152503621641  |0.15696850212413377 |453       
 [19, 5, 13, 5, 0]   |0.22287540980678244 |0.16330390535549338 |311       
 [19, 4, 6, 0, 0]    |0.18825296933285746 |0.15818838610538796 |174       
 [17, 5, 8, 1, 0]    |0.18669112913987548 |0.152849768753669   |200       
 [18, 7, 11, 1, 0]   |1.1192719394676656  |0.8383483438259992  |289       
 [8, 9, 2, 2, 12]    |0.3513848221136783  |0.29350127465360426 |180       
 [20, 4, 4, 1, 9]    |0.20203728497208567 |0.165911125998997   |197       
Result:  [17, 5, 19]
Fold 0
Fold 0 Train time: 19.652635180950163 minutes, MSE: 0.008957486268782885
Fold 1
Fold 1 Train time: 19.627600133419037 minutes, MSE: 0.00734797505342531
Fold 2
Fold 2 Train time: 19.623223634560905 minutes, MSE: 0.007226233176217589
Fold 3
Fold 3 Train time: 19.570117155710857 minutes, MSE: 0.006483236835063481
Fold 4
Fold 4 Train time: 19.7345978418986 minutes, MSE: 0.017199640066110296
Total Time: 146.12930334011713 minutes
CellsPerSensor: 8
 Resulting Network Architecture: [17, 5, 19]
 MSE after 5-Fold CV: 0.009442914279919912
 Weights and Biases: 275
 Objective Function Value: 0.012431886309660063
~/workspace/SolarCellResearch
