/tmp/tmp.M43mEe792i ~/workspace/SolarCellResearch
Using TensorFlow backend.
Genetically searching for best layer structure...
  Training on:     datasets/N2dataset10k2.mat
  Evaluating with: datasets/N2dataset100k2.mat
Gen 0 Train time: 7.972548683484395 minutes:
 Average MSE:        1.0096588359044616
 Average Error:      1.1900807249503775
 Structure           |Error               |MSE                 |weights&biases
 [6, 18, 17, 15, 17] |1.3184559093042132  |0.47211215089604996 |1027      
 [15, 12, 3, 0, 0]   |0.5552180038037348  |0.41962474023836593 |280       
 [17, 2, 9, 1, 0]    |2.1196705306706685  |1.8687330101285433  |126       
 [2, 0, 0, 0, 0]     |3.3976138041389574  |3.36717247137785    |9         
 [17, 1, 19, 0, 0]   |0.5260711133417652  |0.46332854370076804 |127       
 [13, 10, 0, 0, 0]   |0.4701616115177906  |0.3888044390741677  |190       
 [6, 7, 2, 9, 0]     |0.5990383682182553  |0.5312993711504683  |120       
 [2, 0, 0, 0, 0]     |4.0035400248429305  |3.967669822652738   |9         
 [11, 0, 0, 0, 0]    |0.5387017284944242  |0.5149974958998078  |45        
 [4, 11, 20, 0, 0]   |0.7543216952111998  |0.5433854541915618  |328       
 [1, 11, 7, 12, 0]   |2.7422628053097737  |2.205123289485501   |218       
 [1, 10, 2, 1, 0]    |4.168839253857228   |3.965522564282596   |50        
 [8, 12, 19, 17, 0]  |1.1081618570645169  |0.5303079826015927  |737       
 [15, 2, 12, 6, 13]  |0.708049881477686   |0.5266386002542811  |296       
 [7, 0, 0, 0, 0]     |0.7689566262963314  |0.7469771272449506  |29        
 [9, 16, 17, 0, 0]   |0.5918083783454584  |0.3611100997384571  |494       
 [14, 11, 0, 0, 0]   |0.45578441086978705 |0.3661415160475558  |219       
 [20, 4, 0, 0, 0]    |0.4516429989816403  |0.389121658882923   |149       
 [8, 7, 0, 0, 0]     |0.5431822234235635  |0.4939552124656645  |95        
 [12, 17, 2, 0, 0]   |0.6487981582749182  |0.4825679134475308  |296       
 [6, 8, 0, 0, 0]     |0.9454740799215257  |0.870168154122668   |83        
 [19, 0, 0, 0, 0]    |0.41464656020147195 |0.3839170429233777  |77        
 [16, 0, 0, 0, 0]    |0.3776727557432949  |0.35390485121112303 |65        
 [19, 16, 14, 2, 0]  |1.0461058186136494  |0.547208447860453   |648       
 [8, 0, 0, 0, 0]     |0.4978395258346514  |0.4816789377325453  |33        
Gen 1 Train time: 8.119852391878764 minutes:
 Average MSE:        0.5230759519714232
 Average Error:      0.6812249142686944
 Structure           |Error               |MSE                 |weights&biases
 [16, 0, 0, 0, 0]    |0.47647819895048443 |0.4464922172451642  |65        
 [19, 0, 0, 0, 0]    |0.4479170432422121  |0.414721845595386   |77        
 [20, 4, 0, 0, 0]    |0.48306810668039835 |0.4161965611085464  |149       
 [10, 4, 4, 0, 0]    |0.45057394839374176 |0.40810406818301026 |99        
 [12, 0, 0, 0, 0]    |0.40174685496628804 |0.38253577421462154 |49        
 [15, 0, 0, 0, 0]    |0.4507916566071478  |0.42411526683313133 |61        
 [15, 10, 9, 0, 0]   |0.6539087978903229  |0.47769281953973647 |314       
 [11, 10, 3, 5, 9]   |0.6490326644455732  |0.49545822719256216 |270       
 [20, 2, 0, 0, 0]    |0.5945823203217134  |0.5353170436818807  |105       
 [17, 6, 0, 0, 0]    |0.3804161568336918  |0.32223007307078266 |166       
 [7, 8, 7, 0, 0]     |0.5712347238678531  |0.4887251178641927  |156       
 [10, 3, 16, 20, 14] |1.2411161699494324  |0.571215411040686   |776       
 [13, 4, 0, 0, 0]    |0.41070679006199023 |0.3716228714895281  |100       
 [11, 4, 0, 0, 0]    |0.39881307193454046 |0.3659485741423214  |86        
 [15, 6, 20, 0, 0]   |0.500070198343928   |0.3697209327525241  |302       
 [16, 4, 0, 0, 0]    |0.4360128599876628  |0.38632220076828294 |121       
 [10, 15, 11, 9, 0]  |0.6711289641221424  |0.41156267428439436 |489       
 [4, 14, 12, 5, 14]  |2.823650709949686   |1.8441724231087875  |426       
 [17, 1, 6, 3, 7]    |0.6177164918747032  |0.5380920279418581  |138       
 [10, 9, 1, 5, 0]    |0.7758154018347757  |0.6644200850568505  |155       
 [11, 5, 0, 0, 0]    |0.4508709926370361  |0.4083731138403345  |99        
 [12, 6, 10, 9, 0]   |0.5939987354873756  |0.4431362082197346  |293       
 [12, 14, 3, 18, 16] |1.1054449678556422  |0.5736406865768571  |656       
 [11, 5, 18, 0, 0]   |0.5158518972332873  |0.4139808444943217  |220       
 [7, 0, 0, 0, 0]     |0.9296751332457305  |0.9031017310400873  |29        
Increasing Epochs
Gen 2 Train time: 9.577587703863779 minutes:
 Average MSE:        0.4375384661489883
 Average Error:      0.556064063827534
 Structure           |Error               |MSE                 |weights&biases
 [17, 6, 0, 0, 0]    |0.5357712767519968  |0.45382304235962545 |166       
 [11, 4, 0, 0, 0]    |0.4969870441104206  |0.45603244466687665 |86        
 [12, 0, 0, 0, 0]    |0.4377663203525225  |0.4168328294572225  |49        
 [11, 8, 6, 5, 0]    |0.6579744924157623  |0.5259289698169198  |224       
 [11, 5, 9, 0, 0]    |0.478900180320988   |0.4093179278888697  |157       
 [16, 6, 10, 0, 0]   |0.5044223819834015  |0.4003799521317304  |231       
 [13, 19, 0, 0, 0]   |0.5064729719174083  |0.3659405760907205  |325       
 [13, 7, 5, 0, 0]    |0.4457883971968494  |0.37123838138261406 |183       
 [14, 6, 13, 0, 0]   |0.5270522633509149  |0.4158396441138348  |237       
 [15, 6, 1, 3, 0]    |0.6666085471566039  |0.5691835626479926  |158       
 [15, 2, 0, 0, 0]    |0.41281666163436664 |0.3810778084154446  |80        
 [13, 10, 6, 5, 0]   |0.5817198909427588  |0.43702440701799417 |286       
 [13, 4, 0, 0, 0]    |0.5281305093901185  |0.4778722465025709  |100       
 [13, 4, 2, 0, 0]    |0.512376342895075   |0.4599231451407225  |108       
 [16, 6, 2, 3, 5]    |0.48524224937272253 |0.39768023371404365 |199       
 [14, 6, 9, 0, 0]    |0.5041708539269452  |0.41072143316443716 |205       
 [10, 3, 10, 0, 0]   |0.5116646632249583  |0.45653686650636216 |114       
 [20, 6, 0, 0, 0]    |0.4675911712807106  |0.3855204919875381  |193       
 [14, 8, 1, 3, 0]    |0.5777452761661896  |0.4820910867525324  |181       
 [14, 13, 12, 2, 4]  |0.6268804606977513  |0.40051686266787884 |448       
 [13, 6, 19, 20, 0]  |0.8074829458396211  |0.4103136778748769  |677       
 [14, 8, 2, 3, 5]    |0.5902864948231107  |0.47609051965185795 |215       
 [15, 4, 5, 0, 0]    |0.48361429707516657 |0.42043407191890064 |140       
 [18, 5, 10, 0, 0]   |0.49771299821924064 |0.3994240370612062  |220       
 [18, 20, 6, 7, 3]   |1.0564229046427445  |0.5587174347919343  |637       
Increasing Epochs
Gen 3 Train time: 10.94429781039556 minutes:
 Average MSE:        0.5185613680298505
 Average Error:      0.6268531707645018
 Structure           |Error               |MSE                 |weights&biases
 [15, 2, 0, 0, 0]    |0.46539543716558407 |0.42961413558130507 |80        
 [12, 0, 0, 0, 0]    |0.4851026218067047  |0.4619055624516147  |49        
 [13, 7, 5, 0, 0]    |0.4958610716929424  |0.41293731017554913 |183       
 [14, 6, 5, 0, 0]    |0.48462741551403943 |0.4076383483737933  |173       
 [13, 5, 7, 0, 0]    |0.4626135860615276  |0.39460770452013605 |159       
 [16, 5, 8, 0, 0]    |0.5012752501383247  |0.4145341467216313  |190       
 [14, 6, 1, 2, 0]    |0.548198023400778   |0.47372954479237733 |146       
 [15, 6, 8, 2, 3]    |0.5793679804577739  |0.4612489046143069  |228       
 [16, 6, 5, 0, 0]    |0.4384267106031233  |0.3621985931451728  |191       
 [15, 3, 3, 0, 0]    |0.4713354210430631  |0.42266080889365254 |109       
 [12, 6, 6, 2, 2]    |2.144190558822877   |1.7927703756632336  |179       
 [13, 8, 4, 4, 0]    |0.5288565969452368  |0.42782631700385176 |212       
 [13, 3, 10, 10, 0]  |0.49330394955779283 |0.3872713130110613  |242       
 [13, 5, 10, 15, 0]  |0.6197093304142454  |0.4367017842304775  |350       
 [14, 5, 5, 0, 0]    |0.47408797315768136 |0.40682898051992866 |153       
 [11, 7, 8, 3, 0]    |0.6882012466622803  |0.5567305133710397  |212       
 [15, 5, 1, 0, 0]    |0.48769877779854853 |0.4269632554267414  |133       
 [15, 5, 2, 2, 3]    |0.5599675374940227  |0.479085373012439   |156       
 [11, 4, 10, 0, 0]   |0.44494213967759083 |0.38604125829060243 |142       
 [14, 7, 3, 2, 0]    |0.4922099066670108  |0.4103068379635242  |182       
 [15, 10, 3, 4, 2]   |1.5809846097883786  |1.2105173421161537  |267       
 [14, 8, 4, 2, 3]    |0.5718348221044754  |0.45844951525193445 |221       
 [12, 6, 6, 2, 0]    |0.5774723990357747  |0.4857337563635541  |173       
 [16, 8, 8, 3, 0]    |0.6284976359441147  |0.4716948473224276  |287       
 [16, 4, 5, 0, 0]    |0.44716826715864805 |0.3860376719297526  |147       
Result:  [16, 6, 5]
Fold 0
Fold 0 Train time: 19.186968557039897 minutes, MSE: 0.1736235477367217
Fold 1
Fold 1 Train time: 19.196591460704802 minutes, MSE: 0.12236990392849063
Fold 2
Fold 2 Train time: 19.232027252515156 minutes, MSE: 0.04607204160705706
Fold 3
Fold 3 Train time: 19.19709894657135 minutes, MSE: 0.05208739707852529
Fold 4
Fold 4 Train time: 19.178024351596832 minutes, MSE: 0.041997195869895504
Total Time: 132.61100029945374 minutes
CellsPerSensor: 2
 Resulting Network Architecture: [16, 6, 5]
 MSE after 5-Fold CV: 0.08723001724413804
 Weights and Biases: 191
 Objective Function Value: 0.10558839887838163
~/workspace/SolarCellResearch
