/tmp/tmp.HUDLYI2TLX ~/workspace/SolarCellResearch
Using TensorFlow backend.
Genetically searching for best layer structure...
  Training on:     datasets/N2dataset10k1.mat
  Evaluating with: datasets/N2dataset100k1.mat
Gen 0 Train time: 8.891928990681967 minutes:
 Average MSE:        1.11636856069855
 Average Error:      1.442276695739739
 Structure           |Error               |MSE                 |weights&biases
 [10, 13, 13, 19, 10]|1.2869688991731905  |0.5600606278783485  |832       
 [12, 0, 0, 0, 0]    |0.5829507706923677  |0.5550747233964728  |49        
 [20, 0, 0, 0, 0]    |0.48755179352138184 |0.4496171882379224  |81        
 [1, 4, 12, 4, 12]   |4.120889623357482   |3.387421688158234   |196       
 [9, 4, 7, 0, 0]     |0.5919886444722322  |0.530323635426146   |110       
 [10, 10, 13, 0, 0]  |0.5803420766527496  |0.4312197051785195  |297       
 [19, 11, 0, 0, 0]   |0.5822675117578163  |0.4361254731160467  |289       
 [6, 15, 15, 8, 17]  |1.2867705840568162  |0.6637402846191913  |662       
 [19, 20, 3, 10, 0]  |0.910423753288593   |0.514353182036636   |571       
 [20, 2, 14, 0, 0]   |0.6567261787706353  |0.5601850393310629  |159       
 [4, 14, 7, 0, 0]    |1.6650366686276092  |1.370049877880931   |195       
 [7, 12, 6, 16, 0]   |0.7932899748719789  |0.5737471666036579  |324       
 [16, 10, 18, 0, 0]  |0.5779377396766991  |0.3740786786636705  |435       
 [7, 2, 14, 15, 9]   |3.181256257286716   |2.0122956167155945  |458       
 [8, 1, 2, 2, 0]     |2.036851568002504   |1.9452787181963451  |46        
 [19, 0, 0, 0, 0]    |0.39734100617925205 |0.36789400604316524 |77        
 [3, 3, 15, 9, 6]    |1.8896493217472707  |1.4111306575042566  |292       
 [2, 0, 0, 0, 0]     |3.3227006969305575  |3.292930557234984   |9         
 [19, 2, 7, 0, 0]    |0.5452390000217638  |0.4806907974645303  |126       
 [5, 6, 0, 0, 0]     |1.013314123805185   |0.9562138196657284  |58        
 [3, 3, 5, 0, 0]     |0.959195864673623   |0.9151566863059027  |47        
 [14, 0, 0, 0, 0]    |0.4779348449576143  |0.45145442009057124 |57        
 [5, 4, 7, 19, 0]    |1.606686727202502   |1.2563040604924136  |246       
 [14, 15, 15, 0, 0]  |0.7595243119413475  |0.45020018165883957 |523       
 [7, 5, 16, 11, 2]   |5.744079451825598   |3.9636672255645835  |371       
Gen 1 Train time: 8.822575092315674 minutes:
 Average MSE:        0.632382388321047
 Average Error:      0.8526059059773119
 Structure           |Error               |MSE                 |weights&biases
 [19, 0, 0, 0, 0]    |0.4356260912043191  |0.40334177781233677 |77        
 [14, 0, 0, 0, 0]    |0.62497838091966    |0.5903508720990027  |57        
 [20, 0, 0, 0, 0]    |0.5268334517472295  |0.48584248564328236 |81        
 [19, 15, 0, 0, 0]   |0.7130337723629393  |0.4910415688699278  |373       
 [14, 15, 9, 0, 0]   |0.6819469511327897  |0.44762322840972696 |421       
 [9, 4, 7, 0, 0]     |0.6619515237139826  |0.5929987708545349  |110       
 [17, 6, 0, 0, 0]    |0.4883638177228517  |0.4136667327164999  |166       
 [4, 11, 5, 11, 13]  |1.5210057086619648  |1.0579909362199398  |363       
 [20, 1, 0, 0, 0]    |0.7003295585003385  |0.64454911259795    |83        
 [13, 6, 3, 8, 0]    |0.5836022702756303  |0.4850343468919024  |185       
 [2, 15, 8, 19, 20]  |2.49675346465592    |1.1548740308266576  |771       
 [6, 4, 6, 0, 0]     |0.8004378185763408  |0.7366838646051093  |83        
 [20, 6, 3, 8, 0]    |0.5357882863671628  |0.4181077167585143  |248       
 [18, 11, 9, 0, 0]   |0.6666607132084001  |0.455447859142212   |381       
 [18, 15, 15, 5, 0]  |1.1425402214809635  |0.5875781902477316  |665       
 [18, 5, 9, 0, 0]    |0.6447730035963746  |0.5210772599679191  |213       
 [14, 8, 8, 0, 0]    |0.6642733908808502  |0.5209706978242892  |243       
 [13, 0, 0, 0, 0]    |0.5299835836203102  |0.5026258376492428  |53        
 [15, 5, 7, 0, 0]    |0.5102557522125186  |0.4283377735826718  |175       
 [20, 1, 4, 0, 0]    |0.5815866215136597  |0.5294082763137297  |94        
 [14, 1, 1, 1, 0]    |2.296314435671606   |2.1561094529119997  |63        
 [19, 7, 4, 0, 0]    |0.6041209880118186  |0.478078282093667   |234       
 [7, 15, 17, 7, 9]   |1.1926753896750881  |0.6409518193296831  |621       
 [15, 13, 17, 0, 0]  |0.7797268093253615  |0.46869095837226304 |509       
 [10, 3, 15, 11, 11] |0.93158564439472    |0.5981778562853777  |443       
Increasing Epochs
Gen 2 Train time: 10.213744803269703 minutes:
 Average MSE:        0.47710700383011284
 Average Error:      0.6176343968337519
 Structure           |Error               |MSE                 |weights&biases
 [19, 0, 0, 0, 0]    |0.4125663524550788  |0.38199099967759864 |77        
 [17, 6, 0, 0, 0]    |0.5598714540185422  |0.47423700675654973 |166       
 [15, 5, 7, 0, 0]    |0.5942780211814219  |0.49887085716957635 |175       
 [20, 18, 0, 0, 0]   |0.7272026281880636  |0.4604504074106508  |457       
 [18, 6, 5, 4, 0]    |0.5376849958073805  |0.4263552329856329  |232       
 [17, 8, 5, 0, 0]    |0.7289110976833852  |0.5699517872734644  |246       
 [19, 6, 5, 0, 0]    |0.6332758933135478  |0.5092332574075418  |218       
 [12, 9, 12, 14, 6]  |1.0666431754930816  |0.6141700086677179  |552       
 [20, 1, 2, 0, 0]    |0.5729042456917509  |0.5246432943131933  |88        
 [20, 3, 6, 4, 0]    |0.4804406524577456  |0.4012977653489506  |180       
 [19, 4, 2, 0, 0]    |0.617631514046273   |0.5316003706311123  |150       
 [19, 8, 10, 3, 0]   |0.6869803249896629  |0.48702022538602624 |344       
 [17, 7, 6, 4, 0]    |0.7726009959645502  |0.5969078458032755  |258       
 [18, 9, 5, 0, 0]    |0.6987623054934404  |0.5275853404130249  |281       
 [17, 4, 4, 0, 0]    |0.4884984694928229  |0.42129627969217803 |148       
 [7, 16, 8, 7, 9]    |0.8442660616719972  |0.5492027514838707  |430       
 [13, 2, 3, 0, 0]    |0.5455222530621799  |0.5035805091193652  |80        
 [20, 8, 0, 0, 0]    |0.5520554391470819  |0.43556693198978336 |237       
 [19, 6, 6, 4, 0]    |0.4950051880020643  |0.38474017769143387 |252       
 [18, 7, 9, 0, 0]    |0.5019175355073153  |0.3835368996494804  |269       
 [15, 7, 8, 0, 0]    |0.5842569123876296  |0.4642117493868181  |230       
 [19, 6, 7, 1, 0]    |0.6093669355368566  |0.4812662290206654  |236       
 [19, 11, 7, 0, 0]   |0.6275909422735562  |0.43393232485638944 |369       
 [17, 8, 8, 0, 0]    |0.5531355930151155  |0.4197264404441571  |276       
 [17, 6, 6, 0, 0]    |0.5494909339632496  |0.4463004031743667  |208       
Increasing Epochs
Gen 3 Train time: 11.890465442339579 minutes:
 Average MSE:        0.615828394836527
 Average Error:      0.7985404036749819
 Structure           |Error               |MSE                 |weights&biases
 [19, 0, 0, 0, 0]    |0.46028990001998277 |0.4261777481460502  |77        
 [20, 3, 6, 4, 0]    |0.4584606194020912  |0.38293849849172745 |180       
 [17, 4, 4, 0, 0]    |0.4987569904073677  |0.4301435473221652  |148       
 [19, 7, 13, 9, 0]   |0.8545217547133184  |0.5519966410636808  |437       
 [18, 7, 6, 2, 0]    |0.6017371956650682  |0.46769706903103814 |252       
 [14, 12, 4, 4, 5]   |0.7514837927636203  |0.542967596090406   |325       
 [20, 14, 1, 0, 0]   |2.6425888190680795  |1.823502404628923   |371       
 [20, 2, 3, 2, 0]    |0.828792444967844   |0.7336042804905905  |122       
 [19, 6, 5, 2, 0]    |0.5374922523353192  |0.4283387462059517  |227       
 [17, 2, 3, 13, 0]   |0.5886491313453702  |0.5006114763129185  |162       
 [18, 3, 8, 5, 0]    |0.5274859426157616  |0.434467966026033   |194       
 [20, 3, 4, 7, 0]    |0.4121167341610989  |0.3435410620044473  |182       
 [18, 2, 2, 0, 0]    |0.6286017685376672  |0.5682139031116715  |101       
 [9, 6, 13, 9, 4]    |1.765636571593857   |1.2454679081557012  |349       
 [19, 9, 6, 0, 0]    |0.6141592924753767  |0.4531641076845635  |304       
 [13, 14, 8, 4, 5]   |0.7937256068209859  |0.5204728983307358  |422       
 [15, 8, 9, 9, 3]    |0.8250056811077979  |0.5653190559176837  |378       
 [19, 4, 4, 0, 0]    |0.46218018332842264 |0.39305707182444943 |162       
 [17, 8, 8, 0, 0]    |0.7872035887348503  |0.5973402622736588  |276       
 [17, 3, 5, 2, 0]    |0.6860738613345451  |0.596443961443045   |140       
 [17, 5, 5, 0, 0]    |0.5449942379873279  |0.4565851552672968  |177       
 [12, 11, 4, 4, 5]   |0.8328997258562578  |0.6307523150311055  |278       
 [18, 7, 5, 0, 0]    |0.5561645231383288  |0.4405677144714731  |233       
 [13, 11, 8, 4, 5]   |0.8723607041534328  |0.611064788228625   |356       
 [10, 5, 7, 0, 0]    |1.4321287693407714  |1.2512736933592348  |135       
Result:  [20, 3, 4, 7]
Fold 0
Fold 0 Train time: 21.60622483889262 minutes, MSE: 0.08205641161073626
Fold 1
Fold 1 Train time: 21.595690870285033 minutes, MSE: 0.0442440430477823
Fold 2
Fold 2 Train time: 21.607729681332906 minutes, MSE: 0.06875808468737771
Fold 3
Fold 3 Train time: 21.54249596595764 minutes, MSE: 0.050414438900134514
Fold 4
Fold 4 Train time: 21.486570552984873 minutes, MSE: 0.10106847136625301
Total Time: 147.6631579677264 minutes
CellsPerSensor: 2
 Resulting Network Architecture: [20, 3, 4, 7]
 MSE after 5-Fold CV: 0.06930828992245677
 Weights and Biases: 182
 Objective Function Value: 0.08314320834452019
~/workspace/SolarCellResearch
