/tmp/tmp.o049hNzo3o ~/workspace/SolarCellResearch
Using TensorFlow backend.
Genetically searching for best layer structure...
  Training on:     datasets/N1dataset10k37.mat
  Evaluating with: datasets/N1dataset100k37.mat
Gen 0 Train time: 8.625524099667867 minutes:
 Average MSE:        1.7807683185574594
 Average Error:      2.4503636159546747
 Structure           |Error               |MSE                 |weights&biases
 [17, 20, 13, 0, 0]  |1.1640002937151208  |0.5791826471687138  |698       
 [10, 9, 14, 12, 0]  |1.9235259224161616  |1.2118643025795552  |462       
 [18, 3, 18, 17, 16] |1.8471220075097485  |0.8208858279309302  |811       
 [5, 20, 9, 0, 0]    |2.1231645933689376  |1.5203000373727211  |334       
 [13, 16, 6, 3, 15]  |2.0510096216546843  |1.2921818810782602  |462       
 [11, 0, 0, 0, 0]    |0.763566180789204   |0.7299673460473965  |45        
 [6, 20, 4, 0, 0]    |1.4332757133856209  |1.1195899847757222  |247       
 [17, 0, 0, 0, 0]    |0.7077686794810337  |0.6605793918833662  |69        
 [15, 6, 1, 0, 0]    |1.2264969511365509  |1.0556557089042438  |150       
 [4, 18, 0, 0, 0]    |1.5838090401273244  |1.4033085950630049  |121       
 [3, 4, 18, 15, 1]   |12.970787650778002  |8.539476662191435   |418       
 [12, 13, 9, 0, 0]   |0.9394279121337024  |0.6679885855404174  |341       
 [11, 14, 14, 0, 0]  |1.0478683156845645  |0.6843799213640561  |426       
 [10, 0, 0, 0, 0]    |0.7554431927588895  |0.7250963824307523  |41        
 [14, 12, 15, 9, 0]  |1.253819387313586   |0.7083580467166714  |571       
 [16, 0, 0, 0, 0]    |0.6720917933334407  |0.6297953519357373  |65        
 [12, 13, 14, 0, 0]  |1.134488391401881   |0.7483996089013922  |416       
 [1, 19, 9, 0, 0]    |9.073850125179295   |7.202272953243634   |231       
 [14, 17, 11, 15, 0] |1.5455319419198528  |0.7744270216798929  |691       
 [8, 3, 16, 1, 3]    |8.48706724190963    |7.363559944306074   |142       
 [3, 12, 4, 4, 0]    |2.9078723988070783  |2.543196309130934   |134       
 [20, 18, 5, 13, 0]  |1.3151541253793773  |0.7039512758732087  |625       
 [9, 11, 1, 17, 0]   |1.640955589283449   |1.342157976102722   |201       
 [19, 6, 0, 0, 0]    |0.6268315009371478  |0.5214835685960252  |184       
 [20, 13, 14, 14, 0] |2.0641618284625722  |0.9711486331196255  |754       
Gen 1 Train time: 8.495868066946665 minutes:
 Average MSE:        0.8400980460285453
 Average Error:      1.1905842005652671
 Structure           |Error               |MSE                 |weights&biases
 [19, 6, 0, 0, 0]    |1.0065296293127701  |0.8373680362376813  |184       
 [16, 0, 0, 0, 0]    |0.6964180274259618  |0.652590674410341   |65        
 [17, 0, 0, 0, 0]    |0.6080564291915438  |0.5675152883575498  |69        
 [11, 7, 7, 0, 0]    |0.8152906491000655  |0.6803073452231363  |181       
 [17, 12, 0, 0, 0]   |1.0651942184581054  |0.8050564718032742  |280       
 [8, 16, 7, 0, 0]    |1.023919945348034   |0.762340742347979   |295       
 [18, 3, 5, 0, 0]    |0.8938826405559185  |0.7794390482211113  |137       
 [13, 19, 7, 7, 0]   |1.301547747660822   |0.7823556326685986  |509       
 [14, 19, 16, 15, 8] |2.378282340723852   |0.8414560638247327  |1039      
 [9, 10, 2, 0, 0]    |1.1208302617283394  |0.9627800595246496  |152       
 [10, 6, 2, 2, 0]    |1.653471601717979   |1.467964986343578   |119       
 [11, 0, 0, 0, 0]    |0.654391134217006   |0.6255962764453639  |45        
 [14, 7, 7, 0, 0]    |0.7363935756241714  |0.59631242055843    |211       
 [19, 6, 15, 0, 0]   |0.8639147239437479  |0.6412850570112727  |298       
 [14, 7, 11, 0, 0]   |0.8669698291294735  |0.6772254135969759  |247       
 [14, 7, 7, 1, 0]    |2.0610285934096857  |1.665632906742704   |213       
 [13, 3, 1, 0, 0]    |1.4717596335830179  |1.3491283463829933  |87        
 [16, 16, 10, 7, 0]  |1.209615381290447   |0.6806564644359167  |575       
 [16, 4, 0, 0, 0]    |0.6827817020042398  |0.6049677749643795  |121       
 [13, 6, 8, 5, 0]    |1.1286272300386528  |0.8967322589659699  |230       
 [16, 9, 6, 8, 0]    |1.1687382576426943  |0.843601337116402   |326       
 [16, 7, 7, 7, 11]   |1.3768620607102044  |0.9425248829058214  |379       
 [11, 10, 7, 9, 0]   |1.0845232077495768  |0.7938509550076069  |312       
 [17, 19, 18, 19, 7] |3.241006623860329   |0.9174877670368723  |1262      
 [10, 0, 0, 0, 0]    |0.6545695697050395  |0.6282749405802933  |41        
Gen 2 Train time: 8.651823655764263 minutes:
 Average MSE:        1.128744719201888
 Average Error:      1.510098898110574
 Structure           |Error               |MSE                 |weights&biases
 [17, 0, 0, 0, 0]    |0.5990338623299611  |0.5590942859828453  |69        
 [11, 0, 0, 0, 0]    |0.6559233956320472  |0.6270611144996532  |45        
 [10, 0, 0, 0, 0]    |0.7356520153927617  |0.7061002338787793  |41        
 [2, 14, 11, 12, 12] |9.167694581629707   |5.417778420426812   |526       
 [11, 18, 5, 5, 4]   |1.9163499078427082  |1.2807198299488716  |403       
 [17, 5, 6, 0, 0]    |0.8946972721435786  |0.7443306942822986  |184       
 [15, 7, 7, 4, 6]    |1.4204794631973856  |1.0714302785094763  |282       
 [15, 6, 4, 0, 0]    |0.7950652171046994  |0.6680908353692061  |174       
 [17, 10, 8, 4, 0]   |0.9037668484746206  |0.6305367344685676  |360       
 [3, 7, 4, 0, 0]     |1.7677075992698703  |1.6416200104300658  |74        
 [14, 9, 12, 8, 6]   |1.488762213023624   |0.9379534530662432  |462       
 [12, 7, 5, 1, 10]   |1.4372901352026668  |1.1720560217364713  |204       
 [14, 7, 4, 5, 0]    |0.9731747983246833  |0.7888401600972024  |210       
 [14, 5, 6, 0, 0]    |0.7709561765851307  |0.6569655174421568  |160       
 [13, 7, 9, 0, 0]    |0.8159829359123839  |0.6554968140611768  |219       
 [16, 16, 8, 8, 4]   |1.839020981317581   |1.041053680564468   |569       
 [15, 5, 4, 3, 0]    |1.152590248502804   |0.9743465863919891  |168       
 [18, 8, 11, 4, 0]   |0.9984877223448838  |0.6980158824159     |358       
 [14, 2, 3, 0, 0]    |0.9294434559678862  |0.8537052319630485  |85        
 [2, 6, 4, 0, 0]     |3.497342975878416   |3.3035694335554195  |57        
 [19, 9, 6, 1, 19]   |1.499074302993934   |1.0437790052593687  |362       
 [14, 12, 9, 4, 0]   |1.052445997855091   |0.7168540445484407  |384       
 [11, 4, 4, 0, 0]    |0.8889815298393599  |0.7995718996217628  |106       
 [16, 5, 8, 0, 0]    |0.7652779551480252  |0.6328535950151581  |190       
 [17, 7, 11, 0, 0]   |0.7872708608505503  |0.596794216511821   |277       
Gen 3 Train time: 8.568215755621592 minutes:
 Average MSE:        1.310658828658587
 Average Error:      1.6513793920637931
 Structure           |Error               |MSE                 |weights&biases
 [17, 0, 0, 0, 0]    |0.7143895094447371  |0.6667587891327518  |69        
 [11, 0, 0, 0, 0]    |0.9459814723037362  |0.9043559053831401  |45        
 [10, 0, 0, 0, 0]    |0.7450685075009404  |0.7151384573061328  |41        
 [14, 5, 6, 0, 0]    |0.9183816217819464  |0.7825931949022018  |160       
 [15, 6, 4, 4, 0]    |0.8855533870412478  |0.729393046888334   |194       
 [17, 19, 11, 0, 0]  |0.9901498625356776  |0.5299890298687286  |625       
 [13, 6, 4, 3, 0]    |1.0336334081972312  |0.8720401397546121  |170       
 [14, 13, 8, 3, 2]   |2.443886835758336   |1.6596217871719219  |387       
 [17, 3, 4, 0, 0]    |0.8317083209362198  |0.7332464039306776  |126       
 [15, 7, 10, 3, 0]   |1.141186944942896   |0.8676810381090581  |274       
 [13, 3, 2, 2, 0]    |2.7734460868530015  |2.5145418542658757  |98        
 [15, 4, 6, 0, 0]    |0.7292538288060226  |0.6301903137396192  |146       
 [14, 3, 4, 0, 0]    |0.8915627979023242  |0.8002913713478568  |108       
 [13, 12, 6, 3, 2]   |4.143655220212332   |3.0179515355178035  |317       
 [20, 8, 7, 20, 17]  |2.0070092711872842  |0.8786625907672996  |826       
 [8, 7, 5, 1, 5]     |1.7396597139772154  |1.4988370799967246  |149       
 [5, 3, 3, 0, 0]     |1.3790184248306867  |1.3130753216303361  |49        
 [15, 4, 6, 2, 18]   |1.6516797714349967  |1.3175748518287205  |226       
 [11, 2, 2, 0, 0]    |1.0058921666293863  |0.9416467033309365  |66        
 [13, 3, 4, 0, 0]    |0.6779290749915666  |0.6121899886529307  |102       
 [14, 5, 5, 0, 0]    |1.0418070024059936  |0.8940055531558173  |153       
 [12, 4, 5, 0, 0]    |0.8333671459001878  |0.739869853028909   |119       
 [8, 7, 4, 3, 0]     |1.2750437988244696  |1.1106889850745885  |138       
 [13, 4, 4, 19, 3]   |9.32655892292189    |7.091281900908099   |274       
 [15, 4, 6, 8, 0]    |1.1586617042745107  |0.9448450207716022  |204       
Increasing Epochs
Gen 4 Train time: 9.821556556224824 minutes:
 Average MSE:        1.6916937910311742
 Average Error:      2.062635106311212
 Structure           |Error               |MSE                 |weights&biases
 [13, 3, 4, 0, 0]    |0.8582970344020371  |0.7750675861747981  |102       
 [17, 0, 0, 0, 0]    |0.6088398607143138  |0.5682464858997655  |69        
 [15, 4, 6, 0, 0]    |0.6968510280612222  |0.6021891838712429  |146       
 [14, 4, 5, 0, 0]    |0.7110803473895206  |0.6225260218241037  |133       
 [14, 4, 6, 4, 0]    |0.8915339183502026  |0.7559259963499667  |165       
 [4, 8, 8, 7, 2]     |7.384695614418699   |6.009909549295363   |206       
 [10, 4, 4, 11, 0]   |0.9520276061574247  |0.8104535525969372  |161       
 [14, 3, 3, 0, 0]    |0.9425601500879937  |0.8503089355231657  |103       
 [13, 3, 3, 0, 0]    |0.8377594510971773  |0.760313621538157   |97        
 [14, 5, 4, 2, 0]    |1.0391881524146926  |0.8908669276317059  |154       
 [9, 4, 4, 0, 0]     |1.2188052946267032  |1.1116785855218372  |92        
 [1, 4, 5, 0, 0]     |6.854001160560086   |6.572094588869804   |42        
 [11, 2, 2, 0, 0]    |0.9494595174989753  |0.8888183587262191  |66        
 [14, 4, 4, 5, 2]    |2.572102507875489   |2.1874219549985847  |162       
 [15, 12, 8, 0, 0]   |0.7332047519157651  |0.5166806560002036  |350       
 [16, 7, 9, 4, 0]    |1.0537648836768958  |0.7932390557946721  |284       
 [14, 3, 4, 0, 0]    |1.2971225082099633  |1.1643329593203264  |108       
 [10, 4, 2, 2, 0]    |1.2179233494489605  |1.109763839876798   |93        
 [17, 19, 14, 5, 9]  |2.296665695781561   |1.0196489216845266  |812       
 [10, 3, 4, 0, 0]    |0.817507645882948   |0.7516420817215272  |84        
 [10, 4, 5, 1, 9]    |1.7702783361569054  |1.5498168866217674  |133       
 [16, 12, 9, 1, 9]   |1.9560338342172592  |1.3020225577799276  |407       
 [15, 4, 6, 4, 0]    |1.1417535522238387  |0.9613327118636252  |172       
 [15, 6, 8, 2, 0]    |1.4666747340163668  |1.179390468272095   |218       
 [9, 4, 9, 15, 1]    |11.2977467225953    |8.538653288022235   |280       
Increasing Epochs
Gen 5 Train time: 10.876394148667654 minutes:
 Average MSE:        0.8672768748142636
 Average Error:      1.066553548605756
 Structure           |Error               |MSE                 |weights&biases
 [17, 0, 0, 0, 0]    |0.4958120736152259  |0.46275463660998783 |69        
 [15, 4, 6, 0, 0]    |0.7420120392645334  |0.6412154195861922  |146       
 [14, 4, 5, 0, 0]    |0.7431346834714434  |0.6505884741145497  |133       
 [14, 4, 4, 1, 0]    |1.5786739733850095  |1.3876133226898242  |129       
 [16, 18, 3, 0, 0]   |0.7795650909726761  |0.5147782310007024  |415       
 [16, 2, 3, 0, 0]    |0.8814704963653357  |0.8015854119269139  |95        
 [12, 4, 5, 0, 0]    |0.8457812838892663  |0.7508912215753482  |119       
 [12, 3, 4, 0, 0]    |0.8382981857128322  |0.7615637364557897  |96        
 [10, 4, 3, 1, 0]    |1.852289909761826   |1.6844223107260075  |95        
 [11, 13, 2, 0, 0]   |0.9393488320242865  |0.7538450955435886  |220       
 [15, 8, 7, 0, 0]    |0.7863578027982503  |0.6161016145985437  |244       
 [16, 9, 3, 0, 0]    |0.8278209325000874  |0.6544510979470463  |235       
 [14, 17, 4, 3, 10]  |1.6737281403718338  |1.083345087556913   |435       
 [14, 4, 5, 2, 0]    |1.0094705057923659  |0.8758380686210436  |142       
 [18, 4, 5, 0, 0]    |0.8206948699852421  |0.6986510356167509  |161       
 [12, 4, 4, 6, 0]    |0.8917703070262754  |0.7714011959119386  |145       
 [7, 17, 11, 5, 8]   |2.1412023861445117  |1.3355825102255123  |472       
 [13, 4, 4, 1, 0]    |1.62879739283998    |1.4417273548936407  |122       
 [13, 3, 4, 14, 0]   |1.028032938941651   |0.8569696358932879  |182       
 [16, 12, 9, 1, 5]   |1.4165837895171483  |0.954324222921222   |395       
 [12, 4, 3, 1, 0]    |1.57587554189823    |1.4131355326116577  |109       
 [15, 4, 5, 0, 0]    |0.6111395655874705  |0.5312992143215161  |140       
 [17, 8, 7, 7, 0]    |0.7499567234026259  |0.5434922802756265  |322       
 [12, 4, 5, 18, 0]   |0.7961832496777279  |0.6262999267110088  |240       
 [14, 4, 6, 2, 0]    |1.0098380001980622  |0.8700452320219787  |149       
Gen 6 Train time: 11.040252164999645 minutes:
 Average MSE:        0.8285300598465242
 Average Error:      1.1111706168150655
 Structure           |Error               |MSE                 |weights&biases
 [17, 0, 0, 0, 0]    |0.4665312178902333  |0.4354260327463317  |69        
 [15, 4, 5, 0, 0]    |0.7203229419853555  |0.626218681761665   |140       
 [15, 4, 6, 0, 0]    |0.7462309023041072  |0.6448611825805208  |146       
 [13, 9, 4, 13, 0]   |0.8326509715673944  |0.626791878078142   |284       
 [15, 2, 2, 0, 0]    |0.7811112334772212  |0.7167431617799547  |86        
 [15, 4, 5, 3, 0]    |0.7563056723015424  |0.6470642686673165  |156       
 [5, 16, 11, 11, 16] |2.6106290648664716  |1.3779421813305182  |639       
 [15, 8, 11, 0, 0]   |0.6864745981370985  |0.5167551799156981  |284       
 [14, 11, 4, 0, 0]   |0.6948170668101443  |0.5357398012073442  |260       
 [18, 14, 11, 3, 8]  |1.45301046116723    |0.8283144586347099  |562       
 [8, 11, 7, 15, 18]  |2.512080379255107   |1.3325724488582114  |634       
 [17, 16, 0, 0, 0]   |0.722210179588837   |0.5058884568571649  |356       
 [12, 3, 1, 10, 11]  |2.0952496201263706  |1.6614200636390073  |232       
 [17, 9, 2, 0, 0]    |0.9422682647416674  |0.7441852651531666  |236       
 [15, 2, 3, 0, 0]    |0.881087067274047   |0.80525294772092    |90        
 [13, 4, 6, 1, 0]    |1.310288598883817   |1.1459653903468094  |134       
 [4, 11, 4, 0, 0]    |1.0382793872143599  |0.9208712075425828  |120       
 [14, 4, 5, 8, 0]    |0.8928557596387675  |0.7427986740963517  |184       
 [15, 17, 5, 0, 0]   |0.7971444922610558  |0.5274404444930962  |413       
 [12, 13, 9, 3, 4]   |1.3256019948371285  |0.9047168039955371  |382       
 [13, 10, 4, 0, 0]   |1.022965614807294   |0.8144077429255769  |228       
 [16, 14, 3, 0, 0]   |0.9647683021546687  |0.690135511036929   |335       
 [15, 2, 3, 9, 0]    |0.8517867253653307  |0.7464556265020548  |132       
 [6, 12, 2, 1, 4]    |1.7851510344686035  |1.5457404091815792  |144       
 [16, 8, 7, 4, 0]    |0.8894438692527876  |0.6695436771119176  |284       
Gen 7 Train time: 11.214133059978485 minutes:
 Average MSE:        1.061156000465382
 Average Error:      1.4157195454028118
 Structure           |Error               |MSE                 |weights&biases
 [17, 0, 0, 0, 0]    |0.595748557430427   |0.5560280232679184  |69        
 [15, 8, 11, 0, 0]   |0.6570169424234682  |0.49458043926323825 |284       
 [14, 11, 4, 0, 0]   |0.8734463234900172  |0.6734721728412725  |260       
 [16, 6, 2, 11, 4]   |1.8722543706050325  |1.4581131699360597  |250       
 [14, 1, 8, 7, 0]    |1.742284006676469   |1.5086223750206567  |144       
 [15, 8, 5, 2, 0]    |1.1345190619337704  |0.8987133291422886  |233       
 [16, 14, 2, 7, 18]  |1.177078079030529   |0.7139339438076661  |500       
 [10, 13, 4, 13, 8]  |1.3758824070959617  |0.9085505749187949  |415       
 [14, 6, 4, 7, 10]   |0.9936433318340621  |0.7464870887918371  |286       
 [17, 7, 2, 8, 0]    |0.9555621133314738  |0.7622691950704232  |226       
 [15, 9, 3, 1, 0]    |1.5287249081671177  |1.2207116331928827  |225       
 [17, 8, 0, 0, 0]    |0.5585986153718215  |0.45551615143304414 |204       
 [15, 20, 2, 13, 0]  |1.8516813740324358  |1.1689361681164698  |460       
 [17, 13, 1, 0, 0]   |1.717561593253524   |1.2711291584903548  |301       
 [15, 14, 19, 0, 0]  |0.9745605806975833  |0.548938647975983   |574       
 [1, 6, 3, 5, 0]     |5.94224167586363    |5.585011260321027   |62        
 [9, 19, 10, 6, 5]   |2.960651116964256   |1.7531413152955637  |524       
 [15, 8, 5, 0, 0]    |0.6762940112317031  |0.5405720384608657  |224       
 [17, 12, 9, 2, 0]   |1.5038598093591176  |1.0010355451278499  |407       
 [16, 17, 20, 17, 0] |1.670864228572266   |0.5719755660043676  |1072      
 [16, 10, 3, 14, 0]  |0.9711869800462577  |0.7038174469114864  |322       
 [15, 5, 7, 0, 0]    |0.6034819587050024  |0.5065971671424672  |175       
 [15, 4, 6, 18, 0]   |1.0885059417595642  |0.8193909655211055  |284       
 [16, 2, 3, 2, 0]    |1.0680559630740585  |0.9644860974920375  |102       
 [16, 10, 3, 0, 0]   |0.899284684120744   |0.6968705380888839  |255       
Result:  [17, 8]
Fold 0
Fold 0 Train time: 18.120038763682047 minutes, MSE: 1.0640167825473459
Fold 1
Fold 1 Train time: 18.10702875852585 minutes, MSE: 0.1491625685188425
Fold 2
Fold 2 Train time: 18.16156168381373 minutes, MSE: 0.20413252965678086
Fold 3
Fold 3 Train time: 18.11130366722743 minutes, MSE: 0.1279664195621278
Fold 4
Fold 4 Train time: 18.092024048169453 minutes, MSE: 0.20696206443431767
Total Time: 167.89141072432201 minutes
CellsPerSensor: 1
 Resulting Network Architecture: [17, 8]
 MSE after 5-Fold CV: 0.3504480729438829
 Weights and Biases: 204
 Objective Function Value: 0.429753824733371
~/workspace/SolarCellResearch
