/tmp/tmp.DIEvZqg8sm ~/workspace/SolarCellResearch
Using TensorFlow backend.
Genetically searching for best layer structure...
  Training on:     datasets/N1dataset10k63.mat
  Evaluating with: datasets/N1dataset100k63.mat
Gen 0 Train time: 8.48906279404958 minutes:
 Average MSE:        2.441448604436257
 Average Error:      3.701403078020458
 Structure           |Error               |MSE                 |weights&biases
 [15, 2, 15, 17, 2]  |12.949525936736201  |8.398550910170924   |433       
 [10, 14, 1, 4, 0]   |1.6550121821139667  |1.338846429372698   |212       
 [8, 16, 20, 7, 3]   |13.866515777492857  |7.0039690611975445  |683       
 [16, 1, 4, 0, 0]    |1.2508762203298456  |1.1570160058143455  |78        
 [2, 19, 16, 0, 0]   |8.560364418687582   |5.738183871216509   |400       
 [18, 15, 17, 17, 0] |1.730267270163557   |0.6792784738580175  |935       
 [19, 15, 16, 0, 0]  |1.1007176955820428  |0.5862332198902017  |630       
 [14, 0, 0, 0, 0]    |0.6861590045220783  |0.6481417263139926  |57        
 [1, 11, 16, 13, 14] |11.906530888021184  |6.221973029045316   |649       
 [20, 3, 8, 0, 0]    |0.6803068851428583  |0.5774050411951751  |164       
 [9, 14, 17, 0, 0]   |1.2690389997892244  |0.8173073356391815  |440       
 [8, 12, 0, 0, 0]    |0.7767542234297167  |0.6719097195346266  |145       
 [13, 13, 9, 9, 0]   |1.3807720230935245  |0.8830643360857362  |447       
 [7, 17, 15, 1, 0]   |7.000549280691126   |4.486121924627461   |445       
 [2, 0, 0, 0, 0]     |3.7891762753306804  |3.7552266911409418  |9         
 [10, 0, 0, 0, 0]    |0.7947199849751247  |0.7627953917308019  |41        
 [12, 13, 6, 3, 2]   |6.644103511783449   |4.8197871694329635  |321       
 [9, 9, 4, 2, 0]     |1.3885492942848547  |1.17147018569787    |170       
 [1, 10, 1, 0, 0]    |6.418867278728583   |6.191898015581955   |36        
 [9, 13, 10, 15, 0]  |1.4847473395886417  |0.9205763074549201  |478       
 [18, 16, 18, 0, 0]  |0.9626108927788636  |0.48621420255679515 |683       
 [12, 0, 0, 0, 0]    |0.8182212944359132  |0.7790948764793608  |49        
 [8, 6, 19, 0, 0]    |1.0798923672588017  |0.8571531909635356  |231       
 [13, 18, 10, 20, 19]|2.8422152671183905  |0.9273574136298557  |1120      
 [6, 10, 10, 5, 0]   |1.4985826384323817  |1.15664058227569    |259       
Gen 1 Train time: 8.65584586461385 minutes:
 Average MSE:        1.0991233805909837
 Average Error:      1.7568104928276458
 Structure           |Error               |MSE                 |weights&biases
 [20, 3, 8, 0, 0]    |0.9986804704575708  |0.8476220817084347  |164       
 [14, 0, 0, 0, 0]    |0.5974791866691663  |0.5643752962976284  |57        
 [8, 12, 0, 0, 0]    |0.8129304315615238  |0.7032029460488539  |145       
 [16, 8, 9, 0, 0]    |0.7284641817625728  |0.5533210852347368  |275       
 [4, 16, 12, 20, 4]  |11.850957806911694  |6.217753649372262   |645       
 [17, 2, 4, 10, 0]   |1.0179599047359256  |0.8674482102373551  |160       
 [11, 0, 0, 0, 0]    |0.7341387943431715  |0.70183483870806    |45        
 [9, 14, 14, 8, 0]   |1.449185527061599   |0.8737173910144833  |506       
 [14, 8, 4, 0, 0]    |0.8003965509324135  |0.6533462890382341  |203       
 [13, 6, 20, 19, 15] |2.820790156513008   |1.0607933197366264  |978       
 [14, 5, 14, 7, 0]   |0.974617885270952   |0.7119769103749297  |314       
 [12, 9, 14, 0, 0]   |0.8416356844804682  |0.6185309567077435  |308       
 [11, 6, 0, 0, 0]    |0.6577034448321938  |0.5880159879904259  |112       
 [12, 13, 14, 11, 0] |1.1179177110833958  |0.6271733936664852  |578       
 [14, 15, 17, 0, 0]  |1.1651119032222148  |0.6675220448054848  |557       
 [6, 20, 3, 14, 12]  |2.6366168884642622  |1.6478915358826405  |470       
 [10, 15, 10, 10, 4] |2.422195721155509   |1.4487113709288022  |514       
 [13, 12, 10, 1, 0]  |3.9941483108478666  |2.814628743224609   |350       
 [14, 5, 14, 0, 0]   |0.8211160277847299  |0.6616021705202819  |216       
 [14, 15, 17, 9, 0]  |1.3036776696318655  |0.6403049364382891  |711       
 [10, 3, 10, 0, 0]   |0.8001162671219947  |0.713910104970534   |114       
 [10, 7, 16, 8, 0]   |1.3994126351396559  |0.9570042967361815  |380       
 [16, 8, 20, 16, 9]  |1.7974254925950819  |0.7583239266050368  |863       
 [18, 13, 10, 0, 0]  |1.030570977798505   |0.6558081389197388  |452       
 [10, 12, 3, 3, 0]   |1.147012690313804   |0.9232648896067375  |217       
Gen 2 Train time: 8.678510499000549 minutes:
 Average MSE:        1.8257087790226227
 Average Error:      2.8599528361267623
 Structure           |Error               |MSE                 |weights&biases
 [14, 0, 0, 0, 0]    |0.7416435659054065  |0.7005521139380873  |57        
 [11, 6, 0, 0, 0]    |0.6508909260586522  |0.5819252947018276  |112       
 [16, 8, 9, 0, 0]    |0.9963230552333107  |0.7567792184815534  |275       
 [6, 10, 13, 12, 18] |2.767735650455378   |1.4419978259399766  |652       
 [10, 3, 1, 0, 0]    |1.2350885535916538  |1.1527410993262865  |69        
 [5, 10, 15, 4, 10]  |2.547415732246274   |1.7684074697192371  |365       
 [1, 12, 20, 13, 15] |15.188278704711118  |6.9207489429588325  |786       
 [15, 7, 17, 8, 5]   |3.054582247769579   |1.875064088738942   |488       
 [13, 11, 9, 4, 1]   |10.569775987905816  |7.463306946898081   |348       
 [9, 12, 2, 2, 0]    |1.4651196417700592  |1.2213256972489432  |182       
 [14, 7, 5, 0, 0]    |0.9003041003174658  |0.7422845019552778  |193       
 [14, 12, 5, 0, 0]   |0.8192364627788475  |0.6111685396994955  |293       
 [12, 11, 14, 6, 0]  |1.1872963123037281  |0.761609528618636   |444       
 [15, 7, 12, 0, 0]   |0.9315573049717694  |0.7139819680397637  |266       
 [14, 4, 5, 13, 0]   |1.0127674680949585  |0.8135781025601403  |219       
 [12, 10, 7, 6, 0]   |1.024647745385277   |0.7605973941690275  |298       
 [15, 4, 14, 0, 0]   |0.8713104446057262  |0.7176617347712743  |194       
 [18, 6, 9, 0, 0]    |0.6847424237823078  |0.5380990999621865  |241       
 [13, 3, 7, 4, 0]    |1.0922634607289343  |0.9438878834960253  |146       
 [10, 9, 0, 0, 0]    |0.6824804567073811  |0.5939136223017514  |139       
 [16, 11, 7, 0, 0]   |0.7979866485136946  |0.5754151993955123  |327       
 [5, 4, 20, 18, 4]   |12.753575574019116  |7.013323306138332   |598       
 [20, 1, 4, 17, 15]  |2.957652565049631   |1.8671176934074416  |460       
 [9, 6, 0, 0, 0]     |0.7358801354308584  |0.6698590023581115  |94        
 [4, 2, 9, 7, 17]    |5.830265734832117   |4.437373200740833   |273       
Increasing Epochs
Gen 3 Train time: 9.756459661324818 minutes:
 Average MSE:        1.3018134063756006
 Average Error:      1.7593460638414182
 Structure           |Error               |MSE                 |weights&biases
 [11, 6, 0, 0, 0]    |0.6200127427861674  |0.554318832265019   |112       
 [10, 9, 0, 0, 0]    |0.7846225295338484  |0.6828005169601671  |139       
 [18, 6, 9, 0, 0]    |0.7107020310995298  |0.558499239996755   |241       
 [10, 5, 8, 0, 0]    |0.8794894075952018  |0.7630637048838012  |142       
 [12, 7, 3, 7, 0]    |0.870098809927563   |0.7216980079308113  |187       
 [15, 7, 7, 2, 0]    |1.1133920250131117  |0.8828598899547252  |232       
 [11, 8, 0, 0, 0]    |0.7590330039960705  |0.6611926567728604  |138       
 [12, 8, 4, 3, 0]    |0.9255328221774329  |0.7615604832559898  |195       
 [19, 7, 9, 4, 3]    |1.2457969465732535  |0.8974260503731528  |328       
 [14, 5, 6, 2, 0]    |1.0046324099674335  |0.8475730179019578  |170       
 [16, 11, 7, 0, 0]   |0.9072506558530429  |0.6542036987858563  |327       
 [15, 2, 7, 0, 0]    |0.7658968847602079  |0.6888665360378965  |106       
 [3, 18, 5, 6, 8]    |4.8631878835553595  |3.6865614454224755  |277       
 [15, 4, 9, 9, 3]    |3.279891881546987   |2.483851696806207   |278       
 [18, 13, 9, 3, 1]   |7.224134236282752   |4.546816864566348   |463       
 [1, 7, 6, 14, 16]   |8.36632589754103    |5.4970678245156845  |420       
 [15, 8, 8, 16, 0]   |1.034037433530787   |0.6889896554594983  |406       
 [10, 8, 0, 0, 0]    |0.6690138934736174  |0.5892230634175422  |127       
 [12, 9, 3, 0, 0]    |0.8019747039106284  |0.6651928948982097  |187       
 [13, 7, 3, 0, 0]    |0.7843555784820796  |0.6650501567611904  |165       
 [3, 4, 12, 4, 20]   |3.236726033977891   |2.5006791014876857  |258       
 [13, 5, 7, 14, 0]   |0.9693217256851289  |0.7340642618861388  |278       
 [10, 9, 5, 0, 0]    |0.8447281348575016  |0.7020571715704857  |185       
 [13, 10, 4, 0, 0]   |0.6778153478760073  |0.5396252421328969  |228       
 [19, 3, 0, 0, 0]    |0.6456785760328293  |0.5720931453466573  |121       
Increasing Epochs
Gen 4 Train time: 11.148052350680034 minutes:
 Average MSE:        0.9839762633564604
 Average Error:      1.293560780462225
 Structure           |Error               |MSE                 |weights&biases
 [11, 6, 0, 0, 0]    |0.581062336859526   |0.5194954455189974  |112       
 [19, 3, 0, 0, 0]    |0.7322616552019631  |0.6488086938166283  |121       
 [10, 8, 0, 0, 0]    |0.5921730653348882  |0.5215467586455123  |127       
 [11, 7, 19, 0, 0]   |0.9334275497482345  |0.699148627620535   |289       
 [10, 7, 4, 0, 0]    |0.7078096357962748  |0.6128836915942424  |144       
 [7, 7, 2, 0, 0]     |1.0589292562738537  |0.9619991248871933  |96        
 [7, 12, 3, 9, 4]    |2.080939024994607   |1.6418427616166043  |237       
 [13, 7, 8, 8, 0]    |0.813667936696819   |0.6137283125987458  |282       
 [15, 7, 5, 0, 0]    |0.7034506787993897  |0.5742114830200175  |203       
 [14, 20, 18, 1, 20] |3.2649408843683587  |1.4670325054771998  |800       
 [13, 7, 5, 5, 0]    |1.0212961699160776  |0.8253667676333718  |213       
 [15, 8, 5, 2, 2]    |1.5773053303333615  |1.2419936911502576  |239       
 [14, 8, 6, 8, 0]    |0.9793486120821402  |0.7394359524352302  |281       
 [8, 2, 11, 16, 4]   |4.3696423081016125  |3.1101817159946394  |340       
 [11, 8, 0, 0, 0]    |0.6325427207437438  |0.5510071365132031  |138       
 [11, 16, 0, 0, 0]   |0.8309307568774745  |0.6523273238044787  |242       
 [4, 19, 1, 1, 4]    |2.3980806710818725  |2.080625764998638   |142       
 [13, 8, 6, 7, 0]    |0.9435883947524486  |0.7261016716045449  |262       
 [16, 7, 6, 6, 2]    |1.5007732669666283  |1.1410860525687903  |274       
 [12, 10, 2, 20, 0]  |0.9575544707090253  |0.7317087907080826  |269       
 [13, 7, 4, 8, 0]    |0.8681828256262891  |0.6981278981040615  |218       
 [14, 6, 7, 8, 0]    |0.9678785308693927  |0.750775441772175   |254       
 [12, 7, 4, 7, 0]    |0.987220231377412   |0.8066526438204447  |202       
 [15, 6, 5, 2, 2]    |1.8827124949695846  |1.5460658660897275  |197       
 [11, 8, 3, 20, 0]   |0.9533007030746442  |0.7372524619181843  |257       
Gen 5 Train time: 10.913288430372875 minutes:
 Average MSE:        0.9614258799467396
 Average Error:      1.2692183944873063
 Structure           |Error               |MSE                 |weights&biases
 [11, 6, 0, 0, 0]    |0.6235074515173026  |0.5574432565377268  |112       
 [10, 8, 0, 0, 0]    |0.6480957886763793  |0.5707997841556984  |127       
 [11, 8, 0, 0, 0]    |0.7381035914710896  |0.6429610729033414  |138       
 [13, 18, 9, 1, 10]  |1.5703819743002803  |0.9496316423272553  |503       
 [10, 10, 4, 8, 2]   |2.591017415747393   |2.0280010899692016  |245       
 [12, 8, 2, 4, 0]    |1.1346420940676272  |0.9524832719253451  |175       
 [12, 8, 3, 4, 0]    |0.7337432588502014  |0.6079904556161126  |188       
 [12, 8, 4, 4, 0]    |1.0136130790760067  |0.829046738161851   |201       
 [10, 8, 17, 0, 0]   |0.9169682800595372  |0.6868204337316866  |289       
 [13, 12, 3, 0, 0]   |0.8429668137641928  |0.6565032146627605  |250       
 [14, 8, 6, 8, 0]    |0.8118281024685737  |0.6129532209029029  |281       
 [11, 16, 0, 0, 0]   |0.8087981501528314  |0.6349519841699724  |242       
 [13, 8, 3, 0, 0]    |0.728160992616915   |0.6069959794839127  |182       
 [12, 8, 2, 8, 0]    |1.052764931185379   |0.8697234173149908  |191       
 [14, 8, 6, 4, 0]    |0.7440051308119366  |0.5800115000764501  |249       
 [11, 19, 0, 0, 0]   |0.7342313785635769  |0.5543654956141959  |281       
 [12, 19, 13, 4, 0]  |1.2969419794265329  |0.7089354288796053  |604       
 [15, 11, 5, 16, 2]  |7.795350614665858   |5.152734171745447   |414       
 [18, 8, 2, 7, 0]    |0.8133806436018504  |0.6315639454539573  |253       
 [14, 7, 5, 11, 0]   |0.756033433756419   |0.5800333487586016  |265       
 [12, 7, 4, 4, 0]    |0.9634838884165752  |0.8015567431838908  |184       
 [15, 6, 0, 0, 0]    |0.8053905351158402  |0.6945938571637247  |148       
 [9, 7, 1, 0, 0]     |1.727474983890067   |1.5521806224737396  |107       
 [13, 8, 3, 4, 0]    |0.8125909915831606  |0.6659588604752755  |199       
 [16, 5, 2, 4, 0]    |1.0669843583971312  |0.907407462980844   |162       
Result:  [11, 6]
Fold 0
Fold 0 Train time: 18.219874385992686 minutes, MSE: 0.8309886303323767
Fold 1
Fold 1 Train time: 18.23194717168808 minutes, MSE: 0.40668119070888226
Fold 2
Fold 2 Train time: 18.2251145084699 minutes, MSE: 0.5231886983900235
Fold 3
Fold 3 Train time: 18.274881744384764 minutes, MSE: 1.230146134811583
Fold 4
Fold 4 Train time: 18.2165446639061 minutes, MSE: 0.36136447128845367
Total Time: 148.8151750008265 minutes
CellsPerSensor: 1
 Resulting Network Architecture: [11, 6]
 MSE after 5-Fold CV: 0.6704738251062639
 Weights and Biases: 112
 Objective Function Value: 0.7499335961072329
~/workspace/SolarCellResearch
