/tmp/tmp.1ux1V2G6pW ~/workspace/SolarCellResearch
Using TensorFlow backend.
Genetically searching for best layer structure...
  Training on:     datasets/N1dataset10k0.mat
  Evaluating with: datasets/N1dataset100k0.mat
Gen 0 Train time: 8.247077067693075 minutes:
 Average MSE:        1.4777898441553767
 Average Error:      1.8791990238340313
 Structure           |Error               |MSE                 |weights&biases
 [3, 0, 0, 0, 0]     |1.3367761624919225  |1.3195105420690787  |13        
 [6, 9, 7, 4, 0]     |1.6679369798256054  |1.3820771122207556  |188       
 [2, 0, 0, 0, 0]     |3.961313903636126   |3.9258220314978365  |9         
 [4, 14, 1, 10, 0]   |2.566189059570928   |2.2578701155874965  |128       
 [7, 19, 10, 0, 0]   |1.1006833477233953  |0.7497100195075979  |384       
 [7, 9, 17, 0, 0]    |1.067615320784642   |0.8060798185851965  |281       
 [15, 15, 10, 10, 0] |1.35799149687571    |0.7710568039988281  |566       
 [16, 0, 0, 0, 0]    |0.7003479829291208  |0.6562733078448723  |65        
 [19, 0, 0, 0, 0]    |0.6034960481380958  |0.5587708676626799  |77        
 [9, 9, 0, 0, 0]     |0.7327728458767958  |0.6453777197285409  |127       
 [13, 11, 6, 4, 0]   |1.316148396819002   |0.9769787182656305  |298       
 [1, 2, 4, 3, 0]     |5.004396076792882   |4.817796864473657   |38        
 [11, 8, 19, 5, 6]   |2.3754241311963447  |1.5252769545314373  |443       
 [19, 0, 0, 0, 0]    |0.6572391233187754  |0.6085310356740823  |77        
 [15, 0, 0, 0, 0]    |0.6760768221433179  |0.6360687861463455  |61        
 [19, 0, 0, 0, 0]    |0.6356105767606686  |0.5885053838676755  |77        
 [15, 0, 0, 0, 0]    |0.6723829811537048  |0.6325935346992803  |61        
 [16, 9, 10, 16, 18] |2.2647134379259892  |1.0155681742460276  |802       
 [4, 4, 15, 0, 0]    |1.525617719597292   |1.3490483123987889  |123       
 [19, 18, 9, 16, 8]  |3.2209090039511503  |1.3187227032637057  |893       
 [12, 10, 2, 9, 0]   |1.2523952144589827  |1.0000578910421258  |225       
 [20, 5, 12, 1, 16]  |2.154896083455435   |1.5979834670410296  |299       
 [8, 14, 0, 0, 0]    |0.8166400725299126  |0.6924239760040117  |165       
 [1, 16, 15, 0, 0]   |7.7302172766757105  |5.692428568032367   |306       
 [19, 1, 10, 0, 0]   |1.5821855312192734  |1.420213395495367   |108       
Gen 1 Train time: 8.16810248295466 minutes:
 Average MSE:        0.9097427373100261
 Average Error:      1.144541174897077
 Structure           |Error               |MSE                 |weights&biases
 [19, 0, 0, 0, 0]    |0.6090747291511597  |0.563936111809183   |77        
 [19, 0, 0, 0, 0]    |0.582106345583605   |0.5389663590958159  |77        
 [19, 0, 0, 0, 0]    |0.589898303324054   |0.5461808537074283  |77        
 [13, 5, 0, 0, 0]    |0.8236817277013688  |0.7342020054276858  |115       
 [17, 0, 0, 0, 0]    |0.6507709692747944  |0.6073819082445174  |69        
 [19, 1, 5, 0, 0]    |1.2944000603067585  |1.1794489217344506  |93        
 [12, 7, 1, 5, 0]    |1.3805859561510254  |1.187093657197678   |151       
 [14, 5, 1, 5, 0]    |1.2092233238623247  |1.0523000290904445  |139       
 [11, 5, 4, 2, 0]    |1.3512135174000184  |1.1864944158270565  |130       
 [13, 5, 4, 2, 0]    |1.424858933589484   |1.2313028234128078  |146       
 [17, 19, 0, 0, 0]   |0.9322854488827083  |0.6168581183549181  |413       
 [18, 0, 0, 0, 0]    |0.6723311614432409  |0.624999605729842   |73        
 [11, 10, 5, 0, 0]   |0.729810858068433   |0.5892116176335669  |214       
 [18, 7, 0, 0, 0]    |0.6542668381453177  |0.5383534300426949  |195       
 [18, 12, 6, 3, 14]  |1.9728851991099445  |1.2554537228425218  |452       
 [19, 15, 3, 0, 0]   |1.1997831184637258  |0.7970330012953852  |409       
 [18, 1, 0, 0, 0]    |1.4080321898960662  |1.3062926927170035  |75        
 [10, 2, 8, 0, 0]    |0.9349812684919637  |0.8587917807951259  |85        
 [18, 8, 0, 0, 0]    |0.8187443495659735  |0.6603512468359891  |215       
 [11, 10, 5, 11, 0]  |1.362645987393266   |1.0237049890985923  |286       
 [18, 18, 0, 0, 0]   |0.9447188189157133  |0.623835890070082   |415       
 [19, 7, 0, 0, 0]    |0.7827888829088534  |0.6376968627783864  |205       
 [19, 9, 0, 0, 0]    |0.7155312948797821  |0.5589306119257967  |247       
 [13, 5, 4, 2, 6]    |1.5041053445130736  |1.2715012207538166  |168       
 [13, 10, 13, 8, 3]  |4.064804745404273   |2.5532465563298645  |465       
Gen 2 Train time: 8.53394234975179 minutes:
 Average MSE:        1.112361807357913
 Average Error:      1.6180929844428555
 Structure           |Error               |MSE                 |weights&biases
 [19, 0, 0, 0, 0]    |0.691453729172129   |0.6402099920788478  |77        
 [19, 0, 0, 0, 0]    |0.731845624782339   |0.677608438392274   |77        
 [19, 0, 0, 0, 0]    |0.6761947824344448  |0.6260818881177039  |77        
 [19, 5, 0, 0, 0]    |0.6611769608284457  |0.5617301199025861  |163       
 [19, 4, 0, 0, 0]    |0.8257502595060537  |0.7164384776962119  |142       
 [19, 12, 2, 8, 0]   |1.2310748743395     |0.8623342429343737  |356       
 [19, 8, 2, 0, 0]    |0.8102865265201443  |0.6386700207602015  |238       
 [1, 11, 11, 9, 10]  |11.505467258634535  |7.89968066252028    |376       
 [10, 5, 14, 10, 15] |1.4667804828255164  |0.8896473339017754  |500       
 [15, 5, 3, 6, 0]    |1.0064243703204405  |0.8456952761081065  |174       
 [16, 3, 0, 0, 0]    |0.9261161953855072  |0.8354744004353444  |103       
 [19, 4, 17, 0, 0]   |0.7578995698251676  |0.5961849175148325  |240       
 [8, 13, 12, 14, 18] |2.7808599371816687  |1.2747629118019432  |780       
 [18, 19, 2, 0, 0]   |1.2315816753646094  |0.7790338804951199  |458       
 [19, 4, 14, 0, 0]   |0.8351957406930599  |0.6689211009479376  |222       
 [14, 20, 16, 4, 12] |2.3465352833797417  |1.0345224225493588  |819       
 [19, 3, 0, 0, 0]    |0.890556542317244   |0.789063339430688   |121       
 [18, 5, 0, 0, 0]    |0.6371490913990366  |0.5456641521940291  |155       
 [7, 17, 18, 1, 9]   |2.7395399510164684  |1.6157350706250366  |528       
 [19, 4, 5, 0, 0]    |0.8308930536806998  |0.7023986291418256  |168       
 [11, 19, 20, 10, 6] |2.6689218028789377  |1.038393255345058   |944       
 [18, 8, 0, 0, 0]    |0.7837861214660433  |0.6321559871982239  |215       
 [16, 3, 1, 3, 0]    |1.2054616229323278  |1.076658844266532   |113       
 [19, 5, 0, 0, 0]    |0.6818905293719851  |0.5793281852177989  |163       
 [17, 6, 1, 3, 0]    |1.529482624815342   |1.2826516343717365  |176       
Increasing Epochs
Gen 3 Train time: 9.696428918838501 minutes:
 Average MSE:        1.0835490502198422
 Average Error:      1.449679228772319
 Structure           |Error               |MSE                 |weights&biases
 [18, 5, 0, 0, 0]    |0.6060547765363512  |0.519034509012171   |155       
 [19, 5, 0, 0, 0]    |0.6411340341505213  |0.5447018260069819  |163       
 [19, 0, 0, 0, 0]    |0.6815831597354991  |0.6310709319881538  |77        
 [19, 9, 0, 0, 0]    |0.5572924858792752  |0.43532383891956183 |247       
 [19, 3, 0, 0, 0]    |0.632475689662423   |0.5603949396578314  |121       
 [19, 4, 1, 0, 0]    |1.423234314804248   |1.2323611558064358  |144       
 [15, 1, 7, 5, 8]    |1.9065199718888979  |1.6052501095602458  |172       
 [12, 14, 10, 4, 3]  |2.1446817203011252  |1.3937405267134053  |431       
 [13, 16, 7, 7, 9]   |1.788429751963783   |1.063258236143707   |520       
 [19, 6, 4, 14, 0]   |1.2227281256169111  |0.914922909452762   |290       
 [18, 4, 1, 2, 0]    |1.1049018715939067  |0.9586363501259433  |142       
 [19, 2, 0, 0, 0]    |0.8096910350362638  |0.7326387455490766  |100       
 [19, 9, 0, 0, 0]    |0.713537599470045   |0.5573732553107444  |247       
 [19, 4, 0, 0, 0]    |0.6656833891931918  |0.5775610585535987  |142       
 [17, 10, 8, 2, 6]   |1.3792702282485072  |0.9603615404185305  |362       
 [19, 2, 7, 0, 0]    |0.8397978467405619  |0.7403782499832231  |126       
 [17, 5, 9, 3, 0]    |1.329806808605865   |1.0576332989335917  |229       
 [3, 4, 1, 0, 0]     |3.8550511390438644  |3.733642402415891   |32        
 [19, 5, 18, 0, 0]   |0.8240189603559539  |0.6202939879614395  |284       
 [11, 20, 8, 16, 3]  |8.115772247036363   |4.279385221121102   |640       
 [19, 17, 0, 0, 0]   |0.8036951246646814  |0.5307122642223019  |415       
 [19, 7, 1, 0, 0]    |1.3986066857998067  |1.1370947181592357  |207       
 [19, 6, 1, 0, 0]    |1.2359426760035834  |1.0261705687970852  |186       
 [19, 5, 7, 0, 0]    |0.8701582047047899  |0.7074557190229015  |207       
 [18, 7, 0, 0, 0]    |0.6919128722715638  |0.5693298916601298  |195       
Gen 4 Train time: 9.967626889546713 minutes:
 Average MSE:        1.1283002550533172
 Average Error:      1.488738983040056
 Structure           |Error               |MSE                 |weights&biases
 [19, 9, 0, 0, 0]    |0.6164197497655127  |0.4815105508382701  |247       
 [18, 5, 0, 0, 0]    |0.6496908145193998  |0.5564050742261053  |155       
 [19, 3, 0, 0, 0]    |0.68626609411107    |0.6080550646995684  |121       
 [18, 1, 5, 2, 0]    |2.2727285508730724  |2.0605668491793083  |98        
 [7, 6, 1, 20, 3]    |9.410454515664776   |7.836726851657936   |183       
 [6, 6, 19, 5, 14]   |1.582711264242906   |1.069444512460755   |392       
 [19, 2, 1, 6, 0]    |1.0735222540138107  |0.9530814314050129  |119       
 [19, 5, 9, 0, 0]    |0.7328564026468966  |0.5875432022594846  |221       
 [19, 5, 13, 0, 0]   |0.8238934048145075  |0.6422907985971239  |249       
 [10, 8, 15, 11, 5]  |2.177516897853674   |1.3273509510777088  |495       
 [19, 6, 8, 0, 0]    |0.6272131430951013  |0.49239755262850887 |242       
 [19, 5, 9, 14, 0]   |0.9368030794904934  |0.6496755598085826  |366       
 [19, 12, 1, 0, 0]   |1.7834205803899987  |1.3054309219076956  |312       
 [17, 9, 4, 3, 4]    |1.6949909160980707  |1.2695688842041069  |289       
 [19, 6, 5, 0, 0]    |0.5868393545557612  |0.47189245516947026 |218       
 [18, 5, 5, 3, 0]    |1.0875279232347004  |0.8895026080756127  |201       
 [19, 6, 0, 0, 0]    |0.7180273608909498  |0.597352669652356   |184       
 [19, 5, 18, 0, 0]   |0.7523704799825602  |0.5663594017924622  |284       
 [19, 5, 20, 0, 0]   |0.9472461270021536  |0.703142069144589   |298       
 [19, 11, 0, 0, 0]   |0.7428719617352011  |0.5564201663910904  |289       
 [19, 4, 4, 0, 0]    |0.6766987556160025  |0.5754925048369498  |162       
 [12, 15, 16, 16, 12]|2.6175976923619264  |0.9863509899336218  |976       
 [7, 10, 0, 0, 0]    |0.9997968400482885  |0.8938626235121756  |112       
 [7, 6, 2, 14, 17]   |2.335732199050571   |1.5688226248897514  |398       
 [19, 7, 0, 0, 0]    |0.6852782139439978  |0.558260057984685   |205       
Increasing Epochs
Gen 5 Train time: 11.142884814739228 minutes:
 Average MSE:        0.8273501742767673
 Average Error:      1.0949360986219552
 Structure           |Error               |MSE                 |weights&biases
 [19, 6, 5, 0, 0]    |0.6682227679968251  |0.5373349284470981  |218       
 [19, 9, 0, 0, 0]    |0.6770551301325604  |0.5288753139107245  |247       
 [19, 6, 8, 0, 0]    |0.7403509437764757  |0.5812170819680494  |242       
 [19, 5, 9, 0, 0]    |0.63745571337431    |0.5110588783584701  |221       
 [19, 10, 0, 0, 0]   |0.6656517673213745  |0.5091622163289925  |268       
 [14, 4, 0, 0, 0]    |0.6272865439918416  |0.5636330640980323  |107       
 [19, 5, 7, 0, 0]    |0.7254717971700766  |0.5898228266110698  |207       
 [19, 5, 17, 0, 0]   |0.7082844271594915  |0.5369181952415928  |277       
 [19, 9, 3, 0, 0]    |0.7535245529809205  |0.5746502545495027  |271       
 [19, 6, 7, 0, 0]    |0.8664383791319741  |0.6856662490715053  |234       
 [19, 5, 15, 15, 0]  |1.7166993996855904  |1.038111807817985   |503       
 [7, 7, 0, 0, 0]     |0.6769081138287086  |0.6217484179626889  |85        
 [19, 5, 9, 9, 0]    |1.1558004992422886  |0.8468710635315266  |311       
 [19, 5, 7, 2, 0]    |1.1600206701836357  |0.9328021337537548  |218       
 [19, 7, 5, 0, 0]    |0.8260986654166961  |0.6478856508510147  |243       
 [13, 9, 10, 3, 7]   |1.3379152908710061  |0.9580193043277998  |334       
 [19, 6, 2, 0, 0]    |0.8952780735562569  |0.7374028618029552  |194       
 [11, 5, 3, 4, 17]   |1.0873213882361799  |0.8639133796742182  |230       
 [13, 14, 1, 0, 0]   |1.4413556571069077  |1.1202861001722522  |252       
 [19, 9, 12, 0, 0]   |0.8012493583233529  |0.5534504391950911  |370       
 [6, 6, 19, 0, 0]    |0.9973840245086337  |0.8060420205683329  |213       
 [19, 4, 17, 0, 0]   |0.6742846382809378  |0.5304110827609687  |240       
 [13, 8, 3, 0, 0]    |0.7862709815975338  |0.6554365441897001  |182       
 [11, 7, 2, 0, 0]    |1.0038013489851867  |0.8761606119439579  |136       
 [18, 7, 12, 7, 2]   |5.743272332690115   |3.8768739297818984  |393       
Result:  [14, 4]
Fold 0
Fold 0 Train time: 18.562892285982766 minutes, MSE: 0.2273909586825045
Fold 1
Fold 1 Train time: 18.697051167488098 minutes, MSE: 0.21389898526733986
Fold 2
Fold 2 Train time: 18.56772338549296 minutes, MSE: 0.2835485748903112
Fold 3
Fold 3 Train time: 18.616956361134847 minutes, MSE: 0.3007452807274742
Fold 4
Fold 4 Train time: 18.55570180416107 minutes, MSE: 0.8010239984567976
Total Time: 148.76189068953195 minutes
CellsPerSensor: 1
 Resulting Network Architecture: [14, 4]
 MSE after 5-Fold CV: 0.3653215596048855
 Weights and Biases: 107
 Objective Function Value: 0.4065788775840878
~/workspace/SolarCellResearch
