/tmp/tmp.BymzNEEDR9 ~/workspace/SolarCellResearch
Using TensorFlow backend.
Genetically searching for best layer structure...
  Training on:     datasets/N1dataset10k.mat
  Evaluating with: datasets/N1dataset100k.mat
Gen 0 Train time: 59.10654581387838 minutes:
 Average MSE:        0.9870396316112147
 Average Error:      2.3468007381948657
 Structure           |Error               |MSE                 |weights&biases
 [14, 3, 5, 5, 5]    |0.7227001885579165  |0.4689492057126454  |173       
 [15, 8, 1, 11, 0]   |0.7247727258125589  |0.42236003933560146 |216       
 [6, 20, 13, 0, 0]   |2.996757644354307   |0.9851423987336269  |445       
 [1, 9, 0, 0, 0]     |5.674651696964982   |5.251476034409628   |31        
 [3, 14, 0, 0, 0]    |1.798590424825014   |1.472561292995831   |80        
 [7, 4, 0, 0, 0]     |1.1867099701332742  |1.0265305796220643  |58        
 [19, 20, 14, 0, 0]  |1.45096567393769    |0.21378794141759472 |766       
 [4, 0, 0, 0, 0]     |1.6616805062406605  |1.5925387539230695  |17        
 [20, 3, 6, 0, 0]    |1.2188330296309444  |0.8293557104395411  |154       
 [16, 9, 12, 0, 0]   |1.7065529083126885  |0.7404297581321302  |334       
 [18, 0, 0, 0, 0]    |0.24876416704658516 |0.20726648394283678 |73        
 [19, 4, 2, 13, 0]   |0.7954307160233858  |0.48245311694535653 |200       
 [11, 4, 8, 20, 0]   |1.203804005774076   |0.5382062369253792  |322       
 [13, 17, 20, 20, 17]|23.60844148639173   |0.6581017911513112  |1432      
 [1, 0, 0, 0, 0]     |5.2895809478433415  |5.223872718005468   |5         
 [17, 15, 15, 0, 0]  |0.9382736119062798  |0.22174800035830705 |577       
 [15, 5, 13, 3, 0]   |0.7712518744406152  |0.41385472465372575 |249       
 [5, 14, 0, 0, 0]    |1.3864235591132987  |1.0426102789774119  |114       
 [10, 6, 9, 6, 17]   |1.3168660116580533  |0.5407786032914169  |356       
 [20, 10, 2, 0, 0]   |0.739585077146489   |0.3537496014751183  |295       
 [17, 0, 0, 0, 0]    |0.6950983305519238  |0.5849657616151973  |69        
 [12, 0, 0, 0, 0]    |0.5302216136839153  |0.4690901925548225  |49        
 [19, 6, 16, 0, 0]   |0.6835520816804299  |0.3180799771940294  |306       
 [17, 6, 9, 7, 13]   |1.0414821807808026  |0.37368012524743427 |410       
 [13, 0, 0, 0, 0]    |0.2790280220606953  |0.2444014632208134  |53        
Gen 1 Train time: 59.05893516937892 minutes:
 Average MSE:        0.6638825141224843
 Average Error:      1.0581687249202825
 Structure           |Error               |MSE                 |weights&biases
 [18, 0, 0, 0, 0]    |0.4151441098750526  |0.34589169736518943 |73        
 [13, 0, 0, 0, 0]    |0.5099344535564087  |0.4466530840719017  |53        
 [2, 10, 0, 0, 0]    |2.5185424217019743  |2.2393380976872317  |47        
 [18, 7, 0, 0, 0]    |0.8626369473785928  |0.5297970008280596  |195       
 [13, 3, 0, 0, 0]    |0.5469205493346949  |0.44221825237276347 |85        
 [12, 16, 0, 0, 0]   |0.7770735446873421  |0.4046550589877628  |261       
 [15, 0, 0, 0, 0]    |0.3191119496700462  |0.2739764025569835  |61        
 [1, 5, 13, 3, 0]    |7.299755076151112   |5.18277587726704    |137       
 [18, 5, 0, 0, 0]    |0.43997552395452766 |0.298634105914758   |155       
 [14, 3, 5, 5, 0]    |1.0727166540804023  |0.750282377397729   |143       
 [17, 0, 0, 0, 0]    |0.46651469755913433 |0.39259931058340697 |69        
 [18, 15, 15, 0, 0]  |1.8257697995601168  |0.4125085715437155  |595       
 [13, 0, 0, 0, 0]    |0.4798946421347686  |0.42034112510769017 |53        
 [13, 13, 0, 0, 0]   |1.010709084333741   |0.5616660337149126  |235       
 [13, 17, 0, 0, 0]   |0.9006531384897594  |0.4307897747711869  |295       
 [12, 0, 0, 0, 0]    |0.6832061203982462  |0.604436489009857   |49        
 [19, 0, 0, 0, 0]    |0.3552453401400703  |0.2930398626498505  |77        
 [18, 4, 2, 13, 0]   |0.6216520861356802  |0.3837075175027871  |193       
 [13, 6, 0, 0, 0]    |0.46178514935904014 |0.3336524019175963  |130       
 [13, 15, 0, 0, 0]   |0.6874697553344891  |0.3544324707653497  |265       
 [8, 0, 0, 0, 0]     |0.6726640203967136  |0.6193967238160367  |33        
 [18, 11, 0, 0, 0]   |0.46926168210941904 |0.23595959209637724 |275       
 [18, 18, 0, 0, 0]   |0.8233108941259859  |0.2917315081050419  |415       
 [19, 6, 16, 0, 0]   |0.5965216278190999  |0.2775817539842581  |306       
 [13, 5, 0, 0, 0]    |0.6408018484913899  |0.48068889860783004 |115       
 [19, 15, 15, 14, 0] |2.0551157311495385  |0.254191378559281   |836       
Increasing Epochs
Gen 2 Train time: 69.95048925876617 minutes:
 Average MSE:        0.35086244150093265
 Average Error:      0.6579647080990725
 Structure           |Error               |MSE                 |weights&biases
 [15, 0, 0, 0, 0]    |0.2620264364604987  |0.22496512747486133 |61        
 [19, 0, 0, 0, 0]    |0.21430407111003935 |0.17677821062657245 |77        
 [13, 14, 0, 0, 0]   |0.3378110487783589  |0.1808172245386027  |250       
 [18, 6, 13, 6, 0]   |1.0003553872175506  |0.41701016711178446 |350       
 [12, 0, 0, 0, 0]    |0.346021009662716   |0.306126830483111   |49        
 [19, 18, 16, 0, 0]  |1.4737094355533507  |0.23288340645141994 |738       
 [18, 11, 0, 0, 0]   |0.4529276132428523  |0.22774630647351546 |275       
 [10, 5, 0, 0, 0]    |0.7046907363123474  |0.5613019716943615  |91        
 [17, 0, 0, 0, 0]    |0.21247420632455621 |0.17880942949113315 |69        
 [18, 5, 1, 0, 0]    |0.6095553636435389  |0.411673178843558   |157       
 [13, 6, 5, 5, 0]    |0.9275518241845078  |0.5710910580040005  |194       
 [14, 17, 13, 1, 0]  |1.7107106103036223  |0.435791590119714   |547       
 [12, 6, 0, 0, 0]    |0.7389698462726074  |0.5460754301690132  |121       
 [12, 8, 0, 0, 0]    |0.36955336163096425 |0.2546258329293942  |149       
 [17, 19, 0, 0, 0]   |0.9404789675560808  |0.33491919221067307 |413       
 [18, 0, 0, 0, 0]    |0.18263240369013736 |0.1521665142383422  |73        
 [18, 0, 0, 0, 0]    |0.3979340838404743  |0.331552567951572   |73        
 [18, 8, 18, 0, 0]   |1.0973111222703444  |0.4170132650563736  |387       
 [4, 0, 0, 0, 0]     |1.0908463381246638  |1.045456729807117   |17        
 [13, 11, 11, 0, 0]  |1.1092943946417708  |0.47769832388598193 |337       
 [19, 2, 16, 6, 0]   |0.8851420466599379  |0.4690681827271462  |254       
 [18, 5, 13, 0, 0]   |0.518155068018283   |0.2836594947176518  |241       
 [18, 4, 2, 13, 0]   |0.4128264832952124  |0.2548123437488775  |193       
 [18, 4, 2, 13, 0]   |0.5224768498479441  |0.32249275676696626 |193       
 [18, 14, 0, 0, 0]   |0.374515778632466   |0.16208711451175595 |335       
 [18, 5, 0, 0, 0]    |0.2148079233010637  |0.1458012289907495  |155       
Gen 3 Train time: 68.67296357154846 minutes:
 Average MSE:        0.3826847840199425
 Average Error:      0.5721804327197477
 Structure           |Error               |MSE                 |weights&biases
 [18, 0, 0, 0, 0]    |0.2645977284197919  |0.2204587641376894  |73        
 [17, 0, 0, 0, 0]    |0.3383637033708383  |0.2847527792047771  |69        
 [17, 2, 13, 0, 0]   |0.7345112762558631  |0.5176013481415983  |140       
 [18, 3, 7, 0, 0]    |0.409869889941209   |0.2838198675473821  |147       
 [18, 18, 0, 0, 0]   |0.694962335654508   |0.24625255380826722 |415       
 [17, 4, 2, 13, 0]   |0.5266053675479921  |0.3307793179381875  |186       
 [19, 0, 0, 0, 0]    |0.2903418566361051  |0.2395013478758083  |77        
 [19, 2, 0, 0, 0]    |0.44366255851073794 |0.3455247479876257  |100       
 [17, 8, 0, 0, 0]    |0.3956299674824373  |0.23757404631884413 |204       
 [12, 0, 0, 0, 0]    |0.5216226260650358  |0.46148261743186386 |49        
 [18, 8, 0, 0, 0]    |0.29243081405478144 |0.17084011268169735 |215       
 [4, 4, 0, 0, 0]     |1.3798914074854425  |1.257976912850744   |37        
 [3, 0, 0, 0, 0]     |1.335246781952699   |1.2925488609952194  |13        
 [17, 11, 0, 0, 0]   |0.512950110626099   |0.26711481647042695 |261       
 [20, 0, 0, 0, 0]    |0.3186840878499427  |0.26026498676615706 |81        
 [15, 5, 0, 0, 0]    |0.6669005761558076  |0.4806507782005681  |131       
 [18, 12, 0, 0, 0]   |0.3370445602164099  |0.16121117440055627 |295       
 [17, 15, 4, 0, 0]   |1.235697740798329   |0.46609573914439756 |390       
 [12, 6, 0, 0, 0]    |0.5144143682781166  |0.3801360080651596  |121       
 [18, 5, 1, 0, 0]    |0.5015959481274447  |0.33876102283209286 |157       
 [12, 17, 0, 0, 0]   |0.6017726389295278  |0.30259028561267176 |275       
 [18, 5, 0, 0, 0]    |0.175961556680907   |0.11943419416258852 |155       
 [18, 5, 14, 0, 0]   |1.0209597596353093  |0.5492196237038105  |248       
 [18, 9, 0, 0, 0]    |0.3302941010133672  |0.18354933239558452 |235       
 [18, 5, 3, 0, 0]    |0.42543925802329696 |0.27744485243447803 |171       
 [17, 14, 0, 0, 0]   |0.6072402310014401  |0.27421829341031045 |318       
Gen 4 Train time: 70.60817916790644 minutes:
 Average MSE:        0.27486915476552504
 Average Error:      0.4839499166260111
 Structure           |Error               |MSE                 |weights&biases
 [18, 5, 0, 0, 0]    |0.33535381560762756 |0.2276219503961247  |155       
 [18, 0, 0, 0, 0]    |0.20637935677649252 |0.1719521108899798  |73        
 [18, 18, 0, 0, 0]   |0.6939779964677357  |0.24590376362767716 |415       
 [18, 8, 0, 0, 0]    |0.3673627563239035  |0.2146158738034961  |215       
 [7, 0, 0, 0, 0]     |0.7294581258081371  |0.6784440164371524  |29        
 [16, 6, 0, 0, 0]    |0.4185283407182391  |0.2826599563158868  |157       
 [18, 5, 17, 1, 0]   |0.6880956150980667  |0.34947352359467715 |271       
 [18, 5, 18, 0, 0]   |0.371615296933648   |0.18639333984079415 |276       
 [18, 5, 13, 0, 0]   |0.34456767666970634 |0.18863058395622095 |241       
 [17, 2, 1, 7, 0]    |0.6234833772802553  |0.471218599616323   |112       
 [18, 5, 3, 0, 0]    |0.3926928207973137  |0.25608967593729565 |171       
 [19, 2, 17, 0, 0]   |1.0201378138129014  |0.6736380903309789  |166       
 [17, 6, 16, 0, 0]   |0.5125437754054467  |0.24948183895684223 |288       
 [18, 11, 0, 0, 0]   |0.5782550623779763  |0.29076490548520273 |275       
 [18, 9, 0, 0, 0]    |0.36345951235222507 |0.20197984354063808 |235       
 [18, 3, 7, 0, 0]    |0.3310820910546139  |0.22926220621844012 |147       
 [17, 15, 0, 0, 0]   |0.3005229092497002  |0.12941496029490085 |337       
 [18, 9, 3, 0, 0]    |0.3546338014923466  |0.18559849509124246 |259       
 [17, 0, 0, 0, 0]    |0.39819075696162254 |0.3351007320492877  |69        
 [18, 5, 3, 2, 0]    |0.5092750854304375  |0.3263558379222574  |178       
 [18, 5, 17, 0, 0]   |0.3460579980316606  |0.17663869680621186 |269       
 [18, 5, 18, 0, 0]   |0.5682527196995883  |0.2850219653830146  |276       
 [19, 13, 0, 0, 0]   |0.5006087580018991  |0.21883649960752666 |331       
 [18, 20, 5, 0, 0]   |0.6274692349085039  |0.16064462734464086 |545       
 [18, 8, 16, 0, 0]   |0.7882183279896948  |0.3149062947098521  |367       
 [17, 14, 0, 0, 0]   |0.21247480702654692 |0.09594963574698752 |318       
Increasing Epochs
Gen 5 Train time: 80.32525304555892 minutes:
 Average MSE:        0.4339461501769374
 Average Error:      0.7042078856211236
 Structure           |Error               |MSE                 |weights&biases
 [18, 0, 0, 0, 0]    |0.17003924630974093 |0.14167408889042318 |73        
 [17, 14, 0, 0, 0]   |0.25677779605450946 |0.1159560342429969  |318       
 [17, 14, 13, 0, 0]  |1.1429671846559155  |0.31778751052831816 |512       
 [18, 5, 0, 0, 0]    |0.15653187160759502 |0.10624626366608769 |155       
 [17, 0, 0, 0, 0]    |0.18762341407254032 |0.1578960392879098  |69        
 [1, 14, 0, 0, 0]    |5.861637207013308   |5.224864954196261   |46        
 [18, 7, 0, 0, 0]    |0.29658366260426716 |0.18214978551501954 |195       
 [19, 2, 17, 0, 0]   |0.3361252886039009  |0.2219570674287433  |166       
 [18, 5, 13, 0, 0]   |0.3735925885990626  |0.2045200200734704  |241       
 [17, 14, 7, 0, 0]   |0.6871364239001364  |0.24287158617191623 |416       
 [18, 7, 1, 7, 0]    |0.5105488845519125  |0.2967785955288395  |217       
 [17, 2, 7, 16, 0]   |1.0814288643325496  |0.5745220445259254  |253       
 [18, 3, 0, 0, 0]    |0.4741752863153796  |0.35569622132426615 |115       
 [18, 5, 3, 2, 0]    |0.5509226522758007  |0.3530446097944449  |178       
 [19, 13, 0, 0, 0]   |0.5211592021392428  |0.22781993664995107 |331       
 [18, 11, 3, 2, 0]   |0.8483081348276736  |0.3908187651672897  |310       
 [18, 16, 3, 0, 0]   |0.7513980419907356  |0.2675845329174915  |413       
 [17, 0, 0, 0, 0]    |0.18788017742154747 |0.15811212061252983 |69        
 [18, 3, 7, 0, 0]    |0.4734801757138061  |0.3278676576527232  |147       
 [19, 13, 14, 0, 0]  |0.867863501187071   |0.23183697845474835 |528       
 [17, 5, 0, 0, 0]    |0.2972837324285119  |0.20585808236353795 |147       
 [18, 14, 0, 0, 0]   |0.39876920912591063 |0.17258378458543996 |335       
 [18, 17, 0, 0, 0]   |0.7361512071217801  |0.2742213267230291  |395       
 [18, 15, 0, 0, 0]   |0.43331603569079064 |0.17838913866112316 |355       
 [18, 9, 0, 0, 0]    |0.30687841335104254 |0.17053688735095057 |235       
 [17, 14, 0, 0, 0]   |0.4008268242544824  |0.18100587228693998 |318       
Gen 6 Train time: 80.38439232110977 minutes:
 Average MSE:        0.4626135045094226
 Average Error:      0.7849595386951609
 Structure           |Error               |MSE                 |weights&biases
 [18, 5, 0, 0, 0]    |0.3837953973596283  |0.2605017531760187  |155       
 [18, 0, 0, 0, 0]    |0.14106781841188346 |0.11753554005325151 |73        
 [1, 0, 0, 0, 0]     |5.313334603419368   |5.247331300932929   |5         
 [18, 19, 0, 0, 0]   |0.7092829893823875  |0.2390695671837264  |435       
 [18, 12, 0, 0, 0]   |0.4670536743957148  |0.22339559881661697 |295       
 [17, 14, 0, 0, 0]   |0.3656776936631704  |0.16513318448805983 |318       
 [18, 5, 18, 0, 0]   |0.5487243721878592  |0.2752270136027256  |276       
 [17, 0, 0, 0, 0]    |0.2323722798496663  |0.19555481819757564 |69        
 [18, 5, 13, 0, 0]   |0.3005669586900062  |0.16454277279754437 |241       
 [18, 3, 5, 0, 0]    |0.5357366802910422  |0.3803693568090968  |137       
 [18, 19, 0, 0, 0]   |1.4790447140442127  |0.49852398115429636 |435       
 [17, 14, 4, 0, 0]   |0.6003162404790119  |0.23923745250315642 |368       
 [18, 5, 17, 0, 0]   |0.686513777318323   |0.35041784803345033 |269       
 [18, 13, 16, 0, 0]  |1.1789716579433658  |0.3041125494018745  |542       
 [18, 16, 3, 0, 0]   |0.6309509242280869  |0.22469144037976324 |413       
 [17, 5, 0, 0, 0]    |0.220458797147327   |0.15265963209686992 |147       
 [18, 15, 18, 0, 0]  |1.12935101040648    |0.22461737962276188 |646       
 [18, 7, 0, 0, 0]    |0.6055722214353585  |0.3719181605612737  |195       
 [19, 10, 0, 0, 0]   |0.31290169650660776 |0.1601144821063926  |268       
 [17, 13, 13, 0, 0]  |0.8057156457925363  |0.2420709544711161  |481       
 [18, 5, 15, 0, 0]   |0.24628652272571544 |0.13019008628770035 |255       
 [18, 16, 0, 0, 0]   |0.41345981568733536 |0.16191319022791278 |375       
 [19, 2, 17, 9, 0]   |1.3227084662465687  |0.5943312249676496  |320       
 [18, 7, 8, 0, 0]    |0.591322064889181   |0.30869718668100044 |260       
 [19, 5, 16, 0, 0]   |0.46892563875935583 |0.2387564997618222  |270       
 [11, 2, 11, 0, 0]   |0.7188363448139969  |0.5570381429304065  |102       
Gen 7 Train time: 79.62038144270579 minutes:
 Average MSE:        0.38476911170244676
 Average Error:      0.7434171928109871
 Structure           |Error               |MSE                 |weights&biases
 [18, 0, 0, 0, 0]    |0.43428732138112885 |0.3618415272275243  |73        
 [17, 5, 0, 0, 0]    |0.19906189808387226 |0.1378430641880013  |147       
 [17, 5, 17, 0, 0]   |0.48071839316318105 |0.25033039803229606 |261       
 [17, 5, 10, 18, 7]  |1.3653530741927238  |0.35395448682739095 |540       
 [17, 5, 11, 0, 0]   |0.533777509156224   |0.3087337029611248  |219       
 [18, 19, 0, 0, 0]   |0.7116122018231341  |0.23985464707204165 |435       
 [18, 5, 15, 0, 0]   |0.20027903281373932 |0.10586996103183602 |255       
 [8, 6, 19, 0, 0]    |0.99750169595741    |0.5598975659047964  |231       
 [18, 5, 0, 0, 0]    |0.7674662976284721  |0.5209190037482079  |155       
 [18, 16, 3, 0, 0]   |0.980335044786058   |0.34911256138854807 |413       
 [18, 20, 19, 0, 0]  |2.3704973282008206  |0.2810001084390876  |853       
 [17, 14, 0, 0, 0]   |0.2765841299251866  |0.12490020295160646 |318       
 [12, 10, 12, 0, 0]  |0.9574632739693596  |0.44000556042034117 |311       
 [18, 17, 0, 0, 0]   |0.7813477059307281  |0.2910573296348266  |395       
 [9, 5, 0, 0, 0]     |0.8320236340553808  |0.6761134225015766  |83        
 [5, 0, 0, 0, 0]     |1.2462567149681358  |1.1825160691423238  |21        
 [18, 5, 15, 19, 0]  |1.083476659862154   |0.2651856851566479  |563       
 [18, 1, 10, 0, 0]   |0.5606152646983903  |0.4322632888713799  |104       
 [17, 5, 8, 0, 0]    |0.43184350950027917 |0.26323923989610754 |198       
 [18, 10, 0, 0, 0]   |0.4475280354577976  |0.23656882604698132 |255       
 [5, 5, 0, 0, 0]     |1.3419629720865358  |1.1813211686211     |51        
 [17, 14, 3, 0, 0]   |0.7995318362959692  |0.3316321430409636  |352       
 [17, 0, 0, 0, 0]    |0.40659949497881476 |0.3421771752261025  |69        
 [18, 2, 0, 0, 0]    |0.43159289472616036 |0.3403528149505731  |95        
 [19, 5, 0, 0, 0]    |0.46825720543675375 |0.3115368809767114  |163       
 [18, 5, 16, 0, 0]   |0.2228738840072579  |0.11577007000551656 |262       
Result:  [17, 5]
Fold 0
Fold 0 Train time: 17.756911055246988 minutes, MSE: 0.07236210671844301
Fold 1
Fold 1 Train time: 17.337779227892558 minutes, MSE: 0.3760433212203153
Fold 2
Fold 2 Train time: 17.19151714245478 minutes, MSE: 0.41749961676723363
Fold 3
Fold 3 Train time: 17.066158282756806 minutes, MSE: 0.810140661875425
Fold 4
Fold 4 Train time: 16.675926025708517 minutes, MSE: 0.326101129586219
Total Time: 653.760310737292 minutes
CellsPerSensor: 1
 Resulting Network Architecture: [17, 5]
 MSE after 5-Fold CV: 0.4004293672335272
 Weights and Biases: 147
 Objective Function Value: 0.5782679771345964
~/workspace/SolarCellResearch
