/tmp/tmp.jaTay4eW6O ~/workspace/SolarCellResearch
Using TensorFlow backend.
Genetically searching for best layer structure...
  Training on:     datasets/N1dataset10k.mat
  Evaluating with: datasets/N1dataset100k.mat
Gen 0 Train time: 60.755063219865164 minutes:
 Average MSE:        0.8303267270811413
 Average Error:      1.8616423711409595
 Structure           |Error               |MSE                 |weights&biases
 [12, 11, 9, 0, 0]   |0.9835593708754018  |0.4680981531763308  |297       
 [7, 0, 0, 0, 0]     |0.9588343046557447  |0.8917789434831341  |29        
 [14, 7, 10, 18, 0]  |1.3369869630627769  |0.4406160345180409  |444       
 [9, 5, 19, 10, 0]   |1.9828878864865276  |0.7258254722662668  |402       
 [6, 0, 0, 0, 0]     |0.9428555952930391  |0.885730862565057   |25        
 [12, 14, 5, 13, 0]  |1.22921424107896    |0.46948221435724263 |385       
 [12, 15, 13, 18, 0] |6.281421556439739   |1.064596993145737   |710       
 [11, 0, 0, 0, 0]    |0.5822093590591413  |0.5202607387169979  |45        
 [1, 12, 0, 0, 0]    |5.758658843658772   |5.210649999446147   |40        
 [20, 0, 0, 0, 0]    |0.11735265447688084 |0.09584032660827527 |81        
 [19, 4, 12, 1, 0]   |0.9529555004203148  |0.5609143434297212  |212       
 [8, 15, 14, 17, 0]  |3.6259159012217284  |0.7033553198622081  |656       
 [7, 9, 0, 0, 0]     |1.2188439157970565  |0.942143952255103   |103       
 [9, 0, 0, 0, 0]     |0.4147566067355616  |0.3781125332727723  |37        
 [19, 20, 7, 16, 0]  |1.0657889098170104  |0.16385314417447505 |749       
 [20, 15, 19, 0, 0]  |1.4425192065690364  |0.251299715660065   |699       
 [12, 10, 18, 0, 0]  |0.8598123415954994  |0.33004009860065564 |383       
 [3, 20, 0, 0, 0]    |1.5575074271662288  |1.1830392233913105  |110       
 [16, 12, 15, 7, 0]  |1.6708919913488016  |0.40488897323880246 |567       
 [11, 3, 6, 13, 0]   |1.2157010452477919  |0.741055989152768   |198       
 [12, 20, 7, 10, 7]  |2.4319288496867464  |0.5318917476485174  |608       
 [14, 0, 0, 0, 0]    |0.33939275998606394 |0.2943171774768131  |57        
 [7, 20, 16, 0, 0]   |3.661693910207936   |0.9636046884887719  |534       
 [18, 3, 15, 9, 0]   |0.9957132378735969  |0.44184507091853104 |325       
 [2, 15, 17, 0, 0]   |4.913656899763628   |2.094926461174785   |341       
Gen 1 Train time: 61.09364715019862 minutes:
 Average MSE:        0.39890105163699074
 Average Error:      0.7729881630832002
 Structure           |Error               |MSE                 |weights&biases
 [20, 0, 0, 0, 0]    |0.24545280729537822 |0.20045798983389437 |81        
 [14, 0, 0, 0, 0]    |0.3876421989548159  |0.3361584904520985  |57        
 [20, 12, 1, 0, 0]   |0.793022469940195   |0.3501464713781867  |327       
 [9, 4, 0, 0, 0]     |0.8784331590411024  |0.7337290504629331  |72        
 [20, 19, 0, 0, 0]   |1.0067526175476564  |0.30398707976373657 |479       
 [20, 4, 0, 0, 0]    |0.5136058873109594  |0.3538794134542004  |149       
 [14, 9, 2, 0, 0]    |0.8046277259767652  |0.48803138545976343 |200       
 [14, 12, 0, 0, 0]   |0.8924515816145783  |0.49594858490709137 |235       
 [20, 12, 0, 0, 0]   |0.8636144415209436  |0.38322658537209275 |325       
 [20, 11, 3, 0, 0]   |1.0645653063942324  |0.4653649012949234  |331       
 [19, 3, 12, 1, 0]   |0.9175409808099788  |0.5850499596310957  |180       
 [17, 7, 17, 0, 0]   |0.6051808031672196  |0.2645492042995451  |331       
 [20, 20, 0, 0, 0]   |0.6647217525573352  |0.18997045040629157 |501       
 [20, 20, 0, 0, 0]   |0.5877617815209597  |0.16797610419332576 |501       
 [20, 19, 0, 0, 0]   |0.688726037391625   |0.20795954558719537 |479       
 [11, 0, 0, 0, 0]    |0.3594951643680697  |0.3212439251776469  |45        
 [19, 5, 2, 19, 0]   |0.9141241088597335  |0.4942128766377575  |246       
 [15, 0, 0, 0, 0]    |0.3533508529636866  |0.3033725174990514  |61        
 [20, 18, 0, 0, 0]   |0.8547227120046815  |0.2726740437512182  |457       
 [20, 17, 9, 0, 0]   |1.366699805278418   |0.31345449922307533 |589       
 [4, 0, 0, 0, 0]     |1.2328273851618707  |1.1815300115722571  |17        
 [19, 4, 12, 1, 0]   |1.0092781431911506  |0.5940661308700539  |212       
 [11, 18, 0, 0, 0]   |0.578189595777777   |0.2958645757464221  |268       
 [12, 10, 18, 0, 0]  |1.234083602529068   |0.4737046145492056  |383       
 [20, 6, 0, 0, 0]    |0.28860379351142534 |0.17813733375936308 |193       
 [20, 13, 0, 0, 0]   |0.9922175254735816  |0.41673159727933307 |347       
Increasing Epochs
Gen 2 Train time: 69.85174358685812 minutes:
 Average MSE:        0.3163939580093854
 Average Error:      0.5417849485792136
 Structure           |Error               |MSE                 |weights&biases
 [20, 0, 0, 0, 0]    |0.3930347260298918  |0.32098614794026453 |81        
 [20, 6, 0, 0, 0]    |0.25933954520950125 |0.16007431697240476 |193       
 [11, 0, 0, 0, 0]    |0.37655637338429215 |0.33648977629300714 |45        
 [20, 7, 0, 0, 0]    |0.24539300055551344 |0.14336029532903552 |215       
 [16, 0, 0, 0, 0]    |0.27712885654340935 |0.23556398712766408 |65        
 [20, 5, 0, 0, 0]    |0.3321983887721031  |0.21663899420114277 |171       
 [14, 0, 0, 0, 0]    |0.2770613727067532  |0.2402641741864242  |57        
 [11, 10, 0, 0, 0]   |0.6306239867980676  |0.4185137665805005  |164       
 [20, 6, 13, 0, 0]   |0.40894700744707013 |0.1975685438312868  |291       
 [3, 10, 0, 0, 0]    |1.8407900207066854  |1.5843826537458916  |60        
 [20, 19, 0, 0, 0]   |0.9380116564323714  |0.2832308744503703  |479       
 [20, 11, 0, 0, 0]   |0.26986301574179683 |0.12652178175718795 |303       
 [20, 13, 0, 0, 0]   |0.44127242949642864 |0.18533452560375568 |347       
 [7, 0, 0, 0, 0]     |0.7993892753021565  |0.7434845832061191  |29        
 [15, 0, 0, 0, 0]    |0.2944683763661931  |0.2528184435180941  |61        
 [20, 18, 0, 0, 0]   |0.8747065351222387  |0.2790492924518091  |457       
 [14, 15, 0, 0, 0]   |0.7764591187865421  |0.3826971683051542  |283       
 [12, 10, 1, 0, 0]   |0.8713424283388874  |0.5569831808405845  |179       
 [20, 12, 1, 0, 0]   |0.549456054228847   |0.24260359051379882 |327       
 [20, 6, 17, 0, 0]   |0.44447452544023447 |0.1982230164828661  |323       
 [20, 6, 5, 0, 0]    |0.3797812344712643  |0.21531356084180248 |227       
 [20, 20, 0, 0, 0]   |0.6236173636895896  |0.17822325056389215 |501       
 [20, 4, 0, 0, 0]    |0.21910384552038575 |0.15096466425699276 |149       
 [20, 9, 0, 0, 0]    |0.37478254032628183 |0.19614338841451912 |259       
 [20, 17, 9, 0, 0]   |0.6839319578576539  |0.15686074478459117 |589       
 [20, 12, 0, 0, 0]   |0.504675027785391   |0.2239481860448615  |325       
Increasing Epochs
Gen 3 Train time: 80.07876574993134 minutes:
 Average MSE:        0.25492743246078287
 Average Error:      0.4075396753013392
 Structure           |Error               |MSE                 |weights&biases
 [20, 4, 0, 0, 0]    |0.20738254335989031 |0.14288857393958515 |149       
 [20, 7, 0, 0, 0]    |0.14524862697535704 |0.08485525671957173 |215       
 [20, 4, 11, 0, 0]   |0.36207041905952103 |0.21364990569627654 |211       
 [20, 12, 0, 0, 0]   |0.23700816658136503 |0.10517173638772923 |325       
 [11, 0, 0, 0, 0]    |0.30368855897773245 |0.27137529064970967 |45        
 [20, 6, 20, 0, 0]   |0.6348544533850629  |0.2666390217939154  |347       
 [20, 9, 0, 0, 0]    |0.1890865706017723  |0.09895893397068155 |259       
 [20, 2, 0, 0, 0]    |0.3501590576299204  |0.26931656294562545 |105       
 [13, 0, 0, 0, 0]    |0.2938797461601614  |0.25741013193607154 |53        
 [20, 13, 0, 0, 0]   |0.2783464916242796  |0.1169055928500358  |347       
 [15, 0, 0, 0, 0]    |0.34225546467904716 |0.29384647320537466 |61        
 [12, 5, 0, 0, 0]    |0.48995230891917646 |0.3749557644821734  |107       
 [14, 0, 0, 0, 0]    |0.3831413506752153  |0.33225541084027116 |57        
 [20, 11, 0, 0, 0]   |0.2714463440299863  |0.12726410473011418 |303       
 [20, 4, 1, 3, 0]    |0.6475680031242345  |0.43516436582389295 |159       
 [20, 6, 0, 0, 0]    |0.4831793445103727  |0.2982368288075433  |193       
 [16, 0, 0, 0, 0]    |0.35746127654381693 |0.30384783669475507 |65        
 [15, 9, 0, 0, 0]    |0.40728231820454225 |0.24764755879276504 |199       
 [16, 1, 0, 0, 0]    |0.893776084390141   |0.755934913269162   |67        
 [20, 5, 0, 0, 0]    |0.28982201550001424 |0.1890037762294641  |171       
 [20, 16, 0, 0, 0]   |0.42453977017310757 |0.15118521709971508 |413       
 [20, 9, 0, 0, 0]    |0.35198238730897646 |0.18421087078632215 |259       
 [11, 4, 14, 0, 0]   |0.5870024662493272  |0.38762137333759794 |166       
 [12, 5, 18, 0, 0]   |0.44919631457809867 |0.2540319428639945  |228       
 [20, 12, 7, 0, 0]   |0.7537716099345876  |0.26977530734869726 |411       
 [20, 10, 6, 0, 0]   |0.461929864659114   |0.19596049277930988 |343       
Result:  [20, 7]
Fold 0
Fold 0 Train time: 18.55769416093826 minutes, MSE: 0.1609133434029472
Fold 1
Fold 1 Train time: 18.524619336922964 minutes, MSE: 0.09225613379601609
Fold 2
Fold 2 Train time: 18.52203005552292 minutes, MSE: 0.29702785576458474
Fold 3
Fold 3 Train time: 18.608043221632638 minutes, MSE: 0.19066225472260506
Fold 4
Fold 4 Train time: 18.492450205485024 minutes, MSE: 0.23176368810149098
Total Time: 364.48938839038215 minutes
CellsPerSensor: 1
 Resulting Network Architecture: [20, 7]
 MSE after 5-Fold CV: 0.1945246551575288
 Weights and Biases: 215
 Objective Function Value: 0.33297217128056866
~/workspace/SolarCellResearch
