/tmp/tmp.9DBZWsWXJk ~/workspace/SolarCellResearch
Using TensorFlow backend.
Genetically searching for best layer structure...
  Training on:     datasets/N1dataset10k.mat
  Evaluating with: datasets/N1dataset100k.mat
Gen 0 Train time: 61.537292035420734 minutes:
 Average MSE:        1.1371921093980455
 Average Error:      2.658105293134596
 Structure           |Error               |MSE                 |weights&biases
 [15, 2, 3, 10, 3]   |1.9797790852665347  |1.3171696966661393  |163       
 [7, 17, 7, 13, 3]   |3.2844099231424457  |1.1125859696286153  |433       
 [3, 18, 4, 14, 7]   |3.5720441400909557  |1.5267450030548237  |340       
 [3, 9, 11, 13, 0]   |3.035974518848514   |1.3472055262137288  |325       
 [5, 1, 16, 7, 0]    |1.797915757318173   |1.1464017011104473  |180       
 [15, 19, 0, 0, 0]   |0.8753377537339262  |0.3479677545507743  |369       
 [19, 4, 15, 0, 0]   |1.028603361003432   |0.5817013669792841  |228       
 [19, 0, 0, 0, 0]    |0.1669244569471624  |0.13769503610493627 |77        
 [19, 17, 0, 0, 0]   |0.9307913825964484  |0.32981608249493993 |415       
 [16, 13, 0, 0, 0]   |0.4251917732278359  |0.2095663295902043  |283       
 [20, 4, 4, 16, 15]  |1.0383857280901791  |0.2865527396381552  |515       
 [8, 13, 0, 0, 0]    |1.3663591977016865  |0.9274185384144712  |155       
 [20, 4, 5, 0, 0]    |0.5342602290481933  |0.34494432961399407 |175       
 [9, 10, 0, 0, 0]    |0.9197197398612614  |0.6513642392558556  |138       
 [1, 10, 7, 18, 0]   |10.144423254554903  |5.2562829920407665  |263       
 [9, 1, 18, 20, 0]   |2.643230581955639   |0.8081576519670932  |474       
 [4, 0, 0, 0, 0]     |1.1101510440280538  |1.0639581758846117  |17        
 [18, 3, 19, 11, 0]  |0.653192863891637   |0.229148997525274   |419       
 [7, 9, 0, 0, 0]     |1.3175256742735408  |1.0184231384097302  |103       
 [1, 18, 8, 9, 20]   |17.863460679069732  |5.208319878917239   |493       
 [4, 0, 0, 0, 0]     |1.4223203838688359  |1.3631382948159856  |17        
 [16, 9, 0, 0, 0]    |0.37193987408659535 |0.2194736571678416  |211       
 [5, 19, 13, 19, 0]  |6.51233072189876    |1.2046600535961782  |675       
 [16, 17, 1, 15, 0]  |2.0195995153220387  |0.7411140380790295  |401       
 [5, 8, 3, 7, 0]     |1.438760688538412   |1.0499915432310207  |126       
Gen 1 Train time: 60.796362058321634 minutes:
 Average MSE:        0.3715607580173027
 Average Error:      0.8753590941872382
 Structure           |Error               |MSE                 |weights&biases
 [19, 0, 0, 0, 0]    |0.3163695409858869  |0.2609714368119401  |77        
 [16, 9, 0, 0, 0]    |0.31504788257291605 |0.18590292622179108 |211       
 [19, 5, 0, 0, 0]    |0.4139003114310965  |0.2753726169323188  |163       
 [19, 9, 11, 0, 0]   |0.41227553178888743 |0.1680382937307679  |359       
 [19, 10, 0, 0, 0]   |0.4125990986425453  |0.2111304979623862  |268       
 [16, 9, 1, 0, 0]    |0.7984258923865943  |0.46878402195212104 |213       
 [19, 17, 7, 13, 9]  |2.1020472442011724  |0.31205112202065693 |763       
 [7, 0, 0, 0, 0]     |0.9170328428688115  |0.8529008357147789  |29        
 [3, 0, 0, 0, 0]     |1.4832938246858993  |1.435861721992092   |13        
 [19, 6, 0, 0, 0]    |0.4964903101182909  |0.3134262129303389  |184       
 [16, 9, 9, 0, 0]    |0.7452109324864707  |0.3511337865690628  |301       
 [16, 13, 0, 0, 0]   |0.5525192388545088  |0.27232283455462786 |283       
 [16, 9, 19, 0, 0]   |0.8811246217441273  |0.3153550259927602  |411       
 [19, 20, 0, 0, 0]   |1.1115787002282436  |0.33647926794373617 |478       
 [19, 19, 15, 0, 0]  |1.4921677452855027  |0.2271215199137595  |753       
 [19, 8, 20, 0, 0]   |0.8289391320188155  |0.29153111149337285 |418       
 [19, 20, 0, 0, 0]   |0.71190587583483    |0.21549672362070468 |478       
 [19, 6, 0, 0, 0]    |0.2548745221556722  |0.16089811749326852 |184       
 [7, 4, 4, 16, 15]   |3.355964103918877   |1.1626932630617994  |424       
 [19, 20, 0, 0, 0]   |0.7802482934749921  |0.23618424367874918 |478       
 [15, 19, 0, 0, 0]   |0.5914822795402885  |0.2351283944857348  |369       
 [19, 0, 0, 0, 0]    |0.17979773916202713 |0.14831413346060968 |77        
 [20, 4, 4, 16, 0]   |0.3857133437589247  |0.2008572508203641  |261       
 [16, 9, 15, 0, 0]   |0.8062204909613044  |0.3220984573846416  |367       
 [18, 3, 0, 0, 0]    |0.43959785697155435 |0.3297584271885229  |115       
 [19, 19, 11, 0, 0]  |1.9745090927899522  |0.37076746451896436 |669       
Increasing Epochs
Gen 2 Train time: 69.5648747285207 minutes:
 Average MSE:        0.3342753579486026
 Average Error:      0.6937240258682842
 Structure           |Error               |MSE                 |weights&biases
 [19, 0, 0, 0, 0]    |0.214034415059228   |0.17655577288238894 |77        
 [19, 6, 0, 0, 0]    |0.21371416952774103 |0.13491426003595755 |184       
 [19, 17, 0, 0, 0]   |0.49570274189150315 |0.17564702410178903 |415       
 [19, 18, 0, 0, 0]   |0.5983242646423412  |0.20116648635770756 |436       
 [18, 19, 0, 0, 0]   |0.5807263195873806  |0.19573850205662482 |435       
 [19, 7, 0, 0, 0]    |0.3192659979430699  |0.1912391242985597  |205       
 [19, 16, 0, 0, 0]   |0.72851398361073    |0.27205569885213826 |394       
 [20, 4, 4, 0, 0]    |0.29051801248670633 |0.19040732237839048 |169       
 [17, 0, 0, 0, 0]    |0.1700305781750843  |0.14309064241470038 |69        
 [18, 3, 0, 0, 0]    |0.4386290840622127  |0.32903171520432856 |115       
 [19, 5, 0, 0, 0]    |0.48484021614017714 |0.32256974789635506 |163       
 [9, 6, 0, 0, 0]     |0.549377560743787   |0.43432188496417795 |94        
 [19, 11, 0, 0, 0]   |0.49224051550612113 |0.23900093156788554 |289       
 [19, 10, 0, 0, 0]   |0.300378962890218   |0.15370649189755006 |268       
 [15, 20, 0, 0, 0]   |0.6168315813646701  |0.23500246956858736 |386       
 [19, 19, 10, 0, 0]  |1.9274607500381862  |0.3814419749672852  |648       
 [18, 7, 4, 0, 0]    |0.29476527383100404 |0.16837259612014738 |224       
 [19, 10, 7, 0, 0]   |0.9163703044463237  |0.3897168872879676  |342       
 [3, 16, 19, 0, 0]   |4.5487173212432666  |1.607765434100433   |416       
 [7, 5, 0, 0, 0]     |1.1717689770989985  |0.9910548016948001  |67        
 [18, 3, 8, 0, 0]    |0.7208048366086721  |0.4929306113302885  |152       
 [12, 6, 6, 0, 0]    |0.4693958182083615  |0.3122944130923701  |163       
 [18, 0, 0, 0, 0]    |0.30576432624554384 |0.2547581412888793  |73        
 [19, 3, 0, 0, 0]    |0.3640751168890373  |0.26904003874019033 |121       
 [19, 12, 0, 0, 0]   |0.4423330880431046  |0.20378452612240672 |310       
 [16, 9, 0, 0, 0]    |0.3822404562919195  |0.22555180744175965 |211       
Increasing Epochs
Gen 3 Train time: 78.47863355477651 minutes:
 Average MSE:        0.3415946358595244
 Average Error:      0.5244957856203698
 Structure           |Error               |MSE                 |weights&biases
 [17, 0, 0, 0, 0]    |0.18186055382791821 |0.15304625648178422 |69        
 [19, 6, 0, 0, 0]    |0.6617165795233891  |0.41773085461389875 |184       
 [19, 0, 0, 0, 0]    |0.1894691875383905  |0.1562920562750713  |77        
 [17, 18, 0, 0, 0]   |0.4996342731734067  |0.18658303672493745 |394       
 [18, 7, 4, 0, 0]    |1.0161866238041186  |0.5804550100788384  |224       
 [17, 13, 10, 0, 0]  |0.7162066901353363  |0.24080050212660759 |436       
 [19, 7, 0, 0, 0]    |0.23069283178316627 |0.13818413303139937 |205       
 [17, 7, 0, 0, 0]    |0.30595851359556747 |0.1926643424023705  |185       
 [17, 5, 0, 0, 0]    |0.2969542757212435  |0.20562994567598344 |147       
 [19, 10, 0, 0, 0]   |0.4625504332567765  |0.23669102435637415 |268       
 [14, 0, 0, 0, 0]    |0.4431133215654995  |0.384262357602703   |57        
 [20, 4, 4, 0, 0]    |0.3788069691909204  |0.248272456790324   |169       
 [18, 3, 0, 0, 0]    |0.4172429094144933  |0.3129891635777238  |115       
 [9, 0, 0, 0, 0]     |0.4286806804598723  |0.3908064040969511  |37        
 [19, 0, 0, 0, 0]    |0.452456065979282   |0.37322843806306444 |77        
 [19, 11, 0, 0, 0]   |0.5004294837872637  |0.24297697780162678 |289       
 [19, 10, 0, 0, 0]   |0.3338256444770361  |0.1708214457640201  |268       
 [17, 1, 0, 0, 0]    |0.7462371936885956  |0.624869922248591   |71        
 [17, 8, 0, 0, 0]    |0.4834742755203883  |0.2903241649194565  |204       
 [19, 7, 0, 0, 0]    |0.3496258690987288  |0.2094245722041666  |205       
 [17, 17, 0, 0, 0]   |0.40994321760088714 |0.1605360706304988  |375       
 [12, 6, 6, 0, 0]    |0.4130387774128609  |0.2747994284842177  |163       
 [2, 6, 0, 0, 0]     |2.2764409446308145  |2.1066799696043637  |31        
 [19, 9, 10, 0, 0]   |0.8320920060496421  |0.34860623505107335 |348       
 [17, 19, 0, 0, 0]   |0.44326356896879937 |0.15785305315357595 |413       
 [19, 12, 0, 0, 0]   |0.1669895359252173  |0.07693271058801024 |310       
Result:  [19, 12]
Fold 0
Fold 0 Train time: 18.408319143454232 minutes, MSE: 0.22332177512036114
Fold 1
Fold 1 Train time: 18.477288059393565 minutes, MSE: 0.18273172982122757
Fold 2
Fold 2 Train time: 18.45882445971171 minutes, MSE: 0.3371772851587464
Fold 3
Fold 3 Train time: 18.416434566179912 minutes, MSE: 0.09467662241840247
Fold 4
Fold 4 Train time: 18.36931744416555 minutes, MSE: 0.09340331421009157
Total Time: 362.51316154003143 minutes
CellsPerSensor: 1
 Resulting Network Architecture: [19, 12]
 MSE after 5-Fold CV: 0.18626214534576585
 Weights and Biases: 310
 Objective Function Value: 0.40429914627981745
~/workspace/SolarCellResearch
