/tmp/tmp.BMfMoqXpX2 ~/workspace/SolarCellResearch
Using TensorFlow backend.
Genetically searching for best layer structure...
  Training on:     datasets/N10dataset10k.mat
  Evaluating with: datasets/N10dataset100k.mat
Gen 0 Train time: 10.879683295885721 minutes:
 Average MSE:        0.8110649498938775
 Average Error:      1.9980553765239302
 Structure           |Error               |MSE                 |weights&biases
 [9, 5, 0, 0, 0]     |0.7554663553069851  |0.6139019640365161  |83        
 [14, 18, 14, 15, 4] |8.529813754841706   |0.9642232029252693  |872       
 [3, 2, 15, 9, 18]   |5.083292943640129   |1.846808970279596   |405       
 [2, 8, 13, 6, 0]    |3.452785218970263   |1.9044270747657546  |238       
 [8, 0, 0, 0, 0]     |1.3321010646312361  |1.2266138966936686  |33        
 [7, 20, 9, 18, 0]   |0.9521653963095795  |0.22957706201077058 |569       
 [17, 17, 4, 16, 20] |1.437408245906336   |0.16330129688854994 |870       
 [6, 0, 0, 0, 0]     |2.4862566759268687  |2.335621998872911   |25        
 [12, 20, 15, 8, 3]  |6.190487079462005   |0.9030419880252165  |770       
 [14, 1, 10, 0, 0]   |0.32688261621484227 |0.2623294442395654  |88        
 [16, 15, 8, 16, 0]  |0.7581495452011383  |0.17258340991882606 |592       
 [9, 14, 0, 0, 0]    |0.3446594302603215  |0.218668475162855   |182       
 [5, 9, 0, 0, 0]     |1.4119646441806986  |1.1589125392120092  |79        
 [10, 8, 6, 0, 0]    |0.36417375604627517 |0.23278868378761905 |179       
 [3, 9, 9, 0, 0]     |1.9102086403299159  |1.329379739091012   |145       
 [18, 15, 7, 16, 0]  |0.6061710080100613  |0.13661436978624591 |596       
 [17, 18, 0, 0, 0]   |0.42687961479286574 |0.15941359334326738 |394       
 [5, 9, 1, 7, 0]     |1.3581243663045197  |1.0550673517721216  |101       
 [14, 15, 0, 0, 0]   |0.377278409699372   |0.18595103793779283 |283       
 [8, 19, 0, 0, 0]    |1.3086759172430855  |0.7645375604082199  |215       
 [14, 12, 0, 0, 0]   |0.227460772850274   |0.12640332623185974 |235       
 [5, 8, 9, 0, 0]     |1.3064527115910292  |0.8889765787733245  |154       
 [13, 6, 16, 0, 0]   |0.3760767455398836  |0.20029539122389917 |252       
 [2, 3, 13, 16, 0]   |4.0708997163303575  |1.8848797684454268  |308       
 [9, 14, 4, 18, 9]   |4.5575497835085095  |1.3123050235146356  |498       
Gen 1 Train time: 11.062782990932465 minutes:
 Average MSE:        0.3915266676371386
 Average Error:      0.7845859582543662
 Structure           |Error               |MSE                 |weights&biases
 [14, 12, 0, 0, 0]   |0.28256861522454363 |0.15702757185575883 |235       
 [14, 1, 10, 0, 0]   |0.3054165322002279  |0.2451025082991955  |88        
 [9, 14, 0, 0, 0]    |1.5705812382169602  |0.9964520750843624  |182       
 [4, 18, 0, 0, 0]    |1.3830225749818754  |1.0220101014623488  |121       
 [10, 8, 6, 0, 0]    |0.47464439461307734 |0.3034041911441566  |179       
 [13, 6, 16, 0, 0]   |0.3752247677932258  |0.1998416348613889  |252       
 [9, 14, 0, 0, 0]    |0.27471550733298    |0.17429269539127573 |182       
 [9, 15, 6, 0, 0]    |0.3066938656084588  |0.15229966642413822 |280       
 [3, 15, 8, 16, 0]   |1.8914552159404423  |0.7728629737221316  |358       
 [5, 14, 0, 0, 0]    |1.2588563274601317  |0.9466779023901676  |114       
 [18, 12, 18, 0, 0]  |0.6408478090242654  |0.16822325589205905 |535       
 [14, 15, 7, 16, 0]  |3.180182598115096   |0.858077047937015   |524       
 [13, 6, 0, 0, 0]    |0.27723603015720993 |0.20031061520372262 |130       
 [19, 14, 16, 0, 0]  |0.5790026138664431  |0.131145447298543   |594       
 [13, 6, 16, 13, 0]  |0.466358828203659   |0.1440204574943545  |470       
 [13, 4, 16, 0, 0]   |0.2284897092933915  |0.14138563730936388 |192       
 [17, 18, 0, 0, 0]   |0.576215564071747   |0.2151814947958252  |394       
 [9, 5, 0, 0, 0]     |0.24953582374489747 |0.20277611467186146 |83        
 [14, 8, 9, 4, 0]    |0.3240767549857402  |0.15774509159349603 |288       
 [5, 12, 0, 0, 0]    |1.4785870547777509  |1.1515247561001547  |100       
 [13, 8, 6, 0, 0]    |0.26178276204403744 |0.15408663471524675 |212       
 [10, 6, 16, 0, 0]   |1.6124078305091367  |0.9187222882857553  |225       
 [7, 20, 14, 0, 0]   |0.6342990626053708  |0.1863302339483263  |490       
 [14, 15, 18, 0, 0]  |0.6882313738445284  |0.163878464109318   |574       
 [14, 9, 0, 0, 0]    |0.3397471909587074  |0.21287428602881003 |187       
 [9, 14, 19, 3, 0]   |0.7390548690396137  |0.2034402125468288  |516       
Increasing Epochs
Gen 2 Train time: 13.234748486677805 minutes:
 Average MSE:        0.2483385488746045
 Average Error:      0.4797787212015028
 Structure           |Error               |MSE                 |weights&biases
 [13, 4, 16, 0, 0]   |0.3288110256140101  |0.203462801692693   |192       
 [9, 5, 0, 0, 0]     |0.16141441263337422 |0.1311674891189067  |83        
 [9, 14, 0, 0, 0]    |0.48303333892730654 |0.3064595203336774  |182       
 [13, 8, 6, 9, 0]    |0.35164074107202176 |0.17549490873960338 |278       
 [14, 1, 10, 0, 0]   |0.19776124872062228 |0.15870711960683254 |88        
 [9, 15, 6, 0, 0]    |1.958801593686446   |0.9727120844678808  |280       
 [11, 5, 18, 18, 0]  |0.8340439621013316  |0.20464691193313977 |562       
 [14, 12, 0, 0, 0]   |0.3434400090376935  |0.19085470852611733 |235       
 [9, 5, 16, 2, 0]    |0.3101302221311337  |0.1834591965539441  |210       
 [13, 4, 0, 0, 0]    |0.28465097628173996 |0.221686403230259   |100       
 [13, 8, 6, 18, 0]   |0.41108549592805765 |0.17136593009311135 |350       
 [14, 12, 5, 0, 0]   |0.294736745583361   |0.1416816401817771  |293       
 [14, 1, 10, 19, 0]  |0.3348794927111144  |0.15583079074594677 |306       
 [13, 4, 3, 0, 0]    |0.2599792978721446  |0.19550813782779747 |114       
 [14, 1, 2, 13, 0]   |0.38299851742056806 |0.2880203444834576  |114       
 [14, 9, 10, 0, 0]   |0.4047304777424081  |0.19700347309687424 |288       
 [14, 15, 18, 0, 0]  |0.6933873856899536  |0.16510618974675548 |574       
 [12, 6, 16, 0, 0]   |0.2625989950720735  |0.14304054692838197 |243       
 [13, 4, 6, 0, 0]    |0.20034435019226077 |0.14403230821221336 |132       
 [13, 6, 16, 0, 0]   |0.3621519675116456  |0.19287916861521864 |252       
 [10, 6, 16, 0, 0]   |0.35586242503406507 |0.20276429775150592 |225       
 [13, 8, 6, 6, 0]    |1.6814826028484873  |0.8910773042380091  |254       
 [13, 8, 6, 0, 0]    |0.3607422572006009  |0.2123346853612611  |212       
 [10, 8, 6, 0, 0]    |0.319628679349341   |0.2043143920482105  |179       
 [9, 14, 14, 0, 0]   |0.4773634010954298  |0.17915978261656715 |392       
 [13, 14, 0, 0, 0]   |0.4185471297818839  |0.22403213458957438 |250       
Gen 3 Train time: 13.072414255142212 minutes:
 Average MSE:        0.2620243701963493
 Average Error:      0.4544428000081388
 Structure           |Error               |MSE                 |weights&biases
 [9, 5, 0, 0, 0]     |0.3250094871229573  |0.2641070129379982  |83        
 [14, 1, 10, 0, 0]   |0.22065610117665457 |0.17708066907937586 |88        
 [9, 5, 19, 0, 0]    |0.48968571879926676 |0.28895292775927645 |211       
 [13, 4, 0, 0, 0]    |0.18764890939498338 |0.14614111757930817 |100       
 [9, 5, 17, 0, 0]    |0.3458994099137975  |0.21137800213360855 |197       
 [13, 16, 16, 0, 0]  |0.6801236533677428  |0.17110452461597211 |552       
 [10, 8, 5, 0, 0]    |1.0752115352613443  |0.7047003649346493  |169       
 [14, 12, 16, 13, 0] |0.8235914695040192  |0.15620583888430906 |665       
 [5, 1, 10, 0, 0]    |1.0636023386826865  |0.9339443539136905  |52        
 [10, 6, 16, 0, 0]   |0.27505483245244877 |0.15672151939064702 |225       
 [14, 1, 10, 14, 0]  |0.2947692433023016  |0.1593643076086061  |246       
 [9, 5, 16, 2, 0]    |0.9647790986374781  |0.5707202512279808  |210       
 [13, 5, 0, 0, 0]    |0.21467186115930265 |0.16103321291237616 |115       
 [9, 4, 16, 6, 0]    |0.3838571789922948  |0.2024049823971735  |256       
 [10, 14, 0, 0, 0]   |0.46252007435863784 |0.28123481474106227 |199       
 [14, 9, 10, 0, 0]   |0.28706551645073586 |0.13972978774071004 |288       
 [13, 8, 6, 0, 0]    |0.2171547612495526  |0.12781837166080337 |212       
 [13, 4, 6, 0, 0]    |0.34273994910355665 |0.2464038838057973  |132       
 [14, 12, 6, 0, 0]   |0.3356309236536404  |0.15579049357509986 |307       
 [13, 4, 5, 0, 0]    |0.19096095818977418 |0.1393611827066557  |126       
 [14, 15, 10, 0, 0]  |0.7241818102608775  |0.2422674981640051  |438       
 [14, 1, 18, 0, 0]   |0.4332431279826425  |0.32743811222670327 |112       
 [9, 16, 0, 0, 0]    |0.3364015792005613  |0.20200766101540135 |204       
 [9, 1, 0, 0, 0]     |0.4061317403092659  |0.3684030526146679  |39        
 [13, 8, 18, 0, 0]   |0.3127924551716466  |0.13639292684435741 |332       
 [14, 15, 6, 9, 0]   |0.42212906651344023 |0.14192675463484528 |436       
Increasing Epochs
Gen 4 Train time: 15.057985281944275 minutes:
 Average MSE:        0.2078177429975268
 Average Error:      0.3827378377116241
 Structure           |Error               |MSE                 |weights&biases
 [13, 4, 0, 0, 0]    |0.19739409355937154 |0.15373067463770873 |100       
 [13, 4, 5, 0, 0]    |0.22764491538106474 |0.16613272652902192 |126       
 [9, 5, 5, 18, 0]    |0.2695955631054959  |0.15019326852462558 |234       
 [13, 9, 0, 0, 0]    |0.23338301733829134 |0.15068340123776297 |175       
 [13, 1, 0, 0, 0]    |0.2319045499133163  |0.20211278117008558 |55        
 [9, 4, 6, 10, 0]    |1.3239768341820761  |0.8484364962482903  |178       
 [13, 5, 0, 0, 0]    |0.19380921620399158 |0.14538338005183718 |115       
 [10, 8, 5, 0, 0]    |0.5367198472665705  |0.3517695447198569  |169       
 [9, 4, 16, 20, 0]   |1.0493412589799023  |0.2946882075582928  |508       
 [12, 8, 6, 0, 0]    |0.2471605021591238  |0.14953611445332765 |201       
 [14, 1, 18, 0, 0]   |0.20651172357369013 |0.15607820309699408 |112       
 [14, 12, 14, 0, 0]  |0.41499473702332945 |0.14558583417551968 |419       
 [13, 18, 0, 0, 0]   |0.3300859071115761  |0.15207182546077652 |310       
 [14, 1, 10, 18, 0]  |0.40097835613980737 |0.1922713106998169  |294       
 [14, 1, 10, 0, 0]   |0.1881929575204164  |0.15102838605428834 |88        
 [13, 14, 6, 0, 0]   |0.8866438512869699  |0.3866204185750609  |332       
 [17, 9, 10, 10, 0]  |0.5239810759670793  |0.1770541413443094  |434       
 [13, 8, 6, 0, 0]    |0.29429991564931973 |0.17322639292711034 |212       
 [13, 9, 10, 0, 0]   |0.2799736357732908  |0.1404280756732988  |276       
 [14, 4, 5, 0, 0]    |0.22615769327955007 |0.1621841655349133  |133       
 [13, 4, 5, 15, 0]   |0.27230149682984844 |0.1547653187005106  |226       
 [13, 4, 17, 0, 0]   |0.24157435901666877 |0.14725670120531514 |198       
 [13, 8, 16, 0, 0]   |0.3700194504898276  |0.16961914040439252 |312       
 [10, 6, 18, 0, 0]   |0.314442283542734   |0.1721386989588401  |241       
 [13, 4, 6, 0, 0]    |0.2322924332469869  |0.1670005433579103  |132       
 [14, 12, 0, 0, 0]   |0.2578041059619275  |0.1432655666358306  |235       
Increasing Epochs
Gen 5 Train time: 16.9248345096906 minutes:
 Average MSE:        0.22294735586284456
 Average Error:      0.3903213950302016
 Structure           |Error               |MSE                 |weights&biases
 [14, 1, 10, 0, 0]   |0.1900938817765121  |0.152553913503308   |88        
 [13, 5, 0, 0, 0]    |0.22359628542647506 |0.1677277498925605  |115       
 [14, 12, 14, 0, 0]  |0.42344816626243337 |0.14855141286272477 |419       
 [14, 12, 0, 0, 0]   |0.28708195378135415 |0.1595357010546642  |235       
 [13, 5, 17, 0, 0]   |0.24944453133230854 |0.1407150004108264  |229       
 [13, 9, 10, 0, 0]   |0.33622675080724373 |0.1686432919847495  |276       
 [13, 8, 16, 0, 0]   |0.2836138706222984  |0.13001030318280354 |312       
 [13, 1, 0, 0, 0]    |0.16332166645856072 |0.14234044241741434 |55        
 [13, 4, 17, 0, 0]   |0.26016051870950885 |0.15858628343243375 |198       
 [19, 10, 17, 0, 0]  |0.41525156203880625 |0.13082813433124124 |462       
 [14, 1, 10, 14, 0]  |0.35417912011606967 |0.19148371659941787 |246       
 [14, 12, 14, 9, 0]  |0.5363967601807709  |0.13596182005838597 |549       
 [13, 9, 5, 0, 0]    |0.27398244412212314 |0.15767942745610988 |221       
 [14, 4, 0, 0, 0]    |0.19064310962768014 |0.14589732839793093 |107       
 [10, 8, 5, 0, 0]    |0.2809474657328725  |0.18413472617860033 |169       
 [9, 5, 5, 18, 0]    |0.39628972524416617 |0.2207753289094608  |234       
 [9, 9, 10, 14, 0]   |0.5280722736919473  |0.20118666452478512 |386       
 [13, 4, 6, 0, 0]    |0.24766552253794305 |0.17805262210534686 |132       
 [13, 5, 1, 0, 0]    |0.21523603790723456 |0.16065115525432266 |117       
 [14, 12, 14, 4, 0]  |0.41557110117598534 |0.12865748544680589 |469       
 [4, 1, 10, 0, 0]    |2.0096827359500757  |1.782428689831773   |48        
 [10, 6, 18, 19, 0]  |0.819197958072235   |0.18142199136896242 |603       
 [14, 1, 0, 0, 0]    |0.188695632387701   |0.1628183734626456  |59        
 [13, 5, 10, 0, 0]   |0.232978597122835   |0.14855371225086705 |180       
 [10, 8, 0, 0, 0]    |0.20041304238133367 |0.14589401724622092 |127       
 [13, 9, 18, 0, 0]   |0.4261655573187656  |0.17154196026959814 |364       
Result:  [13, 1]
Fold 0
Fold 0 Train time: 17.731680607795717 minutes, MSE: 0.008348073211916602
Fold 1
Fold 1 Train time: 17.731028119723003 minutes, MSE: 0.010741293029682226
Fold 2
Fold 2 Train time: 17.73965837160746 minutes, MSE: 0.012151298678508502
Fold 3
Fold 3 Train time: 17.729129219055174 minutes, MSE: 0.01016755496522202
Fold 4
Fold 4 Train time: 17.696411255995432 minutes, MSE: 0.009764154885356136
Total Time: 168.86533890962602 minutes
CellsPerSensor: 10
 Resulting Network Architecture: [13, 1]
 MSE after 5-Fold CV: 0.010234474954137096
 Weights and Biases: 55
 Objective Function Value: 0.01174305402210535
~/workspace/SolarCellResearch
