/tmp/tmp.3TfnjNQMNC ~/workspace/SolarCellResearch
Using TensorFlow backend.
Genetically searching for best layer structure...
  Training on:     datasets/N6dataset10k.mat
  Evaluating with: datasets/N6dataset100k.mat
Gen 0 Train time: 11.177288941542308 minutes:
 Average MSE:        0.8423702948616909
 Average Error:      1.1998905601402947
 Structure           |Error               |MSE                 |weights&biases
 [4, 12, 15, 0, 0]   |1.5294631738456532  |1.1524807662954264  |283       
 [4, 4, 1, 4, 0]     |1.1779584557809193  |1.1205087439782335  |50        
 [16, 18, 15, 0, 0]  |0.38207332703633334 |0.19846495705524878 |655       
 [3, 18, 8, 10, 0]   |2.3778185603612543  |1.702645973596732   |334       
 [10, 20, 2, 2, 20]  |1.275204143758963   |0.872935401864056   |379       
 [14, 15, 0, 0, 0]   |0.4133492106733852  |0.3114668095385908  |283       
 [3, 11, 17, 10, 0]  |2.695000585251564   |1.7218484973859798  |448       
 [14, 18, 1, 0, 0]   |0.3095850469496105  |0.22190133420977348 |333       
 [5, 19, 20, 3, 17]  |2.9191217872844777  |1.4818374133495946  |678       
 [8, 20, 4, 12, 0]   |1.4639257991408692  |1.0203255373150193  |361       
 [2, 11, 15, 0, 0]   |3.0096828223328025  |2.3793675059646544  |235       
 [9, 10, 17, 13, 0]  |1.0007367625707984  |0.5704877919865715  |562       
 [3, 19, 2, 9, 9]    |1.369229868995217   |1.0642267108833647  |252       
 [8, 17, 2, 17, 0]   |0.35632878523151396 |0.26876942574177376 |282       
 [2, 8, 14, 18, 0]   |3.819382044128979   |2.447552733319791   |445       
 [20, 17, 1, 18, 0]  |0.3391784692951686  |0.20778968262928882 |490       
 [10, 18, 0, 0, 0]   |1.0927802152764285  |0.8536150952383963  |247       
 [11, 19, 18, 0, 0]  |0.3597599676904152  |0.18969870543712783 |640       
 [10, 0, 0, 0, 0]    |1.438360026933464   |1.3805798532032394  |41        
 [18, 19, 0, 0, 0]   |0.2931608208948116  |0.18975264113680357 |435       
 [7, 20, 12, 0, 0]   |0.6397574149195879  |0.4095623150876301  |446       
 [11, 2, 14, 4, 18]  |0.3526999345435408  |0.26978292432682516 |268       
 [20, 11, 16, 10, 0] |0.5278980748255238  |0.271755625002533   |664       
 [14, 10, 5, 13, 0]  |0.28606540287286514 |0.20381657883854526 |339       
 [9, 0, 0, 0, 0]     |0.5687433029132227  |0.5480843481570705  |37        
Gen 1 Train time: 11.506008625030518 minutes:
 Average MSE:        0.3225361215784907
 Average Error:      0.479766572064728
 Structure           |Error               |MSE                 |weights&biases
 [14, 10, 5, 13, 0]  |0.2687288808147771  |0.1914646111439099  |339       
 [18, 19, 0, 0, 0]   |0.261200762759536   |0.1690660247480798  |435       
 [20, 11, 16, 10, 0] |0.5186535474905467  |0.266996652724409   |664       
 [18, 19, 1, 0, 0]   |0.3790646575957939  |0.24486493946433324 |437       
 [20, 0, 0, 0, 0]    |0.23818056565089596 |0.21964861506796454 |81        
 [9, 17, 1, 18, 0]   |0.3514916442737563  |0.26832151366932916 |270       
 [9, 15, 0, 0, 0]    |0.8990488299056575  |0.7412495541280718  |193       
 [14, 0, 0, 0, 0]    |0.4265341937935389  |0.40290166983940817 |57        
 [14, 19, 0, 0, 0]   |0.31365653783420455 |0.22169411218409416 |347       
 [8, 10, 5, 13, 0]   |0.5874147608760015  |0.4524743822030383  |261       
 [11, 2, 18, 0, 0]   |0.319270767889986   |0.28035020251069576 |130       
 [18, 19, 3, 0, 0]   |0.32021178178334697 |0.19833997326451352 |479       
 [14, 18, 1, 0, 0]   |1.2442459821248455  |0.8918384341850738  |333       
 [18, 1, 0, 0, 0]    |0.34365815876082134 |0.3188266183140157  |75        
 [14, 10, 5, 0, 0]   |0.2740292294629023  |0.21277489535885077 |253       
 [18, 19, 4, 13, 0]  |0.35371703042836683 |0.19923743304951103 |574       
 [16, 10, 5, 13, 0]  |0.3246158297596663  |0.22534722184113645 |365       
 [14, 18, 15, 0, 0]  |0.4424131256612735  |0.23966548030314402 |613       
 [16, 20, 0, 0, 0]   |0.4127585207399611  |0.2742013598398211  |409       
 [10, 18, 15, 0, 0]  |0.3982499701318685  |0.23464644075050245 |529       
 [11, 11, 14, 4, 18] |0.3551134080192595  |0.21495682578674552 |502       
 [11, 2, 18, 17, 18] |2.0641392239356304  |0.9490567321316463  |777       
 [8, 17, 2, 17, 0]   |0.31306367047368966 |0.2361356882216427  |282       
 [11, 2, 14, 4, 18]  |0.3561963177203008  |0.272457335024446   |268       
 [20, 17, 1, 18, 0]  |0.3786916099508524  |0.23199647551208202 |490       
 [14, 18, 1, 13, 0]  |0.32958186584544896 |0.2274259697742936  |371       
Gen 2 Train time: 11.449977004528046 minutes:
 Average MSE:        0.34747082551409636
 Average Error:      0.46221019748736053
 Structure           |Error               |MSE                 |weights&biases
 [20, 0, 0, 0, 0]    |0.237981618083465   |0.21946514687635146 |81        
 [18, 19, 0, 0, 0]   |0.2756748992283803  |0.1784346218708283  |435       
 [14, 19, 0, 0, 0]   |0.32164503017063795 |0.2273404211322315  |347       
 [14, 19, 9, 0, 0]   |0.3140043441581163  |0.18724292176802249 |517       
 [14, 10, 5, 13, 0]  |0.320365341769336   |0.22825468330711246 |339       
 [14, 18, 1, 13, 0]  |0.2947352518869643  |0.20338027492840335 |371       
 [18, 19, 13, 3, 0]  |0.4021660368279985  |0.19555956831580792 |721       
 [14, 10, 5, 0, 0]   |0.24890440347747586 |0.19326627494475668 |253       
 [11, 2, 18, 0, 0]   |0.3832090389573933  |0.33649410619594644 |130       
 [10, 18, 15, 0, 0]  |0.368361271049689   |0.21703620249744246 |529       
 [8, 17, 2, 12, 0]   |0.33781233905669295 |0.25995031884856645 |262       
 [1, 19, 0, 0, 0]    |0.7673351044643356  |0.7219266989759991  |61        
 [8, 19, 4, 13, 0]   |0.3654197295251202  |0.25647896073146065 |354       
 [18, 10, 5, 13, 0]  |0.29239985251548706 |0.19777345787029027 |391       
 [18, 19, 3, 0, 0]   |0.3694120331413718  |0.22881473120318435 |479       
 [18, 19, 4, 13, 0]  |0.29844732626471393 |0.16810578533202253 |574       
 [20, 16, 0, 0, 0]   |0.3440123922295099  |0.2276200247636467  |413       
 [18, 19, 4, 17, 0]  |0.5375884668341652  |0.2956254661037831  |598       
 [14, 10, 5, 3, 0]   |0.2218690578436684  |0.16953974418825934 |269       
 [14, 0, 0, 0, 0]    |0.33500814548229485 |0.31644670741205316 |57        
 [8, 17, 2, 18, 0]   |0.47889398318114396 |0.3597751465658902  |286       
 [20, 17, 1, 12, 0]  |0.35215235160471065 |0.21965626639568567 |472       
 [14, 18, 1, 13, 0]  |0.3436384630594171  |0.23712563952072446 |371       
 [16, 20, 0, 0, 0]   |0.4781598191093036  |0.3176483731589271  |409       
 [18, 19, 15, 0, 0]  |0.4672672286559341  |0.22495521053818357 |731       
 [7, 6, 1, 0, 0]     |2.861001606094048   |2.6463247099209264  |78        
Gen 3 Train time: 11.58754204114278 minutes:
 Average MSE:        0.2669525421921214
 Average Error:      0.40476890889390094
 Structure           |Error               |MSE                 |weights&biases
 [14, 10, 5, 3, 0]   |0.2371608989439369  |0.18122490143147346 |269       
 [20, 0, 0, 0, 0]    |0.30018278600042386 |0.2768266715298577  |81        
 [16, 20, 0, 0, 0]   |0.33579428684185275 |0.22307292388153166 |409       
 [10, 18, 15, 0, 0]  |0.45597276820607613 |0.2686563594801584  |529       
 [14, 10, 5, 13, 0]  |0.34502844752824907 |0.24582671330036857 |339       
 [14, 10, 5, 0, 0]   |0.2753518902428891  |0.2138018989730584  |253       
 [10, 18, 2, 12, 0]  |0.2725938722674957  |0.19893597517473874 |315       
 [8, 17, 15, 0, 0]   |0.28716186804760246 |0.1807375640864422  |463       
 [18, 19, 15, 0, 0]  |0.45857708746006687 |0.22077153913467856 |731       
 [18, 19, 3, 0, 0]   |0.3252744443430522  |0.20147579903315616 |479       
 [9, 10, 5, 3, 0]    |0.4667898801204688  |0.3806495824892696  |204       
 [14, 18, 1, 14, 0]  |0.4013404599634554  |0.2761129702376802  |374       
 [14, 19, 13, 3, 0]  |1.6304472906456093  |0.8657616741230072  |633       
 [18, 10, 5, 13, 0]  |0.3307147024740524  |0.22368886206388666 |391       
 [14, 10, 5, 15, 0]  |0.3185567056073431  |0.2238106761571073  |353       
 [14, 19, 0, 0, 0]   |0.31723956339859527 |0.22422661374428926 |347       
 [14, 11, 5, 13, 0]  |0.2523719932021268  |0.17625012705183904 |359       
 [14, 18, 1, 3, 0]   |0.3424734404809941  |0.2435187906781085  |341       
 [8, 7, 2, 10, 0]    |0.3818029685201154  |0.33059851261420226 |144       
 [18, 19, 18, 0, 0]  |0.48375221019233894 |0.21867198315879327 |794       
 [14, 19, 9, 0, 0]   |0.41860024142270824 |0.24961416526555893 |517       
 [14, 18, 1, 12, 0]  |0.32318537960201005 |0.22368215409314574 |368       
 [18, 10, 5, 13, 6]  |0.35537078824571383 |0.22255220834384146 |468       
 [14, 0, 0, 0, 0]    |0.36243128612322695 |0.3423504434248817  |57        
 [11, 13, 1, 13, 0]  |0.3518185884014906  |0.27592129689860917 |243       
 [14, 18, 18, 0, 0]  |0.4939977829595271  |0.25202569062547375 |673       
Increasing Epochs
Gen 4 Train time: 13.568151617050171 minutes:
 Average MSE:        0.245811118272953
 Average Error:      0.3597025993934502
 Structure           |Error               |MSE                 |weights&biases
 [14, 10, 5, 3, 0]   |0.2755736200492355  |0.21057772319518264 |269       
 [14, 11, 5, 13, 0]  |0.33631213815485733 |0.2348717713355593  |359       
 [14, 10, 5, 15, 0]  |0.3082270116797479  |0.21655326878901154 |353       
 [14, 10, 5, 13, 0]  |0.46903241084303726 |0.33417736077965515 |339       
 [18, 10, 5, 0, 0]   |0.2715130383357065  |0.20013860700933933 |305       
 [14, 10, 5, 13, 6]  |0.360810254198293   |0.23801940608307107 |416       
 [14, 18, 15, 17, 0] |0.5490671985095359  |0.22615505219132898 |887       
 [7, 19, 9, 0, 0]    |0.5734380372748558  |0.39887571918073805 |363       
 [14, 12, 0, 0, 0]   |0.24604435452587278 |0.19451549440387308 |235       
 [20, 5, 3, 0, 0]    |0.2119301049096823  |0.17578409806883752 |187       
 [9, 10, 5, 13, 0]   |0.3836364891766243  |0.2916911279614617  |274       
 [14, 11, 5, 3, 0]   |0.28892268351992156 |0.2164066163741139  |289       
 [14, 0, 0, 0, 0]    |0.42178341893056154 |0.39841411607894417 |57        
 [20, 18, 18, 0, 0]  |0.492361139209191   |0.22145346342603492 |799       
 [14, 10, 5, 13, 20] |0.39517066360176784 |0.21130820001893383 |626       
 [10, 18, 15, 0, 0]  |0.3628481662214558  |0.21378791493322497 |529       
 [8, 17, 15, 0, 0]   |0.5395718380366701  |0.33960253956916786 |463       
 [20, 0, 0, 0, 0]    |0.2919579604718503  |0.2692417893141746  |81        
 [14, 5, 13, 0, 0]   |0.29046630991284633 |0.23568297997820614 |209       
 [18, 10, 0, 0, 0]   |0.25624671781548475 |0.19856980918359676 |255       
 [14, 18, 5, 13, 6]  |0.5427900023035849  |0.30512529912332603 |576       
 [18, 10, 18, 0, 0]  |0.26440550865888734 |0.16674804195452167 |461       
 [11, 11, 5, 13, 0]  |0.34260577889657096 |0.24953032565416872 |317       
 [14, 13, 1, 13, 0]  |0.26471673478642516 |0.19787990948660977 |291       
 [14, 10, 5, 0, 0]   |0.29266197071583133 |0.22724262049208233 |253       
 [14, 10, 5, 19, 0]  |0.3201740334912068  |0.21873582051161375 |381       
Gen 5 Train time: 13.440380887190502 minutes:
 Average MSE:        0.4039727236427186
 Average Error:      0.5915190060777963
 Structure           |Error               |MSE                 |weights&biases
 [20, 5, 3, 0, 0]    |0.28833198609428284 |0.23915515986546626 |187       
 [14, 12, 0, 0, 0]   |0.41972571640009565 |0.33182291622545335 |235       
 [8, 10, 5, 3, 0]    |0.5239754191830561  |0.4328731691773049  |191       
 [14, 17, 15, 0, 0]  |0.3350153079564413  |0.18701264337002294 |583       
 [8, 17, 15, 14, 2]  |4.203445370685301   |2.079036396297412   |704       
 [12, 13, 8, 0, 0]   |0.27631233762054647 |0.1994436786458941  |326       
 [20, 13, 0, 0, 0]   |0.25754839018035186 |0.18203657446367852 |347       
 [14, 5, 0, 0, 0]    |0.22997189801725726 |0.2033557928268035  |123       
 [14, 18, 5, 13, 0]  |0.35253413891539465 |0.214036693558455   |499       
 [14, 10, 12, 3, 6]  |0.296287756759324   |0.19980285058503225 |394       
 [14, 10, 5, 15, 0]  |0.2499200395228162  |0.17558811993666948 |353       
 [14, 13, 0, 0, 0]   |0.42302616836582946 |0.3291238227434814  |251       
 [9, 10, 5, 0, 0]    |1.1344693417937595  |0.9400379815148879  |188       
 [20, 5, 3, 13, 0]   |0.21595796059513717 |0.1683565011729712  |249       
 [14, 5, 15, 0, 0]   |0.24278786115204712 |0.1942581729362173  |223       
 [14, 10, 0, 0, 0]   |0.26725026704360655 |0.2181505780028798  |203       
 [9, 0, 0, 0, 0]     |0.47547394484034816 |0.45820289362291566 |37        
 [20, 10, 8, 13, 0]  |0.34761963985884775 |0.21317403399691126 |489       
 [14, 10, 5, 13, 6]  |0.3140659475986386  |0.20718310926180586 |416       
 [14, 7, 20, 0, 0]   |0.31306863159964593 |0.22552306483412746 |328       
 [20, 5, 3, 13, 0]   |0.23205555304442738 |0.18090586186614663 |249       
 [20, 10, 3, 0, 0]   |0.19378879085280018 |0.14256084043995249 |307       
 [14, 10, 5, 12, 6]  |0.4051999132043203  |0.2705293399895447  |404       
 [3, 18, 3, 8, 0]    |1.7693563834834705  |1.479369310366333   |179       
 [14, 18, 0, 0, 0]   |0.2396844034765875  |0.17214257751529077 |331       
 [18, 10, 5, 13, 6]  |1.3726209897783668  |0.8596087314950243  |468       
Gen 6 Train time: 13.633587455749511 minutes:
 Average MSE:        0.3420258748960804
 Average Error:      0.47790409505843895
 Structure           |Error               |MSE                 |weights&biases
 [20, 10, 3, 0, 0]   |0.2691995899509545  |0.19803684011140588 |307       
 [20, 5, 3, 13, 0]   |0.19265743030464083 |0.15019187438925666 |249       
 [14, 10, 5, 15, 0]  |0.38616804870656135 |0.2713128638322218  |353       
 [14, 10, 5, 13, 1]  |4.003745465415288   |2.8468988793745584  |341       
 [14, 5, 18, 0, 0]   |0.2574494296871324  |0.20170844460789455 |244       
 [20, 18, 5, 13, 0]  |0.30948235918346256 |0.16565396967796742 |625       
 [14, 5, 3, 6, 0]    |0.25007120991381543 |0.21182187663668423 |166       
 [14, 10, 12, 0, 0]  |0.2600112529110994  |0.18562433192741573 |337       
 [14, 19, 0, 0, 0]   |0.24009030319925656 |0.16969710556425313 |347       
 [14, 17, 15, 0, 0]  |0.5874559670296101  |0.32793036810122317 |583       
 [14, 10, 5, 13, 6]  |0.334759510663241   |0.22083424454154854 |416       
 [14, 19, 1, 15, 0]  |0.761046139913647   |0.5137280226811702  |393       
 [14, 10, 0, 0, 0]   |0.2816857481090887  |0.22993394710114426 |203       
 [14, 10, 0, 0, 0]   |0.4428482964675018  |0.3614874286588195  |203       
 [14, 10, 13, 0, 0]  |0.2662717785192817  |0.18782628335226412 |349       
 [14, 13, 5, 15, 0]  |0.2855356248758017  |0.18892815338399913 |413       
 [9, 5, 3, 13, 0]    |0.3342594558898388  |0.2845524244916103  |161       
 [14, 10, 10, 17, 0] |0.31585449356244644 |0.19023908897870634 |507       
 [14, 5, 3, 13, 0]   |0.3234349844661943  |0.2645414945943297  |201       
 [20, 10, 5, 15, 0]  |0.5400210097975995  |0.3509374652225484  |431       
 [14, 5, 15, 0, 0]   |0.25208570400278496 |0.20169751506749986 |223       
 [14, 5, 0, 0, 0]    |0.1860820594389565  |0.16454560341635205 |123       
 [20, 5, 12, 3, 11]  |0.29243047768446706 |0.2098151605548743  |332       
 [14, 10, 3, 13, 0]  |0.3725227145871323  |0.27846656957174004 |291       
 [14, 10, 17, 0, 0]  |0.33171451643462807 |0.22302295619528376 |397       
 [14, 1, 5, 15, 0]   |0.3486229008049813  |0.29323983526331565 |173       
Gen 7 Train time: 13.802971557776134 minutes:
 Average MSE:        0.2726767292013093
 Average Error:      0.3741572254764246
 Structure           |Error               |MSE                 |weights&biases
 [14, 5, 0, 0, 0]    |0.24443563334224025 |0.21614554839958328 |123       
 [20, 5, 3, 13, 0]   |0.2386943321017562  |0.18608132106696593 |249       
 [14, 10, 12, 0, 0]  |0.2529051818887671  |0.18055124500759615 |337       
 [14, 19, 0, 0, 0]   |0.3629389113585852  |0.25652715638031504 |347       
 [14, 10, 5, 13, 0]  |0.29586358875313173 |0.21079761431114874 |339       
 [20, 5, 3, 10, 6]   |1.0657803571105806  |0.7927140306497072  |296       
 [20, 5, 12, 3, 11]  |0.346263210233663   |0.24843946371353615 |332       
 [9, 5, 3, 13, 0]    |0.5264794517643263  |0.4481877828878108  |161       
 [20, 5, 12, 13, 6]  |0.3674111004095269  |0.2235156392194834  |497       
 [14, 14, 5, 3, 11]  |0.5308757387946327  |0.3555009708873844  |401       
 [14, 5, 18, 0, 0]   |0.30662132924694724 |0.24023401986622495 |244       
 [14, 5, 15, 8, 0]   |0.33617555987585485 |0.2383245792992339  |344       
 [9, 5, 3, 0, 0]     |0.25693720152439786 |0.23271899670070031 |99        
 [14, 10, 11, 13, 0] |0.3716943190127792  |0.2293093105775049  |483       
 [20, 5, 6, 13, 0]   |0.31250231123179684 |0.23012252054020094 |306       
 [14, 17, 9, 13, 0]  |0.5528727290670914  |0.3025140820691681  |603       
 [14, 5, 12, 3, 11]  |0.28214731435887397 |0.21239108714279395 |284       
 [20, 10, 17, 0, 0]  |0.3160116938675972  |0.19652295008445733 |475       
 [14, 8, 7, 13, 0]   |0.28166494346552606 |0.1998802067400832  |343       
 [14, 5, 3, 15, 0]   |0.2721490459935125  |0.22037923977202611 |211       
 [20, 5, 3, 0, 0]    |0.28052113143172247 |0.23267649538978885 |187       
 [14, 5, 15, 13, 0]  |0.3341657375118451  |0.21759533797294056 |429       
 [14, 19, 5, 15, 0]  |0.34545104783806885 |0.20272511501706614 |533       
 [14, 1, 0, 0, 0]    |0.3197877773729503  |0.3014661024231839  |59        
 [8, 5, 3, 13, 0]    |0.600063212960192   |0.5149320780067808  |153       
 [20, 18, 1, 13, 0]  |0.32767500187067394 |0.19934206510835728 |497       
Increasing Epochs
Gen 8 Train time: 15.769301879405976 minutes:
 Average MSE:        0.2673931031401447
 Average Error:      0.3555104904428796
 Structure           |Error               |MSE                 |weights&biases
 [20, 5, 3, 13, 0]   |0.19501509691431146 |0.1520298640620737  |249       
 [14, 5, 0, 0, 0]    |0.24081071405790594 |0.21294016399673046 |123       
 [14, 8, 7, 13, 0]   |0.29638945561776286 |0.21032928320989308 |343       
 [14, 10, 12, 0, 0]  |0.3644986706823606  |0.26021882313292766 |337       
 [20, 18, 1, 13, 0]  |0.43071982076962784 |0.26202968815181815 |497       
 [14, 5, 3, 15, 0]   |0.2966694714993013  |0.24023524445550812 |211       
 [14, 5, 15, 8, 0]   |0.28290636897717614 |0.20056050889736884 |344       
 [14, 19, 0, 0, 0]   |0.26471026187068136 |0.18709862353470177 |347       
 [13, 5, 12, 17, 0]  |0.3777671640007526  |0.2482107137372475  |420       
 [5, 5, 16, 0, 0]    |1.085980183625274   |0.927263943010532   |158       
 [14, 5, 15, 0, 0]   |0.28068588869089817 |0.22458094752902596 |223       
 [20, 5, 3, 17, 0]   |0.28602068480328846 |0.2185607772683122  |269       
 [14, 5, 10, 0, 0]   |0.29647659651549585 |0.2456648682230292  |188       
 [14, 5, 5, 0, 0]    |0.3853087045186372  |0.3306448514200867  |153       
 [20, 5, 8, 8, 14]   |0.28282749811267177 |0.18471926101849045 |426       
 [9, 5, 3, 13, 0]    |0.2459732039408009  |0.20939503821962607 |161       
 [14, 5, 3, 13, 0]   |0.47372468259704875 |0.3874653070300324  |201       
 [20, 10, 5, 13, 0]  |0.37865556861764127 |0.24954194117236206 |417       
 [20, 10, 17, 0, 0]  |0.2699475162329755  |0.1678763263751359  |475       
 [20, 10, 17, 0, 0]  |0.44669274829843264 |0.2777915449980858  |475       
 [14, 1, 0, 0, 0]    |0.43219298330283507 |0.407431250941784   |59        
 [14, 5, 6, 15, 0]   |0.2845551533821447  |0.2163564102972247  |274       
 [20, 5, 5, 3, 11]   |0.42459680780853826 |0.32445278705664904 |269       
 [14, 14, 3, 13, 0]  |0.32365030531501354 |0.22512676157496347 |363       
 [20, 5, 12, 3, 11]  |0.2930532914226951  |0.2102620215165525  |332       
 [20, 18, 3, 15, 0]  |0.30344390994059894 |0.1714337308136016  |571       
Increasing Epochs
Gen 9 Train time: 18.24920553366343 minutes:
 Average MSE:        0.24898809338923406
 Average Error:      0.3621968582577057
 Structure           |Error               |MSE                 |weights&biases
 [20, 5, 3, 13, 0]   |0.2356295374126493  |0.1836920685048024  |249       
 [14, 5, 0, 0, 0]    |0.2132418352165884  |0.1885620062198115  |123       
 [20, 10, 17, 13, 0] |0.40731141477915445 |0.20125606243477998 |705       
 [14, 8, 7, 0, 0]    |0.2483441344320024  |0.19672669355411332 |233       
 [19, 10, 17, 13, 0] |0.3580804074989039  |0.17924571304623912 |692       
 [20, 5, 3, 0, 0]    |0.23336950336612713 |0.19356687283040658 |187       
 [13, 5, 12, 17, 18] |0.5750204018879554  |0.2729819079414456  |745       
 [3, 5, 12, 5, 0]    |1.5671298827403348  |1.3194907229173551  |172       
 [14, 2, 7, 0, 0]    |0.2023685898945604  |0.1829276532242256  |101       
 [14, 5, 3, 15, 0]   |0.24688512851654082 |0.19992117457134584 |211       
 [14, 10, 12, 0, 0]  |0.28576805513294085 |0.20401234072121435 |337       
 [14, 15, 3, 11, 0]  |0.3927367023109967  |0.27100558205748093 |371       
 [20, 5, 8, 8, 14]   |0.2624184712655311  |0.17138979205784327 |426       
 [20, 20, 1, 13, 0]  |0.41926764695338276 |0.24408328317353284 |541       
 [14, 8, 10, 13, 0]  |0.327750556737475   |0.21772935949223488 |409       
 [20, 5, 3, 2, 0]    |0.1855697797123183  |0.15284601585342955 |194       
 [14, 5, 5, 3, 11]   |0.2830847964251674  |0.22695380323061093 |221       
 [20, 1, 0, 0, 0]    |0.22059507597518194 |0.20302493124486926 |83        
 [14, 5, 15, 8, 0]   |0.3193559957262022  |0.22640070371636067 |344       
 [20, 18, 3, 15, 0]  |0.28945319156355176 |0.163529531818113   |571       
 [18, 5, 12, 17, 0]  |0.3341913093635128  |0.21096950807173126 |460       
 [20, 18, 11, 15, 11]|0.49842406768788916 |0.18063009321708465 |1015      
 [20, 5, 3, 13, 12]  |0.29491209203713425 |0.19454768864417377 |416       
 [9, 18, 3, 15, 0]   |0.3460410484864636  |0.24630174877032207 |340       
 [20, 5, 8, 8, 17]   |0.39281298235016443 |0.2489703036054823  |456       
 [16, 10, 12, 0, 0]  |0.27735570722761715 |0.1929248672010774  |363       
Gen 10 Train time: 18.141469268004098 minutes:
 Average MSE:        0.2785306134948327
 Average Error:      0.39189314695223215
 Structure           |Error               |MSE                 |weights&biases
 [20, 5, 3, 2, 0]    |0.23948809903057056 |0.1972562657447851  |194       
 [14, 2, 7, 0, 0]    |0.1997262661235203  |0.1805391694840029  |101       
 [20, 5, 3, 15, 0]   |0.2093858020666237  |0.16160878273349202 |259       
 [14, 5, 3, 2, 5]    |0.21821472596832042 |0.18520800772238752 |164       
 [20, 13, 14, 2, 0]  |0.311543721707051   |0.17760104010505018 |562       
 [20, 5, 8, 8, 14]   |0.3974110298678377  |0.2595556381456927  |426       
 [20, 5, 8, 8, 0]    |0.28906202971961453 |0.21543113531890995 |294       
 [14, 8, 10, 13, 14] |0.7339789645266791  |0.400406535414081   |606       
 [20, 5, 1, 13, 0]   |0.3556405170240407  |0.2879884678183172  |211       
 [20, 20, 3, 13, 12] |0.43826025928822265 |0.20170635127759193 |776       
 [19, 10, 17, 13, 0] |0.3473420108519287  |0.17387035174846605 |692       
 [14, 5, 5, 12, 11]  |0.34311471483697165 |0.23605500191662068 |374       
 [20, 18, 3, 0, 0]   |0.40337444554665464 |0.24490374990746977 |499       
 [14, 18, 12, 15, 0] |0.3455806537056827  |0.1630775829360258  |751       
 [20, 5, 3, 0, 0]    |0.2804665022224942  |0.23263118353437076 |187       
 [9, 5, 3, 2, 0]     |0.23258585975163348 |0.20919345505454917 |106       
 [16, 18, 3, 6, 0]   |0.26677090707036843 |0.1714669032696207  |442       
 [20, 10, 12, 2, 0]  |0.22071366590442032 |0.14343274251774857 |431       
 [16, 5, 3, 2, 0]    |0.3496537195538474  |0.2973599304293468  |162       
 [18, 5, 12, 17, 0]  |0.2953597770608906  |0.18645579679911195 |460       
 [20, 1, 10, 0, 0]   |0.20890645678738534 |0.1867716180455084  |112       
 [14, 8, 7, 0, 0]    |0.22280290852975626 |0.17649412018345728 |233       
 [20, 12, 8, 0, 0]   |0.26987949219680574 |0.17643905762445797 |425       
 [20, 5, 3, 8, 14]   |0.27075798481533286 |0.18965855507321291 |356       
 [2, 5, 14, 9, 0]    |2.3620042162858423  |1.839530733261374   |250       
 [20, 1, 0, 0, 0]    |0.3771970903155398  |0.3471537748        |83        
Result:  [14, 2, 7]
Fold 0
Fold 0 Train time: 18.934744397799175 minutes, MSE: 0.012574966514104202
Fold 1
Fold 1 Train time: 18.915170737107594 minutes, MSE: 0.011868035500900508
Fold 2
Fold 2 Train time: 18.904934008916218 minutes, MSE: 0.03332712831511716
Fold 3
Fold 3 Train time: 18.879236781597136 minutes, MSE: 0.014234512102525255
Fold 4
Fold 4 Train time: 18.838979665438334 minutes, MSE: 0.008856026934318589
MSE after 5-Fold CV: 0.01617213387339314
final score:  [0.017890853951605872]
Total Time: 246.80491283337275 minutes
~/workspace/SolarCellResearch
