/tmp/tmp.ri9gE9JkRP ~/workspace/SolarCellResearch
Using TensorFlow backend.
Genetically searching for best layer structure...
  Training on:     datasets/N8dataset10k.mat
  Evaluating with: datasets/N8dataset100k.mat
Gen 0 Train time: 10.701372269789378 minutes:
 Average MSE:        0.8607664248091758
 Average Error:      1.0565582060162964
 Structure           |Error               |MSE                 |weights&biases
 [1, 2, 15, 18, 1]   |5.067814293360593   |3.532160130602569   |361       
 [16, 4, 0, 0, 0]    |0.21968834399716294 |0.19465133330820802 |121       
 [7, 3, 1, 14, 0]    |0.35727373075367796 |0.32587120961761584 |92        
 [4, 3, 15, 2, 0]    |0.8119847138233698  |0.7187269446898282  |122       
 [13, 15, 17, 0, 0]  |0.2939031910425388  |0.17144292818246334 |539       
 [17, 13, 7, 2, 0]   |0.37407258785875125 |0.25024735876806514 |402       
 [9, 0, 0, 0, 0]     |0.5772931039307037  |0.5563235873595999  |37        
 [8, 10, 0, 0, 0]    |0.35700896679134086 |0.31505930738828497 |125       
 [3, 9, 0, 0, 0]     |1.8559522914384148  |1.7566312791566954  |55        
 [8, 17, 6, 7, 0]    |0.34062550833327637 |0.24196271832269378 |342       
 [13, 17, 17, 0, 0]  |0.3418349939635855  |0.18741551305928747 |601       
 [11, 0, 0, 0, 0]    |0.4458004496054662  |0.42618410722288946 |45        
 [14, 0, 0, 0, 0]    |0.33327555269528375 |0.31481011054081526 |57        
 [18, 18, 10, 0, 0]  |0.31163238006361865 |0.17154132918552262 |597       
 [20, 14, 1, 2, 0]   |1.1786642790103095  |0.8092736438421001  |376       
 [13, 13, 18, 0, 0]  |0.2951804295625473  |0.1804740129819681  |492       
 [20, 10, 3, 0, 0]   |0.21928977510781628 |0.16132065483088148 |307       
 [19, 0, 0, 0, 0]    |0.19093957263628886 |0.17678901295590027 |77        
 [12, 9, 6, 10, 1]   |4.745247869285752   |3.5294557080142868  |296       
 [6, 13, 0, 0, 0]    |0.3480960948082758  |0.3078087277182847  |123       
 [16, 13, 6, 6, 19]  |0.3139598907793024  |0.18150174017093976 |548       
 [9, 1, 4, 6, 0]     |0.20621948037156076 |0.189984224603251   |82        
 [3, 6, 9, 2, 0]     |3.326218981796601   |2.953043159081493   |119       
 [4, 0, 0, 0, 0]     |1.351071575472325   |1.328297486915354   |17        
 [1, 0, 0, 0, 0]     |2.55090709391885    |2.538184391710396   |5         
Gen 1 Train time: 11.355166673660278 minutes:
 Average MSE:        0.32053745927203187
 Average Error:      0.42792549163213167
 Structure           |Error               |MSE                 |weights&biases
 [19, 0, 0, 0, 0]    |0.2128935193637012  |0.1971159494774289  |77        
 [9, 1, 4, 6, 0]     |0.3081780431407308  |0.2839157894314689  |82        
 [18, 17, 17, 0, 0]  |0.3403776832494762  |0.16885761317013062 |701       
 [19, 14, 0, 0, 0]   |0.2161973518602854  |0.15204729998726343 |352       
 [18, 18, 10, 6, 0]  |0.38820888130372855 |0.20084702499831372 |659       
 [9, 1, 4, 0, 0]     |0.30326602088108295 |0.28847556251333406 |50        
 [16, 4, 0, 0, 0]    |0.1835904606603104  |0.1626673828023349  |121       
 [13, 17, 17, 0, 0]  |0.3455749255935903  |0.18946597956395048 |601       
 [13, 15, 17, 19, 0] |0.45146431746650156 |0.18669874689327762 |883       
 [13, 13, 18, 0, 0]  |0.26009886631788337 |0.1590250622170813  |492       
 [20, 10, 3, 0, 0]   |0.29046274215440976 |0.21367909080706013 |307       
 [15, 0, 0, 0, 0]    |0.2890986927647735  |0.2719907687419635  |61        
 [13, 15, 17, 0, 0]  |1.0188245128572484  |0.5943122195057661  |539       
 [13, 15, 17, 0, 0]  |0.2539401498247251  |0.14813123571272488 |539       
 [7, 3, 1, 14, 0]    |0.8842747918422834  |0.8065515912522597  |92        
 [9, 1, 9, 6, 0]     |1.0399262932644737  |0.9204890618460333  |122       
 [5, 4, 0, 0, 0]     |0.6718958181196603  |0.6429733621591992  |44        
 [14, 0, 0, 0, 0]    |0.2611782916559311  |0.2467074653454726  |57        
 [18, 13, 18, 0, 0]  |0.29442830470248016 |0.16617401558156059 |572       
 [13, 18, 10, 0, 0]  |0.2840475151790962  |0.17366732278931646 |492       
 [5, 7, 0, 0, 0]     |0.5162523567341966  |0.4837632863875199  |65        
 [13, 18, 6, 0, 0]   |0.3521502445574643  |0.23323765578810035 |412       
 [16, 13, 4, 6, 0]   |0.21635718933782377 |0.1506456960917303  |362       
 [9, 1, 6, 6, 19]    |1.1922168965135271  |0.9340871957775955  |244       
 [18, 18, 10, 0, 0]  |0.29442290612148725 |0.16206819281242119 |597       
 [13, 6, 18, 0, 0]   |0.25673600696855037 |0.19637936941952328 |268       
Gen 2 Train time: 11.36223646402359 minutes:
 Average MSE:        0.19175080485044724
 Average Error:      0.2856418674132289
 Structure           |Error               |MSE                 |weights&biases
 [16, 4, 0, 0, 0]    |0.21406985545918814 |0.189673161661979   |121       
 [19, 0, 0, 0, 0]    |0.31907345968875434 |0.2954268788809387  |77        
 [16, 4, 17, 0, 0]   |0.21729690956644987 |0.17455932674239372 |219       
 [13, 15, 14, 0, 0]  |0.35523291267543833 |0.21806074404518597 |488       
 [16, 13, 4, 0, 0]   |0.2059595432057075  |0.14806920373738133 |330       
 [15, 6, 0, 0, 0]    |0.17321279395820996 |0.1493841030156058  |148       
 [19, 13, 4, 6, 0]   |0.20615351161078027 |0.13681382954697494 |410       
 [13, 17, 17, 0, 0]  |0.27093186004182407 |0.14854194114267483 |601       
 [15, 0, 0, 0, 0]    |0.27983175568130525 |0.26327221897229447 |61        
 [19, 8, 0, 0, 0]    |0.28310708571345167 |0.225839646983436   |226       
 [13, 15, 17, 0, 0]  |0.35104853066862796 |0.20477759298390832 |539       
 [14, 19, 0, 0, 0]   |0.29661409587701976 |0.20964842340223253 |347       
 [18, 17, 17, 0, 0]  |0.38877013990863796 |0.192864576990129   |701       
 [13, 15, 17, 19, 0] |0.4083904511526476  |0.16888596179926674 |883       
 [16, 13, 4, 6, 0]   |0.26246080755944    |0.1827468325531503  |362       
 [18, 18, 10, 6, 16] |0.37145555334731367 |0.17010726623888645 |781       
 [13, 15, 17, 19, 0] |0.4399633498160948  |0.1819426318132627  |883       
 [9, 6, 18, 0, 0]    |0.41205035129843526 |0.3267337286692514  |232       
 [16, 14, 4, 0, 0]   |0.21608482671795196 |0.15212020746414517 |351       
 [19, 6, 0, 0, 0]    |0.1700444429960668  |0.1414660603701915  |184       
 [13, 6, 10, 0, 0]   |0.22192446245181924 |0.18097104837542582 |204       
 [13, 18, 18, 0, 0]  |0.3921231413829932  |0.20429722660905053 |652       
 [18, 18, 10, 6, 0]  |0.37383669647982093 |0.19341131009423013 |659       
 [19, 7, 0, 0, 0]    |0.18056515409054455 |0.14709691821727566 |205       
 [16, 5, 0, 0, 0]    |0.19633872211713907 |0.17085945905801042 |139       
 [14, 0, 0, 0, 0]    |0.22014813927828944 |0.20795062674434756 |57        
Gen 3 Train time: 11.262917733192443 minutes:
 Average MSE:        0.35898918548982756
 Average Error:      0.4428915122189518
 Structure           |Error               |MSE                 |weights&biases
 [19, 6, 0, 0, 0]    |0.25903807077283564 |0.2155030456301093  |184       
 [15, 6, 0, 0, 0]    |0.19562312194887657 |0.16871146717081334 |148       
 [13, 15, 17, 19, 0] |0.4436632634226026  |0.1834726956681977  |883       
 [15, 0, 0, 0, 0]    |0.3258619592864239  |0.30657850425561156 |61        
 [16, 13, 4, 0, 0]   |0.2544765093120549  |0.18294920214534685 |330       
 [14, 19, 0, 0, 0]   |0.22987379690726428 |0.16247602448089415 |347       
 [13, 6, 10, 0, 0]   |0.20355771513164284 |0.16599365705471691 |204       
 [19, 7, 0, 0, 0]    |0.16941658666922285 |0.13801476768566423 |205       
 [1, 13, 4, 6, 0]    |3.36955848016254    |2.982559191290064   |122       
 [13, 17, 14, 7, 0]  |0.3861658824280918  |0.20321550651310263 |642       
 [15, 5, 9, 0, 0]    |0.2233137596535405  |0.18485611700047164 |189       
 [16, 6, 0, 0, 0]    |0.28766716301909334 |0.24587029182098777 |157       
 [16, 13, 4, 6, 0]   |0.32018338730325596 |0.2229380470551099  |362       
 [13, 15, 14, 0, 0]  |0.2993699510683104  |0.18376910456596987 |488       
 [1, 14, 0, 0, 0]    |1.9624563172891842  |1.874228131977426   |46        
 [16, 4, 18, 0, 0]   |0.26442695164788593 |0.2111492095679385  |225       
 [20, 6, 16, 0, 0]   |0.27646858539696834 |0.2017636977076121  |315       
 [16, 13, 4, 4, 0]   |0.21038637223680468 |0.14825677075440405 |350       
 [13, 13, 4, 6, 0]   |0.228582740308441   |0.16698404130414052 |314       
 [19, 20, 0, 0, 0]   |0.24798688817624656 |0.15375737522976443 |478       
 [19, 8, 0, 0, 0]    |0.2206272844416807  |0.1759983785204703  |226       
 [16, 14, 4, 0, 0]   |0.21498915036964666 |0.1513488691154544  |351       
 [15, 6, 1, 0, 0]    |0.1783818300580329  |0.15353466398024807 |150       
 [19, 18, 4, 0, 0]   |0.2847800526298373  |0.17307363454704822 |498       
 [16, 5, 0, 0, 0]    |0.21627829239694488 |0.1882114319909106  |139       
 [19, 6, 9, 0, 0]    |0.2420452056553163  |0.18850499570303958 |250       
Gen 4 Train time: 11.508595256010691 minutes:
 Average MSE:        0.24566898975442206
 Average Error:      0.37284262227262394
 Structure           |Error               |MSE                 |weights&biases
 [19, 7, 0, 0, 0]    |0.2961300829182407  |0.24124157735803448 |205       
 [15, 6, 1, 0, 0]    |0.22839141750258263 |0.19657831479149843 |150       
 [16, 13, 1, 20, 0]  |0.285364565771921   |0.20230319571600205 |344       
 [15, 6, 4, 6, 0]    |0.22565531784786277 |0.18364576150372644 |206       
 [19, 6, 0, 0, 0]    |0.2159523037620443  |0.17965845341849793 |184       
 [19, 20, 0, 0, 0]   |0.29889008926633764 |0.18531848980305893 |478       
 [16, 13, 4, 0, 0]   |0.2978584972625073  |0.2141375428863849  |330       
 [19, 18, 18, 4, 0]  |0.3774165065725917  |0.16293467760322827 |840       
 [13, 13, 4, 0, 0]   |0.22814200561618644 |0.1720815111728896  |282       
 [14, 7, 6, 0, 0]    |0.24800792841515032 |0.20264602039748064 |202       
 [16, 13, 4, 4, 0]   |0.27579458638873866 |0.19434916023704293 |350       
 [16, 10, 4, 0, 0]   |0.2011247582425322  |0.15399581139129043 |267       
 [16, 13, 4, 6, 0]   |0.35885246903368373 |0.24986264684463913 |362       
 [19, 7, 4, 0, 0]    |0.17171394906912732 |0.1358878625499464  |234       
 [15, 6, 14, 0, 0]   |0.2408728703777466  |0.1868431108874215  |254       
 [13, 6, 10, 0, 0]   |0.229399777562424   |0.1870668865608918  |204       
 [16, 13, 19, 6, 0]  |0.3147451134157145  |0.16235140416593624 |662       
 [13, 13, 9, 6, 0]   |0.30157143749618365 |0.19933900705960603 |414       
 [15, 6, 7, 0, 0]    |0.22380860456453136 |0.1836058320575875  |198       
 [16, 6, 0, 0, 0]    |0.3276300478013538  |0.28002673164644926 |157       
 [11, 7, 10, 0, 0]   |0.20135240057576217 |0.16353983660647511 |208       
 [15, 6, 0, 0, 0]    |0.19209665275706514 |0.16567013041391063 |148       
 [19, 8, 0, 0, 0]    |0.20276099915540108 |0.16174611933808195 |226       
 [4, 6, 10, 18, 19]  |3.270654166578976   |1.6388421982546362  |691       
 [16, 6, 11, 0, 0]   |0.27818894865917926 |0.21905011828584936 |239       
 [19, 6, 3, 0, 0]    |0.20153268247437786 |0.16467133266440745 |202       
Increasing Epochs
Gen 5 Train time: 13.653460784753163 minutes:
 Average MSE:        0.2021489676924859
 Average Error:      0.2675618968042379
 Structure           |Error               |MSE                 |weights&biases
 [19, 7, 4, 0, 0]    |0.1795089848167307  |0.1420565561941408  |234       
 [15, 6, 0, 0, 0]    |0.1881813892115958  |0.16229348530909957 |148       
 [15, 6, 4, 4, 0]    |0.1973726938384667  |0.1625675793668349  |194       
 [16, 13, 0, 0, 0]   |0.18197415053226854 |0.13712112330502724 |283       
 [15, 16, 7, 0, 0]   |0.2159636943778063  |0.14076760117755888 |428       
 [16, 13, 1, 20, 0]  |0.27816504886412713 |0.19719924991208543 |344       
 [15, 13, 14, 0, 0]  |0.34857589262725613 |0.21917181724985518 |464       
 [9, 6, 0, 0, 0]     |0.26523188057978864 |0.24143600888848327 |94        
 [16, 13, 4, 6, 0]   |0.23030952073335823 |0.16036045843272612 |362       
 [15, 6, 1, 0, 0]    |1.0243609037024886  |0.8816756005547124  |150       
 [16, 6, 7, 0, 0]    |0.20188696405521583 |0.1641380688532249  |207       
 [15, 6, 11, 0, 0]   |0.1986973275760027  |0.15787170348674648 |230       
 [11, 7, 10, 6, 0]   |0.21884928454910949 |0.1670650561750813  |270       
 [13, 13, 9, 0, 0]   |0.23006164616172067 |0.16099081276752356 |357       
 [19, 6, 12, 0, 0]   |0.18964222710477385 |0.1441910680916682  |274       
 [15, 6, 13, 7, 0]   |0.22293551554602942 |0.15899655919260244 |338       
 [18, 13, 19, 6, 0]  |0.3348140750191682  |0.16726433039394442 |694       
 [16, 6, 11, 0, 0]   |0.2139230654594891  |0.16844620542558844 |239       
 [19, 6, 9, 0, 0]    |0.1359439317499142  |0.1058732405006388  |250       
 [16, 13, 15, 6, 0]  |0.3585605476878844  |0.20035635128269905 |582       
 [13, 8, 0, 0, 0]    |0.30971689267973634 |0.263923326434952   |160       
 [15, 6, 14, 0, 0]   |0.1966299933286636  |0.15252427386149764 |254       
 [19, 6, 3, 0, 0]    |0.20290642233593206 |0.16579380853759546 |202       
 [15, 9, 0, 0, 0]    |0.30254012925670254 |0.24794673066126008 |199       
 [14, 7, 6, 16, 0]   |0.3050113961641797  |0.2205995662043571  |324       
 [19, 7, 4, 13, 0]   |0.22484573895177626 |0.1652425777447287  |308       
Gen 6 Train time: 13.871941486994425 minutes:
 Average MSE:        0.3015909493420902
 Average Error:      0.41485159119075654
 Structure           |Error               |MSE                 |weights&biases
 [19, 6, 9, 0, 0]    |0.15919015102333664 |0.12397741427422979 |250       
 [19, 7, 4, 0, 0]    |0.1824502937065737  |0.14438419573831676 |234       
 [19, 7, 4, 7, 2]    |1.1343812243461273  |0.8547786995213402  |283       
 [12, 6, 9, 13, 0]   |0.40710272689642    |0.2953217836321526  |321       
 [13, 6, 0, 0, 0]    |0.17716970088639936 |0.1555719048459098  |130       
 [15, 13, 9, 0, 0]   |0.32156627983075997 |0.2179364879222085  |389       
 [16, 6, 0, 0, 0]    |0.29469504697975235 |0.25187705276706274 |157       
 [9, 13, 1, 20, 0]   |0.31289778914080896 |0.24811108889043662 |232       
 [19, 6, 7, 0, 0]    |0.27827531167037894 |0.22021645596238063 |234       
 [15, 16, 9, 0, 0]   |0.5423767086563246  |0.3410267071949165  |464       
 [15, 6, 7, 0, 0]    |0.19447983477725303 |0.1595453934944847  |198       
 [15, 16, 14, 11, 0] |0.36060204252539946 |0.17622735919881374 |716       
 [15, 6, 12, 0, 0]   |0.2414783059673832  |0.19033385060425634 |238       
 [15, 6, 0, 0, 0]    |0.22737139863720693 |0.19609216883261865 |148       
 [16, 6, 7, 14, 0]   |0.21780790720061644 |0.1572148772810507  |326       
 [16, 13, 15, 6, 0]  |0.28620521830814366 |0.15992566284287163 |582       
 [14, 7, 6, 16, 0]   |0.2599901158086084  |0.18803791427493932 |324       
 [2, 6, 13, 7, 11]   |3.1942643164463496  |2.335805502123293   |313       
 [15, 6, 6, 0, 0]    |0.24268183885019326 |0.20068796327933844 |190       
 [18, 13, 6, 0, 0]   |0.18508897390949733 |0.12506538111939833 |392       
 [19, 6, 9, 20, 0]   |0.2548159663908009  |0.16070037144813115 |461       
 [15, 16, 7, 3, 0]   |0.2811722704667625  |0.17964228062110338 |448       
 [14, 7, 6, 5, 0]    |0.26291869761932957 |0.2076481061953289  |236       
 [15, 10, 7, 0, 0]   |0.21182503527067273 |0.158500956594089   |290       
 [19, 6, 12, 12, 0]  |0.3379245459711231  |0.21982299048446302 |430       
 [16, 10, 0, 0, 0]   |0.21740966967344721 |0.17291211375120968 |229       
Increasing Epochs
Gen 7 Train time: 15.67933322985967 minutes:
 Average MSE:        0.1911265315901698
 Average Error:      0.24875066782451766
 Structure           |Error               |MSE                 |weights&biases
 [19, 6, 9, 0, 0]    |0.2762661889002433  |0.21515632425166215 |250       
 [13, 6, 0, 0, 0]    |0.1871253389449693  |0.16431390513703892 |130       
 [14, 7, 6, 5, 0]    |0.19045861875968878 |0.15042053628033775 |236       
 [15, 6, 0, 0, 0]    |0.6070293564939443  |0.5235210047236247  |148       
 [16, 6, 0, 0, 0]    |0.19155259554782234 |0.16372078089178618 |157       
 [15, 10, 7, 0, 0]   |0.22659936527117935 |0.1695560494688511  |290       
 [13, 6, 15, 0, 0]   |0.21986353127735903 |0.17226035798117692 |244       
 [18, 13, 6, 0, 0]   |0.2642539258914971  |0.178557464855131   |392       
 [13, 6, 12, 0, 0]   |0.22319324237050336 |0.1791167725805245  |220       
 [16, 6, 15, 0, 0]   |0.36342161393926514 |0.2771513179402367  |271       
 [15, 6, 7, 0, 0]    |0.1928122837695314  |0.1581773849191803  |198       
 [14, 7, 6, 16, 0]   |0.22226607719318234 |0.16075399420278588 |324       
 [15, 6, 6, 0, 0]    |0.22286789045002925 |0.18430263767034033 |190       
 [19, 6, 9, 4, 0]    |0.20746352184019068 |0.15601552567512394 |285       
 [13, 6, 16, 0, 0]   |0.24812779224732479 |0.19285602089289783 |252       
 [14, 7, 6, 0, 0]    |0.17719977956182748 |0.14478904111245164 |202       
 [15, 10, 7, 7, 0]   |0.3025709974915534  |0.21407275896154404 |346       
 [19, 7, 4, 0, 0]    |0.21417012146266523 |0.1694860562312725  |234       
 [15, 6, 12, 19, 0]  |0.33818720268281033 |0.20676845581451456 |492       
 [9, 13, 6, 0, 0]    |0.31104410904426927 |0.24272636329075267 |248       
 [15, 6, 12, 0, 0]   |0.17945797977296163 |0.14144926259529977 |238       
 [18, 19, 6, 0, 0]   |0.2900251060718431  |0.16867393825854288 |542       
 [15, 13, 0, 0, 0]   |0.2664448848307048  |0.20400967334456355 |267       
 [16, 10, 9, 0, 0]   |0.19980457728991405 |0.14407583246606023 |327       
 [15, 2, 12, 0, 0]   |0.1561411738940954  |0.13765637709922562 |126       
 [19, 6, 7, 0, 0]    |0.18917008843808297 |0.14970198469948953 |234       
Increasing Epochs
Gen 8 Train time: 17.910707052548727 minutes:
 Average MSE:        0.17974231880512484
 Average Error:      0.23437711473546732
 Structure           |Error               |MSE                 |weights&biases
 [15, 2, 12, 0, 0]   |0.25481227479821283 |0.2246462846047601  |126       
 [14, 7, 6, 0, 0]    |0.21856801337852755 |0.17859081514200578 |202       
 [10, 6, 6, 3, 15]   |0.36467599707154497 |0.2883022128440576  |235       
 [15, 6, 12, 2, 12]  |0.26975411648625797 |0.19983876459691846 |300       
 [14, 7, 6, 5, 0]    |0.26863741967800486 |0.21216464235686386 |236       
 [15, 10, 12, 7, 0]  |0.25902859399602557 |0.16749248040196432 |436       
 [15, 6, 12, 0, 0]   |0.22663366667369367 |0.1786332659646539  |238       
 [19, 4, 7, 19, 0]   |0.26826520481879773 |0.1901809640851727  |344       
 [14, 7, 6, 5, 18]   |0.264311237319958   |0.18495773471871252 |357       
 [14, 7, 6, 16, 0]   |0.18763958109285375 |0.13571037250545856 |324       
 [15, 15, 12, 0, 0]  |0.24353729160903625 |0.14919737280788253 |490       
 [13, 6, 16, 0, 0]   |0.310375069104448   |0.24123738928921773 |252       
 [13, 6, 0, 0, 0]    |0.2137129976153727  |0.1876604067343956  |130       
 [19, 6, 7, 0, 0]    |0.17108581754868643 |0.13539078324930903 |234       
 [18, 13, 6, 0, 0]   |0.20841444117304678 |0.1408264953094326  |392       
 [9, 13, 6, 0, 0]    |0.28053876819306856 |0.21892121723443259 |248       
 [18, 5, 6, 0, 0]    |0.19080869190018454 |0.15747572399313556 |192       
 [19, 7, 4, 0, 0]    |0.15932608629888548 |0.1260845809730225  |234       
 [13, 6, 15, 0, 0]   |0.22855388668620824 |0.17906914398135965 |244       
 [19, 6, 10, 15, 0]  |0.17695329690090963 |0.11534017880628197 |428       
 [15, 2, 12, 10, 0]  |0.29169584316824215 |0.22626607423664002 |254       
 [15, 6, 6, 0, 0]    |0.16704013866624226 |0.13813536840521484 |190       
 [19, 7, 10, 0, 0]   |0.1348677348246658  |0.10111864760381421 |288       
 [13, 6, 12, 0, 0]   |0.18865047565507403 |0.15139555295775983 |220       
 [16, 10, 9, 0, 0]   |0.2736859608719006  |0.1973504970793436  |327       
 [9, 2, 12, 0, 0]    |0.27223237759230184 |0.24731331905143503 |96        
Gen 9 Train time: 17.774639801184335 minutes:
 Average MSE:        0.24423684243090274
 Average Error:      0.3135749876274627
 Structure           |Error               |MSE                 |weights&biases
 [19, 7, 10, 0, 0]   |0.18461299049610783 |0.1384157297023728  |288       
 [19, 7, 4, 0, 0]    |0.1546930695607829  |0.12241818843408303 |234       
 [19, 18, 12, 7, 0]  |0.2862061386043803  |0.1360078106782913  |744       
 [15, 7, 4, 0, 0]    |0.16186587932736057 |0.13332211093936416 |194       
 [16, 10, 9, 0, 0]   |0.2178705829599926  |0.15710293545618037 |327       
 [9, 7, 6, 16, 0]    |0.6010660536037499  |0.45700979990540774 |274       
 [18, 7, 10, 0, 0]   |0.25439306269768414 |0.1926510577962533  |278       
 [16, 10, 9, 7, 0]   |0.24887850603162281 |0.16766448171158319 |395       
 [15, 2, 12, 0, 0]   |0.13483768687076655 |0.11887490665120107 |126       
 [14, 7, 6, 16, 0]   |0.207296247512549   |0.14992706125788285 |324       
 [13, 6, 18, 0, 0]   |0.20380460947176318 |0.1558917316095821  |268       
 [14, 7, 6, 5, 0]    |0.28645347365074686 |0.2262354174702792  |236       
 [14, 7, 6, 0, 0]    |0.28870950815210106 |0.2359030747597796  |202       
 [13, 6, 12, 5, 18]  |0.2729663612979621  |0.18315789021321768 |399       
 [19, 16, 10, 0, 0]  |0.3391856347401587  |0.19413378845894877 |558       
 [14, 7, 6, 15, 0]   |0.23028862092104718 |0.167894095348559   |316       
 [13, 6, 10, 0, 0]   |0.20440444560946103 |0.1666841338979151  |204       
 [19, 7, 0, 0, 0]    |0.2744906594993484  |0.22361307914114356 |205       
 [19, 7, 6, 0, 0]    |0.15729873630823418 |0.1222596151004697  |252       
 [18, 5, 4, 0, 0]    |0.1911064256591964  |0.1599450750354839  |178       
 [19, 7, 10, 0, 0]   |0.21239525930480224 |0.15924580780039257 |288       
 [13, 6, 16, 0, 0]   |0.33276361755251216 |0.2586387707634773  |252       
 [14, 7, 6, 16, 14]  |0.34629094123081533 |0.19780452435977897 |560       
 [3, 2, 12, 0, 0]    |1.9039892286480973  |1.7823830822162758  |66        
 [19, 6, 10, 0, 0]   |0.17633127717348707 |0.1362327040155613  |258       
 [19, 7, 12, 0, 0]   |0.2807506614293002  |0.20674103047998652 |306       
Gen 10 Train time: 17.912850252787273 minutes:
 Average MSE:        0.18056870672393854
 Average Error:      0.2396302086402306
 Structure           |Error               |MSE                 |weights&biases
 [15, 2, 12, 0, 0]   |0.1866068607624143  |0.16451537895979013 |126       
 [19, 7, 4, 0, 0]    |0.1345107486097974  |0.10644667027732364 |234       
 [19, 6, 10, 0, 0]   |0.15617784778817537 |0.12066226056186583 |258       
 [13, 6, 10, 0, 0]   |0.2392725387938439  |0.19511775184483143 |204       
 [13, 6, 12, 0, 0]   |0.1957484166130026  |0.1570917840033253  |220       
 [19, 7, 10, 5, 18]  |0.30411915371709813 |0.1921775294997675  |459       
 [19, 7, 6, 0, 0]    |0.17335945364617392 |0.13474272314099606 |252       
 [18, 5, 4, 0, 0]    |0.20037545948881216 |0.16770272267224193 |178       
 [19, 12, 12, 0, 0]  |0.250107449422059   |0.1569442463068439  |466       
 [19, 7, 7, 0, 0]    |0.1924485965501248  |0.14823948192926148 |261       
 [9, 7, 6, 1, 0]     |0.4292126389967209  |0.36795198647638    |154       
 [19, 7, 6, 16, 0]   |0.3231212593988495  |0.22229996618751108 |374       
 [13, 6, 10, 15, 0]  |0.28033927436303835 |0.1928669482406601  |374       
 [19, 7, 12, 5, 18]  |0.27070238648922984 |0.1666707005188209  |485       
 [13, 6, 4, 0, 0]    |0.24883963547909813 |0.21289703706271657 |156       
 [15, 7, 16, 0, 0]   |0.2582622704511864  |0.19094312726935708 |302       
 [10, 2, 12, 0, 0]   |0.2094093466667525  |0.1892920258471249  |101       
 [15, 7, 4, 0, 0]    |0.19030349715866718 |0.15674497964468886 |194       
 [15, 7, 12, 7, 0]   |0.23102717543226284 |0.16247682011785133 |352       
 [19, 18, 4, 2, 4]   |0.2795354777217097  |0.16618958539222092 |520       
 [19, 7, 10, 0, 0]   |0.1633757543921015  |0.12249286574627656 |288       
 [19, 7, 11, 7, 0]   |0.31487731205665326 |0.2159794096448316  |377       
 [14, 2, 12, 0, 0]   |0.31267289846316354 |0.27703880628269795 |121       
 [15, 7, 6, 16, 0]   |0.2889141764787812  |0.20687808880669048 |334       
 [18, 5, 4, 3, 0]    |0.17480781265739323 |0.1442700884521539  |192       
 [16, 11, 9, 0, 0]   |0.22225798304888644 |0.15615338993617317 |353       
Gen 11 Train time: 17.900918261210123 minutes:
 Average MSE:        0.41682333369225033
 Average Error:      0.5123152321357446
 Structure           |Error               |MSE                 |weights&biases
 [19, 7, 4, 0, 0]    |0.15551458428939824 |0.12306830382150502 |234       
 [19, 6, 10, 0, 0]   |0.15747229583400216 |0.12166234495028175 |258       
 [15, 6, 12, 0, 0]   |0.213873008549735   |0.16857528089122212 |238       
 [13, 2, 12, 1, 0]   |0.2446152919187758  |0.21738864433738833 |118       
 [7, 12, 10, 0, 0]   |1.2338377961996407  |0.953257198537162   |258       
 [13, 7, 12, 5, 18]  |0.39733834665561385 |0.25976780551688944 |425       
 [19, 2, 12, 0, 0]   |0.3025817152458841  |0.26147832007255284 |146       
 [15, 7, 7, 0, 0]    |0.2450559299924837  |0.19646542667900055 |221       
 [2, 6, 4, 0, 0]     |2.3028476846079924  |2.1752562655351393  |57        
 [19, 6, 8, 0, 0]    |0.1817691788723734  |0.14269901676228022 |242       
 [19, 7, 4, 16, 0]   |0.19305992885529977 |0.13935165813295336 |326       
 [19, 7, 6, 16, 0]   |0.24274718193818004 |0.16700445658501653 |374       
 [19, 7, 12, 0, 0]   |0.17563233701021774 |0.12933330291812875 |306       
 [19, 7, 4, 5, 18]   |0.2103249463989982  |0.14368935301528613 |381       
 [12, 12, 12, 5, 18] |0.2617728533177566  |0.1525476727898754  |540       
 [19, 7, 10, 0, 0]   |0.21408336769879485 |0.16051148663774456 |288       
 [9, 7, 6, 1, 0]     |1.017745343555123   |0.8724846075445003  |154       
 [13, 6, 10, 0, 0]   |0.2710112021146384  |0.22099943749472167 |204       
 [19, 18, 10, 15, 0] |0.32451831180112434 |0.14757580343669288 |788       
 [13, 6, 4, 0, 0]    |0.23264973822275595 |0.19904562167389048 |156       
 [18, 7, 4, 0, 0]    |0.2089000582042674  |0.1669769780933122  |224       
 [2, 12, 4, 8, 0]    |3.364090128497341   |2.9158388070062182  |143       
 [19, 12, 12, 0, 0]  |0.43208540253067473 |0.2711367374185257  |466       
 [19, 7, 19, 0, 0]   |0.21388646151174687 |0.1478865344405237  |369       
 [19, 2, 12, 19, 0]  |0.2231304794392606  |0.14956883324967943 |400       
 [15, 7, 10, 0, 0]   |0.29965246226728    |0.23383677845801792 |248       
Result:  [19, 7, 4]
Fold 0
Fold 0 Train time: 19.42485959927241 minutes, MSE: 0.016660979896928645
Fold 1
Fold 1 Train time: 19.229151570796965 minutes, MSE: 0.0065111384355473305
Fold 2
Fold 2 Train time: 19.148353854815166 minutes, MSE: 0.009987035067558785
Fold 3
Fold 3 Train time: 19.141030939420066 minutes, MSE: 0.005847543457378696
Fold 4
Fold 4 Train time: 19.183801301320393 minutes, MSE: 0.005849675526149158
MSE after 5-Fold CV: 0.008971274476712521
final score:  [0.011336501580581993]
Total Time: 267.02730827331544 minutes
~/workspace/SolarCellResearch
