/tmp/tmp.dvCvcwllNV ~/workspace/SolarCellResearch
Using TensorFlow backend.
Genetically searching for best layer structure...
  Training on:     datasets/N5dataset10k.mat
  Evaluating with: datasets/N5dataset100k.mat
Gen 0: [[16, 18, 0, 0, 0], [4, 0, 0, 0, 0], [15, 13, 5, 13, 0], [15, 19, 19, 1, 11], [9, 14, 9, 9, 0], [4, 11, 6, 0, 0], [18, 16, 0, 0, 0], [16, 0, 0, 0, 0], [3, 11, 2, 13, 20], [2, 17, 10, 10, 0], [19, 0, 0, 0, 0], [11, 16, 8, 0, 0], [17, 0, 0, 0, 0], [5, 2, 14, 0, 0], [20, 14, 5, 13, 0], [3, 0, 0, 0, 0], [18, 3, 1, 1, 10], [8, 6, 14, 15, 0], [18, 12, 7, 19, 0], [7, 19, 12, 0, 0], [10, 5, 0, 0, 0], [20, 9, 4, 0, 0], [8, 0, 0, 0, 0], [13, 6, 0, 0, 0], [15, 14, 0, 0, 0]]
Gen 0 Train time: 10.555954603354136 minutes:
Average MSE:        0.5590728821961517
Average Error:      0.26889929718347205
Errors:             [0.26889929718347216, 1.8765159048761058, 0.3226995842334074, 0.514070186483852, 0.400567866274591, 0.6855784454882249, 0.3541359513878204, 0.37551023350236384, 1.5068237591244338, 1.9657032118111193, 0.28025623289022344, 0.3307146877997583, 0.2882508852117689, 0.5537272843777449, 0.3747605469422177, 2.414017616563258, 1.3305335573563941, 0.5179517447559439, 0.3100132679793595, 0.6981591084502893, 0.4117598462197466, 0.39725942859077445, 0.5491792121533356, 0.308949997280851, 0.2724811161027305]
MSEs:               [0.18518159710643195, 1.8448847609959063, 0.2130915340360695, 0.23494696450408772, 0.26797218987996696, 0.5924478948060022, 0.24339384262328986, 0.35187842198031655, 0.9930283799318425, 1.374170188831003, 0.25948640244303683, 0.22843598850930777, 0.2690322417243031, 0.5091141726095723, 0.22258015424426966, 2.3828384909690796, 1.147493539338681, 0.34134103531572446, 0.1797586461641655, 0.455979123129285, 0.3759440322357867, 0.29606811313289805, 0.5313520638830778, 0.2712875809952351, 0.20511469551445197]
Weights and Biases: [373, 17, 415, 783, 402, 146, 375, 65, 417, 358, 77, 370, 69, 84, 521, 13, 148, 417, 545, 426, 91, 294, 33, 130, 284]
Next Gen: [[16, 18, 0, 0, 0], [15, 14, 0, 0, 0], [18, 3, 1, 0, 0], [11, 16, 8, 0, 0], [8, 0, 0, 0, 0], [11, 2, 8, 0, 0], [9, 14, 9, 9, 0], [19, 0, 0, 0, 0], [18, 16, 0, 0, 0], [20, 6, 4, 0, 0], [17, 18, 0, 0, 0], [16, 0, 0, 0, 0], [15, 19, 19, 1, 11], [9, 14, 6, 9, 0], [18, 12, 0, 0, 0], [17, 7, 14, 0, 0], [11, 14, 9, 9, 0], [9, 16, 8, 14, 0], [1, 2, 14, 0, 0], [20, 9, 4, 14, 0], [11, 19, 0, 0, 0], [19, 16, 8, 0, 0], [18, 0, 0, 0, 0], [5, 16, 0, 0, 0], [16, 14, 11, 0, 0], [15, 13, 5, 13, 0]]
Gen 1 Train time: 10.934686203797659 minutes:
Average MSE:        0.43134574219743815
Average Error:      0.3958958902628051
Errors:             [0.45449837378509794, 0.395895890262805, 0.28172404197276524, 0.5250144527467825, 0.6370794509130837, 0.3464607200834982, 0.5318665943786252, 0.31115703904715103, 0.3430675236376686, 0.21283782941419735, 0.3300635318105565, 0.3140872675794299, 0.5715032744009442, 0.4211051109979292, 0.2537435992232186, 0.268000531461871, 0.33496593038071815, 0.6759275715411212, 2.5347736299079235, 0.244640391324195, 0.3451762836458466, 0.3577280569596611, 0.504233476271627, 2.2569465935091175, 0.27114569707435104, 0.38452976067889666]
MSEs:               [0.31299722840991373, 0.29801722096610417, 0.25061753629711936, 0.36264550659298583, 0.6163989342802164, 0.3166412565558347, 0.35580851091519783, 0.2880971453319972, 0.2357866308975381, 0.1709772508131015, 0.22257968149349566, 0.2943209591097961, 0.26119577259099874, 0.30274245856589693, 0.18892012473897643, 0.1977471043536751, 0.21659490816862875, 0.42499862244450926, 2.3776303375322874, 0.16830694093185272, 0.2606178748883677, 0.21225175215700837, 0.46873585806889534, 1.98578208684799, 0.17065710407488668, 0.2539204901061225]
Weights and Biases: [373, 284, 117, 370, 33, 90, 402, 77, 375, 219, 394, 65, 783, 330, 295, 304, 436, 464, 64, 374, 281, 522, 73, 128, 463, 415]
Next Gen: [[20, 6, 4, 0, 0], [20, 9, 4, 14, 0], [16, 14, 11, 0, 0], [20, 6, 4, 18, 0], [17, 7, 14, 0, 0], [20, 6, 4, 9, 0], [11, 14, 9, 9, 11], [15, 19, 19, 1, 0], [11, 19, 0, 0, 0], [18, 16, 0, 0, 0], [19, 0, 0, 0, 0], [13, 16, 0, 0, 0], [18, 12, 13, 0, 0], [15, 13, 5, 0, 0], [17, 16, 0, 0, 0], [8, 0, 0, 0, 0], [17, 2, 14, 0, 0], [20, 6, 4, 14, 0], [17, 18, 9, 0, 0], [16, 16, 11, 0, 0], [17, 7, 12, 0, 0], [15, 19, 0, 0, 0], [18, 3, 1, 0, 0], [3, 7, 14, 0, 0], [18, 0, 0, 0, 0], [19, 16, 0, 0, 0]]
Gen 2 Train time: 11.078697164853414 minutes:
Average MSE:        0.3922236875396391
Average Error:      0.4037723456841918
Errors:             [0.25558867695098414, 0.3751181893032211, 0.40377234568419157, 0.3617538946548041, 0.42848452516913776, 0.3520813273440793, 0.5083573005925489, 4.67127299282199, 0.399773902226911, 0.2941778980026287, 0.3542488551005827, 0.33127562528566334, 0.38154187395197803, 0.2876779191035379, 0.2955877491622627, 0.5771800306534076, 0.2832831438741858, 0.23146141836788306, 0.3864762195508296, 0.42224611279476, 0.27927221942011243, 0.3294917510890574, 0.22983341380900602, 2.087564474188096, 0.2415515936759206, 0.4627958777461882]
MSEs:               [0.2053199351088768, 0.2580726534477086, 0.2541313395841693, 0.26190036144584333, 0.31616196300197014, 0.269040571729644, 0.29388382846332617, 2.204347670319888, 0.301840623966812, 0.20218531535447087, 0.32799542058934705, 0.2503727315314836, 0.2396598451290784, 0.20702540555519114, 0.20705112516513072, 0.5584439354819513, 0.24529140351235051, 0.17164239271187726, 0.22164352287460912, 0.25128514990622686, 0.2098067781228464, 0.2278189692367424, 0.20445640181869087, 1.7718036926276952, 0.22454656197518882, 0.31208827736949873]
Weights and Biases: [219, 374, 463, 323, 304, 269, 548, 751, 281, 375, 77, 280, 465, 329, 356, 33, 144, 299, 556, 519, 286, 369, 117, 164, 73, 394]
Increasing Epochs
Next Gen: [[18, 3, 1, 0, 0], [20, 6, 4, 14, 0], [11, 19, 0, 0, 0], [1, 20, 4, 0, 0], [20, 9, 15, 14, 0], [13, 16, 0, 0, 0], [15, 19, 5, 0, 0], [20, 6, 4, 17, 0], [16, 14, 11, 0, 0], [20, 6, 4, 0, 0], [18, 3, 4, 14, 6], [20, 6, 1, 0, 0], [18, 0, 0, 0, 0], [19, 0, 0, 0, 0], [18, 16, 0, 0, 0], [3, 9, 16, 14, 0], [15, 19, 4, 14, 11], [20, 6, 16, 0, 0], [19, 13, 0, 0, 0], [18, 12, 7, 0, 0], [20, 12, 4, 0, 0], [18, 12, 13, 0, 0], [19, 2, 14, 0, 0], [17, 7, 0, 0, 0], [15, 16, 0, 0, 0], [17, 19, 3, 0, 0]]
Gen 3 Train time: 13.230707788467408 minutes:
Average MSE:        0.38498032505571766
Average Error:      2.897705540511404
Errors:             [0.27938047696814455, 0.27095115133149017, 0.31834475147691577, 2.897705540511404, 0.3757201217508802, 0.2770915710152105, 0.45200127765823206, 0.30345335382165983, 0.37172719886309896, 0.2789610140431038, 0.3983874559663365, 0.3507760016487997, 0.2958632758873125, 0.2169926410323599, 0.4602111088376192, 2.936794642223777, 0.49892375811702644, 0.24395066169079177, 0.2715157516924965, 0.25136979676836574, 0.3602375080309168, 0.34183616216514384, 0.21476981901549308, 0.24557087393783852, 0.40384507634745787, 0.3580032817961102]
MSEs:               [0.24853273556979288, 0.20092637576711603, 0.24035930781647616, 2.5393781568187768, 0.19851099900032265, 0.20942130426772065, 0.2867712921202682, 0.22101441033435623, 0.23396236026733122, 0.22409544109898408, 0.2969088054176089, 0.28863065137094746, 0.2750347468389958, 0.2009112846391385, 0.3162981610846009, 1.8576620390779568, 0.2537763315768825, 0.17803247877251444, 0.19500401634148692, 0.1717302872703952, 0.24907736684987297, 0.21471929367922576, 0.1841161567996767, 0.20409500531904792, 0.29383880363791554, 0.22668063971124508]
Weights and Biases: [117, 299, 281, 132, 638, 280, 455, 317, 463, 219, 294, 195, 73, 77, 375, 458, 676, 315, 331, 381, 369, 465, 154, 185, 318, 457]
Increasing Epochs
Next Gen: [[19, 2, 14, 0, 0], [19, 0, 0, 0, 0], [17, 15, 5, 0, 0], [15, 19, 3, 0, 0], [11, 19, 0, 0, 0], [15, 6, 16, 0, 0], [11, 14, 8, 0, 0], [19, 0, 0, 0, 0], [20, 6, 4, 14, 0], [20, 9, 15, 14, 0], [20, 6, 1, 0, 0], [20, 12, 4, 0, 0], [18, 12, 13, 0, 0], [15, 16, 2, 0, 0], [20, 6, 16, 0, 0], [18, 0, 0, 0, 0], [18, 6, 8, 14, 0], [20, 0, 0, 0, 0], [18, 3, 13, 0, 0], [18, 12, 1, 0, 0], [20, 6, 4, 14, 13], [19, 7, 14, 16, 0], [19, 11, 0, 0, 0], [18, 2, 14, 0, 0], [20, 9, 10, 0, 0], [13, 6, 16, 14, 0]]
Gen 4 Train time: 15.246854837735494 minutes:
Average MSE:        0.23527466480419554
Average Error:      0.366935537868881
Errors:             [0.21317071006093444, 0.2562037930317743, 0.2728573834147805, 0.5858433461722746, 0.366935537868881, 0.24178185465268653, 0.3647023846026051, 0.4469229644755856, 0.321902798299291, 0.3509461221362876, 0.25922126671680695, 0.36115716321980595, 0.3252885765142051, 0.30604873400427557, 0.2468785174739185, 0.3621713667740293, 0.36179565974807726, 0.2180491933533472, 0.31941699796244905, 0.299051135931537, 0.4050423336900413, 0.27640803186871177, 0.2442881909231972, 0.21505569875434388, 0.2608172971803862, 0.4351409071074271]
MSEs:               [0.18274528543438467, 0.23721649242361834, 0.1816259320509233, 0.3876304458078526, 0.277046728385676, 0.1845713099445944, 0.2621931999300311, 0.41380143815168086, 0.23871004900229958, 0.1854217042619717, 0.2132962423597718, 0.2497132398163234, 0.20432517422573876, 0.21827251495908412, 0.18016919534850465, 0.33667480316471343, 0.251157335299304, 0.20108359053504232, 0.26760110372596213, 0.22220815594396512, 0.24739632101994768, 0.15694228877178418, 0.18297483663721228, 0.18528534802975707, 0.18196605367258814, 0.2671124960063517]
Weights and Biases: [154, 77, 407, 413, 281, 270, 330, 77, 299, 638, 195, 369, 465, 338, 315, 73, 365, 81, 177, 297, 493, 566, 289, 149, 360, 488]
Increasing Epochs
Next Gen: [[19, 2, 14, 0, 0], [18, 2, 14, 0, 0], [19, 11, 0, 0, 0], [19, 2, 14, 16, 0], [17, 15, 0, 0, 0], [19, 11, 5, 0, 0], [19, 15, 14, 0, 0], [13, 2, 5, 0, 0], [18, 14, 0, 0, 0], [19, 18, 0, 0, 0], [20, 0, 0, 0, 0], [15, 16, 2, 0, 0], [20, 6, 16, 0, 0], [20, 16, 0, 0, 0], [20, 9, 4, 14, 0], [20, 6, 15, 14, 0], [15, 16, 2, 14, 0], [19, 0, 0, 0, 0], [17, 15, 5, 3, 0], [20, 9, 15, 0, 0], [11, 0, 0, 0, 0], [19, 8, 0, 0, 0], [18, 6, 8, 14, 0], [19, 11, 4, 0, 0], [15, 6, 16, 3, 0], [20, 9, 0, 0, 0]]
Gen 5 Train time: 17.177575981616975 minutes:
Average MSE:        0.22306656676803163
Average Error:      0.3787933602939393
Errors:             [0.26869179131739784, 0.30311380532587856, 0.2588382699422975, 0.2962533056575231, 0.2589948387189543, 0.37879336029393934, 0.3812064855817048, 0.2710648712781077, 0.2847774760516764, 0.27324471236037645, 0.2927569709345412, 0.30246625225997364, 0.4300173022212212, 0.24998922060607884, 0.22759482779551743, 0.367151832427091, 0.4362349260933925, 0.22641192233629343, 0.3439621893938388, 0.2819698287005043, 0.35925926453305373, 0.2861263946092421, 0.29256181390466446, 0.27733425836913894, 0.29907484310984284, 0.22686331392499684]
MSEs:               [0.2303419549718544, 0.26115349296827234, 0.19387302341209173, 0.19938045840109825, 0.18489870485064075, 0.26880624274987286, 0.21004907318016924, 0.24823060417053527, 0.20371217475511819, 0.17668487453034995, 0.2699786317222664, 0.21571750586006638, 0.31382184290424175, 0.16540843838857272, 0.15657998677500845, 0.21610739319310043, 0.29476573421461494, 0.2096325016267159, 0.22532228087026018, 0.18619603583442693, 0.3434509522188109, 0.22824820434412824, 0.20309543138740455, 0.19938218043531578, 0.2197946834325825, 0.17509832877130377]
Weights and Biases: [154, 149, 289, 396, 337, 343, 596, 88, 335, 436, 81, 338, 315, 413, 374, 530, 392, 77, 423, 415, 45, 226, 365, 330, 308, 259]
Result:  [19]
Fold 0
Fold 0 Train time: 17.37901655038198 minutes, MSE: 0.01083892279639656
Fold 1
Fold 1 Train time: 17.30291894276937 minutes, MSE: 0.029543391331205676
Fold 2
Fold 2 Train time: 17.25548440615336 minutes, MSE: 0.012141503419266418
Fold 3
Fold 3 Train time: 17.293651231129964 minutes, MSE: 0.00984849630146734
Fold 4
Fold 4 Train time: 17.281157529354097 minutes, MSE: 0.011322353976887425
MSE after 10-Fold CV: [0.014738933565044684, 77]
Total Time: 164.74202199379604 minutes
~/workspace/SolarCellResearch
