/tmp/tmp.gyJxnzGzlS ~/workspace/SolarCellResearch
Using TensorFlow backend.
Genetically searching for best layer structure...
  Training on:     datasets/N2dataset10k.mat
  Evaluating with: datasets/N2dataset100k.mat
Gen 0 Train time: 10.870542681217193 minutes:
 Average MSE:        0.7033869098688246
 Average Error:      1.6447558801087943
 Structure           |Error               |MSE                 |weights&biases
 [8, 4, 0, 0, 0]     |0.48395307876943483 |0.41136790386813915 |65        
 [13, 11, 7, 13, 0]  |1.2344709561198741  |0.45984881925519644 |395       
 [16, 0, 0, 0, 0]    |0.42083556449291276 |0.3577170011580641  |65        
 [5, 17, 8, 4, 20]   |2.496270850222442   |0.8779180369751647  |418       
 [17, 9, 18, 0, 0]   |1.2575064412947254  |0.4489385525027549  |412       
 [17, 2, 8, 0, 0]    |0.5586025436078035  |0.4138229424238147  |120       
 [10, 10, 9, 2, 0]   |0.9083444221440864  |0.47183230017796457 |262       
 [19, 12, 20, 6, 0]  |2.390682073446409   |0.4259551208447071  |690       
 [8, 8, 19, 9, 0]    |1.367706683899352   |0.4363264330366393  |457       
 [5, 7, 7, 0, 0]     |2.5826659117594395  |1.9085087244907808  |121       
 [5, 13, 4, 0, 0]    |0.9638426108586298  |0.6558473177598454  |154       
 [3, 1, 20, 15, 10]  |8.292139040524608   |2.1550371501704744  |539       
 [16, 0, 0, 0, 0]    |0.6959218788717705  |0.5915447945808955  |65        
 [3, 8, 8, 0, 0]     |3.001762510730298   |2.2126693110318016  |122       
 [2, 15, 0, 0, 0]    |1.1563687496041055  |0.9780296493786909  |67        
 [16, 15, 0, 0, 0]   |0.8917553374398287  |0.40169448397795    |319       
 [17, 20, 6, 0, 0]   |2.0336277168639385  |0.5219524698445844  |544       
 [6, 14, 5, 19, 0]   |1.3646286172026603  |0.6055502781433442  |325       
 [16, 9, 0, 0, 0]    |0.6601314177586534  |0.3895292399683732  |211       
 [8, 18, 20, 0, 0]   |2.169358175705636   |0.5000392679414178  |587       
 [15, 15, 0, 0, 0]   |1.1444430899440297  |0.5392468335696904  |301       
 [14, 2, 4, 15, 20]  |2.003160713117105   |0.5739151531899298  |500       
 [20, 0, 0, 0, 0]    |0.5234050512230697  |0.4274578302574529  |81        
 [18, 15, 10, 6, 0]  |1.8476567228726817  |0.4421607390270889  |572       
 [16, 10, 0, 0, 0]   |0.669656844246344   |0.3777623931458467  |229       
Gen 1 Train time: 10.55084623893102 minutes:
 Average MSE:        0.656612358809433
 Average Error:      1.0376725355210938
 Structure           |Error               |MSE                 |weights&biases
 [16, 0, 0, 0, 0]    |0.5614975230457232  |0.47728192921057105 |65        
 [8, 4, 0, 0, 0]     |0.6567513932114336  |0.5582492515076659  |65        
 [20, 13, 4, 0, 0]   |1.1896166281409746  |0.4442495139639627  |394       
 [5, 0, 0, 0, 0]     |1.0086812477430773  |0.957091560488976   |21        
 [15, 4, 0, 0, 0]    |0.5224336010269164  |0.3928775149076464  |114       
 [8, 2, 17, 0, 0]    |0.8789143972471221  |0.6659319621718961  |111       
 [8, 0, 0, 0, 0]     |0.6586259345364308  |0.6064702937902725  |33        
 [16, 4, 0, 0, 0]    |0.692974787647774   |0.5120865312296384  |121       
 [16, 10, 0, 0, 0]   |0.7854042061574308  |0.4430570299610057  |229       
 [8, 11, 7, 13, 0]   |1.1091285756172717  |0.49217282196422396 |325       
 [6, 9, 0, 0, 0]     |0.7422560059449654  |0.5912235512263406  |91        
 [16, 1, 0, 0, 0]    |0.6387736459822402  |0.5402598135121207  |67        
 [16, 17, 3, 0, 0]   |1.7389584684363064  |0.647773845532749   |395       
 [16, 9, 1, 0, 0]    |2.0701455022496615  |1.2154554903898354  |213       
 [17, 2, 5, 0, 0]    |0.7042075825319167  |0.5375776282613924  |108       
 [3, 10, 3, 0, 0]    |0.967505226905449   |0.7803330590874124  |86        
 [16, 10, 10, 0, 0]  |1.196221056479285   |0.5125625473952194  |339       
 [16, 8, 0, 0, 0]    |0.5729706089789192  |0.3536594421165935  |193       
 [16, 11, 0, 0, 0]   |0.8900993106242308  |0.4800225305624351  |247       
 [5, 13, 4, 1, 0]    |2.954642496386445   |2.000461013862861   |156       
 [20, 2, 4, 15, 20]  |2.279625468447032   |0.6059311951277015  |530       
 [14, 0, 0, 0, 0]    |0.7263170693527887  |0.629853123012763   |57        
 [10, 0, 0, 0, 0]    |1.1333724605808766  |1.0229572184520082  |41        
 [16, 4, 0, 0, 0]    |0.8924273617073996  |0.6594756983618351  |121       
 [12, 10, 0, 0, 0]   |0.7767753478102334  |0.4990224979986618  |177       
 [6, 15, 0, 0, 0]    |0.6311600167565385  |0.4458842649494736  |139       
Increasing Epochs
Gen 2 Train time: 12.35997906923294 minutes:
 Average MSE:        0.5700578780974994
 Average Error:      0.8598222944511364
 Structure           |Error               |MSE                 |weights&biases
 [15, 4, 0, 0, 0]    |0.47319630203732255 |0.3558503642232865  |114       
 [16, 0, 0, 0, 0]    |0.44553190027377404 |0.3787092839414054  |65        
 [6, 15, 0, 0, 0]    |0.7069090573553636  |0.4993973272337458  |139       
 [16, 4, 0, 0, 0]    |0.6585399308800417  |0.486640257180574   |121       
 [16, 10, 0, 0, 0]   |0.7616348506965459  |0.4296484182525065  |229       
 [12, 0, 0, 0, 0]    |0.4260883002460085  |0.3769628352549757  |49        
 [3, 10, 5, 0, 0]    |1.833987688323336   |1.3930459223882081  |110       
 [17, 2, 3, 0, 0]    |0.5519670403353183  |0.42987236324275163 |100       
 [15, 14, 1, 0, 0]   |0.8138958796725124  |0.39815144415932935 |286       
 [16, 2, 0, 0, 0]    |0.6429821510418258  |0.5198898514354265  |85        
 [16, 8, 0, 0, 0]    |0.6476826544257126  |0.39977458292493245 |193       
 [8, 0, 0, 0, 0]     |0.7166637813939375  |0.6599122070052462  |33        
 [15, 4, 20, 0, 0]   |0.8037274792832682  |0.45226136578663656 |230       
 [16, 1, 0, 0, 0]    |0.6592107982149082  |0.5575450789944839  |67        
 [15, 4, 13, 0, 0]   |0.629477618350472   |0.39342493930223726 |188       
 [8, 11, 7, 0, 0]    |0.775227740862132   |0.4528934306425524  |215       
 [15, 4, 13, 0, 0]   |0.8547279757850316  |0.5342069236303261  |188       
 [3, 10, 3, 0, 0]    |2.747319629777176   |2.215827130827924   |86        
 [6, 17, 0, 0, 0]    |0.6021032670334946  |0.40867857648710026 |155       
 [8, 4, 0, 0, 0]     |0.5232078504175164  |0.4447350913871322  |65        
 [19, 1, 0, 0, 0]    |0.6551581992765335  |0.5377408389356001  |79        
 [16, 10, 13, 0, 0]  |1.1972590190653447  |0.468853368455534   |375       
 [15, 15, 0, 0, 0]   |0.9854612531904872  |0.4643366411645495  |301       
 [6, 16, 0, 0, 0]    |0.750266011042018   |0.5195316979976061  |147       
 [20, 13, 4, 9, 0]   |1.8872885961239338  |0.6219728689876557  |444       
 [8, 12, 0, 0, 0]    |0.6058646806255301  |0.42164202069325796 |145       
Increasing Epochs
Gen 3 Train time: 14.444399698575337 minutes:
 Average MSE:        0.48258602742046863
 Average Error:      1.0343714599731728
 Structure           |Error               |MSE                 |weights&biases
 [12, 0, 0, 0, 0]    |0.46658495603031164 |0.41279046575781236 |49        
 [16, 0, 0, 0, 0]    |0.4758028597077355  |0.40444008652683294 |65        
 [16, 1, 0, 0, 0]    |0.4929899831017068  |0.41695940026504597 |67        
 [8, 12, 0, 0, 0]    |0.8745783075923447  |0.6086490542525067  |145       
 [8, 0, 0, 0, 0]     |0.5641691204784476  |0.5194933790221681  |33        
 [8, 11, 7, 0, 0]    |0.9873961362560575  |0.5768436808709807  |215       
 [15, 4, 0, 0, 0]    |0.5373585838593244  |0.40410131474308936 |114       
 [16, 15, 0, 0, 0]   |1.1087441477957651  |0.4994378946932219  |319       
 [15, 4, 20, 0, 0]   |0.7460735268629751  |0.4198192060537731  |230       
 [16, 4, 9, 0, 0]    |0.6412712713685693  |0.41819698088505997 |171       
 [15, 0, 0, 0, 0]    |0.45526527729515376 |0.3908720529312785  |61        
 [8, 4, 0, 0, 0]     |0.6825038458760654  |0.5801392506353709  |65        
 [16, 11, 0, 0, 0]   |1.1253451056399262  |0.6068884661718138  |247       
 [12, 4, 16, 6, 0]   |0.8117864095009402  |0.4061559759630371  |277       
 [16, 10, 0, 0, 0]   |0.8264724739578744  |0.4662241897682204  |229       
 [16, 13, 0, 0, 0]   |1.0453306970529723  |0.5152172059358642  |283       
 [6, 17, 18, 19, 0]  |6.100770984322598   |0.7433525541460281  |842       
 [16, 16, 19, 0, 0]  |2.012036604761193   |0.38352420094358747 |663       
 [16, 19, 0, 0, 0]   |1.0722808337540677  |0.4034462539087474  |391       
 [7, 8, 2, 0, 0]     |0.6644687389791473  |0.5097843701177556  |106       
 [15, 4, 7, 3, 3]    |0.904622626478394   |0.5710734694513308  |184       
 [8, 12, 18, 0, 0]   |1.1443963772864467  |0.43708714669563864 |385       
 [8, 4, 16, 0, 0]    |0.8826792504788342  |0.5961318603971282  |157       
 [6, 16, 0, 0, 0]    |0.5043407952721747  |0.34923750493948696 |147       
 [16, 16, 0, 0, 0]   |1.005501542183124   |0.4330017384796775  |337       
 [8, 12, 4, 0, 0]    |0.7608875034103532  |0.4743690093767274  |189       
Increasing Epochs
Gen 4 Train time: 15.863500372568767 minutes:
 Average MSE:        0.4915819681830956
 Average Error:      0.7154273984490267
 Structure           |Error               |MSE                 |weights&biases
 [15, 0, 0, 0, 0]    |0.3967405163031002  |0.3406250988648787  |61        
 [12, 0, 0, 0, 0]    |0.4740177236140763  |0.41936627912924146 |49        
 [8, 0, 0, 0, 0]     |0.7909368246653912  |0.7283036747740341  |33        
 [16, 1, 0, 0, 0]    |0.6264792225567452  |0.5298614776557888  |67        
 [7, 0, 0, 0, 0]     |0.7229126070139883  |0.6723562536125934  |29        
 [8, 8, 2, 0, 0]     |0.7356414691646311  |0.5490792946356908  |117       
 [8, 17, 0, 0, 0]    |0.9665517166232106  |0.5936172826451523  |195       
 [12, 8, 0, 0, 0]    |0.6539076452988827  |0.45054867883841754 |149       
 [15, 20, 0, 0, 0]   |1.2673180371077748  |0.48282688086469616 |386       
 [15, 3, 0, 0, 0]    |0.8238492962740069  |0.6464446762544556  |97        
 [7, 8, 0, 0, 0]     |0.6091699209067946  |0.48159198193955427 |94        
 [16, 1, 2, 0, 0]    |0.9379533774414484  |0.7834445158694352  |72        
 [15, 7, 0, 0, 0]    |0.5099443953434125  |0.3375797204079601  |165       
 [6, 16, 0, 0, 0]    |0.7179374768385527  |0.49714537365222755 |147       
 [15, 16, 0, 0, 0]   |0.8477413732511238  |0.3828240962277166  |318       
 [8, 4, 0, 0, 0]     |0.7209928307317951  |0.6128555070591828  |65        
 [15, 4, 14, 0, 0]   |0.8768764924842662  |0.5398903983310614  |194       
 [15, 4, 0, 0, 0]    |0.5006326450017199  |0.3764828852189086  |114       
 [16, 11, 8, 0, 0]   |0.828826590733897   |0.35425286087582375 |340       
 [7, 8, 2, 0, 0]     |0.6589837081251818  |0.5055762218107921  |106       
 [16, 1, 10, 0, 0]   |0.577830235067641   |0.4545373618708422  |96        
 [15, 3, 0, 0, 0]    |0.5185915861734073  |0.40692001746961975 |97        
 [16, 12, 4, 0, 0]   |0.9468237732669101  |0.4372971697926825  |309       
 [8, 10, 0, 0, 0]    |0.6447819081573192  |0.4717325212699329  |125       
 [10, 0, 0, 0, 0]    |0.40162347505333357 |0.3624965730109781  |41        
 [16, 16, 0, 0, 0]   |0.8440475124760849  |0.3634743706788181  |337       
Gen 5 Train time: 16.05190623998642 minutes:
 Average MSE:        0.49392457366234754
 Average Error:      0.7521773680615305
 Structure           |Error               |MSE                 |weights&biases
 [15, 0, 0, 0, 0]    |0.6499320340704116  |0.5580049283183224  |61        
 [10, 0, 0, 0, 0]    |0.5885734657025152  |0.5312335496674432  |41        
 [16, 0, 0, 0, 0]    |0.5083070451392149  |0.4320691671432604  |65        
 [15, 15, 0, 0, 0]   |0.7572343800349854  |0.3567990800870174  |301       
 [6, 7, 0, 0, 0]     |0.8331206393262475  |0.6906812689585303  |75        
 [19, 4, 0, 0, 0]    |0.4479189327191109  |0.3140688603329678  |142       
 [8, 10, 0, 0, 0]    |0.585694361612803   |0.4285031487418527  |125       
 [15, 13, 0, 0, 0]   |0.7348221448088598  |0.37695600765886467 |267       
 [12, 0, 0, 0, 0]    |0.4681449322298395  |0.41417058591310596 |49        
 [14, 10, 0, 0, 0]   |0.6910498823963889  |0.4160111279856425  |203       
 [16, 1, 10, 0, 0]   |0.6164225819849466  |0.4848951771799407  |96        
 [8, 17, 0, 0, 0]    |0.7273192535441643  |0.4466903027318253  |195       
 [10, 11, 0, 0, 0]   |0.909756827639428   |0.6052716354160538  |163       
 [16, 16, 0, 0, 0]   |1.1192340809910173  |0.4819786768129619  |337       
 [7, 8, 2, 0, 0]     |1.6168529466785917  |1.2404592009278104  |106       
 [10, 10, 0, 0, 0]   |0.5143642692418126  |0.35263435884467487 |151       
 [15, 3, 0, 0, 0]    |0.47492551704160857 |0.372656836022631   |97        
 [8, 10, 7, 0, 0]    |0.7724179615016369  |0.4696678789711107  |199       
 [2, 20, 0, 0, 0]    |0.9817901999257974  |0.7898773180800608  |87        
 [16, 12, 4, 0, 0]   |0.7598809405783348  |0.35095631740188    |309       
 [2, 3, 3, 0, 0]     |0.9090776611029223  |0.8412850348599317  |31        
 [15, 3, 13, 0, 0]   |0.44541769807794573 |0.29931977672720445 |159       
 [16, 1, 0, 0, 0]    |0.5051903807859269  |0.4272782113479844  |67        
 [14, 10, 15, 0, 0]  |0.9254311664196931  |0.364220609741565   |373       
 [16, 12, 20, 0, 0]  |1.3695976131474636  |0.36132298826149123 |533       
 [16, 6, 0, 0, 0]    |0.6441346528981318  |0.4350268670869015  |157       
Result:  [15, 3, 13]
Fold 0
Fold 0 Train time: 19.132426631450652 minutes, MSE: 0.05844273021064458
Fold 1
Fold 1 Train time: 19.124851687749228 minutes, MSE: 0.09106464374568903
Fold 2
Fold 2 Train time: 19.16238089799881 minutes, MSE: 0.057820817974291505
Fold 3
Fold 3 Train time: 19.15339199304581 minutes, MSE: 0.07218442872638323
Fold 4
Fold 4 Train time: 19.09744179646174 minutes, MSE: 0.04789095491448715
Total Time: 175.81745009819667 minutes
CellsPerSensor: 2
 Resulting Network Architecture: [15, 3, 13]
 MSE after 5-Fold CV: 0.06548071511429909
 Weights and Biases: 159
 Objective Function Value: 0.09744183867038814
~/workspace/SolarCellResearch
