/tmp/tmp.RJ4gziM7Rd ~/workspace/SolarCellResearch
Using TensorFlow backend.
Genetically searching for best layer structure...
  Training on:     datasets/N4dataset10k.mat
  Evaluating with: datasets/N4dataset100k.mat
Gen 0 Train time: 10.761232256889343 minutes:
 Average MSE:        1.225972355435143
 Average Error:      2.9729245366235904
 Structure           |Error               |MSE                 |weights&biases
 [1, 16, 2, 2, 13]   |4.20470970192218    |3.053245901225197   |128       
 [12, 0, 0, 0, 0]    |0.5131569023336832  |0.45399294165711596 |49        
 [17, 13, 1, 14, 0]  |0.7099065315778949  |0.3019113151195963  |342       
 [15, 7, 5, 0, 0]    |0.4014598021318793  |0.2416782773287231  |203       
 [11, 19, 1, 4, 2]   |5.101685257209723   |2.3978462239028646  |302       
 [14, 19, 2, 4, 12]  |0.9850856223895176  |0.3182154164552276  |452       
 [12, 8, 0, 0, 0]    |0.4098629490445651  |0.2823995277076813  |149       
 [4, 17, 13, 1, 12]  |4.759637459574817   |1.831566298113676   |382       
 [13, 11, 0, 0, 0]   |0.4528922264175276  |0.2712807293595888  |205       
 [2, 0, 0, 0, 0]     |3.649891561737978   |3.5686859901108265  |9         
 [14, 0, 0, 0, 0]    |0.3206235935017397  |0.2780407898971678  |57        
 [15, 11, 0, 0, 0]   |0.5073392996437905  |0.2833491859954486  |233       
 [6, 15, 0, 0, 0]    |0.6285033199290891  |0.4440074361253217  |139       
 [3, 4, 15, 0, 0]    |2.617651896557921   |1.9586935467972275  |116       
 [10, 9, 0, 0, 0]    |1.2910431161289762  |0.9120600094592144  |139       
 [9, 4, 0, 0, 0]     |0.403272017907739   |0.3368411036540474  |72        
 [18, 18, 9, 18, 1]  |24.335579260560223  |3.567765347073087   |768       
 [14, 16, 12, 5, 0]  |2.279007664708684   |0.5662271894361927  |557       
 [20, 4, 2, 0, 0]    |0.40509652351180575 |0.2735885590043021  |157       
 [20, 16, 0, 0, 0]   |0.5294598561657226  |0.18854889205635422 |413       
 [1, 7, 4, 10, 3]    |5.004479165467656   |3.56203975086367    |136       
 [2, 5, 15, 15, 17]  |5.7614002490575285  |1.1603022644290963  |641       
 [3, 20, 8, 5, 9]    |7.50071779718395    |3.0041621853874743  |366       
 [15, 0, 0, 0, 0]    |0.3916032410873305  |0.3362144455376779  |61        
 [9, 0, 0, 0, 0]     |1.159048399837844   |1.0566455591817925  |37        
Gen 1 Train time: 10.637878501415253 minutes:
 Average MSE:        0.35877170613208403
 Average Error:      0.6391194213810457
 Structure           |Error               |MSE                 |weights&biases
 [14, 0, 0, 0, 0]    |0.39795432607173187 |0.3451010387461677  |57        
 [15, 0, 0, 0, 0]    |0.47856845070453213 |0.4108791997193085  |61        
 [15, 5, 0, 0, 0]    |0.3625150045066737  |0.2612730071848174  |131       
 [20, 16, 0, 0, 0]   |1.0181223608952048  |0.362569212545747   |413       
 [9, 4, 16, 0, 0]    |0.8647544948053328  |0.5738945367840655  |164       
 [19, 8, 0, 0, 0]    |0.4030630127524293  |0.2290849530805071  |226       
 [12, 20, 0, 0, 0]   |0.7091621262427599  |0.3210459210988152  |317       
 [12, 0, 0, 0, 0]    |0.37074183372581204 |0.3279974895068011  |49        
 [12, 11, 0, 0, 0]   |0.7503083758754393  |0.4654405097087677  |191       
 [15, 8, 0, 0, 0]    |0.42813496219059016 |0.2716293567694114  |182       
 [14, 3, 0, 0, 0]    |0.42189876941956334 |0.3360518294448826  |91        
 [9, 4, 0, 0, 0]     |0.32263245597679185 |0.26948527971187286 |72        
 [15, 9, 0, 0, 0]    |0.4195266312636398  |0.25509269967574594 |199       
 [20, 16, 16, 0, 0]  |1.7732836377696093  |0.31992553623861625 |685       
 [15, 2, 1, 0, 0]    |0.41256845382766294 |0.3360977837467122  |82        
 [15, 7, 5, 0, 0]    |0.44079621120820583 |0.2653587442929886  |203       
 [12, 2, 0, 0, 0]    |1.2159341456427144  |1.03356358845078    |65        
 [20, 5, 0, 0, 0]    |0.6524637655894341  |0.42549602498811157 |171       
 [15, 15, 0, 0, 0]   |0.5821011674500818  |0.27427856756077595 |301       
 [14, 19, 0, 0, 0]   |0.5826697344398214  |0.2447214273941957  |347       
 [12, 4, 0, 0, 0]    |0.4589193578820005  |0.36371642205976384 |93        
 [9, 8, 0, 0, 0]     |0.6091215044853804  |0.4557834300350538  |116       
 [14, 7, 4, 11, 0]   |0.5550944114164987  |0.30010673956941397 |246       
 [8, 16, 18, 0, 0]   |1.0091144423485685  |0.2942201908471543  |493       
 [15, 19, 5, 0, 0]   |0.9879933233497794  |0.31676999413828627 |455       
 [12, 8, 0, 0, 0]    |0.38966199606692625 |0.2684808761354212  |149       
Increasing Epochs
Gen 2 Train time: 12.711381502946217 minutes:
 Average MSE:        0.312464684880918
 Average Error:      0.49704678220802534
 Structure           |Error               |MSE                 |weights&biases
 [9, 4, 0, 0, 0]     |0.29302618511468287 |0.24475604358977968 |72        
 [15, 5, 0, 0, 0]    |0.32824627001484025 |0.23657473207401555 |131       
 [12, 4, 0, 0, 0]    |0.37169782180981215 |0.29458901550811    |93        
 [9, 8, 0, 0, 0]     |0.3428112776032308  |0.2565131895855594  |116       
 [15, 9, 0, 0, 0]    |0.44462451586866725 |0.27035344038429815 |199       
 [15, 5, 3, 0, 0]    |0.5004348839010977  |0.34653280455725133 |147       
 [12, 8, 0, 0, 0]    |0.4270084332406073  |0.29421293179938746 |149       
 [14, 7, 4, 11, 0]   |0.48608450659459007 |0.26279716284128657 |246       
 [15, 2, 16, 0, 0]   |0.4229566082105713  |0.2965659413068254  |142       
 [12, 8, 11, 0, 0]   |0.4370458241709849  |0.23334966817780184 |251       
 [15, 7, 5, 4, 0]    |0.6926880264639875  |0.393696268378263   |226       
 [14, 11, 0, 0, 0]   |0.5153910741859759  |0.2980990994882436  |219       
 [12, 0, 0, 0, 0]    |0.3268474843243455  |0.2891638993976712  |49        
 [11, 0, 0, 0, 0]    |0.49508639901363893 |0.4424078927480958  |45        
 [9, 3, 0, 0, 0]     |0.32942747770321273 |0.28283289089571517 |61        
 [14, 4, 0, 0, 0]    |0.4571009681285954  |0.3498149510271465  |107       
 [9, 9, 0, 0, 0]     |0.6037903574134781  |0.4395392623698249  |127       
 [15, 4, 9, 0, 0]    |0.45342491543117747 |0.30091555854394036 |164       
 [9, 2, 0, 0, 0]     |0.3492553251497444  |0.30821674265582516 |50        
 [15, 12, 0, 0, 0]   |0.45147569699248413 |0.24165752651380384 |250       
 [12, 20, 10, 0, 0]  |0.965077102220642   |0.26499421533448536 |517       
 [15, 4, 0, 0, 0]    |0.38685733718236714 |0.2909222319491798  |114       
 [20, 8, 9, 0, 0]    |0.7494855853945976  |0.33760854893039427 |319       
 [12, 8, 8, 13, 0]   |1.0815025883216485  |0.4587964458760566  |343       
 [12, 4, 0, 0, 0]    |0.3387129535339095  |0.2684468664238069  |93        
 [9, 4, 20, 0, 0]    |0.6731567194197717  |0.4207244765470989  |188       
Gen 3 Train time: 12.674950285752614 minutes:
 Average MSE:        0.5338969511760628
 Average Error:      0.7428576814197471
 Structure           |Error               |MSE                 |weights&biases
 [9, 4, 0, 0, 0]     |0.33904699751182116 |0.28319585729005586 |72        
 [12, 0, 0, 0, 0]    |0.6332691936615737  |0.5602569950511928  |49        
 [9, 0, 0, 0, 0]     |0.4687804148414286  |0.42736329530578143 |37        
 [11, 8, 0, 0, 0]    |0.47447510864800563 |0.33603292915836336 |138       
 [9, 9, 1, 0, 0]     |0.39356251989001934 |0.285071474568815   |129       
 [15, 7, 5, 4, 0]    |0.5140788998646988  |0.2921819589720552  |226       
 [15, 5, 0, 0, 0]    |0.42615971794451785 |0.3071432345260291  |131       
 [12, 4, 11, 0, 0]   |0.4758988407519579  |0.32301711589874504 |155       
 [15, 5, 3, 17, 0]   |0.4657811879113549  |0.2627534053291644  |229       
 [9, 4, 10, 0, 0]    |0.4508496919182774  |0.3273840696514273  |128       
 [9, 2, 9, 0, 0]     |0.36137595215283713 |0.2929256536875659  |84        
 [20, 8, 0, 0, 0]    |0.48298264016989345 |0.2670619653214265  |237       
 [9, 8, 0, 0, 0]     |0.3461184595505452  |0.2589878333480883  |116       
 [5, 5, 0, 0, 0]     |0.8576798792262064  |0.7550099505763194  |51        
 [14, 10, 0, 0, 0]   |0.6497327719449665  |0.3911382813766559  |203       
 [12, 8, 9, 0, 0]    |0.541181148319449   |0.3037649047471489  |231       
 [12, 4, 0, 0, 0]    |0.39526811096768066 |0.31326964227220977 |93        
 [9, 2, 0, 0, 0]     |0.5369741780164884  |0.47387804886746016 |50        
 [1, 2, 0, 0, 0]     |3.072634102326973   |2.996770496035775   |10        
 [15, 12, 16, 0, 0]  |0.9819818721687129  |0.3093807899292772  |462       
 [3, 2, 8, 5, 16]    |3.0251455245031758  |1.8394363581475879  |199       
 [9, 2, 1, 0, 0]     |1.1812408488622916  |1.0372421922027037  |52        
 [14, 4, 0, 0, 0]    |0.3345451938026927  |0.25602420197354    |107       
 [12, 20, 0, 0, 0]   |1.0966958193607077  |0.4964869195106326  |317       
 [19, 4, 20, 0, 0]   |0.5079379185977736  |0.2664959996038395  |258       
 [9, 9, 0, 0, 0]     |0.3009027239993759  |0.21904715722577447 |127       
Increasing Epochs
Gen 4 Train time: 14.83616380294164 minutes:
 Average MSE:        0.36142649459622234
 Average Error:      0.5451707783137425
 Structure           |Error               |MSE                 |weights&biases
 [9, 9, 0, 0, 0]     |0.3900477090350052  |0.2839417360898372  |127       
 [14, 4, 0, 0, 0]    |0.4739521241658003  |0.3627109778022358  |107       
 [12, 4, 0, 0, 0]    |0.40542345417991277 |0.3213182569895948  |93        
 [15, 5, 0, 0, 0]    |0.3633785830315568  |0.261895408341546   |131       
 [9, 4, 6, 0, 0]     |0.48565157096348993 |0.3744624139393921  |104       
 [9, 9, 18, 4, 0]    |0.6659325212627244  |0.25883436661391823 |378       
 [15, 9, 1, 0, 0]    |0.43808935372296054 |0.26505116783152116 |201       
 [9, 5, 3, 17, 19]   |1.2593601362647755  |0.3389521824107518  |525       
 [9, 4, 0, 0, 0]     |0.2796004463783077  |0.2335419239570951  |72        
 [12, 8, 0, 0, 0]    |0.42361028903402564 |0.2918715776436672  |149       
 [3, 2, 8, 5, 0]     |1.5223987687560625  |1.2095969781863944  |92        
 [9, 2, 1, 16, 0]    |0.5675532449292494  |0.4431173213004689  |99        
 [12, 5, 11, 0, 0]   |0.4349429080786005  |0.2780260395301826  |179       
 [11, 8, 0, 0, 0]    |0.43330508794159084 |0.30687548254138963 |138       
 [9, 8, 0, 0, 0]     |0.44888053603843453 |0.33588095131269774 |116       
 [9, 0, 0, 0, 0]     |0.5806568303727967  |0.5293553412504854  |37        
 [15, 4, 20, 0, 0]   |0.455648441727245   |0.2563955966242232  |230       
 [9, 5, 0, 0, 0]     |0.3467833306919905  |0.2818007265464906  |83        
 [12, 4, 11, 0, 0]   |0.5070057479704143  |0.3441309800097795  |155       
 [9, 4, 1, 0, 0]     |0.45254060650969147 |0.37610843668724375 |74        
 [9, 2, 9, 4, 0]     |0.5892313322759659  |0.4376059556560147  |119       
 [15, 7, 5, 0, 0]    |0.41740961936593773 |0.251280046503035   |203       
 [9, 14, 0, 0, 0]    |0.48147015131657384 |0.3054677591305262  |182       
 [12, 20, 0, 0, 0]   |0.8887043467243875  |0.40232676706847004 |317       
 [11, 5, 0, 0, 0]    |0.5670279271319955  |0.44270717931426695 |99        
 [20, 4, 0, 0, 0]    |0.295835168287811   |0.2038332862205517  |149       
Gen 5 Train time: 14.966144545873005 minutes:
 Average MSE:        0.392900254603071
 Average Error:      0.6009311650566516
 Structure           |Error               |MSE                 |weights&biases
 [9, 4, 0, 0, 0]     |0.5348817580039461  |0.4467707990879889  |72        
 [20, 4, 0, 0, 0]    |0.3458460253207199  |0.23829124939890725 |149       
 [13, 4, 6, 0, 0]    |0.43959687298245137 |0.31603662512954417 |132       
 [10, 4, 0, 0, 0]    |0.5121487191434071  |0.4203614977208348  |79        
 [9, 5, 0, 0, 0]     |0.3532662035562785  |0.2870687948807425  |83        
 [15, 14, 0, 0, 0]   |0.5932762244944473  |0.2916808132642439  |284       
 [20, 9, 1, 0, 0]    |0.49287147103937023 |0.2566590196646937  |261       
 [9, 4, 13, 0, 0]    |0.5547986658069451  |0.3851393757147523  |146       
 [9, 13, 0, 0, 0]    |0.547462980014196   |0.3570210854755221  |171       
 [9, 5, 9, 0, 0]     |0.4008422332871244  |0.2817634577642526  |141       
 [12, 8, 0, 0, 0]    |0.4293103237583195  |0.29579895658292077 |149       
 [11, 5, 11, 0, 0]   |0.403377238114378   |0.2630573840882885  |171       
 [15, 7, 5, 12, 0]   |0.46535652557831025 |0.22993664937429062 |282       
 [14, 4, 0, 0, 0]    |0.35315345115573393 |0.2702649213955635  |107       
 [11, 8, 0, 0, 0]    |0.34476078923204595 |0.24416660801175727 |138       
 [2, 8, 7, 3, 0]     |3.3643090611959785  |2.48611838098786    |121       
 [10, 4, 10, 0, 0]   |0.5074553067146587  |0.36209573618153856 |135       
 [17, 9, 18, 4, 0]   |1.3979884570856072  |0.42742962973722315 |474       
 [9, 4, 6, 0, 0]     |0.3348439056921363  |0.25818192448058147 |104       
 [12, 5, 0, 0, 0]    |0.46672398863187325 |0.3571793555696902  |107       
 [11, 8, 14, 0, 0]   |0.4627197072387373  |0.2355967098822485  |270       
 [15, 9, 1, 0, 0]    |0.4208903076743135  |0.2546454658850073  |201       
 [9, 4, 1, 0, 0]     |0.306579805693835   |0.2547997898546986  |74        
 [20, 4, 12, 0, 0]   |0.6540908897408493  |0.3802185872482504  |217       
 [9, 4, 6, 3, 0]     |0.42049240703131724 |0.30995478197698234 |122       
 [12, 8, 7, 0, 0]    |0.5171669732859632  |0.30516902032146076 |211       
Increasing Epochs
Gen 6 Train time: 17.158522005875906 minutes:
 Average MSE:        0.3728936383946363
 Average Error:      0.5571089107426268
 Structure           |Error               |MSE                 |weights&biases
 [9, 4, 1, 0, 0]     |0.618761341185547   |0.5142552013413949  |74        
 [9, 4, 6, 0, 0]     |0.41519451896618337 |0.3201363922658246  |104       
 [9, 4, 6, 3, 0]     |0.42163003424078127 |0.3107933535844222  |122       
 [11, 8, 0, 0, 0]    |0.3244232074158447  |0.2297631186292069  |138       
 [15, 7, 5, 12, 0]   |0.5619725644352164  |0.2776754625841525  |282       
 [10, 4, 10, 0, 0]   |0.37456848522723635 |0.2672740822967179  |135       
 [20, 4, 0, 0, 0]    |0.5180052251598803  |0.35691059969257083 |149       
 [9, 4, 13, 0, 0]    |0.30322083169121433 |0.2104948858364763  |146       
 [10, 4, 13, 0, 0]   |0.3758475999998187  |0.25638590275403755 |153       
 [9, 4, 6, 0, 0]     |0.38470718114414726 |0.2966290820912146  |104       
 [9, 4, 0, 0, 0]     |0.3400893497989601  |0.28406650310529946 |72        
 [9, 5, 6, 0, 0]     |0.35938981885449733 |0.2662425261349136  |120       
 [12, 8, 1, 0, 0]    |0.4763466183366068  |0.32657047619687896 |151       
 [15, 9, 7, 0, 0]    |0.41425525300778027 |0.21250857425662462 |267       
 [11, 8, 2, 0, 0]    |0.4116830795342931  |0.2829453668235708  |150       
 [15, 14, 17, 0, 0]  |0.9405169014984183  |0.24260379012773123 |542       
 [9, 4, 6, 14, 0]    |0.49214777907321994 |0.2911326587719774  |210       
 [17, 4, 13, 0, 0]   |0.3402203243987815  |0.20532486264826105 |202       
 [10, 12, 1, 0, 0]   |0.4845023328962378  |0.3112580299177133  |177       
 [9, 9, 17, 9, 0]    |1.166990586019173   |0.37043706506378743 |459       
 [11, 8, 0, 0, 0]    |0.38505339314871023 |0.2727026501997553  |138       
 [9, 4, 9, 0, 0]     |0.3519122945008539  |0.25940277801236966 |122       
 [9, 4, 11, 0, 0]    |0.3706579431954565  |0.2651457437768137  |134       
 [1, 4, 1, 0, 0]     |2.700236078223514   |2.5814188911365648  |18        
 [15, 14, 0, 0, 0]   |0.44160551191413044 |0.21711278749936133 |284       
 [20, 9, 1, 0, 0]    |0.5108934254417951  |0.266043813512903   |261       
Result:  [9, 4, 13]
Fold 0
Fold 0 Train time: 19.517458073298137 minutes, MSE: 0.027247275555685457
Fold 1
Fold 1 Train time: 19.39644838174184 minutes, MSE: 0.0414907631298961
Fold 2
Fold 2 Train time: 19.0013600786527 minutes, MSE: 0.02866862460949822
Fold 3
Fold 3 Train time: 18.98875982761383 minutes, MSE: 0.015326611014051358
Fold 4
Fold 4 Train time: 18.92591731150945 minutes, MSE: 0.5085180583886275
Total Time: 189.58163640499114 minutes
CellsPerSensor: 4
 Resulting Network Architecture: [9, 4, 13]
 MSE after 5-Fold CV: 0.12425026653955173
 Weights and Biases: 146
 Objective Function Value: 0.17898424946649824
~/workspace/SolarCellResearch
