/tmp/tmp.oj3Cc3R5vB ~/workspace/SolarCellResearch
Using TensorFlow backend.
Genetically searching for best layer structure...
  Training on:     datasets/N8dataset10k.mat
  Evaluating with: datasets/N8dataset100k.mat
Gen 0 Train time: 10.924209638436635 minutes:
 Average MSE:        0.6999239525341605
 Average Error:      1.8074981319031167
 Structure           |Error               |MSE                 |weights&biases
 [20, 19, 9, 16, 0]  |1.0929137655254682  |0.14211016803256288 |816       
 [3, 16, 20, 17, 0]  |9.66420931422418    |1.3477402487659176  |788       
 [3, 13, 8, 9, 18]   |2.4496279620942563  |0.7893354901626548  |453       
 [5, 0, 0, 0, 0]     |1.7609639148454297  |1.670898219824426   |21        
 [9, 17, 9, 0, 0]    |0.44284378875965774 |0.1760410288875709  |369       
 [4, 9, 13, 5, 0]    |3.453857991934298   |1.7895995232431645  |263       
 [18, 9, 0, 0, 0]    |0.3795692005827258  |0.21093223630435184 |235       
 [8, 0, 0, 0, 0]     |0.8847407703889629  |0.814679420912398   |33        
 [5, 4, 14, 14, 0]   |0.8100242023021529  |0.3514488307220187  |334       
 [6, 16, 0, 0, 0]    |0.509244699280071   |0.35263327862314514 |147       
 [19, 7, 11, 0, 0]   |0.4284331832190344  |0.20390104325455333 |297       
 [13, 12, 20, 1, 12] |0.8237262123171367  |0.22170290239767784 |525       
 [12, 8, 1, 2, 0]    |0.4363861856737728  |0.2954582669464604  |156       
 [20, 11, 6, 1, 0]   |0.5056242588220959  |0.19949592737214872 |372       
 [14, 18, 0, 0, 0]   |0.4567090022016236  |0.1996461264081008  |331       
 [9, 10, 7, 0, 0]    |0.6003570552097767  |0.3533731462779372  |212       
 [12, 18, 4, 0, 0]   |0.5152480657773061  |0.21425105161350838 |351       
 [18, 4, 17, 13, 14] |1.1805091622701016  |0.22671667673993595 |660       
 [1, 10, 9, 19, 0]   |5.559699790951626   |2.424303126006447   |332       
 [6, 10, 15, 0, 0]   |1.87963513495266    |0.9594238613113346  |269       
 [20, 8, 13, 0, 0]   |0.3172916928572048  |0.12932408200730552 |359       
 [13, 7, 0, 0, 0]    |0.29775253026386456 |0.20721620279526168 |145       
 [20, 16, 2, 0, 0]   |0.6526425934345675  |0.22108111034526323 |433       
 [5, 0, 0, 0, 0]     |1.0747789821677929  |1.0198086814098661  |21        
 [1, 18, 19, 2, 0]   |9.010663837522152   |2.9769781629899965  |443       
Gen 1 Train time: 11.552676792939504 minutes:
 Average MSE:        0.4206063960320222
 Average Error:      1.027546571705078
 Structure           |Error               |MSE                 |weights&biases
 [13, 7, 0, 0, 0]    |0.3582075129638657  |0.24928889968904117 |145       
 [20, 8, 13, 0, 0]   |0.31808017480691936 |0.12964545728003304 |359       
 [8, 9, 11, 0, 0]    |0.3947690732773927  |0.2238107814776858  |227       
 [18, 7, 11, 12, 0]  |0.4653295202460161  |0.15802382302605317 |432       
 [9, 17, 9, 0, 0]    |0.5206721909775893  |0.20697968570264083 |369       
 [20, 8, 13, 18, 0]  |0.689554470576433   |0.14782744689607238 |616       
 [5, 17, 9, 0, 0]    |1.9805990021424331  |0.9616538900455049  |289       
 [9, 4, 14, 15, 0]   |0.5543159116832304  |0.215451270697052   |378       
 [5, 4, 14, 8, 0]    |1.12143322933437    |0.6185405894211116  |238       
 [13, 7, 14, 0, 0]   |0.39331421791316296 |0.20328497840297724 |264       
 [5, 8, 13, 1, 0]    |3.65301137546502    |2.2379311868657896  |196       
 [20, 8, 3, 0, 0]    |0.25823478498967145 |0.13514782649766094 |259       
 [13, 7, 19, 0, 0]   |0.3948902200119255  |0.18238280497985015 |309       
 [9, 17, 9, 10, 0]   |0.754909049719184   |0.23313024249153105 |470       
 [20, 16, 2, 0, 0]   |0.5259213940661364  |0.17815460854705503 |433       
 [6, 16, 13, 0, 0]   |1.4235621238671599  |0.571587482865815   |365       
 [3, 13, 8, 9, 20]   |3.3907265725876496  |1.034113178049942   |475       
 [13, 12, 20, 1, 18] |0.8222670110711747  |0.2115719592110855  |543       
 [19, 7, 11, 16, 0]  |0.5409846898790202  |0.1573371537256107  |494       
 [20, 19, 9, 0, 0]   |0.716396474087533   |0.14141993809894596 |649       
 [13, 14, 0, 0, 0]   |0.44643298380529667 |0.23895835664961834 |250       
 [12, 18, 17, 18, 0] |2.380843299820611   |0.22934101206861307 |936       
 [20, 8, 0, 0, 0]    |0.2372186992864756  |0.13116846605533067 |237       
 [5, 13, 0, 0, 0]    |1.4313206736863968  |1.0953758715927482  |107       
 [20, 16, 1, 0, 0]   |2.525539197865622   |0.8948981049909331  |415       
 [14, 18, 5, 0, 0]   |0.4176770102017354  |0.14874128150387664 |413       
Gen 2 Train time: 11.223058152198792 minutes:
 Average MSE:        0.22627851572943009
 Average Error:      0.46482213897768077
 Structure           |Error               |MSE                 |weights&biases
 [20, 8, 0, 0, 0]    |0.45659893911671656 |0.25247327730308305 |237       
 [20, 8, 3, 0, 0]    |0.27418671322574684 |0.14349630840198102 |259       
 [20, 8, 14, 0, 0]   |0.416523532128668   |0.16557809551126237 |369       
 [14, 18, 5, 0, 0]   |0.4407871309620545  |0.15697115505123552 |413       
 [20, 8, 17, 0, 0]   |0.3802211514550018  |0.14022567105618972 |399       
 [20, 8, 1, 0, 0]    |0.27834308544275066 |0.15314029669415735 |239       
 [20, 16, 2, 0, 0]   |0.5164944264735883  |0.17496124592635703 |433       
 [8, 9, 11, 0, 0]    |0.6282748707534093  |0.3561947967167801  |227       
 [20, 16, 3, 0, 0]   |0.4991404837895801  |0.16164257762240902 |451       
 [13, 7, 0, 0, 0]    |0.2781470811723411  |0.19357209803739073 |145       
 [13, 12, 20, 1, 0]  |0.6344295388641331  |0.1863685623540471  |490       
 [13, 7, 2, 18, 0]   |0.3071567428618081  |0.17457565145050538 |226       
 [9, 17, 9, 0, 0]    |0.7582225006179636  |0.3014116320979611  |369       
 [20, 8, 3, 11, 0]   |0.3879126734679689  |0.17826661128820345 |311       
 [13, 7, 14, 0, 0]   |0.3366571032893242  |0.17400167310119702 |264       
 [13, 7, 19, 0, 0]   |0.40394578296812267 |0.18656517995123584 |309       
 [20, 8, 5, 0, 0]    |0.27748911082382827 |0.13814193790799278 |279       
 [5, 5, 13, 1, 0]    |1.632879696010234   |1.153551149751123   |139       
 [20, 8, 3, 15, 0]   |0.3285017925345692  |0.14360152762806908 |331       
 [9, 4, 14, 0, 0]    |0.3049977012372776  |0.20857615777465374 |152       
 [13, 8, 3, 0, 0]    |0.25008740005509267 |0.15866744277440914 |182       
 [20, 7, 19, 0, 0]   |0.44374038788908277 |0.17204218002632107 |379       
 [12, 9, 3, 0, 0]    |0.4699399794047415  |0.2944487555876116  |187       
 [20, 14, 3, 0, 0]   |0.44120542595430884 |0.16109763108938696 |403       
 [14, 8, 13, 14, 0]  |0.7187231012775158  |0.2111304454006806  |490       
 [20, 4, 5, 0, 0]    |0.22076926164387164 |0.14253934846093946 |175       
Gen 3 Train time: 11.190615638097126 minutes:
 Average MSE:        0.2067020932394472
 Average Error:      0.45367784992738525
 Structure           |Error               |MSE                 |weights&biases
 [20, 4, 5, 0, 0]    |0.24981010380921914 |0.16128952541122107 |175       
 [13, 8, 3, 0, 0]    |0.28723918390377184 |0.18223831654285544 |182       
 [20, 14, 3, 0, 0]   |0.4252856507893257  |0.15528483297837725 |403       
 [13, 7, 13, 18, 0]  |0.6732267000703777  |0.18718213428058    |512       
 [13, 7, 0, 0, 0]    |0.3836587278760934  |0.26700127347126995 |145       
 [13, 7, 2, 18, 0]   |0.35163247679516896 |0.19985388611601967 |226       
 [13, 7, 5, 0, 0]    |0.3354375276240268  |0.21228627813151896 |183       
 [9, 17, 9, 0, 0]    |0.8248031972775896  |0.327879056145706   |369       
 [13, 7, 3, 15, 0]   |0.3389385486799282  |0.18741376481318922 |237       
 [12, 14, 2, 18, 0]  |0.37470209746980093 |0.16794411974628798 |321       
 [13, 7, 3, 0, 0]    |0.3795129282501334  |0.2512349765578049  |165       
 [12, 9, 19, 0, 0]   |0.7176467958245031  |0.28959329864070493 |363       
 [13, 15, 0, 0, 0]   |0.47847187080635034 |0.24668135004586747 |265       
 [14, 18, 5, 0, 0]   |0.5133954904114936  |0.18282812148371264 |413       
 [16, 8, 3, 10, 0]   |0.32746422201393566 |0.1700986909063818  |262       
 [13, 3, 14, 19, 0]  |0.9168785800146144  |0.3036801633954152  |442       
 [20, 8, 14, 0, 0]   |0.3052990228246207  |0.12136368502976799 |369       
 [13, 11, 17, 0, 0]  |0.5166989597708044  |0.183086811854061   |415       
 [13, 4, 5, 0, 0]    |0.23353635230717065 |0.1704322316511519  |126       
 [18, 7, 0, 0, 0]    |0.2762606265895862  |0.16966819223175253 |195       
 [20, 8, 3, 0, 0]    |0.3148122590496241  |0.16475779034601015 |259       
 [20, 8, 8, 0, 0]    |0.36584914042100064 |0.16896997962480337 |309       
 [20, 16, 5, 0, 0]   |0.5558312438698819  |0.16450890952088865 |487       
 [12, 17, 3, 0, 0]   |0.6592164318929807  |0.2999308371688729  |315       
 [9, 8, 3, 0, 0]     |0.38171455205226906 |0.27033801497826093 |138       
 [14, 18, 5, 15, 0]  |0.6083014077177438  |0.1687081831531451  |513       
Increasing Epochs
Gen 4 Train time: 13.137853852907817 minutes:
 Average MSE:        0.3903729881089857
 Average Error:      0.6175962243883314
 Structure           |Error               |MSE                 |weights&biases
 [13, 4, 5, 0, 0]    |0.40404960537542667 |0.29487090665578924 |126       
 [20, 4, 5, 0, 0]    |0.2306953814867368  |0.14894813311063201 |175       
 [13, 11, 3, 7, 0]   |0.513661457207579   |0.264823722065317   |265       
 [13, 8, 3, 9, 0]    |0.2789861002444131  |0.15935938914744283 |224       
 [9, 8, 3, 10, 0]    |0.3827848344868873  |0.24104244575949854 |185       
 [16, 8, 3, 0, 0]    |0.293839212416255   |0.17166290878665838 |215       
 [9, 8, 3, 0, 0]     |0.24573119868473178 |0.17403183639056694 |138       
 [7, 8, 3, 0, 0]     |2.1452946370684853  |1.6052458186400282  |116       
 [13, 7, 2, 18, 0]   |0.8216405477518189  |0.4669877423021697  |226       
 [13, 11, 17, 0, 0]  |0.4553084618401825  |0.16133373817023436 |415       
 [20, 4, 5, 20, 0]   |0.27952554765924437 |0.12877847669242048 |310       
 [4, 18, 5, 0, 0]    |1.9996367883339439  |1.203778738796206   |203       
 [13, 7, 2, 0, 0]    |0.2579591227139533  |0.17465299737299775 |156       
 [18, 7, 18, 0, 0]   |0.3391681066585065  |0.14138630195220075 |350       
 [18, 7, 0, 0, 0]    |0.3300328396109814  |0.20269292792524904 |195       
 [18, 7, 17, 0, 0]   |0.36220786336219646 |0.15442650003494313 |341       
 [20, 8, 8, 0, 0]    |0.2686756868150605  |0.12408974167488536 |309       
 [13, 11, 17, 2, 13] |0.5565961728396375  |0.16514765839925974 |486       
 [5, 4, 5, 0, 0]     |0.48890038152334825 |0.41041085772651875 |70        
 [13, 8, 8, 0, 0]    |0.320503413356713   |0.17944933761705947 |232       
 [18, 7, 12, 0, 0]   |0.3102411066217324  |0.14802034913587345 |296       
 [13, 14, 5, 0, 0]   |0.5586290890164956  |0.25353090454346033 |316       
 [1, 4, 5, 0, 0]     |2.938670045633921   |2.6457567058739198  |42        
 [18, 16, 0, 0, 0]   |0.3943430828744973  |0.15442697009472842 |375       
 [20, 8, 3, 0, 0]    |0.3666110084193021  |0.1918667965664117  |259       
 [14, 18, 5, 0, 0]   |0.5138101420945632  |0.18297578539915707 |413       
Increasing Epochs
Gen 5 Train time: 15.370890311400096 minutes:
 Average MSE:        0.24755125590870097
 Average Error:      0.4279793695153113
 Structure           |Error               |MSE                 |weights&biases
 [20, 4, 5, 0, 0]    |0.2147964623292082  |0.1386830193847775  |175       
 [9, 8, 3, 0, 0]     |0.43622146064878453 |0.3089409170509222  |138       
 [20, 7, 17, 0, 0]   |0.34984320427460813 |0.14188048755935484 |361       
 [18, 4, 5, 20, 0]   |0.30593147621422945 |0.14596416449770122 |296       
 [13, 14, 5, 0, 0]   |0.3447139728361778  |0.15644664243280265 |316       
 [13, 8, 3, 9, 0]    |0.49744840957116704 |0.28414704034422816 |224       
 [13, 1, 3, 9, 4]    |1.5608123565061376  |1.0998858779156735  |140       
 [20, 8, 8, 0, 0]    |0.2862312515231819  |0.13219790179689533 |309       
 [18, 7, 18, 0, 0]   |0.33609995592763336 |0.1401073064418509  |350       
 [9, 8, 3, 10, 0]    |0.34273778726565407 |0.21582452347532072 |185       
 [18, 7, 3, 0, 0]    |0.2941370916860359  |0.17183693192501814 |215       
 [9, 8, 0, 0, 0]     |1.1547100956677614  |0.8640274957033455  |116       
 [20, 7, 18, 0, 0]   |0.4106551558185862  |0.1628376716872063  |370       
 [10, 8, 8, 0, 0]    |0.23417852189051036 |0.14239198874024725 |199       
 [9, 1, 13, 0, 0]    |0.6080097577772989  |0.501543794602843   |77        
 [18, 7, 17, 0, 0]   |0.32492599482010875 |0.1385314600425056  |341       
 [20, 4, 9, 0, 0]    |0.3216704361518557  |0.1955913495090753  |199       
 [13, 8, 8, 17, 0]   |0.44607810850362584 |0.16658306399296197 |394       
 [18, 8, 8, 5, 0]    |0.4202345532405481  |0.18462246597309678 |329       
 [13, 7, 2, 0, 0]    |0.24183081926838132 |0.1637332186511808  |156       
 [20, 4, 5, 20, 0]   |0.325883326780924   |0.15013568081249323 |310       
 [13, 5, 3, 9, 0]    |0.2666309507739931  |0.1730127853340822  |173       
 [14, 8, 8, 0, 0]    |0.3058708224778675  |0.16661118495392543 |243       
 [18, 7, 12, 0, 0]   |0.3697916749070943  |0.17643275394200522 |296       
 [13, 8, 3, 9, 9]    |0.3914155770439202  |0.17853235627552677 |314       
 [20, 11, 3, 7, 0]   |0.3366043834928017  |0.1358305705811848  |363       
Gen 6 Train time: 15.662648487091065 minutes:
 Average MSE:        0.24078183117014898
 Average Error:      0.5057135602066276
 Structure           |Error               |MSE                 |weights&biases
 [20, 4, 5, 0, 0]    |0.212646593659909   |0.13729495984643098 |175       
 [10, 8, 8, 0, 0]    |0.5005160628580543  |0.3043382331199393  |199       
 [20, 7, 8, 5, 0]    |0.3562076227475367  |0.15925612747883364 |322       
 [18, 8, 17, 0, 0]   |0.365820527858888   |0.1425428779145117  |377       
 [18, 7, 18, 0, 0]   |0.42996426732852266 |0.17923577286815806 |350       
 [20, 11, 3, 7, 0]   |0.5516862375916827  |0.22262293692163948 |363       
 [18, 4, 5, 0, 0]    |0.2276139259581463  |0.15219321828052446 |161       
 [20, 7, 17, 0, 0]   |0.34126013278057593 |0.13839958424766952 |361       
 [13, 8, 5, 0, 0]    |0.28574996597487345 |0.17245169764392326 |202       
 [20, 4, 3, 16, 0]   |0.3000190292958743  |0.16465393432721043 |240       
 [6, 4, 9, 14, 0]    |0.5518867000778601  |0.29837251963939854 |246       
 [20, 4, 5, 20, 0]   |0.32598261764706593 |0.15018142448994345 |310       
 [18, 4, 3, 10, 0]   |0.2332194219662949  |0.14287637353298505 |196       
 [9, 8, 5, 20, 0]    |0.9442589528430422  |0.4539106819895692  |293       
 [13, 7, 6, 5, 0]    |0.33281482850800304 |0.18915868477389428 |226       
 [10, 8, 8, 8, 0]    |0.48087789556333627 |0.24423072737843476 |271       
 [9, 8, 18, 0, 0]    |0.7826631073065126  |0.3809630331380864  |288       
 [18, 14, 3, 18, 0]  |0.4959892387720321  |0.15862679317548448 |456       
 [14, 7, 18, 19, 0]  |1.049290404349162   |0.19556042467855353 |672       
 [13, 8, 3, 9, 7]    |0.37319449159040485 |0.17984578054955858 |292       
 [10, 8, 8, 11, 0]   |0.4149065502500522  |0.19549861886151665 |301       
 [18, 7, 3, 0, 0]    |0.2422312117540425  |0.14151315635065878 |215       
 [20, 7, 17, 9, 0]   |0.4786186143239625  |0.1320795071293952  |515       
 [13, 5, 3, 0, 0]    |0.25291120695276964 |0.1822789974754696  |131       
 [9, 7, 18, 0, 0]    |1.6382505368898173  |0.8552417740597962  |260       
 [5, 4, 5, 20, 0]    |0.9799724205238941  |0.5869997705522882  |205       
Gen 7 Train time: 15.440652255217234 minutes:
 Average MSE:        0.22593992897552176
 Average Error:      0.4164093165543481
 Structure           |Error               |MSE                 |weights&biases
 [20, 4, 5, 0, 0]    |0.2206745314584292  |0.1424781860563003  |175       
 [18, 4, 5, 0, 0]    |0.24703741312295732 |0.1651806618624546  |161       
 [20, 4, 3, 10, 0]   |0.25516035090139594 |0.15094147434943966 |210       
 [18, 4, 3, 16, 0]   |0.2728176252591147  |0.15505866553031408 |226       
 [5, 7, 17, 6, 0]    |1.4262883837389755  |0.6603901608516453  |308       
 [20, 4, 3, 16, 0]   |0.2507913766680631  |0.13763722574747297 |240       
 [18, 4, 3, 0, 0]    |0.597920746274443   |0.4119731650497821  |149       
 [18, 7, 3, 10, 0]   |0.40721978702269057 |0.21152708609732485 |262       
 [18, 8, 17, 8, 0]   |0.559431357464082   |0.1555427844181792  |512       
 [18, 7, 3, 0, 0]    |0.30606996006024245 |0.17880819651030025 |215       
 [20, 4, 20, 0, 0]   |0.2582636734898497  |0.1331506312730886  |265       
 [20, 4, 20, 16, 0]  |0.788704582270626   |0.17730862004088496 |597       
 [13, 5, 3, 0, 0]    |0.2938744847201482  |0.21180218584940885 |131       
 [13, 5, 3, 0, 0]    |0.20555555479767684 |0.14814867599375145 |131       
 [18, 7, 18, 0, 0]   |0.4137535315113249  |0.17247813279492624 |350       
 [18, 7, 18, 0, 0]   |0.3945319653922549  |0.16446539192114673 |350       
 [5, 4, 3, 0, 0]     |0.26507584582890487 |0.22929651600718864 |58        
 [20, 4, 5, 10, 0]   |0.2967536586683465  |0.16286186093066354 |240       
 [20, 10, 3, 10, 0]  |0.42071546607868676 |0.17363523576837525 |354       
 [3, 4, 3, 0, 0]     |0.7596819799030337  |0.6805490495667887  |44        
 [20, 10, 5, 0, 0]   |0.3081386810739491  |0.1346999813368172  |331       
 [13, 8, 5, 0, 0]    |0.35911632729693715 |0.21672870575058348 |202       
 [9, 5, 18, 0, 0]    |0.5961910316182761  |0.3580100786142986  |204       
 [13, 5, 3, 4, 0]    |0.27962736413977013 |0.19314822019697195 |148       
 [20, 4, 3, 16, 4]   |0.39572837294471164 |0.18880751349841957 |296       
 [20, 4, 5, 0, 0]    |0.24751817870816006 |0.15980974734703918 |175       
Gen 8 Train time: 15.567485630512238 minutes:
 Average MSE:        0.37942661437443687
 Average Error:      0.6209681413809227
 Structure           |Error               |MSE                 |weights&biases
 [13, 5, 3, 0, 0]    |0.21444209537033426 |0.15455341276333073 |131       
 [20, 4, 5, 0, 0]    |0.2234025350390742  |0.14423951754823378 |175       
 [18, 4, 3, 16, 0]   |0.28788052823843513 |0.16361981927823527 |226       
 [13, 8, 5, 8, 0]    |0.3703247010945265  |0.19673943560087362 |253       
 [13, 2, 3, 11, 0]   |0.22224525410935642 |0.15977738782182566 |132       
 [13, 8, 5, 0, 0]    |0.24110350819719942 |0.14550731145202903 |202       
 [18, 8, 17, 8, 0]   |0.6152602163055366  |0.17106528961783968 |512       
 [20, 10, 3, 10, 0]  |0.4096910102468047  |0.16908528659386865 |354       
 [20, 4, 3, 16, 0]   |0.28709999908722267 |0.1575638202216522  |240       
 [2, 4, 5, 0, 0]     |2.5913115323869222  |2.2925486142508573  |49        
 [20, 4, 12, 14, 0]  |0.4734526955621441  |0.1737386231207881  |401       
 [20, 4, 5, 12, 0]   |0.24265902539947856 |0.12859362911973793 |254       
 [9, 5, 18, 1, 0]    |1.4313654272719807  |0.855241693910996   |206       
 [20, 4, 20, 16, 0]  |0.7827175547474093  |0.17596267681682987 |597       
 [20, 4, 3, 10, 0]   |0.21993469090259016 |0.13010354621378456 |210       
 [18, 4, 3, 16, 4]   |3.0055768514432355  |1.4850812928838806  |282       
 [20, 4, 3, 0, 0]    |0.19628356310649756 |0.1305897022559604  |163       
 [13, 5, 3, 16, 0]   |0.27977611644163713 |0.16633265005585499 |208       
 [5, 4, 1, 0, 0]     |1.8381053036416435  |1.638424836601747   |46        
 [15, 5, 3, 0, 0]    |0.21820338059339534 |0.1510978388465951  |147       
 [20, 10, 5, 0, 0]   |0.32937027522090256 |0.1439811768211945  |331       
 [11, 4, 5, 13, 0]   |0.46776967806948705 |0.28513878706651974 |198       
 [13, 5, 3, 19, 0]   |0.3640771490099491  |0.2084847283032906  |223       
 [13, 5, 15, 0, 0]   |0.24586159349636103 |0.1436340505797433  |215       
 [20, 4, 5, 5, 0]    |0.270030076653484   |0.16174699381139074 |205       
 [18, 7, 18, 0, 0]   |0.3172269142683803  |0.13223985217829803 |350       
Gen 9 Train time: 15.709476073582968 minutes:
 Average MSE:        0.297751591902427
 Average Error:      0.5101145849402084
 Structure           |Error               |MSE                 |weights&biases
 [20, 4, 3, 0, 0]    |0.26530961920462764 |0.17651352782288907 |163       
 [13, 5, 3, 0, 0]    |0.23531602787289607 |0.16959774209844058 |131       
 [20, 4, 3, 13, 0]   |0.27479670034454584 |0.15657444014905234 |225       
 [18, 4, 3, 10, 0]   |0.2128626266912064  |0.13040526344645723 |196       
 [20, 4, 3, 12, 0]   |0.32898698408136606 |0.18980897808339234 |220       
 [20, 4, 12, 14, 0]  |0.5402654925285851  |0.19825630664145277 |401       
 [1, 2, 3, 20, 0]    |1.8465353874257884  |1.378245232965098   |117       
 [18, 4, 3, 11, 0]   |0.23981013209503027 |0.14508902129088147 |201       
 [17, 4, 3, 16, 0]   |0.3393674310527477  |0.19628808231156492 |219       
 [20, 5, 15, 0, 0]   |0.26867110549298867 |0.13645405647779107 |271       
 [20, 4, 15, 0, 0]   |0.23102924050697696 |0.12838637665284366 |235       
 [13, 4, 3, 5, 0]    |0.2730561786454636  |0.19435328440680646 |136       
 [13, 9, 3, 16, 0]   |0.409700332739599   |0.20549588239058303 |276       
 [19, 5, 3, 0, 0]    |0.2907373406763088  |0.18584634872851863 |179       
 [13, 5, 14, 1, 0]   |1.4472197829165057  |0.8561106260020365  |210       
 [13, 5, 18, 3, 0]   |0.4095459429565872  |0.20439391540561075 |278       
 [15, 5, 3, 0, 0]    |0.24000116742439903 |0.16619200683265756 |147       
 [20, 4, 5, 18, 0]   |0.2849403111428197  |0.13594898753913254 |296       
 [20, 4, 5, 10, 0]   |0.2789389876610602  |0.1530849621886779  |240       
 [20, 4, 3, 12, 0]   |0.3165108771573266  |0.1826108905592811  |220       
 [18, 5, 6, 0, 0]    |0.23179761862396928 |0.14343251666472598 |192       
 [13, 5, 3, 16, 10]  |0.5057119998274816  |0.19953054591137534 |372       
 [20, 4, 17, 8, 0]   |0.6227110427894145  |0.23962677181261616 |382       
 [18, 11, 5, 12, 0]  |0.419408829884407   |0.1512367019202285  |408       
 [13, 5, 3, 11, 2]   |2.4807224680677464  |1.5121762456103958  |198       
 [12, 4, 3, 0, 0]    |0.2690255806355726  |0.20588267555059497 |107       
Increasing Epochs
Gen 10 Train time: 17.693270599842073 minutes:
 Average MSE:        0.19467153030604287
 Average Error:      0.3310242374121761
 Structure           |Error               |MSE                 |weights&biases
 [18, 4, 3, 10, 0]   |0.4261825498877561  |0.26109067880205605 |196       
 [20, 4, 15, 0, 0]   |0.23139306825692338 |0.12858856113147882 |235       
 [20, 4, 3, 12, 11]  |0.3801913035358503  |0.15380330663216688 |362       
 [18, 5, 6, 0, 0]    |0.2246512428819672  |0.1390104580439688  |192       
 [13, 5, 18, 3, 0]   |0.38407905623671    |0.19168404297398806 |278       
 [12, 4, 3, 0, 0]    |1.1282463429452796  |0.863436016816587   |107       
 [12, 4, 15, 0, 0]   |0.29742865488275183 |0.19012359880781687 |179       
 [15, 5, 3, 0, 0]    |0.23015654073927078 |0.1593749638870845  |147       
 [12, 4, 3, 18, 0]   |0.29776122595922166 |0.18333075212818967 |194       
 [20, 4, 3, 13, 0]   |0.24841924347750552 |0.14154501826613203 |225       
 [13, 5, 3, 16, 0]   |0.2283421503284261  |0.13575410033794838 |208       
 [19, 5, 3, 10, 0]   |0.2449327587429248  |0.139210018704858   |226       
 [20, 4, 5, 10, 0]   |0.32591350357020177 |0.17886512311949876 |240       
 [12, 4, 3, 9, 5]    |0.2873028261952014  |0.17644986817477495 |195       
 [18, 4, 3, 12, 0]   |0.26338078500172796 |0.1573701756495506  |206       
 [20, 16, 3, 10, 0]  |0.5058682210706987  |0.14566015496959422 |498       
 [18, 5, 6, 11, 0]   |0.3827247308715606  |0.1929277974490083  |274       
 [15, 5, 6, 0, 0]    |0.3445351464012812  |0.22637572225747685 |168       
 [20, 5, 15, 0, 0]   |0.23085707713167813 |0.1172488741706013  |271       
 [15, 5, 3, 9, 0]    |0.2576202031606733  |0.16061118104978594 |189       
 [12, 4, 20, 0, 0]   |0.3230944582586172  |0.19160667840387874 |209       
 [18, 10, 6, 0, 0]   |0.3357363949204491  |0.15199176064957204 |317       
 [15, 5, 1, 3, 0]    |0.3065413571362147  |0.215476677759596   |141       
 [15, 1, 3, 0, 0]    |0.20850359608471114 |0.1745927795825921  |71        
 [20, 4, 3, 0, 0]    |0.21617103636362103 |0.1438210659532967  |163       
 [20, 4, 5, 18, 0]   |0.2965966986753571  |0.14151041223561203 |296       
Result:  [15, 1, 3]
Fold 0
Fold 0 Train time: 18.74269965092341 minutes, MSE: 0.009025003338232255
Fold 1
Fold 1 Train time: 18.756243828932444 minutes, MSE: 0.006132685454962064
Fold 2
Fold 2 Train time: 18.725671088695528 minutes, MSE: 0.0071948258238336135
Fold 3
Fold 3 Train time: 18.712803268432616 minutes, MSE: 0.007355878513387986
Fold 4
Fold 4 Train time: 18.846864954630533 minutes, MSE: 0.016624567743376104
Total Time: 247.26261081695557 minutes
CellsPerSensor: 8
 Resulting Network Architecture: [15, 1, 3]
 MSE after 5-Fold CV: 0.009266592174758405
 Weights and Biases: 71
 Objective Function Value: 0.011066424376235858
~/workspace/SolarCellResearch
