/tmp/tmp.q7Jk75gw4C ~/workspace/SolarCellResearch
Using TensorFlow backend.
Genetically searching for best layer structure...
  Training on:     datasets/N6dataset10k.mat
  Evaluating with: datasets/N6dataset100k.mat
Gen 0 Train time: 10.72025485833486 minutes:
 Average MSE:        0.7622595624871952
 Average Error:      0.9487400649814558
 Structure           |Error               |MSE                 |weights&biases
 [13, 3, 16, 0, 0]   |0.2666039525210827  |0.22673098651721663 |162       
 [17, 18, 0, 0, 0]   |0.34447423110997727 |0.2322975950193214  |394       
 [5, 18, 0, 0, 0]    |0.7235967560144465  |0.6278079266423854  |142       
 [5, 0, 0, 0, 0]     |0.8124041986424044  |0.7955215982064969  |21        
 [5, 0, 0, 0, 0]     |2.110732061677785   |2.0668688639196815  |21        
 [16, 19, 0, 0, 0]   |0.35397095418570573 |0.23941892922550373 |391       
 [7, 10, 6, 6, 3]    |2.5748695337825582  |2.0376534299483806  |234       
 [8, 13, 0, 0, 0]    |0.7314873468139371  |0.6264568659486756  |155       
 [8, 5, 19, 12, 0]   |0.5245597988821015  |0.339189664270296   |436       
 [3, 13, 20, 3, 0]   |0.793493045704385   |0.5276561158858748  |408       
 [12, 17, 15, 7, 0]  |0.4204638129958741  |0.2201608506735034  |647       
 [9, 6, 10, 3, 0]    |1.1535924289552417  |0.9501655224133714  |194       
 [8, 0, 0, 0, 0]     |1.1403185073067987  |1.103302126032335   |33        
 [18, 3, 0, 0, 0]    |0.21308314589370986 |0.1899351020868129  |115       
 [13, 16, 1, 13, 15] |0.4391140183290403  |0.2579482806419572  |532       
 [10, 14, 13, 8, 0]  |0.3667940590057596  |0.22247184258743796 |500       
 [16, 3, 0, 0, 0]    |0.20622022969579654 |0.18603683168613208 |103       
 [15, 11, 12, 13, 0] |0.33454086453539233 |0.19339970121899164 |548       
 [7, 15, 19, 20, 16] |0.9372005842514582  |0.28284451509537145 |1198      
 [16, 15, 13, 0, 0]  |0.3149083828558022  |0.18628574316242857 |525       
 [3, 0, 0, 0, 0]     |2.417727581298107   |2.386500538300334   |13        
 [16, 0, 0, 0, 0]    |0.23700715835149955 |0.22209169667872625 |65        
 [1, 13, 18, 0, 0]   |4.7342727277953385  |3.5072354984273253  |300       
 [4, 2, 4, 1, 0]     |1.288242282851096   |1.2364924695109338  |41        
 [19, 15, 0, 0, 0]   |0.27882396108109103 |0.19201636808038364 |373       
Gen 1 Train time: 11.23649407227834 minutes:
 Average MSE:        0.3975968493360215
 Average Error:      0.6090949268490109
 Structure           |Error               |MSE                 |weights&biases
 [16, 3, 0, 0, 0]    |0.23169726798860044 |0.20902035513449196 |103       
 [18, 3, 0, 0, 0]    |0.19400022727537372 |0.17292523450349875 |115       
 [18, 3, 2, 0, 0]    |0.3110110920413678  |0.27529096070663706 |122       
 [4, 2, 4, 1, 0]     |0.6260854036765092  |0.6009350082838404  |41        
 [15, 17, 15, 7, 0]  |0.4513367209790397  |0.22256377074646078 |707       
 [12, 11, 12, 13, 0] |0.4506143499473193  |0.271676460216901   |506       
 [19, 15, 11, 5, 0]  |0.35963041715964855 |0.19756682570577647 |599       
 [13, 16, 1, 0, 0]   |0.27489310827539    |0.20734463763163175 |282       
 [16, 3, 9, 0, 0]    |0.23752475157824743 |0.20546420528077478 |145       
 [5, 3, 0, 0, 0]     |0.44442952980343414 |0.42828613171597035 |37        
 [16, 3, 12, 0, 0]   |0.2880624478304907  |0.2454706257531559  |160       
 [19, 15, 0, 0, 0]   |0.267357147244765   |0.1841195720598119  |373       
 [10, 14, 0, 0, 0]   |0.4093153144151926  |0.335454322268504   |199       
 [17, 18, 13, 8, 1]  |6.8798789581306945  |3.266114520859509   |745       
 [13, 16, 1, 10, 0]  |0.39105906527025497 |0.2865344034080068  |311       
 [16, 3, 13, 15, 0]  |0.30916355077671687 |0.2120602489405185  |377       
 [18, 3, 19, 0, 0]   |0.23932755937837985 |0.19457800855819002 |207       
 [9, 3, 0, 0, 0]     |0.2590411941540978  |0.24371197551950466 |61        
 [13, 3, 16, 0, 0]   |0.26743451698710996 |0.2274373327621532  |162       
 [6, 3, 13, 0, 0]    |0.4645864169949194  |0.41827854408101456 |105       
 [3, 13, 0, 0, 0]    |0.7581075395050949  |0.7033293317124178  |75        
 [18, 3, 20, 3, 0]   |0.2896432389931     |0.22377698545807653 |258       
 [19, 15, 15, 0, 0]  |0.5352593310929433  |0.2899624293049294  |613       
 [16, 0, 0, 0, 0]    |0.2624829981266265  |0.24596427723421366 |65        
 [16, 3, 16, 0, 0]   |0.3483674961282196  |0.29098099213983347 |180       
 [13, 15, 13, 0, 0]  |0.28615845432074666 |0.17867092275074023 |471       
Gen 2 Train time: 11.346862677733103 minutes:
 Average MSE:        0.3101635160385037
 Average Error:      0.392759290459367
 Structure           |Error               |MSE                 |weights&biases
 [18, 3, 0, 0, 0]    |0.20925714006772195 |0.18652473002713701 |115       
 [16, 3, 0, 0, 0]    |0.20499594906094626 |0.18493237510232258 |103       
 [13, 3, 2, 4, 13]   |0.363712426748463   |0.3037981555830955  |180       
 [18, 3, 16, 0, 0]   |0.3207363249678738  |0.26470589197076655 |192       
 [16, 3, 13, 0, 0]   |0.18967418635313565 |0.1608235484368218  |165       
 [10, 14, 13, 15, 0] |0.6851394740843809  |0.37413714547886034 |605       
 [18, 3, 12, 3, 0]   |0.291508933140344   |0.23819047071882765 |202       
 [17, 3, 17, 0, 0]   |0.2078917940491225  |0.17174618587319654 |191       
 [19, 15, 1, 0, 0]   |0.2957089632604499  |0.2032376000913007  |375       
 [4, 2, 4, 0, 0]     |1.3187681213390228  |1.268326175897427   |39        
 [19, 3, 0, 0, 0]    |0.2551030634012484  |0.22602997736968047 |121       
 [3, 13, 0, 0, 0]    |0.6761674328150581  |0.6273099314616696  |75        
 [18, 11, 0, 0, 0]   |0.33490609367619173 |0.25438533265460517 |275       
 [18, 17, 5, 18, 0]  |0.28255636586199806 |0.1560034396210282  |594       
 [16, 17, 20, 13, 0] |0.4904364505036783  |0.18333144875122803 |984       
 [12, 3, 9, 0, 0]    |0.2679093063310161  |0.23737674350025087 |121       
 [19, 15, 11, 3, 0]  |0.3764135158638056  |0.2122337613994206  |573       
 [18, 1, 20, 5, 0]   |0.3044329240309465  |0.24333784357825472 |224       
 [16, 3, 19, 0, 0]   |0.27865492157769295 |0.22928692711200763 |195       
 [9, 3, 0, 0, 0]     |0.4598294108216026  |0.43261819603347396 |61        
 [16, 3, 15, 0, 0]   |0.2081569883631396  |0.17473884530361172 |175       
 [15, 13, 9, 0, 0]   |0.2622346885060041  |0.1777254351869578  |389       
 [9, 3, 8, 0, 0]     |0.9763859555973374  |0.8852392562830504  |98        
 [19, 15, 11, 5, 0]  |0.3595615144385296  |0.19752897325713908 |599       
 [18, 3, 11, 0, 0]   |0.26602952785698003 |0.2251140830767922  |167       
 [13, 16, 1, 0, 0]   |0.3255700792268542  |0.245568943232169   |282       
Gen 3 Train time: 11.426620248953501 minutes:
 Average MSE:        0.3163303430250339
 Average Error:      0.3986389183570197
 Structure           |Error               |MSE                 |weights&biases
 [16, 3, 13, 0, 0]   |0.1924825500309798  |0.16320474231805504 |165       
 [16, 3, 0, 0, 0]    |0.25306582674222694 |0.22829750837056303 |103       
 [18, 3, 17, 0, 0]   |0.21071168411205835 |0.17303446132235792 |197       
 [17, 1, 20, 5, 0]   |0.33962181827445426 |0.27255289336344635 |220       
 [19, 3, 0, 0, 0]    |0.3453383352122401  |0.3059814925473129  |121       
 [17, 3, 17, 0, 0]   |0.2432080078703014  |0.20092206100098803 |191       
 [17, 3, 17, 3, 0]   |0.43165188573958885 |0.3426191373000469  |231       
 [13, 16, 1, 0, 0]   |0.3044018579402943  |0.22960231096734365 |282       
 [17, 3, 5, 0, 0]    |0.27810325430585087 |0.24395711779308488 |131       
 [18, 3, 3, 0, 0]    |0.33940269171610876 |0.29892337916448913 |127       
 [19, 3, 12, 3, 0]   |0.2795585018862505  |0.2270593824046605  |208       
 [18, 15, 11, 5, 0]  |0.40665902913724555 |0.22746015224277763 |581       
 [19, 15, 1, 15, 0]  |0.22444379740801296 |0.1476176271570901  |419       
 [16, 3, 15, 0, 0]   |0.2856340511748964  |0.23977750962951783 |175       
 [18, 15, 1, 0, 0]   |0.27825060921610684 |0.19471212380733227 |357       
 [19, 20, 5, 18, 0]  |0.4079667046572936  |0.20483106471515056 |689       
 [18, 3, 13, 0, 0]   |0.2186520581222374  |0.1831822741391572  |177       
 [18, 3, 0, 0, 0]    |0.2883891100400375  |0.25706028896111105 |115       
 [16, 3, 19, 0, 0]   |0.2880471855368364  |0.2370152074152013  |195       
 [8, 17, 20, 13, 0]  |0.49729711392878234 |0.21815103897522609 |824       
 [4, 3, 15, 0, 0]    |2.566902747232271   |2.3156722065820388  |103       
 [16, 3, 13, 4, 0]   |0.3288786504037171  |0.26605121795992165 |212       
 [8, 16, 0, 0, 0]    |0.604754008341945   |0.5026136470097347  |185       
 [16, 3, 1, 0, 0]    |0.22639616022262354 |0.20383001486779725 |105       
 [19, 15, 11, 3, 0]  |0.31132533021472086 |0.17553499825520022 |573       
 [18, 3, 20, 3, 0]   |0.21346890781543115 |0.16492506038127547 |258       
Increasing Epochs
Gen 4 Train time: 13.64493517478307 minutes:
 Average MSE:        0.24567356426489237
 Average Error:      0.3275537497554631
 Structure           |Error               |MSE                 |weights&biases
 [16, 3, 13, 0, 0]   |0.22605970276156315 |0.19167459871951503 |165       
 [18, 3, 17, 0, 0]   |0.262549283132832   |0.21560301209163465 |197       
 [18, 3, 13, 0, 0]   |0.25519649220199164 |0.21379846224800847 |177       
 [17, 3, 5, 0, 0]    |0.28093993989424176 |0.2464455088115803  |131       
 [16, 3, 20, 3, 0]   |0.33250255180046207 |0.25999113509721605 |246       
 [18, 11, 2, 0, 0]   |0.2486593089395587  |0.1860627016187348  |290       
 [17, 1, 20, 5, 0]   |0.27543080416641663 |0.22103839788147148 |220       
 [18, 3, 20, 3, 0]   |0.2750866038746102  |0.21253059857001105 |258       
 [17, 3, 1, 0, 0]    |0.23727883809943126 |0.21235002651603913 |111       
 [16, 3, 17, 0, 0]   |0.23556051214527088 |0.1957753507503353  |185       
 [18, 16, 1, 0, 0]   |0.34537020629453136 |0.23689497594220352 |377       
 [13, 15, 11, 5, 9]  |0.3411981789654808  |0.1970511773408874  |549       
 [14, 3, 17, 0, 0]   |0.20491919535662215 |0.17236524321814856 |173       
 [17, 3, 13, 0, 0]   |0.18878149211515974 |0.15910911422681914 |171       
 [19, 15, 13, 4, 0]  |0.4420185979140628  |0.23635902890362132 |626       
 [16, 3, 13, 15, 0]  |0.2279481300869513  |0.1563532864411809  |377       
 [11, 3, 20, 3, 0]   |1.1833013149717992  |0.9534276422260882  |216       
 [13, 16, 1, 0, 0]   |0.3263865117996861  |0.2461847568370517  |282       
 [16, 16, 10, 0, 0]  |0.2648471244337564  |0.16047734349687864 |501       
 [19, 3, 17, 0, 0]   |0.25709569970587576 |0.209861625633999   |203       
 [17, 3, 5, 3, 0]    |0.23172308904222474 |0.20004514719845812 |147       
 [16, 3, 13, 19, 0]  |0.32371072948496094 |0.20910788328837765 |437       
 [18, 3, 0, 0, 0]    |0.42678644886021433 |0.38042299119221934 |115       
 [8, 17, 20, 13, 0]  |0.5908698074891902  |0.2591988949715043  |824       
 [17, 3, 17, 0, 0]   |0.2694940788716733  |0.22263784086967747 |191       
 [19, 3, 0, 0, 0]    |0.2626828512334731  |0.23274592679554046 |121       
Gen 5 Train time: 13.713191135724385 minutes:
 Average MSE:        0.2994369367096389
 Average Error:      0.374096673329194
 Structure           |Error               |MSE                 |weights&biases
 [17, 3, 13, 0, 0]   |0.2219745373254189  |0.18708492881924438 |171       
 [14, 3, 17, 0, 0]   |0.21944871414459152 |0.18458656799630124 |173       
 [17, 3, 20, 0, 0]   |0.25289676877026945 |0.20581575531031887 |206       
 [17, 3, 13, 11, 0]  |0.28256629124132077 |0.2045706069844259  |323       
 [16, 3, 17, 0, 0]   |0.22546006475352381 |0.1873808256542313  |185       
 [16, 3, 17, 0, 0]   |0.3038672760619164  |0.2525453948575352  |185       
 [18, 15, 13, 4, 13] |0.3279658742174009  |0.16582111070972463 |682       
 [19, 3, 20, 3, 0]   |0.27748382487330386 |0.21310023518543275 |264       
 [16, 3, 13, 19, 0]  |0.33626683678974195 |0.21721876989699246 |437       
 [14, 3, 17, 2, 0]   |0.3645400056785698  |0.3002562570992659  |194       
 [16, 16, 10, 6, 0]  |0.35159100986285313 |0.20023037852742126 |563       
 [17, 3, 1, 0, 0]    |0.30214503095574224 |0.2704012959986553  |111       
 [17, 3, 0, 0, 0]    |0.29292501071116134 |0.26267476715069477 |109       
 [19, 3, 5, 0, 0]    |0.22457732708999964 |0.1946533120369303  |143       
 [17, 3, 10, 0, 0]   |0.38871629342615766 |0.3325697972877067  |156       
 [19, 3, 3, 0, 0]    |0.18427305553530818 |0.16132462753738327 |133       
 [2, 3, 17, 0, 0]    |2.0280837623910104  |1.83325190628468    |101       
 [18, 3, 8, 15, 18]  |0.3845955203433761  |0.214260418809998   |585       
 [18, 3, 13, 15, 0]  |0.33494509526231026 |0.22700376963236185 |389       
 [7, 3, 0, 0, 0]     |0.7454425223786809  |0.7097963030838355  |49        
 [18, 3, 20, 3, 6]   |0.292050914002135   |0.2196264503166097  |285       
 [18, 3, 13, 0, 0]   |0.1948869543365565  |0.16327235061042286 |177       
 [16, 3, 17, 0, 0]   |0.280884118569746   |0.2334439942093443  |185       
 [17, 3, 17, 0, 0]   |0.23899477223771884 |0.19744136974335177 |191       
 [17, 3, 17, 20, 0]  |0.409604472476582   |0.23537782588699865 |554       
 [18, 3, 19, 0, 0]   |0.2603274531236489  |0.21165133482074486 |207       
Gen 6 Train time: 14.029786245028179 minutes:
 Average MSE:        0.22301670261945963
 Average Error:      0.31912032931600964
 Structure           |Error               |MSE                 |weights&biases
 [19, 3, 3, 0, 0]    |0.22919910093397994 |0.20065581201041427 |133       
 [18, 3, 13, 0, 0]   |0.2208101591454698  |0.18499028754937968 |177       
 [19, 3, 3, 14, 0]   |0.2231304248595878  |0.18268374077990038 |200       
 [19, 3, 5, 0, 0]    |0.22580585191432484 |0.19571814092715328 |143       
 [18, 3, 8, 19, 0]   |0.43768661089434496 |0.31340715316110423 |334       
 [18, 3, 13, 15, 18] |0.4057670920954849  |0.20556850379834576 |680       
 [16, 3, 17, 0, 0]   |0.32769033525271946 |0.2723448414054744  |185       
 [16, 3, 3, 0, 0]    |0.24054610509976895 |0.21441465413458843 |115       
 [19, 3, 5, 15, 0]   |0.2172080139661807  |0.1703500579165699  |243       
 [18, 3, 19, 0, 0]   |0.25580718818034975 |0.20797627059869267 |207       
 [19, 8, 3, 0, 0]    |0.23203117050961378 |0.1810678310576181  |248       
 [14, 3, 17, 2, 0]   |0.2897409553263734  |0.23864742804489603 |194       
 [16, 3, 17, 2, 0]   |0.2934866853224987  |0.23884917196408667 |206       
 [14, 3, 17, 13, 0]  |0.4036003492493323  |0.26973099669454337 |403       
 [19, 3, 3, 2, 0]    |0.2716178932459944  |0.2361332523750789  |140       
 [18, 3, 13, 18, 0]  |0.34859698781043547 |0.22586026062765852 |434       
 [16, 11, 17, 18, 0] |0.4489008975054345  |0.20536772344051268 |782       
 [18, 3, 8, 15, 0]   |0.3469619459225323  |0.2585825817214809  |294       
 [17, 3, 17, 0, 0]   |0.2837926619481971  |0.2344503663135809  |191       
 [6, 3, 3, 0, 0]     |0.24735371485958643 |0.2341166174057195  |55        
 [16, 3, 13, 15, 0]  |0.309067399594483   |0.2119942972991002  |377       
 [18, 3, 17, 17, 0]  |0.3514412689918879  |0.21252138327876985 |503       
 [17, 3, 20, 18, 0]  |0.35160631690926614 |0.1964704683718032  |582       
 [19, 3, 3, 10, 0]   |0.25331077735397456 |0.21158294655320797 |180       
 [17, 3, 15, 0, 0]   |0.34217569681890186 |0.28552350031206214 |181       
 [13, 15, 19, 20, 14]|0.7397929585055277  |0.20942598036420704 |1262      
Increasing Epochs
Gen 7 Train time: 16.028946793079378 minutes:
 Average MSE:        0.36866206876704855
 Average Error:      0.44633379696592435
 Structure           |Error               |MSE                 |weights&biases
 [19, 3, 5, 15, 0]   |0.2514883825422738  |0.19723517447238934 |243       
 [18, 3, 13, 0, 0]   |0.253862563062928   |0.21268092338131478 |177       
 [18, 3, 17, 13, 0]  |0.2808536675094328  |0.18324678155943822 |427       
 [14, 3, 17, 17, 0]  |0.31287614045736756 |0.1937962588003867  |479       
 [6, 3, 3, 0, 0]     |1.2307180994168465  |1.1648564024155843  |55        
 [19, 3, 3, 2, 0]    |0.24503370864812782 |0.21302207256356148 |140       
 [19, 3, 1, 0, 0]    |0.23942636901354478 |0.21171603797755573 |123       
 [6, 3, 5, 15, 0]    |0.5305460956021171  |0.44984669418946055 |165       
 [14, 3, 17, 13, 0]  |0.38379790637504985 |0.2564967845254968  |403       
 [18, 3, 19, 0, 0]   |0.21899422713135466 |0.1780466098916326  |207       
 [19, 3, 13, 18, 0]  |0.316042475402148   |0.20354286476825617 |440       
 [18, 3, 3, 10, 0]   |0.2808626533471909  |0.23600801627575999 |174       
 [16, 3, 8, 15, 0]   |0.366957180460922   |0.27678614457213324 |282       
 [18, 3, 3, 3, 0]    |0.2974422813389612  |0.2588426100697288  |139       
 [16, 11, 13, 0, 0]  |0.2566030241302476  |0.17114826669103267 |405       
 [18, 3, 17, 18, 0]  |0.2866812662019714  |0.1700973683169048  |522       
 [8, 3, 17, 0, 0]    |0.49565858317656364 |0.4321995268567892  |137       
 [17, 3, 5, 15, 0]   |0.21848792341001289 |0.17342248766261265 |231       
 [16, 3, 3, 0, 0]    |0.21372277544858034 |0.19050524621666667 |115       
 [18, 3, 17, 17, 0]  |0.40695868754657594 |0.2460935321079419  |503       
 [19, 13, 3, 2, 0]   |0.31673999158630695 |0.21878318607444905 |370       
 [16, 3, 17, 2, 0]   |0.2654475282167713  |0.2160299784803524  |206       
 [2, 3, 5, 0, 0]     |2.9788498761345372  |2.8591868848553217  |41        
 [19, 3, 5, 0, 0]    |0.20229318073618352 |0.1753384375128976  |143       
 [18, 3, 17, 12, 0]  |0.34949010999398517 |0.23240354150331818 |408       
 [17, 3, 13, 18, 0]  |0.40484402422403093 |0.2638819562022777  |428       
Increasing Epochs
Gen 8 Train time: 18.338071739673616 minutes:
 Average MSE:        0.222878159807967
 Average Error:      0.30678009700182257
 Structure           |Error               |MSE                 |weights&biases
 [19, 3, 5, 0, 0]    |0.20378006036553095 |0.1766271964815923  |143       
 [16, 3, 3, 0, 0]    |0.25238974153296434 |0.22497167067188029 |115       
 [3, 3, 17, 17, 15]  |0.9971540760672406  |0.5046702762467561  |681       
 [14, 3, 19, 0, 0]   |0.25657739601386875 |0.21366948488229473 |183       
 [18, 3, 3, 3, 0]    |0.2740385774627381  |0.2384760509869024  |139       
 [11, 3, 17, 19, 0]  |0.42129390285795526 |0.25578332430861206 |499       
 [18, 3, 5, 15, 0]   |0.2464110925624039  |0.1944162053026375  |237       
 [17, 3, 13, 5, 0]   |0.3440076094228818  |0.2725068571238923  |233       
 [14, 3, 3, 0, 0]    |0.2203824351252539  |0.19881293920803197 |103       
 [16, 3, 17, 17, 0]  |0.4326276280657351  |0.2647741971780513  |491       
 [11, 3, 14, 11, 0]  |0.34236023250000924 |0.25311995179168706 |302       
 [18, 3, 17, 2, 0]   |0.3389037378364669  |0.2725211178701969  |218       
 [16, 3, 3, 2, 0]    |0.3137962513165329  |0.2777562398950694  |122       
 [19, 13, 8, 15, 0]  |0.27611562321107896 |0.15459668641907112 |580       
 [19, 3, 3, 7, 0]    |0.21924118972000217 |0.18589322444033413 |165       
 [18, 3, 1, 0, 0]    |0.20117516248606962 |0.1789624457798509  |117       
 [18, 3, 17, 13, 0]  |0.2986274016002286  |0.19484349524067296 |427       
 [18, 3, 17, 18, 0]  |0.2665710541901433  |0.15816532202443087 |522       
 [10, 3, 10, 18, 0]  |0.30748978755178097 |0.22328341314071953 |320       
 [16, 3, 3, 9, 0]    |0.20776964145534185 |0.17758155585097585 |157       
 [19, 3, 19, 0, 0]   |0.20558371409106335 |0.16614374025445272 |213       
 [18, 3, 13, 18, 0]  |0.3722568064036577  |0.24118974705676738 |434       
 [19, 3, 5, 7, 0]    |0.23129487512718375 |0.1918460854322867  |187       
 [18, 3, 13, 15, 0]  |0.2356263715197468  |0.15969206689797635 |389       
 [18, 3, 17, 3, 0]   |0.32357148726965923 |0.25529508450666205 |237       
 [16, 3, 3, 10, 0]   |0.18723666629184868 |0.15923377601533742 |162       
Result:  [16, 3, 3, 10]
Fold 0
Fold 0 Train time: 19.912868956724804 minutes, MSE: 0.01198762825188086
Fold 1
Fold 1 Train time: 19.925228091080985 minutes, MSE: 0.013498581111135909
Fold 2
Fold 2 Train time: 19.957961622873942 minutes, MSE: 0.011471044889581724
Fold 3
Fold 3 Train time: 19.836848906675975 minutes, MSE: 0.013166563355820787
Fold 4
Fold 4 Train time: 19.70922179222107 minutes, MSE: 0.012813683343788924
MSE after 5-Fold CV: 0.012587500190441641
final score:  [0.01480114101156084]
Total Time: 219.8329266190529 minutes
~/workspace/SolarCellResearch
