/tmp/tmp.DK6fwTaWB6 ~/workspace/SolarCellResearch
Using TensorFlow backend.
Genetically searching for best layer structure...
  Training on:     datasets/N5dataset10k.mat
  Evaluating with: datasets/N5dataset100k.mat
Gen 0 Train time: 10.594378419717152 minutes:
 Average MSE:        0.858559615094014
 Average Error:      1.0517558457268754
 Structure           |Error               |MSE                 |weights&biases
 [4, 12, 0, 0, 0]    |1.8287003135557502  |1.6796837024897535  |85        
 [13, 20, 0, 0, 0]   |0.3201974387929096  |0.22790703435739026 |340       
 [20, 10, 15, 0, 0]  |0.25605058071219855 |0.16310187504802484 |451       
 [16, 12, 19, 16, 16]|0.8358932610196274  |0.27602761822043753 |1108      
 [6, 0, 0, 0, 0]     |1.2341222788846407  |1.2036516912511843  |25        
 [14, 14, 5, 0, 0]   |0.34621487737527007 |0.24815650487586383 |333       
 [6, 13, 7, 7, 13]   |0.5864200191134761  |0.40062919108880585 |381       
 [18, 0, 0, 0, 0]    |0.3360139034508866  |0.31235880354815077 |73        
 [9, 12, 0, 0, 0]    |0.31878223258086125 |0.2716482995265631  |160       
 [14, 4, 0, 0, 0]    |0.3020026380027806  |0.27135712355629604 |107       
 [6, 6, 10, 0, 0]    |0.27764796083874754 |0.2411342864031049  |141       
 [5, 0, 0, 0, 0]     |1.2505694964142857  |1.2245813674009476  |21        
 [1, 20, 0, 0, 0]    |3.1983907041153126  |3.0001064709127734  |64        
 [19, 10, 18, 0, 0]  |0.34753854413497043 |0.21634526427083417 |474       
 [2, 12, 0, 0, 0]    |2.07658027872809    |1.9654523923492426  |55        
 [14, 0, 0, 0, 0]    |0.2793962201863665  |0.2639160125914651  |57        
 [20, 12, 1, 16, 4]  |4.1059326291082705  |2.670946517556148   |430       
 [4, 7, 4, 0, 0]     |1.1674837871259567  |1.0734210848679115  |84        
 [3, 19, 7, 9, 14]   |1.6474943151913888  |1.048389877070417   |452       
 [17, 0, 0, 0, 0]    |0.23258578839232233 |0.2170785217135774  |69        
 [1, 5, 16, 0, 0]    |3.366527364445921   |2.9679805065981677  |126       
 [5, 5, 0, 0, 0]     |0.7924539738461607  |0.7530521087246682  |51        
 [12, 9, 0, 0, 0]    |0.284991188251918   |0.24212600231463322 |163       
 [11, 17, 12, 0, 0]  |0.49477994585801205 |0.3104780200264515  |466       
 [10, 10, 16, 18, 0] |0.4071264030457617  |0.21446010058753676 |641       
Gen 1 Train time: 10.759404424826304 minutes:
 Average MSE:        0.46319228152045305
 Average Error:      0.5497127174563526
 Structure           |Error               |MSE                 |weights&biases
 [17, 0, 0, 0, 0]    |0.356572233792889   |0.3327983791739855  |69        
 [20, 10, 15, 0, 0]  |0.3222430923122532  |0.2052658987580195  |451       
 [14, 3, 4, 0, 0]    |0.23761758759249788 |0.21329210402025217 |108       
 [20, 18, 0, 0, 0]   |0.344330223169957   |0.21802312780063934 |457       
 [14, 3, 0, 0, 0]    |0.37815555448221166 |0.34526271871719144 |91        
 [13, 4, 16, 0, 0]   |0.24203833487346868 |0.19975590020936362 |192       
 [14, 14, 5, 0, 0]   |0.39040072133643255 |0.2798276008308397  |333       
 [14, 0, 0, 0, 0]    |0.48376007705594803 |0.4569568997833408  |57        
 [1, 0, 0, 0, 0]     |3.527736286867786   |3.5101416287343037  |5         
 [17, 10, 0, 0, 0]   |0.42218976671247305 |0.3314426844567927  |242       
 [14, 18, 0, 0, 0]   |0.2951229580403576  |0.21195883396712817 |331       
 [10, 16, 0, 0, 0]   |0.7264671286681753  |0.5812571371717845  |223       
 [9, 0, 0, 0, 0]     |0.5845945348333816  |0.5633598020744107  |37        
 [14, 12, 10, 0, 0]  |0.2727620332100556  |0.1897295698745443  |363       
 [13, 20, 5, 0, 0]   |0.36558941096354375 |0.23781923676632538 |430       
 [6, 6, 0, 0, 0]     |1.091581679645628   |1.0208419486717297  |67        
 [11, 17, 12, 0, 0]  |0.44702618631484714 |0.28051218807247025 |466       
 [20, 0, 0, 0, 0]    |0.3508855318901681  |0.32358442392829884 |81        
 [14, 19, 0, 0, 0]   |0.37615501188141803 |0.26586836664864333 |347       
 [19, 10, 18, 0, 0]  |0.4291589750435009  |0.2671545744690942  |474       
 [9, 17, 0, 0, 0]    |0.38662909965061876 |0.3118323908466733  |215       
 [14, 19, 0, 0, 0]   |0.8334981983613423  |0.5891209676950313  |347       
 [12, 4, 0, 0, 0]    |0.29743223739476143 |0.2710183214926453  |93        
 [14, 9, 0, 0, 0]    |0.338854054683582   |0.2810603732060942  |187       
 [19, 10, 6, 0, 0]   |0.23789265573852833 |0.17102667621957873 |330       
 [6, 17, 12, 0, 0]   |0.5538370793493418  |0.3840875659425983  |366       
Increasing Epochs
Gen 2 Train time: 13.11092332204183 minutes:
 Average MSE:        0.2711625981239675
 Average Error:      0.34695391212460996
 Structure           |Error               |MSE                 |weights&biases
 [14, 3, 4, 0, 0]    |0.27926497176328446 |0.2506759453710903  |108       
 [19, 10, 6, 0, 0]   |0.3176726070979873  |0.22838237670393843 |330       
 [14, 18, 0, 0, 0]   |0.26649589216083763 |0.19139872727799198 |331       
 [13, 4, 16, 0, 0]   |0.23659530323508157 |0.1952637288127852  |192       
 [14, 9, 0, 0, 0]    |0.2626783372910643  |0.21787690155020578 |187       
 [14, 12, 10, 0, 0]  |0.36103902679805    |0.2511338490044398  |363       
 [6, 4, 0, 0, 0]     |1.1042793409793217  |1.0493731040422545  |51        
 [12, 0, 0, 0, 0]    |0.2900440043949206  |0.27617442776703366 |49        
 [20, 10, 15, 0, 0]  |0.4597311614970699  |0.29284453973748065 |451       
 [20, 0, 0, 0, 0]    |0.20455144838547407 |0.18863605527694152 |81        
 [14, 9, 16, 0, 0]   |0.3748624704933678  |0.26310658424029487 |354       
 [19, 10, 6, 16, 0]  |0.28248338290017116 |0.17975947858657226 |452       
 [14, 3, 0, 0, 0]    |0.3189832749722633  |0.2912373795303269  |91        
 [12, 4, 0, 0, 0]    |0.2807433869181642  |0.25581154941095574 |93        
 [13, 1, 6, 0, 0]    |0.2364676943996808  |0.22004049550014543 |72        
 [19, 10, 16, 0, 0]  |0.3771962674910361  |0.24051095883894127 |450       
 [13, 4, 12, 0, 0]   |0.31414793570523836 |0.26556616210669287 |168       
 [13, 20, 5, 0, 0]   |0.4133897352089878  |0.26891378241871017 |430       
 [14, 12, 10, 13, 0] |0.473286559122847   |0.284490834901427   |509       
 [19, 10, 18, 0, 0]  |0.34454968163200467 |0.2144846756858104  |474       
 [17, 10, 0, 0, 0]   |0.23472728060428594 |0.1842741016783364  |242       
 [14, 3, 4, 4, 0]    |0.2456078944617475  |0.2160989358867696  |128       
 [14, 9, 9, 0, 0]    |0.35476791234760535 |0.2689334113856089  |277       
 [14, 19, 0, 0, 0]   |0.24619294985972173 |0.17401048874034428 |347       
 [13, 0, 0, 0, 0]    |0.3293383010437867  |0.3123378620548053  |53        
 [17, 1, 16, 18, 0]  |0.411704894475857   |0.26889119471325046 |426       
Gen 3 Train time: 13.415320400396983 minutes:
 Average MSE:        0.2677654820308735
 Average Error:      0.35778871788642674
 Structure           |Error               |MSE                 |weights&biases
 [20, 0, 0, 0, 0]    |0.3211465103244571  |0.29615928585066503 |81        
 [17, 10, 0, 0, 0]   |0.38295367251784873 |0.30064014632629743 |242       
 [19, 10, 6, 0, 0]   |0.38033427535820497 |0.27343133719264695 |330       
 [20, 11, 0, 0, 0]   |0.44811313335545006 |0.330975955368081   |303       
 [14, 12, 10, 13, 7] |0.5481936917019952  |0.30055437213996533 |601       
 [19, 10, 6, 5, 0]   |0.4069580148401909  |0.2827915411425034  |364       
 [13, 10, 6, 0, 0]   |0.3162816984847012  |0.245828285894743   |252       
 [14, 7, 0, 0, 0]    |0.49286974493208324 |0.4221011300823134  |155       
 [13, 20, 0, 0, 0]   |0.31409070536101946 |0.2235604427315486  |340       
 [14, 3, 5, 0, 0]    |0.25206115705545534 |0.2251285888136866  |113       
 [19, 10, 6, 16, 0]  |0.2890597189207178  |0.1839443574347604  |452       
 [19, 10, 18, 0, 0]  |0.30850099678961046 |0.19204410792589316 |474       
 [14, 0, 0, 0, 0]    |0.27052894144131295 |0.2555400336774677  |57        
 [20, 9, 9, 0, 0]    |0.44313483801457765 |0.31258427051877213 |349       
 [20, 10, 0, 0, 0]   |0.37215370987877644 |0.2809865961125568  |281       
 [12, 15, 0, 0, 0]   |0.3471442770543856  |0.27116852133371105 |247       
 [14, 12, 10, 0, 0]  |0.43527213076055654 |0.3027693890372873  |363       
 [13, 1, 6, 13, 0]   |0.30927099259071195 |0.26092105524262454 |170       
 [15, 3, 4, 4, 8]    |0.3551292865617194  |0.2972227657468026  |178       
 [16, 10, 6, 16, 0]  |0.33858996711369027 |0.2240322105830504  |413       
 [14, 3, 8, 0, 0]    |0.26323399620538673 |0.2316073210670579  |128       
 [20, 10, 15, 4, 0]  |0.5702814333151245  |0.3445123647341578  |504       
 [19, 10, 6, 10, 0]  |0.365402581053421   |0.24395888513680983 |404       
 [20, 9, 0, 0, 0]    |0.24686956193325843 |0.19053961158880228 |259       
 [14, 3, 4, 4, 0]    |0.30039232197745963 |0.2643011995609737  |128       
 [12, 4, 0, 0, 0]    |0.22453930750497955 |0.20459875755953377 |93        
Increasing Epochs
Gen 4 Train time: 15.198191920916239 minutes:
 Average MSE:        0.30253874760211696
 Average Error:      0.3690262726663397
 Structure           |Error               |MSE                 |weights&biases
 [12, 4, 0, 0, 0]    |0.38234813255018446 |0.3483931332300953  |93        
 [20, 9, 0, 0, 0]    |0.23296648936420603 |0.17980890008896028 |259       
 [14, 7, 0, 0, 0]    |0.2772410613078442  |0.2374334527257028  |155       
 [2, 4, 0, 0, 0]     |1.8584272931412826  |1.8161712724072978  |23        
 [19, 10, 6, 0, 0]   |0.34875669269944065 |0.2507294635748529  |330       
 [20, 8, 0, 0, 0]    |0.21022566915004268 |0.16586622147705607 |237       
 [14, 3, 5, 0, 0]    |0.22749359747300565 |0.20318605675518212 |113       
 [14, 0, 0, 0, 0]    |0.27087634447495196 |0.25586818852272303 |57        
 [20, 0, 0, 0, 0]    |0.21239376355072118 |0.19586818884865279 |81        
 [14, 16, 0, 0, 0]   |0.3208233605961859  |0.23790958181666305 |299       
 [20, 3, 4, 4, 0]    |0.27228206563113905 |0.2310972309054921  |164       
 [14, 16, 0, 0, 0]   |0.28473866736550146 |0.2111506380148732  |299       
 [16, 11, 9, 0, 0]   |0.313566083824937   |0.2203043791120171  |353       
 [20, 10, 6, 16, 0]  |0.3172591691565644  |0.19928162159053664 |465       
 [14, 3, 0, 0, 0]    |0.3606653390312707  |0.32929384224303837 |91        
 [12, 4, 5, 0, 0]    |0.24165803399635624 |0.2145458876987616  |119       
 [19, 3, 5, 0, 0]    |0.23641208458780935 |0.20491113625254825 |143       
 [14, 10, 6, 10, 0]  |0.2844476373996969  |0.2026639493321704  |339       
 [14, 12, 15, 0, 0]  |0.3621099793599928  |0.23485022630120667 |433       
 [4, 3, 5, 0, 0]     |0.501231722109948   |0.47535814687115635 |53        
 [19, 10, 18, 3, 0]  |0.31427604147381505 |0.18759243539198744 |516       
 [14, 17, 0, 0, 0]   |0.4507313130539424  |0.3289386975514504  |315       
 [19, 10, 6, 7, 0]   |0.37285705751905185 |0.25498255278975124 |380       
 [14, 3, 5, 9, 0]    |0.2332928700561747  |0.1966242638204553  |171       
 [12, 18, 0, 0, 0]   |0.30986541036690274 |0.23209297439691698 |289       
 [19, 10, 6, 17, 0]  |0.39773721008386276 |0.25108499593549494 |460       
Increasing Epochs
Gen 5 Train time: 17.08646338780721 minutes:
 Average MSE:        0.25166912249108214
 Average Error:      0.32026445616194577
 Structure           |Error               |MSE                 |weights&biases
 [20, 8, 0, 0, 0]    |0.2761281143468361  |0.21786267659638403 |237       
 [20, 0, 0, 0, 0]    |0.19859682172718182 |0.18314473613775653 |81        
 [14, 3, 19, 9, 0]   |0.367964990765586   |0.258523810473168   |353       
 [14, 10, 6, 10, 0]  |0.4474698898103057  |0.3188144429857174  |339       
 [20, 8, 15, 0, 0]   |0.36629833867425377 |0.25074792066640694 |379       
 [20, 17, 0, 0, 0]   |0.36918792830577263 |0.23896230150406525 |435       
 [11, 5, 0, 0, 0]    |0.41085104695410035 |0.37212533986251695 |99        
 [12, 4, 4, 0, 0]    |0.2596840573438659  |0.23193698723827905 |113       
 [14, 0, 0, 0, 0]    |0.5407815507050439  |0.5108190456188162  |57        
 [19, 3, 5, 0, 0]    |0.25114478912997296 |0.2176807678603036  |143       
 [20, 8, 8, 0, 0]    |0.2615268002174861  |0.19200794756617867 |309       
 [20, 8, 10, 0, 0]   |0.3384382587708932  |0.24355472952451293 |329       
 [20, 5, 20, 0, 0]   |0.24489164282753398 |0.18033492899481846 |306       
 [14, 3, 0, 0, 0]    |0.231873977363469   |0.21170504802950263 |91        
 [20, 9, 6, 10, 0]   |0.214178170844517   |0.14501080293772262 |390       
 [14, 10, 0, 0, 0]   |0.26488731628328954 |0.21622175271167293 |203       
 [20, 9, 0, 0, 0]    |0.47490162081713594 |0.3665400046274364  |259       
 [19, 1, 5, 0, 0]    |0.25287679577230415 |0.2304196926834381  |93        
 [19, 3, 0, 0, 0]    |0.22236907830976846 |0.19702655494582239 |121       
 [20, 8, 5, 0, 0]    |0.2761247236105572  |0.20889937167561262 |279       
 [19, 10, 6, 17, 0]  |0.28791893414883235 |0.18175851435994345 |460       
 [20, 17, 0, 0, 0]   |0.3800360893271486  |0.24598393283597506 |435       
 [14, 16, 0, 0, 0]   |0.41528278115547806 |0.307956853942185   |299       
 [10, 8, 0, 0, 0]    |0.27205479324303433 |0.23960781720059784 |127       
 [14, 16, 5, 0, 0]   |0.3495638782325832  |0.24073248959687815 |373       
 [7, 3, 0, 0, 0]     |0.3518434715236404  |0.3350187141924237  |49        
Gen 6 Train time: 17.55251250267029 minutes:
 Average MSE:        0.2583546564428275
 Average Error:      0.3423639743339381
 Structure           |Error               |MSE                 |weights&biases
 [20, 0, 0, 0, 0]    |0.2979635477241357  |0.2747801039916523  |81        
 [20, 9, 6, 10, 0]   |0.33102687466014225 |0.2241240211322916  |390       
 [19, 10, 6, 17, 0]  |0.5357983843016931  |0.33824075729869374 |460       
 [20, 8, 5, 0, 0]    |0.2277673674742552  |0.17231510214451914 |279       
 [16, 10, 6, 17, 0]  |0.31799853592497085 |0.20873109124375958 |421       
 [14, 10, 0, 0, 0]   |0.27391221522990744 |0.22358858135286203 |203       
 [19, 1, 5, 0, 0]    |0.21993390509885832 |0.20040234482082792 |93        
 [14, 3, 0, 0, 0]    |0.2302384413204308  |0.21021177465539465 |91        
 [20, 8, 5, 16, 0]   |0.31430447993076116 |0.21365492154621343 |386       
 [12, 4, 4, 0, 0]    |0.2892896904029024  |0.25837927794811005 |113       
 [20, 9, 0, 0, 0]    |0.28465712738700066 |0.21970492459077146 |259       
 [12, 4, 4, 17, 0]   |0.3733193400461802  |0.3023043202346295  |211       
 [6, 9, 0, 0, 0]     |0.5466375126945995  |0.4990897305320915  |91        
 [20, 8, 10, 0, 0]   |0.30594758039528647 |0.22017303972213234 |329       
 [10, 8, 3, 0, 0]    |1.024565628349489   |0.8827341015729644  |149       
 [20, 20, 20, 0, 0]  |0.5379697418664455  |0.21417690163530825 |921       
 [14, 16, 12, 0, 0]  |0.3437789079671382  |0.20872106458342632 |499       
 [19, 3, 20, 0, 0]   |0.2251716776663075  |0.18106627475421974 |218       
 [20, 9, 6, 0, 0]    |0.3131027703912747  |0.22827053362742253 |316       
 [19, 3, 14, 2, 0]   |0.4059076257749315  |0.33034105177110906 |206       
 [20, 6, 10, 0, 0]   |0.16704538305789599 |0.12790215152004916 |267       
 [19, 10, 0, 0, 0]   |0.25375756012494327 |0.19410113225324693 |268       
 [20, 8, 15, 0, 0]   |0.3294697382758561  |0.22553706384304428 |379       
 [20, 8, 0, 0, 0]    |0.2569336679677804  |0.20271842562498793 |237       
 [19, 8, 5, 0, 0]    |0.2031449294112704  |0.15538713719827277 |268       
 [16, 8, 6, 17, 0]   |0.2918206992379338  |0.20056523791551673 |375       
Gen 7 Train time: 17.364548162619272 minutes:
 Average MSE:        0.2719280466066048
 Average Error:      0.33937313107850436
 Structure           |Error               |MSE                 |weights&biases
 [20, 6, 10, 0, 0]   |0.3020169814487606  |0.23124626982057342 |267       
 [19, 8, 5, 0, 0]    |0.3503588216259349  |0.267992188839708   |268       
 [19, 10, 0, 0, 0]   |0.25013939520763123 |0.19133356975468158 |268       
 [19, 1, 5, 0, 0]    |0.38064323758796775 |0.3468396440218358  |93        
 [14, 8, 5, 16, 0]   |0.31859073949935063 |0.23134435870804854 |320       
 [20, 16, 12, 0, 0]  |0.36229726618688723 |0.19626485580284628 |613       
 [20, 6, 6, 0, 0]    |0.22514031364302864 |0.17798936904244916 |235       
 [14, 10, 0, 0, 0]   |0.2795513393500535  |0.22819167567283558 |203       
 [14, 7, 0, 0, 0]    |0.3528474186957856  |0.30218388470698615 |155       
 [19, 3, 0, 0, 0]    |0.25225424239967503 |0.22350582521748513 |121       
 [19, 1, 5, 8, 0]    |0.33818967371997793 |0.292834294994269   |144       
 [12, 1, 15, 0, 0]   |0.26904055515126457 |0.24465819912886752 |95        
 [12, 4, 4, 0, 0]    |0.2290818664368998  |0.20460462022872594 |113       
 [20, 6, 18, 0, 0]   |0.21688224837356812 |0.15576595185503744 |331       
 [20, 7, 5, 0, 0]    |0.21310311110567431 |0.1654677212902716  |253       
 [19, 16, 18, 0, 0]  |0.40201720745054514 |0.19923696442264677 |702       
 [12, 8, 18, 0, 0]   |0.3161468138950122  |0.22934024952589488 |321       
 [8, 4, 4, 17, 0]    |0.458613640226961   |0.38191883536768007 |183       
 [16, 10, 6, 0, 0]   |0.3125683621641509  |0.23364975117013947 |291       
 [12, 4, 4, 17, 0]   |0.3801120628034121  |0.30780489096695013 |211       
 [14, 3, 5, 11, 0]   |0.34963064982529857 |0.2905795308358081  |185       
 [19, 8, 0, 0, 0]    |0.31291679111131093 |0.24961938858462931 |226       
 [13, 1, 5, 0, 0]    |0.3678698256452277  |0.34334272307040736 |69        
 [6, 9, 0, 0, 0]     |1.0881132837113403  |0.9934666994932112  |91        
 [19, 9, 0, 0, 0]    |0.25942346836492364 |0.20264622799689153 |247       
 [20, 10, 0, 0, 0]   |0.23615209241047047 |0.17830152125284576 |281       
Result:  [20, 7, 5]
Fold 0
Fold 0 Train time: 19.695430302619933 minutes, MSE: 0.010142068760280024
Fold 1
Fold 1 Train time: 19.729404977957408 minutes, MSE: 0.025785454047037002
Fold 2
Fold 2 Train time: 19.78165243069331 minutes, MSE: 0.01161340682118008
Fold 3
Fold 3 Train time: 19.775257766246796 minutes, MSE: 0.1313590674923949
Fold 4
Fold 4 Train time: 19.783522828420004 minutes, MSE: 0.012819346652958296
MSE after 5-Fold CV: 0.03834386875477006
final score:  [0.04938242733841027]
Total Time: 213.85230586528778 minutes
~/workspace/SolarCellResearch
