/tmp/tmp.zxHepXriK7 ~/workspace/SolarCellResearch
Using TensorFlow backend.
Genetically searching for best layer structure...
  Training on:     datasets/N4dataset10k.mat
  Evaluating with: datasets/N4dataset100k.mat
Gen 0: [[9, 7, 6, 5, 3], [16, 0, 0, 0, 0], [4, 7, 14, 11, 19], [14, 4, 17, 0, 0], [13, 16, 18, 1, 0], [10, 11, 0, 0, 0], [2, 8, 0, 0, 0], [4, 3, 4, 0, 0], [18, 4, 18, 0, 0], [5, 4, 2, 0, 0], [20, 7, 2, 7, 16], [6, 17, 0, 0, 0], [10, 10, 0, 0, 0], [6, 0, 0, 0, 0], [18, 6, 17, 16, 17], [16, 7, 10, 8, 15], [18, 16, 5, 3, 0], [14, 3, 9, 3, 0], [12, 0, 0, 0, 0], [2, 11, 10, 10, 15], [12, 2, 6, 0, 0], [19, 15, 6, 9, 0], [10, 9, 0, 0, 0], [7, 11, 10, 7, 0], [16, 6, 13, 2, 19]]
Gen 0 Train time: 10.879859133561451 minutes:
Average MSE:        0.6751679488493031
Average Error:      1.203525623045682
Errors:             [1.2035256230456826, 0.32905934206446164, 3.1109801426651313, 0.39999947282411835, 1.756929589206234, 0.5594215535663842, 1.3453155250436142, 0.648157265781526, 0.28293053713101113, 1.7573495767288974, 0.47951934983061206, 0.5066774876152247, 0.5682344054592587, 1.5322647539586196, 0.7350219475664688, 0.3991771428395568, 0.3849348839889805, 0.3593762295569187, 0.5535491840007517, 3.7524503854769105, 0.3322019132464572, 0.388561897312426, 0.38135230562865086, 0.4710988946979032, 0.4003646031079503]
MSEs:               [0.9833946822391475, 0.3083508029689824, 1.7558232494785222, 0.32585849710214854, 0.9739140086544046, 0.47527962251920075, 1.2938581602363126, 0.6177805893561465, 0.22278371561465654, 1.6683026823228757, 0.32498669651502393, 0.4339262904829441, 0.4885950458331255, 1.494433002387496, 0.3042654038171545, 0.2455265984560052, 0.24179111384558047, 0.3071603220448946, 0.5270790873655213, 2.392668003344053, 0.3045218849985388, 0.2296261337586071, 0.3318634650752294, 0.3441467067216915, 0.28326295609431335]
Weights and Biases: [202, 65, 572, 205, 590, 163, 39, 48, 239, 52, 389, 155, 151, 25, 882, 486, 465, 157, 49, 450, 87, 526, 139, 314, 346]
Next Gen: [[18, 4, 18, 0, 0], [16, 0, 0, 0, 0], [16, 7, 2, 7, 16], [20, 0, 0, 0, 0], [14, 4, 18, 0, 0], [18, 4, 17, 0, 0], [14, 0, 0, 0, 0], [12, 14, 17, 0, 0], [7, 11, 10, 7, 0], [6, 17, 0, 0, 0], [18, 4, 18, 8, 15], [16, 7, 10, 0, 0], [10, 9, 12, 0, 0], [16, 18, 0, 0, 0], [19, 15, 10, 16, 15], [16, 7, 6, 9, 0], [10, 3, 4, 0, 0], [4, 11, 0, 0, 0], [16, 2, 0, 0, 0], [6, 17, 13, 0, 0], [18, 4, 18, 8, 0], [18, 4, 8, 12, 0], [16, 11, 6, 0, 0], [12, 0, 0, 0, 0], [16, 6, 13, 2, 0], [10, 11, 19, 0, 0]]
Gen 1 Train time: 11.120918095111847 minutes:
Average MSE:        0.3528948713180891
Average Error:      0.3318927852443345
Errors:             [0.3670026352581801, 0.3318927852443346, 0.4172026769448066, 0.24649872439940768, 0.449206746697867, 0.4133478339621518, 0.37419404074377166, 0.3904892099478585, 0.5487385248710168, 0.7156632776076204, 0.4328007114268443, 0.3894523229031852, 0.589767679253568, 0.345336661238862, 0.816526942232296, 0.37215785455483996, 0.3713641901658414, 1.1075647594962594, 0.27497269485962283, 0.7304288091816509, 0.40974371485623434, 0.3165559557617794, 0.3395006097489173, 0.4137607820843336, 0.3782817526921272, 0.5298871300110893]
MSEs:               [0.2889833368722864, 0.3110059303821699, 0.29429190224710167, 0.22731956859027683, 0.3637559741440391, 0.3274349637816533, 0.3534614716788619, 0.23898489223375732, 0.4008639339024116, 0.6129048929108348, 0.25653814610411957, 0.3008890078079687, 0.4538327306120543, 0.23782135222161518, 0.31139428576554584, 0.27902966559530235, 0.3414438438329283, 1.0234340566829643, 0.252565798103537, 0.49702074790981365, 0.2799278464005001, 0.23663053990193136, 0.24801165549331125, 0.39397520890999765, 0.28819556518102923, 0.3555493370043054]
Weights and Biases: [239, 65, 349, 81, 211, 233, 57, 491, 314, 155, 523, 258, 262, 373, 964, 288, 84, 79, 85, 385, 381, 291, 314, 49, 272, 399]
Next Gen: [[20, 0, 0, 0, 0], [16, 2, 0, 0, 0], [18, 6, 13, 2, 0], [16, 4, 18, 8, 0], [6, 17, 13, 0, 0], [18, 4, 8, 12, 0], [16, 0, 0, 0, 0], [16, 7, 10, 0, 0], [18, 4, 6, 0, 0], [18, 4, 18, 8, 15], [16, 6, 0, 0, 0], [1, 2, 0, 0, 0], [18, 4, 8, 0, 0], [16, 2, 12, 0, 0], [16, 10, 0, 0, 0], [14, 11, 6, 0, 0], [16, 7, 6, 0, 0], [20, 3, 9, 0, 0], [16, 7, 6, 2, 0], [18, 4, 18, 9, 0], [16, 11, 6, 0, 0], [18, 4, 18, 0, 0], [3, 3, 4, 3, 0], [14, 4, 18, 0, 0], [6, 4, 18, 8, 15], [18, 17, 0, 0, 0]]
Gen 2 Train time: 10.920351699988048 minutes:
Average MSE:        0.4083474707561434
Average Error:      0.3558679232821244
Errors:             [0.2561801714801996, 0.4082739948464635, 0.3558679232821244, 0.35127755276550504, 0.8280598859257264, 0.3503992555935191, 0.3948363809486272, 0.3401781913872034, 0.3183499815314019, 0.44784596502104074, 0.3039128833551455, 2.129417654048354, 0.3056823826399883, 0.32645456510879434, 0.3591715000693286, 0.4897434339314901, 0.3756410792875899, 0.23391276379830153, 0.33736026573961575, 0.6269324558597542, 0.27090207379209796, 0.42597857252128873, 1.2869037873647802, 0.37850320130831594, 0.49891654272240127, 0.5574687423864135]
MSEs:               [0.23624773801223795, 0.375004679668134, 0.26628300186185755, 0.24336847664353214, 0.5634538761936588, 0.2619289371220238, 0.36998832594464426, 0.2628200487325114, 0.2693876306410734, 0.2654560645890431, 0.25975557493062856, 2.108229594373116, 0.2555828434670362, 0.28637174704453255, 0.28565934242696384, 0.3679259333181822, 0.3008567118766846, 0.19754141164330008, 0.26750851487594096, 0.41982535733314663, 0.19789911967297621, 0.3354218675751361, 1.2168178950789725, 0.3065020766510174, 0.3216419057324827, 0.3755555642508959]
Weights and Biases: [81, 85, 290, 367, 385, 291, 65, 258, 167, 523, 157, 10, 179, 131, 229, 286, 222, 169, 232, 401, 314, 239, 56, 211, 439, 395]
Next Gen: [[20, 3, 9, 0, 0], [20, 0, 0, 0, 0], [16, 2, 0, 0, 0], [20, 3, 1, 0, 0], [16, 11, 6, 0, 0], [18, 4, 8, 12, 0], [18, 4, 0, 0, 0], [16, 2, 6, 0, 0], [18, 4, 12, 0, 0], [16, 10, 18, 0, 0], [16, 11, 6, 3, 0], [16, 6, 0, 0, 0], [18, 4, 20, 0, 0], [16, 11, 8, 0, 0], [20, 6, 0, 0, 0], [16, 14, 6, 0, 0], [11, 2, 6, 0, 0], [16, 11, 0, 0, 0], [20, 4, 8, 0, 0], [18, 3, 9, 0, 0], [20, 3, 16, 0, 0], [20, 17, 13, 20, 0], [16, 12, 18, 18, 0], [16, 4, 10, 0, 0], [3, 6, 0, 0, 0], [16, 6, 19, 0, 0]]
Gen 3 Train time: 10.809667305151622 minutes:
Average MSE:        0.3465521620606019
Average Error:      0.2922908106660123
Errors:             [0.26065670366505866, 0.34585116370961655, 0.3251537579659995, 0.2922908106660125, 0.33104711524786457, 0.385099313148532, 0.44453333425114455, 0.301227994809661, 0.4720675212420968, 0.39639479217108897, 0.36891782569509823, 0.46170882392242285, 0.3310970863818496, 0.6220256569447317, 0.34332345252575464, 0.4261703661458707, 0.31195095784041876, 0.8162118971429778, 0.29303102417466104, 0.2731948014069285, 0.3054645816611738, 0.5875134238789598, 0.6839227885226323, 0.2851179200191923, 1.471201328547469, 0.44712927924934426]
MSEs:               [0.22012690697239717, 0.3189417613517847, 0.29865772101106874, 0.25691601294363825, 0.24183621690585116, 0.28786777417252607, 0.3883958474109605, 0.2706610867598709, 0.38533844607364554, 0.2565723431860866, 0.2646938631112582, 0.3946244057984347, 0.2576009403630676, 0.442739402610176, 0.28306399790668857, 0.29056845293168826, 0.2873916699468447, 0.6375763274028262, 0.24159879729552927, 0.2335007056103932, 0.2490948720751552, 0.22676156588680169, 0.2931970853020044, 0.23886602959732312, 1.4135146993352756, 0.33024928161435085]
Weights and Biases: [169, 81, 85, 129, 314, 291, 135, 107, 203, 435, 332, 157, 251, 340, 193, 383, 82, 247, 193, 157, 204, 952, 847, 177, 40, 303]
Increasing Epochs
Next Gen: [[20, 3, 9, 0, 0], [18, 3, 9, 0, 0], [20, 6, 6, 0, 0], [16, 5, 0, 0, 0], [20, 3, 16, 0, 0], [20, 3, 20, 0, 0], [16, 2, 0, 0, 0], [20, 0, 0, 0, 0], [16, 6, 19, 0, 0], [16, 11, 0, 0, 0], [16, 2, 6, 0, 0], [14, 2, 0, 0, 0], [18, 4, 0, 0, 0], [16, 2, 19, 0, 0], [18, 4, 6, 0, 0], [11, 2, 8, 12, 0], [16, 4, 8, 3, 0], [18, 10, 9, 0, 0], [20, 4, 8, 0, 0], [20, 3, 1, 0, 0], [18, 3, 14, 18, 0], [7, 3, 1, 0, 0], [15, 6, 0, 0, 0], [20, 16, 16, 0, 0], [16, 19, 14, 0, 0], [16, 10, 18, 0, 0]]
Gen 4 Train time: 12.716728258132935 minutes:
Average MSE:        0.2687358777743913
Average Error:      0.2587766521755588
Errors:             [0.23160917387914692, 0.24122614798453826, 0.30281420121583486, 0.3960272622443312, 0.25877665217555873, 0.2390262882045411, 0.39377188864906243, 0.22664041948937655, 0.47833987452316, 0.38525998845074766, 0.21572046771257256, 0.39253778893722446, 0.30260555320235605, 0.26736105717114483, 0.2825505842790939, 0.3297220479314686, 0.411594173074701, 0.31516213632692597, 0.23219778426545326, 0.3290448186592104, 0.5089907016186148, 0.38682551705703283, 0.32915798463481166, 0.4460316418135993, 0.5230576642139645, 0.47002229230103776]
MSEs:               [0.1955960094468237, 0.2061769677753404, 0.23939608033484944, 0.3446340236386033, 0.21102262239099043, 0.19105732967402336, 0.36168431697612663, 0.20900636507946263, 0.353301399080776, 0.3009422545683071, 0.1938303784292227, 0.3641743768243223, 0.2643912867980585, 0.22805800829712436, 0.23909419460006473, 0.26941421299553003, 0.3413942087895406, 0.22142572919934725, 0.19144288756190767, 0.2892218290991135, 0.3226053496403769, 0.3675920380769758, 0.2838760876806773, 0.2248401927194536, 0.268725849911671, 0.3042288225454859]
Weights and Biases: [169, 157, 235, 139, 204, 224, 85, 81, 303, 247, 107, 75, 135, 159, 167, 202, 187, 353, 193, 129, 456, 51, 148, 685, 666, 435]
Next Gen: [[16, 2, 6, 0, 0], [20, 0, 0, 0, 0], [20, 3, 16, 0, 0], [20, 3, 2, 0, 0], [2, 3, 9, 1, 10], [18, 2, 8, 12, 0], [14, 3, 4, 18, 0], [18, 2, 0, 0, 0], [16, 2, 12, 0, 0], [18, 10, 9, 0, 0], [7, 3, 9, 0, 0], [5, 1, 9, 0, 0], [7, 11, 9, 0, 0], [20, 3, 1, 0, 0], [20, 8, 0, 0, 0], [20, 4, 0, 0, 0], [16, 10, 9, 0, 0], [15, 6, 0, 0, 0], [20, 3, 20, 0, 0], [20, 14, 9, 0, 0], [16, 2, 8, 12, 0], [11, 2, 19, 0, 0], [18, 3, 9, 0, 0], [18, 0, 0, 0, 0], [16, 10, 18, 14, 0], [18, 4, 6, 0, 0]]
Gen 5 Train time: 12.745432535807291 minutes:
Average MSE:        0.39320225632786027
Average Error:      0.3472936382848343
Errors:             [0.3074078766511108, 0.31400934765686606, 0.25513004347164114, 0.2796866052876346, 2.329710664265318, 0.3472936382848343, 0.3522428901880932, 0.2993385311470731, 0.25637105112668207, 0.2614410013011643, 1.0820741914343819, 0.5683481348733895, 0.56099658967837, 0.334132191506123, 0.2565686832036742, 0.36319418627386685, 0.4132011838682786, 0.38792211787101677, 0.31906599816853276, 0.6529990300510495, 0.3575460857086711, 0.48884837719012, 0.3333381046525191, 0.23874472991331147, 0.6012177717171623, 0.2979269787351321]
MSEs:               [0.27621386925046015, 0.28957743946379855, 0.20804895021050157, 0.24461112618719955, 2.12494109382651, 0.27401165499067326, 0.2849520631309606, 0.27221035846862396, 0.22489324288764045, 0.18368248492790779, 0.9879529012865932, 0.5411703691257823, 0.447069841108587, 0.2936934973845732, 0.202430455825849, 0.3129168936044229, 0.2979526562867636, 0.3345561046261806, 0.25503428119877636, 0.3964601945190548, 0.28493590632773147, 0.427541933787942, 0.28490543100510235, 0.22193729909169804, 0.2994529223885042, 0.25210569361253155]
Weights and Biases: [107, 81, 204, 134, 92, 237, 212, 95, 131, 353, 91, 49, 227, 129, 237, 149, 327, 148, 224, 499, 227, 134, 157, 73, 697, 167]
Increasing Epochs
Next Gen: [[18, 0, 0, 0, 0], [20, 3, 16, 0, 0], [20, 3, 8, 12, 1], [18, 2, 16, 11, 0], [2, 14, 9, 0, 0], [20, 2, 9, 0, 0], [16, 2, 12, 0, 0], [20, 3, 1, 0, 0], [18, 4, 0, 0, 0], [20, 8, 6, 0, 0], [16, 2, 8, 12, 0], [18, 4, 6, 0, 0], [16, 2, 1, 3, 0], [18, 10, 12, 0, 0], [4, 2, 12, 0, 0], [20, 3, 16, 3, 0], [20, 3, 2, 0, 0], [20, 0, 0, 0, 0], [16, 2, 12, 3, 0], [18, 2, 0, 0, 0], [16, 10, 6, 4, 0], [16, 2, 9, 0, 0], [20, 3, 6, 0, 0], [16, 2, 16, 0, 0], [18, 2, 12, 0, 0], [16, 10, 9, 0, 0]]
Gen 6 Train time: 14.787870740890503 minutes:
Average MSE:        0.5054833952953897
Average Error:      0.40129750486040616
Errors:             [0.26599598737321517, 0.2881879773819035, 3.1261158651401724, 0.3326179295242233, 3.820589217390414, 0.415797412417662, 0.4012975048604064, 0.2817316492821005, 0.31509744151089186, 0.3570582436869583, 0.3859701508006189, 0.2525853043423983, 0.36253968232475714, 0.32389654557174946, 1.4141265004609596, 0.32220103744576734, 0.21411623780864966, 0.27718920826778914, 0.2796142339811707, 0.35283112933908656, 0.46684748941786075, 0.21480221337731975, 0.26516162839498686, 0.3923087892089496, 0.32723557229124445, 0.5246141942013972]
MSEs:               [0.24727009064567113, 0.23500645138351692, 2.36739760835619, 0.2369844370383948, 3.150006940328639, 0.3618385624462645, 0.35202530408232463, 0.24763478498918534, 0.27530564838025595, 0.2674409825611724, 0.30758763451667237, 0.21373758636402287, 0.32968377477684485, 0.21951578887311657, 1.3172049458271355, 0.25294591486040796, 0.18726393425768972, 0.25562213920108073, 0.23803338035687033, 0.3208550794588253, 0.3400193844962486, 0.1907030806573174, 0.22731564506885943, 0.33867781501157457, 0.28420059694221533, 0.3782907667996308]
Weights and Biases: [73, 204, 278, 339, 193, 139, 131, 129, 135, 289, 227, 167, 95, 389, 71, 242, 134, 81, 161, 95, 317, 119, 154, 147, 141, 327]
Next Gen: [[20, 3, 2, 0, 0], [16, 2, 9, 0, 0], [16, 2, 18, 0, 0], [18, 2, 19, 0, 0], [16, 2, 1, 3, 0], [16, 2, 1, 3, 0], [20, 3, 6, 4, 0], [16, 7, 16, 3, 0], [16, 3, 2, 0, 0], [20, 2, 16, 0, 0], [16, 17, 12, 3, 3], [16, 2, 9, 8, 0], [16, 2, 8, 12, 0], [16, 2, 9, 2, 0], [18, 4, 19, 0, 0], [18, 2, 12, 0, 0], [18, 4, 17, 3, 0], [16, 2, 6, 0, 0], [20, 0, 0, 0, 0], [20, 3, 2, 15, 0], [20, 3, 6, 0, 0], [20, 8, 6, 0, 0], [16, 2, 12, 0, 0], [18, 2, 12, 0, 0], [18, 8, 0, 0, 0], [16, 10, 9, 0, 0]]
Gen 7 Train time: 15.005809581279754 minutes:
Average MSE:        0.2651944847519748
Average Error:      0.46771659775147445
Errors:             [0.34711507435007294, 0.2879356170500733, 0.24194835666586925, 0.29851344480985303, 0.33422901985998715, 0.39548614046581976, 0.3661280920064044, 0.4677165977514747, 0.31980000597358527, 0.3335411662847899, 0.49044313141317897, 0.3266653889187515, 0.33422920992053307, 0.3832678024519649, 0.26794580672083845, 0.28007270525606265, 0.32969273887818396, 0.28485075628754, 0.26039759947419955, 0.2917578655400115, 0.3083181143601625, 0.36634790556342195, 0.2430205349368238, 0.23255632266290752, 0.31125084639258715, 0.3133031468727734]
MSEs:               [0.30358339530062134, 0.25563148693426063, 0.20720824481586905, 0.25209726192235643, 0.3039388245745173, 0.35964439209691773, 0.30581588881379507, 0.3295943157992226, 0.28648776181917135, 0.2822424052751417, 0.2670162004092312, 0.26798643713248865, 0.2663542034340865, 0.3358732873826396, 0.20972239892327874, 0.24324015101314167, 0.25092676569381533, 0.25594571749505934, 0.24013702350242658, 0.24078977036664423, 0.2643124930119781, 0.2743990526907075, 0.2131819327886014, 0.20197268060044932, 0.2510367059058892, 0.22591780584903426]
Weights and Biases: [134, 119, 155, 169, 95, 95, 180, 350, 110, 167, 608, 198, 227, 132, 245, 141, 273, 107, 81, 192, 154, 289, 131, 141, 215, 327]
Increasing Epochs
Next Gen: [[18, 2, 12, 0, 0], [16, 2, 18, 0, 0], [16, 6, 18, 0, 0], [16, 2, 1, 3, 0], [18, 2, 12, 15, 0], [12, 2, 12, 0, 0], [16, 2, 9, 8, 0], [16, 2, 16, 0, 0], [16, 4, 19, 6, 0], [18, 2, 9, 8, 0], [20, 3, 6, 0, 0], [8, 2, 18, 0, 0], [16, 2, 0, 0, 0], [20, 9, 3, 0, 0], [16, 3, 9, 0, 0], [13, 19, 2, 0, 0], [7, 2, 9, 0, 0], [16, 10, 9, 0, 0], [20, 0, 0, 0, 0], [19, 2, 9, 8, 0], [6, 8, 15, 3, 0], [16, 2, 1, 3, 0], [16, 2, 13, 3, 0], [20, 3, 0, 0, 0], [4, 10, 6, 0, 0], [20, 3, 9, 0, 0]]
Gen 8 Train time: 16.889287137985228 minutes:
Average MSE:        0.3269301945339983
Average Error:      0.38175943885474684
Errors:             [0.22919943713607238, 0.2659096424033707, 0.30401355283237236, 0.3201988910406949, 0.4122907308225988, 0.2960874543872594, 0.3251557779312123, 0.3781892051394389, 0.38175943885474667, 0.5072379430738443, 0.1983049147591501, 0.37983575900514255, 0.5880800982075851, 0.27840667759324855, 0.4359776827542589, 0.33470246617859883, 0.5535054796883672, 0.3176464159316054, 0.2349506035755523, 0.366805906483163, 1.281189952564007, 0.3721460104985708, 0.34285938227274443, 0.31428930516496006, 0.4674468838012862, 0.3443976016514381]
MSEs:               [0.19905726139980043, 0.22772905359348697, 0.2263476931014373, 0.2911802051591502, 0.2937499096332579, 0.2649801360029155, 0.26674799778834585, 0.32648846312074253, 0.27226903290189775, 0.41198222665186623, 0.17000125505208138, 0.33857273582233843, 0.5401587944156824, 0.20978494063879333, 0.37713041488119636, 0.23633303523489166, 0.5140248713726301, 0.22904966655894848, 0.2166699644184773, 0.29643644449162554, 0.9868761748626028, 0.33841950961773065, 0.2901274760225048, 0.2768051739959439, 0.4084157802461714, 0.29084684089943624]
Weights and Biases: [141, 155, 295, 95, 339, 111, 198, 147, 338, 208, 154, 115, 85, 283, 145, 348, 74, 327, 81, 213, 261, 95, 167, 127, 135, 169]
Next Gen: [[20, 3, 6, 0, 0], [18, 2, 12, 0, 0], [7, 2, 9, 8, 0], [19, 2, 9, 18, 0], [20, 9, 3, 0, 0], [20, 3, 13, 0, 0], [20, 9, 1, 3, 20], [16, 2, 3, 0, 0], [16, 2, 1, 15, 0], [18, 2, 12, 3, 2], [16, 2, 1, 3, 0], [18, 2, 9, 8, 0], [20, 2, 9, 2, 0], [18, 2, 12, 15, 0], [16, 2, 13, 3, 0], [20, 9, 19, 11, 0], [12, 3, 6, 0, 0], [20, 2, 12, 0, 0], [19, 2, 9, 8, 0], [18, 2, 12, 15, 14], [16, 2, 1, 0, 0], [18, 2, 12, 3, 0], [20, 2, 1, 10, 0], [16, 3, 0, 0, 0], [18, 2, 11, 15, 0], [18, 0, 0, 0, 0]]
Gen 9 Train time: 17.386459330717724 minutes:
Average MSE:        0.34600536417691574
Average Error:      1.8763889994935359
Errors:             [0.25412939783430294, 0.2945743160861154, 0.3452155109176367, 0.321261412673237, 0.3382859607992719, 0.31275831629226314, 0.40683575829261215, 0.2434253018597966, 0.4380827509864481, 1.8763889994935372, 0.2898214692711852, 0.46027515792268975, 0.3655862544423227, 0.404830324702201, 0.33906875551449517, 0.6554767835564069, 0.3179591262308264, 0.33801984973531024, 0.33931876283357826, 0.7295283712883605, 0.43016819241703363, 0.31033634396559506, 0.36197346513711526, 0.4098571209895227, 0.3168577386601574, 0.3459245580453088]
MSEs:               [0.21785802247983757, 0.25583464502144165, 0.29623969034872977, 0.2325848631927248, 0.254905165417388, 0.2588971140832991, 0.2821417380082216, 0.2213643810760583, 0.38429397581943775, 1.5704295566437858, 0.2635557999830321, 0.3738387220885076, 0.31403430816599764, 0.28843450120939684, 0.28691984913294993, 0.3350778472437187, 0.2859802752126893, 0.29064558989603695, 0.27422254065666235, 0.41588062444984153, 0.3943253292586094, 0.2615581657265127, 0.31594587220134335, 0.36974316411812586, 0.2298559708802359, 0.3215717562852246]
Weights and Biases: [154, 141, 153, 323, 283, 189, 366, 95, 131, 178, 95, 208, 152, 339, 167, 671, 106, 151, 213, 562, 87, 171, 136, 103, 321, 73]
Result:  [16, 2, 3]
Fold 0
Fold 0 Train time: 18.77912267843882 minutes, MSE: 0.021335314540737137
Fold 1
Fold 1 Train time: 18.845178838570913 minutes, MSE: 0.6783131425369436
Fold 2
Fold 2 Train time: 18.767664003372193 minutes, MSE: 0.019752266495005694
Fold 3
Fold 3 Train time: 18.682793680826823 minutes, MSE: 0.027323717126399708
Fold 4
Fold 4 Train time: 18.642357575893403 minutes, MSE: 0.012920871546620603
MSE after 10-Fold CV: [0.15192906244914134, 95]
Total Time: 226.98534014225007 minutes
~/workspace/SolarCellResearch
