/tmp/tmp.KZx60sgHDE ~/workspace/SolarCellResearch
Using TensorFlow backend.
Genetically searching for best layer structure...
  Training on:     datasets/N8dataset10k.mat
  Evaluating with: datasets/N8dataset100k.mat
Gen 0: [[13, 14, 15, 10, 10], [12, 19, 20, 0, 0], [3, 4, 14, 2, 0], [20, 18, 0, 0, 0], [3, 9, 11, 1, 8], [9, 0, 0, 0, 0], [1, 17, 0, 0, 0], [11, 9, 2, 5, 0], [2, 0, 0, 0, 0], [11, 2, 3, 0, 0], [12, 10, 0, 0, 0], [7, 5, 4, 20, 0], [4, 10, 0, 0, 0], [16, 11, 10, 13, 20], [20, 14, 1, 0, 0], [5, 17, 0, 0, 0], [4, 10, 14, 7, 18], [5, 19, 10, 0, 0], [8, 12, 11, 20, 6], [15, 6, 15, 0, 0], [8, 0, 0, 0, 0], [16, 9, 0, 0, 0], [7, 3, 0, 0, 0], [2, 19, 0, 0, 0], [3, 10, 0, 0, 0]]
Gen 0 Train time: 10.788689442475636 minutes:
Average MSE:        0.9862240399051545
Average Error:      0.4873817131534733
Errors:             [0.48738171315347345, 0.32831754672857627, 2.7943322480719686, 0.25577796938789865, 3.514870623345221, 0.7271619725955639, 3.307979291847431, 0.20675264468059368, 2.993791776225327, 0.22810926895528477, 0.17630702305642137, 0.3984624306125751, 1.8424804018474317, 0.3587985581689434, 0.24748483173533842, 0.6429490615244511, 0.781446453622306, 0.4168646544219428, 1.9464073382438953, 0.21187103210472094, 0.5914024596318483, 0.19684291438266668, 0.30962123089852245, 2.7560418059000282, 3.1373789694204963]
MSEs:               [0.2323041771480397, 0.16238682057154996, 2.4586026709189706, 0.16195358163759183, 2.900846867306452, 0.7007486395236873, 3.1309532694712767, 0.17234928174024114, 2.966968535877492, 0.21268767263717128, 0.14770645978609923, 0.3242819056886018, 1.7127713108636287, 0.16137988368944153, 0.17077540876666658, 0.5617548254588018, 0.481615765954967, 0.29671188962623, 1.0181479918314074, 0.16303709480888445, 0.5722046839296091, 0.1593982873164149, 0.29481549341559676, 2.536526237846715, 2.9546722418133244]
Weights and Biases: [741, 704, 128, 457, 192, 37, 55, 182, 9, 70, 177, 206, 73, 799, 371, 135, 484, 340, 648, 262, 33, 211, 49, 83, 60]
Next Gen: [[12, 10, 0, 0, 0], [16, 9, 0, 0, 0], [16, 9, 14, 0, 0], [12, 10, 10, 0, 0], [16, 16, 13, 20, 0], [16, 3, 10, 0, 0], [14, 9, 0, 0, 0], [15, 6, 15, 0, 0], [7, 3, 8, 3, 0], [11, 9, 2, 5, 0], [16, 9, 0, 0, 0], [12, 10, 5, 0, 0], [11, 10, 0, 0, 0], [12, 9, 2, 5, 0], [12, 19, 20, 5, 4], [19, 9, 2, 0, 0], [15, 6, 0, 0, 0], [20, 18, 15, 0, 0], [7, 5, 4, 20, 0], [7, 3, 0, 0, 0], [12, 3, 0, 0, 0], [15, 6, 15, 8, 0], [12, 19, 0, 0, 0], [16, 9, 20, 0, 0], [6, 10, 14, 0, 0], [20, 14, 1, 0, 0]]
Gen 1 Train time: 11.327812039852143 minutes:
Average MSE:        0.22081788459914825
Average Error:      0.22195472372267608
Errors:             [0.23102559948998858, 0.22195472372267613, 0.24450539469485083, 0.2508558812546992, 0.35232167019477184, 0.2224151495627938, 0.1969550025680481, 0.23638758123975306, 0.3152525126440058, 0.35796262237089105, 0.16880705605179516, 0.27022803745902646, 0.1915577145144684, 0.2523972200247535, 0.410392379674492, 0.24214451812095583, 0.21760966481185562, 0.32663387591357057, 0.5580268662124532, 0.503550196683167, 0.21405336359073843, 0.27967299226761033, 0.28902977749265707, 0.262817177656963, 0.4815801925512519, 0.32467024007301215]
MSEs:               [0.19354857696001812, 0.17973317929242155, 0.17126933448355675, 0.18827028112941052, 0.15179707470912754, 0.19143449330646883, 0.16336309322983864, 0.18190284963156012, 0.28297935519329415, 0.29839812182710646, 0.13669557629731774, 0.21535033900857653, 0.16258308192376134, 0.20788896528880332, 0.18129285834908176, 0.1867059146908034, 0.18767334584585343, 0.1559974869931781, 0.4541407211781987, 0.4794709951376824, 0.1977938539196026, 0.19068465370996782, 0.21347713248023817, 0.17233816952698416, 0.3724388132981827, 0.22403673216681957]
Weights and Biases: [177, 211, 356, 287, 842, 150, 187, 262, 108, 182, 211, 227, 164, 194, 817, 260, 148, 739, 206, 49, 79, 383, 303, 422, 257, 371]
Next Gen: [[16, 9, 0, 0, 0], [11, 10, 0, 0, 0], [16, 9, 8, 0, 0], [15, 6, 0, 0, 0], [16, 11, 20, 0, 0], [14, 9, 0, 0, 0], [16, 16, 13, 20, 0], [3, 18, 15, 0, 0], [11, 9, 10, 0, 0], [16, 3, 2, 5, 0], [16, 16, 13, 15, 0], [16, 9, 20, 0, 0], [12, 9, 2, 5, 3], [12, 3, 0, 0, 0], [16, 9, 1, 0, 0], [15, 6, 15, 0, 0], [16, 9, 9, 19, 0], [16, 17, 0, 0, 0], [12, 10, 0, 0, 0], [11, 12, 12, 3, 0], [12, 10, 10, 0, 0], [15, 17, 15, 0, 0], [11, 9, 0, 0, 0], [14, 10, 0, 0, 0], [7, 5, 4, 0, 0], [20, 14, 1, 20, 0]]
Gen 2 Train time: 11.330219066143036 minutes:
Average MSE:        0.3301866856328318
Average Error:      0.21861443012970397
Errors:             [0.20715023564221216, 0.26413409155716644, 0.21861443012970397, 0.21346294850356895, 0.33167836662893324, 0.2821594155543412, 0.5725813502146132, 3.7003344768429027, 0.22030126189207327, 0.20137138265926696, 0.3618531310574036, 0.25962297251059424, 1.0915383716018385, 0.1893585863943774, 0.19781815202759234, 0.21801492348326915, 0.2716681687852198, 0.20344123071374087, 0.19976316203862726, 1.3043041224554364, 0.3770254107109926, 0.2550573655187451, 0.19161910742395893, 0.2300274708435372, 0.24161014742053413, 0.3027974700783016]
MSEs:               [0.16774488877140886, 0.2241817029157211, 0.16358121341300727, 0.1840970886767494, 0.20197940245073315, 0.2340353598937146, 0.24669550966743378, 2.525459975650636, 0.1712279965955628, 0.17717729149578518, 0.16804611137116637, 0.17024362048370445, 0.8847838078924022, 0.1749748938648889, 0.15986795361392309, 0.16776488695313924, 0.1646103809226674, 0.14264758823014326, 0.16735753884835305, 0.8955382534745937, 0.28296199280821266, 0.13955914399156452, 0.16476324853762217, 0.1877664193797433, 0.22081504840560492, 0.1969725081451465]
Weights and Biases: [211, 164, 290, 148, 496, 187, 842, 382, 252, 128, 767, 422, 210, 79, 213, 262, 501, 355, 177, 376, 287, 603, 151, 203, 90, 430]
Increasing Epochs
Next Gen: [[12, 3, 0, 0, 0], [11, 9, 0, 0, 0], [15, 9, 12, 0, 0], [14, 6, 0, 0, 0], [7, 5, 4, 0, 0], [16, 3, 2, 5, 0], [14, 9, 0, 0, 0], [14, 9, 0, 0, 0], [16, 9, 9, 0, 0], [12, 10, 10, 19, 0], [16, 3, 0, 0, 0], [12, 9, 1, 5, 0], [12, 10, 0, 0, 0], [14, 20, 0, 0, 0], [18, 9, 7, 0, 0], [9, 10, 6, 0, 0], [15, 6, 0, 0, 0], [14, 10, 15, 0, 0], [16, 9, 1, 0, 0], [15, 3, 0, 0, 0], [16, 9, 9, 19, 0], [16, 9, 8, 0, 0], [11, 10, 8, 0, 0], [16, 13, 2, 5, 0], [20, 9, 8, 0, 0], [10, 10, 0, 0, 0]]
Gen 3 Train time: 13.145682859420777 minutes:
Average MSE:        0.2397884811321685
Average Error:      0.17356505925044197
Errors:             [0.16697071045160564, 0.21523920195610177, 0.2232382905062665, 0.173565059250442, 1.0122915156953498, 0.20192985444684458, 0.24198579386284463, 0.19407095301773308, 0.18404104550455438, 0.2802832196565023, 0.1717840630801499, 0.2015278338313596, 0.2419804524391745, 0.29255926485530376, 0.21784138947573622, 0.21345372248940528, 0.30227193770017724, 0.24693982723799016, 0.21996086447735852, 0.9381406857704064, 0.24656359126796118, 0.2771566700695839, 0.43088753861095797, 0.26944056590340754, 0.2606602523938814, 0.24754946127763877]
MSEs:               [0.15428760267024413, 0.18507293246319806, 0.16178038514223247, 0.15104117932075176, 0.9251647847794591, 0.1776686647852423, 0.200713601013786, 0.1609709363949047, 0.1362046870509861, 0.16915248576134104, 0.15497103691885356, 0.16849861075910524, 0.20272633130326817, 0.2035002556278179, 0.16089745341886913, 0.17476112696104934, 0.26068872424645634, 0.17005887362329672, 0.17776272257482156, 0.8514152139689196, 0.14939890404447007, 0.2073862387244622, 0.3355755524859243, 0.1960457070633259, 0.18590166374969316, 0.21285483458390378]
Weights and Biases: [79, 151, 322, 139, 90, 128, 187, 187, 301, 505, 103, 179, 177, 363, 303, 200, 148, 373, 213, 97, 501, 290, 250, 318, 338, 151]
Next Gen: [[12, 3, 0, 0, 0], [16, 3, 0, 0, 0], [9, 10, 6, 0, 0], [8, 3, 9, 0, 0], [16, 3, 5, 0, 0], [3, 3, 0, 0, 0], [16, 3, 2, 0, 0], [12, 3, 5, 0, 0], [9, 10, 6, 19, 0], [16, 9, 9, 3, 0], [12, 20, 0, 0, 0], [14, 10, 4, 0, 0], [16, 3, 14, 0, 0], [11, 9, 9, 0, 0], [12, 10, 10, 19, 0], [12, 10, 0, 0, 0], [16, 3, 16, 0, 0], [15, 9, 12, 0, 0], [12, 9, 13, 6, 0], [18, 9, 7, 5, 0], [2, 9, 7, 19, 0], [16, 19, 9, 0, 0], [9, 10, 6, 18, 0], [14, 20, 16, 0, 0], [12, 3, 2, 5, 2], [16, 3, 13, 6, 0]]
Gen 4 Train time: 13.513194437821706 minutes:
Average MSE:        0.4565371928940411
Average Error:      0.16823533745226282
Errors:             [0.3941186260645577, 0.24792815331514856, 0.2603357091610812, 1.1726264316211947, 0.16823533745226293, 1.6875167826242272, 0.23846636350150874, 0.26162771302942794, 0.2917234022103603, 0.2274820912438048, 0.2819218930311075, 0.2179371425639377, 0.19012591579541183, 0.2315376215726699, 0.34824134343491986, 0.2532218482228041, 0.1761283711343799, 0.33908564187918083, 1.2866474834440402, 0.3424815313451676, 1.5820103383308841, 0.2815248441040575, 0.2849098109264865, 0.3614546720225922, 3.111567549398673, 0.2569864004747156]
MSEs:               [0.3641813454510953, 0.22366267459105638, 0.21314485121454246, 1.0642241609684426, 0.1484671642068962, 1.64585184480757, 0.21362630854468168, 0.23649393212568331, 0.20639794984502235, 0.1643620333873507, 0.2053323852378138, 0.17126407856287354, 0.1604025458797556, 0.18195190110675621, 0.21016559235717697, 0.21214414544061508, 0.1471147817929365, 0.24573475103669584, 0.8851837622723588, 0.24352454375915417, 1.2016509516498404, 0.16064881348618779, 0.20319633462876072, 0.18039279091132357, 2.7790986107409976, 0.20174876123948388]
Weights and Biases: [79, 103, 200, 97, 125, 25, 110, 101, 346, 325, 317, 241, 170, 241, 505, 177, 180, 322, 374, 341, 275, 561, 338, 695, 113, 242]
Increasing Epochs
Next Gen: [[16, 3, 5, 0, 0], [16, 3, 16, 0, 0], [16, 3, 13, 6, 0], [16, 19, 9, 0, 0], [18, 3, 5, 0, 0], [16, 9, 7, 5, 0], [16, 3, 5, 7, 6], [8, 19, 9, 0, 0], [12, 10, 0, 0, 0], [16, 2, 5, 0, 0], [16, 19, 5, 0, 0], [16, 3, 9, 0, 0], [12, 10, 5, 0, 0], [16, 3, 0, 0, 0], [18, 9, 13, 3, 0], [16, 9, 6, 5, 0], [12, 10, 5, 1, 1], [16, 2, 0, 0, 0], [12, 20, 4, 0, 0], [14, 10, 0, 0, 0], [12, 20, 2, 0, 0], [20, 3, 0, 0, 0], [15, 9, 14, 2, 0], [16, 3, 12, 0, 0], [12, 10, 0, 0, 0], [16, 3, 3, 0, 0]]
Gen 5 Train time: 15.51101718743642 minutes:
Average MSE:        0.24652164984398456
Average Error:      0.25918365103902646
Errors:             [0.21702894721228805, 0.23065236077832624, 0.204876243913148, 0.27676210846416005, 0.17578282639420412, 0.25918365103902663, 0.27959713423801696, 0.510004651192221, 0.2019276140156586, 0.2259267266885402, 0.44025193691479547, 0.19833529532082403, 0.2974960342141642, 0.20936035935289687, 0.22993626553135132, 0.1969978831214439, 1.887824196763403, 0.21639608599497048, 0.2743117935024773, 0.1953986354520344, 0.39647022392628134, 0.1786236221300053, 0.2634100672288383, 0.20980611959328216, 0.2954001782223022, 0.1757031530106591]
MSEs:               [0.19152737368603986, 0.19265704614982154, 0.16083936091763223, 0.15793101487792324, 0.15327739088109552, 0.18877142427749063, 0.22528128135822842, 0.3470329893710456, 0.16917087295928074, 0.20381459417611852, 0.27323907565313343, 0.1715644519632153, 0.23708077231416586, 0.18886962735003157, 0.15397683424790415, 0.1456480336943425, 1.4984405699073946, 0.19876246328277455, 0.18665563440718214, 0.15949965452375048, 0.2819136845613724, 0.15731983873116637, 0.18340778532345564, 0.17878498169851753, 0.24748029765913432, 0.15661584197138317]
Weights and Biases: [125, 180, 242, 561, 137, 317, 216, 385, 177, 103, 477, 145, 227, 103, 401, 302, 231, 85, 385, 203, 341, 127, 362, 160, 177, 115]
Increasing Epochs
Next Gen: [[16, 3, 3, 0, 0], [18, 3, 5, 0, 0], [14, 10, 6, 0, 0], [12, 20, 2, 0, 0], [16, 3, 0, 0, 0], [14, 10, 12, 0, 0], [16, 3, 5, 0, 0], [16, 3, 3, 2, 0], [18, 3, 5, 7, 0], [16, 2, 0, 0, 0], [12, 3, 0, 0, 0], [16, 10, 5, 0, 0], [16, 3, 3, 14, 0], [16, 3, 12, 0, 0], [16, 3, 12, 4, 7], [16, 3, 1, 0, 0], [16, 3, 5, 7, 6], [18, 3, 19, 19, 0], [12, 20, 4, 0, 0], [14, 10, 0, 0, 0], [17, 10, 5, 0, 0], [20, 3, 0, 0, 0], [3, 10, 0, 0, 0], [12, 3, 3, 0, 0], [14, 10, 1, 0, 0], [18, 3, 5, 17, 0]]
Gen 6 Train time: 17.525737373034158 minutes:
Average MSE:        0.20773200904319372
Average Error:      0.23309099476573597
Errors:             [0.20699861257848287, 0.20945484202046832, 0.20810500449935493, 0.2383814413670123, 0.24881769436845494, 0.18623324549700332, 0.23309099476573583, 0.17266906274944513, 0.19576652392423474, 0.18436550370372348, 0.26857010831192013, 0.2193785877424031, 0.16443897169562396, 0.2448953864813661, 0.18299545542175344, 0.14698664841280515, 0.24150830523529782, 0.27153173100406724, 0.2228397138091166, 0.2883181140808646, 0.18998915874469266, 0.16945859894229012, 1.1838635556335317, 0.17428506275770195, 0.2106900570802718, 0.1938450683950176]
MSEs:               [0.1845115550881464, 0.18263838596105303, 0.15965939767165732, 0.16950324743509804, 0.22446515356926322, 0.1329535602440841, 0.20570208090112402, 0.1528377391835491, 0.16335450961134668, 0.1693419799717324, 0.24816950259275544, 0.1659686555380914, 0.13707654722205728, 0.208686082536576, 0.14366171274275796, 0.13233568405881407, 0.19459176722371516, 0.15096967751459447, 0.15163142503306162, 0.23534780313307654, 0.14187792592658388, 0.14924789419961187, 1.1149207092986033, 0.1591253490429719, 0.17163808959501117, 0.15081579982769988]
Weights and Biases: [115, 137, 265, 341, 103, 337, 125, 122, 181, 85, 79, 279, 182, 160, 242, 105, 216, 587, 385, 203, 292, 127, 60, 91, 205, 251]
Next Gen: [[16, 3, 1, 0, 0], [16, 3, 3, 14, 0], [16, 5, 7, 0, 0], [16, 3, 12, 4, 0], [8, 3, 1, 0, 0], [14, 10, 0, 0, 0], [17, 10, 5, 0, 0], [12, 20, 2, 0, 0], [16, 3, 12, 4, 7], [16, 2, 17, 0, 0], [17, 10, 5, 17, 0], [15, 3, 5, 0, 0], [16, 5, 3, 2, 0], [14, 3, 3, 15, 0], [14, 10, 13, 0, 0], [16, 3, 3, 2, 0], [17, 10, 3, 2, 0], [16, 3, 5, 0, 0], [16, 10, 5, 0, 0], [16, 1, 7, 0, 0], [18, 3, 5, 7, 0], [18, 3, 5, 0, 0], [14, 10, 12, 3, 0], [12, 3, 3, 0, 0], [16, 3, 19, 4, 7], [16, 3, 1, 16, 7]]
Gen 7 Train time: 17.937596023082733 minutes:
Average MSE:        0.22923942196940855
Average Error:      0.31278701178371215
Errors:             [0.21882949358451964, 0.1934566123284601, 0.25220616575732396, 0.5290983539003004, 0.33725646413529187, 0.22361485573879183, 0.235197365933876, 0.3127870117837122, 0.27753247542703263, 0.22958267207288313, 0.2893236278327319, 0.16669622641093307, 0.2225275043947085, 0.3485416124375444, 0.3035574943946952, 0.1584162557550172, 0.20339336492495994, 0.254329661654627, 0.1887700972289545, 0.1740999401160085, 0.1951945060759758, 0.19065362683832124, 0.2623807528323751, 0.1855315487110597, 0.24090771294906432, 1.2067388360630273]
MSEs:               [0.19701755933927692, 0.16126569134929158, 0.21002926352324974, 0.43145979826283226, 0.31857045587772026, 0.18253194119910246, 0.17563799262323052, 0.22240999110007179, 0.21787858430524326, 0.1974061322338996, 0.1927792749012031, 0.14799421016520659, 0.18924655888076788, 0.29258570359091673, 0.21412737118797817, 0.14022189032584836, 0.15449193004592265, 0.22444513864559648, 0.1428121110874883, 0.1595934274554484, 0.16287719769295433, 0.16624428610711778, 0.18177991623627807, 0.16939358990376735, 0.1788261180776627, 0.9285988370865486]
Weights and Biases: [105, 182, 183, 204, 57, 203, 292, 341, 242, 151, 406, 119, 162, 175, 349, 122, 275, 125, 279, 87, 181, 137, 367, 91, 298, 262]
Result:  [16, 3, 3, 2]
Fold 0
Fold 0 Train time: 20.396491491794585 minutes, MSE: 0.008614990495548298
Fold 1
Fold 1 Train time: 20.426178304354348 minutes, MSE: 0.008367293283967353
Fold 2
Fold 2 Train time: 20.366535397370658 minutes, MSE: 0.010790499044529028
Fold 3
Fold 3 Train time: 20.322081553936005 minutes, MSE: 0.006958787326857588
Fold 4
Fold 4 Train time: 20.41785818338394 minutes, MSE: 0.00961102092142325
MSE after 10-Fold CV: [0.008868518214465103, 122]
Total Time: 213.01520988941192 minutes
~/workspace/SolarCellResearch
