/tmp/tmp.C4Ambju5Ry ~/workspace/SolarCellResearch
Using TensorFlow backend.
Genetically searching for best layer structure...
  Training on:     datasets/N7dataset10k.mat
  Evaluating with: datasets/N7dataset100k.mat
Gen 0: [[1, 9, 12, 6, 18], [13, 5, 0, 0, 0], [11, 19, 5, 5, 16], [13, 1, 1, 9, 3], [19, 19, 10, 0, 0], [16, 19, 4, 6, 0], [15, 1, 7, 12, 0], [12, 20, 8, 13, 0], [5, 6, 11, 1, 13], [13, 13, 5, 0, 0], [17, 0, 0, 0, 0], [12, 0, 0, 0, 0], [20, 20, 2, 5, 15], [20, 9, 6, 0, 0], [11, 0, 0, 0, 0], [12, 17, 4, 16, 16], [6, 1, 6, 2, 1], [19, 15, 7, 12, 2], [17, 0, 0, 0, 0], [2, 4, 0, 0, 0], [4, 17, 19, 2, 0], [14, 5, 6, 17, 4], [19, 0, 0, 0, 0], [15, 1, 0, 0, 0], [4, 0, 0, 0, 0]]
Gen 0 Train time: 10.930954762299855 minutes:
Average MSE:        0.9234102026648862
Average Error:      5.115988421478691
Errors:             [5.115988421478693, 0.2094976697205082, 0.3447972958121746, 2.6485168540281774, 0.26742205474246045, 0.2907337611503011, 0.27363233413430116, 0.292261173124474, 2.3569032055957915, 0.31594525900184156, 0.3509511893945598, 0.45912778455845926, 0.4830102249087168, 0.2159048608770891, 0.3584795104795007, 0.43431086196669383, 3.743785662079883, 1.6164925170169386, 0.2533226757154299, 1.0513938814727986, 4.153881698024229, 2.168384667054582, 0.25560958002644973, 0.2528968014514472, 1.876347060204001]
MSEs:               [3.5550553064922257, 0.18673913001623635, 0.20829528158346383, 2.379760388691835, 0.1398860467989806, 0.17846775457265646, 0.2276445358509883, 0.16120032255207692, 1.9686510388139014, 0.23476123293546064, 0.3275521084671208, 0.43717281257684554, 0.25392471438181646, 0.1574074791595679, 0.34270550930716503, 0.21610416774478852, 3.5398958598818675, 0.8924888030994179, 0.2364328119140091, 1.0274877960321336, 2.5652174375329424, 1.5295636479230044, 0.2366663166311073, 0.23745580123969293, 1.8447187624228423]
Weights and Biases: [364, 115, 504, 107, 648, 488, 184, 595, 180, 297, 69, 49, 643, 316, 45, 698, 56, 594, 69, 23, 482, 349, 77, 63, 17]
Next Gen: [[13, 5, 0, 0, 0], [20, 9, 6, 0, 0], [13, 5, 19, 17, 0], [17, 20, 19, 0, 0], [12, 17, 0, 0, 0], [19, 4, 16, 16, 0], [13, 13, 5, 0, 0], [13, 13, 5, 0, 0], [13, 8, 0, 0, 0], [11, 0, 0, 0, 0], [11, 19, 5, 5, 0], [12, 20, 20, 13, 16], [19, 19, 10, 0, 0], [17, 0, 0, 0, 0], [20, 20, 2, 5, 15], [12, 20, 8, 13, 0], [19, 5, 0, 0, 0], [13, 0, 0, 0, 0], [15, 1, 7, 17, 16], [11, 19, 11, 5, 0], [13, 1, 0, 0, 0], [15, 5, 0, 0, 0], [5, 13, 10, 3, 0], [13, 13, 5, 20, 0], [17, 6, 0, 0, 0], [20, 6, 6, 0, 0]]
Gen 1 Train time: 11.372953768571218 minutes:
Average MSE:        0.2778651990886234
Average Error:      0.26966474629100473
Errors:             [0.17991274851306097, 0.26966474629100473, 0.42887956082176, 0.560605869851603, 0.24422634415935965, 0.46619468765869165, 0.31015883799809146, 0.3149656501512406, 0.221533045364769, 0.429052386462809, 0.3111018656031053, 0.7229289103556068, 0.3432484651976668, 0.20903035077292634, 0.30679755688242477, 0.29241449563839195, 0.2152746135426881, 0.24201839862560082, 0.380121766186706, 1.5138369471915083, 0.25470748963388756, 0.24718936022439358, 1.421476718006301, 0.4699265997229077, 0.18453927119132238, 0.2728271011125361]
MSEs:               [0.16036813288176666, 0.19660163166051167, 0.23988895661630433, 0.24445178945645513, 0.1855075227805967, 0.28106988277191813, 0.23046166745561875, 0.23403334044456484, 0.18877800865835784, 0.4101730010329274, 0.20916436968276572, 0.21130675468785526, 0.1795501530812795, 0.19509360332247735, 0.16128743862333686, 0.1612848895112588, 0.18289541475522403, 0.2295254119094931, 0.22689597186621388, 0.8760320977170164, 0.24107685601099055, 0.21683890042918846, 1.0851261782032597, 0.30508075489387965, 0.15631329472266597, 0.2156891531282826]
Weights and Biases: [115, 316, 581, 830, 275, 506, 297, 297, 160, 45, 397, 1230, 648, 69, 643, 595, 163, 53, 516, 547, 55, 131, 270, 432, 166, 235]
Next Gen: [[13, 5, 0, 0, 0], [17, 6, 0, 0, 0], [17, 6, 9, 0, 0], [20, 9, 6, 0, 0], [17, 15, 0, 0, 0], [14, 5, 0, 0, 0], [20, 6, 6, 0, 0], [13, 13, 5, 20, 0], [17, 6, 2, 0, 0], [17, 4, 6, 0, 0], [2, 4, 16, 16, 0], [20, 9, 6, 15, 0], [11, 19, 6, 0, 0], [20, 9, 5, 5, 0], [17, 5, 0, 0, 0], [13, 0, 0, 0, 0], [6, 19, 17, 10, 0], [13, 5, 20, 0, 0], [17, 20, 0, 0, 0], [19, 5, 20, 0, 0], [12, 20, 9, 13, 0], [13, 5, 4, 0, 0], [19, 2, 0, 0, 0], [12, 17, 19, 0, 0], [19, 5, 0, 0, 0], [11, 0, 0, 0, 0]]
Gen 2 Train time: 11.146233208974202 minutes:
Average MSE:        0.30478231756795987
Average Error:      0.18633953813865742
Errors:             [0.19727974759510403, 0.24493641148648584, 0.18633953813865736, 0.18624260740560625, 0.31371656919840935, 0.2308811495721041, 0.20778479241086975, 0.3381806275415146, 0.17505279266138882, 0.18034201708037403, 3.6249427924424973, 0.2206651899915337, 0.5938243398661516, 0.3037060935134702, 0.1781836248268535, 0.3437311961904544, 0.7149045494646925, 0.21096415009325317, 0.26427194162651546, 0.249861686395342, 0.5006823696351195, 0.22182374674936722, 0.21931240228216817, 0.3212521575289903, 0.2014432439799067, 0.579910041994044]
MSEs:               [0.17584848788476087, 0.20747246496549304, 0.1477572143858063, 0.1357819329529159, 0.2239650319746978, 0.20415981093688146, 0.16426859987619175, 0.2195500344132187, 0.14680241995921683, 0.15367732974467913, 2.4616663699661956, 0.14354471297834123, 0.40285776189585565, 0.2172525357475374, 0.15382485018723158, 0.3259877961336584, 0.36145915097583914, 0.16429904529261896, 0.17156782249872377, 0.18547266456290062, 0.2669261176754625, 0.1932303755915251, 0.19844206782426072, 0.1729887134559319, 0.1711444050509792, 0.5543925398360332]
Weights and Biases: [115, 166, 232, 316, 337, 123, 235, 432, 176, 160, 387, 430, 388, 335, 147, 53, 682, 250, 432, 298, 629, 138, 100, 619, 163, 45]
Next Gen: [[17, 6, 2, 0, 0], [17, 5, 0, 0, 0], [20, 9, 5, 10, 0], [13, 5, 4, 5, 0], [19, 2, 0, 0, 0], [17, 4, 6, 0, 0], [17, 13, 17, 0, 0], [19, 2, 0, 0, 0], [13, 20, 0, 0, 0], [17, 5, 20, 0, 0], [17, 17, 19, 0, 0], [16, 4, 6, 8, 0], [17, 6, 20, 0, 0], [13, 13, 5, 0, 0], [17, 10, 0, 0, 0], [17, 6, 0, 0, 0], [12, 20, 15, 0, 0], [16, 5, 9, 13, 0], [17, 6, 9, 0, 0], [3, 4, 6, 0, 0], [17, 4, 2, 0, 0], [17, 6, 6, 0, 0], [17, 9, 6, 0, 0], [20, 4, 6, 0, 0], [19, 2, 6, 0, 0], [6, 6, 0, 0, 0]]
Gen 3 Train time: 11.156056773662566 minutes:
Average MSE:        0.3138794517145947
Average Error:      0.323927209990136
Errors:             [0.2404035959133662, 0.1973675139022451, 0.22523774460548524, 0.3239272099901361, 0.24382018264846417, 0.1810928957041815, 0.25798355466719025, 0.264336891758122, 0.26665880358454647, 0.22006597482338533, 0.39982443235996207, 0.23265410666937664, 0.25554769392907845, 0.2442027752780621, 0.23221940070949498, 0.21660447473223335, 0.3445613511893564, 0.3866860668330732, 0.2128983719853263, 1.989053954536687, 0.22194346235768256, 0.3670736259435551, 0.3297527155872448, 0.17749426893437997, 0.16806830007530493, 1.6940083658358807]
MSEs:               [0.20160677879184802, 0.1703861860894399, 0.15557944275433727, 0.27493063514904237, 0.22061762453269237, 0.15431718630022415, 0.1501892013025937, 0.23918191063006997, 0.18979982269486398, 0.16598997367040083, 0.194810157223732, 0.1883972621342914, 0.18556571187300258, 0.1814534099725324, 0.18230527507437272, 0.18347400463051122, 0.18406190886296608, 0.2777199319954806, 0.16881693872406878, 1.8694777727731726, 0.19372171594794063, 0.2981397819827216, 0.2492217411417136, 0.1481074939647063, 0.14876538160866612, 1.5842284947540701]
Weights and Biases: [176, 147, 370, 164, 100, 160, 541, 100, 340, 282, 719, 211, 320, 297, 242, 166, 627, 331, 232, 62, 136, 208, 280, 181, 122, 67]
Next Gen: [[19, 2, 6, 0, 0], [20, 4, 6, 0, 0], [17, 9, 6, 17, 0], [17, 10, 0, 0, 0], [17, 4, 19, 0, 0], [17, 17, 6, 13, 0], [15, 2, 6, 0, 0], [19, 2, 0, 0, 0], [16, 4, 9, 0, 0], [17, 6, 6, 8, 0], [17, 20, 15, 0, 0], [12, 19, 6, 0, 0], [17, 6, 20, 20, 0], [13, 20, 9, 0, 0], [13, 2, 0, 0, 0], [8, 3, 17, 15, 0], [19, 17, 19, 0, 0], [17, 2, 6, 0, 0], [17, 6, 5, 0, 0], [5, 13, 2, 0, 0], [17, 6, 9, 0, 0], [17, 6, 0, 0, 0], [17, 10, 12, 0, 0], [17, 10, 2, 0, 0], [17, 4, 6, 0, 0], [19, 2, 12, 2, 0]]
Gen 4 Train time: 11.360387976964315 minutes:
Average MSE:        0.2751903805218586
Average Error:      0.23054612711465783
Errors:             [0.1828168319757776, 0.19211033503112251, 0.23021306614129938, 0.36431449345034034, 0.23054612711465783, 0.3482164911614109, 0.21724803335888043, 0.16928984964494093, 0.18159815307585267, 0.300432098691394, 0.33541726667523836, 0.32951319004393753, 0.39755209620269544, 0.27824776267547296, 0.25813712734210364, 1.324806039970609, 0.35969370624734837, 0.23568169689191557, 0.24800773273014937, 2.0674141513963735, 0.17005166815784725, 0.2666652119946232, 0.20257173738390172, 0.25404980591772897, 0.1860381495216583, 0.1894585380447422]
MSEs:               [0.16182002055817846, 0.16030365632086302, 0.15278095892932236, 0.2860073436548552, 0.18171707781301977, 0.19692528392647035, 0.19618139416501498, 0.15317979045242414, 0.15305484111493023, 0.23026291559433204, 0.15971250079713356, 0.21868151099587568, 0.189677637242863, 0.16575519143067774, 0.24068546222205217, 0.8836149075456412, 0.16838497122544627, 0.21070986770415692, 0.20305155778731804, 1.8263119840992759, 0.13484181102759962, 0.22587776360936349, 0.13908622749621924, 0.19667061692443927, 0.15853125362564846, 0.16112334730520209]
Weights and Biases: [122, 181, 410, 242, 238, 570, 102, 100, 171, 266, 742, 410, 740, 518, 70, 405, 759, 112, 200, 124, 232, 166, 376, 256, 160, 162]
Increasing Epochs
Next Gen: [[19, 2, 0, 0, 0], [17, 6, 9, 0, 0], [17, 20, 15, 0, 0], [10, 10, 12, 0, 0], [15, 2, 6, 0, 0], [17, 4, 19, 0, 0], [17, 11, 19, 0, 0], [17, 6, 0, 0, 0], [17, 7, 9, 0, 0], [17, 4, 6, 0, 0], [15, 2, 6, 2, 0], [20, 20, 15, 3, 0], [17, 6, 7, 15, 0], [19, 2, 12, 2, 0], [17, 2, 6, 0, 0], [17, 10, 2, 0, 0], [19, 2, 6, 13, 0], [17, 17, 6, 1, 0], [19, 6, 5, 0, 0], [17, 2, 16, 0, 0], [20, 4, 6, 0, 0], [20, 4, 6, 0, 0], [20, 4, 7, 14, 0], [19, 10, 0, 0, 0], [17, 17, 6, 13, 0], [15, 2, 17, 14, 0]]
Gen 5 Train time: 13.56947633822759 minutes:
Average MSE:        0.20174151184439745
Average Error:      0.25316643793105453
Errors:             [0.2972158312123862, 0.2504595800532127, 0.34820122440392953, 0.2991612664324977, 0.2244611862623056, 0.2531664379310547, 0.2662062458814764, 0.2133657318333767, 0.3227856933512655, 0.2812909563136035, 0.2582514619133321, 0.4972969491163964, 0.3684322672847198, 0.2473328224035854, 0.21782654034588675, 0.2561823927065409, 0.24587959708255133, 0.33858367977411835, 0.22256379146744873, 0.2087868657728638, 0.21944086538920696, 0.18826267406041436, 0.2768627495080027, 0.2537503169556068, 0.28740854582777436, 0.263355240308706]
MSEs:               [0.2689320053136271, 0.19860095304821507, 0.165799718307349, 0.2249735366974769, 0.20269508439751407, 0.1995464676718813, 0.16194736399116783, 0.18073063965452704, 0.24913342963763158, 0.23970034131500312, 0.23088823651468676, 0.21319075553172856, 0.26119229230500723, 0.21034202340724067, 0.19474656752740993, 0.19832154185975048, 0.19732299869418762, 0.21077079626044387, 0.1789692071127463, 0.17934547087155997, 0.18310921722355739, 0.15709303195863036, 0.2038780241635192, 0.19409559189666165, 0.1625368439652481, 0.17741716862756401]
Weights and Biases: [100, 232, 742, 285, 102, 238, 497, 166, 259, 160, 112, 847, 344, 162, 112, 256, 220, 474, 218, 152, 181, 181, 306, 268, 570, 395]
Increasing Epochs
Next Gen: [[20, 4, 6, 0, 0], [17, 2, 16, 0, 0], [17, 17, 6, 1, 0], [19, 2, 0, 0, 0], [20, 10, 6, 0, 0], [17, 2, 6, 0, 0], [12, 4, 6, 0, 0], [3, 4, 6, 0, 0], [8, 2, 6, 0, 0], [15, 2, 6, 0, 0], [17, 7, 16, 0, 0], [17, 6, 17, 0, 0], [17, 2, 6, 11, 0], [15, 20, 15, 0, 0], [10, 10, 12, 0, 0], [6, 5, 6, 1, 0], [17, 4, 6, 0, 0], [20, 2, 16, 0, 0], [17, 7, 9, 6, 0], [17, 17, 6, 13, 0], [15, 4, 6, 0, 0], [20, 2, 6, 2, 15], [20, 4, 6, 0, 0], [20, 4, 6, 10, 0], [19, 2, 12, 0, 0], [15, 2, 6, 2, 0]]
Gen 6 Train time: 15.571577322483062 minutes:
Average MSE:        0.278585680057841
Average Error:      0.20644045788362056
Errors:             [0.18470663744728205, 0.2009797283308494, 0.29730586404868203, 0.19745917639628152, 0.1927502385915846, 0.16861128417439364, 0.20644045788362061, 0.5582213824616934, 0.3969643032604715, 0.1980712985226747, 0.4210567011813344, 0.21464482584014669, 0.20918512235971867, 0.46766794968079356, 0.326849170211795, 2.05058055161061, 0.16496590031887245, 0.23152621459864298, 0.19542940243525633, 0.33325514956725455, 0.42995492837556154, 0.22503736698838642, 0.22786346030721125, 0.25666597629252463, 0.1739635389882547, 0.3014593607803899]
MSEs:               [0.15412574927181596, 0.17263923130273437, 0.18507505660120724, 0.17866845133791845, 0.1367829345919356, 0.1507459503658775, 0.18218306465044082, 0.5246627244166089, 0.3712391115111899, 0.1788642359034032, 0.30513902937239173, 0.15965012294948208, 0.17229697948697167, 0.23316783936512656, 0.24579523501173198, 1.85915660917687, 0.1405746673479463, 0.19591739280774215, 0.14247965268603527, 0.18846426465790145, 0.37154886337794285, 0.18516854491571566, 0.19013732823511162, 0.19889469949436503, 0.15033193228996225, 0.269518010375436]
Weights and Biases: [181, 152, 474, 100, 343, 112, 125, 62, 67, 102, 322, 296, 194, 696, 285, 98, 160, 167, 316, 570, 146, 195, 181, 255, 146, 112]
Next Gen: [[17, 4, 6, 0, 0], [17, 2, 6, 0, 0], [17, 7, 9, 11, 0], [20, 15, 6, 6, 0], [13, 2, 6, 0, 0], [7, 4, 6, 0, 0], [17, 2, 6, 11, 0], [20, 4, 6, 10, 0], [17, 18, 9, 0, 0], [8, 4, 6, 6, 0], [17, 2, 17, 0, 0], [17, 19, 6, 13, 0], [17, 4, 6, 9, 0], [17, 17, 6, 1, 0], [12, 17, 6, 11, 0], [17, 2, 6, 13, 0], [12, 4, 6, 0, 0], [20, 4, 6, 0, 0], [19, 2, 16, 0, 0], [17, 4, 6, 19, 0], [19, 2, 0, 0, 0], [15, 4, 2, 0, 0], [17, 2, 6, 10, 0], [15, 6, 17, 0, 0], [17, 5, 6, 12, 0], [8, 10, 6, 11, 0]]
Gen 7 Train time: 15.83122148513794 minutes:
Average MSE:        0.19311255209444303
Average Error:      0.21031215564300962
Errors:             [0.23547678024952173, 0.2056242113364624, 0.20048322866272578, 0.3131055745427077, 0.17686400128696794, 0.29740042455700355, 0.25882946266304313, 0.2103121556430096, 0.31525222114206225, 0.24686339195541432, 0.18645783034622265, 0.26059458892191184, 0.21741262750995693, 0.3192444092526116, 0.2771427840030526, 0.31161631447288274, 0.33352295520163966, 0.15498845990991833, 0.19869383906209973, 0.2183563176362233, 0.293770209344698, 0.24367401732878952, 0.22069501786387677, 0.2414394943422546, 0.20137893722025121, 0.3299718719293157]
MSEs:               [0.20066007573539135, 0.18383714534840406, 0.13834223732285927, 0.18614769774965312, 0.16131856634299296, 0.27180352251554873, 0.21318693278000395, 0.1629743591295268, 0.18079666834140667, 0.2148274428798768, 0.15952571036935098, 0.1404660609547954, 0.1734339884953892, 0.19873196010143745, 0.1760085967640445, 0.2525912752990104, 0.2943329749063078, 0.1293278511386407, 0.16897742782669528, 0.1607946705810209, 0.26581427771933985, 0.21568765888505892, 0.1832372458764428, 0.1828413616534178, 0.1531148652505045, 0.25214578048839786]
Weights and Biases: [160, 112, 371, 520, 92, 90, 194, 255, 556, 139, 156, 618, 226, 474, 454, 210, 125, 181, 162, 306, 100, 122, 186, 278, 274, 269]
Next Gen: [[20, 4, 6, 0, 0], [13, 2, 6, 0, 0], [17, 2, 0, 0, 0], [19, 4, 6, 9, 0], [17, 2, 6, 4, 0], [17, 7, 9, 11, 0], [17, 2, 17, 0, 0], [12, 19, 6, 11, 0], [15, 6, 20, 0, 0], [8, 4, 10, 6, 0], [20, 4, 6, 15, 0], [15, 4, 2, 0, 0], [8, 10, 6, 11, 0], [13, 2, 7, 0, 0], [19, 2, 0, 0, 0], [17, 2, 6, 10, 0], [17, 2, 17, 0, 0], [15, 6, 6, 11, 0], [17, 2, 6, 0, 0], [13, 5, 6, 12, 0], [17, 4, 6, 19, 0], [9, 2, 6, 0, 0], [17, 4, 6, 0, 0], [20, 2, 6, 0, 0], [13, 4, 6, 18, 0], [17, 4, 6, 0, 0]]
Gen 8 Train time: 15.642811993757883 minutes:
Average MSE:        0.1971550442065235
Average Error:      0.24353308536493218
Errors:             [0.193754156285197, 0.20684740856919168, 0.18854168896359919, 0.24114193057798777, 0.1849963656879096, 0.21321875526655548, 0.18385993757885602, 0.32830216813420743, 0.2435330853649321, 0.3074735422578574, 0.19640453390772186, 0.17057463803209993, 0.31379603068649864, 0.23367539594868503, 0.36337925669497956, 0.2142283895713054, 0.181309944059133, 0.24832033685011476, 0.20417284540359507, 0.24459474701358044, 0.4319856523717671, 0.3951100960200157, 0.17222986227905443, 0.15257392597825278, 0.26095918313175176, 0.1998847762823884]
MSEs:               [0.16167531889863843, 0.188666586526017, 0.17231412926754144, 0.18968896106402183, 0.16115009212846534, 0.14713031029839274, 0.15730305933663205, 0.20072472230516364, 0.18005328007028606, 0.2560541747240264, 0.14622937941581818, 0.1509838625620394, 0.2397851204982632, 0.21228568865998748, 0.32879914839571145, 0.1778681751565577, 0.1551213889454465, 0.18918390674452373, 0.18253955997059237, 0.19202061713973823, 0.31810845420358363, 0.3676621515935567, 0.14676460741560218, 0.13437699416939336, 0.19921088926167493, 0.17033057061793794]
Weights and Biases: [181, 92, 90, 240, 138, 371, 156, 492, 302, 183, 295, 122, 269, 96, 100, 186, 156, 272, 112, 242, 306, 72, 160, 127, 270, 160]
Next Gen: [[20, 2, 6, 0, 0], [15, 4, 2, 0, 0], [17, 2, 7, 10, 0], [8, 4, 10, 6, 0], [15, 5, 6, 12, 0], [13, 4, 2, 0, 0], [13, 2, 6, 0, 0], [12, 4, 6, 0, 0], [17, 2, 6, 4, 0], [17, 2, 6, 11, 0], [17, 4, 6, 0, 0], [20, 4, 6, 0, 0], [15, 6, 20, 0, 0], [17, 14, 6, 0, 0], [17, 2, 6, 15, 0], [20, 4, 6, 11, 0], [17, 2, 4, 0, 0], [17, 2, 6, 0, 0], [17, 7, 6, 2, 0], [17, 4, 14, 11, 0], [17, 2, 17, 0, 0], [19, 4, 10, 15, 0], [8, 4, 2, 0, 0], [15, 4, 1, 6, 0], [17, 17, 6, 0, 0], [16, 4, 6, 0, 0]]
Gen 9 Train time: 15.648249554634095 minutes:
Average MSE:        0.1992292654216667
Average Error:      0.20960871105905424
Errors:             [0.17912170241119896, 0.20806098977460288, 0.32570293085243973, 0.4172301752529524, 0.24046339257854615, 0.21141223685880606, 0.1771435310837531, 0.3318826544666719, 0.2252335608372968, 0.2096087110590542, 0.23369405843136082, 0.2700719040231058, 0.2380216484346324, 0.2495622333676282, 0.2720485750755558, 0.20724082388402026, 0.23493438572652622, 0.1816839435554668, 0.23584489745701917, 0.33264234935749876, 0.22524267670110606, 0.3072643814222189, 0.23342270548840258, 0.1894547715508389, 0.21477978742955778, 0.19743673171464157]
MSEs:               [0.1577585148064703, 0.1841648456480315, 0.26692980223833823, 0.34745600356326445, 0.18578087060244122, 0.18976945802755185, 0.16157352691009202, 0.2928854145883915, 0.19620066018261692, 0.17264587166733825, 0.199140940410591, 0.22535754610717515, 0.1759784649554776, 0.16728656775974549, 0.21701807287012403, 0.15931470415292978, 0.21172881165085666, 0.16243348641578415, 0.18515149369271067, 0.229767490525089, 0.19270844211539936, 0.21266295770327726, 0.2169899407688852, 0.16586103902620136, 0.1339696469129147, 0.16942632766163618]
Weights and Biases: [127, 122, 199, 183, 258, 108, 92, 125, 138, 194, 160, 181, 302, 400, 226, 263, 104, 112, 242, 370, 156, 368, 73, 133, 472, 153]
Increasing Epochs
Next Gen: [[13, 2, 6, 0, 0], [20, 2, 6, 0, 0], [15, 4, 4, 0, 0], [17, 2, 2, 0, 0], [10, 2, 6, 0, 0], [17, 2, 17, 0, 0], [13, 2, 9, 0, 0], [15, 5, 6, 12, 0], [17, 2, 6, 0, 0], [17, 2, 17, 7, 0], [11, 2, 6, 0, 0], [8, 2, 17, 0, 0], [17, 4, 2, 0, 0], [8, 14, 6, 0, 0], [8, 4, 2, 0, 0], [19, 2, 6, 0, 0], [14, 2, 6, 0, 0], [13, 10, 6, 0, 0], [15, 4, 6, 0, 0], [20, 4, 1, 17, 0], [13, 2, 6, 4, 0], [15, 4, 19, 0, 0], [17, 4, 6, 0, 0], [15, 10, 6, 12, 0], [15, 4, 2, 0, 0], [11, 4, 14, 11, 0]]
Gen 10 Train time: 17.431827064355215 minutes:
Average MSE:        0.24224010421687808
Average Error:      0.2871279334713011
Errors:             [0.20850663294899996, 0.17124556938845636, 0.22049625445166954, 0.16945458269785033, 0.2439676703578599, 0.21832197242979953, 0.27932033987941907, 0.26295672117263263, 0.15860968229538097, 0.22841561862972798, 0.2871279334713011, 1.0353002171578483, 0.2024825777454668, 0.6808845103710897, 0.45865424859383663, 0.17029785027593342, 0.19385246790723248, 0.20906639250332493, 0.23987992234909827, 0.1908228532046448, 0.20260610195746362, 0.2042263726976451, 0.19938766633087338, 0.32769531764392534, 0.19860084166217817, 0.46186464053369963]
MSEs:               [0.1901799736270909, 0.15082173924348646, 0.19284383342567882, 0.15394339073893581, 0.2258871905923566, 0.1867873699722431, 0.25173055638362146, 0.20315910902844686, 0.14180407564014144, 0.17401941235252955, 0.2645229136655405, 0.9265302811091989, 0.176735426192455, 0.5318665986460447, 0.42636537018768683, 0.1507388643312471, 0.17593197155296633, 0.16249575348026626, 0.20729408273730723, 0.15607638386065617, 0.1800552430452326, 0.16324123053458622, 0.1699069614603211, 0.22680355970030694, 0.17579121098052558, 0.33271020714995936]
Weights and Biases: [92, 127, 134, 96, 77, 156, 104, 258, 112, 272, 82, 111, 136, 247, 73, 122, 97, 252, 146, 201, 118, 224, 160, 368, 122, 328]
Result:  [17, 2, 6]
Fold 0
Fold 0 Train time: 19.323598790168763 minutes, MSE: 0.013068544506998162
Fold 1
Fold 1 Train time: 19.30491977930069 minutes, MSE: 0.011394823361037235
Fold 2
Fold 2 Train time: 19.29754464228948 minutes, MSE: 0.019420325023561183
Fold 3
Fold 3 Train time: 19.37675309975942 minutes, MSE: 0.025682475282550295
Fold 4
Fold 4 Train time: 19.36551778713862 minutes, MSE: 0.014589584622475673
MSE after 10-Fold CV: [0.01683115055932451, 112]
Total Time: 246.33569459915162 minutes
~/workspace/SolarCellResearch
